[2.495s] Invoking command in '/home/mihkel/School/ThesisPractical/ros2_ws/src/robot_ros2': PYTHONPATH=/home/mihkel/School/ThesisPractical/ros2_ws/build/hospital_carrier/prefix_override:/home/mihkel/School/ThesisPractical/ros2_ws/install/hospital_carrier/lib/python3.10/site-packages:${PYTHONPATH} /usr/bin/python3 setup.py egg_info --egg-base ../../build/hospital_carrier build --build-base /home/mihkel/School/ThesisPractical/ros2_ws/build/hospital_carrier/build install --record /home/mihkel/School/ThesisPractical/ros2_ws/build/hospital_carrier/install.log --single-version-externally-managed
[3.380s] running egg_info
[3.382s] writing ../../build/hospital_carrier/hospital_carrier.egg-info/PKG-INFO
[3.382s] writing dependency_links to ../../build/hospital_carrier/hospital_carrier.egg-info/dependency_links.txt
[3.383s] writing entry points to ../../build/hospital_carrier/hospital_carrier.egg-info/entry_points.txt
[3.384s] writing requirements to ../../build/hospital_carrier/hospital_carrier.egg-info/requires.txt
[3.384s] writing top-level names to ../../build/hospital_carrier/hospital_carrier.egg-info/top_level.txt
[3.390s] reading manifest file '../../build/hospital_carrier/hospital_carrier.egg-info/SOURCES.txt'
[3.395s] writing manifest file '../../build/hospital_carrier/hospital_carrier.egg-info/SOURCES.txt'
[3.395s] running build
[3.395s] running build_py
[3.401s] running install
[3.402s] running install_lib
[3.409s] running install_data
[3.411s] copying launch/mapping.launch -> /home/mihkel/School/ThesisPractical/ros2_ws/install/hospital_carrier/share/hospital_carrier/launch
[3.412s] running install_egg_info
[3.417s] removing '/home/mihkel/School/ThesisPractical/ros2_ws/install/hospital_carrier/lib/python3.10/site-packages/hospital_carrier-0.0.0-py3.10.egg-info' (and everything under it)
[3.418s] Copying ../../build/hospital_carrier/hospital_carrier.egg-info to /home/mihkel/School/ThesisPractical/ros2_ws/install/hospital_carrier/lib/python3.10/site-packages/hospital_carrier-0.0.0-py3.10.egg-info
[3.421s] running install_scripts
[3.483s] Installing CoordinateNavigator script to /home/mihkel/School/ThesisPractical/ros2_ws/install/hospital_carrier/lib/hospital_carrier
[3.484s] Installing DebugDisplay script to /home/mihkel/School/ThesisPractical/ros2_ws/install/hospital_carrier/lib/hospital_carrier
[3.484s] Installing EncoderSim script to /home/mihkel/School/ThesisPractical/ros2_ws/install/hospital_carrier/lib/hospital_carrier
[3.485s] Installing Follower script to /home/mihkel/School/ThesisPractical/ros2_ws/install/hospital_carrier/lib/hospital_carrier
[3.485s] Installing Localizer script to /home/mihkel/School/ThesisPractical/ros2_ws/install/hospital_carrier/lib/hospital_carrier
[3.486s] Installing MqttListener script to /home/mihkel/School/ThesisPractical/ros2_ws/install/hospital_carrier/lib/hospital_carrier
[3.486s] Installing MqttOdomAndStatus script to /home/mihkel/School/ThesisPractical/ros2_ws/install/hospital_carrier/lib/hospital_carrier
[3.486s] Installing MqttRemoteControl script to /home/mihkel/School/ThesisPractical/ros2_ws/install/hospital_carrier/lib/hospital_carrier
[3.487s] Installing MqttVideoStreamer script to /home/mihkel/School/ThesisPractical/ros2_ws/install/hospital_carrier/lib/hospital_carrier
[3.487s] Installing OdomCalculator script to /home/mihkel/School/ThesisPractical/ros2_ws/install/hospital_carrier/lib/hospital_carrier
[3.487s] Installing Odrives script to /home/mihkel/School/ThesisPractical/ros2_ws/install/hospital_carrier/lib/hospital_carrier
[3.488s] Installing OperationModeControl script to /home/mihkel/School/ThesisPractical/ros2_ws/install/hospital_carrier/lib/hospital_carrier
[3.488s] Installing PS4Controller script to /home/mihkel/School/ThesisPractical/ros2_ws/install/hospital_carrier/lib/hospital_carrier
[3.488s] Installing PointcloudToPly script to /home/mihkel/School/ThesisPractical/ros2_ws/install/hospital_carrier/lib/hospital_carrier
[3.488s] Installing ReadAruco script to /home/mihkel/School/ThesisPractical/ros2_ws/install/hospital_carrier/lib/hospital_carrier
[3.490s] writing list of installed files to '/home/mihkel/School/ThesisPractical/ros2_ws/build/hospital_carrier/install.log'
[3.562s] Invoked command in '/home/mihkel/School/ThesisPractical/ros2_ws/src/robot_ros2' returned '0': PYTHONPATH=/home/mihkel/School/ThesisPractical/ros2_ws/build/hospital_carrier/prefix_override:/home/mihkel/School/ThesisPractical/ros2_ws/install/hospital_carrier/lib/python3.10/site-packages:${PYTHONPATH} /usr/bin/python3 setup.py egg_info --egg-base ../../build/hospital_carrier build --build-base /home/mihkel/School/ThesisPractical/ros2_ws/build/hospital_carrier/build install --record /home/mihkel/School/ThesisPractical/ros2_ws/build/hospital_carrier/install.log --single-version-externally-managed
