running egg_info
creating ../../build/py_srvcli/py_srvcli.egg-info
writing ../../build/py_srvcli/py_srvcli.egg-info/PKG-INFO
writing dependency_links to ../../build/py_srvcli/py_srvcli.egg-info/dependency_links.txt
writing entry points to ../../build/py_srvcli/py_srvcli.egg-info/entry_points.txt
writing requirements to ../../build/py_srvcli/py_srvcli.egg-info/requires.txt
writing top-level names to ../../build/py_srvcli/py_srvcli.egg-info/top_level.txt
writing manifest file '../../build/py_srvcli/py_srvcli.egg-info/SOURCES.txt'
reading manifest file '../../build/py_srvcli/py_srvcli.egg-info/SOURCES.txt'
adding license file 'LICENSE'
writing manifest file '../../build/py_srvcli/py_srvcli.egg-info/SOURCES.txt'
running build
running build_py
creating /home/mihkel/School/ThesisPractical/myros_ws/build/py_srvcli/build
creating /home/mihkel/School/ThesisPractical/myros_ws/build/py_srvcli/build/lib
creating /home/mihkel/School/ThesisPractical/myros_ws/build/py_srvcli/build/lib/semantic_rules
copying semantic_rules/publisher_member_function.py -> /home/mihkel/School/ThesisPractical/myros_ws/build/py_srvcli/build/lib/semantic_rules
copying semantic_rules/detection_costmap_rule.py -> /home/mihkel/School/ThesisPractical/myros_ws/build/py_srvcli/build/lib/semantic_rules
copying semantic_rules/__init__.py -> /home/mihkel/School/ThesisPractical/myros_ws/build/py_srvcli/build/lib/semantic_rules
creating /home/mihkel/School/ThesisPractical/myros_ws/build/py_srvcli/build/lib/py_srvcli
copying py_srvcli/client_member_function.py -> /home/mihkel/School/ThesisPractical/myros_ws/build/py_srvcli/build/lib/py_srvcli
copying py_srvcli/service_member_function.py -> /home/mihkel/School/ThesisPractical/myros_ws/build/py_srvcli/build/lib/py_srvcli
copying py_srvcli/__init__.py -> /home/mihkel/School/ThesisPractical/myros_ws/build/py_srvcli/build/lib/py_srvcli
creating /home/mihkel/School/ThesisPractical/myros_ws/build/py_srvcli/build/lib/py_pubsub
copying py_pubsub/subscriber_member_function.py -> /home/mihkel/School/ThesisPractical/myros_ws/build/py_srvcli/build/lib/py_pubsub
copying py_pubsub/publisher_member_function.py -> /home/mihkel/School/ThesisPractical/myros_ws/build/py_srvcli/build/lib/py_pubsub
copying py_pubsub/__init__.py -> /home/mihkel/School/ThesisPractical/myros_ws/build/py_srvcli/build/lib/py_pubsub
running install
running install_lib
creating /home/mihkel/School/ThesisPractical/myros_ws/install/py_srvcli/lib/python3.10/site-packages/semantic_rules
copying /home/mihkel/School/ThesisPractical/myros_ws/build/py_srvcli/build/lib/semantic_rules/publisher_member_function.py -> /home/mihkel/School/ThesisPractical/myros_ws/install/py_srvcli/lib/python3.10/site-packages/semantic_rules
copying /home/mihkel/School/ThesisPractical/myros_ws/build/py_srvcli/build/lib/semantic_rules/detection_costmap_rule.py -> /home/mihkel/School/ThesisPractical/myros_ws/install/py_srvcli/lib/python3.10/site-packages/semantic_rules
copying /home/mihkel/School/ThesisPractical/myros_ws/build/py_srvcli/build/lib/semantic_rules/__init__.py -> /home/mihkel/School/ThesisPractical/myros_ws/install/py_srvcli/lib/python3.10/site-packages/semantic_rules
creating /home/mihkel/School/ThesisPractical/myros_ws/install/py_srvcli/lib/python3.10/site-packages/py_srvcli
copying /home/mihkel/School/ThesisPractical/myros_ws/build/py_srvcli/build/lib/py_srvcli/client_member_function.py -> /home/mihkel/School/ThesisPractical/myros_ws/install/py_srvcli/lib/python3.10/site-packages/py_srvcli
copying /home/mihkel/School/ThesisPractical/myros_ws/build/py_srvcli/build/lib/py_srvcli/service_member_function.py -> /home/mihkel/School/ThesisPractical/myros_ws/install/py_srvcli/lib/python3.10/site-packages/py_srvcli
copying /home/mihkel/School/ThesisPractical/myros_ws/build/py_srvcli/build/lib/py_srvcli/__init__.py -> /home/mihkel/School/ThesisPractical/myros_ws/install/py_srvcli/lib/python3.10/site-packages/py_srvcli
creating /home/mihkel/School/ThesisPractical/myros_ws/install/py_srvcli/lib/python3.10/site-packages/py_pubsub
copying /home/mihkel/School/ThesisPractical/myros_ws/build/py_srvcli/build/lib/py_pubsub/subscriber_member_function.py -> /home/mihkel/School/ThesisPractical/myros_ws/install/py_srvcli/lib/python3.10/site-packages/py_pubsub
copying /home/mihkel/School/ThesisPractical/myros_ws/build/py_srvcli/build/lib/py_pubsub/publisher_member_function.py -> /home/mihkel/School/ThesisPractical/myros_ws/install/py_srvcli/lib/python3.10/site-packages/py_pubsub
copying /home/mihkel/School/ThesisPractical/myros_ws/build/py_srvcli/build/lib/py_pubsub/__init__.py -> /home/mihkel/School/ThesisPractical/myros_ws/install/py_srvcli/lib/python3.10/site-packages/py_pubsub
byte-compiling /home/mihkel/School/ThesisPractical/myros_ws/install/py_srvcli/lib/python3.10/site-packages/semantic_rules/publisher_member_function.py to publisher_member_function.cpython-310.pyc
byte-compiling /home/mihkel/School/ThesisPractical/myros_ws/install/py_srvcli/lib/python3.10/site-packages/semantic_rules/detection_costmap_rule.py to detection_costmap_rule.cpython-310.pyc
byte-compiling /home/mihkel/School/ThesisPractical/myros_ws/install/py_srvcli/lib/python3.10/site-packages/semantic_rules/__init__.py to __init__.cpython-310.pyc
byte-compiling /home/mihkel/School/ThesisPractical/myros_ws/install/py_srvcli/lib/python3.10/site-packages/py_srvcli/client_member_function.py to client_member_function.cpython-310.pyc
byte-compiling /home/mihkel/School/ThesisPractical/myros_ws/install/py_srvcli/lib/python3.10/site-packages/py_srvcli/service_member_function.py to service_member_function.cpython-310.pyc
byte-compiling /home/mihkel/School/ThesisPractical/myros_ws/install/py_srvcli/lib/python3.10/site-packages/py_srvcli/__init__.py to __init__.cpython-310.pyc
byte-compiling /home/mihkel/School/ThesisPractical/myros_ws/install/py_srvcli/lib/python3.10/site-packages/py_pubsub/subscriber_member_function.py to subscriber_member_function.cpython-310.pyc
byte-compiling /home/mihkel/School/ThesisPractical/myros_ws/install/py_srvcli/lib/python3.10/site-packages/py_pubsub/publisher_member_function.py to publisher_member_function.cpython-310.pyc
byte-compiling /home/mihkel/School/ThesisPractical/myros_ws/install/py_srvcli/lib/python3.10/site-packages/py_pubsub/__init__.py to __init__.cpython-310.pyc
running install_data
creating /home/mihkel/School/ThesisPractical/myros_ws/install/py_srvcli/share/ament_index
creating /home/mihkel/School/ThesisPractical/myros_ws/install/py_srvcli/share/ament_index/resource_index
creating /home/mihkel/School/ThesisPractical/myros_ws/install/py_srvcli/share/ament_index/resource_index/packages
copying resource/py_srvcli -> /home/mihkel/School/ThesisPractical/myros_ws/install/py_srvcli/share/ament_index/resource_index/packages
copying package.xml -> /home/mihkel/School/ThesisPractical/myros_ws/install/py_srvcli/share/py_srvcli
running install_egg_info
Copying ../../build/py_srvcli/py_srvcli.egg-info to /home/mihkel/School/ThesisPractical/myros_ws/install/py_srvcli/lib/python3.10/site-packages/py_srvcli-0.0.0-py3.10.egg-info
running install_scripts
Installing client script to /home/mihkel/School/ThesisPractical/myros_ws/install/py_srvcli/lib/py_srvcli
Installing service script to /home/mihkel/School/ThesisPractical/myros_ws/install/py_srvcli/lib/py_srvcli
writing list of installed files to '/home/mihkel/School/ThesisPractical/myros_ws/build/py_srvcli/install.log'
