[1.153s] Invoking command in '/home/mihkel/School/ros-packages/nav2_ws/build/smclib': CMAKE_PREFIX_PATH=/opt/ros/humble /home/mihkel/.local/bin/cmake /home/mihkel/School/ros-packages/nav2_ws/src/ros/bond_core/smclib -DAMENT_CMAKE_SYMLINK_INSTALL=1 -DCMAKE_INSTALL_PREFIX=/home/mihkel/School/ros-packages/nav2_ws/install/smclib
[1.424s] -- The C compiler identification is GNU 11.4.0
[1.645s] -- The CXX compiler identification is GNU 11.4.0
[1.696s] -- Detecting C compiler ABI info
[1.875s] -- Detecting C compiler ABI info - done
[1.916s] -- Check for working C compiler: /usr/bin/cc - skipped
[1.918s] -- Detecting C compile features
[1.920s] -- Detecting C compile features - done
[1.950s] -- Detecting CXX compiler ABI info
[2.158s] -- Detecting CXX compiler ABI info - done
[2.214s] -- Check for working CXX compiler: /usr/bin/c++ - skipped
[2.216s] -- Detecting CXX compile features
[2.219s] -- Detecting CXX compile features - done
[2.238s] -- Found ament_cmake: 1.3.6 (/opt/ros/humble/share/ament_cmake/cmake)
[7.986s] -- Found Python3: /usr/bin/python3.10 (found version "3.10.12") found components: Interpreter 
[8.604s] -- Override CMake install command with custom implementation using symlinks instead of copying resources
[8.967s] -- Found ament_lint_auto: 0.12.9 (/opt/ros/humble/share/ament_lint_auto/cmake)
[10.182s] -- Added test 'cppcheck' to perform static code analysis on C / C++ code
[10.184s] -- Configured cppcheck include dirs: $<BUILD_INTERFACE:/home/mihkel/School/ros-packages/nav2_ws/src/ros/bond_core/smclib/include>
[10.184s] -- Configured cppcheck exclude dirs and/or files: 
[10.200s] -- Added test 'cpplint' to check C / C++ code against the Google style
[10.201s] -- Configured cpplint exclude dirs and/or files: 
[10.204s] -- Added test 'flake8' to check Python code syntax and style conventions
[10.218s] -- Added test 'lint_cmake' to check CMake code style
[10.222s] -- Added test 'pep257' to check Python code against some of the docstring style conventions in PEP 257
[10.227s] -- Added test 'uncrustify' to check C / C++ code style
[10.228s] -- Configured uncrustify additional arguments: 
[10.246s] -- Added test 'xmllint' to check XML markup files
[10.263s] -- Configuring done (9.0s)
[10.319s] -- Generating done (0.0s)
[10.326s] -- Build files have been written to: /home/mihkel/School/ros-packages/nav2_ws/build/smclib
[10.402s] Invoked command in '/home/mihkel/School/ros-packages/nav2_ws/build/smclib' returned '0': CMAKE_PREFIX_PATH=/opt/ros/humble /home/mihkel/.local/bin/cmake /home/mihkel/School/ros-packages/nav2_ws/src/ros/bond_core/smclib -DAMENT_CMAKE_SYMLINK_INSTALL=1 -DCMAKE_INSTALL_PREFIX=/home/mihkel/School/ros-packages/nav2_ws/install/smclib
[10.404s] Invoking command in '/home/mihkel/School/ros-packages/nav2_ws/build/smclib': CMAKE_PREFIX_PATH=/opt/ros/humble /home/mihkel/.local/bin/cmake --build /home/mihkel/School/ros-packages/nav2_ws/build/smclib -- -j12 -l12
[11.078s] Built target ament_cmake_python_symlink_smclib
[15.551s] running egg_info
[15.554s] creating smclib.egg-info
[15.556s] writing smclib.egg-info/PKG-INFO
[15.557s] writing dependency_links to smclib.egg-info/dependency_links.txt
[15.562s] writing top-level names to smclib.egg-info/top_level.txt
[15.564s] writing manifest file 'smclib.egg-info/SOURCES.txt'
[15.576s] reading manifest file 'smclib.egg-info/SOURCES.txt'
[15.580s] writing manifest file 'smclib.egg-info/SOURCES.txt'
[15.747s] Built target ament_cmake_python_build_smclib_egg
[15.866s] Invoked command in '/home/mihkel/School/ros-packages/nav2_ws/build/smclib' returned '0': CMAKE_PREFIX_PATH=/opt/ros/humble /home/mihkel/.local/bin/cmake --build /home/mihkel/School/ros-packages/nav2_ws/build/smclib -- -j12 -l12
[16.185s] Invoking command in '/home/mihkel/School/ros-packages/nav2_ws/build/smclib': CMAKE_PREFIX_PATH=/opt/ros/humble /home/mihkel/.local/bin/cmake --install /home/mihkel/School/ros-packages/nav2_ws/build/smclib
[16.337s] -- Install configuration: ""
[16.340s] -- Execute custom install script
[16.346s] -- Symlinking: /home/mihkel/School/ros-packages/nav2_ws/install/smclib/include/smclib/statemap.hpp
[16.361s] -- Symlinking: /home/mihkel/School/ros-packages/nav2_ws/install/smclib/share/smclib/environment/pythonpath.sh
[16.375s] -- Symlinking: /home/mihkel/School/ros-packages/nav2_ws/install/smclib/share/smclib/environment/pythonpath.dsv
[16.390s] -- Symlinking: /home/mihkel/School/ros-packages/nav2_ws/install/smclib/local/lib/python3.10/dist-packages/smclib-4.0.0-py3.10.egg-info/PKG-INFO
[16.404s] -- Symlinking: /home/mihkel/School/ros-packages/nav2_ws/install/smclib/local/lib/python3.10/dist-packages/smclib-4.0.0-py3.10.egg-info/SOURCES.txt
[16.451s] -- Symlinking: /home/mihkel/School/ros-packages/nav2_ws/install/smclib/local/lib/python3.10/dist-packages/smclib-4.0.0-py3.10.egg-info/dependency_links.txt
[16.502s] -- Symlinking: /home/mihkel/School/ros-packages/nav2_ws/install/smclib/local/lib/python3.10/dist-packages/smclib-4.0.0-py3.10.egg-info/top_level.txt
[16.544s] -- Symlinking: /home/mihkel/School/ros-packages/nav2_ws/install/smclib/local/lib/python3.10/dist-packages/smclib/__init__.py
[16.582s] -- Symlinking: /home/mihkel/School/ros-packages/nav2_ws/install/smclib/local/lib/python3.10/dist-packages/smclib/statemap.py
[16.618s] -- Symlinking: /home/mihkel/School/ros-packages/nav2_ws/install/smclib/share/ament_index/resource_index/package_run_dependencies/smclib
[16.632s] -- Symlinking: /home/mihkel/School/ros-packages/nav2_ws/install/smclib/share/ament_index/resource_index/parent_prefix_path/smclib
[16.646s] -- Symlinking: /home/mihkel/School/ros-packages/nav2_ws/install/smclib/share/smclib/environment/ament_prefix_path.sh
[16.663s] -- Symlinking: /home/mihkel/School/ros-packages/nav2_ws/install/smclib/share/smclib/environment/ament_prefix_path.dsv
[16.680s] -- Symlinking: /home/mihkel/School/ros-packages/nav2_ws/install/smclib/share/smclib/environment/path.sh
[16.704s] -- Symlinking: /home/mihkel/School/ros-packages/nav2_ws/install/smclib/share/smclib/environment/path.dsv
[16.720s] -- Symlinking: /home/mihkel/School/ros-packages/nav2_ws/install/smclib/share/smclib/local_setup.bash
[16.748s] -- Symlinking: /home/mihkel/School/ros-packages/nav2_ws/install/smclib/share/smclib/local_setup.sh
[16.758s] -- Symlinking: /home/mihkel/School/ros-packages/nav2_ws/install/smclib/share/smclib/local_setup.zsh
[16.779s] -- Symlinking: /home/mihkel/School/ros-packages/nav2_ws/install/smclib/share/smclib/local_setup.dsv
[16.804s] -- Symlinking: /home/mihkel/School/ros-packages/nav2_ws/install/smclib/share/smclib/package.dsv
[16.861s] -- Symlinking: /home/mihkel/School/ros-packages/nav2_ws/install/smclib/share/ament_index/resource_index/packages/smclib
[16.875s] -- Symlinking: /home/mihkel/School/ros-packages/nav2_ws/install/smclib/share/smclib/cmake/ament_cmake_export_dependencies-extras.cmake
[16.907s] -- Symlinking: /home/mihkel/School/ros-packages/nav2_ws/install/smclib/share/smclib/cmake/ament_cmake_export_include_directories-extras.cmake
[16.963s] -- Symlinking: /home/mihkel/School/ros-packages/nav2_ws/install/smclib/share/smclib/cmake/smclibConfig.cmake
[16.985s] -- Symlinking: /home/mihkel/School/ros-packages/nav2_ws/install/smclib/share/smclib/cmake/smclibConfig-version.cmake
[17.031s] -- Symlinking: /home/mihkel/School/ros-packages/nav2_ws/install/smclib/share/smclib/package.xml
[17.449s] Listing '/home/mihkel/School/ros-packages/nav2_ws/install/smclib/local/lib/python3.10/dist-packages/smclib'...
[17.450s] Compiling '/home/mihkel/School/ros-packages/nav2_ws/install/smclib/local/lib/python3.10/dist-packages/smclib/__init__.py'...
[17.451s] Compiling '/home/mihkel/School/ros-packages/nav2_ws/install/smclib/local/lib/python3.10/dist-packages/smclib/statemap.py'...
[17.719s] Invoked command in '/home/mihkel/School/ros-packages/nav2_ws/build/smclib' returned '0': CMAKE_PREFIX_PATH=/opt/ros/humble /home/mihkel/.local/bin/cmake --install /home/mihkel/School/ros-packages/nav2_ws/build/smclib
