[0.407s] Invoking command in '/home/mihkel/School/ros-packages/nav2_ws/build/dwb_plugins': AMENT_PREFIX_PATH=/home/mihkel/School/ros-packages/nav2_ws/install/dwb_core:/home/mihkel/School/ros-packages/nav2_ws/install/nav2_core:/home/mihkel/School/ros-packages/nav2_ws/install/nav2_costmap_2d:/home/mihkel/School/ros-packages/nav2_ws/install/nav_2d_utils:/home/mihkel/School/ros-packages/nav2_ws/install/nav2_util:/home/mihkel/School/ros-packages/nav2_ws/install/nav2_voxel_grid:/home/mihkel/School/ros-packages/nav2_ws/install/nav2_msgs:/home/mihkel/School/ros-packages/nav2_ws/install/dwb_msgs:/home/mihkel/School/ros-packages/nav2_ws/install/bondcpp:/home/mihkel/School/ros-packages/nav2_ws/install/smclib:/home/mihkel/School/ros-packages/nav2_ws/install/nav_2d_msgs:/home/mihkel/School/ros-packages/nav2_ws/install/nav2_common:/home/mihkel/School/ros-packages/nav2_ws/install/bond:${AMENT_PREFIX_PATH} CMAKE_PREFIX_PATH=/home/mihkel/School/ros-packages/nav2_ws/install/dwb_core:/home/mihkel/School/ros-packages/nav2_ws/install/nav2_core:/home/mihkel/School/ros-packages/nav2_ws/install/nav2_costmap_2d:/home/mihkel/School/ros-packages/nav2_ws/install/nav_2d_utils:/home/mihkel/School/ros-packages/nav2_ws/install/nav2_util:/home/mihkel/School/ros-packages/nav2_ws/install/nav2_voxel_grid:/home/mihkel/School/ros-packages/nav2_ws/install/nav2_msgs:/home/mihkel/School/ros-packages/nav2_ws/install/dwb_msgs:/home/mihkel/School/ros-packages/nav2_ws/install/bondcpp:/home/mihkel/School/ros-packages/nav2_ws/install/smclib:/home/mihkel/School/ros-packages/nav2_ws/install/nav_2d_msgs:/home/mihkel/School/ros-packages/nav2_ws/install/nav2_common:/home/mihkel/School/ros-packages/nav2_ws/install/bond:/opt/ros/humble LD_LIBRARY_PATH=/home/mihkel/School/ros-packages/nav2_ws/install/dwb_core/lib:/home/mihkel/School/ros-packages/nav2_ws/install/nav2_costmap_2d/lib:/home/mihkel/School/ros-packages/nav2_ws/install/nav_2d_utils/lib:/home/mihkel/School/ros-packages/nav2_ws/install/nav2_util/lib:/home/mihkel/School/ros-packages/nav2_ws/install/nav2_voxel_grid/lib:/home/mihkel/School/ros-packages/nav2_ws/install/nav2_msgs/lib:/home/mihkel/School/ros-packages/nav2_ws/install/dwb_msgs/lib:/home/mihkel/School/ros-packages/nav2_ws/install/bondcpp/lib:/home/mihkel/School/ros-packages/nav2_ws/install/nav_2d_msgs/lib:/home/mihkel/School/ros-packages/nav2_ws/install/bond/lib:${LD_LIBRARY_PATH} PYTHONPATH=/home/mihkel/School/ros-packages/nav2_ws/install/nav2_msgs/local/lib/python3.10/dist-packages:/home/mihkel/School/ros-packages/nav2_ws/install/dwb_msgs/local/lib/python3.10/dist-packages:/home/mihkel/School/ros-packages/nav2_ws/install/smclib/local/lib/python3.10/dist-packages:/home/mihkel/School/ros-packages/nav2_ws/install/nav_2d_msgs/local/lib/python3.10/dist-packages:/home/mihkel/School/ros-packages/nav2_ws/install/nav2_common/local/lib/python3.10/dist-packages:/home/mihkel/School/ros-packages/nav2_ws/install/bond/local/lib/python3.10/dist-packages:${PYTHONPATH} /home/mihkel/.local/bin/cmake /home/mihkel/School/ros-packages/nav2_ws/src/navigation2/nav2_dwb_controller/dwb_plugins -DAMENT_CMAKE_SYMLINK_INSTALL=1 -DCMAKE_INSTALL_PREFIX=/home/mihkel/School/ros-packages/nav2_ws/install/dwb_plugins
[0.670s] -- The C compiler identification is GNU 11.4.0
[0.853s] -- The CXX compiler identification is GNU 11.4.0
[0.908s] -- Detecting C compiler ABI info
[1.120s] -- Detecting C compiler ABI info - done
[1.193s] -- Check for working C compiler: /usr/bin/cc - skipped
[1.193s] -- Detecting C compile features
[1.195s] -- Detecting C compile features - done
[1.230s] -- Detecting CXX compiler ABI info
[1.490s] -- Detecting CXX compiler ABI info - done
[1.569s] -- Check for working CXX compiler: /usr/bin/c++ - skipped
[1.571s] -- Detecting CXX compile features
[1.575s] -- Detecting CXX compile features - done
[1.594s] -- Found ament_cmake: 1.3.6 (/opt/ros/humble/share/ament_cmake/cmake)
[5.995s] -- Found Python3: /usr/bin/python3.10 (found version "3.10.12") found components: Interpreter 
[6.224s] -- Override CMake install command with custom implementation using symlinks instead of copying resources
[6.357s] -- Found nav2_common: 1.1.12 (/home/mihkel/School/ros-packages/nav2_ws/install/nav2_common/share/nav2_common/cmake)
[6.366s] -- Found angles: 1.15.0 (/opt/ros/humble/share/angles/cmake)
[6.373s] -- Found dwb_core: 1.1.12 (/home/mihkel/School/ros-packages/nav2_ws/install/dwb_core/share/dwb_core/cmake)
[6.603s] -- Found rosidl_generator_c: 3.1.5 (/opt/ros/humble/share/rosidl_generator_c/cmake)
[6.631s] -- Found rosidl_adapter: 3.1.5 (/opt/ros/humble/share/rosidl_adapter/cmake)
[6.674s] -- Found rosidl_generator_cpp: 3.1.5 (/opt/ros/humble/share/rosidl_generator_cpp/cmake)
[6.749s] -- Using all available rosidl_typesupport_c: rosidl_typesupport_fastrtps_c;rosidl_typesupport_introspection_c
[6.852s] -- Using all available rosidl_typesupport_cpp: rosidl_typesupport_fastrtps_cpp;rosidl_typesupport_introspection_cpp
[7.207s] -- Found rmw_implementation_cmake: 6.1.1 (/opt/ros/humble/share/rmw_implementation_cmake/cmake)
[7.221s] -- Found rmw_fastrtps_cpp: 6.2.5 (/opt/ros/humble/share/rmw_fastrtps_cpp/cmake)
[7.666s] -- Found OpenSSL: /usr/lib/x86_64-linux-gnu/libcrypto.so (found version "3.0.2")  
[7.775s] -- Found FastRTPS: /opt/ros/humble/include  
[7.956s] -- Using RMW implementation 'rmw_fastrtps_cpp' as default
[8.003s] -- Performing Test CMAKE_HAVE_LIBC_PTHREAD
[8.198s] -- Performing Test CMAKE_HAVE_LIBC_PTHREAD - Success
[8.202s] -- Found Threads: TRUE  
[13.921s] -- Found Eigen3: TRUE (found version "3.4.0") 
[13.921s] -- Ensuring Eigen3 include directory is part of orocos-kdl CMake target
[31.020s] -- Setting build type to Release as none was specified.
[52.913s] -- Found ament_lint_auto: 0.12.9 (/opt/ros/humble/share/ament_lint_auto/cmake)
[53.496s] -- Found gtest sources under '/opt/ros/humble/src/gtest_vendor': C++ tests using 'Google Test' will be built
[53.597s] -- Added test 'cppcheck' to perform static code analysis on C / C++ code
[53.600s] -- Configured cppcheck include dirs: /home/mihkel/School/ros-packages/nav2_ws/src/navigation2/nav2_dwb_controller/dwb_plugins/include
[53.601s] -- Configured cppcheck exclude dirs and/or files: 
[53.611s] -- Added test 'cpplint' to check C / C++ code against the Google style
[53.612s] -- Configured cpplint exclude dirs and/or files: 
[53.620s] -- Added test 'lint_cmake' to check CMake code style
[53.630s] -- Added test 'uncrustify' to check C / C++ code style
[53.630s] -- Configured uncrustify additional arguments: 
[53.635s] -- Added test 'xmllint' to check XML markup files
[53.654s] -- Configuring done (53.1s)
[54.540s] -- Generating done (0.8s)
[54.557s] -- Build files have been written to: /home/mihkel/School/ros-packages/nav2_ws/build/dwb_plugins
[54.649s] Invoked command in '/home/mihkel/School/ros-packages/nav2_ws/build/dwb_plugins' returned '0': AMENT_PREFIX_PATH=/home/mihkel/School/ros-packages/nav2_ws/install/dwb_core:/home/mihkel/School/ros-packages/nav2_ws/install/nav2_core:/home/mihkel/School/ros-packages/nav2_ws/install/nav2_costmap_2d:/home/mihkel/School/ros-packages/nav2_ws/install/nav_2d_utils:/home/mihkel/School/ros-packages/nav2_ws/install/nav2_util:/home/mihkel/School/ros-packages/nav2_ws/install/nav2_voxel_grid:/home/mihkel/School/ros-packages/nav2_ws/install/nav2_msgs:/home/mihkel/School/ros-packages/nav2_ws/install/dwb_msgs:/home/mihkel/School/ros-packages/nav2_ws/install/bondcpp:/home/mihkel/School/ros-packages/nav2_ws/install/smclib:/home/mihkel/School/ros-packages/nav2_ws/install/nav_2d_msgs:/home/mihkel/School/ros-packages/nav2_ws/install/nav2_common:/home/mihkel/School/ros-packages/nav2_ws/install/bond:${AMENT_PREFIX_PATH} CMAKE_PREFIX_PATH=/home/mihkel/School/ros-packages/nav2_ws/install/dwb_core:/home/mihkel/School/ros-packages/nav2_ws/install/nav2_core:/home/mihkel/School/ros-packages/nav2_ws/install/nav2_costmap_2d:/home/mihkel/School/ros-packages/nav2_ws/install/nav_2d_utils:/home/mihkel/School/ros-packages/nav2_ws/install/nav2_util:/home/mihkel/School/ros-packages/nav2_ws/install/nav2_voxel_grid:/home/mihkel/School/ros-packages/nav2_ws/install/nav2_msgs:/home/mihkel/School/ros-packages/nav2_ws/install/dwb_msgs:/home/mihkel/School/ros-packages/nav2_ws/install/bondcpp:/home/mihkel/School/ros-packages/nav2_ws/install/smclib:/home/mihkel/School/ros-packages/nav2_ws/install/nav_2d_msgs:/home/mihkel/School/ros-packages/nav2_ws/install/nav2_common:/home/mihkel/School/ros-packages/nav2_ws/install/bond:/opt/ros/humble LD_LIBRARY_PATH=/home/mihkel/School/ros-packages/nav2_ws/install/dwb_core/lib:/home/mihkel/School/ros-packages/nav2_ws/install/nav2_costmap_2d/lib:/home/mihkel/School/ros-packages/nav2_ws/install/nav_2d_utils/lib:/home/mihkel/School/ros-packages/nav2_ws/install/nav2_util/lib:/home/mihkel/School/ros-packages/nav2_ws/install/nav2_voxel_grid/lib:/home/mihkel/School/ros-packages/nav2_ws/install/nav2_msgs/lib:/home/mihkel/School/ros-packages/nav2_ws/install/dwb_msgs/lib:/home/mihkel/School/ros-packages/nav2_ws/install/bondcpp/lib:/home/mihkel/School/ros-packages/nav2_ws/install/nav_2d_msgs/lib:/home/mihkel/School/ros-packages/nav2_ws/install/bond/lib:${LD_LIBRARY_PATH} PYTHONPATH=/home/mihkel/School/ros-packages/nav2_ws/install/nav2_msgs/local/lib/python3.10/dist-packages:/home/mihkel/School/ros-packages/nav2_ws/install/dwb_msgs/local/lib/python3.10/dist-packages:/home/mihkel/School/ros-packages/nav2_ws/install/smclib/local/lib/python3.10/dist-packages:/home/mihkel/School/ros-packages/nav2_ws/install/nav_2d_msgs/local/lib/python3.10/dist-packages:/home/mihkel/School/ros-packages/nav2_ws/install/nav2_common/local/lib/python3.10/dist-packages:/home/mihkel/School/ros-packages/nav2_ws/install/bond/local/lib/python3.10/dist-packages:${PYTHONPATH} /home/mihkel/.local/bin/cmake /home/mihkel/School/ros-packages/nav2_ws/src/navigation2/nav2_dwb_controller/dwb_plugins -DAMENT_CMAKE_SYMLINK_INSTALL=1 -DCMAKE_INSTALL_PREFIX=/home/mihkel/School/ros-packages/nav2_ws/install/dwb_plugins
[54.656s] Invoking command in '/home/mihkel/School/ros-packages/nav2_ws/build/dwb_plugins': AMENT_PREFIX_PATH=/home/mihkel/School/ros-packages/nav2_ws/install/dwb_core:/home/mihkel/School/ros-packages/nav2_ws/install/nav2_core:/home/mihkel/School/ros-packages/nav2_ws/install/nav2_costmap_2d:/home/mihkel/School/ros-packages/nav2_ws/install/nav_2d_utils:/home/mihkel/School/ros-packages/nav2_ws/install/nav2_util:/home/mihkel/School/ros-packages/nav2_ws/install/nav2_voxel_grid:/home/mihkel/School/ros-packages/nav2_ws/install/nav2_msgs:/home/mihkel/School/ros-packages/nav2_ws/install/dwb_msgs:/home/mihkel/School/ros-packages/nav2_ws/install/bondcpp:/home/mihkel/School/ros-packages/nav2_ws/install/smclib:/home/mihkel/School/ros-packages/nav2_ws/install/nav_2d_msgs:/home/mihkel/School/ros-packages/nav2_ws/install/nav2_common:/home/mihkel/School/ros-packages/nav2_ws/install/bond:${AMENT_PREFIX_PATH} CMAKE_PREFIX_PATH=/home/mihkel/School/ros-packages/nav2_ws/install/dwb_core:/home/mihkel/School/ros-packages/nav2_ws/install/nav2_core:/home/mihkel/School/ros-packages/nav2_ws/install/nav2_costmap_2d:/home/mihkel/School/ros-packages/nav2_ws/install/nav_2d_utils:/home/mihkel/School/ros-packages/nav2_ws/install/nav2_util:/home/mihkel/School/ros-packages/nav2_ws/install/nav2_voxel_grid:/home/mihkel/School/ros-packages/nav2_ws/install/nav2_msgs:/home/mihkel/School/ros-packages/nav2_ws/install/dwb_msgs:/home/mihkel/School/ros-packages/nav2_ws/install/bondcpp:/home/mihkel/School/ros-packages/nav2_ws/install/smclib:/home/mihkel/School/ros-packages/nav2_ws/install/nav_2d_msgs:/home/mihkel/School/ros-packages/nav2_ws/install/nav2_common:/home/mihkel/School/ros-packages/nav2_ws/install/bond:/opt/ros/humble LD_LIBRARY_PATH=/home/mihkel/School/ros-packages/nav2_ws/install/dwb_core/lib:/home/mihkel/School/ros-packages/nav2_ws/install/nav2_costmap_2d/lib:/home/mihkel/School/ros-packages/nav2_ws/install/nav_2d_utils/lib:/home/mihkel/School/ros-packages/nav2_ws/install/nav2_util/lib:/home/mihkel/School/ros-packages/nav2_ws/install/nav2_voxel_grid/lib:/home/mihkel/School/ros-packages/nav2_ws/install/nav2_msgs/lib:/home/mihkel/School/ros-packages/nav2_ws/install/dwb_msgs/lib:/home/mihkel/School/ros-packages/nav2_ws/install/bondcpp/lib:/home/mihkel/School/ros-packages/nav2_ws/install/nav_2d_msgs/lib:/home/mihkel/School/ros-packages/nav2_ws/install/bond/lib:${LD_LIBRARY_PATH} PYTHONPATH=/home/mihkel/School/ros-packages/nav2_ws/install/nav2_msgs/local/lib/python3.10/dist-packages:/home/mihkel/School/ros-packages/nav2_ws/install/dwb_msgs/local/lib/python3.10/dist-packages:/home/mihkel/School/ros-packages/nav2_ws/install/smclib/local/lib/python3.10/dist-packages:/home/mihkel/School/ros-packages/nav2_ws/install/nav_2d_msgs/local/lib/python3.10/dist-packages:/home/mihkel/School/ros-packages/nav2_ws/install/nav2_common/local/lib/python3.10/dist-packages:/home/mihkel/School/ros-packages/nav2_ws/install/bond/local/lib/python3.10/dist-packages:${PYTHONPATH} /home/mihkel/.local/bin/cmake --build /home/mihkel/School/ros-packages/nav2_ws/build/dwb_plugins -- -j12 -l12
[54.922s] [  5%] [32mBuilding CXX object gtest/CMakeFiles/gtest_main.dir/src/gtest_main.cc.o[0m
[54.925s] [ 11%] [32mBuilding CXX object gtest/CMakeFiles/gtest.dir/src/gtest-all.cc.o[0m
[54.931s] [ 17%] [32mBuilding CXX object CMakeFiles/standard_traj_generator.dir/src/limited_accel_generator.cpp.o[0m
[54.932s] [ 23%] [32mBuilding CXX object CMakeFiles/standard_traj_generator.dir/src/kinematic_parameters.cpp.o[0m
[54.933s] [ 29%] [32mBuilding CXX object CMakeFiles/standard_traj_generator.dir/src/xy_theta_iterator.cpp.o[0m
[54.938s] [ 35%] [32mBuilding CXX object CMakeFiles/standard_traj_generator.dir/src/standard_traj_generator.cpp.o[0m
[65.619s] [ 41%] [32m[1mLinking CXX static library libgtest_main.a[0m
[65.697s] [ 41%] Built target gtest_main
[80.673s] [ 47%] [32m[1mLinking CXX shared library libstandard_traj_generator.so[0m
[81.413s] [ 47%] Built target standard_traj_generator
[95.621s] [ 52%] [32m[1mLinking CXX static library libgtest.a[0m
[95.684s] [ 52%] Built target gtest
[95.714s] [ 58%] [32mBuilding CXX object test/CMakeFiles/vtest.dir/velocity_iterator_test.cpp.o[0m
[95.721s] [ 64%] [32mBuilding CXX object test/CMakeFiles/twist_gen_test.dir/twist_gen.cpp.o[0m
[95.722s] [ 70%] [32mBuilding CXX object test/CMakeFiles/speed_limit_test.dir/speed_limit_test.cpp.o[0m
[95.722s] [ 76%] [32mBuilding CXX object test/CMakeFiles/kinematic_parameters_test.dir/kinematic_parameters_test.cpp.o[0m
[100.768s] [ 82%] [32m[1mLinking CXX executable vtest[0m
[101.024s] [ 82%] Built target vtest
[110.814s] [ 88%] [32m[1mLinking CXX executable speed_limit_test[0m
[111.349s] [ 94%] [32m[1mLinking CXX executable kinematic_parameters_test[0m
[111.648s] [ 94%] Built target speed_limit_test
[112.211s] [ 94%] Built target kinematic_parameters_test
[117.174s] [100%] [32m[1mLinking CXX executable twist_gen_test[0m
[118.065s] [100%] Built target twist_gen_test
[118.094s] Invoked command in '/home/mihkel/School/ros-packages/nav2_ws/build/dwb_plugins' returned '0': AMENT_PREFIX_PATH=/home/mihkel/School/ros-packages/nav2_ws/install/dwb_core:/home/mihkel/School/ros-packages/nav2_ws/install/nav2_core:/home/mihkel/School/ros-packages/nav2_ws/install/nav2_costmap_2d:/home/mihkel/School/ros-packages/nav2_ws/install/nav_2d_utils:/home/mihkel/School/ros-packages/nav2_ws/install/nav2_util:/home/mihkel/School/ros-packages/nav2_ws/install/nav2_voxel_grid:/home/mihkel/School/ros-packages/nav2_ws/install/nav2_msgs:/home/mihkel/School/ros-packages/nav2_ws/install/dwb_msgs:/home/mihkel/School/ros-packages/nav2_ws/install/bondcpp:/home/mihkel/School/ros-packages/nav2_ws/install/smclib:/home/mihkel/School/ros-packages/nav2_ws/install/nav_2d_msgs:/home/mihkel/School/ros-packages/nav2_ws/install/nav2_common:/home/mihkel/School/ros-packages/nav2_ws/install/bond:${AMENT_PREFIX_PATH} CMAKE_PREFIX_PATH=/home/mihkel/School/ros-packages/nav2_ws/install/dwb_core:/home/mihkel/School/ros-packages/nav2_ws/install/nav2_core:/home/mihkel/School/ros-packages/nav2_ws/install/nav2_costmap_2d:/home/mihkel/School/ros-packages/nav2_ws/install/nav_2d_utils:/home/mihkel/School/ros-packages/nav2_ws/install/nav2_util:/home/mihkel/School/ros-packages/nav2_ws/install/nav2_voxel_grid:/home/mihkel/School/ros-packages/nav2_ws/install/nav2_msgs:/home/mihkel/School/ros-packages/nav2_ws/install/dwb_msgs:/home/mihkel/School/ros-packages/nav2_ws/install/bondcpp:/home/mihkel/School/ros-packages/nav2_ws/install/smclib:/home/mihkel/School/ros-packages/nav2_ws/install/nav_2d_msgs:/home/mihkel/School/ros-packages/nav2_ws/install/nav2_common:/home/mihkel/School/ros-packages/nav2_ws/install/bond:/opt/ros/humble LD_LIBRARY_PATH=/home/mihkel/School/ros-packages/nav2_ws/install/dwb_core/lib:/home/mihkel/School/ros-packages/nav2_ws/install/nav2_costmap_2d/lib:/home/mihkel/School/ros-packages/nav2_ws/install/nav_2d_utils/lib:/home/mihkel/School/ros-packages/nav2_ws/install/nav2_util/lib:/home/mihkel/School/ros-packages/nav2_ws/install/nav2_voxel_grid/lib:/home/mihkel/School/ros-packages/nav2_ws/install/nav2_msgs/lib:/home/mihkel/School/ros-packages/nav2_ws/install/dwb_msgs/lib:/home/mihkel/School/ros-packages/nav2_ws/install/bondcpp/lib:/home/mihkel/School/ros-packages/nav2_ws/install/nav_2d_msgs/lib:/home/mihkel/School/ros-packages/nav2_ws/install/bond/lib:${LD_LIBRARY_PATH} PYTHONPATH=/home/mihkel/School/ros-packages/nav2_ws/install/nav2_msgs/local/lib/python3.10/dist-packages:/home/mihkel/School/ros-packages/nav2_ws/install/dwb_msgs/local/lib/python3.10/dist-packages:/home/mihkel/School/ros-packages/nav2_ws/install/smclib/local/lib/python3.10/dist-packages:/home/mihkel/School/ros-packages/nav2_ws/install/nav_2d_msgs/local/lib/python3.10/dist-packages:/home/mihkel/School/ros-packages/nav2_ws/install/nav2_common/local/lib/python3.10/dist-packages:/home/mihkel/School/ros-packages/nav2_ws/install/bond/local/lib/python3.10/dist-packages:${PYTHONPATH} /home/mihkel/.local/bin/cmake --build /home/mihkel/School/ros-packages/nav2_ws/build/dwb_plugins -- -j12 -l12
[118.282s] Invoking command in '/home/mihkel/School/ros-packages/nav2_ws/build/dwb_plugins': AMENT_PREFIX_PATH=/home/mihkel/School/ros-packages/nav2_ws/install/dwb_core:/home/mihkel/School/ros-packages/nav2_ws/install/nav2_core:/home/mihkel/School/ros-packages/nav2_ws/install/nav2_costmap_2d:/home/mihkel/School/ros-packages/nav2_ws/install/nav_2d_utils:/home/mihkel/School/ros-packages/nav2_ws/install/nav2_util:/home/mihkel/School/ros-packages/nav2_ws/install/nav2_voxel_grid:/home/mihkel/School/ros-packages/nav2_ws/install/nav2_msgs:/home/mihkel/School/ros-packages/nav2_ws/install/dwb_msgs:/home/mihkel/School/ros-packages/nav2_ws/install/bondcpp:/home/mihkel/School/ros-packages/nav2_ws/install/smclib:/home/mihkel/School/ros-packages/nav2_ws/install/nav_2d_msgs:/home/mihkel/School/ros-packages/nav2_ws/install/nav2_common:/home/mihkel/School/ros-packages/nav2_ws/install/bond:${AMENT_PREFIX_PATH} CMAKE_PREFIX_PATH=/home/mihkel/School/ros-packages/nav2_ws/install/dwb_core:/home/mihkel/School/ros-packages/nav2_ws/install/nav2_core:/home/mihkel/School/ros-packages/nav2_ws/install/nav2_costmap_2d:/home/mihkel/School/ros-packages/nav2_ws/install/nav_2d_utils:/home/mihkel/School/ros-packages/nav2_ws/install/nav2_util:/home/mihkel/School/ros-packages/nav2_ws/install/nav2_voxel_grid:/home/mihkel/School/ros-packages/nav2_ws/install/nav2_msgs:/home/mihkel/School/ros-packages/nav2_ws/install/dwb_msgs:/home/mihkel/School/ros-packages/nav2_ws/install/bondcpp:/home/mihkel/School/ros-packages/nav2_ws/install/smclib:/home/mihkel/School/ros-packages/nav2_ws/install/nav_2d_msgs:/home/mihkel/School/ros-packages/nav2_ws/install/nav2_common:/home/mihkel/School/ros-packages/nav2_ws/install/bond:/opt/ros/humble LD_LIBRARY_PATH=/home/mihkel/School/ros-packages/nav2_ws/install/dwb_core/lib:/home/mihkel/School/ros-packages/nav2_ws/install/nav2_costmap_2d/lib:/home/mihkel/School/ros-packages/nav2_ws/install/nav_2d_utils/lib:/home/mihkel/School/ros-packages/nav2_ws/install/nav2_util/lib:/home/mihkel/School/ros-packages/nav2_ws/install/nav2_voxel_grid/lib:/home/mihkel/School/ros-packages/nav2_ws/install/nav2_msgs/lib:/home/mihkel/School/ros-packages/nav2_ws/install/dwb_msgs/lib:/home/mihkel/School/ros-packages/nav2_ws/install/bondcpp/lib:/home/mihkel/School/ros-packages/nav2_ws/install/nav_2d_msgs/lib:/home/mihkel/School/ros-packages/nav2_ws/install/bond/lib:${LD_LIBRARY_PATH} PYTHONPATH=/home/mihkel/School/ros-packages/nav2_ws/install/nav2_msgs/local/lib/python3.10/dist-packages:/home/mihkel/School/ros-packages/nav2_ws/install/dwb_msgs/local/lib/python3.10/dist-packages:/home/mihkel/School/ros-packages/nav2_ws/install/smclib/local/lib/python3.10/dist-packages:/home/mihkel/School/ros-packages/nav2_ws/install/nav_2d_msgs/local/lib/python3.10/dist-packages:/home/mihkel/School/ros-packages/nav2_ws/install/nav2_common/local/lib/python3.10/dist-packages:/home/mihkel/School/ros-packages/nav2_ws/install/bond/local/lib/python3.10/dist-packages:${PYTHONPATH} /home/mihkel/.local/bin/cmake --install /home/mihkel/School/ros-packages/nav2_ws/build/dwb_plugins
[118.386s] -- Install configuration: "Release"
[118.387s] -- Execute custom install script
[118.389s] -- Symlinking: /home/mihkel/School/ros-packages/nav2_ws/install/dwb_plugins/lib/libstandard_traj_generator.so
[118.400s] -- Symlinking: /home/mihkel/School/ros-packages/nav2_ws/install/dwb_plugins/include//dwb_plugins/kinematic_parameters.hpp
[118.409s] -- Symlinking: /home/mihkel/School/ros-packages/nav2_ws/install/dwb_plugins/include//dwb_plugins/limited_accel_generator.hpp
[118.419s] -- Symlinking: /home/mihkel/School/ros-packages/nav2_ws/install/dwb_plugins/include//dwb_plugins/one_d_velocity_iterator.hpp
[118.430s] -- Symlinking: /home/mihkel/School/ros-packages/nav2_ws/install/dwb_plugins/include//dwb_plugins/standard_traj_generator.hpp
[118.438s] -- Symlinking: /home/mihkel/School/ros-packages/nav2_ws/install/dwb_plugins/include//dwb_plugins/velocity_iterator.hpp
[118.448s] -- Symlinking: /home/mihkel/School/ros-packages/nav2_ws/install/dwb_plugins/include//dwb_plugins/xy_theta_iterator.hpp
[118.457s] -- Symlinking: /home/mihkel/School/ros-packages/nav2_ws/install/dwb_plugins/share/dwb_plugins/plugins.xml
[118.467s] -- Symlinking: /home/mihkel/School/ros-packages/nav2_ws/install/dwb_plugins/share/dwb_plugins/environment/library_path.sh
[118.483s] -- Symlinking: /home/mihkel/School/ros-packages/nav2_ws/install/dwb_plugins/share/dwb_plugins/environment/library_path.dsv
[118.497s] -- Up-to-date symlink: /home/mihkel/School/ros-packages/nav2_ws/install/dwb_plugins/share/dwb_plugins//plugins.xml
[118.498s] -- Symlinking: /home/mihkel/School/ros-packages/nav2_ws/install/dwb_plugins/share/ament_index/resource_index/package_run_dependencies/dwb_plugins
[118.513s] -- Symlinking: /home/mihkel/School/ros-packages/nav2_ws/install/dwb_plugins/share/ament_index/resource_index/parent_prefix_path/dwb_plugins
[118.528s] -- Symlinking: /home/mihkel/School/ros-packages/nav2_ws/install/dwb_plugins/share/dwb_plugins/environment/ament_prefix_path.sh
[118.542s] -- Symlinking: /home/mihkel/School/ros-packages/nav2_ws/install/dwb_plugins/share/dwb_plugins/environment/ament_prefix_path.dsv
[118.555s] -- Symlinking: /home/mihkel/School/ros-packages/nav2_ws/install/dwb_plugins/share/dwb_plugins/environment/path.sh
[118.570s] -- Symlinking: /home/mihkel/School/ros-packages/nav2_ws/install/dwb_plugins/share/dwb_plugins/environment/path.dsv
[118.580s] -- Symlinking: /home/mihkel/School/ros-packages/nav2_ws/install/dwb_plugins/share/dwb_plugins/local_setup.bash
[118.590s] -- Symlinking: /home/mihkel/School/ros-packages/nav2_ws/install/dwb_plugins/share/dwb_plugins/local_setup.sh
[118.600s] -- Symlinking: /home/mihkel/School/ros-packages/nav2_ws/install/dwb_plugins/share/dwb_plugins/local_setup.zsh
[118.610s] -- Symlinking: /home/mihkel/School/ros-packages/nav2_ws/install/dwb_plugins/share/dwb_plugins/local_setup.dsv
[118.620s] -- Symlinking: /home/mihkel/School/ros-packages/nav2_ws/install/dwb_plugins/share/dwb_plugins/package.dsv
[118.631s] -- Symlinking: /home/mihkel/School/ros-packages/nav2_ws/install/dwb_plugins/share/ament_index/resource_index/packages/dwb_plugins
[118.641s] -- Symlinking: /home/mihkel/School/ros-packages/nav2_ws/install/dwb_plugins/share/ament_index/resource_index/dwb_core__pluginlib__plugin/dwb_plugins
[118.650s] -- Symlinking: /home/mihkel/School/ros-packages/nav2_ws/install/dwb_plugins/share/dwb_plugins/cmake/ament_cmake_export_include_directories-extras.cmake
[118.660s] -- Symlinking: /home/mihkel/School/ros-packages/nav2_ws/install/dwb_plugins/share/dwb_plugins/cmake/ament_cmake_export_libraries-extras.cmake
[118.669s] -- Symlinking: /home/mihkel/School/ros-packages/nav2_ws/install/dwb_plugins/share/dwb_plugins/cmake/dwb_pluginsConfig.cmake
[118.679s] -- Symlinking: /home/mihkel/School/ros-packages/nav2_ws/install/dwb_plugins/share/dwb_plugins/cmake/dwb_pluginsConfig-version.cmake
[118.688s] -- Symlinking: /home/mihkel/School/ros-packages/nav2_ws/install/dwb_plugins/share/dwb_plugins/package.xml
[118.718s] Invoked command in '/home/mihkel/School/ros-packages/nav2_ws/build/dwb_plugins' returned '0': AMENT_PREFIX_PATH=/home/mihkel/School/ros-packages/nav2_ws/install/dwb_core:/home/mihkel/School/ros-packages/nav2_ws/install/nav2_core:/home/mihkel/School/ros-packages/nav2_ws/install/nav2_costmap_2d:/home/mihkel/School/ros-packages/nav2_ws/install/nav_2d_utils:/home/mihkel/School/ros-packages/nav2_ws/install/nav2_util:/home/mihkel/School/ros-packages/nav2_ws/install/nav2_voxel_grid:/home/mihkel/School/ros-packages/nav2_ws/install/nav2_msgs:/home/mihkel/School/ros-packages/nav2_ws/install/dwb_msgs:/home/mihkel/School/ros-packages/nav2_ws/install/bondcpp:/home/mihkel/School/ros-packages/nav2_ws/install/smclib:/home/mihkel/School/ros-packages/nav2_ws/install/nav_2d_msgs:/home/mihkel/School/ros-packages/nav2_ws/install/nav2_common:/home/mihkel/School/ros-packages/nav2_ws/install/bond:${AMENT_PREFIX_PATH} CMAKE_PREFIX_PATH=/home/mihkel/School/ros-packages/nav2_ws/install/dwb_core:/home/mihkel/School/ros-packages/nav2_ws/install/nav2_core:/home/mihkel/School/ros-packages/nav2_ws/install/nav2_costmap_2d:/home/mihkel/School/ros-packages/nav2_ws/install/nav_2d_utils:/home/mihkel/School/ros-packages/nav2_ws/install/nav2_util:/home/mihkel/School/ros-packages/nav2_ws/install/nav2_voxel_grid:/home/mihkel/School/ros-packages/nav2_ws/install/nav2_msgs:/home/mihkel/School/ros-packages/nav2_ws/install/dwb_msgs:/home/mihkel/School/ros-packages/nav2_ws/install/bondcpp:/home/mihkel/School/ros-packages/nav2_ws/install/smclib:/home/mihkel/School/ros-packages/nav2_ws/install/nav_2d_msgs:/home/mihkel/School/ros-packages/nav2_ws/install/nav2_common:/home/mihkel/School/ros-packages/nav2_ws/install/bond:/opt/ros/humble LD_LIBRARY_PATH=/home/mihkel/School/ros-packages/nav2_ws/install/dwb_core/lib:/home/mihkel/School/ros-packages/nav2_ws/install/nav2_costmap_2d/lib:/home/mihkel/School/ros-packages/nav2_ws/install/nav_2d_utils/lib:/home/mihkel/School/ros-packages/nav2_ws/install/nav2_util/lib:/home/mihkel/School/ros-packages/nav2_ws/install/nav2_voxel_grid/lib:/home/mihkel/School/ros-packages/nav2_ws/install/nav2_msgs/lib:/home/mihkel/School/ros-packages/nav2_ws/install/dwb_msgs/lib:/home/mihkel/School/ros-packages/nav2_ws/install/bondcpp/lib:/home/mihkel/School/ros-packages/nav2_ws/install/nav_2d_msgs/lib:/home/mihkel/School/ros-packages/nav2_ws/install/bond/lib:${LD_LIBRARY_PATH} PYTHONPATH=/home/mihkel/School/ros-packages/nav2_ws/install/nav2_msgs/local/lib/python3.10/dist-packages:/home/mihkel/School/ros-packages/nav2_ws/install/dwb_msgs/local/lib/python3.10/dist-packages:/home/mihkel/School/ros-packages/nav2_ws/install/smclib/local/lib/python3.10/dist-packages:/home/mihkel/School/ros-packages/nav2_ws/install/nav_2d_msgs/local/lib/python3.10/dist-packages:/home/mihkel/School/ros-packages/nav2_ws/install/nav2_common/local/lib/python3.10/dist-packages:/home/mihkel/School/ros-packages/nav2_ws/install/bond/local/lib/python3.10/dist-packages:${PYTHONPATH} /home/mihkel/.local/bin/cmake --install /home/mihkel/School/ros-packages/nav2_ws/build/dwb_plugins
