[0.193s] Invoking command in '/home/mihkel/School/ThesisPractical/ros2_ws/build/depthimage_to_laserscan': CMAKE_PREFIX_PATH=${CMAKE_PREFIX_PATH}:/home/mihkel/School/ThesisPractical/ros2_ws/install/hospital_carrier:/opt/ros/humble /usr/bin/cmake --build /home/mihkel/School/ThesisPractical/ros2_ws/build/depthimage_to_laserscan -- -j12 -l12
[0.316s] [ 16%] Built target DepthImageToLaserScan
[0.318s] [ 41%] Built target gtest_main
[0.318s] [ 50%] Built target gtest
[0.383s] [ 66%] Built target depthimage_to_laserscan-test
[0.400s] [ 83%] Built target DepthImageToLaserScanROS
[0.467s] [100%] Built target depthimage_to_laserscan_node
[0.495s] Invoked command in '/home/mihkel/School/ThesisPractical/ros2_ws/build/depthimage_to_laserscan' returned '0': CMAKE_PREFIX_PATH=${CMAKE_PREFIX_PATH}:/home/mihkel/School/ThesisPractical/ros2_ws/install/hospital_carrier:/opt/ros/humble /usr/bin/cmake --build /home/mihkel/School/ThesisPractical/ros2_ws/build/depthimage_to_laserscan -- -j12 -l12
[0.605s] Invoking command in '/home/mihkel/School/ThesisPractical/ros2_ws/build/depthimage_to_laserscan': CMAKE_PREFIX_PATH=${CMAKE_PREFIX_PATH}:/home/mihkel/School/ThesisPractical/ros2_ws/install/hospital_carrier:/opt/ros/humble /usr/bin/cmake --install /home/mihkel/School/ThesisPractical/ros2_ws/build/depthimage_to_laserscan
[0.624s] -- Install configuration: ""
[0.625s] -- Up-to-date: /home/mihkel/School/ThesisPractical/ros2_ws/install/depthimage_to_laserscan/include/depthimage_to_laserscan
[0.625s] -- Up-to-date: /home/mihkel/School/ThesisPractical/ros2_ws/install/depthimage_to_laserscan/include/depthimage_to_laserscan/depthimage_to_laserscan
[0.626s] -- Up-to-date: /home/mihkel/School/ThesisPractical/ros2_ws/install/depthimage_to_laserscan/include/depthimage_to_laserscan/depthimage_to_laserscan/DepthImageToLaserScan.hpp
[0.626s] -- Up-to-date: /home/mihkel/School/ThesisPractical/ros2_ws/install/depthimage_to_laserscan/include/depthimage_to_laserscan/depthimage_to_laserscan/DepthImageToLaserScanROS.hpp
[0.626s] -- Up-to-date: /home/mihkel/School/ThesisPractical/ros2_ws/install/depthimage_to_laserscan/include/depthimage_to_laserscan/depthimage_to_laserscan/depth_traits.hpp
[0.626s] -- Up-to-date: /home/mihkel/School/ThesisPractical/ros2_ws/install/depthimage_to_laserscan/share/depthimage_to_laserscan//launch
[0.627s] -- Up-to-date: /home/mihkel/School/ThesisPractical/ros2_ws/install/depthimage_to_laserscan/share/depthimage_to_laserscan//launch/depthimage_to_laserscan-launch.py
[0.627s] -- Up-to-date: /home/mihkel/School/ThesisPractical/ros2_ws/install/depthimage_to_laserscan/share/depthimage_to_laserscan//launch/depthimage_to_laserscan_composed-launch.py
[0.627s] -- Up-to-date: /home/mihkel/School/ThesisPractical/ros2_ws/install/depthimage_to_laserscan/share/depthimage_to_laserscan//cfg
[0.628s] -- Up-to-date: /home/mihkel/School/ThesisPractical/ros2_ws/install/depthimage_to_laserscan/share/depthimage_to_laserscan//cfg/param.yaml
[0.628s] -- Up-to-date: /home/mihkel/School/ThesisPractical/ros2_ws/install/depthimage_to_laserscan/lib/libDepthImageToLaserScan.so
[0.628s] -- Up-to-date: /home/mihkel/School/ThesisPractical/ros2_ws/install/depthimage_to_laserscan/lib/libDepthImageToLaserScanROS.so
[0.630s] -- Up-to-date: /home/mihkel/School/ThesisPractical/ros2_ws/install/depthimage_to_laserscan/lib/depthimage_to_laserscan/depthimage_to_laserscan_node
[0.630s] -- Up-to-date: /home/mihkel/School/ThesisPractical/ros2_ws/install/depthimage_to_laserscan/include/depthimage_to_laserscan/depthimage_to_laserscan/DepthImageToLaserScan_export.h
[0.630s] -- Up-to-date: /home/mihkel/School/ThesisPractical/ros2_ws/install/depthimage_to_laserscan/include/depthimage_to_laserscan/depthimage_to_laserscan/DepthImageToLaserScanROS_export.h
[0.631s] -- Up-to-date: /home/mihkel/School/ThesisPractical/ros2_ws/install/depthimage_to_laserscan/share/depthimage_to_laserscan/environment/library_path.sh
[0.631s] -- Up-to-date: /home/mihkel/School/ThesisPractical/ros2_ws/install/depthimage_to_laserscan/share/depthimage_to_laserscan/environment/library_path.dsv
[0.631s] -- Up-to-date: /home/mihkel/School/ThesisPractical/ros2_ws/install/depthimage_to_laserscan/share/ament_index/resource_index/package_run_dependencies/depthimage_to_laserscan
[0.631s] -- Up-to-date: /home/mihkel/School/ThesisPractical/ros2_ws/install/depthimage_to_laserscan/share/ament_index/resource_index/parent_prefix_path/depthimage_to_laserscan
[0.631s] -- Up-to-date: /home/mihkel/School/ThesisPractical/ros2_ws/install/depthimage_to_laserscan/share/depthimage_to_laserscan/environment/ament_prefix_path.sh
[0.632s] -- Up-to-date: /home/mihkel/School/ThesisPractical/ros2_ws/install/depthimage_to_laserscan/share/depthimage_to_laserscan/environment/ament_prefix_path.dsv
[0.632s] -- Up-to-date: /home/mihkel/School/ThesisPractical/ros2_ws/install/depthimage_to_laserscan/share/depthimage_to_laserscan/environment/path.sh
[0.632s] -- Up-to-date: /home/mihkel/School/ThesisPractical/ros2_ws/install/depthimage_to_laserscan/share/depthimage_to_laserscan/environment/path.dsv
[0.633s] -- Up-to-date: /home/mihkel/School/ThesisPractical/ros2_ws/install/depthimage_to_laserscan/share/depthimage_to_laserscan/local_setup.bash
[0.633s] -- Up-to-date: /home/mihkel/School/ThesisPractical/ros2_ws/install/depthimage_to_laserscan/share/depthimage_to_laserscan/local_setup.sh
[0.634s] -- Up-to-date: /home/mihkel/School/ThesisPractical/ros2_ws/install/depthimage_to_laserscan/share/depthimage_to_laserscan/local_setup.zsh
[0.636s] -- Up-to-date: /home/mihkel/School/ThesisPractical/ros2_ws/install/depthimage_to_laserscan/share/depthimage_to_laserscan/local_setup.dsv
[0.638s] -- Installing: /home/mihkel/School/ThesisPractical/ros2_ws/install/depthimage_to_laserscan/share/depthimage_to_laserscan/package.dsv
[0.638s] -- Up-to-date: /home/mihkel/School/ThesisPractical/ros2_ws/install/depthimage_to_laserscan/share/ament_index/resource_index/packages/depthimage_to_laserscan
[0.638s] -- Up-to-date: /home/mihkel/School/ThesisPractical/ros2_ws/install/depthimage_to_laserscan/share/ament_index/resource_index/rclcpp_components/depthimage_to_laserscan
[0.639s] -- Up-to-date: /home/mihkel/School/ThesisPractical/ros2_ws/install/depthimage_to_laserscan/share/depthimage_to_laserscan/cmake/export_depthimage_to_laserscanExport.cmake
[0.639s] -- Up-to-date: /home/mihkel/School/ThesisPractical/ros2_ws/install/depthimage_to_laserscan/share/depthimage_to_laserscan/cmake/export_depthimage_to_laserscanExport-noconfig.cmake
[0.640s] -- Up-to-date: /home/mihkel/School/ThesisPractical/ros2_ws/install/depthimage_to_laserscan/share/depthimage_to_laserscan/cmake/ament_cmake_export_include_directories-extras.cmake
[0.641s] -- Up-to-date: /home/mihkel/School/ThesisPractical/ros2_ws/install/depthimage_to_laserscan/share/depthimage_to_laserscan/cmake/ament_cmake_export_libraries-extras.cmake
[0.641s] -- Up-to-date: /home/mihkel/School/ThesisPractical/ros2_ws/install/depthimage_to_laserscan/share/depthimage_to_laserscan/cmake/ament_cmake_export_targets-extras.cmake
[0.642s] -- Up-to-date: /home/mihkel/School/ThesisPractical/ros2_ws/install/depthimage_to_laserscan/share/depthimage_to_laserscan/cmake/ament_cmake_export_dependencies-extras.cmake
[0.642s] -- Up-to-date: /home/mihkel/School/ThesisPractical/ros2_ws/install/depthimage_to_laserscan/share/depthimage_to_laserscan/cmake/depthimage_to_laserscanConfig.cmake
[0.643s] -- Up-to-date: /home/mihkel/School/ThesisPractical/ros2_ws/install/depthimage_to_laserscan/share/depthimage_to_laserscan/cmake/depthimage_to_laserscanConfig-version.cmake
[0.643s] -- Up-to-date: /home/mihkel/School/ThesisPractical/ros2_ws/install/depthimage_to_laserscan/share/depthimage_to_laserscan/package.xml
[0.644s] Invoked command in '/home/mihkel/School/ThesisPractical/ros2_ws/build/depthimage_to_laserscan' returned '0': CMAKE_PREFIX_PATH=${CMAKE_PREFIX_PATH}:/home/mihkel/School/ThesisPractical/ros2_ws/install/hospital_carrier:/opt/ros/humble /usr/bin/cmake --install /home/mihkel/School/ThesisPractical/ros2_ws/build/depthimage_to_laserscan
