running egg_info
creating ../../build/hospital_carrier/hospital_carrier.egg-info
writing ../../build/hospital_carrier/hospital_carrier.egg-info/PKG-INFO
writing dependency_links to ../../build/hospital_carrier/hospital_carrier.egg-info/dependency_links.txt
writing entry points to ../../build/hospital_carrier/hospital_carrier.egg-info/entry_points.txt
writing requirements to ../../build/hospital_carrier/hospital_carrier.egg-info/requires.txt
writing top-level names to ../../build/hospital_carrier/hospital_carrier.egg-info/top_level.txt
writing manifest file '../../build/hospital_carrier/hospital_carrier.egg-info/SOURCES.txt'
reading manifest file '../../build/hospital_carrier/hospital_carrier.egg-info/SOURCES.txt'
writing manifest file '../../build/hospital_carrier/hospital_carrier.egg-info/SOURCES.txt'
running build
running build_py
creating /home/mihkel/School/ThesisPractical/ros2_ws/build/hospital_carrier/build
creating /home/mihkel/School/ThesisPractical/ros2_ws/build/hospital_carrier/build/lib
creating /home/mihkel/School/ThesisPractical/ros2_ws/build/hospital_carrier/build/lib/hospital_carrier
copying hospital_carrier/Controllers.py -> /home/mihkel/School/ThesisPractical/ros2_ws/build/hospital_carrier/build/lib/hospital_carrier
copying hospital_carrier/EncoderSim.py -> /home/mihkel/School/ThesisPractical/ros2_ws/build/hospital_carrier/build/lib/hospital_carrier
copying hospital_carrier/ObjDetectionExample.py -> /home/mihkel/School/ThesisPractical/ros2_ws/build/hospital_carrier/build/lib/hospital_carrier
copying hospital_carrier/PS4Controller.py -> /home/mihkel/School/ThesisPractical/ros2_ws/build/hospital_carrier/build/lib/hospital_carrier
copying hospital_carrier/MqttVideoStreamer.py -> /home/mihkel/School/ThesisPractical/ros2_ws/build/hospital_carrier/build/lib/hospital_carrier
copying hospital_carrier/Odrives.py -> /home/mihkel/School/ThesisPractical/ros2_ws/build/hospital_carrier/build/lib/hospital_carrier
copying hospital_carrier/MqttListener.py -> /home/mihkel/School/ThesisPractical/ros2_ws/build/hospital_carrier/build/lib/hospital_carrier
copying hospital_carrier/odrives_calibrate.py -> /home/mihkel/School/ThesisPractical/ros2_ws/build/hospital_carrier/build/lib/hospital_carrier
copying hospital_carrier/ObstacleAvoidanceHelpers.py -> /home/mihkel/School/ThesisPractical/ros2_ws/build/hospital_carrier/build/lib/hospital_carrier
copying hospital_carrier/ReadQR.py -> /home/mihkel/School/ThesisPractical/ros2_ws/build/hospital_carrier/build/lib/hospital_carrier
copying hospital_carrier/odrive_axes_of.py -> /home/mihkel/School/ThesisPractical/ros2_ws/build/hospital_carrier/build/lib/hospital_carrier
copying hospital_carrier/open3d_ros_helper.py -> /home/mihkel/School/ThesisPractical/ros2_ws/build/hospital_carrier/build/lib/hospital_carrier
copying hospital_carrier/ColorPicker.py -> /home/mihkel/School/ThesisPractical/ros2_ws/build/hospital_carrier/build/lib/hospital_carrier
copying hospital_carrier/odrive_connection.py -> /home/mihkel/School/ThesisPractical/ros2_ws/build/hospital_carrier/build/lib/hospital_carrier
copying hospital_carrier/Localizer.py -> /home/mihkel/School/ThesisPractical/ros2_ws/build/hospital_carrier/build/lib/hospital_carrier
copying hospital_carrier/odrive_errors.py -> /home/mihkel/School/ThesisPractical/ros2_ws/build/hospital_carrier/build/lib/hospital_carrier
copying hospital_carrier/omniwheel_velocity_calc.py -> /home/mihkel/School/ThesisPractical/ros2_ws/build/hospital_carrier/build/lib/hospital_carrier
copying hospital_carrier/PointcloudToPly.py -> /home/mihkel/School/ThesisPractical/ros2_ws/build/hospital_carrier/build/lib/hospital_carrier
copying hospital_carrier/CoordinateNavigator.py -> /home/mihkel/School/ThesisPractical/ros2_ws/build/hospital_carrier/build/lib/hospital_carrier
copying hospital_carrier/ReadAruco.py -> /home/mihkel/School/ThesisPractical/ros2_ws/build/hospital_carrier/build/lib/hospital_carrier
copying hospital_carrier/MqttOdomAndStatus.py -> /home/mihkel/School/ThesisPractical/ros2_ws/build/hospital_carrier/build/lib/hospital_carrier
copying hospital_carrier/OperationModeControl.py -> /home/mihkel/School/ThesisPractical/ros2_ws/build/hospital_carrier/build/lib/hospital_carrier
copying hospital_carrier/DebugDisplay.py -> /home/mihkel/School/ThesisPractical/ros2_ws/build/hospital_carrier/build/lib/hospital_carrier
copying hospital_carrier/__init__.py -> /home/mihkel/School/ThesisPractical/ros2_ws/build/hospital_carrier/build/lib/hospital_carrier
copying hospital_carrier/OdomCalculator.py -> /home/mihkel/School/ThesisPractical/ros2_ws/build/hospital_carrier/build/lib/hospital_carrier
copying hospital_carrier/watchdog.py -> /home/mihkel/School/ThesisPractical/ros2_ws/build/hospital_carrier/build/lib/hospital_carrier
copying hospital_carrier/odrive_uart.py -> /home/mihkel/School/ThesisPractical/ros2_ws/build/hospital_carrier/build/lib/hospital_carrier
copying hospital_carrier/MqttRemoteControl.py -> /home/mihkel/School/ThesisPractical/ros2_ws/build/hospital_carrier/build/lib/hospital_carrier
copying hospital_carrier/Follower.py -> /home/mihkel/School/ThesisPractical/ros2_ws/build/hospital_carrier/build/lib/hospital_carrier
copying hospital_carrier/odrives_config.py -> /home/mihkel/School/ThesisPractical/ros2_ws/build/hospital_carrier/build/lib/hospital_carrier
copying hospital_carrier/odrives_connect.py -> /home/mihkel/School/ThesisPractical/ros2_ws/build/hospital_carrier/build/lib/hospital_carrier
running install
running install_lib
running install_data
copying launch/mapping.launch -> /home/mihkel/School/ThesisPractical/ros2_ws/install/hospital_carrier/share/hospital_carrier/launch
running install_egg_info
removing '/home/mihkel/School/ThesisPractical/ros2_ws/install/hospital_carrier/lib/python3.10/site-packages/hospital_carrier-0.0.0-py3.10.egg-info' (and everything under it)
Copying ../../build/hospital_carrier/hospital_carrier.egg-info to /home/mihkel/School/ThesisPractical/ros2_ws/install/hospital_carrier/lib/python3.10/site-packages/hospital_carrier-0.0.0-py3.10.egg-info
running install_scripts
Installing CoordinateNavigator script to /home/mihkel/School/ThesisPractical/ros2_ws/install/hospital_carrier/lib/hospital_carrier
Installing DebugDisplay script to /home/mihkel/School/ThesisPractical/ros2_ws/install/hospital_carrier/lib/hospital_carrier
Installing EncoderSim script to /home/mihkel/School/ThesisPractical/ros2_ws/install/hospital_carrier/lib/hospital_carrier
Installing Follower script to /home/mihkel/School/ThesisPractical/ros2_ws/install/hospital_carrier/lib/hospital_carrier
Installing Localizer script to /home/mihkel/School/ThesisPractical/ros2_ws/install/hospital_carrier/lib/hospital_carrier
Installing MqttListener script to /home/mihkel/School/ThesisPractical/ros2_ws/install/hospital_carrier/lib/hospital_carrier
Installing MqttOdomAndStatus script to /home/mihkel/School/ThesisPractical/ros2_ws/install/hospital_carrier/lib/hospital_carrier
Installing MqttRemoteControl script to /home/mihkel/School/ThesisPractical/ros2_ws/install/hospital_carrier/lib/hospital_carrier
Installing MqttVideoStreamer script to /home/mihkel/School/ThesisPractical/ros2_ws/install/hospital_carrier/lib/hospital_carrier
Installing OdomCalculator script to /home/mihkel/School/ThesisPractical/ros2_ws/install/hospital_carrier/lib/hospital_carrier
Installing Odrives script to /home/mihkel/School/ThesisPractical/ros2_ws/install/hospital_carrier/lib/hospital_carrier
Installing OperationModeControl script to /home/mihkel/School/ThesisPractical/ros2_ws/install/hospital_carrier/lib/hospital_carrier
Installing PS4Controller script to /home/mihkel/School/ThesisPractical/ros2_ws/install/hospital_carrier/lib/hospital_carrier
Installing PointcloudToPly script to /home/mihkel/School/ThesisPractical/ros2_ws/install/hospital_carrier/lib/hospital_carrier
Installing ReadAruco script to /home/mihkel/School/ThesisPractical/ros2_ws/install/hospital_carrier/lib/hospital_carrier
writing list of installed files to '/home/mihkel/School/ThesisPractical/ros2_ws/build/hospital_carrier/install.log'
