[5.304s] DEBUG:colcon:Command line arguments: ['/usr/bin/colcon', 'build']
[5.304s] DEBUG:colcon:Parsed command line arguments: Namespace(log_base=None, log_level=None, verb_name='build', build_base='build', install_base='install', merge_install=False, symlink_install=False, test_result_base=None, continue_on_error=False, executor='parallel', parallel_workers=12, event_handlers=None, ignore_user_meta=False, metas=['./colcon.meta'], base_paths=['.'], packages_ignore=None, packages_ignore_regex=None, paths=None, packages_up_to=None, packages_up_to_regex=None, packages_above=None, packages_above_and_dependencies=None, packages_above_depth=None, packages_select_by_dep=None, packages_skip_by_dep=None, packages_skip_up_to=None, packages_select_build_failed=False, packages_skip_build_finished=False, packages_select_test_failures=False, packages_skip_test_passed=False, packages_select=None, packages_skip=None, packages_select_regex=None, packages_skip_regex=None, packages_start=None, packages_end=None, allow_overriding=[], cmake_args=None, cmake_target=None, cmake_target_skip_unavailable=False, cmake_clean_cache=False, cmake_clean_first=False, cmake_force_configure=False, ament_cmake_args=None, catkin_cmake_args=None, catkin_skip_building_tests=False, verb_parser=<colcon_defaults.argument_parser.defaults.DefaultArgumentsDecorator object at 0x7f1e2dc6b520>, verb_extension=<colcon_core.verb.build.BuildVerb object at 0x7f1e2dc6a890>, main=<bound method BuildVerb.main of <colcon_core.verb.build.BuildVerb object at 0x7f1e2dc6a890>>)
[5.531s] Level 1:colcon.colcon_core.package_discovery:discover_packages(colcon_meta) check parameters
[5.531s] Level 1:colcon.colcon_core.package_discovery:discover_packages(recursive) check parameters
[5.531s] Level 1:colcon.colcon_core.package_discovery:discover_packages(ignore) check parameters
[5.531s] Level 1:colcon.colcon_core.package_discovery:discover_packages(path) check parameters
[5.531s] Level 1:colcon.colcon_core.package_discovery:discover_packages(colcon_meta) discover
[5.532s] Level 1:colcon.colcon_core.package_discovery:discover_packages(recursive) discover
[5.532s] INFO:colcon.colcon_core.package_discovery:Crawling recursively for packages in '/home/mihkel/School/ThesisPractical/myros_ws'
[5.532s] Level 1:colcon.colcon_core.package_identification:_identify(.) by extensions ['ignore', 'ignore_ament_install']
[5.532s] Level 1:colcon.colcon_core.package_identification:_identify(.) by extension 'ignore'
[5.532s] Level 1:colcon.colcon_core.package_identification:_identify(.) by extension 'ignore_ament_install'
[5.533s] Level 1:colcon.colcon_core.package_identification:_identify(.) by extensions ['colcon_pkg']
[5.533s] Level 1:colcon.colcon_core.package_identification:_identify(.) by extension 'colcon_pkg'
[5.533s] Level 1:colcon.colcon_core.package_identification:_identify(.) by extensions ['colcon_meta']
[5.533s] Level 1:colcon.colcon_core.package_identification:_identify(.) by extension 'colcon_meta'
[5.533s] Level 1:colcon.colcon_core.package_identification:_identify(.) by extensions ['ros']
[5.533s] Level 1:colcon.colcon_core.package_identification:_identify(.) by extension 'ros'
[5.581s] Level 1:colcon.colcon_core.package_identification:_identify(.) by extensions ['cmake', 'python']
[5.582s] Level 1:colcon.colcon_core.package_identification:_identify(.) by extension 'cmake'
[5.582s] Level 1:colcon.colcon_core.package_identification:_identify(.) by extension 'python'
[5.582s] Level 1:colcon.colcon_core.package_identification:_identify(.) by extensions ['python_setup_py']
[5.582s] Level 1:colcon.colcon_core.package_identification:_identify(.) by extension 'python_setup_py'
[5.582s] Level 1:colcon.colcon_core.package_identification:_identify(build) by extensions ['ignore', 'ignore_ament_install']
[5.583s] Level 1:colcon.colcon_core.package_identification:_identify(build) by extension 'ignore'
[5.583s] Level 1:colcon.colcon_core.package_identification:_identify(build) ignored
[5.583s] Level 1:colcon.colcon_core.package_identification:_identify(install) by extensions ['ignore', 'ignore_ament_install']
[5.584s] Level 1:colcon.colcon_core.package_identification:_identify(install) by extension 'ignore'
[5.584s] Level 1:colcon.colcon_core.package_identification:_identify(install) ignored
[5.584s] Level 1:colcon.colcon_core.package_identification:_identify(log) by extensions ['ignore', 'ignore_ament_install']
[5.584s] Level 1:colcon.colcon_core.package_identification:_identify(log) by extension 'ignore'
[5.584s] Level 1:colcon.colcon_core.package_identification:_identify(log) ignored
[5.585s] Level 1:colcon.colcon_core.package_identification:_identify(params) by extensions ['ignore', 'ignore_ament_install']
[5.585s] Level 1:colcon.colcon_core.package_identification:_identify(params) by extension 'ignore'
[5.585s] Level 1:colcon.colcon_core.package_identification:_identify(params) by extension 'ignore_ament_install'
[5.585s] Level 1:colcon.colcon_core.package_identification:_identify(params) by extensions ['colcon_pkg']
[5.585s] Level 1:colcon.colcon_core.package_identification:_identify(params) by extension 'colcon_pkg'
[5.586s] Level 1:colcon.colcon_core.package_identification:_identify(params) by extensions ['colcon_meta']
[5.586s] Level 1:colcon.colcon_core.package_identification:_identify(params) by extension 'colcon_meta'
[5.586s] Level 1:colcon.colcon_core.package_identification:_identify(params) by extensions ['ros']
[5.586s] Level 1:colcon.colcon_core.package_identification:_identify(params) by extension 'ros'
[5.586s] Level 1:colcon.colcon_core.package_identification:_identify(params) by extensions ['cmake', 'python']
[5.586s] Level 1:colcon.colcon_core.package_identification:_identify(params) by extension 'cmake'
[5.586s] Level 1:colcon.colcon_core.package_identification:_identify(params) by extension 'python'
[5.587s] Level 1:colcon.colcon_core.package_identification:_identify(params) by extensions ['python_setup_py']
[5.587s] Level 1:colcon.colcon_core.package_identification:_identify(params) by extension 'python_setup_py'
[5.587s] Level 1:colcon.colcon_core.package_identification:_identify(src) by extensions ['ignore', 'ignore_ament_install']
[5.587s] Level 1:colcon.colcon_core.package_identification:_identify(src) by extension 'ignore'
[5.588s] Level 1:colcon.colcon_core.package_identification:_identify(src) by extension 'ignore_ament_install'
[5.588s] Level 1:colcon.colcon_core.package_identification:_identify(src) by extensions ['colcon_pkg']
[5.588s] Level 1:colcon.colcon_core.package_identification:_identify(src) by extension 'colcon_pkg'
[5.588s] Level 1:colcon.colcon_core.package_identification:_identify(src) by extensions ['colcon_meta']
[5.588s] Level 1:colcon.colcon_core.package_identification:_identify(src) by extension 'colcon_meta'
[5.588s] Level 1:colcon.colcon_core.package_identification:_identify(src) by extensions ['ros']
[5.588s] Level 1:colcon.colcon_core.package_identification:_identify(src) by extension 'ros'
[5.589s] Level 1:colcon.colcon_core.package_identification:_identify(src) by extensions ['cmake', 'python']
[5.589s] Level 1:colcon.colcon_core.package_identification:_identify(src) by extension 'cmake'
[5.589s] Level 1:colcon.colcon_core.package_identification:_identify(src) by extension 'python'
[5.589s] Level 1:colcon.colcon_core.package_identification:_identify(src) by extensions ['python_setup_py']
[5.589s] Level 1:colcon.colcon_core.package_identification:_identify(src) by extension 'python_setup_py'
[5.589s] Level 1:colcon.colcon_core.package_identification:_identify(src/a_semantic_interfaces) by extensions ['ignore', 'ignore_ament_install']
[5.590s] Level 1:colcon.colcon_core.package_identification:_identify(src/a_semantic_interfaces) by extension 'ignore'
[5.590s] Level 1:colcon.colcon_core.package_identification:_identify(src/a_semantic_interfaces) by extension 'ignore_ament_install'
[5.590s] Level 1:colcon.colcon_core.package_identification:_identify(src/a_semantic_interfaces) by extensions ['colcon_pkg']
[5.590s] Level 1:colcon.colcon_core.package_identification:_identify(src/a_semantic_interfaces) by extension 'colcon_pkg'
[5.590s] Level 1:colcon.colcon_core.package_identification:_identify(src/a_semantic_interfaces) by extensions ['colcon_meta']
[5.590s] Level 1:colcon.colcon_core.package_identification:_identify(src/a_semantic_interfaces) by extension 'colcon_meta'
[5.591s] Level 1:colcon.colcon_core.package_identification:_identify(src/a_semantic_interfaces) by extensions ['ros']
[5.591s] Level 1:colcon.colcon_core.package_identification:_identify(src/a_semantic_interfaces) by extension 'ros'
[5.597s] DEBUG:colcon.colcon_core.package_identification:Package 'src/a_semantic_interfaces' with type 'ros.ament_cmake' and name 'tutorial_interfaces'
[5.597s] Level 1:colcon.colcon_core.package_identification:_identify(src/a_semantic_rules) by extensions ['ignore', 'ignore_ament_install']
[5.598s] Level 1:colcon.colcon_core.package_identification:_identify(src/a_semantic_rules) by extension 'ignore'
[5.598s] Level 1:colcon.colcon_core.package_identification:_identify(src/a_semantic_rules) by extension 'ignore_ament_install'
[5.598s] Level 1:colcon.colcon_core.package_identification:_identify(src/a_semantic_rules) by extensions ['colcon_pkg']
[5.598s] Level 1:colcon.colcon_core.package_identification:_identify(src/a_semantic_rules) by extension 'colcon_pkg'
[5.598s] Level 1:colcon.colcon_core.package_identification:_identify(src/a_semantic_rules) by extensions ['colcon_meta']
[5.599s] Level 1:colcon.colcon_core.package_identification:_identify(src/a_semantic_rules) by extension 'colcon_meta'
[5.599s] Level 1:colcon.colcon_core.package_identification:_identify(src/a_semantic_rules) by extensions ['ros']
[5.599s] Level 1:colcon.colcon_core.package_identification:_identify(src/a_semantic_rules) by extension 'ros'
[5.601s] DEBUG:colcon.colcon_core.package_identification:Package 'src/a_semantic_rules' with type 'ros.ament_python' and name 'py_srvcli'
[5.601s] Level 1:colcon.colcon_core.package_identification:_identify(src/a_simple_costmap_plugin) by extensions ['ignore', 'ignore_ament_install']
[5.601s] Level 1:colcon.colcon_core.package_identification:_identify(src/a_simple_costmap_plugin) by extension 'ignore'
[5.602s] Level 1:colcon.colcon_core.package_identification:_identify(src/a_simple_costmap_plugin) ignored
[5.602s] Level 1:colcon.colcon_core.package_identification:_identify(src/deep_nav_layers) by extensions ['ignore', 'ignore_ament_install']
[5.602s] Level 1:colcon.colcon_core.package_identification:_identify(src/deep_nav_layers) by extension 'ignore'
[5.602s] Level 1:colcon.colcon_core.package_identification:_identify(src/deep_nav_layers) ignored
[5.603s] Level 1:colcon.colcon_core.package_identification:_identify(src/navigation2_dynamic) by extensions ['ignore', 'ignore_ament_install']
[5.603s] Level 1:colcon.colcon_core.package_identification:_identify(src/navigation2_dynamic) by extension 'ignore'
[5.603s] Level 1:colcon.colcon_core.package_identification:_identify(src/navigation2_dynamic) by extension 'ignore_ament_install'
[5.603s] Level 1:colcon.colcon_core.package_identification:_identify(src/navigation2_dynamic) by extensions ['colcon_pkg']
[5.603s] Level 1:colcon.colcon_core.package_identification:_identify(src/navigation2_dynamic) by extension 'colcon_pkg'
[5.603s] Level 1:colcon.colcon_core.package_identification:_identify(src/navigation2_dynamic) by extensions ['colcon_meta']
[5.604s] Level 1:colcon.colcon_core.package_identification:_identify(src/navigation2_dynamic) by extension 'colcon_meta'
[5.604s] Level 1:colcon.colcon_core.package_identification:_identify(src/navigation2_dynamic) by extensions ['ros']
[5.604s] Level 1:colcon.colcon_core.package_identification:_identify(src/navigation2_dynamic) by extension 'ros'
[5.604s] Level 1:colcon.colcon_core.package_identification:_identify(src/navigation2_dynamic) by extensions ['cmake', 'python']
[5.604s] Level 1:colcon.colcon_core.package_identification:_identify(src/navigation2_dynamic) by extension 'cmake'
[5.604s] Level 1:colcon.colcon_core.package_identification:_identify(src/navigation2_dynamic) by extension 'python'
[5.605s] Level 1:colcon.colcon_core.package_identification:_identify(src/navigation2_dynamic) by extensions ['python_setup_py']
[5.605s] Level 1:colcon.colcon_core.package_identification:_identify(src/navigation2_dynamic) by extension 'python_setup_py'
[5.605s] Level 1:colcon.colcon_core.package_identification:_identify(src/navigation2_dynamic/kf_hungarian_tracker) by extensions ['ignore', 'ignore_ament_install']
[5.605s] Level 1:colcon.colcon_core.package_identification:_identify(src/navigation2_dynamic/kf_hungarian_tracker) by extension 'ignore'
[5.605s] Level 1:colcon.colcon_core.package_identification:_identify(src/navigation2_dynamic/kf_hungarian_tracker) by extension 'ignore_ament_install'
[5.606s] Level 1:colcon.colcon_core.package_identification:_identify(src/navigation2_dynamic/kf_hungarian_tracker) by extensions ['colcon_pkg']
[5.606s] Level 1:colcon.colcon_core.package_identification:_identify(src/navigation2_dynamic/kf_hungarian_tracker) by extension 'colcon_pkg'
[5.606s] Level 1:colcon.colcon_core.package_identification:_identify(src/navigation2_dynamic/kf_hungarian_tracker) by extensions ['colcon_meta']
[5.606s] Level 1:colcon.colcon_core.package_identification:_identify(src/navigation2_dynamic/kf_hungarian_tracker) by extension 'colcon_meta'
[5.606s] Level 1:colcon.colcon_core.package_identification:_identify(src/navigation2_dynamic/kf_hungarian_tracker) by extensions ['ros']
[5.606s] Level 1:colcon.colcon_core.package_identification:_identify(src/navigation2_dynamic/kf_hungarian_tracker) by extension 'ros'
[5.608s] DEBUG:colcon.colcon_core.package_identification:Package 'src/navigation2_dynamic/kf_hungarian_tracker' with type 'ros.ament_python' and name 'kf_hungarian_tracker'
[5.608s] Level 1:colcon.colcon_core.package_identification:_identify(src/navigation2_dynamic/nav2_dynamic_msgs) by extensions ['ignore', 'ignore_ament_install']
[5.608s] Level 1:colcon.colcon_core.package_identification:_identify(src/navigation2_dynamic/nav2_dynamic_msgs) by extension 'ignore'
[5.609s] Level 1:colcon.colcon_core.package_identification:_identify(src/navigation2_dynamic/nav2_dynamic_msgs) by extension 'ignore_ament_install'
[5.609s] Level 1:colcon.colcon_core.package_identification:_identify(src/navigation2_dynamic/nav2_dynamic_msgs) by extensions ['colcon_pkg']
[5.609s] Level 1:colcon.colcon_core.package_identification:_identify(src/navigation2_dynamic/nav2_dynamic_msgs) by extension 'colcon_pkg'
[5.609s] Level 1:colcon.colcon_core.package_identification:_identify(src/navigation2_dynamic/nav2_dynamic_msgs) by extensions ['colcon_meta']
[5.609s] Level 1:colcon.colcon_core.package_identification:_identify(src/navigation2_dynamic/nav2_dynamic_msgs) by extension 'colcon_meta'
[5.609s] Level 1:colcon.colcon_core.package_identification:_identify(src/navigation2_dynamic/nav2_dynamic_msgs) by extensions ['ros']
[5.609s] Level 1:colcon.colcon_core.package_identification:_identify(src/navigation2_dynamic/nav2_dynamic_msgs) by extension 'ros'
[5.611s] DEBUG:colcon.colcon_core.package_identification:Package 'src/navigation2_dynamic/nav2_dynamic_msgs' with type 'ros.ament_cmake' and name 'nav2_dynamic_msgs'
[5.612s] Level 1:colcon.colcon_core.package_identification:_identify(src/semantic_segmentation) by extensions ['ignore', 'ignore_ament_install']
[5.612s] Level 1:colcon.colcon_core.package_identification:_identify(src/semantic_segmentation) by extension 'ignore'
[5.612s] Level 1:colcon.colcon_core.package_identification:_identify(src/semantic_segmentation) by extension 'ignore_ament_install'
[5.612s] Level 1:colcon.colcon_core.package_identification:_identify(src/semantic_segmentation) by extensions ['colcon_pkg']
[5.613s] Level 1:colcon.colcon_core.package_identification:_identify(src/semantic_segmentation) by extension 'colcon_pkg'
[5.613s] Level 1:colcon.colcon_core.package_identification:_identify(src/semantic_segmentation) by extensions ['colcon_meta']
[5.613s] Level 1:colcon.colcon_core.package_identification:_identify(src/semantic_segmentation) by extension 'colcon_meta'
[5.613s] Level 1:colcon.colcon_core.package_identification:_identify(src/semantic_segmentation) by extensions ['ros']
[5.613s] Level 1:colcon.colcon_core.package_identification:_identify(src/semantic_segmentation) by extension 'ros'
[5.614s] DEBUG:colcon.colcon_core.package_identification:Package 'src/semantic_segmentation' with type 'ros.ament_python' and name 'semantic_segmentation'
[5.615s] Level 1:colcon.colcon_core.package_identification:_identify(src/tutorials) by extensions ['ignore', 'ignore_ament_install']
[5.615s] Level 1:colcon.colcon_core.package_identification:_identify(src/tutorials) by extension 'ignore'
[5.615s] Level 1:colcon.colcon_core.package_identification:_identify(src/tutorials) ignored
[5.616s] Level 1:colcon.colcon_core.package_identification:_identify(src/yolov8_ros) by extensions ['ignore', 'ignore_ament_install']
[5.616s] Level 1:colcon.colcon_core.package_identification:_identify(src/yolov8_ros) by extension 'ignore'
[5.616s] Level 1:colcon.colcon_core.package_identification:_identify(src/yolov8_ros) by extension 'ignore_ament_install'
[5.616s] Level 1:colcon.colcon_core.package_identification:_identify(src/yolov8_ros) by extensions ['colcon_pkg']
[5.616s] Level 1:colcon.colcon_core.package_identification:_identify(src/yolov8_ros) by extension 'colcon_pkg'
[5.616s] Level 1:colcon.colcon_core.package_identification:_identify(src/yolov8_ros) by extensions ['colcon_meta']
[5.617s] Level 1:colcon.colcon_core.package_identification:_identify(src/yolov8_ros) by extension 'colcon_meta'
[5.617s] Level 1:colcon.colcon_core.package_identification:_identify(src/yolov8_ros) by extensions ['ros']
[5.617s] Level 1:colcon.colcon_core.package_identification:_identify(src/yolov8_ros) by extension 'ros'
[5.617s] Level 1:colcon.colcon_core.package_identification:_identify(src/yolov8_ros) by extensions ['cmake', 'python']
[5.617s] Level 1:colcon.colcon_core.package_identification:_identify(src/yolov8_ros) by extension 'cmake'
[5.617s] Level 1:colcon.colcon_core.package_identification:_identify(src/yolov8_ros) by extension 'python'
[5.617s] Level 1:colcon.colcon_core.package_identification:_identify(src/yolov8_ros) by extensions ['python_setup_py']
[5.618s] Level 1:colcon.colcon_core.package_identification:_identify(src/yolov8_ros) by extension 'python_setup_py'
[5.618s] Level 1:colcon.colcon_core.package_identification:_identify(src/yolov8_ros/docs) by extensions ['ignore', 'ignore_ament_install']
[5.618s] Level 1:colcon.colcon_core.package_identification:_identify(src/yolov8_ros/docs) by extension 'ignore'
[5.618s] Level 1:colcon.colcon_core.package_identification:_identify(src/yolov8_ros/docs) by extension 'ignore_ament_install'
[5.619s] Level 1:colcon.colcon_core.package_identification:_identify(src/yolov8_ros/docs) by extensions ['colcon_pkg']
[5.619s] Level 1:colcon.colcon_core.package_identification:_identify(src/yolov8_ros/docs) by extension 'colcon_pkg'
[5.619s] Level 1:colcon.colcon_core.package_identification:_identify(src/yolov8_ros/docs) by extensions ['colcon_meta']
[5.619s] Level 1:colcon.colcon_core.package_identification:_identify(src/yolov8_ros/docs) by extension 'colcon_meta'
[5.619s] Level 1:colcon.colcon_core.package_identification:_identify(src/yolov8_ros/docs) by extensions ['ros']
[5.619s] Level 1:colcon.colcon_core.package_identification:_identify(src/yolov8_ros/docs) by extension 'ros'
[5.620s] Level 1:colcon.colcon_core.package_identification:_identify(src/yolov8_ros/docs) by extensions ['cmake', 'python']
[5.620s] Level 1:colcon.colcon_core.package_identification:_identify(src/yolov8_ros/docs) by extension 'cmake'
[5.620s] Level 1:colcon.colcon_core.package_identification:_identify(src/yolov8_ros/docs) by extension 'python'
[5.620s] Level 1:colcon.colcon_core.package_identification:_identify(src/yolov8_ros/docs) by extensions ['python_setup_py']
[5.620s] Level 1:colcon.colcon_core.package_identification:_identify(src/yolov8_ros/docs) by extension 'python_setup_py'
[5.620s] Level 1:colcon.colcon_core.package_identification:_identify(src/yolov8_ros/yolov8_bringup) by extensions ['ignore', 'ignore_ament_install']
[5.621s] Level 1:colcon.colcon_core.package_identification:_identify(src/yolov8_ros/yolov8_bringup) by extension 'ignore'
[5.621s] Level 1:colcon.colcon_core.package_identification:_identify(src/yolov8_ros/yolov8_bringup) by extension 'ignore_ament_install'
[5.621s] Level 1:colcon.colcon_core.package_identification:_identify(src/yolov8_ros/yolov8_bringup) by extensions ['colcon_pkg']
[5.621s] Level 1:colcon.colcon_core.package_identification:_identify(src/yolov8_ros/yolov8_bringup) by extension 'colcon_pkg'
[5.621s] Level 1:colcon.colcon_core.package_identification:_identify(src/yolov8_ros/yolov8_bringup) by extensions ['colcon_meta']
[5.621s] Level 1:colcon.colcon_core.package_identification:_identify(src/yolov8_ros/yolov8_bringup) by extension 'colcon_meta'
[5.622s] Level 1:colcon.colcon_core.package_identification:_identify(src/yolov8_ros/yolov8_bringup) by extensions ['ros']
[5.622s] Level 1:colcon.colcon_core.package_identification:_identify(src/yolov8_ros/yolov8_bringup) by extension 'ros'
[5.623s] DEBUG:colcon.colcon_core.package_identification:Package 'src/yolov8_ros/yolov8_bringup' with type 'ros.ament_cmake' and name 'yolov8_bringup'
[5.624s] Level 1:colcon.colcon_core.package_identification:_identify(src/yolov8_ros/yolov8_msgs) by extensions ['ignore', 'ignore_ament_install']
[5.624s] Level 1:colcon.colcon_core.package_identification:_identify(src/yolov8_ros/yolov8_msgs) by extension 'ignore'
[5.624s] Level 1:colcon.colcon_core.package_identification:_identify(src/yolov8_ros/yolov8_msgs) by extension 'ignore_ament_install'
[5.624s] Level 1:colcon.colcon_core.package_identification:_identify(src/yolov8_ros/yolov8_msgs) by extensions ['colcon_pkg']
[5.625s] Level 1:colcon.colcon_core.package_identification:_identify(src/yolov8_ros/yolov8_msgs) by extension 'colcon_pkg'
[5.625s] Level 1:colcon.colcon_core.package_identification:_identify(src/yolov8_ros/yolov8_msgs) by extensions ['colcon_meta']
[5.625s] Level 1:colcon.colcon_core.package_identification:_identify(src/yolov8_ros/yolov8_msgs) by extension 'colcon_meta'
[5.625s] Level 1:colcon.colcon_core.package_identification:_identify(src/yolov8_ros/yolov8_msgs) by extensions ['ros']
[5.625s] Level 1:colcon.colcon_core.package_identification:_identify(src/yolov8_ros/yolov8_msgs) by extension 'ros'
[5.627s] DEBUG:colcon.colcon_core.package_identification:Package 'src/yolov8_ros/yolov8_msgs' with type 'ros.ament_cmake' and name 'yolov8_msgs'
[5.627s] Level 1:colcon.colcon_core.package_identification:_identify(src/yolov8_ros/yolov8_ros) by extensions ['ignore', 'ignore_ament_install']
[5.628s] Level 1:colcon.colcon_core.package_identification:_identify(src/yolov8_ros/yolov8_ros) by extension 'ignore'
[5.628s] Level 1:colcon.colcon_core.package_identification:_identify(src/yolov8_ros/yolov8_ros) by extension 'ignore_ament_install'
[5.628s] Level 1:colcon.colcon_core.package_identification:_identify(src/yolov8_ros/yolov8_ros) by extensions ['colcon_pkg']
[5.628s] Level 1:colcon.colcon_core.package_identification:_identify(src/yolov8_ros/yolov8_ros) by extension 'colcon_pkg'
[5.628s] Level 1:colcon.colcon_core.package_identification:_identify(src/yolov8_ros/yolov8_ros) by extensions ['colcon_meta']
[5.628s] Level 1:colcon.colcon_core.package_identification:_identify(src/yolov8_ros/yolov8_ros) by extension 'colcon_meta'
[5.629s] Level 1:colcon.colcon_core.package_identification:_identify(src/yolov8_ros/yolov8_ros) by extensions ['ros']
[5.629s] Level 1:colcon.colcon_core.package_identification:_identify(src/yolov8_ros/yolov8_ros) by extension 'ros'
[5.631s] DEBUG:colcon.colcon_core.package_identification:Package 'src/yolov8_ros/yolov8_ros' with type 'ros.ament_python' and name 'yolov8_ros'
[5.631s] Level 1:colcon.colcon_core.package_discovery:discover_packages(recursive) using defaults
[5.631s] Level 1:colcon.colcon_core.package_discovery:discover_packages(ignore) discover
[5.631s] Level 1:colcon.colcon_core.package_discovery:discover_packages(ignore) using defaults
[5.631s] Level 1:colcon.colcon_core.package_discovery:discover_packages(path) discover
[5.632s] Level 1:colcon.colcon_core.package_discovery:discover_packages(path) using defaults
[6.150s] Level 1:colcon.colcon_core.package_discovery:discover_packages(prefix_path) check parameters
[6.150s] Level 1:colcon.colcon_core.package_discovery:discover_packages(prefix_path) discover
[6.314s] DEBUG:colcon.colcon_installed_package_information.package_discovery:Found 397 installed packages in /opt/ros/humble
[6.319s] Level 1:colcon.colcon_core.package_discovery:discover_packages(prefix_path) using defaults
[6.599s] Level 5:colcon.colcon_core.verb:set package 'nav2_dynamic_msgs' build argument 'cmake_args' from command line to 'None'
[6.599s] Level 5:colcon.colcon_core.verb:set package 'nav2_dynamic_msgs' build argument 'cmake_target' from command line to 'None'
[6.599s] Level 5:colcon.colcon_core.verb:set package 'nav2_dynamic_msgs' build argument 'cmake_target_skip_unavailable' from command line to 'False'
[6.599s] Level 5:colcon.colcon_core.verb:set package 'nav2_dynamic_msgs' build argument 'cmake_clean_cache' from command line to 'False'
[6.599s] Level 5:colcon.colcon_core.verb:set package 'nav2_dynamic_msgs' build argument 'cmake_clean_first' from command line to 'False'
[6.599s] Level 5:colcon.colcon_core.verb:set package 'nav2_dynamic_msgs' build argument 'cmake_force_configure' from command line to 'False'
[6.599s] Level 5:colcon.colcon_core.verb:set package 'nav2_dynamic_msgs' build argument 'ament_cmake_args' from command line to 'None'
[6.599s] Level 5:colcon.colcon_core.verb:set package 'nav2_dynamic_msgs' build argument 'catkin_cmake_args' from command line to 'None'
[6.599s] Level 5:colcon.colcon_core.verb:set package 'nav2_dynamic_msgs' build argument 'catkin_skip_building_tests' from command line to 'False'
[6.599s] DEBUG:colcon.colcon_core.verb:Building package 'nav2_dynamic_msgs' with the following arguments: {'ament_cmake_args': None, 'build_base': '/home/mihkel/School/ThesisPractical/myros_ws/build/nav2_dynamic_msgs', 'catkin_cmake_args': None, 'catkin_skip_building_tests': False, 'cmake_args': None, 'cmake_clean_cache': False, 'cmake_clean_first': False, 'cmake_force_configure': False, 'cmake_target': None, 'cmake_target_skip_unavailable': False, 'install_base': '/home/mihkel/School/ThesisPractical/myros_ws/install/nav2_dynamic_msgs', 'merge_install': False, 'path': '/home/mihkel/School/ThesisPractical/myros_ws/src/navigation2_dynamic/nav2_dynamic_msgs', 'symlink_install': False, 'test_result_base': None}
[6.652s] Level 5:colcon.colcon_core.verb:set package 'py_srvcli' build argument 'cmake_args' from command line to 'None'
[6.652s] Level 5:colcon.colcon_core.verb:set package 'py_srvcli' build argument 'cmake_target' from command line to 'None'
[6.652s] Level 5:colcon.colcon_core.verb:set package 'py_srvcli' build argument 'cmake_target_skip_unavailable' from command line to 'False'
[6.652s] Level 5:colcon.colcon_core.verb:set package 'py_srvcli' build argument 'cmake_clean_cache' from command line to 'False'
[6.653s] Level 5:colcon.colcon_core.verb:set package 'py_srvcli' build argument 'cmake_clean_first' from command line to 'False'
[6.653s] Level 5:colcon.colcon_core.verb:set package 'py_srvcli' build argument 'cmake_force_configure' from command line to 'False'
[6.653s] Level 5:colcon.colcon_core.verb:set package 'py_srvcli' build argument 'ament_cmake_args' from command line to 'None'
[6.653s] Level 5:colcon.colcon_core.verb:set package 'py_srvcli' build argument 'catkin_cmake_args' from command line to 'None'
[6.653s] Level 5:colcon.colcon_core.verb:set package 'py_srvcli' build argument 'catkin_skip_building_tests' from command line to 'False'
[6.653s] DEBUG:colcon.colcon_core.verb:Building package 'py_srvcli' with the following arguments: {'ament_cmake_args': None, 'build_base': '/home/mihkel/School/ThesisPractical/myros_ws/build/py_srvcli', 'catkin_cmake_args': None, 'catkin_skip_building_tests': False, 'cmake_args': None, 'cmake_clean_cache': False, 'cmake_clean_first': False, 'cmake_force_configure': False, 'cmake_target': None, 'cmake_target_skip_unavailable': False, 'install_base': '/home/mihkel/School/ThesisPractical/myros_ws/install/py_srvcli', 'merge_install': False, 'path': '/home/mihkel/School/ThesisPractical/myros_ws/src/a_semantic_rules', 'symlink_install': False, 'test_result_base': None}
[6.705s] Level 5:colcon.colcon_core.verb:set package 'semantic_segmentation' build argument 'cmake_args' from command line to 'None'
[6.705s] Level 5:colcon.colcon_core.verb:set package 'semantic_segmentation' build argument 'cmake_target' from command line to 'None'
[6.705s] Level 5:colcon.colcon_core.verb:set package 'semantic_segmentation' build argument 'cmake_target_skip_unavailable' from command line to 'False'
[6.705s] Level 5:colcon.colcon_core.verb:set package 'semantic_segmentation' build argument 'cmake_clean_cache' from command line to 'False'
[6.705s] Level 5:colcon.colcon_core.verb:set package 'semantic_segmentation' build argument 'cmake_clean_first' from command line to 'False'
[6.705s] Level 5:colcon.colcon_core.verb:set package 'semantic_segmentation' build argument 'cmake_force_configure' from command line to 'False'
[6.705s] Level 5:colcon.colcon_core.verb:set package 'semantic_segmentation' build argument 'ament_cmake_args' from command line to 'None'
[6.705s] Level 5:colcon.colcon_core.verb:set package 'semantic_segmentation' build argument 'catkin_cmake_args' from command line to 'None'
[6.705s] Level 5:colcon.colcon_core.verb:set package 'semantic_segmentation' build argument 'catkin_skip_building_tests' from command line to 'False'
[6.705s] DEBUG:colcon.colcon_core.verb:Building package 'semantic_segmentation' with the following arguments: {'ament_cmake_args': None, 'build_base': '/home/mihkel/School/ThesisPractical/myros_ws/build/semantic_segmentation', 'catkin_cmake_args': None, 'catkin_skip_building_tests': False, 'cmake_args': None, 'cmake_clean_cache': False, 'cmake_clean_first': False, 'cmake_force_configure': False, 'cmake_target': None, 'cmake_target_skip_unavailable': False, 'install_base': '/home/mihkel/School/ThesisPractical/myros_ws/install/semantic_segmentation', 'merge_install': False, 'path': '/home/mihkel/School/ThesisPractical/myros_ws/src/semantic_segmentation', 'symlink_install': False, 'test_result_base': None}
[6.755s] Level 5:colcon.colcon_core.verb:set package 'tutorial_interfaces' build argument 'cmake_args' from command line to 'None'
[6.755s] Level 5:colcon.colcon_core.verb:set package 'tutorial_interfaces' build argument 'cmake_target' from command line to 'None'
[6.755s] Level 5:colcon.colcon_core.verb:set package 'tutorial_interfaces' build argument 'cmake_target_skip_unavailable' from command line to 'False'
[6.755s] Level 5:colcon.colcon_core.verb:set package 'tutorial_interfaces' build argument 'cmake_clean_cache' from command line to 'False'
[6.755s] Level 5:colcon.colcon_core.verb:set package 'tutorial_interfaces' build argument 'cmake_clean_first' from command line to 'False'
[6.755s] Level 5:colcon.colcon_core.verb:set package 'tutorial_interfaces' build argument 'cmake_force_configure' from command line to 'False'
[6.755s] Level 5:colcon.colcon_core.verb:set package 'tutorial_interfaces' build argument 'ament_cmake_args' from command line to 'None'
[6.756s] Level 5:colcon.colcon_core.verb:set package 'tutorial_interfaces' build argument 'catkin_cmake_args' from command line to 'None'
[6.756s] Level 5:colcon.colcon_core.verb:set package 'tutorial_interfaces' build argument 'catkin_skip_building_tests' from command line to 'False'
[6.756s] DEBUG:colcon.colcon_core.verb:Building package 'tutorial_interfaces' with the following arguments: {'ament_cmake_args': None, 'build_base': '/home/mihkel/School/ThesisPractical/myros_ws/build/tutorial_interfaces', 'catkin_cmake_args': None, 'catkin_skip_building_tests': False, 'cmake_args': None, 'cmake_clean_cache': False, 'cmake_clean_first': False, 'cmake_force_configure': False, 'cmake_target': None, 'cmake_target_skip_unavailable': False, 'install_base': '/home/mihkel/School/ThesisPractical/myros_ws/install/tutorial_interfaces', 'merge_install': False, 'path': '/home/mihkel/School/ThesisPractical/myros_ws/src/a_semantic_interfaces', 'symlink_install': False, 'test_result_base': None}
[6.805s] Level 5:colcon.colcon_core.verb:set package 'yolov8_msgs' build argument 'cmake_args' from command line to 'None'
[6.805s] Level 5:colcon.colcon_core.verb:set package 'yolov8_msgs' build argument 'cmake_target' from command line to 'None'
[6.805s] Level 5:colcon.colcon_core.verb:set package 'yolov8_msgs' build argument 'cmake_target_skip_unavailable' from command line to 'False'
[6.805s] Level 5:colcon.colcon_core.verb:set package 'yolov8_msgs' build argument 'cmake_clean_cache' from command line to 'False'
[6.805s] Level 5:colcon.colcon_core.verb:set package 'yolov8_msgs' build argument 'cmake_clean_first' from command line to 'False'
[6.806s] Level 5:colcon.colcon_core.verb:set package 'yolov8_msgs' build argument 'cmake_force_configure' from command line to 'False'
[6.806s] Level 5:colcon.colcon_core.verb:set package 'yolov8_msgs' build argument 'ament_cmake_args' from command line to 'None'
[6.806s] Level 5:colcon.colcon_core.verb:set package 'yolov8_msgs' build argument 'catkin_cmake_args' from command line to 'None'
[6.806s] Level 5:colcon.colcon_core.verb:set package 'yolov8_msgs' build argument 'catkin_skip_building_tests' from command line to 'False'
[6.806s] DEBUG:colcon.colcon_core.verb:Building package 'yolov8_msgs' with the following arguments: {'ament_cmake_args': None, 'build_base': '/home/mihkel/School/ThesisPractical/myros_ws/build/yolov8_msgs', 'catkin_cmake_args': None, 'catkin_skip_building_tests': False, 'cmake_args': None, 'cmake_clean_cache': False, 'cmake_clean_first': False, 'cmake_force_configure': False, 'cmake_target': None, 'cmake_target_skip_unavailable': False, 'install_base': '/home/mihkel/School/ThesisPractical/myros_ws/install/yolov8_msgs', 'merge_install': False, 'path': '/home/mihkel/School/ThesisPractical/myros_ws/src/yolov8_ros/yolov8_msgs', 'symlink_install': False, 'test_result_base': None}
[6.856s] Level 5:colcon.colcon_core.verb:set package 'yolov8_ros' build argument 'cmake_args' from command line to 'None'
[6.856s] Level 5:colcon.colcon_core.verb:set package 'yolov8_ros' build argument 'cmake_target' from command line to 'None'
[6.856s] Level 5:colcon.colcon_core.verb:set package 'yolov8_ros' build argument 'cmake_target_skip_unavailable' from command line to 'False'
[6.856s] Level 5:colcon.colcon_core.verb:set package 'yolov8_ros' build argument 'cmake_clean_cache' from command line to 'False'
[6.856s] Level 5:colcon.colcon_core.verb:set package 'yolov8_ros' build argument 'cmake_clean_first' from command line to 'False'
[6.856s] Level 5:colcon.colcon_core.verb:set package 'yolov8_ros' build argument 'cmake_force_configure' from command line to 'False'
[6.856s] Level 5:colcon.colcon_core.verb:set package 'yolov8_ros' build argument 'ament_cmake_args' from command line to 'None'
[6.856s] Level 5:colcon.colcon_core.verb:set package 'yolov8_ros' build argument 'catkin_cmake_args' from command line to 'None'
[6.856s] Level 5:colcon.colcon_core.verb:set package 'yolov8_ros' build argument 'catkin_skip_building_tests' from command line to 'False'
[6.856s] DEBUG:colcon.colcon_core.verb:Building package 'yolov8_ros' with the following arguments: {'ament_cmake_args': None, 'build_base': '/home/mihkel/School/ThesisPractical/myros_ws/build/yolov8_ros', 'catkin_cmake_args': None, 'catkin_skip_building_tests': False, 'cmake_args': None, 'cmake_clean_cache': False, 'cmake_clean_first': False, 'cmake_force_configure': False, 'cmake_target': None, 'cmake_target_skip_unavailable': False, 'install_base': '/home/mihkel/School/ThesisPractical/myros_ws/install/yolov8_ros', 'merge_install': False, 'path': '/home/mihkel/School/ThesisPractical/myros_ws/src/yolov8_ros/yolov8_ros', 'symlink_install': False, 'test_result_base': None}
[6.911s] Level 5:colcon.colcon_core.verb:set package 'kf_hungarian_tracker' build argument 'cmake_args' from command line to 'None'
[6.911s] Level 5:colcon.colcon_core.verb:set package 'kf_hungarian_tracker' build argument 'cmake_target' from command line to 'None'
[6.911s] Level 5:colcon.colcon_core.verb:set package 'kf_hungarian_tracker' build argument 'cmake_target_skip_unavailable' from command line to 'False'
[6.911s] Level 5:colcon.colcon_core.verb:set package 'kf_hungarian_tracker' build argument 'cmake_clean_cache' from command line to 'False'
[6.911s] Level 5:colcon.colcon_core.verb:set package 'kf_hungarian_tracker' build argument 'cmake_clean_first' from command line to 'False'
[6.911s] Level 5:colcon.colcon_core.verb:set package 'kf_hungarian_tracker' build argument 'cmake_force_configure' from command line to 'False'
[6.911s] Level 5:colcon.colcon_core.verb:set package 'kf_hungarian_tracker' build argument 'ament_cmake_args' from command line to 'None'
[6.911s] Level 5:colcon.colcon_core.verb:set package 'kf_hungarian_tracker' build argument 'catkin_cmake_args' from command line to 'None'
[6.912s] Level 5:colcon.colcon_core.verb:set package 'kf_hungarian_tracker' build argument 'catkin_skip_building_tests' from command line to 'False'
[6.912s] DEBUG:colcon.colcon_core.verb:Building package 'kf_hungarian_tracker' with the following arguments: {'ament_cmake_args': None, 'build_base': '/home/mihkel/School/ThesisPractical/myros_ws/build/kf_hungarian_tracker', 'catkin_cmake_args': None, 'catkin_skip_building_tests': False, 'cmake_args': None, 'cmake_clean_cache': False, 'cmake_clean_first': False, 'cmake_force_configure': False, 'cmake_target': None, 'cmake_target_skip_unavailable': False, 'install_base': '/home/mihkel/School/ThesisPractical/myros_ws/install/kf_hungarian_tracker', 'merge_install': False, 'path': '/home/mihkel/School/ThesisPractical/myros_ws/src/navigation2_dynamic/kf_hungarian_tracker', 'symlink_install': False, 'test_result_base': None}
[6.965s] Level 5:colcon.colcon_core.verb:set package 'yolov8_bringup' build argument 'cmake_args' from command line to 'None'
[6.965s] Level 5:colcon.colcon_core.verb:set package 'yolov8_bringup' build argument 'cmake_target' from command line to 'None'
[6.965s] Level 5:colcon.colcon_core.verb:set package 'yolov8_bringup' build argument 'cmake_target_skip_unavailable' from command line to 'False'
[6.965s] Level 5:colcon.colcon_core.verb:set package 'yolov8_bringup' build argument 'cmake_clean_cache' from command line to 'False'
[6.965s] Level 5:colcon.colcon_core.verb:set package 'yolov8_bringup' build argument 'cmake_clean_first' from command line to 'False'
[6.965s] Level 5:colcon.colcon_core.verb:set package 'yolov8_bringup' build argument 'cmake_force_configure' from command line to 'False'
[6.965s] Level 5:colcon.colcon_core.verb:set package 'yolov8_bringup' build argument 'ament_cmake_args' from command line to 'None'
[6.965s] Level 5:colcon.colcon_core.verb:set package 'yolov8_bringup' build argument 'catkin_cmake_args' from command line to 'None'
[6.965s] Level 5:colcon.colcon_core.verb:set package 'yolov8_bringup' build argument 'catkin_skip_building_tests' from command line to 'False'
[6.965s] DEBUG:colcon.colcon_core.verb:Building package 'yolov8_bringup' with the following arguments: {'ament_cmake_args': None, 'build_base': '/home/mihkel/School/ThesisPractical/myros_ws/build/yolov8_bringup', 'catkin_cmake_args': None, 'catkin_skip_building_tests': False, 'cmake_args': None, 'cmake_clean_cache': False, 'cmake_clean_first': False, 'cmake_force_configure': False, 'cmake_target': None, 'cmake_target_skip_unavailable': False, 'install_base': '/home/mihkel/School/ThesisPractical/myros_ws/install/yolov8_bringup', 'merge_install': False, 'path': '/home/mihkel/School/ThesisPractical/myros_ws/src/yolov8_ros/yolov8_bringup', 'symlink_install': False, 'test_result_base': None}
[7.015s] INFO:colcon.colcon_core.executor:Executing jobs using 'parallel' executor
[7.065s] DEBUG:colcon.colcon_parallel_executor.executor.parallel:run_until_complete
[7.066s] INFO:colcon.colcon_ros.task.ament_cmake.build:Building ROS package in '/home/mihkel/School/ThesisPractical/myros_ws/src/navigation2_dynamic/nav2_dynamic_msgs' with build type 'ament_cmake'
[7.066s] INFO:colcon.colcon_cmake.task.cmake.build:Building CMake package in '/home/mihkel/School/ThesisPractical/myros_ws/src/navigation2_dynamic/nav2_dynamic_msgs'
[7.127s] INFO:colcon.colcon_core.plugin_system:Skipping extension 'colcon_core.shell.bat': Not used on non-Windows systems
[7.127s] INFO:colcon.colcon_core.shell:Skip shell extension 'powershell' for command environment: Not usable outside of PowerShell
[7.127s] DEBUG:colcon.colcon_core.shell:Skip shell extension 'dsv' for command environment
[7.244s] INFO:colcon.colcon_ros.task.ament_python.build:Building ROS package in '/home/mihkel/School/ThesisPractical/myros_ws/src/yolov8_ros/yolov8_ros' with build type 'ament_python'
[7.244s] Level 1:colcon.colcon_core.shell:create_environment_hook('yolov8_ros', 'ament_prefix_path')
[7.310s] INFO:colcon.colcon_core.shell:Creating environment hook '/home/mihkel/School/ThesisPractical/myros_ws/install/yolov8_ros/share/yolov8_ros/hook/ament_prefix_path.ps1'
[7.312s] INFO:colcon.colcon_core.shell:Creating environment descriptor '/home/mihkel/School/ThesisPractical/myros_ws/install/yolov8_ros/share/yolov8_ros/hook/ament_prefix_path.dsv'
[7.313s] INFO:colcon.colcon_core.shell:Creating environment hook '/home/mihkel/School/ThesisPractical/myros_ws/install/yolov8_ros/share/yolov8_ros/hook/ament_prefix_path.sh'
[7.374s] INFO:colcon.colcon_core.shell:Skip shell extension 'powershell' for command environment: Not usable outside of PowerShell
[7.374s] DEBUG:colcon.colcon_core.shell:Skip shell extension 'dsv' for command environment
[7.505s] INFO:colcon.colcon_ros.task.ament_python.build:Building ROS package in '/home/mihkel/School/ThesisPractical/myros_ws/src/a_semantic_rules' with build type 'ament_python'
[7.505s] Level 1:colcon.colcon_core.shell:create_environment_hook('py_srvcli', 'ament_prefix_path')
[7.572s] INFO:colcon.colcon_core.shell:Creating environment hook '/home/mihkel/School/ThesisPractical/myros_ws/install/py_srvcli/share/py_srvcli/hook/ament_prefix_path.ps1'
[7.573s] INFO:colcon.colcon_core.shell:Creating environment descriptor '/home/mihkel/School/ThesisPractical/myros_ws/install/py_srvcli/share/py_srvcli/hook/ament_prefix_path.dsv'
[7.574s] INFO:colcon.colcon_core.shell:Creating environment hook '/home/mihkel/School/ThesisPractical/myros_ws/install/py_srvcli/share/py_srvcli/hook/ament_prefix_path.sh'
[7.641s] INFO:colcon.colcon_core.shell:Skip shell extension 'powershell' for command environment: Not usable outside of PowerShell
[7.641s] DEBUG:colcon.colcon_core.shell:Skip shell extension 'dsv' for command environment
[7.770s] INFO:colcon.colcon_ros.task.ament_python.build:Building ROS package in '/home/mihkel/School/ThesisPractical/myros_ws/src/semantic_segmentation' with build type 'ament_python'
[7.770s] Level 1:colcon.colcon_core.shell:create_environment_hook('semantic_segmentation', 'ament_prefix_path')
[7.836s] INFO:colcon.colcon_core.shell:Creating environment hook '/home/mihkel/School/ThesisPractical/myros_ws/install/semantic_segmentation/share/semantic_segmentation/hook/ament_prefix_path.ps1'
[7.838s] INFO:colcon.colcon_core.shell:Creating environment descriptor '/home/mihkel/School/ThesisPractical/myros_ws/install/semantic_segmentation/share/semantic_segmentation/hook/ament_prefix_path.dsv'
[7.839s] INFO:colcon.colcon_core.shell:Creating environment hook '/home/mihkel/School/ThesisPractical/myros_ws/install/semantic_segmentation/share/semantic_segmentation/hook/ament_prefix_path.sh'
[7.905s] INFO:colcon.colcon_core.shell:Skip shell extension 'powershell' for command environment: Not usable outside of PowerShell
[7.905s] DEBUG:colcon.colcon_core.shell:Skip shell extension 'dsv' for command environment
[8.044s] INFO:colcon.colcon_ros.task.ament_cmake.build:Building ROS package in '/home/mihkel/School/ThesisPractical/myros_ws/src/a_semantic_interfaces' with build type 'ament_cmake'
[8.045s] INFO:colcon.colcon_cmake.task.cmake.build:Building CMake package in '/home/mihkel/School/ThesisPractical/myros_ws/src/a_semantic_interfaces'
[8.117s] INFO:colcon.colcon_core.shell:Skip shell extension 'powershell' for command environment: Not usable outside of PowerShell
[8.117s] DEBUG:colcon.colcon_core.shell:Skip shell extension 'dsv' for command environment
[8.258s] INFO:colcon.colcon_ros.task.ament_cmake.build:Building ROS package in '/home/mihkel/School/ThesisPractical/myros_ws/src/yolov8_ros/yolov8_msgs' with build type 'ament_cmake'
[8.259s] INFO:colcon.colcon_cmake.task.cmake.build:Building CMake package in '/home/mihkel/School/ThesisPractical/myros_ws/src/yolov8_ros/yolov8_msgs'
[8.332s] INFO:colcon.colcon_core.shell:Skip shell extension 'powershell' for command environment: Not usable outside of PowerShell
[8.332s] DEBUG:colcon.colcon_core.shell:Skip shell extension 'dsv' for command environment
[8.494s] DEBUG:colcon.colcon_core.event_handler.log_command:Invoking command in '/home/mihkel/School/ThesisPractical/myros_ws/build/nav2_dynamic_msgs': CMAKE_PREFIX_PATH=/opt/ros/humble /home/mihkel/.local/bin/cmake --build /home/mihkel/School/ThesisPractical/myros_ws/build/nav2_dynamic_msgs -- -j12 -l12
[9.482s] INFO:colcon.colcon_core.task.python.build:Building Python package in '/home/mihkel/School/ThesisPractical/myros_ws/src/yolov8_ros/yolov8_ros'
[9.573s] INFO:colcon.colcon_core.shell:Skip shell extension 'powershell' for command environment: Not usable outside of PowerShell
[9.573s] DEBUG:colcon.colcon_core.shell:Skip shell extension 'dsv' for command environment
[10.758s] INFO:colcon.colcon_core.task.python.build:Building Python package in '/home/mihkel/School/ThesisPractical/myros_ws/src/a_semantic_rules'
[10.912s] INFO:colcon.colcon_core.shell:Skip shell extension 'powershell' for command environment: Not usable outside of PowerShell
[10.913s] DEBUG:colcon.colcon_core.shell:Skip shell extension 'dsv' for command environment
[12.074s] INFO:colcon.colcon_core.task.python.build:Building Python package in '/home/mihkel/School/ThesisPractical/myros_ws/src/semantic_segmentation'
[12.169s] INFO:colcon.colcon_core.shell:Skip shell extension 'powershell' for command environment: Not usable outside of PowerShell
[12.169s] DEBUG:colcon.colcon_core.shell:Skip shell extension 'dsv' for command environment
[12.376s] DEBUG:colcon.colcon_core.event_handler.log_command:Invoking command in '/home/mihkel/School/ThesisPractical/myros_ws/build/tutorial_interfaces': CMAKE_PREFIX_PATH=/opt/ros/humble /home/mihkel/.local/bin/cmake /home/mihkel/School/ThesisPractical/myros_ws/src/a_semantic_interfaces -DCMAKE_INSTALL_PREFIX=/home/mihkel/School/ThesisPractical/myros_ws/install/tutorial_interfaces
[12.387s] DEBUG:colcon.colcon_core.event_handler.log_command:Invoking command in '/home/mihkel/School/ThesisPractical/myros_ws/build/yolov8_msgs': CMAKE_PREFIX_PATH=/opt/ros/humble /home/mihkel/.local/bin/cmake --build /home/mihkel/School/ThesisPractical/myros_ws/build/yolov8_msgs -- -j12 -l12
[12.403s] DEBUG:colcon.colcon_core.event_handler.log_command:Invoked command in '/home/mihkel/School/ThesisPractical/myros_ws/build/nav2_dynamic_msgs' returned '0': CMAKE_PREFIX_PATH=/opt/ros/humble /home/mihkel/.local/bin/cmake --build /home/mihkel/School/ThesisPractical/myros_ws/build/nav2_dynamic_msgs -- -j12 -l12
[12.952s] DEBUG:colcon.colcon_core.event_handler.log_command:Invoking command in '/home/mihkel/School/ThesisPractical/myros_ws/build/nav2_dynamic_msgs': CMAKE_PREFIX_PATH=/opt/ros/humble /home/mihkel/.local/bin/cmake --install /home/mihkel/School/ThesisPractical/myros_ws/build/nav2_dynamic_msgs
[13.487s] Level 1:colcon.colcon_core.environment:create_environment_scripts_only(nav2_dynamic_msgs)
[13.490s] DEBUG:colcon.colcon_core.event_handler.log_command:Invoked command in '/home/mihkel/School/ThesisPractical/myros_ws/build/nav2_dynamic_msgs' returned '0': CMAKE_PREFIX_PATH=/opt/ros/humble /home/mihkel/.local/bin/cmake --install /home/mihkel/School/ThesisPractical/myros_ws/build/nav2_dynamic_msgs
[13.655s] Level 1:colcon.colcon_core.environment:checking '/home/mihkel/School/ThesisPractical/myros_ws/install/nav2_dynamic_msgs' for CMake module files
[13.659s] Level 1:colcon.colcon_core.environment:checking '/home/mihkel/School/ThesisPractical/myros_ws/install/nav2_dynamic_msgs' for CMake config files
[13.660s] Level 1:colcon.colcon_core.shell:create_environment_hook('nav2_dynamic_msgs', 'cmake_prefix_path')
[13.814s] INFO:colcon.colcon_core.shell:Creating environment hook '/home/mihkel/School/ThesisPractical/myros_ws/install/nav2_dynamic_msgs/share/nav2_dynamic_msgs/hook/cmake_prefix_path.ps1'
[13.816s] INFO:colcon.colcon_core.shell:Creating environment descriptor '/home/mihkel/School/ThesisPractical/myros_ws/install/nav2_dynamic_msgs/share/nav2_dynamic_msgs/hook/cmake_prefix_path.dsv'
[13.818s] INFO:colcon.colcon_core.shell:Creating environment hook '/home/mihkel/School/ThesisPractical/myros_ws/install/nav2_dynamic_msgs/share/nav2_dynamic_msgs/hook/cmake_prefix_path.sh'
[13.821s] Level 1:colcon.colcon_core.environment:checking '/home/mihkel/School/ThesisPractical/myros_ws/install/nav2_dynamic_msgs/lib'
[13.822s] Level 1:colcon.colcon_core.shell:create_environment_hook('nav2_dynamic_msgs', 'ld_library_path_lib')
[13.974s] INFO:colcon.colcon_core.shell:Creating environment hook '/home/mihkel/School/ThesisPractical/myros_ws/install/nav2_dynamic_msgs/share/nav2_dynamic_msgs/hook/ld_library_path_lib.ps1'
[13.976s] INFO:colcon.colcon_core.shell:Creating environment descriptor '/home/mihkel/School/ThesisPractical/myros_ws/install/nav2_dynamic_msgs/share/nav2_dynamic_msgs/hook/ld_library_path_lib.dsv'
[13.979s] INFO:colcon.colcon_core.shell:Creating environment hook '/home/mihkel/School/ThesisPractical/myros_ws/install/nav2_dynamic_msgs/share/nav2_dynamic_msgs/hook/ld_library_path_lib.sh'
[13.980s] Level 1:colcon.colcon_core.environment:checking '/home/mihkel/School/ThesisPractical/myros_ws/install/nav2_dynamic_msgs/bin'
[13.981s] Level 1:colcon.colcon_core.environment:checking '/home/mihkel/School/ThesisPractical/myros_ws/install/nav2_dynamic_msgs/lib/pkgconfig/nav2_dynamic_msgs.pc'
[13.982s] Level 1:colcon.colcon_core.environment:checking '/home/mihkel/School/ThesisPractical/myros_ws/install/nav2_dynamic_msgs/lib/python3.10/site-packages'
[13.983s] Level 1:colcon.colcon_core.environment:checking '/home/mihkel/School/ThesisPractical/myros_ws/install/nav2_dynamic_msgs/bin'
[14.130s] INFO:colcon.colcon_core.shell:Creating package script '/home/mihkel/School/ThesisPractical/myros_ws/install/nav2_dynamic_msgs/share/nav2_dynamic_msgs/package.ps1'
[14.137s] INFO:colcon.colcon_core.shell:Creating package descriptor '/home/mihkel/School/ThesisPractical/myros_ws/install/nav2_dynamic_msgs/share/nav2_dynamic_msgs/package.dsv'
[14.140s] INFO:colcon.colcon_core.shell:Creating package script '/home/mihkel/School/ThesisPractical/myros_ws/install/nav2_dynamic_msgs/share/nav2_dynamic_msgs/package.sh'
[14.145s] INFO:colcon.colcon_core.shell:Creating package script '/home/mihkel/School/ThesisPractical/myros_ws/install/nav2_dynamic_msgs/share/nav2_dynamic_msgs/package.bash'
[14.148s] INFO:colcon.colcon_core.shell:Creating package script '/home/mihkel/School/ThesisPractical/myros_ws/install/nav2_dynamic_msgs/share/nav2_dynamic_msgs/package.zsh'
[14.152s] Level 1:colcon.colcon_core.environment:create_file_with_runtime_dependencies(/home/mihkel/School/ThesisPractical/myros_ws/install/nav2_dynamic_msgs/share/colcon-core/packages/nav2_dynamic_msgs)
[14.710s] Level 1:colcon.colcon_core.environment:create_environment_scripts_only(nav2_dynamic_msgs)
[14.825s] Level 1:colcon.colcon_core.environment:checking '/home/mihkel/School/ThesisPractical/myros_ws/install/nav2_dynamic_msgs' for CMake module files
[14.828s] Level 1:colcon.colcon_core.environment:checking '/home/mihkel/School/ThesisPractical/myros_ws/install/nav2_dynamic_msgs' for CMake config files
[14.829s] Level 1:colcon.colcon_core.shell:create_environment_hook('nav2_dynamic_msgs', 'cmake_prefix_path')
[14.924s] INFO:colcon.colcon_core.shell:Creating environment hook '/home/mihkel/School/ThesisPractical/myros_ws/install/nav2_dynamic_msgs/share/nav2_dynamic_msgs/hook/cmake_prefix_path.ps1'
[14.926s] INFO:colcon.colcon_core.shell:Creating environment descriptor '/home/mihkel/School/ThesisPractical/myros_ws/install/nav2_dynamic_msgs/share/nav2_dynamic_msgs/hook/cmake_prefix_path.dsv'
[14.928s] INFO:colcon.colcon_core.shell:Creating environment hook '/home/mihkel/School/ThesisPractical/myros_ws/install/nav2_dynamic_msgs/share/nav2_dynamic_msgs/hook/cmake_prefix_path.sh'
[14.929s] Level 1:colcon.colcon_core.environment:checking '/home/mihkel/School/ThesisPractical/myros_ws/install/nav2_dynamic_msgs/lib'
[14.930s] Level 1:colcon.colcon_core.shell:create_environment_hook('nav2_dynamic_msgs', 'ld_library_path_lib')
[15.029s] INFO:colcon.colcon_core.shell:Creating environment hook '/home/mihkel/School/ThesisPractical/myros_ws/install/nav2_dynamic_msgs/share/nav2_dynamic_msgs/hook/ld_library_path_lib.ps1'
[15.032s] INFO:colcon.colcon_core.shell:Creating environment descriptor '/home/mihkel/School/ThesisPractical/myros_ws/install/nav2_dynamic_msgs/share/nav2_dynamic_msgs/hook/ld_library_path_lib.dsv'
[15.034s] INFO:colcon.colcon_core.shell:Creating environment hook '/home/mihkel/School/ThesisPractical/myros_ws/install/nav2_dynamic_msgs/share/nav2_dynamic_msgs/hook/ld_library_path_lib.sh'
[15.035s] Level 1:colcon.colcon_core.environment:checking '/home/mihkel/School/ThesisPractical/myros_ws/install/nav2_dynamic_msgs/bin'
[15.036s] Level 1:colcon.colcon_core.environment:checking '/home/mihkel/School/ThesisPractical/myros_ws/install/nav2_dynamic_msgs/lib/pkgconfig/nav2_dynamic_msgs.pc'
[15.037s] Level 1:colcon.colcon_core.environment:checking '/home/mihkel/School/ThesisPractical/myros_ws/install/nav2_dynamic_msgs/lib/python3.10/site-packages'
[15.039s] Level 1:colcon.colcon_core.environment:checking '/home/mihkel/School/ThesisPractical/myros_ws/install/nav2_dynamic_msgs/bin'
[15.140s] INFO:colcon.colcon_core.shell:Creating package script '/home/mihkel/School/ThesisPractical/myros_ws/install/nav2_dynamic_msgs/share/nav2_dynamic_msgs/package.ps1'
[15.142s] INFO:colcon.colcon_core.shell:Creating package descriptor '/home/mihkel/School/ThesisPractical/myros_ws/install/nav2_dynamic_msgs/share/nav2_dynamic_msgs/package.dsv'
[15.144s] INFO:colcon.colcon_core.shell:Creating package script '/home/mihkel/School/ThesisPractical/myros_ws/install/nav2_dynamic_msgs/share/nav2_dynamic_msgs/package.sh'
[15.146s] INFO:colcon.colcon_core.shell:Creating package script '/home/mihkel/School/ThesisPractical/myros_ws/install/nav2_dynamic_msgs/share/nav2_dynamic_msgs/package.bash'
[15.147s] INFO:colcon.colcon_core.shell:Creating package script '/home/mihkel/School/ThesisPractical/myros_ws/install/nav2_dynamic_msgs/share/nav2_dynamic_msgs/package.zsh'
[15.148s] Level 1:colcon.colcon_core.environment:create_file_with_runtime_dependencies(/home/mihkel/School/ThesisPractical/myros_ws/install/nav2_dynamic_msgs/share/colcon-core/packages/nav2_dynamic_msgs)
[15.149s] INFO:colcon.colcon_ros.task.ament_python.build:Building ROS package in '/home/mihkel/School/ThesisPractical/myros_ws/src/navigation2_dynamic/kf_hungarian_tracker' with build type 'ament_python'
[15.151s] Level 1:colcon.colcon_core.shell:create_environment_hook('kf_hungarian_tracker', 'ament_prefix_path')
[15.255s] INFO:colcon.colcon_core.shell:Creating environment hook '/home/mihkel/School/ThesisPractical/myros_ws/install/kf_hungarian_tracker/share/kf_hungarian_tracker/hook/ament_prefix_path.ps1'
[15.256s] INFO:colcon.colcon_core.shell:Creating environment descriptor '/home/mihkel/School/ThesisPractical/myros_ws/install/kf_hungarian_tracker/share/kf_hungarian_tracker/hook/ament_prefix_path.dsv'
[15.257s] INFO:colcon.colcon_core.shell:Creating environment hook '/home/mihkel/School/ThesisPractical/myros_ws/install/kf_hungarian_tracker/share/kf_hungarian_tracker/hook/ament_prefix_path.sh'
[15.351s] INFO:colcon.colcon_core.shell:Skip shell extension 'powershell' for command environment: Not usable outside of PowerShell
[15.352s] DEBUG:colcon.colcon_core.shell:Skip shell extension 'dsv' for command environment
[15.560s] DEBUG:colcon.colcon_core.event_handler.log_command:Invoked command in '/home/mihkel/School/ThesisPractical/myros_ws/build/tutorial_interfaces' returned '1': CMAKE_PREFIX_PATH=/opt/ros/humble /home/mihkel/.local/bin/cmake /home/mihkel/School/ThesisPractical/myros_ws/src/a_semantic_interfaces -DCMAKE_INSTALL_PREFIX=/home/mihkel/School/ThesisPractical/myros_ws/install/tutorial_interfaces
[16.642s] INFO:colcon.colcon_core.task.python.build:Building Python package in '/home/mihkel/School/ThesisPractical/myros_ws/src/navigation2_dynamic/kf_hungarian_tracker'
[16.736s] INFO:colcon.colcon_core.shell:Skip shell extension 'powershell' for command environment: Not usable outside of PowerShell
[16.737s] DEBUG:colcon.colcon_core.shell:Skip shell extension 'dsv' for command environment
[16.974s] DEBUG:colcon.colcon_core.event_handler.log_command:Invoking command in '/home/mihkel/School/ThesisPractical/myros_ws/build/semantic_segmentation': PYTHONPATH=/home/mihkel/School/ThesisPractical/myros_ws/build/semantic_segmentation/prefix_override:/home/mihkel/School/ThesisPractical/myros_ws/install/semantic_segmentation/lib/python3.10/site-packages:${PYTHONPATH} /usr/bin/python3 setup.py develop --uninstall --editable --build-directory /home/mihkel/School/ThesisPractical/myros_ws/build/semantic_segmentation/build
[16.977s] Level 1:colcon.colcon_core.environment:create_environment_scripts_only(tutorial_interfaces)
[17.126s] Level 1:colcon.colcon_core.environment:checking '/home/mihkel/School/ThesisPractical/myros_ws/install/tutorial_interfaces' for CMake module files
[17.128s] Level 1:colcon.colcon_core.environment:checking '/home/mihkel/School/ThesisPractical/myros_ws/install/tutorial_interfaces' for CMake config files
[17.129s] Level 1:colcon.colcon_core.environment:checking '/home/mihkel/School/ThesisPractical/myros_ws/install/tutorial_interfaces/bin'
[17.129s] Level 1:colcon.colcon_core.environment:checking '/home/mihkel/School/ThesisPractical/myros_ws/install/tutorial_interfaces/lib/pkgconfig/tutorial_interfaces.pc'
[17.131s] Level 1:colcon.colcon_core.environment:checking '/home/mihkel/School/ThesisPractical/myros_ws/install/tutorial_interfaces/lib/python3.10/site-packages'
[17.132s] Level 1:colcon.colcon_core.environment:checking '/home/mihkel/School/ThesisPractical/myros_ws/install/tutorial_interfaces/bin'
[17.328s] INFO:colcon.colcon_core.shell:Creating package script '/home/mihkel/School/ThesisPractical/myros_ws/install/tutorial_interfaces/share/tutorial_interfaces/package.ps1'
[17.330s] INFO:colcon.colcon_core.shell:Creating package descriptor '/home/mihkel/School/ThesisPractical/myros_ws/install/tutorial_interfaces/share/tutorial_interfaces/package.dsv'
[17.332s] INFO:colcon.colcon_core.shell:Creating package script '/home/mihkel/School/ThesisPractical/myros_ws/install/tutorial_interfaces/share/tutorial_interfaces/package.sh'
[17.333s] INFO:colcon.colcon_core.shell:Creating package script '/home/mihkel/School/ThesisPractical/myros_ws/install/tutorial_interfaces/share/tutorial_interfaces/package.bash'
[17.335s] INFO:colcon.colcon_core.shell:Creating package script '/home/mihkel/School/ThesisPractical/myros_ws/install/tutorial_interfaces/share/tutorial_interfaces/package.zsh'
[17.336s] Level 1:colcon.colcon_core.environment:create_file_with_runtime_dependencies(/home/mihkel/School/ThesisPractical/myros_ws/install/tutorial_interfaces/share/colcon-core/packages/tutorial_interfaces)
[17.347s] DEBUG:colcon.colcon_core.event_handler.log_command:Invoking command in '/home/mihkel/School/ThesisPractical/myros_ws/src/a_semantic_rules': PYTHONPATH=/home/mihkel/School/ThesisPractical/myros_ws/build/py_srvcli/prefix_override:/home/mihkel/School/ThesisPractical/myros_ws/install/py_srvcli/lib/python3.10/site-packages:${PYTHONPATH} /usr/bin/python3 setup.py egg_info --egg-base ../../build/py_srvcli build --build-base /home/mihkel/School/ThesisPractical/myros_ws/build/py_srvcli/build install --record /home/mihkel/School/ThesisPractical/myros_ws/build/py_srvcli/install.log --single-version-externally-managed
[17.395s] DEBUG:colcon.colcon_core.event_handler.log_command:Invoking command in '/home/mihkel/School/ThesisPractical/myros_ws/src/yolov8_ros/yolov8_ros': PYTHONPATH=/home/mihkel/School/ThesisPractical/myros_ws/build/yolov8_ros/prefix_override:/home/mihkel/School/ThesisPractical/myros_ws/install/yolov8_ros/lib/python3.10/site-packages:${PYTHONPATH} /usr/bin/python3 setup.py egg_info --egg-base ../../../build/yolov8_ros build --build-base /home/mihkel/School/ThesisPractical/myros_ws/build/yolov8_ros/build install --record /home/mihkel/School/ThesisPractical/myros_ws/build/yolov8_ros/install.log --single-version-externally-managed
[37.965s] DEBUG:colcon.colcon_parallel_executor.executor.parallel:closing loop
[37.966s] DEBUG:colcon.colcon_parallel_executor.executor.parallel:loop closed
[37.966s] DEBUG:colcon.colcon_parallel_executor.executor.parallel:run_until_complete finished with '1'
[37.967s] DEBUG:colcon.colcon_core.event_reactor:joining thread
[38.085s] INFO:colcon.colcon_core.plugin_system:Skipping extension 'colcon_notification.desktop_notification.terminal_notifier': Not used on non-Darwin systems
[38.085s] INFO:colcon.colcon_core.plugin_system:Skipping extension 'colcon_notification.desktop_notification.win32': Not used on non-Windows systems
[38.086s] INFO:colcon.colcon_notification.desktop_notification:Sending desktop notification using 'notify2'
[38.117s] DEBUG:colcon.colcon_core.event_reactor:joined thread
[38.191s] INFO:colcon.colcon_core.shell:Creating prefix script '/home/mihkel/School/ThesisPractical/myros_ws/install/local_setup.ps1'
[38.193s] INFO:colcon.colcon_core.shell:Creating prefix util module '/home/mihkel/School/ThesisPractical/myros_ws/install/_local_setup_util_ps1.py'
[38.196s] INFO:colcon.colcon_core.shell:Creating prefix chain script '/home/mihkel/School/ThesisPractical/myros_ws/install/setup.ps1'
[38.259s] INFO:colcon.colcon_core.shell:Creating prefix script '/home/mihkel/School/ThesisPractical/myros_ws/install/local_setup.sh'
[38.260s] INFO:colcon.colcon_core.shell:Creating prefix util module '/home/mihkel/School/ThesisPractical/myros_ws/install/_local_setup_util_sh.py'
[38.261s] INFO:colcon.colcon_core.shell:Creating prefix chain script '/home/mihkel/School/ThesisPractical/myros_ws/install/setup.sh'
[38.323s] INFO:colcon.colcon_core.shell:Creating prefix script '/home/mihkel/School/ThesisPractical/myros_ws/install/local_setup.bash'
[38.324s] INFO:colcon.colcon_core.shell:Creating prefix chain script '/home/mihkel/School/ThesisPractical/myros_ws/install/setup.bash'
[38.384s] INFO:colcon.colcon_core.shell:Creating prefix script '/home/mihkel/School/ThesisPractical/myros_ws/install/local_setup.zsh'
[38.385s] INFO:colcon.colcon_core.shell:Creating prefix chain script '/home/mihkel/School/ThesisPractical/myros_ws/install/setup.zsh'
