[3.828s] Invoking command in '/home/mihkel/School/ThesisPractical/myros_ws/build/semantic_segmentation': PYTHONPATH=/home/mihkel/School/ThesisPractical/myros_ws/build/semantic_segmentation/prefix_override:/home/mihkel/School/ThesisPractical/myros_ws/install/semantic_segmentation/lib/python3.10/site-packages:${PYTHONPATH} /usr/bin/python3 setup.py develop --editable --build-directory /home/mihkel/School/ThesisPractical/myros_ws/build/semantic_segmentation/build --no-deps install_data
[5.255s] running develop
[6.188s] running egg_info
[6.189s] creating semantic_segmentation.egg-info
[6.189s] writing semantic_segmentation.egg-info/PKG-INFO
[6.190s] writing dependency_links to semantic_segmentation.egg-info/dependency_links.txt
[6.190s] writing entry points to semantic_segmentation.egg-info/entry_points.txt
[6.191s] writing requirements to semantic_segmentation.egg-info/requires.txt
[6.191s] writing top-level names to semantic_segmentation.egg-info/top_level.txt
[6.192s] writing manifest file 'semantic_segmentation.egg-info/SOURCES.txt'
[6.198s] reading manifest file 'semantic_segmentation.egg-info/SOURCES.txt'
[6.201s] writing manifest file 'semantic_segmentation.egg-info/SOURCES.txt'
[6.335s] running build_ext
[6.336s] Creating /home/mihkel/School/ThesisPractical/myros_ws/install/semantic_segmentation/lib/python3.10/site-packages/semantic-segmentation.egg-link (link to .)
[6.338s] Installing segmentation script to /home/mihkel/School/ThesisPractical/myros_ws/install/semantic_segmentation/lib/semantic_segmentation
[6.339s] 
[6.340s] Installed /home/mihkel/School/ThesisPractical/myros_ws/build/semantic_segmentation
[6.340s] running install_data
[6.341s] creating /home/mihkel/School/ThesisPractical/myros_ws/install/semantic_segmentation/share/ament_index
[6.341s] creating /home/mihkel/School/ThesisPractical/myros_ws/install/semantic_segmentation/share/ament_index/resource_index
[6.341s] creating /home/mihkel/School/ThesisPractical/myros_ws/install/semantic_segmentation/share/ament_index/resource_index/packages
[6.342s] copying resource/semantic_segmentation -> /home/mihkel/School/ThesisPractical/myros_ws/install/semantic_segmentation/share/ament_index/resource_index/packages
[6.342s] copying package.xml -> /home/mihkel/School/ThesisPractical/myros_ws/install/semantic_segmentation/share/semantic_segmentation
[6.452s] Invoked command in '/home/mihkel/School/ThesisPractical/myros_ws/build/semantic_segmentation' returned '0': PYTHONPATH=/home/mihkel/School/ThesisPractical/myros_ws/build/semantic_segmentation/prefix_override:/home/mihkel/School/ThesisPractical/myros_ws/install/semantic_segmentation/lib/python3.10/site-packages:${PYTHONPATH} /usr/bin/python3 setup.py develop --editable --build-directory /home/mihkel/School/ThesisPractical/myros_ws/build/semantic_segmentation/build --no-deps install_data
