[33mCMake Warning (dev) at CMakeLists.txt:88 (EXEC_PROGRAM):
  Policy CMP0153 is not set: The exec_program command should not be called.
  Run "cmake --help-policy CMP0153" for policy details.  Use the cmake_policy
  command to set the policy and suppress this warning.

  Use execute_process() instead.
This warning is for project developers.  Use -Wno-dev to suppress it.
[0m
[33mCMake Warning (dev) at /usr/lib/x86_64-linux-gnu/cmake/pcl/PCLConfig.cmake:146 (find_package):
  Policy CMP0144 is not set: find_package uses upper-case <PACKAGENAME>_ROOT
  variables.  Run "cmake --help-policy CMP0144" for policy details.  Use the
  cmake_policy command to set the policy and suppress this warning.

  CMake variable EIGEN_ROOT is set to:

    /usr/include/eigen3

  For compatibility, find_package is ignoring the variable, but code in a
  .cmake module might still use it.
Call Stack (most recent call first):
  /usr/lib/x86_64-linux-gnu/cmake/pcl/PCLConfig.cmake:299 (find_eigen)
  /usr/lib/x86_64-linux-gnu/cmake/pcl/PCLConfig.cmake:543 (find_external_library)
  CMakeLists.txt:235 (FIND_PACKAGE)
This warning is for project developers.  Use -Wno-dev to suppress it.
[0m
[33mCMake Warning (dev) at /usr/lib/x86_64-linux-gnu/cmake/pcl/Modules/FindFLANN.cmake:44 (find_package):
  Policy CMP0144 is not set: find_package uses upper-case <PACKAGENAME>_ROOT
  variables.  Run "cmake --help-policy CMP0144" for policy details.  Use the
  cmake_policy command to set the policy and suppress this warning.

  CMake variable FLANN_ROOT is set to:

    /usr

  For compatibility, find_package is ignoring the variable, but code in a
  .cmake module might still use it.
Call Stack (most recent call first):
  /usr/lib/x86_64-linux-gnu/cmake/pcl/PCLConfig.cmake:256 (find_package)
  /usr/lib/x86_64-linux-gnu/cmake/pcl/PCLConfig.cmake:301 (find_flann)
  /usr/lib/x86_64-linux-gnu/cmake/pcl/PCLConfig.cmake:543 (find_external_library)
  CMakeLists.txt:235 (FIND_PACKAGE)
This warning is for project developers.  Use -Wno-dev to suppress it.
[0m
gmake[2]: *** No rule to make target '/usr/lib/x86_64-linux-gnu/libfreenect.so', needed by 'bin/librtabmap_core.so.0.21.3'.  Stop.
gmake[2]: *** Waiting for unfinished jobs....
[01m[K/home/mihkel/School/ThesisPractical/rtabmap_ws/src/rtabmap/corelib/src/camera/CameraFreenect.cpp:34:10:[m[K [01;31m[Kfatal error: [m[Klibfreenect.h: No such file or directory
   34 | #include [01;31m[K<libfreenect.h>[m[K
      |          [01;31m[K^~~~~~~~~~~~~~~[m[K
compilation terminated.
gmake[2]: *** [corelib/src/CMakeFiles/rtabmap_core.dir/build.make:258: corelib/src/CMakeFiles/rtabmap_core.dir/camera/CameraFreenect.cpp.o] Error 1
gmake[1]: *** [CMakeFiles/Makefile2:861: corelib/src/CMakeFiles/rtabmap_core.dir/all] Error 2
gmake: *** [Makefile:156: all] Error 2
