[4.110s] Invoking command in '/home/mihkel/School/ThesisPractical/myros_ws/build/yolov8_msgs': CMAKE_PREFIX_PATH=/opt/ros/humble /home/mihkel/.local/bin/cmake /home/mihkel/School/ThesisPractical/myros_ws/src/yolov8_ros/yolov8_msgs -DCMAKE_INSTALL_PREFIX=/home/mihkel/School/ThesisPractical/myros_ws/install/yolov8_msgs
[4.377s] -- The C compiler identification is GNU 11.4.0
[4.580s] -- The CXX compiler identification is GNU 11.4.0
[4.627s] -- Detecting C compiler ABI info
[4.842s] -- Detecting C compiler ABI info - done
[4.922s] -- Check for working C compiler: /usr/bin/cc - skipped
[4.924s] -- Detecting C compile features
[4.927s] -- Detecting C compile features - done
[4.959s] -- Detecting CXX compiler ABI info
[5.205s] -- Detecting CXX compiler ABI info - done
[5.282s] -- Check for working CXX compiler: /usr/bin/c++ - skipped
[5.283s] -- Detecting CXX compile features
[5.287s] -- Detecting CXX compile features - done
[5.302s] -- Found ament_cmake: 1.3.7 (/opt/ros/humble/share/ament_cmake/cmake)
[9.383s] -- Found Python3: /usr/bin/python3.10 (found version "3.10.12") found components: Interpreter 
[9.722s] -- Found rosidl_default_generators: 1.2.0 (/opt/ros/humble/share/rosidl_default_generators/cmake)
[9.733s] -- Using all available rosidl_typesupport_c: rosidl_typesupport_fastrtps_c;rosidl_typesupport_introspection_c
[9.761s] -- Found rosidl_adapter: 3.1.5 (/opt/ros/humble/share/rosidl_adapter/cmake)
[9.927s] -- Using all available rosidl_typesupport_cpp: rosidl_typesupport_fastrtps_cpp;rosidl_typesupport_introspection_cpp
[10.080s] -- Found std_msgs: 4.2.3 (/opt/ros/humble/share/std_msgs/cmake)
[10.361s] -- Found geometry_msgs: 4.2.3 (/opt/ros/humble/share/geometry_msgs/cmake)
[12.784s] -- Found ament_cmake_ros: 0.10.0 (/opt/ros/humble/share/ament_cmake_ros/cmake)
[15.266s] -- Using all available rosidl_typesupport_c: rosidl_typesupport_fastrtps_c;rosidl_typesupport_introspection_c
[18.513s] -- Using all available rosidl_typesupport_cpp: rosidl_typesupport_fastrtps_cpp;rosidl_typesupport_introspection_cpp
[18.522s] [33mCMake Warning (dev) at /opt/ros/humble/share/rosidl_generator_py/cmake/rosidl_generator_py_generate_interfaces.cmake:20 (find_package):
[18.522s]   Policy CMP0148 is not set: The FindPythonInterp and FindPythonLibs modules
[18.522s]   are removed.  Run "cmake --help-policy CMP0148" for policy details.  Use
[18.522s]   the cmake_policy command to set the policy and suppress this warning.
[18.523s] 
[18.523s] Call Stack (most recent call first):
[18.523s]   /opt/ros/humble/share/ament_cmake_core/cmake/core/ament_execute_extensions.cmake:48 (include)
[18.523s]   /opt/ros/humble/share/rosidl_cmake/cmake/rosidl_generate_interfaces.cmake:286 (ament_execute_extensions)
[18.524s]   CMakeLists.txt:10 (rosidl_generate_interfaces)
[18.524s] This warning is for project developers.  Use -Wno-dev to suppress it.
[18.524s] [0m
[18.633s] -- Found PythonInterp: /usr/bin/python3 (found suitable version "3.10.12", minimum required is "3.6") 
[18.639s] -- Found python_cmake_module: 0.10.0 (/opt/ros/humble/share/python_cmake_module/cmake)
[18.641s] [33mCMake Warning (dev) at /opt/ros/humble/share/python_cmake_module/cmake/Modules/FindPythonExtra.cmake:52 (find_package):
[18.641s]   Policy CMP0148 is not set: The FindPythonInterp and FindPythonLibs modules
[18.641s]   are removed.  Run "cmake --help-policy CMP0148" for policy details.  Use
[18.641s]   the cmake_policy command to set the policy and suppress this warning.
[18.642s] 
[18.642s] Call Stack (most recent call first):
[18.642s]   /opt/ros/humble/share/rosidl_generator_py/cmake/rosidl_generator_py_generate_interfaces.cmake:23 (find_package)
[18.642s]   /opt/ros/humble/share/ament_cmake_core/cmake/core/ament_execute_extensions.cmake:48 (include)
[18.643s]   /opt/ros/humble/share/rosidl_cmake/cmake/rosidl_generate_interfaces.cmake:286 (ament_execute_extensions)
[18.643s]   CMakeLists.txt:10 (rosidl_generate_interfaces)
[18.643s] This warning is for project developers.  Use -Wno-dev to suppress it.
[18.643s] [0m
[18.750s] [33mCMake Warning (dev) at /opt/ros/humble/share/python_cmake_module/cmake/Modules/FindPythonExtra.cmake:140 (find_package):
[18.750s]   Policy CMP0148 is not set: The FindPythonInterp and FindPythonLibs modules
[18.751s]   are removed.  Run "cmake --help-policy CMP0148" for policy details.  Use
[18.751s]   the cmake_policy command to set the policy and suppress this warning.
[18.751s] 
[18.751s] Call Stack (most recent call first):
[18.752s]   /opt/ros/humble/share/rosidl_generator_py/cmake/rosidl_generator_py_generate_interfaces.cmake:23 (find_package)
[18.752s]   /opt/ros/humble/share/ament_cmake_core/cmake/core/ament_execute_extensions.cmake:48 (include)
[18.752s]   /opt/ros/humble/share/rosidl_cmake/cmake/rosidl_generate_interfaces.cmake:286 (ament_execute_extensions)
[18.752s]   CMakeLists.txt:10 (rosidl_generate_interfaces)
[18.753s] This warning is for project developers.  Use -Wno-dev to suppress it.
[18.753s] [0m
[18.772s] -- Found PythonLibs: /usr/lib/x86_64-linux-gnu/libpython3.10.so (found suitable version "3.10.12", minimum required is "3.5") 
[18.773s] -- Using PYTHON_EXECUTABLE: /usr/bin/python3
[18.773s] -- Using PYTHON_INCLUDE_DIRS: /usr/include/python3.10
[18.773s] -- Using PYTHON_LIBRARIES: /usr/lib/x86_64-linux-gnu/libpython3.10.so
[18.885s] -- Found PythonExtra: .so  
[19.224s] -- Configuring done (15.0s)
[19.456s] -- Generating done (0.2s)
[19.468s] -- Build files have been written to: /home/mihkel/School/ThesisPractical/myros_ws/build/yolov8_msgs
