[0.693s] Invoking command in '/home/mihkel/School/ThesisPractical/rtabmap_ws/build/rtabmap_msgs': /home/mihkel/.local/bin/cmake /home/mihkel/School/ThesisPractical/rtabmap_ws/src/rtabmap_ros/rtabmap_msgs -DCATKIN_INSTALL_INTO_PREFIX_ROOT=0 -DCATKIN_SYMLINK_INSTALL=ON -DCMAKE_INSTALL_PREFIX=/home/mihkel/School/ThesisPractical/rtabmap_ws/install/rtabmap_msgs
[0.805s] -- Found rosidl_default_generators: 1.2.0 (/opt/ros/humble/share/rosidl_default_generators/cmake)
[0.806s] -- Found ament_cmake_core: 1.3.6 (/opt/ros/humble/share/ament_cmake_core/cmake)
[1.765s] -- Using all available rosidl_typesupport_c: rosidl_typesupport_fastrtps_c;rosidl_typesupport_introspection_c
[1.779s] -- Found rosidl_adapter: 3.1.5 (/opt/ros/humble/share/rosidl_adapter/cmake)
[1.940s] -- Using all available rosidl_typesupport_cpp: rosidl_typesupport_fastrtps_cpp;rosidl_typesupport_introspection_cpp
[2.075s] -- Found geometry_msgs: 4.2.3 (/opt/ros/humble/share/geometry_msgs/cmake)
[2.630s] -- Found sensor_msgs: 4.2.3 (/opt/ros/humble/share/sensor_msgs/cmake)
[3.078s] -- Found std_srvs: 4.2.3 (/opt/ros/humble/share/std_srvs/cmake)
[6.935s] -- Found ament_cmake_ros: 0.10.0 (/opt/ros/humble/share/ament_cmake_ros/cmake)
[9.706s] -- Using all available rosidl_typesupport_c: rosidl_typesupport_fastrtps_c;rosidl_typesupport_introspection_c
[13.129s] -- Using all available rosidl_typesupport_cpp: rosidl_typesupport_fastrtps_cpp;rosidl_typesupport_introspection_cpp
[13.143s] [33mCMake Warning (dev) at /opt/ros/humble/share/rosidl_generator_py/cmake/rosidl_generator_py_generate_interfaces.cmake:20 (find_package):
[13.143s]   Policy CMP0148 is not set: The FindPythonInterp and FindPythonLibs modules
[13.144s]   are removed.  Run "cmake --help-policy CMP0148" for policy details.  Use
[13.144s]   the cmake_policy command to set the policy and suppress this warning.
[13.144s] 
[13.144s] Call Stack (most recent call first):
[13.144s]   /opt/ros/humble/share/ament_cmake_core/cmake/core/ament_execute_extensions.cmake:48 (include)
[13.145s]   /opt/ros/humble/share/rosidl_cmake/cmake/rosidl_generate_interfaces.cmake:286 (ament_execute_extensions)
[13.145s]   CMakeLists.txt:66 (rosidl_generate_interfaces)
[13.145s] This warning is for project developers.  Use -Wno-dev to suppress it.
[13.145s] [0m
[13.258s] -- Found python_cmake_module: 0.10.0 (/opt/ros/humble/share/python_cmake_module/cmake)
[13.260s] [33mCMake Warning (dev) at /opt/ros/humble/share/python_cmake_module/cmake/Modules/FindPythonExtra.cmake:52 (find_package):
[13.260s]   Policy CMP0148 is not set: The FindPythonInterp and FindPythonLibs modules
[13.260s]   are removed.  Run "cmake --help-policy CMP0148" for policy details.  Use
[13.260s]   the cmake_policy command to set the policy and suppress this warning.
[13.261s] 
[13.261s] Call Stack (most recent call first):
[13.261s]   /opt/ros/humble/share/rosidl_generator_py/cmake/rosidl_generator_py_generate_interfaces.cmake:23 (find_package)
[13.261s]   /opt/ros/humble/share/ament_cmake_core/cmake/core/ament_execute_extensions.cmake:48 (include)
[13.262s]   /opt/ros/humble/share/rosidl_cmake/cmake/rosidl_generate_interfaces.cmake:286 (ament_execute_extensions)
[13.262s]   CMakeLists.txt:66 (rosidl_generate_interfaces)
[13.262s] This warning is for project developers.  Use -Wno-dev to suppress it.
[13.262s] [0m
[13.373s] [33mCMake Warning (dev) at /opt/ros/humble/share/python_cmake_module/cmake/Modules/FindPythonExtra.cmake:140 (find_package):
[13.374s]   Policy CMP0148 is not set: The FindPythonInterp and FindPythonLibs modules
[13.374s]   are removed.  Run "cmake --help-policy CMP0148" for policy details.  Use
[13.375s]   the cmake_policy command to set the policy and suppress this warning.
[13.375s] 
[13.375s] Call Stack (most recent call first):
[13.376s]   /opt/ros/humble/share/rosidl_generator_py/cmake/rosidl_generator_py_generate_interfaces.cmake:23 (find_package)
[13.376s]   /opt/ros/humble/share/ament_cmake_core/cmake/core/ament_execute_extensions.cmake:48 (include)
[13.376s]   /opt/ros/humble/share/rosidl_cmake/cmake/rosidl_generate_interfaces.cmake:286 (ament_execute_extensions)
[13.376s]   CMakeLists.txt:66 (rosidl_generate_interfaces)
[13.377s] This warning is for project developers.  Use -Wno-dev to suppress it.
[13.377s] [0m
[13.383s] -- Using PYTHON_EXECUTABLE: /usr/bin/python3
[13.383s] -- Using PYTHON_INCLUDE_DIRS: /usr/include/python3.10
[13.383s] -- Using PYTHON_LIBRARIES: /usr/lib/x86_64-linux-gnu/libpython3.10.so
[13.752s] -- Configuring done (13.0s)
[14.252s] -- Generating done (0.4s)
[14.270s] -- Build files have been written to: /home/mihkel/School/ThesisPractical/rtabmap_ws/build/rtabmap_msgs
[14.315s] Invoked command in '/home/mihkel/School/ThesisPractical/rtabmap_ws/build/rtabmap_msgs' returned '0': /home/mihkel/.local/bin/cmake /home/mihkel/School/ThesisPractical/rtabmap_ws/src/rtabmap_ros/rtabmap_msgs -DCATKIN_INSTALL_INTO_PREFIX_ROOT=0 -DCATKIN_SYMLINK_INSTALL=ON -DCMAKE_INSTALL_PREFIX=/home/mihkel/School/ThesisPractical/rtabmap_ws/install/rtabmap_msgs
[14.321s] Invoking command in '/home/mihkel/School/ThesisPractical/rtabmap_ws/build/rtabmap_msgs': /home/mihkel/.local/bin/cmake --build /home/mihkel/School/ThesisPractical/rtabmap_ws/build/rtabmap_msgs -- -j12 -l12
[14.604s] [  0%] Built target rtabmap_msgs__cpp
[14.646s] [  0%] Built target ament_cmake_python_copy_rtabmap_msgs
[14.719s] [ 12%] Built target rtabmap_msgs__rosidl_generator_c
[14.852s] [ 25%] Built target rtabmap_msgs__rosidl_typesupport_c
[14.870s] [ 37%] Built target rtabmap_msgs__rosidl_typesupport_cpp
[14.883s] [ 50%] Built target rtabmap_msgs__rosidl_typesupport_introspection_cpp
[14.893s] [ 63%] Built target rtabmap_msgs__rosidl_typesupport_introspection_c
[14.902s] [ 75%] Built target rtabmap_msgs__rosidl_typesupport_fastrtps_cpp
[15.019s] [ 88%] Built target rtabmap_msgs__rosidl_typesupport_fastrtps_c
[15.051s] [ 88%] Built target rtabmap_msgs
[15.091s] [ 88%] Built target rtabmap_msgs__py
[15.288s] [100%] Built target rtabmap_msgs__rosidl_generator_py
[15.343s] [100%] Built target rtabmap_msgs__rosidl_typesupport_fastrtps_c__pyext
[15.343s] [100%] Built target rtabmap_msgs__rosidl_typesupport_introspection_c__pyext
[15.344s] [100%] Built target rtabmap_msgs__rosidl_typesupport_c__pyext
[16.165s] running egg_info
[16.168s] writing rtabmap_msgs.egg-info/PKG-INFO
[16.168s] writing dependency_links to rtabmap_msgs.egg-info/dependency_links.txt
[16.171s] writing top-level names to rtabmap_msgs.egg-info/top_level.txt
[16.181s] reading manifest file 'rtabmap_msgs.egg-info/SOURCES.txt'
[16.185s] writing manifest file 'rtabmap_msgs.egg-info/SOURCES.txt'
[16.260s] [100%] Built target ament_cmake_python_build_rtabmap_msgs_egg
[16.292s] Invoked command in '/home/mihkel/School/ThesisPractical/rtabmap_ws/build/rtabmap_msgs' returned '0': /home/mihkel/.local/bin/cmake --build /home/mihkel/School/ThesisPractical/rtabmap_ws/build/rtabmap_msgs -- -j12 -l12
