/home/mihkel/School/ThesisPractical/ros2_ws/install/hospital_carrier/lib/python3.10/site-packages/hospital_carrier/Controllers.py
/home/mihkel/School/ThesisPractical/ros2_ws/install/hospital_carrier/lib/python3.10/site-packages/hospital_carrier/EncoderSim.py
/home/mihkel/School/ThesisPractical/ros2_ws/install/hospital_carrier/lib/python3.10/site-packages/hospital_carrier/ObjDetectionExample.py
/home/mihkel/School/ThesisPractical/ros2_ws/install/hospital_carrier/lib/python3.10/site-packages/hospital_carrier/PS4Controller.py
/home/mihkel/School/ThesisPractical/ros2_ws/install/hospital_carrier/lib/python3.10/site-packages/hospital_carrier/MqttVideoStreamer.py
/home/mihkel/School/ThesisPractical/ros2_ws/install/hospital_carrier/lib/python3.10/site-packages/hospital_carrier/Odrives.py
/home/mihkel/School/ThesisPractical/ros2_ws/install/hospital_carrier/lib/python3.10/site-packages/hospital_carrier/MqttListener.py
/home/mihkel/School/ThesisPractical/ros2_ws/install/hospital_carrier/lib/python3.10/site-packages/hospital_carrier/odrives_calibrate.py
/home/mihkel/School/ThesisPractical/ros2_ws/install/hospital_carrier/lib/python3.10/site-packages/hospital_carrier/ObstacleAvoidanceHelpers.py
/home/mihkel/School/ThesisPractical/ros2_ws/install/hospital_carrier/lib/python3.10/site-packages/hospital_carrier/ReadQR.py
/home/mihkel/School/ThesisPractical/ros2_ws/install/hospital_carrier/lib/python3.10/site-packages/hospital_carrier/odrive_axes_of.py
/home/mihkel/School/ThesisPractical/ros2_ws/install/hospital_carrier/lib/python3.10/site-packages/hospital_carrier/open3d_ros_helper.py
/home/mihkel/School/ThesisPractical/ros2_ws/install/hospital_carrier/lib/python3.10/site-packages/hospital_carrier/ColorPicker.py
/home/mihkel/School/ThesisPractical/ros2_ws/install/hospital_carrier/lib/python3.10/site-packages/hospital_carrier/odrive_connection.py
/home/mihkel/School/ThesisPractical/ros2_ws/install/hospital_carrier/lib/python3.10/site-packages/hospital_carrier/Localizer.py
/home/mihkel/School/ThesisPractical/ros2_ws/install/hospital_carrier/lib/python3.10/site-packages/hospital_carrier/odrive_errors.py
/home/mihkel/School/ThesisPractical/ros2_ws/install/hospital_carrier/lib/python3.10/site-packages/hospital_carrier/omniwheel_velocity_calc.py
/home/mihkel/School/ThesisPractical/ros2_ws/install/hospital_carrier/lib/python3.10/site-packages/hospital_carrier/PointcloudToPly.py
/home/mihkel/School/ThesisPractical/ros2_ws/install/hospital_carrier/lib/python3.10/site-packages/hospital_carrier/CoordinateNavigator.py
/home/mihkel/School/ThesisPractical/ros2_ws/install/hospital_carrier/lib/python3.10/site-packages/hospital_carrier/ReadAruco.py
/home/mihkel/School/ThesisPractical/ros2_ws/install/hospital_carrier/lib/python3.10/site-packages/hospital_carrier/MqttOdomAndStatus.py
/home/mihkel/School/ThesisPractical/ros2_ws/install/hospital_carrier/lib/python3.10/site-packages/hospital_carrier/OperationModeControl.py
/home/mihkel/School/ThesisPractical/ros2_ws/install/hospital_carrier/lib/python3.10/site-packages/hospital_carrier/DebugDisplay.py
/home/mihkel/School/ThesisPractical/ros2_ws/install/hospital_carrier/lib/python3.10/site-packages/hospital_carrier/__init__.py
/home/mihkel/School/ThesisPractical/ros2_ws/install/hospital_carrier/lib/python3.10/site-packages/hospital_carrier/OdomCalculator.py
/home/mihkel/School/ThesisPractical/ros2_ws/install/hospital_carrier/lib/python3.10/site-packages/hospital_carrier/watchdog.py
/home/mihkel/School/ThesisPractical/ros2_ws/install/hospital_carrier/lib/python3.10/site-packages/hospital_carrier/odrive_uart.py
/home/mihkel/School/ThesisPractical/ros2_ws/install/hospital_carrier/lib/python3.10/site-packages/hospital_carrier/MqttRemoteControl.py
/home/mihkel/School/ThesisPractical/ros2_ws/install/hospital_carrier/lib/python3.10/site-packages/hospital_carrier/Follower.py
/home/mihkel/School/ThesisPractical/ros2_ws/install/hospital_carrier/lib/python3.10/site-packages/hospital_carrier/odrives_config.py
/home/mihkel/School/ThesisPractical/ros2_ws/install/hospital_carrier/lib/python3.10/site-packages/hospital_carrier/odrives_connect.py
/home/mihkel/School/ThesisPractical/ros2_ws/install/hospital_carrier/lib/python3.10/site-packages/hospital_carrier/__pycache__/Controllers.cpython-310.pyc
/home/mihkel/School/ThesisPractical/ros2_ws/install/hospital_carrier/lib/python3.10/site-packages/hospital_carrier/__pycache__/EncoderSim.cpython-310.pyc
/home/mihkel/School/ThesisPractical/ros2_ws/install/hospital_carrier/lib/python3.10/site-packages/hospital_carrier/__pycache__/ObjDetectionExample.cpython-310.pyc
/home/mihkel/School/ThesisPractical/ros2_ws/install/hospital_carrier/lib/python3.10/site-packages/hospital_carrier/__pycache__/PS4Controller.cpython-310.pyc
/home/mihkel/School/ThesisPractical/ros2_ws/install/hospital_carrier/lib/python3.10/site-packages/hospital_carrier/__pycache__/MqttVideoStreamer.cpython-310.pyc
/home/mihkel/School/ThesisPractical/ros2_ws/install/hospital_carrier/lib/python3.10/site-packages/hospital_carrier/__pycache__/Odrives.cpython-310.pyc
/home/mihkel/School/ThesisPractical/ros2_ws/install/hospital_carrier/lib/python3.10/site-packages/hospital_carrier/__pycache__/MqttListener.cpython-310.pyc
/home/mihkel/School/ThesisPractical/ros2_ws/install/hospital_carrier/lib/python3.10/site-packages/hospital_carrier/__pycache__/odrives_calibrate.cpython-310.pyc
/home/mihkel/School/ThesisPractical/ros2_ws/install/hospital_carrier/lib/python3.10/site-packages/hospital_carrier/__pycache__/ObstacleAvoidanceHelpers.cpython-310.pyc
/home/mihkel/School/ThesisPractical/ros2_ws/install/hospital_carrier/lib/python3.10/site-packages/hospital_carrier/__pycache__/ReadQR.cpython-310.pyc
/home/mihkel/School/ThesisPractical/ros2_ws/install/hospital_carrier/lib/python3.10/site-packages/hospital_carrier/__pycache__/odrive_axes_of.cpython-310.pyc
/home/mihkel/School/ThesisPractical/ros2_ws/install/hospital_carrier/lib/python3.10/site-packages/hospital_carrier/__pycache__/open3d_ros_helper.cpython-310.pyc
/home/mihkel/School/ThesisPractical/ros2_ws/install/hospital_carrier/lib/python3.10/site-packages/hospital_carrier/__pycache__/ColorPicker.cpython-310.pyc
/home/mihkel/School/ThesisPractical/ros2_ws/install/hospital_carrier/lib/python3.10/site-packages/hospital_carrier/__pycache__/odrive_connection.cpython-310.pyc
/home/mihkel/School/ThesisPractical/ros2_ws/install/hospital_carrier/lib/python3.10/site-packages/hospital_carrier/__pycache__/Localizer.cpython-310.pyc
/home/mihkel/School/ThesisPractical/ros2_ws/install/hospital_carrier/lib/python3.10/site-packages/hospital_carrier/__pycache__/odrive_errors.cpython-310.pyc
/home/mihkel/School/ThesisPractical/ros2_ws/install/hospital_carrier/lib/python3.10/site-packages/hospital_carrier/__pycache__/omniwheel_velocity_calc.cpython-310.pyc
/home/mihkel/School/ThesisPractical/ros2_ws/install/hospital_carrier/lib/python3.10/site-packages/hospital_carrier/__pycache__/PointcloudToPly.cpython-310.pyc
/home/mihkel/School/ThesisPractical/ros2_ws/install/hospital_carrier/lib/python3.10/site-packages/hospital_carrier/__pycache__/CoordinateNavigator.cpython-310.pyc
/home/mihkel/School/ThesisPractical/ros2_ws/install/hospital_carrier/lib/python3.10/site-packages/hospital_carrier/__pycache__/ReadAruco.cpython-310.pyc
/home/mihkel/School/ThesisPractical/ros2_ws/install/hospital_carrier/lib/python3.10/site-packages/hospital_carrier/__pycache__/MqttOdomAndStatus.cpython-310.pyc
/home/mihkel/School/ThesisPractical/ros2_ws/install/hospital_carrier/lib/python3.10/site-packages/hospital_carrier/__pycache__/OperationModeControl.cpython-310.pyc
/home/mihkel/School/ThesisPractical/ros2_ws/install/hospital_carrier/lib/python3.10/site-packages/hospital_carrier/__pycache__/DebugDisplay.cpython-310.pyc
/home/mihkel/School/ThesisPractical/ros2_ws/install/hospital_carrier/lib/python3.10/site-packages/hospital_carrier/__pycache__/__init__.cpython-310.pyc
/home/mihkel/School/ThesisPractical/ros2_ws/install/hospital_carrier/lib/python3.10/site-packages/hospital_carrier/__pycache__/OdomCalculator.cpython-310.pyc
/home/mihkel/School/ThesisPractical/ros2_ws/install/hospital_carrier/lib/python3.10/site-packages/hospital_carrier/__pycache__/watchdog.cpython-310.pyc
/home/mihkel/School/ThesisPractical/ros2_ws/install/hospital_carrier/lib/python3.10/site-packages/hospital_carrier/__pycache__/odrive_uart.cpython-310.pyc
/home/mihkel/School/ThesisPractical/ros2_ws/install/hospital_carrier/lib/python3.10/site-packages/hospital_carrier/__pycache__/MqttRemoteControl.cpython-310.pyc
/home/mihkel/School/ThesisPractical/ros2_ws/install/hospital_carrier/lib/python3.10/site-packages/hospital_carrier/__pycache__/Follower.cpython-310.pyc
/home/mihkel/School/ThesisPractical/ros2_ws/install/hospital_carrier/lib/python3.10/site-packages/hospital_carrier/__pycache__/odrives_config.cpython-310.pyc
/home/mihkel/School/ThesisPractical/ros2_ws/install/hospital_carrier/lib/python3.10/site-packages/hospital_carrier/__pycache__/odrives_connect.cpython-310.pyc
/home/mihkel/School/ThesisPractical/ros2_ws/install/hospital_carrier/share/ament_index/resource_index/packages/hospital_carrier
/home/mihkel/School/ThesisPractical/ros2_ws/install/hospital_carrier/share/hospital_carrier/package.xml
/home/mihkel/School/ThesisPractical/ros2_ws/install/hospital_carrier/share/hospital_carrier/launch/segment.launch
/home/mihkel/School/ThesisPractical/ros2_ws/install/hospital_carrier/share/hospital_carrier/launch/hospital_robot.launch
/home/mihkel/School/ThesisPractical/ros2_ws/install/hospital_carrier/share/hospital_carrier/launch/drive.launch
/home/mihkel/School/ThesisPractical/ros2_ws/install/hospital_carrier/share/hospital_carrier/launch/mapping.launch
/home/mihkel/School/ThesisPractical/ros2_ws/install/hospital_carrier/share/hospital_carrier/launch/realsense_d435i_color.launch.py
/home/mihkel/School/ThesisPractical/ros2_ws/install/hospital_carrier/share/hospital_carrier/config/robotConfig.yaml
/home/mihkel/School/ThesisPractical/ros2_ws/install/hospital_carrier/share/hospital_carrier/config/nav2_params.yaml
/home/mihkel/School/ThesisPractical/ros2_ws/install/hospital_carrier/share/hospital_carrier/config/apriltag_settings.yaml
/home/mihkel/School/ThesisPractical/ros2_ws/install/hospital_carrier/share/hospital_carrier/config/mapper_params_online_async.yaml
/home/mihkel/School/ThesisPractical/ros2_ws/install/hospital_carrier/share/hospital_carrier/config/calibration_realSense.yaml
/home/mihkel/School/ThesisPractical/ros2_ws/install/hospital_carrier/share/hospital_carrier/urdf/robot_base.gazebo.xacro
/home/mihkel/School/ThesisPractical/ros2_ws/install/hospital_carrier/share/hospital_carrier/urdf/omni_wheel.urdf.xacro
/home/mihkel/School/ThesisPractical/ros2_ws/install/hospital_carrier/share/hospital_carrier/urdf/robot_base.urdf.xacro
/home/mihkel/School/ThesisPractical/ros2_ws/install/hospital_carrier/share/hospital_carrier/urdf/robot.urdf.xacro
/home/mihkel/School/ThesisPractical/ros2_ws/install/hospital_carrier/share/hospital_carrier/meshes/omni_wheel_2.dae
/home/mihkel/School/ThesisPractical/ros2_ws/install/hospital_carrier/share/hospital_carrier/meshes/omni_wheel_1.dae
/home/mihkel/School/ThesisPractical/ros2_ws/install/hospital_carrier/share/hospital_carrier/meshes/robot_base.dae
/home/mihkel/School/ThesisPractical/ros2_ws/install/hospital_carrier/share/hospital_carrier/models/mapmos.ckpt
/home/mihkel/School/ThesisPractical/ros2_ws/install/hospital_carrier/share/hospital_carrier/data
/home/mihkel/School/ThesisPractical/ros2_ws/install/hospital_carrier/lib/python3.10/site-packages/hospital_carrier-0.0.0-py3.10.egg-info/requires.txt
/home/mihkel/School/ThesisPractical/ros2_ws/install/hospital_carrier/lib/python3.10/site-packages/hospital_carrier-0.0.0-py3.10.egg-info/top_level.txt
/home/mihkel/School/ThesisPractical/ros2_ws/install/hospital_carrier/lib/python3.10/site-packages/hospital_carrier-0.0.0-py3.10.egg-info/PKG-INFO
/home/mihkel/School/ThesisPractical/ros2_ws/install/hospital_carrier/lib/python3.10/site-packages/hospital_carrier-0.0.0-py3.10.egg-info/SOURCES.txt
/home/mihkel/School/ThesisPractical/ros2_ws/install/hospital_carrier/lib/python3.10/site-packages/hospital_carrier-0.0.0-py3.10.egg-info/entry_points.txt
/home/mihkel/School/ThesisPractical/ros2_ws/install/hospital_carrier/lib/python3.10/site-packages/hospital_carrier-0.0.0-py3.10.egg-info/dependency_links.txt
/home/mihkel/School/ThesisPractical/ros2_ws/install/hospital_carrier/lib/python3.10/site-packages/hospital_carrier-0.0.0-py3.10.egg-info/zip-safe
/home/mihkel/School/ThesisPractical/ros2_ws/install/hospital_carrier/lib/hospital_carrier/CoordinateNavigator
/home/mihkel/School/ThesisPractical/ros2_ws/install/hospital_carrier/lib/hospital_carrier/DebugDisplay
/home/mihkel/School/ThesisPractical/ros2_ws/install/hospital_carrier/lib/hospital_carrier/EncoderSim
/home/mihkel/School/ThesisPractical/ros2_ws/install/hospital_carrier/lib/hospital_carrier/Follower
/home/mihkel/School/ThesisPractical/ros2_ws/install/hospital_carrier/lib/hospital_carrier/Localizer
/home/mihkel/School/ThesisPractical/ros2_ws/install/hospital_carrier/lib/hospital_carrier/MqttListener
/home/mihkel/School/ThesisPractical/ros2_ws/install/hospital_carrier/lib/hospital_carrier/MqttOdomAndStatus
/home/mihkel/School/ThesisPractical/ros2_ws/install/hospital_carrier/lib/hospital_carrier/MqttRemoteControl
/home/mihkel/School/ThesisPractical/ros2_ws/install/hospital_carrier/lib/hospital_carrier/MqttVideoStreamer
/home/mihkel/School/ThesisPractical/ros2_ws/install/hospital_carrier/lib/hospital_carrier/OdomCalculator
/home/mihkel/School/ThesisPractical/ros2_ws/install/hospital_carrier/lib/hospital_carrier/Odrives
/home/mihkel/School/ThesisPractical/ros2_ws/install/hospital_carrier/lib/hospital_carrier/OperationModeControl
/home/mihkel/School/ThesisPractical/ros2_ws/install/hospital_carrier/lib/hospital_carrier/PS4Controller
/home/mihkel/School/ThesisPractical/ros2_ws/install/hospital_carrier/lib/hospital_carrier/PointcloudToPly
/home/mihkel/School/ThesisPractical/ros2_ws/install/hospital_carrier/lib/hospital_carrier/ReadAruco
