[0.222s] Invoking command in '/home/mihkel/School/ThesisPractical/realsense_ws/build/realsense2_description': AMENT_PREFIX_PATH=/home/mihkel/School/ThesisPractical/realsense_ws/install/realsense2_camera_msgs:${AMENT_PREFIX_PATH} CMAKE_PREFIX_PATH=/home/mihkel/School/ThesisPractical/realsense_ws/install/realsense2_camera_msgs:/opt/ros/humble LD_LIBRARY_PATH=/home/mihkel/School/ThesisPractical/realsense_ws/install/realsense2_camera_msgs/lib:${LD_LIBRARY_PATH} PYTHONPATH=/home/mihkel/School/ThesisPractical/realsense_ws/install/realsense2_camera_msgs/local/lib/python3.10/dist-packages:${PYTHONPATH} /usr/bin/cmake /home/mihkel/School/ThesisPractical/realsense_ws/src/realsense-ros/realsense2_description -DCMAKE_INSTALL_PREFIX=/home/mihkel/School/ThesisPractical/realsense_ws/install/realsense2_description
[0.382s] -- The C compiler identification is GNU 11.4.0
[0.553s] -- The CXX compiler identification is GNU 11.4.0
[0.576s] -- Detecting C compiler ABI info
[0.773s] -- Detecting C compiler ABI info - done
[0.801s] -- Check for working C compiler: /usr/bin/cc - skipped
[0.802s] -- Detecting C compile features
[0.803s] -- Detecting C compile features - done
[0.819s] -- Detecting CXX compiler ABI info
[1.056s] -- Detecting CXX compiler ABI info - done
[1.101s] -- Check for working CXX compiler: /usr/bin/c++ - skipped
[1.102s] -- Detecting CXX compile features
[1.103s] -- Detecting CXX compile features - done
[1.111s] -- Found ament_cmake: 1.3.6 (/opt/ros/humble/share/ament_cmake/cmake)
[1.696s] -- Found Python3: /usr/bin/python3.10 (found version "3.10.12") found components: Interpreter 
[2.207s] -- Configuring done
[2.215s] -- Generating done
[2.218s] -- Build files have been written to: /home/mihkel/School/ThesisPractical/realsense_ws/build/realsense2_description
[2.228s] Invoked command in '/home/mihkel/School/ThesisPractical/realsense_ws/build/realsense2_description' returned '0': AMENT_PREFIX_PATH=/home/mihkel/School/ThesisPractical/realsense_ws/install/realsense2_camera_msgs:${AMENT_PREFIX_PATH} CMAKE_PREFIX_PATH=/home/mihkel/School/ThesisPractical/realsense_ws/install/realsense2_camera_msgs:/opt/ros/humble LD_LIBRARY_PATH=/home/mihkel/School/ThesisPractical/realsense_ws/install/realsense2_camera_msgs/lib:${LD_LIBRARY_PATH} PYTHONPATH=/home/mihkel/School/ThesisPractical/realsense_ws/install/realsense2_camera_msgs/local/lib/python3.10/dist-packages:${PYTHONPATH} /usr/bin/cmake /home/mihkel/School/ThesisPractical/realsense_ws/src/realsense-ros/realsense2_description -DCMAKE_INSTALL_PREFIX=/home/mihkel/School/ThesisPractical/realsense_ws/install/realsense2_description
[2.232s] Invoking command in '/home/mihkel/School/ThesisPractical/realsense_ws/build/realsense2_description': AMENT_PREFIX_PATH=/home/mihkel/School/ThesisPractical/realsense_ws/install/realsense2_camera_msgs:${AMENT_PREFIX_PATH} CMAKE_PREFIX_PATH=/home/mihkel/School/ThesisPractical/realsense_ws/install/realsense2_camera_msgs:/opt/ros/humble LD_LIBRARY_PATH=/home/mihkel/School/ThesisPractical/realsense_ws/install/realsense2_camera_msgs/lib:${LD_LIBRARY_PATH} PYTHONPATH=/home/mihkel/School/ThesisPractical/realsense_ws/install/realsense2_camera_msgs/local/lib/python3.10/dist-packages:${PYTHONPATH} /usr/bin/cmake --build /home/mihkel/School/ThesisPractical/realsense_ws/build/realsense2_description -- -j12 -l12
[2.339s] Invoked command in '/home/mihkel/School/ThesisPractical/realsense_ws/build/realsense2_description' returned '0': AMENT_PREFIX_PATH=/home/mihkel/School/ThesisPractical/realsense_ws/install/realsense2_camera_msgs:${AMENT_PREFIX_PATH} CMAKE_PREFIX_PATH=/home/mihkel/School/ThesisPractical/realsense_ws/install/realsense2_camera_msgs:/opt/ros/humble LD_LIBRARY_PATH=/home/mihkel/School/ThesisPractical/realsense_ws/install/realsense2_camera_msgs/lib:${LD_LIBRARY_PATH} PYTHONPATH=/home/mihkel/School/ThesisPractical/realsense_ws/install/realsense2_camera_msgs/local/lib/python3.10/dist-packages:${PYTHONPATH} /usr/bin/cmake --build /home/mihkel/School/ThesisPractical/realsense_ws/build/realsense2_description -- -j12 -l12
[2.400s] Invoking command in '/home/mihkel/School/ThesisPractical/realsense_ws/build/realsense2_description': AMENT_PREFIX_PATH=/home/mihkel/School/ThesisPractical/realsense_ws/install/realsense2_camera_msgs:${AMENT_PREFIX_PATH} CMAKE_PREFIX_PATH=/home/mihkel/School/ThesisPractical/realsense_ws/install/realsense2_camera_msgs:/opt/ros/humble LD_LIBRARY_PATH=/home/mihkel/School/ThesisPractical/realsense_ws/install/realsense2_camera_msgs/lib:${LD_LIBRARY_PATH} PYTHONPATH=/home/mihkel/School/ThesisPractical/realsense_ws/install/realsense2_camera_msgs/local/lib/python3.10/dist-packages:${PYTHONPATH} /usr/bin/cmake --install /home/mihkel/School/ThesisPractical/realsense_ws/build/realsense2_description
[2.422s] -- Install configuration: ""
[2.423s] -- Up-to-date: /home/mihkel/School/ThesisPractical/realsense_ws/install/realsense2_description/share/realsense2_description/launch
[2.423s] -- Up-to-date: /home/mihkel/School/ThesisPractical/realsense_ws/install/realsense2_description/share/realsense2_description/launch/launch_utils.py
[2.424s] -- Up-to-date: /home/mihkel/School/ThesisPractical/realsense_ws/install/realsense2_description/share/realsense2_description/launch/view_model.launch.py
[2.424s] -- Up-to-date: /home/mihkel/School/ThesisPractical/realsense_ws/install/realsense2_description/share/realsense2_description/meshes
[2.424s] -- Up-to-date: /home/mihkel/School/ThesisPractical/realsense_ws/install/realsense2_description/share/realsense2_description/meshes/d455.stl
[2.424s] -- Up-to-date: /home/mihkel/School/ThesisPractical/realsense_ws/install/realsense2_description/share/realsense2_description/meshes/d435.dae
[2.425s] -- Up-to-date: /home/mihkel/School/ThesisPractical/realsense_ws/install/realsense2_description/share/realsense2_description/meshes/plug.stl
[2.425s] -- Up-to-date: /home/mihkel/School/ThesisPractical/realsense_ws/install/realsense2_description/share/realsense2_description/meshes/d405.stl
[2.425s] -- Up-to-date: /home/mihkel/School/ThesisPractical/realsense_ws/install/realsense2_description/share/realsense2_description/meshes/l515.dae
[2.426s] -- Up-to-date: /home/mihkel/School/ThesisPractical/realsense_ws/install/realsense2_description/share/realsense2_description/meshes/d415.stl
[2.426s] -- Up-to-date: /home/mihkel/School/ThesisPractical/realsense_ws/install/realsense2_description/share/realsense2_description/meshes/plug_collision.stl
[2.427s] -- Up-to-date: /home/mihkel/School/ThesisPractical/realsense_ws/install/realsense2_description/share/realsense2_description/rviz
[2.427s] -- Up-to-date: /home/mihkel/School/ThesisPractical/realsense_ws/install/realsense2_description/share/realsense2_description/rviz/urdf.rviz
[2.427s] -- Up-to-date: /home/mihkel/School/ThesisPractical/realsense_ws/install/realsense2_description/share/realsense2_description/urdf
[2.427s] -- Up-to-date: /home/mihkel/School/ThesisPractical/realsense_ws/install/realsense2_description/share/realsense2_description/urdf/_usb_plug.urdf.xacro
[2.428s] -- Up-to-date: /home/mihkel/School/ThesisPractical/realsense_ws/install/realsense2_description/share/realsense2_description/urdf/test_d435_multiple_cameras.urdf.xacro
[2.428s] -- Up-to-date: /home/mihkel/School/ThesisPractical/realsense_ws/install/realsense2_description/share/realsense2_description/urdf/test_r410_camera.urdf.xacro
[2.428s] -- Up-to-date: /home/mihkel/School/ThesisPractical/realsense_ws/install/realsense2_description/share/realsense2_description/urdf/_d435i.urdf.xacro
[2.429s] -- Up-to-date: /home/mihkel/School/ThesisPractical/realsense_ws/install/realsense2_description/share/realsense2_description/urdf/_r410.urdf.xacro
[2.429s] -- Up-to-date: /home/mihkel/School/ThesisPractical/realsense_ws/install/realsense2_description/share/realsense2_description/urdf/_d435i_imu_modules.urdf.xacro
[2.429s] -- Up-to-date: /home/mihkel/School/ThesisPractical/realsense_ws/install/realsense2_description/share/realsense2_description/urdf/test_d405_camera.urdf.xacro
[2.430s] -- Up-to-date: /home/mihkel/School/ThesisPractical/realsense_ws/install/realsense2_description/share/realsense2_description/urdf/_materials.urdf.xacro
[2.430s] -- Up-to-date: /home/mihkel/School/ThesisPractical/realsense_ws/install/realsense2_description/share/realsense2_description/urdf/_d415.urdf.xacro
[2.430s] -- Up-to-date: /home/mihkel/School/ThesisPractical/realsense_ws/install/realsense2_description/share/realsense2_description/urdf/test_d435_camera.urdf.xacro
[2.431s] -- Up-to-date: /home/mihkel/School/ThesisPractical/realsense_ws/install/realsense2_description/share/realsense2_description/urdf/_d405.urdf.xacro
[2.431s] -- Up-to-date: /home/mihkel/School/ThesisPractical/realsense_ws/install/realsense2_description/share/realsense2_description/urdf/test_r430_camera.urdf.xacro
[2.431s] -- Up-to-date: /home/mihkel/School/ThesisPractical/realsense_ws/install/realsense2_description/share/realsense2_description/urdf/test_d415_camera.urdf.xacro
[2.431s] -- Up-to-date: /home/mihkel/School/ThesisPractical/realsense_ws/install/realsense2_description/share/realsense2_description/urdf/_d455.urdf.xacro
[2.432s] -- Up-to-date: /home/mihkel/School/ThesisPractical/realsense_ws/install/realsense2_description/share/realsense2_description/urdf/test_d455_camera.urdf.xacro
[2.432s] -- Up-to-date: /home/mihkel/School/ThesisPractical/realsense_ws/install/realsense2_description/share/realsense2_description/urdf/_r430.urdf.xacro
[2.433s] -- Up-to-date: /home/mihkel/School/ThesisPractical/realsense_ws/install/realsense2_description/share/realsense2_description/urdf/test_d435i_camera.urdf.xacro
[2.433s] -- Up-to-date: /home/mihkel/School/ThesisPractical/realsense_ws/install/realsense2_description/share/realsense2_description/urdf/_d435.urdf.xacro
[2.433s] -- Installing: /home/mihkel/School/ThesisPractical/realsense_ws/install/realsense2_description/share/ament_index/resource_index/package_run_dependencies/realsense2_description
[2.434s] -- Installing: /home/mihkel/School/ThesisPractical/realsense_ws/install/realsense2_description/share/ament_index/resource_index/parent_prefix_path/realsense2_description
[2.434s] -- Up-to-date: /home/mihkel/School/ThesisPractical/realsense_ws/install/realsense2_description/share/realsense2_description/environment/ament_prefix_path.sh
[2.435s] -- Installing: /home/mihkel/School/ThesisPractical/realsense_ws/install/realsense2_description/share/realsense2_description/environment/ament_prefix_path.dsv
[2.435s] -- Up-to-date: /home/mihkel/School/ThesisPractical/realsense_ws/install/realsense2_description/share/realsense2_description/environment/path.sh
[2.436s] -- Installing: /home/mihkel/School/ThesisPractical/realsense_ws/install/realsense2_description/share/realsense2_description/environment/path.dsv
[2.437s] -- Installing: /home/mihkel/School/ThesisPractical/realsense_ws/install/realsense2_description/share/realsense2_description/local_setup.bash
[2.437s] -- Installing: /home/mihkel/School/ThesisPractical/realsense_ws/install/realsense2_description/share/realsense2_description/local_setup.sh
[2.438s] -- Installing: /home/mihkel/School/ThesisPractical/realsense_ws/install/realsense2_description/share/realsense2_description/local_setup.zsh
[2.439s] -- Installing: /home/mihkel/School/ThesisPractical/realsense_ws/install/realsense2_description/share/realsense2_description/local_setup.dsv
[2.439s] -- Installing: /home/mihkel/School/ThesisPractical/realsense_ws/install/realsense2_description/share/realsense2_description/package.dsv
[2.440s] -- Installing: /home/mihkel/School/ThesisPractical/realsense_ws/install/realsense2_description/share/ament_index/resource_index/packages/realsense2_description
[2.440s] -- Installing: /home/mihkel/School/ThesisPractical/realsense_ws/install/realsense2_description/share/realsense2_description/cmake/realsense2_descriptionConfig.cmake
[2.440s] -- Installing: /home/mihkel/School/ThesisPractical/realsense_ws/install/realsense2_description/share/realsense2_description/cmake/realsense2_descriptionConfig-version.cmake
[2.441s] -- Up-to-date: /home/mihkel/School/ThesisPractical/realsense_ws/install/realsense2_description/share/realsense2_description/package.xml
[2.441s] Invoked command in '/home/mihkel/School/ThesisPractical/realsense_ws/build/realsense2_description' returned '0': AMENT_PREFIX_PATH=/home/mihkel/School/ThesisPractical/realsense_ws/install/realsense2_camera_msgs:${AMENT_PREFIX_PATH} CMAKE_PREFIX_PATH=/home/mihkel/School/ThesisPractical/realsense_ws/install/realsense2_camera_msgs:/opt/ros/humble LD_LIBRARY_PATH=/home/mihkel/School/ThesisPractical/realsense_ws/install/realsense2_camera_msgs/lib:${LD_LIBRARY_PATH} PYTHONPATH=/home/mihkel/School/ThesisPractical/realsense_ws/install/realsense2_camera_msgs/local/lib/python3.10/dist-packages:${PYTHONPATH} /usr/bin/cmake --install /home/mihkel/School/ThesisPractical/realsense_ws/build/realsense2_description
