[  1%] Built target robot_ros2_msgs__cpp
[  1%] Built target ament_cmake_python_copy_robot_ros2_msgs
[ 12%] Built target robot_ros2_msgs__rosidl_typesupport_cpp
[ 23%] Built target robot_ros2_msgs__rosidl_generator_c
[ 34%] Built target robot_ros2_msgs__rosidl_typesupport_fastrtps_cpp
[ 45%] Built target robot_ros2_msgs__rosidl_typesupport_introspection_cpp
[ 56%] Built target robot_ros2_msgs__rosidl_typesupport_fastrtps_c
[ 67%] Built target robot_ros2_msgs__rosidl_typesupport_c
[ 78%] Built target robot_ros2_msgs__rosidl_typesupport_introspection_c
[ 78%] Built target robot_ros2_msgs
[ 80%] Built target robot_ros2_msgs__py
[ 89%] Built target robot_ros2_msgs__rosidl_generator_py
[ 92%] Built target robot_ros2_msgs__rosidl_typesupport_fastrtps_c__pyext
[ 96%] Built target robot_ros2_msgs__rosidl_typesupport_c__pyext
[100%] Built target robot_ros2_msgs__rosidl_typesupport_introspection_c__pyext
running egg_info
writing robot_ros2_msgs.egg-info/PKG-INFO
writing dependency_links to robot_ros2_msgs.egg-info/dependency_links.txt
writing top-level names to robot_ros2_msgs.egg-info/top_level.txt
reading manifest file 'robot_ros2_msgs.egg-info/SOURCES.txt'
writing manifest file 'robot_ros2_msgs.egg-info/SOURCES.txt'
[100%] Built target ament_cmake_python_build_robot_ros2_msgs_egg
