[0.247s] Invoking command in '/home/mihkel/School/ThesisPractical/rtabmap_ws/build/rtabmap': CMAKE_PREFIX_PATH=/opt/ros/humble /home/mihkel/.local/bin/cmake --build /home/mihkel/School/ThesisPractical/rtabmap_ws/build/rtabmap -- -j12 -l12
[0.499s] [  5%] Built target rtabmap_utilite
[0.532s] [  6%] Built target res_tool
[1.200s] [ 57%] Built target rtabmap_core
[1.228s] [ 57%] Built target rtabmap_gui_autogen_timestamp_deps
[1.285s] [ 58%] Built target detectMoreLoopClosures
[1.341s] [ 58%] Built target export
[1.389s] [ 59%] Built target info
[1.436s] [ 60%] Built target cleanupLocalGrids
[1.484s] [ 61%] Built target globalBundleAdjustment
[1.556s] [ 62%] Built target rtabmap_gui_autogen
[1.612s] [ 63%] Built target reprocess
[1.885s] [ 79%] Built target rtabmap_gui
[1.917s] [ 80%] Built target recovery
[1.980s] [ 80%] Built target rgbd_camera
[2.029s] [ 81%] Built target databaseViewer
[2.080s] [ 82%] Built target epipolar_geometry
[2.137s] [ 83%] Built target odometryViewer
[2.195s] [ 83%] Built target dataRecorder
[2.252s] [ 84%] Built target calibration
[2.313s] [ 84%] Built target matcher
[2.361s] [ 84%] Built target bow_mapping
[2.387s] [ 84%] Built target rgbd_mapping_autogen_timestamp_deps
[2.411s] [ 84%] Built target wifi_mapping_autogen_timestamp_deps
[2.436s] [ 84%] Built target noEventsExample_autogen_timestamp_deps
[2.478s] [ 84%] Built target rgbd_mapping_autogen
[2.520s] [ 85%] Built target wifi_mapping_autogen
[2.553s] [ 85%] Built target noEventsExample_autogen
[2.644s] [ 87%] Built target rgbd_mapping
[2.727s] [ 89%] Built target wifi_mapping
[2.802s] [ 91%] Built target noEventsExample
[2.853s] [ 92%] Built target report
[2.905s] [ 93%] Built target rtabmap_app
[2.957s] [ 94%] Built target euroc_dataset
[3.018s] [ 95%] Built target rgbd_dataset
[3.068s] [ 96%] Built target kitti_dataset
[3.110s] [ 96%] Built target stereoEval
[3.151s] [ 97%] Built target camera
[3.209s] [ 98%] Built target extractObject
[3.244s] [ 99%] Built target imagesJoiner
[3.292s] [100%] Built target consoleApp
[3.325s] Invoked command in '/home/mihkel/School/ThesisPractical/rtabmap_ws/build/rtabmap' returned '0': CMAKE_PREFIX_PATH=/opt/ros/humble /home/mihkel/.local/bin/cmake --build /home/mihkel/School/ThesisPractical/rtabmap_ws/build/rtabmap -- -j12 -l12
[3.664s] Invoking command in '/home/mihkel/School/ThesisPractical/rtabmap_ws/build/rtabmap': CMAKE_PREFIX_PATH=/opt/ros/humble /home/mihkel/.local/bin/cmake --install /home/mihkel/School/ThesisPractical/rtabmap_ws/build/rtabmap
[3.764s] -- Install configuration: "Release"
[3.766s] -- Up-to-date: /home/mihkel/School/ThesisPractical/rtabmap_ws/install/rtabmap/lib/rtabmap-0.21/RTABMapTargets.cmake
[3.766s] -- Up-to-date: /home/mihkel/School/ThesisPractical/rtabmap_ws/install/rtabmap/lib/rtabmap-0.21/RTABMapConfig.cmake
[3.766s] -- Up-to-date: /home/mihkel/School/ThesisPractical/rtabmap_ws/install/rtabmap/lib/rtabmap-0.21/RTABMapConfigVersion.cmake
[3.767s] -- Up-to-date: /home/mihkel/School/ThesisPractical/rtabmap_ws/install/rtabmap/share/rtabmap/package.xml
[3.769s] -- Up-to-date: /home/mihkel/School/ThesisPractical/rtabmap_ws/install/rtabmap/lib/librtabmap_utilite.so.0.21.3
[3.770s] -- Up-to-date: /home/mihkel/School/ThesisPractical/rtabmap_ws/install/rtabmap/lib/librtabmap_utilite.so.0.21
[3.771s] -- Up-to-date: /home/mihkel/School/ThesisPractical/rtabmap_ws/install/rtabmap/lib/librtabmap_utilite.so
[3.771s] -- Up-to-date: /home/mihkel/School/ThesisPractical/rtabmap_ws/install/rtabmap/include/rtabmap-0.21/rtabmap
[3.772s] -- Up-to-date: /home/mihkel/School/ThesisPractical/rtabmap_ws/install/rtabmap/include/rtabmap-0.21/rtabmap/utilite
[3.773s] -- Up-to-date: /home/mihkel/School/ThesisPractical/rtabmap_ws/install/rtabmap/include/rtabmap-0.21/rtabmap/utilite/UEventsHandler.h
[3.773s] -- Up-to-date: /home/mihkel/School/ThesisPractical/rtabmap_ws/install/rtabmap/include/rtabmap-0.21/rtabmap/utilite/UStl.h
[3.773s] -- Up-to-date: /home/mihkel/School/ThesisPractical/rtabmap_ws/install/rtabmap/include/rtabmap-0.21/rtabmap/utilite/Win32
[3.774s] -- Up-to-date: /home/mihkel/School/ThesisPractical/rtabmap_ws/install/rtabmap/include/rtabmap-0.21/rtabmap/utilite/Win32/UWin32.h
[3.774s] -- Up-to-date: /home/mihkel/School/ThesisPractical/rtabmap_ws/install/rtabmap/include/rtabmap-0.21/rtabmap/utilite/Win32/UThreadC.h
[3.775s] -- Up-to-date: /home/mihkel/School/ThesisPractical/rtabmap_ws/install/rtabmap/include/rtabmap-0.21/rtabmap/utilite/UObjDeletionThread.h
[3.775s] -- Up-to-date: /home/mihkel/School/ThesisPractical/rtabmap_ws/install/rtabmap/include/rtabmap-0.21/rtabmap/utilite/UException.h
[3.775s] -- Up-to-date: /home/mihkel/School/ThesisPractical/rtabmap_ws/install/rtabmap/include/rtabmap-0.21/rtabmap/utilite/UMutex.h
[3.776s] -- Up-to-date: /home/mihkel/School/ThesisPractical/rtabmap_ws/install/rtabmap/include/rtabmap-0.21/rtabmap/utilite/UConversion.h
[3.776s] -- Up-to-date: /home/mihkel/School/ThesisPractical/rtabmap_ws/install/rtabmap/include/rtabmap-0.21/rtabmap/utilite/ULogger.h
[3.777s] -- Up-to-date: /home/mihkel/School/ThesisPractical/rtabmap_ws/install/rtabmap/include/rtabmap-0.21/rtabmap/utilite/UMath.h
[3.777s] -- Up-to-date: /home/mihkel/School/ThesisPractical/rtabmap_ws/install/rtabmap/include/rtabmap-0.21/rtabmap/utilite/UThread.h
[3.777s] -- Up-to-date: /home/mihkel/School/ThesisPractical/rtabmap_ws/install/rtabmap/include/rtabmap-0.21/rtabmap/utilite/UEventsManager.h
[3.778s] -- Up-to-date: /home/mihkel/School/ThesisPractical/rtabmap_ws/install/rtabmap/include/rtabmap-0.21/rtabmap/utilite/UEventsSender.h
[3.778s] -- Up-to-date: /home/mihkel/School/ThesisPractical/rtabmap_ws/install/rtabmap/include/rtabmap-0.21/rtabmap/utilite/UDirectory.h
[3.778s] -- Up-to-date: /home/mihkel/School/ThesisPractical/rtabmap_ws/install/rtabmap/include/rtabmap-0.21/rtabmap/utilite/Posix
[3.779s] -- Up-to-date: /home/mihkel/School/ThesisPractical/rtabmap_ws/install/rtabmap/include/rtabmap-0.21/rtabmap/utilite/Posix/UThreadC.h
[3.779s] -- Up-to-date: /home/mihkel/School/ThesisPractical/rtabmap_ws/install/rtabmap/include/rtabmap-0.21/rtabmap/utilite/USemaphore.h
[3.779s] -- Up-to-date: /home/mihkel/School/ThesisPractical/rtabmap_ws/install/rtabmap/include/rtabmap-0.21/rtabmap/utilite/UThreadNode.h
[3.780s] -- Up-to-date: /home/mihkel/School/ThesisPractical/rtabmap_ws/install/rtabmap/include/rtabmap-0.21/rtabmap/utilite/UVariant.h
[3.780s] -- Up-to-date: /home/mihkel/School/ThesisPractical/rtabmap_ws/install/rtabmap/include/rtabmap-0.21/rtabmap/utilite/UFile.h
[3.780s] -- Up-to-date: /home/mihkel/School/ThesisPractical/rtabmap_ws/install/rtabmap/include/rtabmap-0.21/rtabmap/utilite/UTimer.h
[3.781s] -- Up-to-date: /home/mihkel/School/ThesisPractical/rtabmap_ws/install/rtabmap/include/rtabmap-0.21/rtabmap/utilite/UDestroyer.h
[3.781s] -- Up-to-date: /home/mihkel/School/ThesisPractical/rtabmap_ws/install/rtabmap/include/rtabmap-0.21/rtabmap/utilite/UEvent.h
[3.781s] -- Up-to-date: /home/mihkel/School/ThesisPractical/rtabmap_ws/install/rtabmap/include/rtabmap-0.21/rtabmap/utilite/UProcessInfo.h
[3.782s] -- Up-to-date: /home/mihkel/School/ThesisPractical/rtabmap_ws/install/rtabmap/include/rtabmap-0.21/rtabmap/utilite/UThreadC.h
[3.782s] -- Up-to-date: /home/mihkel/School/ThesisPractical/rtabmap_ws/install/rtabmap/include/rtabmap-0.21/rtabmap/utilite/UtiLite.h
[3.782s] -- Up-to-date: /home/mihkel/School/ThesisPractical/rtabmap_ws/install/rtabmap/include/rtabmap-0.21/rtabmap
[3.783s] -- Up-to-date: /home/mihkel/School/ThesisPractical/rtabmap_ws/install/rtabmap/include/rtabmap-0.21/rtabmap/utilite
[3.783s] -- Up-to-date: /home/mihkel/School/ThesisPractical/rtabmap_ws/install/rtabmap/include/rtabmap-0.21/rtabmap/utilite/utilite_export.h
[3.783s] -- Up-to-date: /home/mihkel/School/ThesisPractical/rtabmap_ws/install/rtabmap/lib/rtabmap-0.21/RTABMap_utiliteTargets.cmake
[3.784s] -- Up-to-date: /home/mihkel/School/ThesisPractical/rtabmap_ws/install/rtabmap/lib/rtabmap-0.21/RTABMap_utiliteTargets-release.cmake
[3.784s] -- Up-to-date: /home/mihkel/School/ThesisPractical/rtabmap_ws/install/rtabmap/bin/rtabmap-res_tool-0.3.0
[3.784s] -- Up-to-date: /home/mihkel/School/ThesisPractical/rtabmap_ws/install/rtabmap/bin/rtabmap-res_tool
[3.785s] -- Up-to-date: /home/mihkel/School/ThesisPractical/rtabmap_ws/install/rtabmap/lib/librtabmap_core.so.0.21.3
[3.785s] -- Up-to-date: /home/mihkel/School/ThesisPractical/rtabmap_ws/install/rtabmap/lib/librtabmap_core.so.0.21
[3.785s] -- Up-to-date: /home/mihkel/School/ThesisPractical/rtabmap_ws/install/rtabmap/lib/librtabmap_core.so
[3.786s] -- Up-to-date: /home/mihkel/School/ThesisPractical/rtabmap_ws/install/rtabmap/include/rtabmap-0.21/rtabmap
[3.786s] -- Up-to-date: /home/mihkel/School/ThesisPractical/rtabmap_ws/install/rtabmap/include/rtabmap-0.21/rtabmap/core
[3.786s] -- Up-to-date: /home/mihkel/School/ThesisPractical/rtabmap_ws/install/rtabmap/include/rtabmap-0.21/rtabmap/core/Features2d.h
[3.787s] -- Up-to-date: /home/mihkel/School/ThesisPractical/rtabmap_ws/install/rtabmap/include/rtabmap-0.21/rtabmap/core/Parameters.h
[3.787s] -- Up-to-date: /home/mihkel/School/ThesisPractical/rtabmap_ws/install/rtabmap/include/rtabmap-0.21/rtabmap/core/camera
[3.787s] -- Up-to-date: /home/mihkel/School/ThesisPractical/rtabmap_ws/install/rtabmap/include/rtabmap-0.21/rtabmap/core/camera/CameraFreenect.h
[3.788s] -- Up-to-date: /home/mihkel/School/ThesisPractical/rtabmap_ws/install/rtabmap/include/rtabmap-0.21/rtabmap/core/camera/CameraStereoDC1394.h
[3.788s] -- Up-to-date: /home/mihkel/School/ThesisPractical/rtabmap_ws/install/rtabmap/include/rtabmap-0.21/rtabmap/core/camera/CameraStereoVideo.h
[3.788s] -- Up-to-date: /home/mihkel/School/ThesisPractical/rtabmap_ws/install/rtabmap/include/rtabmap-0.21/rtabmap/core/camera/CameraK4A.h
[3.789s] -- Up-to-date: /home/mihkel/School/ThesisPractical/rtabmap_ws/install/rtabmap/include/rtabmap-0.21/rtabmap/core/camera/CameraStereoFlyCapture2.h
[3.789s] -- Up-to-date: /home/mihkel/School/ThesisPractical/rtabmap_ws/install/rtabmap/include/rtabmap-0.21/rtabmap/core/camera/CameraK4W2.h
[3.790s] -- Up-to-date: /home/mihkel/School/ThesisPractical/rtabmap_ws/install/rtabmap/include/rtabmap-0.21/rtabmap/core/camera/CameraStereoZed.h
[3.790s] -- Up-to-date: /home/mihkel/School/ThesisPractical/rtabmap_ws/install/rtabmap/include/rtabmap-0.21/rtabmap/core/camera/CameraMyntEye.h
[3.790s] -- Up-to-date: /home/mihkel/School/ThesisPractical/rtabmap_ws/install/rtabmap/include/rtabmap-0.21/rtabmap/core/camera/CameraRealSense2.h
[3.790s] -- Up-to-date: /home/mihkel/School/ThesisPractical/rtabmap_ws/install/rtabmap/include/rtabmap-0.21/rtabmap/core/camera/CameraFreenect2.h
[3.791s] -- Up-to-date: /home/mihkel/School/ThesisPractical/rtabmap_ws/install/rtabmap/include/rtabmap-0.21/rtabmap/core/camera/CameraOpenni.h
[3.791s] -- Up-to-date: /home/mihkel/School/ThesisPractical/rtabmap_ws/install/rtabmap/include/rtabmap-0.21/rtabmap/core/camera/CameraStereoZedOC.h
[3.791s] -- Up-to-date: /home/mihkel/School/ThesisPractical/rtabmap_ws/install/rtabmap/include/rtabmap-0.21/rtabmap/core/camera/CameraVideo.h
[3.791s] -- Up-to-date: /home/mihkel/School/ThesisPractical/rtabmap_ws/install/rtabmap/include/rtabmap-0.21/rtabmap/core/camera/CameraStereoImages.h
[3.792s] -- Up-to-date: /home/mihkel/School/ThesisPractical/rtabmap_ws/install/rtabmap/include/rtabmap-0.21/rtabmap/core/camera/CameraRGBDImages.h
[3.792s] -- Up-to-date: /home/mihkel/School/ThesisPractical/rtabmap_ws/install/rtabmap/include/rtabmap-0.21/rtabmap/core/camera/CameraOpenNICV.h
[3.792s] -- Up-to-date: /home/mihkel/School/ThesisPractical/rtabmap_ws/install/rtabmap/include/rtabmap-0.21/rtabmap/core/camera/CameraOpenNI2.h
[3.792s] -- Up-to-date: /home/mihkel/School/ThesisPractical/rtabmap_ws/install/rtabmap/include/rtabmap-0.21/rtabmap/core/camera/CameraDepthAI.h
[3.792s] -- Up-to-date: /home/mihkel/School/ThesisPractical/rtabmap_ws/install/rtabmap/include/rtabmap-0.21/rtabmap/core/camera/CameraStereoTara.h
[3.793s] -- Up-to-date: /home/mihkel/School/ThesisPractical/rtabmap_ws/install/rtabmap/include/rtabmap-0.21/rtabmap/core/camera/CameraRealSense.h
[3.793s] -- Up-to-date: /home/mihkel/School/ThesisPractical/rtabmap_ws/install/rtabmap/include/rtabmap-0.21/rtabmap/core/camera/CameraImages.h
[3.793s] -- Up-to-date: /home/mihkel/School/ThesisPractical/rtabmap_ws/install/rtabmap/include/rtabmap-0.21/rtabmap/core/DBDriver.h
[3.793s] -- Up-to-date: /home/mihkel/School/ThesisPractical/rtabmap_ws/install/rtabmap/include/rtabmap-0.21/rtabmap/core/Optimizer.h
[3.793s] -- Up-to-date: /home/mihkel/School/ThesisPractical/rtabmap_ws/install/rtabmap/include/rtabmap-0.21/rtabmap/core/optimizer
[3.794s] -- Up-to-date: /home/mihkel/School/ThesisPractical/rtabmap_ws/install/rtabmap/include/rtabmap-0.21/rtabmap/core/optimizer/OptimizerCVSBA.h
[3.794s] -- Up-to-date: /home/mihkel/School/ThesisPractical/rtabmap_ws/install/rtabmap/include/rtabmap-0.21/rtabmap/core/optimizer/OptimizerCeres.h
[3.794s] -- Up-to-date: /home/mihkel/School/ThesisPractical/rtabmap_ws/install/rtabmap/include/rtabmap-0.21/rtabmap/core/optimizer/OptimizerTORO.h
[3.794s] -- Up-to-date: /home/mihkel/School/ThesisPractical/rtabmap_ws/install/rtabmap/include/rtabmap-0.21/rtabmap/core/optimizer/OptimizerGTSAM.h
[3.795s] -- Up-to-date: /home/mihkel/School/ThesisPractical/rtabmap_ws/install/rtabmap/include/rtabmap-0.21/rtabmap/core/optimizer/OptimizerG2O.h
[3.795s] -- Up-to-date: /home/mihkel/School/ThesisPractical/rtabmap_ws/install/rtabmap/include/rtabmap-0.21/rtabmap/core/GlobalDescriptor.h
[3.795s] -- Up-to-date: /home/mihkel/School/ThesisPractical/rtabmap_ws/install/rtabmap/include/rtabmap-0.21/rtabmap/core/VisualWord.h
[3.796s] -- Up-to-date: /home/mihkel/School/ThesisPractical/rtabmap_ws/install/rtabmap/include/rtabmap-0.21/rtabmap/core/clams
[3.796s] -- Up-to-date: /home/mihkel/School/ThesisPractical/rtabmap_ws/install/rtabmap/include/rtabmap-0.21/rtabmap/core/clams/frame_projector.h
[3.796s] -- Up-to-date: /home/mihkel/School/ThesisPractical/rtabmap_ws/install/rtabmap/include/rtabmap-0.21/rtabmap/core/clams/discrete_depth_distortion_model.h
[3.797s] -- Up-to-date: /home/mihkel/School/ThesisPractical/rtabmap_ws/install/rtabmap/include/rtabmap-0.21/rtabmap/core/clams/slam_calibrator.h
[3.797s] -- Up-to-date: /home/mihkel/School/ThesisPractical/rtabmap_ws/install/rtabmap/include/rtabmap-0.21/rtabmap/core/IMUThread.h
[3.797s] -- Up-to-date: /home/mihkel/School/ThesisPractical/rtabmap_ws/install/rtabmap/include/rtabmap-0.21/rtabmap/core/util3d_correspondences.h
[3.798s] -- Up-to-date: /home/mihkel/School/ThesisPractical/rtabmap_ws/install/rtabmap/include/rtabmap-0.21/rtabmap/core/OdometryInfo.h
[3.799s] -- Up-to-date: /home/mihkel/School/ThesisPractical/rtabmap_ws/install/rtabmap/include/rtabmap-0.21/rtabmap/core/OdometryThread.h
[3.799s] -- Up-to-date: /home/mihkel/School/ThesisPractical/rtabmap_ws/install/rtabmap/include/rtabmap-0.21/rtabmap/core/CameraEvent.h
[3.799s] -- Up-to-date: /home/mihkel/School/ThesisPractical/rtabmap_ws/install/rtabmap/include/rtabmap-0.21/rtabmap/core/util3d_filtering.h
[3.799s] -- Up-to-date: /home/mihkel/School/ThesisPractical/rtabmap_ws/install/rtabmap/include/rtabmap-0.21/rtabmap/core/GPS.h
[3.800s] -- Up-to-date: /home/mihkel/School/ThesisPractical/rtabmap_ws/install/rtabmap/include/rtabmap-0.21/rtabmap/core/LocalGridMaker.h
[3.800s] -- Up-to-date: /home/mihkel/School/ThesisPractical/rtabmap_ws/install/rtabmap/include/rtabmap-0.21/rtabmap/core/StereoCameraModel.h
[3.800s] -- Up-to-date: /home/mihkel/School/ThesisPractical/rtabmap_ws/install/rtabmap/include/rtabmap-0.21/rtabmap/core/util3d_transforms.h
[3.800s] -- Up-to-date: /home/mihkel/School/ThesisPractical/rtabmap_ws/install/rtabmap/include/rtabmap-0.21/rtabmap/core/Compression.h
[3.800s] -- Up-to-date: /home/mihkel/School/ThesisPractical/rtabmap_ws/install/rtabmap/include/rtabmap-0.21/rtabmap/core/CameraModel.h
[3.801s] -- Up-to-date: /home/mihkel/School/ThesisPractical/rtabmap_ws/install/rtabmap/include/rtabmap-0.21/rtabmap/core/util3d_features.h
[3.801s] -- Up-to-date: /home/mihkel/School/ThesisPractical/rtabmap_ws/install/rtabmap/include/rtabmap-0.21/rtabmap/core/IMUFilter.h
[3.801s] -- Up-to-date: /home/mihkel/School/ThesisPractical/rtabmap_ws/install/rtabmap/include/rtabmap-0.21/rtabmap/core/GlobalMap.h
[3.801s] -- Up-to-date: /home/mihkel/School/ThesisPractical/rtabmap_ws/install/rtabmap/include/rtabmap-0.21/rtabmap/core/Statistics.h
[3.802s] -- Up-to-date: /home/mihkel/School/ThesisPractical/rtabmap_ws/install/rtabmap/include/rtabmap-0.21/rtabmap/core/Recovery.h
[3.802s] -- Up-to-date: /home/mihkel/School/ThesisPractical/rtabmap_ws/install/rtabmap/include/rtabmap-0.21/rtabmap/core/Rtabmap.h
[3.802s] -- Up-to-date: /home/mihkel/School/ThesisPractical/rtabmap_ws/install/rtabmap/include/rtabmap-0.21/rtabmap/core/RegistrationVis.h
[3.802s] -- Up-to-date: /home/mihkel/School/ThesisPractical/rtabmap_ws/install/rtabmap/include/rtabmap-0.21/rtabmap/core/DBDriverSqlite3.h
[3.802s] -- Up-to-date: /home/mihkel/School/ThesisPractical/rtabmap_ws/install/rtabmap/include/rtabmap-0.21/rtabmap/core/util3d_mapping.h
[3.803s] -- Up-to-date: /home/mihkel/School/ThesisPractical/rtabmap_ws/install/rtabmap/include/rtabmap-0.21/rtabmap/core/CameraThread.h
[3.803s] -- Up-to-date: /home/mihkel/School/ThesisPractical/rtabmap_ws/install/rtabmap/include/rtabmap-0.21/rtabmap/core/stereo
[3.803s] -- Up-to-date: /home/mihkel/School/ThesisPractical/rtabmap_ws/install/rtabmap/include/rtabmap-0.21/rtabmap/core/stereo/stereoRectifyFisheye.h
[3.803s] -- Up-to-date: /home/mihkel/School/ThesisPractical/rtabmap_ws/install/rtabmap/include/rtabmap-0.21/rtabmap/core/stereo/StereoSGBM.h
[3.803s] -- Up-to-date: /home/mihkel/School/ThesisPractical/rtabmap_ws/install/rtabmap/include/rtabmap-0.21/rtabmap/core/stereo/StereoBM.h
[3.804s] -- Up-to-date: /home/mihkel/School/ThesisPractical/rtabmap_ws/install/rtabmap/include/rtabmap-0.21/rtabmap/core/Signature.h
[3.804s] -- Up-to-date: /home/mihkel/School/ThesisPractical/rtabmap_ws/install/rtabmap/include/rtabmap-0.21/rtabmap/core/OctoMap.h
[3.804s] -- Up-to-date: /home/mihkel/School/ThesisPractical/rtabmap_ws/install/rtabmap/include/rtabmap-0.21/rtabmap/core/EpipolarGeometry.h
[3.804s] -- Up-to-date: /home/mihkel/School/ThesisPractical/rtabmap_ws/install/rtabmap/include/rtabmap-0.21/rtabmap/core/CameraStereo.h
[3.805s] -- Up-to-date: /home/mihkel/School/ThesisPractical/rtabmap_ws/install/rtabmap/include/rtabmap-0.21/rtabmap/core/Odometry.h
[3.805s] -- Up-to-date: /home/mihkel/School/ThesisPractical/rtabmap_ws/install/rtabmap/include/rtabmap-0.21/rtabmap/core/FlannIndex.h
[3.805s] -- Up-to-date: /home/mihkel/School/ThesisPractical/rtabmap_ws/install/rtabmap/include/rtabmap-0.21/rtabmap/core/PythonInterface.h
[3.805s] -- Up-to-date: /home/mihkel/School/ThesisPractical/rtabmap_ws/install/rtabmap/include/rtabmap-0.21/rtabmap/core/BayesFilter.h
[3.805s] -- Up-to-date: /home/mihkel/School/ThesisPractical/rtabmap_ws/install/rtabmap/include/rtabmap-0.21/rtabmap/core/Link.h
[3.806s] -- Up-to-date: /home/mihkel/School/ThesisPractical/rtabmap_ws/install/rtabmap/include/rtabmap-0.21/rtabmap/core/PDALWriter.h
[3.806s] -- Up-to-date: /home/mihkel/School/ThesisPractical/rtabmap_ws/install/rtabmap/include/rtabmap-0.21/rtabmap/core/OdometryEvent.h
[3.806s] -- Up-to-date: /home/mihkel/School/ThesisPractical/rtabmap_ws/install/rtabmap/include/rtabmap-0.21/rtabmap/core/RegistrationIcp.h
[3.806s] -- Up-to-date: /home/mihkel/School/ThesisPractical/rtabmap_ws/install/rtabmap/include/rtabmap-0.21/rtabmap/core/IMU.h
[3.806s] -- Up-to-date: /home/mihkel/School/ThesisPractical/rtabmap_ws/install/rtabmap/include/rtabmap-0.21/rtabmap/core/ParticleFilter.h
[3.807s] -- Up-to-date: /home/mihkel/School/ThesisPractical/rtabmap_ws/install/rtabmap/include/rtabmap-0.21/rtabmap/core/CameraRGBD.h
[3.807s] -- Up-to-date: /home/mihkel/School/ThesisPractical/rtabmap_ws/install/rtabmap/include/rtabmap-0.21/rtabmap/core/StereoDense.h
[3.807s] -- Up-to-date: /home/mihkel/School/ThesisPractical/rtabmap_ws/install/rtabmap/include/rtabmap-0.21/rtabmap/core/OccupancyGrid.h
[3.807s] -- Up-to-date: /home/mihkel/School/ThesisPractical/rtabmap_ws/install/rtabmap/include/rtabmap-0.21/rtabmap/core/GainCompensator.h
[3.807s] -- Up-to-date: /home/mihkel/School/ThesisPractical/rtabmap_ws/install/rtabmap/include/rtabmap-0.21/rtabmap/core/odometry
[3.808s] -- Up-to-date: /home/mihkel/School/ThesisPractical/rtabmap_ws/install/rtabmap/include/rtabmap-0.21/rtabmap/core/odometry/OdometryF2M.h
[3.808s] -- Up-to-date: /home/mihkel/School/ThesisPractical/rtabmap_ws/install/rtabmap/include/rtabmap-0.21/rtabmap/core/odometry/OdometryViso2.h
[3.808s] -- Up-to-date: /home/mihkel/School/ThesisPractical/rtabmap_ws/install/rtabmap/include/rtabmap-0.21/rtabmap/core/odometry/OdometryOpenVINS.h
[3.808s] -- Up-to-date: /home/mihkel/School/ThesisPractical/rtabmap_ws/install/rtabmap/include/rtabmap-0.21/rtabmap/core/odometry/OdometryMono.h
[3.809s] -- Up-to-date: /home/mihkel/School/ThesisPractical/rtabmap_ws/install/rtabmap/include/rtabmap-0.21/rtabmap/core/odometry/OdometryFovis.h
[3.809s] -- Up-to-date: /home/mihkel/School/ThesisPractical/rtabmap_ws/install/rtabmap/include/rtabmap-0.21/rtabmap/core/odometry/OdometryLOAM.h
[3.809s] -- Up-to-date: /home/mihkel/School/ThesisPractical/rtabmap_ws/install/rtabmap/include/rtabmap-0.21/rtabmap/core/odometry/OdometryDVO.h
[3.809s] -- Up-to-date: /home/mihkel/School/ThesisPractical/rtabmap_ws/install/rtabmap/include/rtabmap-0.21/rtabmap/core/odometry/OdometryORBSLAM2.h
[3.809s] -- Up-to-date: /home/mihkel/School/ThesisPractical/rtabmap_ws/install/rtabmap/include/rtabmap-0.21/rtabmap/core/odometry/OdometryFLOAM.h
[3.810s] -- Up-to-date: /home/mihkel/School/ThesisPractical/rtabmap_ws/install/rtabmap/include/rtabmap-0.21/rtabmap/core/odometry/OdometryOpen3D.h
[3.810s] -- Up-to-date: /home/mihkel/School/ThesisPractical/rtabmap_ws/install/rtabmap/include/rtabmap-0.21/rtabmap/core/odometry/OdometryOkvis.h
[3.810s] -- Up-to-date: /home/mihkel/School/ThesisPractical/rtabmap_ws/install/rtabmap/include/rtabmap-0.21/rtabmap/core/odometry/OdometryF2F.h
[3.810s] -- Up-to-date: /home/mihkel/School/ThesisPractical/rtabmap_ws/install/rtabmap/include/rtabmap-0.21/rtabmap/core/odometry/OdometryVINS.h
[3.811s] -- Up-to-date: /home/mihkel/School/ThesisPractical/rtabmap_ws/install/rtabmap/include/rtabmap-0.21/rtabmap/core/odometry/OdometryMSCKF.h
[3.811s] -- Up-to-date: /home/mihkel/School/ThesisPractical/rtabmap_ws/install/rtabmap/include/rtabmap-0.21/rtabmap/core/odometry/OdometryORBSLAM3.h
[3.811s] -- Up-to-date: /home/mihkel/School/ThesisPractical/rtabmap_ws/install/rtabmap/include/rtabmap-0.21/rtabmap/core/ParamEvent.h
[3.811s] -- Up-to-date: /home/mihkel/School/ThesisPractical/rtabmap_ws/install/rtabmap/include/rtabmap-0.21/rtabmap/core/GeodeticCoords.h
[3.811s] -- Up-to-date: /home/mihkel/School/ThesisPractical/rtabmap_ws/install/rtabmap/include/rtabmap-0.21/rtabmap/core/util3d_surface.h
[3.812s] -- Up-to-date: /home/mihkel/School/ThesisPractical/rtabmap_ws/install/rtabmap/include/rtabmap-0.21/rtabmap/core/global_map
[3.812s] -- Up-to-date: /home/mihkel/School/ThesisPractical/rtabmap_ws/install/rtabmap/include/rtabmap-0.21/rtabmap/core/global_map/CloudMap.h
[3.812s] -- Up-to-date: /home/mihkel/School/ThesisPractical/rtabmap_ws/install/rtabmap/include/rtabmap-0.21/rtabmap/core/global_map/OctoMap.h
[3.812s] -- Up-to-date: /home/mihkel/School/ThesisPractical/rtabmap_ws/install/rtabmap/include/rtabmap-0.21/rtabmap/core/global_map/OccupancyGrid.h
[3.812s] -- Up-to-date: /home/mihkel/School/ThesisPractical/rtabmap_ws/install/rtabmap/include/rtabmap-0.21/rtabmap/core/global_map/GridMap.h
[3.813s] -- Up-to-date: /home/mihkel/School/ThesisPractical/rtabmap_ws/install/rtabmap/include/rtabmap-0.21/rtabmap/core/Landmark.h
[3.813s] -- Up-to-date: /home/mihkel/School/ThesisPractical/rtabmap_ws/install/rtabmap/include/rtabmap-0.21/rtabmap/core/ProgressState.h
[3.813s] -- Up-to-date: /home/mihkel/School/ThesisPractical/rtabmap_ws/install/rtabmap/include/rtabmap-0.21/rtabmap/core/DBReader.h
[3.813s] -- Up-to-date: /home/mihkel/School/ThesisPractical/rtabmap_ws/install/rtabmap/include/rtabmap-0.21/rtabmap/core/util2d.h
[3.814s] -- Up-to-date: /home/mihkel/School/ThesisPractical/rtabmap_ws/install/rtabmap/include/rtabmap-0.21/rtabmap/core/RegistrationInfo.h
[3.814s] -- Up-to-date: /home/mihkel/School/ThesisPractical/rtabmap_ws/install/rtabmap/include/rtabmap-0.21/rtabmap/core/Graph.h
[3.814s] -- Up-to-date: /home/mihkel/School/ThesisPractical/rtabmap_ws/install/rtabmap/include/rtabmap-0.21/rtabmap/core/Transform.h
[3.814s] -- Up-to-date: /home/mihkel/School/ThesisPractical/rtabmap_ws/install/rtabmap/include/rtabmap-0.21/rtabmap/core/EnvSensor.h
[3.815s] -- Up-to-date: /home/mihkel/School/ThesisPractical/rtabmap_ws/install/rtabmap/include/rtabmap-0.21/rtabmap/core/SensorData.h
[3.815s] -- Up-to-date: /home/mihkel/School/ThesisPractical/rtabmap_ws/install/rtabmap/include/rtabmap-0.21/rtabmap/core/impl
[3.815s] -- Up-to-date: /home/mihkel/School/ThesisPractical/rtabmap_ws/install/rtabmap/include/rtabmap-0.21/rtabmap/core/impl/util3d_mapping.hpp
[3.815s] -- Up-to-date: /home/mihkel/School/ThesisPractical/rtabmap_ws/install/rtabmap/include/rtabmap-0.21/rtabmap/core/impl/util3d_surface.hpp
[3.815s] -- Up-to-date: /home/mihkel/School/ThesisPractical/rtabmap_ws/install/rtabmap/include/rtabmap-0.21/rtabmap/core/impl/LocalMapMaker.hpp
[3.816s] -- Up-to-date: /home/mihkel/School/ThesisPractical/rtabmap_ws/install/rtabmap/include/rtabmap-0.21/rtabmap/core/impl/util3d.hpp
[3.816s] -- Up-to-date: /home/mihkel/School/ThesisPractical/rtabmap_ws/install/rtabmap/include/rtabmap-0.21/rtabmap/core/CameraInfo.h
[3.816s] -- Up-to-date: /home/mihkel/School/ThesisPractical/rtabmap_ws/install/rtabmap/include/rtabmap-0.21/rtabmap/core/LocalGrid.h
[3.816s] -- Up-to-date: /home/mihkel/School/ThesisPractical/rtabmap_ws/install/rtabmap/include/rtabmap-0.21/rtabmap/core/Camera.h
[3.816s] -- Up-to-date: /home/mihkel/School/ThesisPractical/rtabmap_ws/install/rtabmap/include/rtabmap-0.21/rtabmap/core/Registration.h
[3.817s] -- Up-to-date: /home/mihkel/School/ThesisPractical/rtabmap_ws/install/rtabmap/include/rtabmap-0.21/rtabmap/core/util3d.h
[3.817s] -- Up-to-date: /home/mihkel/School/ThesisPractical/rtabmap_ws/install/rtabmap/include/rtabmap-0.21/rtabmap/core/VWDictionary.h
[3.817s] -- Up-to-date: /home/mihkel/School/ThesisPractical/rtabmap_ws/install/rtabmap/include/rtabmap-0.21/rtabmap/core/Stereo.h
[3.817s] -- Up-to-date: /home/mihkel/School/ThesisPractical/rtabmap_ws/install/rtabmap/include/rtabmap-0.21/rtabmap/core/CameraRGB.h
[3.818s] -- Up-to-date: /home/mihkel/School/ThesisPractical/rtabmap_ws/install/rtabmap/include/rtabmap-0.21/rtabmap/core/UserDataEvent.h
[3.818s] -- Up-to-date: /home/mihkel/School/ThesisPractical/rtabmap_ws/install/rtabmap/include/rtabmap-0.21/rtabmap/core/util3d_motion_estimation.h
[3.818s] -- Up-to-date: /home/mihkel/School/ThesisPractical/rtabmap_ws/install/rtabmap/include/rtabmap-0.21/rtabmap/core/RtabmapThread.h
[3.818s] -- Up-to-date: /home/mihkel/School/ThesisPractical/rtabmap_ws/install/rtabmap/include/rtabmap-0.21/rtabmap/core/LaserScan.h
[3.818s] -- Up-to-date: /home/mihkel/School/ThesisPractical/rtabmap_ws/install/rtabmap/include/rtabmap-0.21/rtabmap/core/MarkerDetector.h
[3.819s] -- Up-to-date: /home/mihkel/School/ThesisPractical/rtabmap_ws/install/rtabmap/include/rtabmap-0.21/rtabmap/core/util3d_registration.h
[3.819s] -- Up-to-date: /home/mihkel/School/ThesisPractical/rtabmap_ws/install/rtabmap/include/rtabmap-0.21/rtabmap/core/Memory.h
[3.819s] -- Up-to-date: /home/mihkel/School/ThesisPractical/rtabmap_ws/install/rtabmap/include/rtabmap-0.21/rtabmap/core/Image.h
[3.819s] -- Up-to-date: /home/mihkel/School/ThesisPractical/rtabmap_ws/install/rtabmap/include/rtabmap-0.21/rtabmap/core/RtabmapEvent.h
[3.820s] -- Up-to-date: /home/mihkel/School/ThesisPractical/rtabmap_ws/install/rtabmap/include/rtabmap-0.21/rtabmap
[3.820s] -- Up-to-date: /home/mihkel/School/ThesisPractical/rtabmap_ws/install/rtabmap/include/rtabmap-0.21/rtabmap/core
[3.820s] -- Up-to-date: /home/mihkel/School/ThesisPractical/rtabmap_ws/install/rtabmap/include/rtabmap-0.21/rtabmap/core/rtabmap_core_export.h
[3.820s] -- Up-to-date: /home/mihkel/School/ThesisPractical/rtabmap_ws/install/rtabmap/include/rtabmap-0.21/rtabmap/core/Version.h
[3.820s] -- Up-to-date: /home/mihkel/School/ThesisPractical/rtabmap_ws/install/rtabmap/lib/rtabmap-0.21/RTABMap_coreTargets.cmake
[3.821s] -- Up-to-date: /home/mihkel/School/ThesisPractical/rtabmap_ws/install/rtabmap/lib/rtabmap-0.21/RTABMap_coreTargets-release.cmake
[3.821s] -- Up-to-date: /home/mihkel/School/ThesisPractical/rtabmap_ws/install/rtabmap/lib/librtabmap_gui.so.0.21.3
[3.821s] -- Up-to-date: /home/mihkel/School/ThesisPractical/rtabmap_ws/install/rtabmap/lib/librtabmap_gui.so.0.21
[3.821s] -- Up-to-date: /home/mihkel/School/ThesisPractical/rtabmap_ws/install/rtabmap/lib/librtabmap_gui.so
[3.821s] -- Up-to-date: /home/mihkel/School/ThesisPractical/rtabmap_ws/install/rtabmap/include/rtabmap-0.21/rtabmap
[3.822s] -- Up-to-date: /home/mihkel/School/ThesisPractical/rtabmap_ws/install/rtabmap/include/rtabmap-0.21/rtabmap/utilite
[3.822s] -- Up-to-date: /home/mihkel/School/ThesisPractical/rtabmap_ws/install/rtabmap/include/rtabmap-0.21/rtabmap/utilite/UPlot.h
[3.822s] -- Up-to-date: /home/mihkel/School/ThesisPractical/rtabmap_ws/install/rtabmap/include/rtabmap-0.21/rtabmap/utilite/UCv2Qt.h
[3.822s] -- Up-to-date: /home/mihkel/School/ThesisPractical/rtabmap_ws/install/rtabmap/include/rtabmap-0.21/rtabmap/utilite/UImageView.h
[3.823s] -- Up-to-date: /home/mihkel/School/ThesisPractical/rtabmap_ws/install/rtabmap/include/rtabmap-0.21/rtabmap/gui
[3.823s] -- Up-to-date: /home/mihkel/School/ThesisPractical/rtabmap_ws/install/rtabmap/include/rtabmap-0.21/rtabmap/gui/DatabaseViewer.h
[3.823s] -- Up-to-date: /home/mihkel/School/ThesisPractical/rtabmap_ws/install/rtabmap/include/rtabmap-0.21/rtabmap/gui/ExportBundlerDialog.h
[3.823s] -- Up-to-date: /home/mihkel/School/ThesisPractical/rtabmap_ws/install/rtabmap/include/rtabmap-0.21/rtabmap/gui/PdfPlot.h
[3.823s] -- Up-to-date: /home/mihkel/School/ThesisPractical/rtabmap_ws/install/rtabmap/include/rtabmap-0.21/rtabmap/gui/MultiSessionLocWidget.h
[3.824s] -- Up-to-date: /home/mihkel/School/ThesisPractical/rtabmap_ws/install/rtabmap/include/rtabmap-0.21/rtabmap/gui/CameraViewer.h
[3.824s] -- Up-to-date: /home/mihkel/School/ThesisPractical/rtabmap_ws/install/rtabmap/include/rtabmap-0.21/rtabmap/gui/ImageView.h
[3.824s] -- Up-to-date: /home/mihkel/School/ThesisPractical/rtabmap_ws/install/rtabmap/include/rtabmap-0.21/rtabmap/gui/ConsoleWidget.h
[3.824s] -- Up-to-date: /home/mihkel/School/ThesisPractical/rtabmap_ws/install/rtabmap/include/rtabmap-0.21/rtabmap/gui/StatsToolBox.h
[3.825s] -- Up-to-date: /home/mihkel/School/ThesisPractical/rtabmap_ws/install/rtabmap/include/rtabmap-0.21/rtabmap/gui/EditDepthArea.h
[3.825s] -- Up-to-date: /home/mihkel/School/ThesisPractical/rtabmap_ws/install/rtabmap/include/rtabmap-0.21/rtabmap/gui/RecoveryState.h
[3.825s] -- Up-to-date: /home/mihkel/School/ThesisPractical/rtabmap_ws/install/rtabmap/include/rtabmap-0.21/rtabmap/gui/CreateSimpleCalibrationDialog.h
[3.825s] -- Up-to-date: /home/mihkel/School/ThesisPractical/rtabmap_ws/install/rtabmap/include/rtabmap-0.21/rtabmap/gui/CloudViewer.h
[3.826s] -- Up-to-date: /home/mihkel/School/ThesisPractical/rtabmap_ws/install/rtabmap/include/rtabmap-0.21/rtabmap/gui/LoopClosureViewer.h
[3.826s] -- Up-to-date: /home/mihkel/School/ThesisPractical/rtabmap_ws/install/rtabmap/include/rtabmap-0.21/rtabmap/gui/EditMapArea.h
[3.826s] -- Up-to-date: /home/mihkel/School/ThesisPractical/rtabmap_ws/install/rtabmap/include/rtabmap-0.21/rtabmap/gui/EditConstraintDialog.h
[3.826s] -- Up-to-date: /home/mihkel/School/ThesisPractical/rtabmap_ws/install/rtabmap/include/rtabmap-0.21/rtabmap/gui/AboutDialog.h
[3.827s] -- Up-to-date: /home/mihkel/School/ThesisPractical/rtabmap_ws/install/rtabmap/include/rtabmap-0.21/rtabmap/gui/ExportCloudsDialog.h
[3.827s] -- Up-to-date: /home/mihkel/School/ThesisPractical/rtabmap_ws/install/rtabmap/include/rtabmap-0.21/rtabmap/gui/CloudViewerCellPicker.h
[3.827s] -- Up-to-date: /home/mihkel/School/ThesisPractical/rtabmap_ws/install/rtabmap/include/rtabmap-0.21/rtabmap/gui/OdometryViewer.h
[3.827s] -- Up-to-date: /home/mihkel/School/ThesisPractical/rtabmap_ws/install/rtabmap/include/rtabmap-0.21/rtabmap/gui/DataRecorder.h
[3.827s] -- Up-to-date: /home/mihkel/School/ThesisPractical/rtabmap_ws/install/rtabmap/include/rtabmap-0.21/rtabmap/gui/ExportDialog.h
[3.828s] -- Up-to-date: /home/mihkel/School/ThesisPractical/rtabmap_ws/install/rtabmap/include/rtabmap-0.21/rtabmap/gui/DepthCalibrationDialog.h
[3.828s] -- Up-to-date: /home/mihkel/School/ThesisPractical/rtabmap_ws/install/rtabmap/include/rtabmap-0.21/rtabmap/gui/CalibrationDialog.h
[3.828s] -- Up-to-date: /home/mihkel/School/ThesisPractical/rtabmap_ws/install/rtabmap/include/rtabmap-0.21/rtabmap/gui/MapVisibilityWidget.h
[3.828s] -- Up-to-date: /home/mihkel/School/ThesisPractical/rtabmap_ws/install/rtabmap/include/rtabmap-0.21/rtabmap/gui/PreferencesDialog.h
[3.828s] -- Up-to-date: /home/mihkel/School/ThesisPractical/rtabmap_ws/install/rtabmap/include/rtabmap-0.21/rtabmap/gui/MultiSessionLocSubView.h
[3.829s] -- Up-to-date: /home/mihkel/School/ThesisPractical/rtabmap_ws/install/rtabmap/include/rtabmap-0.21/rtabmap/gui/MainWindow.h
[3.829s] -- Up-to-date: /home/mihkel/School/ThesisPractical/rtabmap_ws/install/rtabmap/include/rtabmap-0.21/rtabmap/gui/LinkRefiningDialog.h
[3.829s] -- Up-to-date: /home/mihkel/School/ThesisPractical/rtabmap_ws/install/rtabmap/include/rtabmap-0.21/rtabmap/gui/CloudViewerInteractorStyle.h
[3.829s] -- Up-to-date: /home/mihkel/School/ThesisPractical/rtabmap_ws/install/rtabmap/include/rtabmap-0.21/rtabmap/gui/TexturingState.h
[3.830s] -- Up-to-date: /home/mihkel/School/ThesisPractical/rtabmap_ws/install/rtabmap/include/rtabmap-0.21/rtabmap/gui/GraphViewer.h
[3.830s] -- Up-to-date: /home/mihkel/School/ThesisPractical/rtabmap_ws/install/rtabmap/include/rtabmap-0.21/rtabmap/gui/ParametersToolBox.h
[3.830s] -- Up-to-date: /home/mihkel/School/ThesisPractical/rtabmap_ws/install/rtabmap/include/rtabmap-0.21/rtabmap/gui/ProgressDialog.h
[3.830s] -- Up-to-date: /home/mihkel/School/ThesisPractical/rtabmap_ws/install/rtabmap/include/rtabmap-0.21/rtabmap/gui/KeypointItem.h
[3.831s] -- Up-to-date: /home/mihkel/School/ThesisPractical/rtabmap_ws/install/rtabmap/include/rtabmap-0.21/rtabmap/gui/PostProcessingDialog.h
[3.831s] -- Up-to-date: /home/mihkel/School/ThesisPractical/rtabmap_ws/install/rtabmap/include/rtabmap-0.21/rtabmap
[3.831s] -- Up-to-date: /home/mihkel/School/ThesisPractical/rtabmap_ws/install/rtabmap/include/rtabmap-0.21/rtabmap/gui
[3.831s] -- Up-to-date: /home/mihkel/School/ThesisPractical/rtabmap_ws/install/rtabmap/include/rtabmap-0.21/rtabmap/gui/rtabmap_gui_export.h
[3.831s] -- Up-to-date: /home/mihkel/School/ThesisPractical/rtabmap_ws/install/rtabmap/lib/rtabmap-0.21/RTABMap_guiTargets.cmake
[3.832s] -- Up-to-date: /home/mihkel/School/ThesisPractical/rtabmap_ws/install/rtabmap/lib/rtabmap-0.21/RTABMap_guiTargets-release.cmake
[3.832s] -- Up-to-date: /home/mihkel/School/ThesisPractical/rtabmap_ws/install/rtabmap/bin/rtabmap
[3.832s] -- Up-to-date: /home/mihkel/School/ThesisPractical/rtabmap_ws/install/rtabmap/bin/rtabmap-console
[3.832s] -- Up-to-date: /home/mihkel/School/ThesisPractical/rtabmap_ws/install/rtabmap/bin/rtabmap-extractObject
[3.832s] -- Up-to-date: /home/mihkel/School/ThesisPractical/rtabmap_ws/install/rtabmap/bin/rtabmap-camera
[3.833s] -- Up-to-date: /home/mihkel/School/ThesisPractical/rtabmap_ws/install/rtabmap/bin/rtabmap-kitti_dataset
[3.833s] -- Up-to-date: /home/mihkel/School/ThesisPractical/rtabmap_ws/install/rtabmap/bin/rtabmap-rgbd_dataset
[3.833s] -- Up-to-date: /home/mihkel/School/ThesisPractical/rtabmap_ws/install/rtabmap/bin/rtabmap-euroc_dataset
[3.833s] -- Up-to-date: /home/mihkel/School/ThesisPractical/rtabmap_ws/install/rtabmap/bin/rtabmap-recovery
[3.834s] -- Up-to-date: /home/mihkel/School/ThesisPractical/rtabmap_ws/install/rtabmap/bin/rtabmap-reprocess
[3.834s] -- Up-to-date: /home/mihkel/School/ThesisPractical/rtabmap_ws/install/rtabmap/bin/rtabmap-detectMoreLoopClosures
[3.834s] -- Up-to-date: /home/mihkel/School/ThesisPractical/rtabmap_ws/install/rtabmap/bin/rtabmap-export
[3.834s] -- Up-to-date: /home/mihkel/School/ThesisPractical/rtabmap_ws/install/rtabmap/bin/rtabmap-report
[3.834s] -- Up-to-date: /home/mihkel/School/ThesisPractical/rtabmap_ws/install/rtabmap/bin/rtabmap-info
[3.835s] -- Up-to-date: /home/mihkel/School/ThesisPractical/rtabmap_ws/install/rtabmap/bin/rtabmap-cleanupLocalGrids
[3.835s] -- Up-to-date: /home/mihkel/School/ThesisPractical/rtabmap_ws/install/rtabmap/bin/rtabmap-globalBundleAdjustment
[3.835s] -- Up-to-date: /home/mihkel/School/ThesisPractical/rtabmap_ws/install/rtabmap/bin/rtabmap-rgbd_camera
[3.835s] -- Up-to-date: /home/mihkel/School/ThesisPractical/rtabmap_ws/install/rtabmap/bin/rtabmap-databaseViewer
[3.836s] -- Up-to-date: /home/mihkel/School/ThesisPractical/rtabmap_ws/install/rtabmap/bin/rtabmap-odometryViewer
[3.836s] -- Up-to-date: /home/mihkel/School/ThesisPractical/rtabmap_ws/install/rtabmap/bin/rtabmap-dataRecorder
[3.836s] -- Up-to-date: /home/mihkel/School/ThesisPractical/rtabmap_ws/install/rtabmap/bin/rtabmap-calibration
[3.856s] Invoked command in '/home/mihkel/School/ThesisPractical/rtabmap_ws/build/rtabmap' returned '0': CMAKE_PREFIX_PATH=/opt/ros/humble /home/mihkel/.local/bin/cmake --install /home/mihkel/School/ThesisPractical/rtabmap_ws/build/rtabmap
