[0.237s] Invoking command in '/home/mihkel/School/ros-packages/nav2_ws/build/nav2_planner': AMENT_PREFIX_PATH=/home/mihkel/School/ros-packages/nav2_ws/install/nav2_core:/home/mihkel/School/ros-packages/nav2_ws/install/nav2_costmap_2d:/home/mihkel/School/ros-packages/nav2_ws/install/nav2_util:/home/mihkel/School/ros-packages/nav2_ws/install/nav2_voxel_grid:/home/mihkel/School/ros-packages/nav2_ws/install/nav2_msgs:/home/mihkel/School/ros-packages/nav2_ws/install/bondcpp:/home/mihkel/School/ros-packages/nav2_ws/install/smclib:/home/mihkel/School/ros-packages/nav2_ws/install/nav2_common:/home/mihkel/School/ros-packages/nav2_ws/install/bond:${AMENT_PREFIX_PATH} CMAKE_PREFIX_PATH=/home/mihkel/School/ros-packages/nav2_ws/install/nav2_core:/home/mihkel/School/ros-packages/nav2_ws/install/nav2_costmap_2d:/home/mihkel/School/ros-packages/nav2_ws/install/nav2_util:/home/mihkel/School/ros-packages/nav2_ws/install/nav2_voxel_grid:/home/mihkel/School/ros-packages/nav2_ws/install/nav2_msgs:/home/mihkel/School/ros-packages/nav2_ws/install/bondcpp:/home/mihkel/School/ros-packages/nav2_ws/install/smclib:/home/mihkel/School/ros-packages/nav2_ws/install/nav2_common:/home/mihkel/School/ros-packages/nav2_ws/install/bond:/opt/ros/humble LD_LIBRARY_PATH=/home/mihkel/School/ros-packages/nav2_ws/install/nav2_costmap_2d/lib:/home/mihkel/School/ros-packages/nav2_ws/install/nav2_util/lib:/home/mihkel/School/ros-packages/nav2_ws/install/nav2_voxel_grid/lib:/home/mihkel/School/ros-packages/nav2_ws/install/nav2_msgs/lib:/home/mihkel/School/ros-packages/nav2_ws/install/bondcpp/lib:/home/mihkel/School/ros-packages/nav2_ws/install/bond/lib:${LD_LIBRARY_PATH} PYTHONPATH=/home/mihkel/School/ros-packages/nav2_ws/install/nav2_msgs/local/lib/python3.10/dist-packages:/home/mihkel/School/ros-packages/nav2_ws/install/smclib/local/lib/python3.10/dist-packages:/home/mihkel/School/ros-packages/nav2_ws/install/nav2_common/local/lib/python3.10/dist-packages:/home/mihkel/School/ros-packages/nav2_ws/install/bond/local/lib/python3.10/dist-packages:${PYTHONPATH} /home/mihkel/.local/bin/cmake /home/mihkel/School/ros-packages/nav2_ws/src/navigation2/nav2_planner -DAMENT_CMAKE_SYMLINK_INSTALL=1 -DCMAKE_INSTALL_PREFIX=/home/mihkel/School/ros-packages/nav2_ws/install/nav2_planner
[0.418s] -- The C compiler identification is GNU 11.4.0
[0.549s] -- The CXX compiler identification is GNU 11.4.0
[0.584s] -- Detecting C compiler ABI info
[0.717s] -- Detecting C compiler ABI info - done
[0.747s] -- Check for working C compiler: /usr/bin/cc - skipped
[0.748s] -- Detecting C compile features
[0.749s] -- Detecting C compile features - done
[0.769s] -- Detecting CXX compiler ABI info
[0.928s] -- Detecting CXX compiler ABI info - done
[0.959s] -- Check for working CXX compiler: /usr/bin/c++ - skipped
[0.959s] -- Detecting CXX compile features
[0.961s] -- Detecting CXX compile features - done
[0.969s] -- Found ament_cmake: 1.3.6 (/opt/ros/humble/share/ament_cmake/cmake)
[3.800s] -- Found Python3: /usr/bin/python3.10 (found version "3.10.12") found components: Interpreter 
[3.966s] -- Override CMake install command with custom implementation using symlinks instead of copying resources
[4.052s] -- Found nav2_common: 1.1.12 (/home/mihkel/School/ros-packages/nav2_ws/install/nav2_common/share/nav2_common/cmake)
[4.058s] -- Found rclcpp: 16.0.7 (/opt/ros/humble/share/rclcpp/cmake)
[4.204s] -- Found rosidl_generator_c: 3.1.5 (/opt/ros/humble/share/rosidl_generator_c/cmake)
[4.222s] -- Found rosidl_adapter: 3.1.5 (/opt/ros/humble/share/rosidl_adapter/cmake)
[4.251s] -- Found rosidl_generator_cpp: 3.1.5 (/opt/ros/humble/share/rosidl_generator_cpp/cmake)
[4.302s] -- Using all available rosidl_typesupport_c: rosidl_typesupport_fastrtps_c;rosidl_typesupport_introspection_c
[4.375s] -- Using all available rosidl_typesupport_cpp: rosidl_typesupport_fastrtps_cpp;rosidl_typesupport_introspection_cpp
[4.626s] -- Found rmw_implementation_cmake: 6.1.1 (/opt/ros/humble/share/rmw_implementation_cmake/cmake)
[4.636s] -- Found rmw_fastrtps_cpp: 6.2.5 (/opt/ros/humble/share/rmw_fastrtps_cpp/cmake)
[4.901s] -- Found OpenSSL: /usr/lib/x86_64-linux-gnu/libcrypto.so (found version "3.0.2")  
[4.977s] -- Found FastRTPS: /opt/ros/humble/include  
[5.111s] -- Using RMW implementation 'rmw_fastrtps_cpp' as default
[5.143s] -- Performing Test CMAKE_HAVE_LIBC_PTHREAD
[5.278s] -- Performing Test CMAKE_HAVE_LIBC_PTHREAD - Success
[5.281s] -- Found Threads: TRUE  
[5.817s] -- Found rclcpp_action: 16.0.7 (/opt/ros/humble/share/rclcpp_action/cmake)
[6.138s] -- Found rclcpp_lifecycle: 16.0.7 (/opt/ros/humble/share/rclcpp_lifecycle/cmake)
[6.279s] -- Found rclcpp_components: 16.0.7 (/opt/ros/humble/share/rclcpp_components/cmake)
[6.495s] -- Found visualization_msgs: 4.2.3 (/opt/ros/humble/share/visualization_msgs/cmake)
[7.323s] -- Found nav2_util: 1.1.12 (/home/mihkel/School/ros-packages/nav2_ws/install/nav2_util/share/nav2_util/cmake)
[8.825s] -- Found eigen3_cmake_module: 0.1.1 (/opt/ros/humble/share/eigen3_cmake_module/cmake)
[8.829s] -- Found Eigen3: TRUE (found version "3.4.0") 
[8.830s] -- Ensuring Eigen3 include directory is part of orocos-kdl CMake target
[9.415s] -- Found nav2_costmap_2d: 1.1.12 (/home/mihkel/School/ros-packages/nav2_ws/install/nav2_costmap_2d/share/nav2_costmap_2d/cmake)
[11.941s] -- Found nav2_core: 1.1.12 (/home/mihkel/School/ros-packages/nav2_ws/install/nav2_core/share/nav2_core/cmake)
[14.047s] -- Setting build type to Release as none was specified.
[38.358s] -- Found ament_lint_auto: 0.12.9 (/opt/ros/humble/share/ament_lint_auto/cmake)
[38.366s] -- Found ament_cmake_gtest: 1.3.6 (/opt/ros/humble/share/ament_cmake_gtest/cmake)
[38.848s] -- Found gtest sources under '/opt/ros/humble/src/gtest_vendor': C++ tests using 'Google Test' will be built
[68.607s] -- Added test 'copyright' to check source files copyright and LICENSE
[68.624s] -- Added test 'cppcheck' to perform static code analysis on C / C++ code
[68.647s] -- Configured cppcheck include dirs: /home/mihkel/School/ros-packages/nav2_ws/src/navigation2/nav2_planner/include
[68.647s] -- Configured cppcheck exclude dirs and/or files: 
[68.655s] -- Added test 'cpplint' to check C / C++ code against the Google style
[68.655s] -- Configured cpplint exclude dirs and/or files: 
[68.674s] -- Added test 'lint_cmake' to check CMake code style
[68.683s] -- Added test 'uncrustify' to check C / C++ code style
[68.684s] -- Configured uncrustify additional arguments: 
[68.698s] -- Added test 'xmllint' to check XML markup files
[68.739s] -- Configuring done (68.4s)
[69.482s] -- Generating done (0.5s)
[69.499s] -- Build files have been written to: /home/mihkel/School/ros-packages/nav2_ws/build/nav2_planner
[69.594s] Invoked command in '/home/mihkel/School/ros-packages/nav2_ws/build/nav2_planner' returned '0': AMENT_PREFIX_PATH=/home/mihkel/School/ros-packages/nav2_ws/install/nav2_core:/home/mihkel/School/ros-packages/nav2_ws/install/nav2_costmap_2d:/home/mihkel/School/ros-packages/nav2_ws/install/nav2_util:/home/mihkel/School/ros-packages/nav2_ws/install/nav2_voxel_grid:/home/mihkel/School/ros-packages/nav2_ws/install/nav2_msgs:/home/mihkel/School/ros-packages/nav2_ws/install/bondcpp:/home/mihkel/School/ros-packages/nav2_ws/install/smclib:/home/mihkel/School/ros-packages/nav2_ws/install/nav2_common:/home/mihkel/School/ros-packages/nav2_ws/install/bond:${AMENT_PREFIX_PATH} CMAKE_PREFIX_PATH=/home/mihkel/School/ros-packages/nav2_ws/install/nav2_core:/home/mihkel/School/ros-packages/nav2_ws/install/nav2_costmap_2d:/home/mihkel/School/ros-packages/nav2_ws/install/nav2_util:/home/mihkel/School/ros-packages/nav2_ws/install/nav2_voxel_grid:/home/mihkel/School/ros-packages/nav2_ws/install/nav2_msgs:/home/mihkel/School/ros-packages/nav2_ws/install/bondcpp:/home/mihkel/School/ros-packages/nav2_ws/install/smclib:/home/mihkel/School/ros-packages/nav2_ws/install/nav2_common:/home/mihkel/School/ros-packages/nav2_ws/install/bond:/opt/ros/humble LD_LIBRARY_PATH=/home/mihkel/School/ros-packages/nav2_ws/install/nav2_costmap_2d/lib:/home/mihkel/School/ros-packages/nav2_ws/install/nav2_util/lib:/home/mihkel/School/ros-packages/nav2_ws/install/nav2_voxel_grid/lib:/home/mihkel/School/ros-packages/nav2_ws/install/nav2_msgs/lib:/home/mihkel/School/ros-packages/nav2_ws/install/bondcpp/lib:/home/mihkel/School/ros-packages/nav2_ws/install/bond/lib:${LD_LIBRARY_PATH} PYTHONPATH=/home/mihkel/School/ros-packages/nav2_ws/install/nav2_msgs/local/lib/python3.10/dist-packages:/home/mihkel/School/ros-packages/nav2_ws/install/smclib/local/lib/python3.10/dist-packages:/home/mihkel/School/ros-packages/nav2_ws/install/nav2_common/local/lib/python3.10/dist-packages:/home/mihkel/School/ros-packages/nav2_ws/install/bond/local/lib/python3.10/dist-packages:${PYTHONPATH} /home/mihkel/.local/bin/cmake /home/mihkel/School/ros-packages/nav2_ws/src/navigation2/nav2_planner -DAMENT_CMAKE_SYMLINK_INSTALL=1 -DCMAKE_INSTALL_PREFIX=/home/mihkel/School/ros-packages/nav2_ws/install/nav2_planner
[69.620s] Invoking command in '/home/mihkel/School/ros-packages/nav2_ws/build/nav2_planner': AMENT_PREFIX_PATH=/home/mihkel/School/ros-packages/nav2_ws/install/nav2_core:/home/mihkel/School/ros-packages/nav2_ws/install/nav2_costmap_2d:/home/mihkel/School/ros-packages/nav2_ws/install/nav2_util:/home/mihkel/School/ros-packages/nav2_ws/install/nav2_voxel_grid:/home/mihkel/School/ros-packages/nav2_ws/install/nav2_msgs:/home/mihkel/School/ros-packages/nav2_ws/install/bondcpp:/home/mihkel/School/ros-packages/nav2_ws/install/smclib:/home/mihkel/School/ros-packages/nav2_ws/install/nav2_common:/home/mihkel/School/ros-packages/nav2_ws/install/bond:${AMENT_PREFIX_PATH} CMAKE_PREFIX_PATH=/home/mihkel/School/ros-packages/nav2_ws/install/nav2_core:/home/mihkel/School/ros-packages/nav2_ws/install/nav2_costmap_2d:/home/mihkel/School/ros-packages/nav2_ws/install/nav2_util:/home/mihkel/School/ros-packages/nav2_ws/install/nav2_voxel_grid:/home/mihkel/School/ros-packages/nav2_ws/install/nav2_msgs:/home/mihkel/School/ros-packages/nav2_ws/install/bondcpp:/home/mihkel/School/ros-packages/nav2_ws/install/smclib:/home/mihkel/School/ros-packages/nav2_ws/install/nav2_common:/home/mihkel/School/ros-packages/nav2_ws/install/bond:/opt/ros/humble LD_LIBRARY_PATH=/home/mihkel/School/ros-packages/nav2_ws/install/nav2_costmap_2d/lib:/home/mihkel/School/ros-packages/nav2_ws/install/nav2_util/lib:/home/mihkel/School/ros-packages/nav2_ws/install/nav2_voxel_grid/lib:/home/mihkel/School/ros-packages/nav2_ws/install/nav2_msgs/lib:/home/mihkel/School/ros-packages/nav2_ws/install/bondcpp/lib:/home/mihkel/School/ros-packages/nav2_ws/install/bond/lib:${LD_LIBRARY_PATH} PYTHONPATH=/home/mihkel/School/ros-packages/nav2_ws/install/nav2_msgs/local/lib/python3.10/dist-packages:/home/mihkel/School/ros-packages/nav2_ws/install/smclib/local/lib/python3.10/dist-packages:/home/mihkel/School/ros-packages/nav2_ws/install/nav2_common/local/lib/python3.10/dist-packages:/home/mihkel/School/ros-packages/nav2_ws/install/bond/local/lib/python3.10/dist-packages:${PYTHONPATH} /home/mihkel/.local/bin/cmake --build /home/mihkel/School/ros-packages/nav2_ws/build/nav2_planner -- -j12 -l12
[70.070s] [ 10%] [32mBuilding CXX object gtest/CMakeFiles/gtest.dir/src/gtest-all.cc.o[0m
[70.096s] [ 20%] [32mBuilding CXX object gtest/CMakeFiles/gtest_main.dir/src/gtest_main.cc.o[0m
[70.109s] [ 30%] [32mBuilding CXX object CMakeFiles/planner_server_core.dir/src/planner_server.cpp.o[0m
[77.265s] [ 40%] [32m[1mLinking CXX static library libgtest_main.a[0m
[77.493s] [ 40%] Built target gtest_main
[115.380s] [ 50%] [32m[1mLinking CXX static library libgtest.a[0m
[115.441s] [ 50%] Built target gtest
[162.071s] [ 60%] [32m[1mLinking CXX shared library libplanner_server_core.so[0m
[164.112s] [ 60%] Built target planner_server_core
[164.285s] [ 70%] [32mBuilding CXX object CMakeFiles/planner_server.dir/src/main.cpp.o[0m
[164.319s] [ 80%] [32mBuilding CXX object test/CMakeFiles/test_dynamic_parameters.dir/test_dynamic_parameters.cpp.o[0m
[193.131s] [ 90%] [32m[1mLinking CXX executable planner_server[0m
[194.303s] [ 90%] Built target planner_server
[200.706s] [100%] [32m[1mLinking CXX executable test_dynamic_parameters[0m
[202.531s] [100%] Built target test_dynamic_parameters
[202.578s] Invoked command in '/home/mihkel/School/ros-packages/nav2_ws/build/nav2_planner' returned '0': AMENT_PREFIX_PATH=/home/mihkel/School/ros-packages/nav2_ws/install/nav2_core:/home/mihkel/School/ros-packages/nav2_ws/install/nav2_costmap_2d:/home/mihkel/School/ros-packages/nav2_ws/install/nav2_util:/home/mihkel/School/ros-packages/nav2_ws/install/nav2_voxel_grid:/home/mihkel/School/ros-packages/nav2_ws/install/nav2_msgs:/home/mihkel/School/ros-packages/nav2_ws/install/bondcpp:/home/mihkel/School/ros-packages/nav2_ws/install/smclib:/home/mihkel/School/ros-packages/nav2_ws/install/nav2_common:/home/mihkel/School/ros-packages/nav2_ws/install/bond:${AMENT_PREFIX_PATH} CMAKE_PREFIX_PATH=/home/mihkel/School/ros-packages/nav2_ws/install/nav2_core:/home/mihkel/School/ros-packages/nav2_ws/install/nav2_costmap_2d:/home/mihkel/School/ros-packages/nav2_ws/install/nav2_util:/home/mihkel/School/ros-packages/nav2_ws/install/nav2_voxel_grid:/home/mihkel/School/ros-packages/nav2_ws/install/nav2_msgs:/home/mihkel/School/ros-packages/nav2_ws/install/bondcpp:/home/mihkel/School/ros-packages/nav2_ws/install/smclib:/home/mihkel/School/ros-packages/nav2_ws/install/nav2_common:/home/mihkel/School/ros-packages/nav2_ws/install/bond:/opt/ros/humble LD_LIBRARY_PATH=/home/mihkel/School/ros-packages/nav2_ws/install/nav2_costmap_2d/lib:/home/mihkel/School/ros-packages/nav2_ws/install/nav2_util/lib:/home/mihkel/School/ros-packages/nav2_ws/install/nav2_voxel_grid/lib:/home/mihkel/School/ros-packages/nav2_ws/install/nav2_msgs/lib:/home/mihkel/School/ros-packages/nav2_ws/install/bondcpp/lib:/home/mihkel/School/ros-packages/nav2_ws/install/bond/lib:${LD_LIBRARY_PATH} PYTHONPATH=/home/mihkel/School/ros-packages/nav2_ws/install/nav2_msgs/local/lib/python3.10/dist-packages:/home/mihkel/School/ros-packages/nav2_ws/install/smclib/local/lib/python3.10/dist-packages:/home/mihkel/School/ros-packages/nav2_ws/install/nav2_common/local/lib/python3.10/dist-packages:/home/mihkel/School/ros-packages/nav2_ws/install/bond/local/lib/python3.10/dist-packages:${PYTHONPATH} /home/mihkel/.local/bin/cmake --build /home/mihkel/School/ros-packages/nav2_ws/build/nav2_planner -- -j12 -l12
[202.852s] Invoking command in '/home/mihkel/School/ros-packages/nav2_ws/build/nav2_planner': AMENT_PREFIX_PATH=/home/mihkel/School/ros-packages/nav2_ws/install/nav2_core:/home/mihkel/School/ros-packages/nav2_ws/install/nav2_costmap_2d:/home/mihkel/School/ros-packages/nav2_ws/install/nav2_util:/home/mihkel/School/ros-packages/nav2_ws/install/nav2_voxel_grid:/home/mihkel/School/ros-packages/nav2_ws/install/nav2_msgs:/home/mihkel/School/ros-packages/nav2_ws/install/bondcpp:/home/mihkel/School/ros-packages/nav2_ws/install/smclib:/home/mihkel/School/ros-packages/nav2_ws/install/nav2_common:/home/mihkel/School/ros-packages/nav2_ws/install/bond:${AMENT_PREFIX_PATH} CMAKE_PREFIX_PATH=/home/mihkel/School/ros-packages/nav2_ws/install/nav2_core:/home/mihkel/School/ros-packages/nav2_ws/install/nav2_costmap_2d:/home/mihkel/School/ros-packages/nav2_ws/install/nav2_util:/home/mihkel/School/ros-packages/nav2_ws/install/nav2_voxel_grid:/home/mihkel/School/ros-packages/nav2_ws/install/nav2_msgs:/home/mihkel/School/ros-packages/nav2_ws/install/bondcpp:/home/mihkel/School/ros-packages/nav2_ws/install/smclib:/home/mihkel/School/ros-packages/nav2_ws/install/nav2_common:/home/mihkel/School/ros-packages/nav2_ws/install/bond:/opt/ros/humble LD_LIBRARY_PATH=/home/mihkel/School/ros-packages/nav2_ws/install/nav2_costmap_2d/lib:/home/mihkel/School/ros-packages/nav2_ws/install/nav2_util/lib:/home/mihkel/School/ros-packages/nav2_ws/install/nav2_voxel_grid/lib:/home/mihkel/School/ros-packages/nav2_ws/install/nav2_msgs/lib:/home/mihkel/School/ros-packages/nav2_ws/install/bondcpp/lib:/home/mihkel/School/ros-packages/nav2_ws/install/bond/lib:${LD_LIBRARY_PATH} PYTHONPATH=/home/mihkel/School/ros-packages/nav2_ws/install/nav2_msgs/local/lib/python3.10/dist-packages:/home/mihkel/School/ros-packages/nav2_ws/install/smclib/local/lib/python3.10/dist-packages:/home/mihkel/School/ros-packages/nav2_ws/install/nav2_common/local/lib/python3.10/dist-packages:/home/mihkel/School/ros-packages/nav2_ws/install/bond/local/lib/python3.10/dist-packages:${PYTHONPATH} /home/mihkel/.local/bin/cmake --install /home/mihkel/School/ros-packages/nav2_ws/build/nav2_planner
[203.008s] -- Install configuration: "Release"
[203.011s] -- Execute custom install script
[203.013s] -- Symlinking: /home/mihkel/School/ros-packages/nav2_ws/install/nav2_planner/lib/libplanner_server_core.so
[203.028s] -- Symlinking: /home/mihkel/School/ros-packages/nav2_ws/install/nav2_planner/lib/nav2_planner/planner_server
[203.044s] -- Symlinking: /home/mihkel/School/ros-packages/nav2_ws/install/nav2_planner/include//nav2_planner/planner_server.hpp
[203.058s] -- Symlinking: /home/mihkel/School/ros-packages/nav2_ws/install/nav2_planner/share/nav2_planner/environment/library_path.sh
[203.072s] -- Symlinking: /home/mihkel/School/ros-packages/nav2_ws/install/nav2_planner/share/nav2_planner/environment/library_path.dsv
[203.086s] -- Symlinking: /home/mihkel/School/ros-packages/nav2_ws/install/nav2_planner/share/ament_index/resource_index/package_run_dependencies/nav2_planner
[203.100s] -- Symlinking: /home/mihkel/School/ros-packages/nav2_ws/install/nav2_planner/share/ament_index/resource_index/parent_prefix_path/nav2_planner
[203.114s] -- Symlinking: /home/mihkel/School/ros-packages/nav2_ws/install/nav2_planner/share/nav2_planner/environment/ament_prefix_path.sh
[203.129s] -- Symlinking: /home/mihkel/School/ros-packages/nav2_ws/install/nav2_planner/share/nav2_planner/environment/ament_prefix_path.dsv
[203.141s] -- Symlinking: /home/mihkel/School/ros-packages/nav2_ws/install/nav2_planner/share/nav2_planner/environment/path.sh
[203.154s] -- Symlinking: /home/mihkel/School/ros-packages/nav2_ws/install/nav2_planner/share/nav2_planner/environment/path.dsv
[203.166s] -- Symlinking: /home/mihkel/School/ros-packages/nav2_ws/install/nav2_planner/share/nav2_planner/local_setup.bash
[203.180s] -- Symlinking: /home/mihkel/School/ros-packages/nav2_ws/install/nav2_planner/share/nav2_planner/local_setup.sh
[203.193s] -- Symlinking: /home/mihkel/School/ros-packages/nav2_ws/install/nav2_planner/share/nav2_planner/local_setup.zsh
[203.207s] -- Symlinking: /home/mihkel/School/ros-packages/nav2_ws/install/nav2_planner/share/nav2_planner/local_setup.dsv
[203.220s] -- Symlinking: /home/mihkel/School/ros-packages/nav2_ws/install/nav2_planner/share/nav2_planner/package.dsv
[203.234s] -- Symlinking: /home/mihkel/School/ros-packages/nav2_ws/install/nav2_planner/share/ament_index/resource_index/packages/nav2_planner
[203.248s] -- Symlinking: /home/mihkel/School/ros-packages/nav2_ws/install/nav2_planner/share/ament_index/resource_index/rclcpp_components/nav2_planner
[203.262s] -- Symlinking: /home/mihkel/School/ros-packages/nav2_ws/install/nav2_planner/share/nav2_planner/cmake/ament_cmake_export_include_directories-extras.cmake
[203.275s] -- Symlinking: /home/mihkel/School/ros-packages/nav2_ws/install/nav2_planner/share/nav2_planner/cmake/ament_cmake_export_libraries-extras.cmake
[203.289s] -- Symlinking: /home/mihkel/School/ros-packages/nav2_ws/install/nav2_planner/share/nav2_planner/cmake/ament_cmake_export_dependencies-extras.cmake
[203.303s] -- Symlinking: /home/mihkel/School/ros-packages/nav2_ws/install/nav2_planner/share/nav2_planner/cmake/nav2_plannerConfig.cmake
[203.317s] -- Symlinking: /home/mihkel/School/ros-packages/nav2_ws/install/nav2_planner/share/nav2_planner/cmake/nav2_plannerConfig-version.cmake
[203.330s] -- Symlinking: /home/mihkel/School/ros-packages/nav2_ws/install/nav2_planner/share/nav2_planner/package.xml
[203.374s] Invoked command in '/home/mihkel/School/ros-packages/nav2_ws/build/nav2_planner' returned '0': AMENT_PREFIX_PATH=/home/mihkel/School/ros-packages/nav2_ws/install/nav2_core:/home/mihkel/School/ros-packages/nav2_ws/install/nav2_costmap_2d:/home/mihkel/School/ros-packages/nav2_ws/install/nav2_util:/home/mihkel/School/ros-packages/nav2_ws/install/nav2_voxel_grid:/home/mihkel/School/ros-packages/nav2_ws/install/nav2_msgs:/home/mihkel/School/ros-packages/nav2_ws/install/bondcpp:/home/mihkel/School/ros-packages/nav2_ws/install/smclib:/home/mihkel/School/ros-packages/nav2_ws/install/nav2_common:/home/mihkel/School/ros-packages/nav2_ws/install/bond:${AMENT_PREFIX_PATH} CMAKE_PREFIX_PATH=/home/mihkel/School/ros-packages/nav2_ws/install/nav2_core:/home/mihkel/School/ros-packages/nav2_ws/install/nav2_costmap_2d:/home/mihkel/School/ros-packages/nav2_ws/install/nav2_util:/home/mihkel/School/ros-packages/nav2_ws/install/nav2_voxel_grid:/home/mihkel/School/ros-packages/nav2_ws/install/nav2_msgs:/home/mihkel/School/ros-packages/nav2_ws/install/bondcpp:/home/mihkel/School/ros-packages/nav2_ws/install/smclib:/home/mihkel/School/ros-packages/nav2_ws/install/nav2_common:/home/mihkel/School/ros-packages/nav2_ws/install/bond:/opt/ros/humble LD_LIBRARY_PATH=/home/mihkel/School/ros-packages/nav2_ws/install/nav2_costmap_2d/lib:/home/mihkel/School/ros-packages/nav2_ws/install/nav2_util/lib:/home/mihkel/School/ros-packages/nav2_ws/install/nav2_voxel_grid/lib:/home/mihkel/School/ros-packages/nav2_ws/install/nav2_msgs/lib:/home/mihkel/School/ros-packages/nav2_ws/install/bondcpp/lib:/home/mihkel/School/ros-packages/nav2_ws/install/bond/lib:${LD_LIBRARY_PATH} PYTHONPATH=/home/mihkel/School/ros-packages/nav2_ws/install/nav2_msgs/local/lib/python3.10/dist-packages:/home/mihkel/School/ros-packages/nav2_ws/install/smclib/local/lib/python3.10/dist-packages:/home/mihkel/School/ros-packages/nav2_ws/install/nav2_common/local/lib/python3.10/dist-packages:/home/mihkel/School/ros-packages/nav2_ws/install/bond/local/lib/python3.10/dist-packages:${PYTHONPATH} /home/mihkel/.local/bin/cmake --install /home/mihkel/School/ros-packages/nav2_ws/build/nav2_planner
