[0.244s] Invoking command in '/home/mihkel/School/ros-packages/nav2_ws/build/nav2_amcl': AMENT_PREFIX_PATH=/home/mihkel/School/ros-packages/nav2_ws/install/nav2_util:/home/mihkel/School/ros-packages/nav2_ws/install/nav2_msgs:/home/mihkel/School/ros-packages/nav2_ws/install/bondcpp:/home/mihkel/School/ros-packages/nav2_ws/install/smclib:/home/mihkel/School/ros-packages/nav2_ws/install/nav2_common:/home/mihkel/School/ros-packages/nav2_ws/install/bond:${AMENT_PREFIX_PATH} CMAKE_PREFIX_PATH=/home/mihkel/School/ros-packages/nav2_ws/install/nav2_util:/home/mihkel/School/ros-packages/nav2_ws/install/nav2_msgs:/home/mihkel/School/ros-packages/nav2_ws/install/bondcpp:/home/mihkel/School/ros-packages/nav2_ws/install/smclib:/home/mihkel/School/ros-packages/nav2_ws/install/nav2_common:/home/mihkel/School/ros-packages/nav2_ws/install/bond:/opt/ros/humble LD_LIBRARY_PATH=/home/mihkel/School/ros-packages/nav2_ws/install/nav2_util/lib:/home/mihkel/School/ros-packages/nav2_ws/install/nav2_msgs/lib:/home/mihkel/School/ros-packages/nav2_ws/install/bondcpp/lib:/home/mihkel/School/ros-packages/nav2_ws/install/bond/lib:${LD_LIBRARY_PATH} PYTHONPATH=/home/mihkel/School/ros-packages/nav2_ws/install/nav2_msgs/local/lib/python3.10/dist-packages:/home/mihkel/School/ros-packages/nav2_ws/install/smclib/local/lib/python3.10/dist-packages:/home/mihkel/School/ros-packages/nav2_ws/install/nav2_common/local/lib/python3.10/dist-packages:/home/mihkel/School/ros-packages/nav2_ws/install/bond/local/lib/python3.10/dist-packages:${PYTHONPATH} /home/mihkel/.local/bin/cmake /home/mihkel/School/ros-packages/nav2_ws/src/navigation2/nav2_amcl -DAMENT_CMAKE_SYMLINK_INSTALL=1 -DCMAKE_INSTALL_PREFIX=/home/mihkel/School/ros-packages/nav2_ws/install/nav2_amcl
[0.453s] -- The C compiler identification is GNU 11.4.0
[0.588s] -- The CXX compiler identification is GNU 11.4.0
[0.627s] -- Detecting C compiler ABI info
[0.766s] -- Detecting C compiler ABI info - done
[0.796s] -- Check for working C compiler: /usr/bin/cc - skipped
[0.798s] -- Detecting C compile features
[0.799s] -- Detecting C compile features - done
[0.819s] -- Detecting CXX compiler ABI info
[0.985s] -- Detecting CXX compiler ABI info - done
[1.015s] -- Check for working CXX compiler: /usr/bin/c++ - skipped
[1.016s] -- Detecting CXX compile features
[1.018s] -- Detecting CXX compile features - done
[1.040s] -- Found ament_cmake: 1.3.6 (/opt/ros/humble/share/ament_cmake/cmake)
[4.177s] -- Found Python3: /usr/bin/python3.10 (found version "3.10.12") found components: Interpreter 
[4.368s] -- Override CMake install command with custom implementation using symlinks instead of copying resources
[4.461s] -- Found nav2_common: 1.1.12 (/home/mihkel/School/ros-packages/nav2_ws/install/nav2_common/share/nav2_common/cmake)
[4.468s] -- Found rclcpp: 16.0.7 (/opt/ros/humble/share/rclcpp/cmake)
[4.630s] -- Found rosidl_generator_c: 3.1.5 (/opt/ros/humble/share/rosidl_generator_c/cmake)
[4.649s] -- Found rosidl_adapter: 3.1.5 (/opt/ros/humble/share/rosidl_adapter/cmake)
[4.682s] -- Found rosidl_generator_cpp: 3.1.5 (/opt/ros/humble/share/rosidl_generator_cpp/cmake)
[4.737s] -- Using all available rosidl_typesupport_c: rosidl_typesupport_fastrtps_c;rosidl_typesupport_introspection_c
[4.813s] -- Using all available rosidl_typesupport_cpp: rosidl_typesupport_fastrtps_cpp;rosidl_typesupport_introspection_cpp
[5.075s] -- Found rmw_implementation_cmake: 6.1.1 (/opt/ros/humble/share/rmw_implementation_cmake/cmake)
[5.085s] -- Found rmw_fastrtps_cpp: 6.2.5 (/opt/ros/humble/share/rmw_fastrtps_cpp/cmake)
[5.358s] -- Found OpenSSL: /usr/lib/x86_64-linux-gnu/libcrypto.so (found version "3.0.2")  
[5.435s] -- Found FastRTPS: /opt/ros/humble/include  
[5.570s] -- Using RMW implementation 'rmw_fastrtps_cpp' as default
[5.612s] -- Performing Test CMAKE_HAVE_LIBC_PTHREAD
[5.749s] -- Performing Test CMAKE_HAVE_LIBC_PTHREAD - Success
[5.752s] -- Found Threads: TRUE  
[6.318s] -- Found rclcpp_lifecycle: 16.0.7 (/opt/ros/humble/share/rclcpp_lifecycle/cmake)
[6.467s] -- Found rclcpp_components: 16.0.7 (/opt/ros/humble/share/rclcpp_components/cmake)
[6.690s] -- Found message_filters: 4.3.3 (/opt/ros/humble/share/message_filters/cmake)
[6.713s] -- Found tf2_geometry_msgs: 0.25.5 (/opt/ros/humble/share/tf2_geometry_msgs/cmake)
[6.925s] -- Found eigen3_cmake_module: 0.1.1 (/opt/ros/humble/share/eigen3_cmake_module/cmake)
[6.930s] -- Found Eigen3: TRUE (found version "3.4.0") 
[6.930s] -- Ensuring Eigen3 include directory is part of orocos-kdl CMake target
[7.862s] -- Found nav_msgs: 4.2.3 (/opt/ros/humble/share/nav_msgs/cmake)
[8.153s] -- Found sensor_msgs: 4.2.3 (/opt/ros/humble/share/sensor_msgs/cmake)
[8.429s] -- Found std_srvs: 4.2.3 (/opt/ros/humble/share/std_srvs/cmake)
[8.493s] -- Found nav2_util: 1.1.12 (/home/mihkel/School/ros-packages/nav2_ws/install/nav2_util/share/nav2_util/cmake)
[9.867s] -- Found pluginlib: 5.1.0 (/opt/ros/humble/share/pluginlib/cmake)
[9.914s] -- Setting build type to Release as none was specified.
[9.915s] -- Looking for drand48
[10.056s] -- Looking for drand48 - found
[18.206s] -- Found ament_lint_auto: 0.12.9 (/opt/ros/humble/share/ament_lint_auto/cmake)
[18.492s] -- Added test 'cppcheck' to perform static code analysis on C / C++ code
[18.494s] -- Configured cppcheck include dirs: /home/mihkel/School/ros-packages/nav2_ws/src/navigation2/nav2_amcl/include;/home/mihkel/School/ros-packages/nav2_ws/src/navigation2/nav2_amcl/src/include
[18.495s] -- Configured cppcheck exclude dirs and/or files: 
[18.500s] -- Added test 'lint_cmake' to check CMake code style
[18.508s] -- Added test 'uncrustify' to check C / C++ code style
[18.509s] -- Configured uncrustify additional arguments: 
[18.511s] -- Added test 'xmllint' to check XML markup files
[18.525s] -- Configuring done (18.2s)
[18.797s] -- Generating done (0.2s)
[18.807s] -- Build files have been written to: /home/mihkel/School/ros-packages/nav2_ws/build/nav2_amcl
[18.859s] Invoked command in '/home/mihkel/School/ros-packages/nav2_ws/build/nav2_amcl' returned '0': AMENT_PREFIX_PATH=/home/mihkel/School/ros-packages/nav2_ws/install/nav2_util:/home/mihkel/School/ros-packages/nav2_ws/install/nav2_msgs:/home/mihkel/School/ros-packages/nav2_ws/install/bondcpp:/home/mihkel/School/ros-packages/nav2_ws/install/smclib:/home/mihkel/School/ros-packages/nav2_ws/install/nav2_common:/home/mihkel/School/ros-packages/nav2_ws/install/bond:${AMENT_PREFIX_PATH} CMAKE_PREFIX_PATH=/home/mihkel/School/ros-packages/nav2_ws/install/nav2_util:/home/mihkel/School/ros-packages/nav2_ws/install/nav2_msgs:/home/mihkel/School/ros-packages/nav2_ws/install/bondcpp:/home/mihkel/School/ros-packages/nav2_ws/install/smclib:/home/mihkel/School/ros-packages/nav2_ws/install/nav2_common:/home/mihkel/School/ros-packages/nav2_ws/install/bond:/opt/ros/humble LD_LIBRARY_PATH=/home/mihkel/School/ros-packages/nav2_ws/install/nav2_util/lib:/home/mihkel/School/ros-packages/nav2_ws/install/nav2_msgs/lib:/home/mihkel/School/ros-packages/nav2_ws/install/bondcpp/lib:/home/mihkel/School/ros-packages/nav2_ws/install/bond/lib:${LD_LIBRARY_PATH} PYTHONPATH=/home/mihkel/School/ros-packages/nav2_ws/install/nav2_msgs/local/lib/python3.10/dist-packages:/home/mihkel/School/ros-packages/nav2_ws/install/smclib/local/lib/python3.10/dist-packages:/home/mihkel/School/ros-packages/nav2_ws/install/nav2_common/local/lib/python3.10/dist-packages:/home/mihkel/School/ros-packages/nav2_ws/install/bond/local/lib/python3.10/dist-packages:${PYTHONPATH} /home/mihkel/.local/bin/cmake /home/mihkel/School/ros-packages/nav2_ws/src/navigation2/nav2_amcl -DAMENT_CMAKE_SYMLINK_INSTALL=1 -DCMAKE_INSTALL_PREFIX=/home/mihkel/School/ros-packages/nav2_ws/install/nav2_amcl
[18.864s] Invoking command in '/home/mihkel/School/ros-packages/nav2_ws/build/nav2_amcl': AMENT_PREFIX_PATH=/home/mihkel/School/ros-packages/nav2_ws/install/nav2_util:/home/mihkel/School/ros-packages/nav2_ws/install/nav2_msgs:/home/mihkel/School/ros-packages/nav2_ws/install/bondcpp:/home/mihkel/School/ros-packages/nav2_ws/install/smclib:/home/mihkel/School/ros-packages/nav2_ws/install/nav2_common:/home/mihkel/School/ros-packages/nav2_ws/install/bond:${AMENT_PREFIX_PATH} CMAKE_PREFIX_PATH=/home/mihkel/School/ros-packages/nav2_ws/install/nav2_util:/home/mihkel/School/ros-packages/nav2_ws/install/nav2_msgs:/home/mihkel/School/ros-packages/nav2_ws/install/bondcpp:/home/mihkel/School/ros-packages/nav2_ws/install/smclib:/home/mihkel/School/ros-packages/nav2_ws/install/nav2_common:/home/mihkel/School/ros-packages/nav2_ws/install/bond:/opt/ros/humble LD_LIBRARY_PATH=/home/mihkel/School/ros-packages/nav2_ws/install/nav2_util/lib:/home/mihkel/School/ros-packages/nav2_ws/install/nav2_msgs/lib:/home/mihkel/School/ros-packages/nav2_ws/install/bondcpp/lib:/home/mihkel/School/ros-packages/nav2_ws/install/bond/lib:${LD_LIBRARY_PATH} PYTHONPATH=/home/mihkel/School/ros-packages/nav2_ws/install/nav2_msgs/local/lib/python3.10/dist-packages:/home/mihkel/School/ros-packages/nav2_ws/install/smclib/local/lib/python3.10/dist-packages:/home/mihkel/School/ros-packages/nav2_ws/install/nav2_common/local/lib/python3.10/dist-packages:/home/mihkel/School/ros-packages/nav2_ws/install/bond/local/lib/python3.10/dist-packages:${PYTHONPATH} /home/mihkel/.local/bin/cmake --build /home/mihkel/School/ros-packages/nav2_ws/build/nav2_amcl -- -j12 -l12
[19.018s] [  4%] [32mBuilding C object src/map/CMakeFiles/map_lib.dir/map.c.o[0m
[19.019s] [  8%] [32mBuilding C object src/map/CMakeFiles/map_lib.dir/map_range.c.o[0m
[19.020s] [ 12%] [32mBuilding C object src/pf/CMakeFiles/pf_lib.dir/pf.c.o[0m
[19.020s] [ 16%] [32mBuilding C object src/map/CMakeFiles/map_lib.dir/map_draw.c.o[0m
[19.021s] [ 20%] [32mBuilding C object src/pf/CMakeFiles/pf_lib.dir/pf_kdtree.c.o[0m
[19.021s] [ 25%] [32mBuilding C object src/pf/CMakeFiles/pf_lib.dir/pf_pdf.c.o[0m
[19.022s] [ 29%] [32mBuilding C object src/pf/CMakeFiles/pf_lib.dir/pf_vector.c.o[0m
[19.023s] [ 33%] [32mBuilding C object src/pf/CMakeFiles/pf_lib.dir/eig3.c.o[0m
[19.024s] [ 37%] [32mBuilding CXX object src/map/CMakeFiles/map_lib.dir/map_cspace.cpp.o[0m
[19.025s] [ 41%] [32mBuilding C object src/pf/CMakeFiles/pf_lib.dir/pf_draw.c.o[0m
[19.577s] [ 45%] [32m[1mLinking C shared library libpf_lib.so[0m
[19.643s] [ 45%] Built target pf_lib
[19.671s] [ 50%] [32mBuilding CXX object src/motion_model/CMakeFiles/motions_lib.dir/omni_motion_model.cpp.o[0m
[19.671s] [ 54%] [32mBuilding CXX object src/motion_model/CMakeFiles/motions_lib.dir/differential_motion_model.cpp.o[0m
[20.159s] [ 58%] [32m[1mLinking CXX shared library libmap_lib.so[0m
[20.340s] [ 58%] Built target map_lib
[20.365s] [ 62%] [32mBuilding CXX object src/sensors/CMakeFiles/sensors_lib.dir/laser/beam_model.cpp.o[0m
[20.366s] [ 66%] [32mBuilding CXX object src/sensors/CMakeFiles/sensors_lib.dir/laser/laser.cpp.o[0m
[20.368s] [ 70%] [32mBuilding CXX object src/sensors/CMakeFiles/sensors_lib.dir/laser/likelihood_field_model.cpp.o[0m
[20.368s] [ 75%] [32mBuilding CXX object src/sensors/CMakeFiles/sensors_lib.dir/laser/likelihood_field_model_prob.cpp.o[0m
[21.767s] [ 79%] [32m[1mLinking CXX shared library libsensors_lib.so[0m
[21.970s] [ 79%] Built target sensors_lib
[22.002s] [ 83%] [32mBuilding CXX object CMakeFiles/amcl_core.dir/src/amcl_node.cpp.o[0m
[22.613s] [ 87%] [32m[1mLinking CXX shared library libmotions_lib.so[0m
[23.175s] [ 87%] Built target motions_lib
[132.886s] [ 91%] [32m[1mLinking CXX shared library libamcl_core.so[0m
[133.975s] [ 91%] Built target amcl_core
[134.004s] [ 95%] [32mBuilding CXX object CMakeFiles/amcl.dir/src/main.cpp.o[0m
[153.771s] [100%] [32m[1mLinking CXX executable amcl[0m
[155.185s] [100%] Built target amcl
[155.231s] Invoked command in '/home/mihkel/School/ros-packages/nav2_ws/build/nav2_amcl' returned '0': AMENT_PREFIX_PATH=/home/mihkel/School/ros-packages/nav2_ws/install/nav2_util:/home/mihkel/School/ros-packages/nav2_ws/install/nav2_msgs:/home/mihkel/School/ros-packages/nav2_ws/install/bondcpp:/home/mihkel/School/ros-packages/nav2_ws/install/smclib:/home/mihkel/School/ros-packages/nav2_ws/install/nav2_common:/home/mihkel/School/ros-packages/nav2_ws/install/bond:${AMENT_PREFIX_PATH} CMAKE_PREFIX_PATH=/home/mihkel/School/ros-packages/nav2_ws/install/nav2_util:/home/mihkel/School/ros-packages/nav2_ws/install/nav2_msgs:/home/mihkel/School/ros-packages/nav2_ws/install/bondcpp:/home/mihkel/School/ros-packages/nav2_ws/install/smclib:/home/mihkel/School/ros-packages/nav2_ws/install/nav2_common:/home/mihkel/School/ros-packages/nav2_ws/install/bond:/opt/ros/humble LD_LIBRARY_PATH=/home/mihkel/School/ros-packages/nav2_ws/install/nav2_util/lib:/home/mihkel/School/ros-packages/nav2_ws/install/nav2_msgs/lib:/home/mihkel/School/ros-packages/nav2_ws/install/bondcpp/lib:/home/mihkel/School/ros-packages/nav2_ws/install/bond/lib:${LD_LIBRARY_PATH} PYTHONPATH=/home/mihkel/School/ros-packages/nav2_ws/install/nav2_msgs/local/lib/python3.10/dist-packages:/home/mihkel/School/ros-packages/nav2_ws/install/smclib/local/lib/python3.10/dist-packages:/home/mihkel/School/ros-packages/nav2_ws/install/nav2_common/local/lib/python3.10/dist-packages:/home/mihkel/School/ros-packages/nav2_ws/install/bond/local/lib/python3.10/dist-packages:${PYTHONPATH} /home/mihkel/.local/bin/cmake --build /home/mihkel/School/ros-packages/nav2_ws/build/nav2_amcl -- -j12 -l12
[155.533s] Invoking command in '/home/mihkel/School/ros-packages/nav2_ws/build/nav2_amcl': AMENT_PREFIX_PATH=/home/mihkel/School/ros-packages/nav2_ws/install/nav2_util:/home/mihkel/School/ros-packages/nav2_ws/install/nav2_msgs:/home/mihkel/School/ros-packages/nav2_ws/install/bondcpp:/home/mihkel/School/ros-packages/nav2_ws/install/smclib:/home/mihkel/School/ros-packages/nav2_ws/install/nav2_common:/home/mihkel/School/ros-packages/nav2_ws/install/bond:${AMENT_PREFIX_PATH} CMAKE_PREFIX_PATH=/home/mihkel/School/ros-packages/nav2_ws/install/nav2_util:/home/mihkel/School/ros-packages/nav2_ws/install/nav2_msgs:/home/mihkel/School/ros-packages/nav2_ws/install/bondcpp:/home/mihkel/School/ros-packages/nav2_ws/install/smclib:/home/mihkel/School/ros-packages/nav2_ws/install/nav2_common:/home/mihkel/School/ros-packages/nav2_ws/install/bond:/opt/ros/humble LD_LIBRARY_PATH=/home/mihkel/School/ros-packages/nav2_ws/install/nav2_util/lib:/home/mihkel/School/ros-packages/nav2_ws/install/nav2_msgs/lib:/home/mihkel/School/ros-packages/nav2_ws/install/bondcpp/lib:/home/mihkel/School/ros-packages/nav2_ws/install/bond/lib:${LD_LIBRARY_PATH} PYTHONPATH=/home/mihkel/School/ros-packages/nav2_ws/install/nav2_msgs/local/lib/python3.10/dist-packages:/home/mihkel/School/ros-packages/nav2_ws/install/smclib/local/lib/python3.10/dist-packages:/home/mihkel/School/ros-packages/nav2_ws/install/nav2_common/local/lib/python3.10/dist-packages:/home/mihkel/School/ros-packages/nav2_ws/install/bond/local/lib/python3.10/dist-packages:${PYTHONPATH} /home/mihkel/.local/bin/cmake --install /home/mihkel/School/ros-packages/nav2_ws/build/nav2_amcl
[155.684s] -- Install configuration: "Release"
[155.688s] -- Execute custom install script
[155.691s] -- Symlinking: /home/mihkel/School/ros-packages/nav2_ws/install/nav2_amcl/lib/libpf_lib.so
[155.707s] -- Symlinking: /home/mihkel/School/ros-packages/nav2_ws/install/nav2_amcl/lib/libmap_lib.so
[155.721s] -- Symlinking: /home/mihkel/School/ros-packages/nav2_ws/install/nav2_amcl/lib/libmotions_lib.so
[155.736s] -- Symlinking: /home/mihkel/School/ros-packages/nav2_ws/install/nav2_amcl/lib/libsensors_lib.so
[155.751s] -- Symlinking: /home/mihkel/School/ros-packages/nav2_ws/install/nav2_amcl/lib/libamcl_core.so
[155.769s] -- Symlinking: /home/mihkel/School/ros-packages/nav2_ws/install/nav2_amcl/lib/nav2_amcl/amcl
[155.787s] -- Symlinking: /home/mihkel/School/ros-packages/nav2_ws/install/nav2_amcl/include//nav2_amcl/amcl_node.hpp
[155.801s] -- Symlinking: /home/mihkel/School/ros-packages/nav2_ws/install/nav2_amcl/include//nav2_amcl/angleutils.hpp
[155.816s] -- Symlinking: /home/mihkel/School/ros-packages/nav2_ws/install/nav2_amcl/include//nav2_amcl/map/map.hpp
[155.837s] -- Symlinking: /home/mihkel/School/ros-packages/nav2_ws/install/nav2_amcl/include//nav2_amcl/motion_model/differential_motion_model.hpp
[155.853s] -- Symlinking: /home/mihkel/School/ros-packages/nav2_ws/install/nav2_amcl/include//nav2_amcl/motion_model/motion_model.hpp
[155.869s] -- Symlinking: /home/mihkel/School/ros-packages/nav2_ws/install/nav2_amcl/include//nav2_amcl/motion_model/omni_motion_model.hpp
[155.885s] -- Symlinking: /home/mihkel/School/ros-packages/nav2_ws/install/nav2_amcl/include//nav2_amcl/pf/eig3.hpp
[155.902s] -- Symlinking: /home/mihkel/School/ros-packages/nav2_ws/install/nav2_amcl/include//nav2_amcl/pf/pf.hpp
[155.916s] -- Symlinking: /home/mihkel/School/ros-packages/nav2_ws/install/nav2_amcl/include//nav2_amcl/pf/pf_kdtree.hpp
[155.934s] -- Symlinking: /home/mihkel/School/ros-packages/nav2_ws/install/nav2_amcl/include//nav2_amcl/pf/pf_pdf.hpp
[155.949s] -- Symlinking: /home/mihkel/School/ros-packages/nav2_ws/install/nav2_amcl/include//nav2_amcl/pf/pf_vector.hpp
[155.964s] -- Symlinking: /home/mihkel/School/ros-packages/nav2_ws/install/nav2_amcl/include//nav2_amcl/portable_utils.hpp
[155.981s] -- Symlinking: /home/mihkel/School/ros-packages/nav2_ws/install/nav2_amcl/include//nav2_amcl/sensors/laser/laser.hpp
[155.999s] -- Symlinking: /home/mihkel/School/ros-packages/nav2_ws/install/nav2_amcl/share/nav2_amcl/environment/library_path.sh
[156.013s] -- Symlinking: /home/mihkel/School/ros-packages/nav2_ws/install/nav2_amcl/share/nav2_amcl/environment/library_path.dsv
[156.028s] -- Symlinking: /home/mihkel/School/ros-packages/nav2_ws/install/nav2_amcl/share/nav2_amcl//plugins.xml
[156.047s] -- Symlinking: /home/mihkel/School/ros-packages/nav2_ws/install/nav2_amcl/share/ament_index/resource_index/package_run_dependencies/nav2_amcl
[156.061s] -- Symlinking: /home/mihkel/School/ros-packages/nav2_ws/install/nav2_amcl/share/ament_index/resource_index/parent_prefix_path/nav2_amcl
[156.075s] -- Symlinking: /home/mihkel/School/ros-packages/nav2_ws/install/nav2_amcl/share/nav2_amcl/environment/ament_prefix_path.sh
[156.090s] -- Symlinking: /home/mihkel/School/ros-packages/nav2_ws/install/nav2_amcl/share/nav2_amcl/environment/ament_prefix_path.dsv
[156.106s] -- Symlinking: /home/mihkel/School/ros-packages/nav2_ws/install/nav2_amcl/share/nav2_amcl/environment/path.sh
[156.121s] -- Symlinking: /home/mihkel/School/ros-packages/nav2_ws/install/nav2_amcl/share/nav2_amcl/environment/path.dsv
[156.135s] -- Symlinking: /home/mihkel/School/ros-packages/nav2_ws/install/nav2_amcl/share/nav2_amcl/local_setup.bash
[156.151s] -- Symlinking: /home/mihkel/School/ros-packages/nav2_ws/install/nav2_amcl/share/nav2_amcl/local_setup.sh
[156.165s] -- Symlinking: /home/mihkel/School/ros-packages/nav2_ws/install/nav2_amcl/share/nav2_amcl/local_setup.zsh
[156.181s] -- Symlinking: /home/mihkel/School/ros-packages/nav2_ws/install/nav2_amcl/share/nav2_amcl/local_setup.dsv
[156.196s] -- Symlinking: /home/mihkel/School/ros-packages/nav2_ws/install/nav2_amcl/share/nav2_amcl/package.dsv
[156.215s] -- Symlinking: /home/mihkel/School/ros-packages/nav2_ws/install/nav2_amcl/share/ament_index/resource_index/packages/nav2_amcl
[156.230s] -- Symlinking: /home/mihkel/School/ros-packages/nav2_ws/install/nav2_amcl/share/ament_index/resource_index/nav2_amcl__pluginlib__plugin/nav2_amcl
[156.250s] -- Symlinking: /home/mihkel/School/ros-packages/nav2_ws/install/nav2_amcl/share/ament_index/resource_index/rclcpp_components/nav2_amcl
[156.269s] -- Symlinking: /home/mihkel/School/ros-packages/nav2_ws/install/nav2_amcl/share/nav2_amcl/cmake/ament_cmake_export_include_directories-extras.cmake
[156.284s] -- Symlinking: /home/mihkel/School/ros-packages/nav2_ws/install/nav2_amcl/share/nav2_amcl/cmake/ament_cmake_export_libraries-extras.cmake
[156.299s] -- Symlinking: /home/mihkel/School/ros-packages/nav2_ws/install/nav2_amcl/share/nav2_amcl/cmake/ament_cmake_export_dependencies-extras.cmake
[156.316s] -- Symlinking: /home/mihkel/School/ros-packages/nav2_ws/install/nav2_amcl/share/nav2_amcl/cmake/nav2_amclConfig.cmake
[156.331s] -- Symlinking: /home/mihkel/School/ros-packages/nav2_ws/install/nav2_amcl/share/nav2_amcl/cmake/nav2_amclConfig-version.cmake
[156.346s] -- Symlinking: /home/mihkel/School/ros-packages/nav2_ws/install/nav2_amcl/share/nav2_amcl/package.xml
[156.450s] Invoked command in '/home/mihkel/School/ros-packages/nav2_ws/build/nav2_amcl' returned '0': AMENT_PREFIX_PATH=/home/mihkel/School/ros-packages/nav2_ws/install/nav2_util:/home/mihkel/School/ros-packages/nav2_ws/install/nav2_msgs:/home/mihkel/School/ros-packages/nav2_ws/install/bondcpp:/home/mihkel/School/ros-packages/nav2_ws/install/smclib:/home/mihkel/School/ros-packages/nav2_ws/install/nav2_common:/home/mihkel/School/ros-packages/nav2_ws/install/bond:${AMENT_PREFIX_PATH} CMAKE_PREFIX_PATH=/home/mihkel/School/ros-packages/nav2_ws/install/nav2_util:/home/mihkel/School/ros-packages/nav2_ws/install/nav2_msgs:/home/mihkel/School/ros-packages/nav2_ws/install/bondcpp:/home/mihkel/School/ros-packages/nav2_ws/install/smclib:/home/mihkel/School/ros-packages/nav2_ws/install/nav2_common:/home/mihkel/School/ros-packages/nav2_ws/install/bond:/opt/ros/humble LD_LIBRARY_PATH=/home/mihkel/School/ros-packages/nav2_ws/install/nav2_util/lib:/home/mihkel/School/ros-packages/nav2_ws/install/nav2_msgs/lib:/home/mihkel/School/ros-packages/nav2_ws/install/bondcpp/lib:/home/mihkel/School/ros-packages/nav2_ws/install/bond/lib:${LD_LIBRARY_PATH} PYTHONPATH=/home/mihkel/School/ros-packages/nav2_ws/install/nav2_msgs/local/lib/python3.10/dist-packages:/home/mihkel/School/ros-packages/nav2_ws/install/smclib/local/lib/python3.10/dist-packages:/home/mihkel/School/ros-packages/nav2_ws/install/nav2_common/local/lib/python3.10/dist-packages:/home/mihkel/School/ros-packages/nav2_ws/install/bond/local/lib/python3.10/dist-packages:${PYTHONPATH} /home/mihkel/.local/bin/cmake --install /home/mihkel/School/ros-packages/nav2_ws/build/nav2_amcl
