[3.887s] Invoking command in '/home/mihkel/School/ThesisPractical/rtabmap_ws/build/rtabmap_python': PYTHONPATH=/home/mihkel/School/ThesisPractical/rtabmap_ws/build/rtabmap_python/prefix_override:/home/mihkel/School/ThesisPractical/rtabmap_ws/install/rtabmap_python/lib/python3.10/site-packages:${PYTHONPATH} /usr/bin/python3 setup.py develop --uninstall --editable --build-directory /home/mihkel/School/ThesisPractical/rtabmap_ws/build/rtabmap_python/build
[5.294s] running develop
[6.158s] Removing /home/mihkel/School/ThesisPractical/rtabmap_ws/install/rtabmap_python/lib/python3.10/site-packages/rtabmap-python.egg-link (link to .)
[6.254s] Invoked command in '/home/mihkel/School/ThesisPractical/rtabmap_ws/build/rtabmap_python' returned '0': PYTHONPATH=/home/mihkel/School/ThesisPractical/rtabmap_ws/build/rtabmap_python/prefix_override:/home/mihkel/School/ThesisPractical/rtabmap_ws/install/rtabmap_python/lib/python3.10/site-packages:${PYTHONPATH} /usr/bin/python3 setup.py develop --uninstall --editable --build-directory /home/mihkel/School/ThesisPractical/rtabmap_ws/build/rtabmap_python/build
[6.260s] Invoking command in '/home/mihkel/School/ThesisPractical/rtabmap_ws/src/rtabmap_ros/rtabmap_python': PYTHONPATH=/home/mihkel/School/ThesisPractical/rtabmap_ws/build/rtabmap_python/prefix_override:/home/mihkel/School/ThesisPractical/rtabmap_ws/install/rtabmap_python/lib/python3.10/site-packages:${PYTHONPATH} /usr/bin/python3 setup.py egg_info --egg-base ../../../build/rtabmap_python build --build-base /home/mihkel/School/ThesisPractical/rtabmap_ws/build/rtabmap_python/build install --record /home/mihkel/School/ThesisPractical/rtabmap_ws/build/rtabmap_python/install.log --single-version-externally-managed
[7.585s] running egg_info
[7.588s] writing ../../../build/rtabmap_python/rtabmap_python.egg-info/PKG-INFO
[7.589s] writing dependency_links to ../../../build/rtabmap_python/rtabmap_python.egg-info/dependency_links.txt
[7.589s] writing entry points to ../../../build/rtabmap_python/rtabmap_python.egg-info/entry_points.txt
[7.590s] writing requirements to ../../../build/rtabmap_python/rtabmap_python.egg-info/requires.txt
[7.592s] writing top-level names to ../../../build/rtabmap_python/rtabmap_python.egg-info/top_level.txt
[7.599s] reading manifest file '../../../build/rtabmap_python/rtabmap_python.egg-info/SOURCES.txt'
[7.603s] writing manifest file '../../../build/rtabmap_python/rtabmap_python.egg-info/SOURCES.txt'
[7.603s] running build
[7.604s] running build_py
[7.604s] creating /home/mihkel/School/ThesisPractical/rtabmap_ws/build/rtabmap_python/build
[7.605s] creating /home/mihkel/School/ThesisPractical/rtabmap_ws/build/rtabmap_python/build/lib
[7.605s] creating /home/mihkel/School/ThesisPractical/rtabmap_ws/build/rtabmap_python/build/lib/rtabmap_python
[7.605s] copying rtabmap_python/__init__.py -> /home/mihkel/School/ThesisPractical/rtabmap_ws/build/rtabmap_python/build/lib/rtabmap_python
[7.605s] copying rtabmap_python/compression.py -> /home/mihkel/School/ThesisPractical/rtabmap_ws/build/rtabmap_python/build/lib/rtabmap_python
[7.606s] running install
[7.606s] running install_lib
[7.609s] creating /home/mihkel/School/ThesisPractical/rtabmap_ws/install/rtabmap_python/lib/python3.10/site-packages/rtabmap_python
[7.609s] copying /home/mihkel/School/ThesisPractical/rtabmap_ws/build/rtabmap_python/build/lib/rtabmap_python/__init__.py -> /home/mihkel/School/ThesisPractical/rtabmap_ws/install/rtabmap_python/lib/python3.10/site-packages/rtabmap_python
[7.609s] copying /home/mihkel/School/ThesisPractical/rtabmap_ws/build/rtabmap_python/build/lib/rtabmap_python/compression.py -> /home/mihkel/School/ThesisPractical/rtabmap_ws/install/rtabmap_python/lib/python3.10/site-packages/rtabmap_python
[7.611s] byte-compiling /home/mihkel/School/ThesisPractical/rtabmap_ws/install/rtabmap_python/lib/python3.10/site-packages/rtabmap_python/__init__.py to __init__.cpython-310.pyc
[7.611s] byte-compiling /home/mihkel/School/ThesisPractical/rtabmap_ws/install/rtabmap_python/lib/python3.10/site-packages/rtabmap_python/compression.py to compression.cpython-310.pyc
[7.613s] running install_data
[7.615s] running install_egg_info
[7.623s] Copying ../../../build/rtabmap_python/rtabmap_python.egg-info to /home/mihkel/School/ThesisPractical/rtabmap_ws/install/rtabmap_python/lib/python3.10/site-packages/rtabmap_python-0.1.0-py3.10.egg-info
[7.625s] running install_scripts
[7.692s] writing list of installed files to '/home/mihkel/School/ThesisPractical/rtabmap_ws/build/rtabmap_python/install.log'
[7.774s] Invoked command in '/home/mihkel/School/ThesisPractical/rtabmap_ws/src/rtabmap_ros/rtabmap_python' returned '0': PYTHONPATH=/home/mihkel/School/ThesisPractical/rtabmap_ws/build/rtabmap_python/prefix_override:/home/mihkel/School/ThesisPractical/rtabmap_ws/install/rtabmap_python/lib/python3.10/site-packages:${PYTHONPATH} /usr/bin/python3 setup.py egg_info --egg-base ../../../build/rtabmap_python build --build-base /home/mihkel/School/ThesisPractical/rtabmap_ws/build/rtabmap_python/build install --record /home/mihkel/School/ThesisPractical/rtabmap_ws/build/rtabmap_python/install.log --single-version-externally-managed
