running egg_info
creating ../../../build/kf_hungarian_tracker/kf_hungarian_tracker.egg-info
writing ../../../build/kf_hungarian_tracker/kf_hungarian_tracker.egg-info/PKG-INFO
writing dependency_links to ../../../build/kf_hungarian_tracker/kf_hungarian_tracker.egg-info/dependency_links.txt
writing entry points to ../../../build/kf_hungarian_tracker/kf_hungarian_tracker.egg-info/entry_points.txt
writing requirements to ../../../build/kf_hungarian_tracker/kf_hungarian_tracker.egg-info/requires.txt
writing top-level names to ../../../build/kf_hungarian_tracker/kf_hungarian_tracker.egg-info/top_level.txt
writing manifest file '../../../build/kf_hungarian_tracker/kf_hungarian_tracker.egg-info/SOURCES.txt'
reading manifest file '../../../build/kf_hungarian_tracker/kf_hungarian_tracker.egg-info/SOURCES.txt'
writing manifest file '../../../build/kf_hungarian_tracker/kf_hungarian_tracker.egg-info/SOURCES.txt'
running build
running build_py
creating /home/mihkel/School/ThesisPractical/myros_ws/build/kf_hungarian_tracker/build
creating /home/mihkel/School/ThesisPractical/myros_ws/build/kf_hungarian_tracker/build/lib
creating /home/mihkel/School/ThesisPractical/myros_ws/build/kf_hungarian_tracker/build/lib/kf_hungarian_tracker
copying kf_hungarian_tracker/kf_hungarian_node.py -> /home/mihkel/School/ThesisPractical/myros_ws/build/kf_hungarian_tracker/build/lib/kf_hungarian_tracker
copying kf_hungarian_tracker/obstacle_class.py -> /home/mihkel/School/ThesisPractical/myros_ws/build/kf_hungarian_tracker/build/lib/kf_hungarian_tracker
copying kf_hungarian_tracker/__init__.py -> /home/mihkel/School/ThesisPractical/myros_ws/build/kf_hungarian_tracker/build/lib/kf_hungarian_tracker
running install
running install_lib
creating /home/mihkel/School/ThesisPractical/myros_ws/install/kf_hungarian_tracker/lib/python3.10/site-packages/kf_hungarian_tracker
copying /home/mihkel/School/ThesisPractical/myros_ws/build/kf_hungarian_tracker/build/lib/kf_hungarian_tracker/kf_hungarian_node.py -> /home/mihkel/School/ThesisPractical/myros_ws/install/kf_hungarian_tracker/lib/python3.10/site-packages/kf_hungarian_tracker
copying /home/mihkel/School/ThesisPractical/myros_ws/build/kf_hungarian_tracker/build/lib/kf_hungarian_tracker/obstacle_class.py -> /home/mihkel/School/ThesisPractical/myros_ws/install/kf_hungarian_tracker/lib/python3.10/site-packages/kf_hungarian_tracker
copying /home/mihkel/School/ThesisPractical/myros_ws/build/kf_hungarian_tracker/build/lib/kf_hungarian_tracker/__init__.py -> /home/mihkel/School/ThesisPractical/myros_ws/install/kf_hungarian_tracker/lib/python3.10/site-packages/kf_hungarian_tracker
byte-compiling /home/mihkel/School/ThesisPractical/myros_ws/install/kf_hungarian_tracker/lib/python3.10/site-packages/kf_hungarian_tracker/kf_hungarian_node.py to kf_hungarian_node.cpython-310.pyc
byte-compiling /home/mihkel/School/ThesisPractical/myros_ws/install/kf_hungarian_tracker/lib/python3.10/site-packages/kf_hungarian_tracker/obstacle_class.py to obstacle_class.cpython-310.pyc
byte-compiling /home/mihkel/School/ThesisPractical/myros_ws/install/kf_hungarian_tracker/lib/python3.10/site-packages/kf_hungarian_tracker/__init__.py to __init__.cpython-310.pyc
running install_data
creating /home/mihkel/School/ThesisPractical/myros_ws/install/kf_hungarian_tracker/share/ament_index
creating /home/mihkel/School/ThesisPractical/myros_ws/install/kf_hungarian_tracker/share/ament_index/resource_index
creating /home/mihkel/School/ThesisPractical/myros_ws/install/kf_hungarian_tracker/share/ament_index/resource_index/packages
copying resource/kf_hungarian_tracker -> /home/mihkel/School/ThesisPractical/myros_ws/install/kf_hungarian_tracker/share/ament_index/resource_index/packages
copying package.xml -> /home/mihkel/School/ThesisPractical/myros_ws/install/kf_hungarian_tracker/share/kf_hungarian_tracker
creating /home/mihkel/School/ThesisPractical/myros_ws/install/kf_hungarian_tracker/share/kf_hungarian_tracker/config
copying config/kf_hungarian.yaml -> /home/mihkel/School/ThesisPractical/myros_ws/install/kf_hungarian_tracker/share/kf_hungarian_tracker/config
creating /home/mihkel/School/ThesisPractical/myros_ws/install/kf_hungarian_tracker/share/kf_hungarian_tracker/launch
copying launch/kf_hungarian.launch.py -> /home/mihkel/School/ThesisPractical/myros_ws/install/kf_hungarian_tracker/share/kf_hungarian_tracker/launch
running install_egg_info
Copying ../../../build/kf_hungarian_tracker/kf_hungarian_tracker.egg-info to /home/mihkel/School/ThesisPractical/myros_ws/install/kf_hungarian_tracker/lib/python3.10/site-packages/kf_hungarian_tracker-0.0.1-py3.10.egg-info
running install_scripts
Installing kf_hungarian_node script to /home/mihkel/School/ThesisPractical/myros_ws/install/kf_hungarian_tracker/lib/kf_hungarian_tracker
writing list of installed files to '/home/mihkel/School/ThesisPractical/myros_ws/build/kf_hungarian_tracker/install.log'
