/home/mihkel/.local/lib/python3.10/site-packages/setuptools/dist.py:472: SetuptoolsDeprecationWarning: Invalid dash-separated options
!!

        ********************************************************************************
        Usage of dash-separated 'script-dir' will not be supported in future
        versions. Please use the underscore name 'script_dir' instead.

        By 2024-Sep-26, you need to update your project and remove deprecated calls
        or your builds will no longer be supported.

        See https://setuptools.pypa.io/en/latest/userguide/declarative_config.html for details.
        ********************************************************************************

!!
  opt = self.warn_dash_deprecation(opt, section)
running egg_info
creating ../../../build/kf_hungarian_tracker/kf_hungarian_tracker.egg-info
writing ../../../build/kf_hungarian_tracker/kf_hungarian_tracker.egg-info/PKG-INFO
writing dependency_links to ../../../build/kf_hungarian_tracker/kf_hungarian_tracker.egg-info/dependency_links.txt
writing entry points to ../../../build/kf_hungarian_tracker/kf_hungarian_tracker.egg-info/entry_points.txt
writing requirements to ../../../build/kf_hungarian_tracker/kf_hungarian_tracker.egg-info/requires.txt
writing top-level names to ../../../build/kf_hungarian_tracker/kf_hungarian_tracker.egg-info/top_level.txt
writing manifest file '../../../build/kf_hungarian_tracker/kf_hungarian_tracker.egg-info/SOURCES.txt'
reading manifest file '../../../build/kf_hungarian_tracker/kf_hungarian_tracker.egg-info/SOURCES.txt'
writing manifest file '../../../build/kf_hungarian_tracker/kf_hungarian_tracker.egg-info/SOURCES.txt'
running build
running build_py
creating /home/mihkel/School/ThesisPractical/myros_ws/build/kf_hungarian_tracker/build
creating /home/mihkel/School/ThesisPractical/myros_ws/build/kf_hungarian_tracker/build/lib
creating /home/mihkel/School/ThesisPractical/myros_ws/build/kf_hungarian_tracker/build/lib/kf_hungarian_tracker
copying kf_hungarian_tracker/kf_hungarian_node.py -> /home/mihkel/School/ThesisPractical/myros_ws/build/kf_hungarian_tracker/build/lib/kf_hungarian_tracker
copying kf_hungarian_tracker/obstacle_class.py -> /home/mihkel/School/ThesisPractical/myros_ws/build/kf_hungarian_tracker/build/lib/kf_hungarian_tracker
copying kf_hungarian_tracker/__init__.py -> /home/mihkel/School/ThesisPractical/myros_ws/build/kf_hungarian_tracker/build/lib/kf_hungarian_tracker
running install
/home/mihkel/.local/lib/python3.10/site-packages/setuptools/_distutils/cmd.py:66: SetuptoolsDeprecationWarning: setup.py install is deprecated.
!!

        ********************************************************************************
        Please avoid running ``setup.py`` directly.
        Instead, use pypa/build, pypa/installer or other
        standards-based tools.

        See https://blog.ganssle.io/articles/2021/10/setup-py-deprecated.html for details.
        ********************************************************************************

!!
  self.initialize_options()
running install_lib
creating /home/mihkel/School/ThesisPractical/myros_ws/install/kf_hungarian_tracker/lib/python3.10/site-packages/kf_hungarian_tracker
copying /home/mihkel/School/ThesisPractical/myros_ws/build/kf_hungarian_tracker/build/lib/kf_hungarian_tracker/kf_hungarian_node.py -> /home/mihkel/School/ThesisPractical/myros_ws/install/kf_hungarian_tracker/lib/python3.10/site-packages/kf_hungarian_tracker
copying /home/mihkel/School/ThesisPractical/myros_ws/build/kf_hungarian_tracker/build/lib/kf_hungarian_tracker/obstacle_class.py -> /home/mihkel/School/ThesisPractical/myros_ws/install/kf_hungarian_tracker/lib/python3.10/site-packages/kf_hungarian_tracker
copying /home/mihkel/School/ThesisPractical/myros_ws/build/kf_hungarian_tracker/build/lib/kf_hungarian_tracker/__init__.py -> /home/mihkel/School/ThesisPractical/myros_ws/install/kf_hungarian_tracker/lib/python3.10/site-packages/kf_hungarian_tracker
byte-compiling /home/mihkel/School/ThesisPractical/myros_ws/install/kf_hungarian_tracker/lib/python3.10/site-packages/kf_hungarian_tracker/kf_hungarian_node.py to kf_hungarian_node.cpython-310.pyc
byte-compiling /home/mihkel/School/ThesisPractical/myros_ws/install/kf_hungarian_tracker/lib/python3.10/site-packages/kf_hungarian_tracker/obstacle_class.py to obstacle_class.cpython-310.pyc
byte-compiling /home/mihkel/School/ThesisPractical/myros_ws/install/kf_hungarian_tracker/lib/python3.10/site-packages/kf_hungarian_tracker/__init__.py to __init__.cpython-310.pyc
running install_data
creating /home/mihkel/School/ThesisPractical/myros_ws/install/kf_hungarian_tracker/share/ament_index
creating /home/mihkel/School/ThesisPractical/myros_ws/install/kf_hungarian_tracker/share/ament_index/resource_index
creating /home/mihkel/School/ThesisPractical/myros_ws/install/kf_hungarian_tracker/share/ament_index/resource_index/packages
copying resource/kf_hungarian_tracker -> /home/mihkel/School/ThesisPractical/myros_ws/install/kf_hungarian_tracker/share/ament_index/resource_index/packages
copying package.xml -> /home/mihkel/School/ThesisPractical/myros_ws/install/kf_hungarian_tracker/share/kf_hungarian_tracker
creating /home/mihkel/School/ThesisPractical/myros_ws/install/kf_hungarian_tracker/share/kf_hungarian_tracker/config
copying config/kf_hungarian.yaml -> /home/mihkel/School/ThesisPractical/myros_ws/install/kf_hungarian_tracker/share/kf_hungarian_tracker/config
creating /home/mihkel/School/ThesisPractical/myros_ws/install/kf_hungarian_tracker/share/kf_hungarian_tracker/launch
copying launch/kf_hungarian.launch.py -> /home/mihkel/School/ThesisPractical/myros_ws/install/kf_hungarian_tracker/share/kf_hungarian_tracker/launch
running install_egg_info
Copying ../../../build/kf_hungarian_tracker/kf_hungarian_tracker.egg-info to /home/mihkel/School/ThesisPractical/myros_ws/install/kf_hungarian_tracker/lib/python3.10/site-packages/kf_hungarian_tracker-0.0.1-py3.10.egg-info
running install_scripts
Installing kf_hungarian_node script to /home/mihkel/School/ThesisPractical/myros_ws/install/kf_hungarian_tracker/lib/kf_hungarian_tracker
writing list of installed files to '/home/mihkel/School/ThesisPractical/myros_ws/build/kf_hungarian_tracker/install.log'
