[0.286s] Invoking command in '/home/mihkel/School/ThesisPractical/rtabmap_ws/build/rtabmap_conversions': CMAKE_PREFIX_PATH=/opt/ros/humble:/home/mihkel/School/ThesisPractical/rtabmap_ws/install/rtabmap_msgs:/home/mihkel/School/ThesisPractical/rtabmap_ws/install/rtabmap LD_LIBRARY_PATH=/home/mihkel/School/ThesisPractical/rtabmap_ws/install/rtabmap_msgs/lib:/home/mihkel/School/ThesisPractical/rtabmap_ws/install/rtabmap/lib:${LD_LIBRARY_PATH} PATH=/home/mihkel/School/ThesisPractical/rtabmap_ws/install/rtabmap/bin:${PATH} PKG_CONFIG_PATH=/home/mihkel/School/ThesisPractical/rtabmap_ws/install/rtabmap_msgs/lib/x86_64-linux-gnu/pkgconfig:/home/mihkel/School/ThesisPractical/rtabmap_ws/install/rtabmap_msgs/lib/pkgconfig:/home/mihkel/School/ThesisPractical/rtabmap_ws/install/rtabmap/lib/x86_64-linux-gnu/pkgconfig:/home/mihkel/School/ThesisPractical/rtabmap_ws/install/rtabmap/lib/pkgconfig PYTHONPATH=/home/mihkel/School/ThesisPractical/rtabmap_ws/install/rtabmap_msgs/local/lib/python3.10/dist-packages:${PYTHONPATH} ROS_PACKAGE_PATH=/home/mihkel/School/ThesisPractical/rtabmap_ws/install/rtabmap_msgs/share /home/mihkel/.local/bin/cmake /home/mihkel/School/ThesisPractical/rtabmap_ws/src/rtabmap_ros/rtabmap_conversions -DCMAKE_BUILD_TYPE=Release -DAMENT_CMAKE_SYMLINK_INSTALL=1 -DCMAKE_INSTALL_PREFIX=/home/mihkel/School/ThesisPractical/rtabmap_ws/install/rtabmap_conversions
[0.414s] -- Found ament_cmake: 1.3.6 (/opt/ros/humble/share/ament_cmake/cmake)
[1.401s] -- Override CMake install command with custom implementation using symlinks instead of copying resources
[1.433s] -- Found cv_bridge: 3.2.1 (/opt/ros/humble/share/cv_bridge/cmake)
[1.590s] -- Found rosidl_generator_c: 3.1.5 (/opt/ros/humble/share/rosidl_generator_c/cmake)
[1.603s] -- Found rosidl_adapter: 3.1.5 (/opt/ros/humble/share/rosidl_adapter/cmake)
[1.632s] -- Found rosidl_generator_cpp: 3.1.5 (/opt/ros/humble/share/rosidl_generator_cpp/cmake)
[1.694s] -- Using all available rosidl_typesupport_c: rosidl_typesupport_fastrtps_c;rosidl_typesupport_introspection_c
[1.773s] -- Using all available rosidl_typesupport_cpp: rosidl_typesupport_fastrtps_cpp;rosidl_typesupport_introspection_cpp
[2.746s] -- Found image_geometry: 3.2.1 (/opt/ros/humble/share/image_geometry/cmake)
[2.785s] -- Found laser_geometry: 2.4.0 (/opt/ros/humble/share/laser_geometry/cmake)
[3.064s] -- Found rmw_implementation_cmake: 6.1.1 (/opt/ros/humble/share/rmw_implementation_cmake/cmake)
[3.072s] -- Found rmw_fastrtps_cpp: 6.2.5 (/opt/ros/humble/share/rmw_fastrtps_cpp/cmake)
[3.586s] -- Using RMW implementation 'rmw_fastrtps_cpp' as default
[4.349s] -- Found pcl_conversions: 2.4.0 (/opt/ros/humble/share/pcl_conversions/cmake)
[4.951s] -- Found rtabmap_msgs: 0.21.3 (/home/mihkel/School/ThesisPractical/rtabmap_ws/install/rtabmap_msgs/share/rtabmap_msgs/cmake)
[5.271s] -- Found tf2_eigen: 0.25.5 (/opt/ros/humble/share/tf2_eigen/cmake)
[6.854s] -- Found tf2_geometry_msgs: 0.25.5 (/opt/ros/humble/share/tf2_geometry_msgs/cmake)
[6.884s] -- Found Eigen3: TRUE (found version "3.4.0") 
[6.884s] -- Ensuring Eigen3 include directory is part of orocos-kdl CMake target
[6.970s] [33mCMake Warning (dev) at /usr/lib/x86_64-linux-gnu/cmake/pcl/PCLConfig.cmake:146 (find_package):
[6.970s]   Policy CMP0144 is not set: find_package uses upper-case <PACKAGENAME>_ROOT
[6.971s]   variables.  Run "cmake --help-policy CMP0144" for policy details.  Use the
[6.971s]   cmake_policy command to set the policy and suppress this warning.
[6.971s] 
[6.971s]   CMake variable EIGEN_ROOT is set to:
[6.971s] 
[6.972s]     /usr/include/eigen3
[6.972s] 
[6.972s]   For compatibility, find_package is ignoring the variable, but code in a
[6.972s]   .cmake module might still use it.
[6.973s] Call Stack (most recent call first):
[6.973s]   /usr/lib/x86_64-linux-gnu/cmake/pcl/PCLConfig.cmake:299 (find_eigen)
[6.973s]   /usr/lib/x86_64-linux-gnu/cmake/pcl/PCLConfig.cmake:543 (find_external_library)
[6.973s]   /home/mihkel/.local/lib/python3.10/site-packages/cmake/data/share/cmake-3.28/Modules/CMakeFindDependencyMacro.cmake:76 (find_package)
[6.973s]   /home/mihkel/School/ThesisPractical/rtabmap_ws/install/rtabmap/lib/rtabmap-0.21/RTABMapConfig.cmake:7 (find_dependency)
[6.974s]   CMakeLists.txt:22 (find_package)
[6.974s] This warning is for project developers.  Use -Wno-dev to suppress it.
[6.974s] [0m
[6.988s] -- Eigen found (include: /usr/include/eigen3, version: 3.4.0)
[7.072s] -- OpenNI found (version: 1.5.4.0, include: /usr/include/ni, lib: /usr/lib/libOpenNI.so;libusb::libusb)
[7.101s] -- OpenNI2 found (version: 2.2.0.33, include: /usr/include/openni2, lib: /usr/lib/x86_64-linux-gnu/libOpenNI2.so;libusb::libusb)
[7.102s] [0m** WARNING ** io features related to pcap will be disabled[0m
[7.102s] [0m** WARNING ** io features related to png will be disabled[0m
[7.812s] -- Found Eigen3: /usr/include/eigen3 (found version "3.4.0") 
[8.755s] -- Eigen found (include: /usr/include/eigen3, version: 3.4.0)
[8.757s] [33mCMake Warning (dev) at /usr/lib/x86_64-linux-gnu/cmake/pcl/Modules/FindFLANN.cmake:44 (find_package):
[8.757s]   Policy CMP0144 is not set: find_package uses upper-case <PACKAGENAME>_ROOT
[8.758s]   variables.  Run "cmake --help-policy CMP0144" for policy details.  Use the
[8.758s]   cmake_policy command to set the policy and suppress this warning.
[8.758s] 
[8.758s]   CMake variable FLANN_ROOT is set to:
[8.759s] 
[8.759s]     /usr
[8.759s] 
[8.759s]   For compatibility, find_package is ignoring the variable, but code in a
[8.759s]   .cmake module might still use it.
[8.760s] Call Stack (most recent call first):
[8.760s]   /usr/lib/x86_64-linux-gnu/cmake/pcl/PCLConfig.cmake:256 (find_package)
[8.760s]   /usr/lib/x86_64-linux-gnu/cmake/pcl/PCLConfig.cmake:301 (find_flann)
[8.760s]   /usr/lib/x86_64-linux-gnu/cmake/pcl/PCLConfig.cmake:543 (find_external_library)
[8.760s]   /home/mihkel/.local/lib/python3.10/site-packages/cmake/data/share/cmake-3.28/Modules/CMakeFindDependencyMacro.cmake:76 (find_package)
[8.761s]   /home/mihkel/School/ThesisPractical/rtabmap_ws/install/rtabmap/lib/rtabmap-0.21/RTABMapConfig.cmake:7 (find_dependency)
[8.761s]   CMakeLists.txt:22 (find_package)
[8.761s] This warning is for project developers.  Use -Wno-dev to suppress it.
[8.761s] [0m
[8.836s] -- FLANN found (include: /usr/include, lib: /usr/lib/x86_64-linux-gnu/libflann_cpp.so)
[8.844s] -- Found Qhull version 8.0.2
[12.062s] -- OpenNI found (version: 1.5.4.0, include: /usr/include/ni, lib: /usr/lib/libOpenNI.so;libusb::libusb)
[12.087s] -- OpenNI2 found (version: 2.2.0.33, include: /usr/include/openni2, lib: /usr/lib/x86_64-linux-gnu/libOpenNI2.so;libusb::libusb)
[13.160s] -- looking for PCL_COMMON
[13.162s] -- looking for PCL_OCTREE
[13.164s] -- looking for PCL_IO
[13.166s] -- looking for PCL_KDTREE
[13.167s] -- looking for PCL_SEARCH
[13.169s] -- looking for PCL_SURFACE
[13.171s] -- looking for PCL_FILTERS
[13.173s] -- looking for PCL_2D
[13.175s] -- looking for PCL_FEATURES
[13.177s] -- looking for PCL_REGISTRATION
[13.179s] -- looking for PCL_SAMPLE_CONSENSUS
[13.181s] -- looking for PCL_GEOMETRY
[13.182s] -- looking for PCL_ML
[13.184s] -- looking for PCL_SEGMENTATION
[13.186s] -- looking for PCL_VISUALIZATION
[13.208s] -- Found grid_map_core: 2.0.0 (/opt/ros/humble/share/grid_map_core/cmake)
[13.791s] -- Configuring done (13.4s)
[13.950s] -- Generating done (0.1s)
[13.962s] -- Build files have been written to: /home/mihkel/School/ThesisPractical/rtabmap_ws/build/rtabmap_conversions
[14.028s] Invoked command in '/home/mihkel/School/ThesisPractical/rtabmap_ws/build/rtabmap_conversions' returned '0': CMAKE_PREFIX_PATH=/opt/ros/humble:/home/mihkel/School/ThesisPractical/rtabmap_ws/install/rtabmap_msgs:/home/mihkel/School/ThesisPractical/rtabmap_ws/install/rtabmap LD_LIBRARY_PATH=/home/mihkel/School/ThesisPractical/rtabmap_ws/install/rtabmap_msgs/lib:/home/mihkel/School/ThesisPractical/rtabmap_ws/install/rtabmap/lib:${LD_LIBRARY_PATH} PATH=/home/mihkel/School/ThesisPractical/rtabmap_ws/install/rtabmap/bin:${PATH} PKG_CONFIG_PATH=/home/mihkel/School/ThesisPractical/rtabmap_ws/install/rtabmap_msgs/lib/x86_64-linux-gnu/pkgconfig:/home/mihkel/School/ThesisPractical/rtabmap_ws/install/rtabmap_msgs/lib/pkgconfig:/home/mihkel/School/ThesisPractical/rtabmap_ws/install/rtabmap/lib/x86_64-linux-gnu/pkgconfig:/home/mihkel/School/ThesisPractical/rtabmap_ws/install/rtabmap/lib/pkgconfig PYTHONPATH=/home/mihkel/School/ThesisPractical/rtabmap_ws/install/rtabmap_msgs/local/lib/python3.10/dist-packages:${PYTHONPATH} ROS_PACKAGE_PATH=/home/mihkel/School/ThesisPractical/rtabmap_ws/install/rtabmap_msgs/share /home/mihkel/.local/bin/cmake /home/mihkel/School/ThesisPractical/rtabmap_ws/src/rtabmap_ros/rtabmap_conversions -DCMAKE_BUILD_TYPE=Release -DAMENT_CMAKE_SYMLINK_INSTALL=1 -DCMAKE_INSTALL_PREFIX=/home/mihkel/School/ThesisPractical/rtabmap_ws/install/rtabmap_conversions
[14.033s] Invoking command in '/home/mihkel/School/ThesisPractical/rtabmap_ws/build/rtabmap_conversions': CMAKE_PREFIX_PATH=/opt/ros/humble:/home/mihkel/School/ThesisPractical/rtabmap_ws/install/rtabmap_msgs:/home/mihkel/School/ThesisPractical/rtabmap_ws/install/rtabmap LD_LIBRARY_PATH=/home/mihkel/School/ThesisPractical/rtabmap_ws/install/rtabmap_msgs/lib:/home/mihkel/School/ThesisPractical/rtabmap_ws/install/rtabmap/lib:${LD_LIBRARY_PATH} PATH=/home/mihkel/School/ThesisPractical/rtabmap_ws/install/rtabmap/bin:${PATH} PKG_CONFIG_PATH=/home/mihkel/School/ThesisPractical/rtabmap_ws/install/rtabmap_msgs/lib/x86_64-linux-gnu/pkgconfig:/home/mihkel/School/ThesisPractical/rtabmap_ws/install/rtabmap_msgs/lib/pkgconfig:/home/mihkel/School/ThesisPractical/rtabmap_ws/install/rtabmap/lib/x86_64-linux-gnu/pkgconfig:/home/mihkel/School/ThesisPractical/rtabmap_ws/install/rtabmap/lib/pkgconfig PYTHONPATH=/home/mihkel/School/ThesisPractical/rtabmap_ws/install/rtabmap_msgs/local/lib/python3.10/dist-packages:${PYTHONPATH} ROS_PACKAGE_PATH=/home/mihkel/School/ThesisPractical/rtabmap_ws/install/rtabmap_msgs/share /home/mihkel/.local/bin/cmake --build /home/mihkel/School/ThesisPractical/rtabmap_ws/build/rtabmap_conversions
[14.289s] [100%] Built target rtabmap_conversions
[14.318s] Invoked command in '/home/mihkel/School/ThesisPractical/rtabmap_ws/build/rtabmap_conversions' returned '0': CMAKE_PREFIX_PATH=/opt/ros/humble:/home/mihkel/School/ThesisPractical/rtabmap_ws/install/rtabmap_msgs:/home/mihkel/School/ThesisPractical/rtabmap_ws/install/rtabmap LD_LIBRARY_PATH=/home/mihkel/School/ThesisPractical/rtabmap_ws/install/rtabmap_msgs/lib:/home/mihkel/School/ThesisPractical/rtabmap_ws/install/rtabmap/lib:${LD_LIBRARY_PATH} PATH=/home/mihkel/School/ThesisPractical/rtabmap_ws/install/rtabmap/bin:${PATH} PKG_CONFIG_PATH=/home/mihkel/School/ThesisPractical/rtabmap_ws/install/rtabmap_msgs/lib/x86_64-linux-gnu/pkgconfig:/home/mihkel/School/ThesisPractical/rtabmap_ws/install/rtabmap_msgs/lib/pkgconfig:/home/mihkel/School/ThesisPractical/rtabmap_ws/install/rtabmap/lib/x86_64-linux-gnu/pkgconfig:/home/mihkel/School/ThesisPractical/rtabmap_ws/install/rtabmap/lib/pkgconfig PYTHONPATH=/home/mihkel/School/ThesisPractical/rtabmap_ws/install/rtabmap_msgs/local/lib/python3.10/dist-packages:${PYTHONPATH} ROS_PACKAGE_PATH=/home/mihkel/School/ThesisPractical/rtabmap_ws/install/rtabmap_msgs/share /home/mihkel/.local/bin/cmake --build /home/mihkel/School/ThesisPractical/rtabmap_ws/build/rtabmap_conversions
[14.478s] Invoking command in '/home/mihkel/School/ThesisPractical/rtabmap_ws/build/rtabmap_conversions': CMAKE_PREFIX_PATH=/opt/ros/humble:/home/mihkel/School/ThesisPractical/rtabmap_ws/install/rtabmap_msgs:/home/mihkel/School/ThesisPractical/rtabmap_ws/install/rtabmap LD_LIBRARY_PATH=/home/mihkel/School/ThesisPractical/rtabmap_ws/install/rtabmap_msgs/lib:/home/mihkel/School/ThesisPractical/rtabmap_ws/install/rtabmap/lib:${LD_LIBRARY_PATH} PATH=/home/mihkel/School/ThesisPractical/rtabmap_ws/install/rtabmap/bin:${PATH} PKG_CONFIG_PATH=/home/mihkel/School/ThesisPractical/rtabmap_ws/install/rtabmap_msgs/lib/x86_64-linux-gnu/pkgconfig:/home/mihkel/School/ThesisPractical/rtabmap_ws/install/rtabmap_msgs/lib/pkgconfig:/home/mihkel/School/ThesisPractical/rtabmap_ws/install/rtabmap/lib/x86_64-linux-gnu/pkgconfig:/home/mihkel/School/ThesisPractical/rtabmap_ws/install/rtabmap/lib/pkgconfig PYTHONPATH=/home/mihkel/School/ThesisPractical/rtabmap_ws/install/rtabmap_msgs/local/lib/python3.10/dist-packages:${PYTHONPATH} ROS_PACKAGE_PATH=/home/mihkel/School/ThesisPractical/rtabmap_ws/install/rtabmap_msgs/share /home/mihkel/.local/bin/cmake --install /home/mihkel/School/ThesisPractical/rtabmap_ws/build/rtabmap_conversions
[14.573s] -- Install configuration: "Release"
[14.575s] -- Execute custom install script
[14.584s] -- Up-to-date symlink: /home/mihkel/School/ThesisPractical/rtabmap_ws/install/rtabmap_conversions/share/rtabmap_conversions/environment/library_path.sh
[14.585s] -- Up-to-date symlink: /home/mihkel/School/ThesisPractical/rtabmap_ws/install/rtabmap_conversions/share/rtabmap_conversions/environment/library_path.dsv
[14.586s] -- Up-to-date symlink: /home/mihkel/School/ThesisPractical/rtabmap_ws/install/rtabmap_conversions/share/ament_index/resource_index/package_run_dependencies/rtabmap_conversions
[14.587s] -- Up-to-date symlink: /home/mihkel/School/ThesisPractical/rtabmap_ws/install/rtabmap_conversions/share/ament_index/resource_index/parent_prefix_path/rtabmap_conversions
[14.588s] -- Up-to-date symlink: /home/mihkel/School/ThesisPractical/rtabmap_ws/install/rtabmap_conversions/share/rtabmap_conversions/environment/ament_prefix_path.sh
[14.589s] -- Up-to-date symlink: /home/mihkel/School/ThesisPractical/rtabmap_ws/install/rtabmap_conversions/share/rtabmap_conversions/environment/ament_prefix_path.dsv
[14.590s] -- Up-to-date symlink: /home/mihkel/School/ThesisPractical/rtabmap_ws/install/rtabmap_conversions/share/rtabmap_conversions/environment/path.sh
[14.590s] -- Up-to-date symlink: /home/mihkel/School/ThesisPractical/rtabmap_ws/install/rtabmap_conversions/share/rtabmap_conversions/environment/path.dsv
[14.591s] -- Up-to-date symlink: /home/mihkel/School/ThesisPractical/rtabmap_ws/install/rtabmap_conversions/share/rtabmap_conversions/local_setup.bash
[14.592s] -- Up-to-date symlink: /home/mihkel/School/ThesisPractical/rtabmap_ws/install/rtabmap_conversions/share/rtabmap_conversions/local_setup.sh
[14.593s] -- Up-to-date symlink: /home/mihkel/School/ThesisPractical/rtabmap_ws/install/rtabmap_conversions/share/rtabmap_conversions/local_setup.zsh
[14.594s] -- Up-to-date symlink: /home/mihkel/School/ThesisPractical/rtabmap_ws/install/rtabmap_conversions/share/rtabmap_conversions/local_setup.dsv
[14.594s] -- Symlinking: /home/mihkel/School/ThesisPractical/rtabmap_ws/install/rtabmap_conversions/share/rtabmap_conversions/package.dsv
[14.604s] -- Up-to-date symlink: /home/mihkel/School/ThesisPractical/rtabmap_ws/install/rtabmap_conversions/share/ament_index/resource_index/packages/rtabmap_conversions
[14.605s] -- Up-to-date symlink: /home/mihkel/School/ThesisPractical/rtabmap_ws/install/rtabmap_conversions/share/rtabmap_conversions/cmake/ament_cmake_export_dependencies-extras.cmake
[14.606s] -- Up-to-date symlink: /home/mihkel/School/ThesisPractical/rtabmap_ws/install/rtabmap_conversions/share/rtabmap_conversions/cmake/ament_cmake_export_include_directories-extras.cmake
[14.607s] -- Up-to-date symlink: /home/mihkel/School/ThesisPractical/rtabmap_ws/install/rtabmap_conversions/share/rtabmap_conversions/cmake/ament_cmake_export_targets-extras.cmake
[14.607s] -- Up-to-date symlink: /home/mihkel/School/ThesisPractical/rtabmap_ws/install/rtabmap_conversions/share/rtabmap_conversions/cmake/ament_cmake_export_libraries-extras.cmake
[14.608s] -- Up-to-date symlink: /home/mihkel/School/ThesisPractical/rtabmap_ws/install/rtabmap_conversions/share/rtabmap_conversions/cmake/rtabmap_conversionsConfig.cmake
[14.609s] -- Up-to-date symlink: /home/mihkel/School/ThesisPractical/rtabmap_ws/install/rtabmap_conversions/share/rtabmap_conversions/cmake/rtabmap_conversionsConfig-version.cmake
[14.610s] -- Up-to-date symlink: /home/mihkel/School/ThesisPractical/rtabmap_ws/install/rtabmap_conversions/share/rtabmap_conversions/package.xml
[14.611s] -- Up-to-date: /home/mihkel/School/ThesisPractical/rtabmap_ws/install/rtabmap_conversions/lib/librtabmap_conversions.so
[14.612s] -- Up-to-date: /home/mihkel/School/ThesisPractical/rtabmap_ws/install/rtabmap_conversions/include
[14.612s] -- Up-to-date: /home/mihkel/School/ThesisPractical/rtabmap_ws/install/rtabmap_conversions/include/rtabmap_conversions
[14.612s] -- Up-to-date: /home/mihkel/School/ThesisPractical/rtabmap_ws/install/rtabmap_conversions/include/rtabmap_conversions/MsgConversion.h
[14.613s] -- Up-to-date: /home/mihkel/School/ThesisPractical/rtabmap_ws/install/rtabmap_conversions/share/rtabmap_conversions/cmake/rtabmap_conversionsExport.cmake
[14.613s] -- Up-to-date: /home/mihkel/School/ThesisPractical/rtabmap_ws/install/rtabmap_conversions/share/rtabmap_conversions/cmake/rtabmap_conversionsExport-release.cmake
[14.631s] Invoked command in '/home/mihkel/School/ThesisPractical/rtabmap_ws/build/rtabmap_conversions' returned '0': CMAKE_PREFIX_PATH=/opt/ros/humble:/home/mihkel/School/ThesisPractical/rtabmap_ws/install/rtabmap_msgs:/home/mihkel/School/ThesisPractical/rtabmap_ws/install/rtabmap LD_LIBRARY_PATH=/home/mihkel/School/ThesisPractical/rtabmap_ws/install/rtabmap_msgs/lib:/home/mihkel/School/ThesisPractical/rtabmap_ws/install/rtabmap/lib:${LD_LIBRARY_PATH} PATH=/home/mihkel/School/ThesisPractical/rtabmap_ws/install/rtabmap/bin:${PATH} PKG_CONFIG_PATH=/home/mihkel/School/ThesisPractical/rtabmap_ws/install/rtabmap_msgs/lib/x86_64-linux-gnu/pkgconfig:/home/mihkel/School/ThesisPractical/rtabmap_ws/install/rtabmap_msgs/lib/pkgconfig:/home/mihkel/School/ThesisPractical/rtabmap_ws/install/rtabmap/lib/x86_64-linux-gnu/pkgconfig:/home/mihkel/School/ThesisPractical/rtabmap_ws/install/rtabmap/lib/pkgconfig PYTHONPATH=/home/mihkel/School/ThesisPractical/rtabmap_ws/install/rtabmap_msgs/local/lib/python3.10/dist-packages:${PYTHONPATH} ROS_PACKAGE_PATH=/home/mihkel/School/ThesisPractical/rtabmap_ws/install/rtabmap_msgs/share /home/mihkel/.local/bin/cmake --install /home/mihkel/School/ThesisPractical/rtabmap_ws/build/rtabmap_conversions
