[0.255s] Invoking command in '/home/mihkel/School/ThesisPractical/ros2_ws/build/depthimage_to_laserscan': CMAKE_PREFIX_PATH=${CMAKE_PREFIX_PATH}:/home/mihkel/School/ThesisPractical/ros2_ws/install/hospital_carrier:/opt/ros/humble /usr/bin/cmake --build /home/mihkel/School/ThesisPractical/ros2_ws/build/depthimage_to_laserscan -- -j12 -l12
[0.388s] [ 16%] Built target DepthImageToLaserScan
[0.389s] [ 33%] Built target gtest
[0.403s] [ 50%] Built target gtest_main
[0.482s] [ 83%] Built target DepthImageToLaserScanROS
[0.482s] [ 83%] Built target depthimage_to_laserscan-test
[0.546s] [100%] Built target depthimage_to_laserscan_node
[0.573s] Invoked command in '/home/mihkel/School/ThesisPractical/ros2_ws/build/depthimage_to_laserscan' returned '0': CMAKE_PREFIX_PATH=${CMAKE_PREFIX_PATH}:/home/mihkel/School/ThesisPractical/ros2_ws/install/hospital_carrier:/opt/ros/humble /usr/bin/cmake --build /home/mihkel/School/ThesisPractical/ros2_ws/build/depthimage_to_laserscan -- -j12 -l12
[0.683s] Invoking command in '/home/mihkel/School/ThesisPractical/ros2_ws/build/depthimage_to_laserscan': CMAKE_PREFIX_PATH=${CMAKE_PREFIX_PATH}:/home/mihkel/School/ThesisPractical/ros2_ws/install/hospital_carrier:/opt/ros/humble /usr/bin/cmake --install /home/mihkel/School/ThesisPractical/ros2_ws/build/depthimage_to_laserscan
[0.701s] -- Install configuration: ""
[0.702s] -- Up-to-date: /home/mihkel/School/ThesisPractical/ros2_ws/install/depthimage_to_laserscan/include/depthimage_to_laserscan
[0.702s] -- Up-to-date: /home/mihkel/School/ThesisPractical/ros2_ws/install/depthimage_to_laserscan/include/depthimage_to_laserscan/depthimage_to_laserscan
[0.702s] -- Up-to-date: /home/mihkel/School/ThesisPractical/ros2_ws/install/depthimage_to_laserscan/include/depthimage_to_laserscan/depthimage_to_laserscan/DepthImageToLaserScan.hpp
[0.703s] -- Up-to-date: /home/mihkel/School/ThesisPractical/ros2_ws/install/depthimage_to_laserscan/include/depthimage_to_laserscan/depthimage_to_laserscan/DepthImageToLaserScanROS.hpp
[0.703s] -- Up-to-date: /home/mihkel/School/ThesisPractical/ros2_ws/install/depthimage_to_laserscan/include/depthimage_to_laserscan/depthimage_to_laserscan/depth_traits.hpp
[0.703s] -- Up-to-date: /home/mihkel/School/ThesisPractical/ros2_ws/install/depthimage_to_laserscan/share/depthimage_to_laserscan//launch
[0.704s] -- Up-to-date: /home/mihkel/School/ThesisPractical/ros2_ws/install/depthimage_to_laserscan/share/depthimage_to_laserscan//launch/depthimage_to_laserscan-launch.py
[0.705s] -- Up-to-date: /home/mihkel/School/ThesisPractical/ros2_ws/install/depthimage_to_laserscan/share/depthimage_to_laserscan//launch/depthimage_to_laserscan_composed-launch.py
[0.705s] -- Up-to-date: /home/mihkel/School/ThesisPractical/ros2_ws/install/depthimage_to_laserscan/share/depthimage_to_laserscan//cfg
[0.706s] -- Up-to-date: /home/mihkel/School/ThesisPractical/ros2_ws/install/depthimage_to_laserscan/share/depthimage_to_laserscan//cfg/param.yaml
[0.707s] -- Up-to-date: /home/mihkel/School/ThesisPractical/ros2_ws/install/depthimage_to_laserscan/lib/libDepthImageToLaserScan.so
[0.707s] -- Up-to-date: /home/mihkel/School/ThesisPractical/ros2_ws/install/depthimage_to_laserscan/lib/libDepthImageToLaserScanROS.so
[0.707s] -- Up-to-date: /home/mihkel/School/ThesisPractical/ros2_ws/install/depthimage_to_laserscan/lib/depthimage_to_laserscan/depthimage_to_laserscan_node
[0.708s] -- Up-to-date: /home/mihkel/School/ThesisPractical/ros2_ws/install/depthimage_to_laserscan/include/depthimage_to_laserscan/depthimage_to_laserscan/DepthImageToLaserScan_export.h
[0.708s] -- Up-to-date: /home/mihkel/School/ThesisPractical/ros2_ws/install/depthimage_to_laserscan/include/depthimage_to_laserscan/depthimage_to_laserscan/DepthImageToLaserScanROS_export.h
[0.708s] -- Up-to-date: /home/mihkel/School/ThesisPractical/ros2_ws/install/depthimage_to_laserscan/share/depthimage_to_laserscan/environment/library_path.sh
[0.709s] -- Up-to-date: /home/mihkel/School/ThesisPractical/ros2_ws/install/depthimage_to_laserscan/share/depthimage_to_laserscan/environment/library_path.dsv
[0.709s] -- Up-to-date: /home/mihkel/School/ThesisPractical/ros2_ws/install/depthimage_to_laserscan/share/ament_index/resource_index/package_run_dependencies/depthimage_to_laserscan
[0.709s] -- Up-to-date: /home/mihkel/School/ThesisPractical/ros2_ws/install/depthimage_to_laserscan/share/ament_index/resource_index/parent_prefix_path/depthimage_to_laserscan
[0.709s] -- Up-to-date: /home/mihkel/School/ThesisPractical/ros2_ws/install/depthimage_to_laserscan/share/depthimage_to_laserscan/environment/ament_prefix_path.sh
[0.709s] -- Up-to-date: /home/mihkel/School/ThesisPractical/ros2_ws/install/depthimage_to_laserscan/share/depthimage_to_laserscan/environment/ament_prefix_path.dsv
[0.710s] -- Up-to-date: /home/mihkel/School/ThesisPractical/ros2_ws/install/depthimage_to_laserscan/share/depthimage_to_laserscan/environment/path.sh
[0.710s] -- Up-to-date: /home/mihkel/School/ThesisPractical/ros2_ws/install/depthimage_to_laserscan/share/depthimage_to_laserscan/environment/path.dsv
[0.710s] -- Up-to-date: /home/mihkel/School/ThesisPractical/ros2_ws/install/depthimage_to_laserscan/share/depthimage_to_laserscan/local_setup.bash
[0.711s] -- Up-to-date: /home/mihkel/School/ThesisPractical/ros2_ws/install/depthimage_to_laserscan/share/depthimage_to_laserscan/local_setup.sh
[0.712s] -- Up-to-date: /home/mihkel/School/ThesisPractical/ros2_ws/install/depthimage_to_laserscan/share/depthimage_to_laserscan/local_setup.zsh
[0.713s] -- Up-to-date: /home/mihkel/School/ThesisPractical/ros2_ws/install/depthimage_to_laserscan/share/depthimage_to_laserscan/local_setup.dsv
[0.713s] -- Installing: /home/mihkel/School/ThesisPractical/ros2_ws/install/depthimage_to_laserscan/share/depthimage_to_laserscan/package.dsv
[0.713s] -- Up-to-date: /home/mihkel/School/ThesisPractical/ros2_ws/install/depthimage_to_laserscan/share/ament_index/resource_index/packages/depthimage_to_laserscan
[0.714s] -- Up-to-date: /home/mihkel/School/ThesisPractical/ros2_ws/install/depthimage_to_laserscan/share/ament_index/resource_index/rclcpp_components/depthimage_to_laserscan
[0.714s] -- Up-to-date: /home/mihkel/School/ThesisPractical/ros2_ws/install/depthimage_to_laserscan/share/depthimage_to_laserscan/cmake/export_depthimage_to_laserscanExport.cmake
[0.714s] -- Up-to-date: /home/mihkel/School/ThesisPractical/ros2_ws/install/depthimage_to_laserscan/share/depthimage_to_laserscan/cmake/export_depthimage_to_laserscanExport-noconfig.cmake
[0.714s] -- Up-to-date: /home/mihkel/School/ThesisPractical/ros2_ws/install/depthimage_to_laserscan/share/depthimage_to_laserscan/cmake/ament_cmake_export_include_directories-extras.cmake
[0.715s] -- Up-to-date: /home/mihkel/School/ThesisPractical/ros2_ws/install/depthimage_to_laserscan/share/depthimage_to_laserscan/cmake/ament_cmake_export_libraries-extras.cmake
[0.715s] -- Up-to-date: /home/mihkel/School/ThesisPractical/ros2_ws/install/depthimage_to_laserscan/share/depthimage_to_laserscan/cmake/ament_cmake_export_targets-extras.cmake
[0.715s] -- Up-to-date: /home/mihkel/School/ThesisPractical/ros2_ws/install/depthimage_to_laserscan/share/depthimage_to_laserscan/cmake/ament_cmake_export_dependencies-extras.cmake
[0.715s] -- Up-to-date: /home/mihkel/School/ThesisPractical/ros2_ws/install/depthimage_to_laserscan/share/depthimage_to_laserscan/cmake/depthimage_to_laserscanConfig.cmake
[0.715s] -- Up-to-date: /home/mihkel/School/ThesisPractical/ros2_ws/install/depthimage_to_laserscan/share/depthimage_to_laserscan/cmake/depthimage_to_laserscanConfig-version.cmake
[0.716s] -- Up-to-date: /home/mihkel/School/ThesisPractical/ros2_ws/install/depthimage_to_laserscan/share/depthimage_to_laserscan/package.xml
[0.716s] Invoked command in '/home/mihkel/School/ThesisPractical/ros2_ws/build/depthimage_to_laserscan' returned '0': CMAKE_PREFIX_PATH=${CMAKE_PREFIX_PATH}:/home/mihkel/School/ThesisPractical/ros2_ws/install/hospital_carrier:/opt/ros/humble /usr/bin/cmake --install /home/mihkel/School/ThesisPractical/ros2_ws/build/depthimage_to_laserscan
