[3.044s] Invoking command in '/home/mihkel/School/ThesisPractical/rtabmap_ws/build/rtabmap_python': PYTHONPATH=/home/mihkel/School/ThesisPractical/rtabmap_ws/build/rtabmap_python/prefix_override:/home/mihkel/School/ThesisPractical/rtabmap_ws/install/rtabmap_python/lib/python3.10/site-packages:${PYTHONPATH} /usr/bin/python3 setup.py develop --editable --build-directory /home/mihkel/School/ThesisPractical/rtabmap_ws/build/rtabmap_python/build --no-deps install_data
[4.247s] running develop
[4.991s] running egg_info
[4.991s] creating rtabmap_python.egg-info
[4.991s] writing rtabmap_python.egg-info/PKG-INFO
[4.992s] writing dependency_links to rtabmap_python.egg-info/dependency_links.txt
[4.992s] writing entry points to rtabmap_python.egg-info/entry_points.txt
[4.993s] writing requirements to rtabmap_python.egg-info/requires.txt
[4.993s] writing top-level names to rtabmap_python.egg-info/top_level.txt
[4.994s] writing manifest file 'rtabmap_python.egg-info/SOURCES.txt'
[4.998s] reading manifest file 'rtabmap_python.egg-info/SOURCES.txt'
[5.000s] writing manifest file 'rtabmap_python.egg-info/SOURCES.txt'
[5.004s] running build_ext
[5.004s] Creating /home/mihkel/School/ThesisPractical/rtabmap_ws/install/rtabmap_python/lib/python3.10/site-packages/rtabmap-python.egg-link (link to .)
[5.006s] 
[5.007s] Installed /home/mihkel/School/ThesisPractical/rtabmap_ws/build/rtabmap_python
[5.007s] running install_data
[5.007s] creating /home/mihkel/School/ThesisPractical/rtabmap_ws/install/rtabmap_python/share/ament_index
[5.008s] creating /home/mihkel/School/ThesisPractical/rtabmap_ws/install/rtabmap_python/share/ament_index/resource_index
[5.008s] creating /home/mihkel/School/ThesisPractical/rtabmap_ws/install/rtabmap_python/share/ament_index/resource_index/packages
[5.008s] copying resource/rtabmap_python -> /home/mihkel/School/ThesisPractical/rtabmap_ws/install/rtabmap_python/share/ament_index/resource_index/packages
[5.008s] copying package.xml -> /home/mihkel/School/ThesisPractical/rtabmap_ws/install/rtabmap_python/share/rtabmap_python
[5.092s] Invoked command in '/home/mihkel/School/ThesisPractical/rtabmap_ws/build/rtabmap_python' returned '0': PYTHONPATH=/home/mihkel/School/ThesisPractical/rtabmap_ws/build/rtabmap_python/prefix_override:/home/mihkel/School/ThesisPractical/rtabmap_ws/install/rtabmap_python/lib/python3.10/site-packages:${PYTHONPATH} /usr/bin/python3 setup.py develop --editable --build-directory /home/mihkel/School/ThesisPractical/rtabmap_ws/build/rtabmap_python/build --no-deps install_data
