[0.169s] Invoking command in '/home/mihkel/School/ThesisPractical/realsense_ws/build/realsense2_description': AMENT_PREFIX_PATH=/home/mihkel/School/ThesisPractical/realsense_ws/install/realsense2_camera_msgs:${AMENT_PREFIX_PATH} CMAKE_PREFIX_PATH=/home/mihkel/School/ThesisPractical/realsense_ws/install/realsense2_camera_msgs:/opt/ros/humble LD_LIBRARY_PATH=/home/mihkel/School/ThesisPractical/realsense_ws/install/realsense2_camera_msgs/lib:${LD_LIBRARY_PATH} PYTHONPATH=/home/mihkel/School/ThesisPractical/realsense_ws/install/realsense2_camera_msgs/local/lib/python3.10/dist-packages:${PYTHONPATH} /usr/bin/cmake /home/mihkel/School/ThesisPractical/realsense_ws/src/realsense-ros/realsense2_description -DCMAKE_INSTALL_PREFIX=/home/mihkel/School/ThesisPractical/realsense_ws/install/realsense2_description
[0.294s] -- The C compiler identification is GNU 11.4.0
[0.432s] -- The CXX compiler identification is GNU 11.4.0
[0.451s] -- Detecting C compiler ABI info
[0.606s] -- Detecting C compiler ABI info - done
[0.646s] -- Check for working C compiler: /usr/bin/cc - skipped
[0.647s] -- Detecting C compile features
[0.648s] -- Detecting C compile features - done
[0.655s] -- Detecting CXX compiler ABI info
[0.841s] -- Detecting CXX compiler ABI info - done
[0.863s] -- Check for working CXX compiler: /usr/bin/c++ - skipped
[0.864s] -- Detecting CXX compile features
[0.865s] -- Detecting CXX compile features - done
[0.871s] -- Found ament_cmake: 1.3.6 (/opt/ros/humble/share/ament_cmake/cmake)
[1.325s] -- Found Python3: /usr/bin/python3.10 (found version "3.10.12") found components: Interpreter 
[1.728s] -- Configuring done
[1.735s] -- Generating done
[1.737s] -- Build files have been written to: /home/mihkel/School/ThesisPractical/realsense_ws/build/realsense2_description
[1.746s] Invoked command in '/home/mihkel/School/ThesisPractical/realsense_ws/build/realsense2_description' returned '0': AMENT_PREFIX_PATH=/home/mihkel/School/ThesisPractical/realsense_ws/install/realsense2_camera_msgs:${AMENT_PREFIX_PATH} CMAKE_PREFIX_PATH=/home/mihkel/School/ThesisPractical/realsense_ws/install/realsense2_camera_msgs:/opt/ros/humble LD_LIBRARY_PATH=/home/mihkel/School/ThesisPractical/realsense_ws/install/realsense2_camera_msgs/lib:${LD_LIBRARY_PATH} PYTHONPATH=/home/mihkel/School/ThesisPractical/realsense_ws/install/realsense2_camera_msgs/local/lib/python3.10/dist-packages:${PYTHONPATH} /usr/bin/cmake /home/mihkel/School/ThesisPractical/realsense_ws/src/realsense-ros/realsense2_description -DCMAKE_INSTALL_PREFIX=/home/mihkel/School/ThesisPractical/realsense_ws/install/realsense2_description
[1.749s] Invoking command in '/home/mihkel/School/ThesisPractical/realsense_ws/build/realsense2_description': AMENT_PREFIX_PATH=/home/mihkel/School/ThesisPractical/realsense_ws/install/realsense2_camera_msgs:${AMENT_PREFIX_PATH} CMAKE_PREFIX_PATH=/home/mihkel/School/ThesisPractical/realsense_ws/install/realsense2_camera_msgs:/opt/ros/humble LD_LIBRARY_PATH=/home/mihkel/School/ThesisPractical/realsense_ws/install/realsense2_camera_msgs/lib:${LD_LIBRARY_PATH} PYTHONPATH=/home/mihkel/School/ThesisPractical/realsense_ws/install/realsense2_camera_msgs/local/lib/python3.10/dist-packages:${PYTHONPATH} /usr/bin/cmake --build /home/mihkel/School/ThesisPractical/realsense_ws/build/realsense2_description -- -j12 -l12
[1.841s] Invoked command in '/home/mihkel/School/ThesisPractical/realsense_ws/build/realsense2_description' returned '0': AMENT_PREFIX_PATH=/home/mihkel/School/ThesisPractical/realsense_ws/install/realsense2_camera_msgs:${AMENT_PREFIX_PATH} CMAKE_PREFIX_PATH=/home/mihkel/School/ThesisPractical/realsense_ws/install/realsense2_camera_msgs:/opt/ros/humble LD_LIBRARY_PATH=/home/mihkel/School/ThesisPractical/realsense_ws/install/realsense2_camera_msgs/lib:${LD_LIBRARY_PATH} PYTHONPATH=/home/mihkel/School/ThesisPractical/realsense_ws/install/realsense2_camera_msgs/local/lib/python3.10/dist-packages:${PYTHONPATH} /usr/bin/cmake --build /home/mihkel/School/ThesisPractical/realsense_ws/build/realsense2_description -- -j12 -l12
[1.893s] Invoking command in '/home/mihkel/School/ThesisPractical/realsense_ws/build/realsense2_description': AMENT_PREFIX_PATH=/home/mihkel/School/ThesisPractical/realsense_ws/install/realsense2_camera_msgs:${AMENT_PREFIX_PATH} CMAKE_PREFIX_PATH=/home/mihkel/School/ThesisPractical/realsense_ws/install/realsense2_camera_msgs:/opt/ros/humble LD_LIBRARY_PATH=/home/mihkel/School/ThesisPractical/realsense_ws/install/realsense2_camera_msgs/lib:${LD_LIBRARY_PATH} PYTHONPATH=/home/mihkel/School/ThesisPractical/realsense_ws/install/realsense2_camera_msgs/local/lib/python3.10/dist-packages:${PYTHONPATH} /usr/bin/cmake --install /home/mihkel/School/ThesisPractical/realsense_ws/build/realsense2_description
[1.912s] -- Install configuration: ""
[1.913s] -- Installing: /home/mihkel/School/ThesisPractical/realsense_ws/install/realsense2_description/share/realsense2_description/launch
[1.914s] -- Installing: /home/mihkel/School/ThesisPractical/realsense_ws/install/realsense2_description/share/realsense2_description/launch/launch_utils.py
[1.914s] -- Installing: /home/mihkel/School/ThesisPractical/realsense_ws/install/realsense2_description/share/realsense2_description/launch/view_model.launch.py
[1.914s] -- Installing: /home/mihkel/School/ThesisPractical/realsense_ws/install/realsense2_description/share/realsense2_description/meshes
[1.914s] -- Installing: /home/mihkel/School/ThesisPractical/realsense_ws/install/realsense2_description/share/realsense2_description/meshes/d455.stl
[1.921s] -- Installing: /home/mihkel/School/ThesisPractical/realsense_ws/install/realsense2_description/share/realsense2_description/meshes/d435.dae
[1.961s] -- Installing: /home/mihkel/School/ThesisPractical/realsense_ws/install/realsense2_description/share/realsense2_description/meshes/plug.stl
[1.962s] -- Installing: /home/mihkel/School/ThesisPractical/realsense_ws/install/realsense2_description/share/realsense2_description/meshes/d405.stl
[1.962s] -- Installing: /home/mihkel/School/ThesisPractical/realsense_ws/install/realsense2_description/share/realsense2_description/meshes/l515.dae
[2.046s] -- Installing: /home/mihkel/School/ThesisPractical/realsense_ws/install/realsense2_description/share/realsense2_description/meshes/d415.stl
[2.099s] -- Installing: /home/mihkel/School/ThesisPractical/realsense_ws/install/realsense2_description/share/realsense2_description/meshes/plug_collision.stl
[2.100s] -- Installing: /home/mihkel/School/ThesisPractical/realsense_ws/install/realsense2_description/share/realsense2_description/rviz
[2.100s] -- Installing: /home/mihkel/School/ThesisPractical/realsense_ws/install/realsense2_description/share/realsense2_description/rviz/urdf.rviz
[2.101s] -- Installing: /home/mihkel/School/ThesisPractical/realsense_ws/install/realsense2_description/share/realsense2_description/urdf
[2.101s] -- Installing: /home/mihkel/School/ThesisPractical/realsense_ws/install/realsense2_description/share/realsense2_description/urdf/_usb_plug.urdf.xacro
[2.101s] -- Installing: /home/mihkel/School/ThesisPractical/realsense_ws/install/realsense2_description/share/realsense2_description/urdf/test_d435_multiple_cameras.urdf.xacro
[2.101s] -- Installing: /home/mihkel/School/ThesisPractical/realsense_ws/install/realsense2_description/share/realsense2_description/urdf/test_r410_camera.urdf.xacro
[2.102s] -- Installing: /home/mihkel/School/ThesisPractical/realsense_ws/install/realsense2_description/share/realsense2_description/urdf/_d435i.urdf.xacro
[2.102s] -- Installing: /home/mihkel/School/ThesisPractical/realsense_ws/install/realsense2_description/share/realsense2_description/urdf/_r410.urdf.xacro
[2.102s] -- Installing: /home/mihkel/School/ThesisPractical/realsense_ws/install/realsense2_description/share/realsense2_description/urdf/_d435i_imu_modules.urdf.xacro
[2.103s] -- Installing: /home/mihkel/School/ThesisPractical/realsense_ws/install/realsense2_description/share/realsense2_description/urdf/test_d405_camera.urdf.xacro
[2.103s] -- Installing: /home/mihkel/School/ThesisPractical/realsense_ws/install/realsense2_description/share/realsense2_description/urdf/_materials.urdf.xacro
[2.103s] -- Installing: /home/mihkel/School/ThesisPractical/realsense_ws/install/realsense2_description/share/realsense2_description/urdf/_d415.urdf.xacro
[2.103s] -- Installing: /home/mihkel/School/ThesisPractical/realsense_ws/install/realsense2_description/share/realsense2_description/urdf/test_d435_camera.urdf.xacro
[2.104s] -- Installing: /home/mihkel/School/ThesisPractical/realsense_ws/install/realsense2_description/share/realsense2_description/urdf/_d405.urdf.xacro
[2.104s] -- Installing: /home/mihkel/School/ThesisPractical/realsense_ws/install/realsense2_description/share/realsense2_description/urdf/test_r430_camera.urdf.xacro
[2.104s] -- Installing: /home/mihkel/School/ThesisPractical/realsense_ws/install/realsense2_description/share/realsense2_description/urdf/test_d415_camera.urdf.xacro
[2.104s] -- Installing: /home/mihkel/School/ThesisPractical/realsense_ws/install/realsense2_description/share/realsense2_description/urdf/_d455.urdf.xacro
[2.104s] -- Installing: /home/mihkel/School/ThesisPractical/realsense_ws/install/realsense2_description/share/realsense2_description/urdf/test_d455_camera.urdf.xacro
[2.105s] -- Installing: /home/mihkel/School/ThesisPractical/realsense_ws/install/realsense2_description/share/realsense2_description/urdf/_r430.urdf.xacro
[2.105s] -- Installing: /home/mihkel/School/ThesisPractical/realsense_ws/install/realsense2_description/share/realsense2_description/urdf/test_d435i_camera.urdf.xacro
[2.105s] -- Installing: /home/mihkel/School/ThesisPractical/realsense_ws/install/realsense2_description/share/realsense2_description/urdf/_d435.urdf.xacro
[2.106s] -- Installing: /home/mihkel/School/ThesisPractical/realsense_ws/install/realsense2_description/share/ament_index/resource_index/package_run_dependencies/realsense2_description
[2.106s] -- Installing: /home/mihkel/School/ThesisPractical/realsense_ws/install/realsense2_description/share/ament_index/resource_index/parent_prefix_path/realsense2_description
[2.106s] -- Installing: /home/mihkel/School/ThesisPractical/realsense_ws/install/realsense2_description/share/realsense2_description/environment/ament_prefix_path.sh
[2.106s] -- Installing: /home/mihkel/School/ThesisPractical/realsense_ws/install/realsense2_description/share/realsense2_description/environment/ament_prefix_path.dsv
[2.107s] -- Installing: /home/mihkel/School/ThesisPractical/realsense_ws/install/realsense2_description/share/realsense2_description/environment/path.sh
[2.107s] -- Installing: /home/mihkel/School/ThesisPractical/realsense_ws/install/realsense2_description/share/realsense2_description/environment/path.dsv
[2.107s] -- Installing: /home/mihkel/School/ThesisPractical/realsense_ws/install/realsense2_description/share/realsense2_description/local_setup.bash
[2.108s] -- Installing: /home/mihkel/School/ThesisPractical/realsense_ws/install/realsense2_description/share/realsense2_description/local_setup.sh
[2.108s] -- Installing: /home/mihkel/School/ThesisPractical/realsense_ws/install/realsense2_description/share/realsense2_description/local_setup.zsh
[2.108s] -- Installing: /home/mihkel/School/ThesisPractical/realsense_ws/install/realsense2_description/share/realsense2_description/local_setup.dsv
[2.109s] -- Installing: /home/mihkel/School/ThesisPractical/realsense_ws/install/realsense2_description/share/realsense2_description/package.dsv
[2.109s] -- Installing: /home/mihkel/School/ThesisPractical/realsense_ws/install/realsense2_description/share/ament_index/resource_index/packages/realsense2_description
[2.109s] -- Installing: /home/mihkel/School/ThesisPractical/realsense_ws/install/realsense2_description/share/realsense2_description/cmake/realsense2_descriptionConfig.cmake
[2.110s] -- Installing: /home/mihkel/School/ThesisPractical/realsense_ws/install/realsense2_description/share/realsense2_description/cmake/realsense2_descriptionConfig-version.cmake
[2.110s] -- Installing: /home/mihkel/School/ThesisPractical/realsense_ws/install/realsense2_description/share/realsense2_description/package.xml
[2.115s] Invoked command in '/home/mihkel/School/ThesisPractical/realsense_ws/build/realsense2_description' returned '0': AMENT_PREFIX_PATH=/home/mihkel/School/ThesisPractical/realsense_ws/install/realsense2_camera_msgs:${AMENT_PREFIX_PATH} CMAKE_PREFIX_PATH=/home/mihkel/School/ThesisPractical/realsense_ws/install/realsense2_camera_msgs:/opt/ros/humble LD_LIBRARY_PATH=/home/mihkel/School/ThesisPractical/realsense_ws/install/realsense2_camera_msgs/lib:${LD_LIBRARY_PATH} PYTHONPATH=/home/mihkel/School/ThesisPractical/realsense_ws/install/realsense2_camera_msgs/local/lib/python3.10/dist-packages:${PYTHONPATH} /usr/bin/cmake --install /home/mihkel/School/ThesisPractical/realsense_ws/build/realsense2_description
