/home/mihkel/School/ThesisPractical/myros_ws/install/py_srvcli/lib/python3.10/site-packages/semantic_rules/publisher_member_function.py
/home/mihkel/School/ThesisPractical/myros_ws/install/py_srvcli/lib/python3.10/site-packages/semantic_rules/detection_costmap_rule.py
/home/mihkel/School/ThesisPractical/myros_ws/install/py_srvcli/lib/python3.10/site-packages/semantic_rules/__init__.py
/home/mihkel/School/ThesisPractical/myros_ws/install/py_srvcli/lib/python3.10/site-packages/py_srvcli/client_member_function.py
/home/mihkel/School/ThesisPractical/myros_ws/install/py_srvcli/lib/python3.10/site-packages/py_srvcli/service_member_function.py
/home/mihkel/School/ThesisPractical/myros_ws/install/py_srvcli/lib/python3.10/site-packages/py_srvcli/__init__.py
/home/mihkel/School/ThesisPractical/myros_ws/install/py_srvcli/lib/python3.10/site-packages/py_pubsub/subscriber_member_function.py
/home/mihkel/School/ThesisPractical/myros_ws/install/py_srvcli/lib/python3.10/site-packages/py_pubsub/publisher_member_function.py
/home/mihkel/School/ThesisPractical/myros_ws/install/py_srvcli/lib/python3.10/site-packages/py_pubsub/__init__.py
/home/mihkel/School/ThesisPractical/myros_ws/install/py_srvcli/lib/python3.10/site-packages/semantic_rules/__pycache__/publisher_member_function.cpython-310.pyc
/home/mihkel/School/ThesisPractical/myros_ws/install/py_srvcli/lib/python3.10/site-packages/semantic_rules/__pycache__/detection_costmap_rule.cpython-310.pyc
/home/mihkel/School/ThesisPractical/myros_ws/install/py_srvcli/lib/python3.10/site-packages/semantic_rules/__pycache__/__init__.cpython-310.pyc
/home/mihkel/School/ThesisPractical/myros_ws/install/py_srvcli/lib/python3.10/site-packages/py_srvcli/__pycache__/client_member_function.cpython-310.pyc
/home/mihkel/School/ThesisPractical/myros_ws/install/py_srvcli/lib/python3.10/site-packages/py_srvcli/__pycache__/service_member_function.cpython-310.pyc
/home/mihkel/School/ThesisPractical/myros_ws/install/py_srvcli/lib/python3.10/site-packages/py_srvcli/__pycache__/__init__.cpython-310.pyc
/home/mihkel/School/ThesisPractical/myros_ws/install/py_srvcli/lib/python3.10/site-packages/py_pubsub/__pycache__/subscriber_member_function.cpython-310.pyc
/home/mihkel/School/ThesisPractical/myros_ws/install/py_srvcli/lib/python3.10/site-packages/py_pubsub/__pycache__/publisher_member_function.cpython-310.pyc
/home/mihkel/School/ThesisPractical/myros_ws/install/py_srvcli/lib/python3.10/site-packages/py_pubsub/__pycache__/__init__.cpython-310.pyc
/home/mihkel/School/ThesisPractical/myros_ws/install/py_srvcli/share/ament_index/resource_index/packages/py_srvcli
/home/mihkel/School/ThesisPractical/myros_ws/install/py_srvcli/share/py_srvcli/package.xml
/home/mihkel/School/ThesisPractical/myros_ws/install/py_srvcli/lib/python3.10/site-packages/py_srvcli-0.0.0-py3.10.egg-info/requires.txt
/home/mihkel/School/ThesisPractical/myros_ws/install/py_srvcli/lib/python3.10/site-packages/py_srvcli-0.0.0-py3.10.egg-info/top_level.txt
/home/mihkel/School/ThesisPractical/myros_ws/install/py_srvcli/lib/python3.10/site-packages/py_srvcli-0.0.0-py3.10.egg-info/PKG-INFO
/home/mihkel/School/ThesisPractical/myros_ws/install/py_srvcli/lib/python3.10/site-packages/py_srvcli-0.0.0-py3.10.egg-info/SOURCES.txt
/home/mihkel/School/ThesisPractical/myros_ws/install/py_srvcli/lib/python3.10/site-packages/py_srvcli-0.0.0-py3.10.egg-info/entry_points.txt
/home/mihkel/School/ThesisPractical/myros_ws/install/py_srvcli/lib/python3.10/site-packages/py_srvcli-0.0.0-py3.10.egg-info/dependency_links.txt
/home/mihkel/School/ThesisPractical/myros_ws/install/py_srvcli/lib/python3.10/site-packages/py_srvcli-0.0.0-py3.10.egg-info/zip-safe
/home/mihkel/School/ThesisPractical/myros_ws/install/py_srvcli/lib/py_srvcli/client
/home/mihkel/School/ThesisPractical/myros_ws/install/py_srvcli/lib/py_srvcli/service
