[0.159s] Invoking command in '/home/mihkel/School/ThesisPractical/rtabmap_ws/build/rtabmap_rviz_plugins': AMENT_PREFIX_PATH=/home/mihkel/School/ThesisPractical/rtabmap_ws/install/rtabmap_conversions:${AMENT_PREFIX_PATH} CMAKE_PREFIX_PATH=/home/mihkel/School/ThesisPractical/rtabmap_ws/install/rtabmap_conversions:/opt/ros/humble:/home/mihkel/School/ThesisPractical/rtabmap_ws/install/rtabmap_msgs:/home/mihkel/School/ThesisPractical/rtabmap_ws/install/rtabmap LD_LIBRARY_PATH=/home/mihkel/School/ThesisPractical/rtabmap_ws/install/rtabmap_conversions/lib:/home/mihkel/School/ThesisPractical/rtabmap_ws/install/rtabmap_msgs/lib:/home/mihkel/School/ThesisPractical/rtabmap_ws/install/rtabmap/lib:${LD_LIBRARY_PATH} PATH=/home/mihkel/School/ThesisPractical/rtabmap_ws/install/rtabmap/bin:${PATH} PKG_CONFIG_PATH=/home/mihkel/School/ThesisPractical/rtabmap_ws/install/rtabmap_msgs/lib/x86_64-linux-gnu/pkgconfig:/home/mihkel/School/ThesisPractical/rtabmap_ws/install/rtabmap_msgs/lib/pkgconfig:/home/mihkel/School/ThesisPractical/rtabmap_ws/install/rtabmap/lib/x86_64-linux-gnu/pkgconfig:/home/mihkel/School/ThesisPractical/rtabmap_ws/install/rtabmap/lib/pkgconfig PYTHONPATH=/home/mihkel/School/ThesisPractical/rtabmap_ws/install/rtabmap_msgs/local/lib/python3.10/dist-packages:${PYTHONPATH} ROS_PACKAGE_PATH=/home/mihkel/School/ThesisPractical/rtabmap_ws/install/rtabmap_msgs/share /home/mihkel/.local/bin/cmake /home/mihkel/School/ThesisPractical/rtabmap_ws/src/rtabmap_ros/rtabmap_rviz_plugins -DCMAKE_BUILD_TYPE=Release -DAMENT_CMAKE_SYMLINK_INSTALL=1 -DCMAKE_INSTALL_PREFIX=/home/mihkel/School/ThesisPractical/rtabmap_ws/install/rtabmap_rviz_plugins
[0.336s] -- The C compiler identification is GNU 11.4.0
[0.477s] -- The CXX compiler identification is GNU 11.4.0
[0.513s] -- Detecting C compiler ABI info
[0.654s] -- Detecting C compiler ABI info - done
[0.686s] -- Check for working C compiler: /usr/bin/cc - skipped
[0.687s] -- Detecting C compile features
[0.688s] -- Detecting C compile features - done
[0.709s] -- Detecting CXX compiler ABI info
[0.881s] -- Detecting CXX compiler ABI info - done
[0.915s] -- Check for working CXX compiler: /usr/bin/c++ - skipped
[0.916s] -- Detecting CXX compile features
[0.918s] -- Detecting CXX compile features - done
[0.931s] -- Found ament_cmake_ros: 0.10.0 (/opt/ros/humble/share/ament_cmake_ros/cmake)
[3.951s] -- Found Python3: /usr/bin/python3.10 (found version "3.10.12") found components: Interpreter 
[4.125s] -- Override CMake install command with custom implementation using symlinks instead of copying resources
[4.219s] -- Found pcl_conversions: 2.4.0 (/opt/ros/humble/share/pcl_conversions/cmake)
[4.384s] -- Found rosidl_generator_c: 3.1.5 (/opt/ros/humble/share/rosidl_generator_c/cmake)
[4.401s] -- Found rosidl_adapter: 3.1.5 (/opt/ros/humble/share/rosidl_adapter/cmake)
[4.432s] -- Found rosidl_generator_cpp: 3.1.5 (/opt/ros/humble/share/rosidl_generator_cpp/cmake)
[4.483s] -- Using all available rosidl_typesupport_c: rosidl_typesupport_fastrtps_c;rosidl_typesupport_introspection_c
[4.555s] -- Using all available rosidl_typesupport_cpp: rosidl_typesupport_fastrtps_cpp;rosidl_typesupport_introspection_cpp
[4.810s] -- Found rmw_implementation_cmake: 6.1.1 (/opt/ros/humble/share/rmw_implementation_cmake/cmake)
[4.819s] -- Found rmw_fastrtps_cpp: 6.2.5 (/opt/ros/humble/share/rmw_fastrtps_cpp/cmake)
[5.101s] -- Found OpenSSL: /usr/lib/x86_64-linux-gnu/libcrypto.so (found version "3.0.2")  
[5.191s] -- Found FastRTPS: /opt/ros/humble/include  
[5.330s] -- Using RMW implementation 'rmw_fastrtps_cpp' as default
[5.362s] -- Performing Test CMAKE_HAVE_LIBC_PTHREAD
[5.508s] -- Performing Test CMAKE_HAVE_LIBC_PTHREAD - Success
[5.511s] -- Found Threads: TRUE  
[7.117s] -- Found pluginlib: 5.1.0 (/opt/ros/humble/share/pluginlib/cmake)
[7.197s] -- Found rviz_common: 11.2.9 (/opt/ros/humble/share/rviz_common/cmake)
[7.271s] -- Setting OGRE_DIR to: '/opt/ros/humble/share/rviz_ogre_vendor/cmake/../../../opt/rviz_ogre_vendor/lib/OGRE/cmake'
[7.276s] -- Found OGRE
[7.277s] --   static     : OFF
[7.277s] --   components : HLMS;MeshLodGenerator;Overlay;Paging;Property;RTShaderSystem;Terrain;Volume
[7.277s] --   plugins    : Plugin_BSPSceneManager;Plugin_OctreeSceneManager;Plugin_PCZSceneManager;Plugin_ParticleFX;RenderSystem_GL;RenderSystem_GL3Plus;Codec_STBI
[7.277s] --   media      : /opt/ros/humble/opt/rviz_ogre_vendor/share/OGRE/Media
[7.278s] -- OGRE_LIBRARIES: OgreHLMS;OgreMeshLodGenerator;OgreOverlay;OgrePaging;OgreProperty;OgreRTShaderSystem;OgreTerrain;OgreVolume;OgreMain
[7.278s] -- OGRE_LIBRARY_DIRS: /opt/ros/humble/opt/rviz_ogre_vendor/lib
[7.278s] -- OGRE_PLUGINS: Plugin_BSPSceneManager;Plugin_OctreeSceneManager;Plugin_PCZSceneManager;Plugin_ParticleFX;RenderSystem_GL;RenderSystem_GL3Plus;Codec_STBI
[7.278s] -- OGRE_PLUGIN_DIR: /opt/ros/humble/opt/rviz_ogre_vendor/lib/OGRE
[7.278s] -- rviz_ogre_vendor::OgreOverlay for IMPORTED_LOCATION_RELEASE: /opt/ros/humble/opt/rviz_ogre_vendor/lib/libOgreOverlay.so
[7.279s] -- rviz_ogre_vendor::OgreOverlay for IMPORTED_LOCATION_DEBUG: /opt/ros/humble/opt/rviz_ogre_vendor/lib/libOgreOverlay.so
[7.279s] -- rviz_ogre_vendor::OgreMain for IMPORTED_LOCATION_RELEASE: /opt/ros/humble/opt/rviz_ogre_vendor/lib/libOgreMain.so
[7.279s] -- rviz_ogre_vendor::OgreMain for IMPORTED_LOCATION_DEBUG: /opt/ros/humble/opt/rviz_ogre_vendor/lib/libOgreMain.so
[7.402s] -- Found ZLIB: /usr/lib/x86_64-linux-gnu/libz.so (found version "1.2.11")  
[7.435s] -- Found OpenGL: /usr/lib/x86_64-linux-gnu/libOpenGL.so   
[7.830s] -- Found X11: /usr/include   
[7.830s] -- Looking for XOpenDisplay in /usr/lib/x86_64-linux-gnu/libX11.so;/usr/lib/x86_64-linux-gnu/libXext.so
[7.976s] -- Looking for XOpenDisplay in /usr/lib/x86_64-linux-gnu/libX11.so;/usr/lib/x86_64-linux-gnu/libXext.so - found
[7.976s] -- Looking for gethostbyname
[8.112s] -- Looking for gethostbyname - found
[8.112s] -- Looking for connect
[8.246s] -- Looking for connect - found
[8.247s] -- Looking for remove
[8.382s] -- Looking for remove - found
[8.382s] -- Looking for shmat
[8.516s] -- Looking for shmat - found
[8.517s] -- Looking for IceConnectionNumber in ICE
[8.654s] -- Looking for IceConnectionNumber in ICE - found
[8.662s] -- rviz_ogre_vendor::RenderSystem_GL for IMPORTED_LOCATION_RELEASE: _render_system_gl_static_library_abs-NOTFOUND
[8.662s] -- rviz_ogre_vendor::RenderSystem_GL for IMPORTED_LOCATION_DEBUG: _render_system_gl_static_library_abs-NOTFOUND
[8.875s] -- library: /usr/lib/x86_64-linux-gnu/libcurl.so
[9.055s] -- Found Eigen3: TRUE (found version "3.4.0") 
[9.055s] -- Ensuring Eigen3 include directory is part of orocos-kdl CMake target
[10.424s] -- Found rviz_default_plugins: 11.2.9 (/opt/ros/humble/share/rviz_default_plugins/cmake)
[12.470s] -- Found rtabmap_conversions: 0.21.3 (/home/mihkel/School/ThesisPractical/rtabmap_ws/install/rtabmap_conversions/share/rtabmap_conversions/cmake)
[13.486s] [33mCMake Warning (dev) at /usr/lib/x86_64-linux-gnu/cmake/pcl/PCLConfig.cmake:146 (find_package):
[13.487s]   Policy CMP0144 is not set: find_package uses upper-case <PACKAGENAME>_ROOT
[13.487s]   variables.  Run "cmake --help-policy CMP0144" for policy details.  Use the
[13.487s]   cmake_policy command to set the policy and suppress this warning.
[13.487s] 
[13.487s]   CMake variable EIGEN_ROOT is set to:
[13.487s] 
[13.488s]     /usr/include/eigen3
[13.488s] 
[13.488s]   For compatibility, find_package is ignoring the variable, but code in a
[13.488s]   .cmake module might still use it.
[13.488s] Call Stack (most recent call first):
[13.488s]   /usr/lib/x86_64-linux-gnu/cmake/pcl/PCLConfig.cmake:299 (find_eigen)
[13.489s]   /usr/lib/x86_64-linux-gnu/cmake/pcl/PCLConfig.cmake:543 (find_external_library)
[13.489s]   /home/mihkel/.local/lib/python3.10/site-packages/cmake/data/share/cmake-3.28/Modules/CMakeFindDependencyMacro.cmake:76 (find_package)
[13.489s]   /home/mihkel/School/ThesisPractical/rtabmap_ws/install/rtabmap/lib/rtabmap-0.21/RTABMapConfig.cmake:7 (find_dependency)
[13.489s]   /home/mihkel/School/ThesisPractical/rtabmap_ws/install/rtabmap_conversions/share/rtabmap_conversions/cmake/ament_cmake_export_dependencies-extras.cmake:21 (find_package)
[13.489s]   /home/mihkel/School/ThesisPractical/rtabmap_ws/install/rtabmap_conversions/share/rtabmap_conversions/cmake/rtabmap_conversionsConfig.cmake:41 (include)
[13.490s]   CMakeLists.txt:18 (find_package)
[13.490s] This warning is for project developers.  Use -Wno-dev to suppress it.
[13.490s] [0m
[13.491s] -- Checking for module 'eigen3'
[13.519s] --   Found eigen3, version 3.4.0
[13.583s] -- Found Eigen: /usr/include/eigen3 (Required is at least version "3.1") 
[13.583s] -- Eigen found (include: /usr/include/eigen3, version: 3.4.0)
[13.769s] -- Checking for module 'libusb-1.0'
[13.797s] --   Found libusb-1.0, version 1.0.25
[13.865s] -- Found libusb: /usr/lib/x86_64-linux-gnu/libusb-1.0.so  
[13.869s] -- OpenNI found (version: 1.5.4.0, include: /usr/include/ni, lib: /usr/lib/libOpenNI.so;libusb::libusb)
[13.986s] -- OpenNI2 found (version: 2.2.0.33, include: /usr/include/openni2, lib: /usr/lib/x86_64-linux-gnu/libOpenNI2.so;libusb::libusb)
[15.385s] -- Eigen found (include: /usr/include/eigen3, version: 3.4.0)
[15.387s] [33mCMake Warning (dev) at /usr/lib/x86_64-linux-gnu/cmake/pcl/Modules/FindFLANN.cmake:44 (find_package):
[15.387s]   Policy CMP0144 is not set: find_package uses upper-case <PACKAGENAME>_ROOT
[15.387s]   variables.  Run "cmake --help-policy CMP0144" for policy details.  Use the
[15.387s]   cmake_policy command to set the policy and suppress this warning.
[15.387s] 
[15.388s]   CMake variable FLANN_ROOT is set to:
[15.388s] 
[15.388s]     /usr
[15.388s] 
[15.388s]   For compatibility, find_package is ignoring the variable, but code in a
[15.388s]   .cmake module might still use it.
[15.389s] Call Stack (most recent call first):
[15.389s]   /usr/lib/x86_64-linux-gnu/cmake/pcl/PCLConfig.cmake:256 (find_package)
[15.389s]   /usr/lib/x86_64-linux-gnu/cmake/pcl/PCLConfig.cmake:301 (find_flann)
[15.389s]   /usr/lib/x86_64-linux-gnu/cmake/pcl/PCLConfig.cmake:543 (find_external_library)
[15.389s]   /home/mihkel/.local/lib/python3.10/site-packages/cmake/data/share/cmake-3.28/Modules/CMakeFindDependencyMacro.cmake:76 (find_package)
[15.390s]   /home/mihkel/School/ThesisPractical/rtabmap_ws/install/rtabmap/lib/rtabmap-0.21/RTABMapConfig.cmake:7 (find_dependency)
[15.390s]   /home/mihkel/School/ThesisPractical/rtabmap_ws/install/rtabmap_conversions/share/rtabmap_conversions/cmake/ament_cmake_export_dependencies-extras.cmake:21 (find_package)
[15.390s]   /home/mihkel/School/ThesisPractical/rtabmap_ws/install/rtabmap_conversions/share/rtabmap_conversions/cmake/rtabmap_conversionsConfig.cmake:41 (include)
[15.390s]   CMakeLists.txt:18 (find_package)
[15.390s] This warning is for project developers.  Use -Wno-dev to suppress it.
[15.390s] [0m
[15.427s] -- Checking for module 'flann'
[15.457s] --   Found flann, version 1.9.1
[15.556s] -- Found FLANN: /usr/lib/x86_64-linux-gnu/libflann_cpp.so  
[15.557s] -- FLANN found (include: /usr/include, lib: /usr/lib/x86_64-linux-gnu/libflann_cpp.so)
[15.567s] -- Found Qhull version 8.0.2
[19.046s] -- OpenNI found (version: 1.5.4.0, include: /usr/include/ni, lib: /usr/lib/libOpenNI.so;libusb::libusb)
[19.093s] -- OpenNI2 found (version: 2.2.0.33, include: /usr/include/openni2, lib: /usr/lib/x86_64-linux-gnu/libOpenNI2.so;libusb::libusb)
[21.491s] -- Found PCL_COMMON: /usr/lib/x86_64-linux-gnu/libpcl_common.so  
[21.499s] -- Found PCL_OCTREE: /usr/lib/x86_64-linux-gnu/libpcl_octree.so  
[21.508s] -- Found PCL_IO: /usr/lib/x86_64-linux-gnu/libpcl_io.so  
[21.516s] -- Found PCL_KDTREE: /usr/lib/x86_64-linux-gnu/libpcl_kdtree.so  
[21.524s] -- Found PCL_SEARCH: /usr/lib/x86_64-linux-gnu/libpcl_search.so  
[21.531s] -- Found PCL_SURFACE: /usr/lib/x86_64-linux-gnu/libpcl_surface.so  
[21.539s] -- Found PCL_FILTERS: /usr/lib/x86_64-linux-gnu/libpcl_filters.so  
[21.543s] -- Found PCL_2D: /usr/include/pcl-1.12  
[21.551s] -- Found PCL_FEATURES: /usr/lib/x86_64-linux-gnu/libpcl_features.so  
[21.559s] -- Found PCL_REGISTRATION: /usr/lib/x86_64-linux-gnu/libpcl_registration.so  
[21.567s] -- Found PCL_SAMPLE_CONSENSUS: /usr/lib/x86_64-linux-gnu/libpcl_sample_consensus.so  
[21.570s] -- Found PCL_GEOMETRY: /usr/include/pcl-1.12  
[21.578s] -- Found PCL_ML: /usr/lib/x86_64-linux-gnu/libpcl_ml.so  
[21.585s] -- Found PCL_SEGMENTATION: /usr/lib/x86_64-linux-gnu/libpcl_segmentation.so  
[21.595s] -- Found PCL_VISUALIZATION: /usr/lib/x86_64-linux-gnu/libpcl_visualization.so  
[21.722s] -- rtabmap_conversions=opencv_calib3d;opencv_dnn;opencv_features2d;opencv_flann;opencv_highgui;opencv_ml;opencv_objdetect;opencv_photo;opencv_stitching;opencv_video;opencv_videoio;opencv_alphamat;opencv_aruco;opencv_barcode;opencv_bgsegm;opencv_bioinspired;opencv_ccalib;opencv_datasets;opencv_dnn_objdetect;opencv_dnn_superres;opencv_dpm;opencv_face;opencv_freetype;opencv_fuzzy;opencv_hdf;opencv_hfs;opencv_img_hash;opencv_intensity_transform;opencv_line_descriptor;opencv_mcc;opencv_optflow;opencv_phase_unwrapping;opencv_plot;opencv_quality;opencv_rapid;opencv_reg;opencv_rgbd;opencv_saliency;opencv_shape;opencv_stereo;opencv_structured_light;opencv_superres;opencv_surface_matching;opencv_text;opencv_tracking;opencv_videostab;opencv_viz;opencv_wechat_qrcode;opencv_ximgproc;opencv_xobjdetect;opencv_xphoto;/opt/ros/humble/lib/libsensor_msgs__rosidl_generator_c.so;builtin_interfaces::builtin_interfaces__rosidl_generator_c;geometry_msgs::geometry_msgs__rosidl_generator_c;std_msgs::std_msgs__rosidl_generator_c;rcutils::rcutils;/opt/ros/humble/lib/libsensor_msgs__rosidl_typesupport_fastrtps_c.so;rosidl_typesupport_fastrtps_c::rosidl_typesupport_fastrtps_c;builtin_interfaces::builtin_interfaces__rosidl_typesupport_fastrtps_c;geometry_msgs::geometry_msgs__rosidl_typesupport_fastrtps_c;std_msgs::std_msgs__rosidl_typesupport_fastrtps_c;builtin_interfaces::builtin_interfaces__rosidl_generator_cpp;geometry_msgs::geometry_msgs__rosidl_generator_cpp;std_msgs::std_msgs__rosidl_generator_cpp;/opt/ros/humble/lib/libsensor_msgs__rosidl_typesupport_fastrtps_cpp.so;fastcdr;rmw::rmw;rosidl_runtime_cpp::rosidl_runtime_cpp;rosidl_typesupport_fastrtps_cpp::rosidl_typesupport_fastrtps_cpp;builtin_interfaces::builtin_interfaces__rosidl_typesupport_fastrtps_cpp;geometry_msgs::geometry_msgs__rosidl_typesupport_fastrtps_cpp;std_msgs::std_msgs__rosidl_typesupport_fastrtps_cpp;/opt/ros/humble/lib/libsensor_msgs__rosidl_typesupport_introspection_c.so;rosidl_typesupport_introspection_c::rosidl_typesupport_introspection_c;builtin_interfaces::builtin_interfaces__rosidl_typesupport_introspection_c;geometry_msgs::geometry_msgs__rosidl_typesupport_introspection_c;std_msgs::std_msgs__rosidl_typesupport_introspection_c;/opt/ros/humble/lib/libsensor_msgs__rosidl_typesupport_c.so;builtin_interfaces::builtin_interfaces__rosidl_typesupport_c;geometry_msgs::geometry_msgs__rosidl_typesupport_c;std_msgs::std_msgs__rosidl_typesupport_c;/opt/ros/humble/lib/libsensor_msgs__rosidl_typesupport_introspection_cpp.so;rosidl_runtime_c::rosidl_runtime_c;rosidl_typesupport_interface::rosidl_typesupport_interface;rosidl_typesupport_introspection_cpp::rosidl_typesupport_introspection_cpp;builtin_interfaces::builtin_interfaces__rosidl_typesupport_introspection_cpp;geometry_msgs::geometry_msgs__rosidl_typesupport_introspection_cpp;std_msgs::std_msgs__rosidl_typesupport_introspection_cpp;/opt/ros/humble/lib/libsensor_msgs__rosidl_typesupport_cpp.so;builtin_interfaces::builtin_interfaces__rosidl_typesupport_cpp;geometry_msgs::geometry_msgs__rosidl_typesupport_cpp;std_msgs::std_msgs__rosidl_typesupport_cpp;/opt/ros/humble/lib/libsensor_msgs__rosidl_generator_py.so;/usr/lib/x86_64-linux-gnu/libpython3.10.so;builtin_interfaces::builtin_interfaces__rosidl_generator_py;geometry_msgs::geometry_msgs__rosidl_generator_py;std_msgs::std_msgs__rosidl_generator_py;/opt/ros/humble/lib/libcv_bridge.so;sensor_msgs::sensor_msgs__rosidl_generator_c;sensor_msgs::sensor_msgs__rosidl_typesupport_fastrtps_c;sensor_msgs::sensor_msgs__rosidl_generator_cpp;sensor_msgs::sensor_msgs__rosidl_typesupport_fastrtps_cpp;sensor_msgs::sensor_msgs__rosidl_typesupport_introspection_c;sensor_msgs::sensor_msgs__rosidl_typesupport_c;sensor_msgs::sensor_msgs__rosidl_typesupport_introspection_cpp;sensor_msgs::sensor_msgs__rosidl_typesupport_cpp;sensor_msgs::sensor_msgs__rosidl_generator_py;sensor_msgs::sensor_msgs_library;opencv_core;opencv_imgproc;opencv_imgcodecs;opencv_calib3d;opencv_dnn;opencv_features2d;opencv_flann;opencv_highgui;opencv_ml;opencv_objdetect;opencv_photo;opencv_stitching;opencv_video;opencv_videoio;opencv_alphamat;opencv_aruco;opencv_barcode;opencv_bgsegm;opencv_bioinspired;opencv_ccalib;opencv_datasets;opencv_dnn_objdetect;opencv_dnn_superres;opencv_dpm;opencv_face;opencv_freetype;opencv_fuzzy;opencv_hdf;opencv_hfs;opencv_img_hash;opencv_intensity_transform;opencv_line_descriptor;opencv_mcc;opencv_optflow;opencv_phase_unwrapping;opencv_plot;opencv_quality;opencv_rapid;opencv_reg;opencv_rgbd;opencv_saliency;opencv_shape;opencv_stereo;opencv_structured_light;opencv_superres;opencv_surface_matching;opencv_text;opencv_tracking;opencv_videostab;opencv_viz;opencv_wechat_qrcode;opencv_ximgproc;opencv_xobjdetect;opencv_xphoto;/opt/ros/humble/lib/libsensor_msgs__rosidl_generator_c.so;/opt/ros/humble/lib/libsensor_msgs__rosidl_typesupport_fastrtps_c.so;geometry_msgs::geometry_msgs__rosidl_typesupport_fastrtps_c;/opt/ros/humble/lib/libsensor_msgs__rosidl_typesupport_fastrtps_cpp.so;geometry_msgs::geometry_msgs__rosidl_typesupport_fastrtps_cpp;/opt/ros/humble/lib/libsensor_msgs__rosidl_typesupport_introspection_c.so;geometry_msgs::geometry_msgs__rosidl_typesupport_introspection_c;/opt/ros/humble/lib/libsensor_msgs__rosidl_typesupport_c.so;/opt/ros/humble/lib/libsensor_msgs__rosidl_typesupport_introspection_cpp.so;geometry_msgs::geometry_msgs__rosidl_typesupport_introspection_cpp;/opt/ros/humble/lib/libsensor_msgs__rosidl_typesupport_cpp.so;geometry_msgs::geometry_msgs__rosidl_typesupport_cpp;/opt/ros/humble/lib/libsensor_msgs__rosidl_generator_py.so;geometry_msgs::geometry_msgs__rosidl_generator_py;/opt/ros/humble/lib/libcv_bridge.so;sensor_msgs::sensor_msgs__rosidl_generator_c;sensor_msgs::sensor_msgs__rosidl_typesupport_fastrtps_c;sensor_msgs::sensor_msgs__rosidl_generator_cpp;sensor_msgs::sensor_msgs__rosidl_typesupport_fastrtps_cpp;sensor_msgs::sensor_msgs__rosidl_typesupport_introspection_c;sensor_msgs::sensor_msgs__rosidl_typesupport_c;sensor_msgs::sensor_msgs__rosidl_typesupport_introspection_cpp;sensor_msgs::sensor_msgs__rosidl_typesupport_cpp;sensor_msgs::sensor_msgs__rosidl_generator_py;sensor_msgs::sensor_msgs_library;opencv_core;opencv_imgproc;opencv_imgcodecs;/opt/ros/humble/lib/libgeometry_msgs__rosidl_generator_c.so;std_msgs::std_msgs__rosidl_generator_c;builtin_interfaces::builtin_interfaces__rosidl_generator_c;rcutils::rcutils;/opt/ros/humble/lib/libgeometry_msgs__rosidl_typesupport_fastrtps_c.so;rosidl_typesupport_fastrtps_c::rosidl_typesupport_fastrtps_c;std_msgs::std_msgs__rosidl_typesupport_fastrtps_c;builtin_interfaces::builtin_interfaces__rosidl_typesupport_fastrtps_c;/opt/ros/humble/lib/libgeometry_msgs__rosidl_typesupport_introspection_c.so;rosidl_typesupport_introspection_c::rosidl_typesupport_introspection_c;std_msgs::std_msgs__rosidl_typesupport_introspection_c;builtin_interfaces::builtin_interfaces__rosidl_typesupport_introspection_c;/opt/ros/humble/lib/libgeometry_msgs__rosidl_typesupport_c.so;std_msgs::std_msgs__rosidl_typesupport_c;builtin_interfaces::builtin_interfaces__rosidl_typesupport_c;std_msgs::std_msgs__rosidl_generator_cpp;builtin_interfaces::builtin_interfaces__rosidl_generator_cpp;/opt/ros/humble/lib/libgeometry_msgs__rosidl_typesupport_fastrtps_cpp.so;fastcdr;rmw::rmw;rosidl_runtime_cpp::rosidl_runtime_cpp;rosidl_typesupport_fastrtps_cpp::rosidl_typesupport_fastrtps_cpp;std_msgs::std_msgs__rosidl_typesupport_fastrtps_cpp;builtin_interfaces::builtin_interfaces__rosidl_typesupport_fastrtps_cpp;/opt/ros/humble/lib/libgeometry_msgs__rosidl_typesupport_introspection_cpp.so;rosidl_runtime_c::rosidl_runtime_c;rosidl_typesupport_interface::rosidl_typesupport_interface;rosidl_typesupport_introspection_cpp::rosidl_typesupport_introspection_cpp;std_msgs::std_msgs__rosidl_typesupport_introspection_cpp;builtin_interfaces::builtin_interfaces__rosidl_typesupport_introspection_cpp;/opt/ros/humble/lib/libgeometry_msgs__rosidl_typesupport_cpp.so;geometry_msgs::geometry_msgs__rosidl_generator_cpp;std_msgs::std_msgs__rosidl_typesupport_cpp;builtin_interfaces::builtin_interfaces__rosidl_typesupport_cpp;/opt/ros/humble/lib/libgeometry_msgs__rosidl_generator_py.so;geometry_msgs::geometry_msgs__rosidl_generator_c;/usr/lib/x86_64-linux-gnu/libpython3.10.so;geometry_msgs::geometry_msgs__rosidl_typesupport_c;std_msgs::std_msgs__rosidl_generator_py;builtin_interfaces::builtin_interfaces__rosidl_generator_py;opencv_dnn;opencv_features2d;opencv_flann;opencv_imgcodecs;opencv_ml;opencv_objdetect;opencv_photo;opencv_stitching;opencv_video;opencv_videoio;opencv_alphamat;opencv_aruco;opencv_barcode;opencv_bgsegm;opencv_bioinspired;opencv_ccalib;opencv_datasets;opencv_dnn_objdetect;opencv_dnn_superres;opencv_dpm;opencv_face;opencv_freetype;opencv_fuzzy;opencv_hdf;opencv_hfs;opencv_img_hash;opencv_intensity_transform;opencv_line_descriptor;opencv_mcc;opencv_optflow;opencv_phase_unwrapping;opencv_plot;opencv_quality;opencv_rapid;opencv_reg;opencv_rgbd;opencv_saliency;opencv_shape;opencv_stereo;opencv_structured_light;opencv_superres;opencv_surface_matching;opencv_text;opencv_tracking;opencv_videostab;opencv_viz;opencv_wechat_qrcode;opencv_ximgproc;opencv_xobjdetect;opencv_xphoto;/opt/ros/humble/lib/libsensor_msgs__rosidl_generator_c.so;builtin_interfaces::builtin_interfaces__rosidl_generator_c;geometry_msgs::geometry_msgs__rosidl_generator_c;std_msgs::std_msgs__rosidl_generator_c;rcutils::rcutils;/opt/ros/humble/lib/libsensor_msgs__rosidl_typesupport_fastrtps_c.so;rosidl_typesupport_fastrtps_c::rosidl_typesupport_fastrtps_c;builtin_interfaces::builtin_interfaces__rosidl_typesupport_fastrtps_c;geometry_msgs::geometry_msgs__rosidl_typesupport_fastrtps_c;std_msgs::std_msgs__rosidl_typesupport_fastrtps_c;builtin_interfaces::builtin_interfaces__rosidl_generator_cpp;geometry_msgs::geometry_msgs__rosidl_generator_cpp;std_msgs::std_msgs__rosidl_generator_cpp;/opt/ros/humble/lib/libsensor_msgs__rosidl_typesupport_fastrtps_cpp.so;fastcdr;rmw::rmw;rosidl_runtime_cpp::rosidl_runtime_cpp;rosidl_typesupport_fastrtps_cpp::rosidl_typesupport_fastrtps_cpp;builtin_interfaces::builtin_interfaces__rosidl_typesupport_fastrtps_cpp;geometry_msgs::geometry_msgs__rosidl_typesupport_fastrtps_cpp;std_msgs::std_msgs__rosidl_typesupport_fastrtps_cpp;/opt/ros/humble/lib/libsensor_msgs__rosidl_typesupport_introspection_c.so;rosidl_typesupport_introspection_c::rosidl_typesupport_introspection_c;builtin_interfaces::builtin_interfaces__rosidl_typesupport_introspection_c;geometry_msgs::geometry_msgs__rosidl_typesupport_introspection_c;std_msgs::std_msgs__rosidl_typesupport_introspection_c;/opt/ros/humble/lib/libsensor_msgs__rosidl_typesupport_c.so;builtin_interfaces::builtin_interfaces__rosidl_typesupport_c;geometry_msgs::geometry_msgs__rosidl_typesupport_c;std_msgs::std_msgs__rosidl_typesupport_c;/opt/ros/humble/lib/libsensor_msgs__rosidl_typesupport_introspection_cpp.so;rosidl_runtime_c::rosidl_runtime_c;rosidl_typesupport_interface::rosidl_typesupport_interface;rosidl_typesupport_introspection_cpp::rosidl_typesupport_introspection_cpp;builtin_interfaces::builtin_interfaces__rosidl_typesupport_introspection_cpp;geometry_msgs::geometry_msgs__rosidl_typesupport_introspection_cpp;std_msgs::std_msgs__rosidl_typesupport_introspection_cpp;/opt/ros/humble/lib/libsensor_msgs__rosidl_typesupport_cpp.so;builtin_interfaces::builtin_interfaces__rosidl_typesupport_cpp;geometry_msgs::geometry_msgs__rosidl_typesupport_cpp;std_msgs::std_msgs__rosidl_typesupport_cpp;/opt/ros/humble/lib/libsensor_msgs__rosidl_generator_py.so;/usr/lib/x86_64-linux-gnu/libpython3.10.so;builtin_interfaces::builtin_interfaces__rosidl_generator_py;geometry_msgs::geometry_msgs__rosidl_generator_py;std_msgs::std_msgs__rosidl_generator_py;/opt/ros/humble/lib/libimage_geometry.so;opencv_calib3d;opencv_core;opencv_highgui;opencv_imgproc;sensor_msgs::sensor_msgs__rosidl_generator_c;sensor_msgs::sensor_msgs__rosidl_typesupport_fastrtps_c;sensor_msgs::sensor_msgs__rosidl_generator_cpp;sensor_msgs::sensor_msgs__rosidl_typesupport_fastrtps_cpp;sensor_msgs::sensor_msgs__rosidl_typesupport_introspection_c;sensor_msgs::sensor_msgs__rosidl_typesupport_c;sensor_msgs::sensor_msgs__rosidl_typesupport_introspection_cpp;sensor_msgs::sensor_msgs__rosidl_typesupport_cpp;sensor_msgs::sensor_msgs__rosidl_generator_py;sensor_msgs::sensor_msgs_library;opencv_dnn;opencv_features2d;opencv_flann;opencv_imgcodecs;opencv_ml;opencv_objdetect;opencv_photo;opencv_stitching;opencv_video;opencv_videoio;opencv_alphamat;opencv_aruco;opencv_barcode;opencv_bgsegm;opencv_bioinspired;opencv_ccalib;opencv_datasets;opencv_dnn_objdetect;opencv_dnn_superres;opencv_dpm;opencv_face;opencv_freetype;opencv_fuzzy;opencv_hdf;opencv_hfs;opencv_img_hash;opencv_intensity_transform;opencv_line_descriptor;opencv_mcc;opencv_optflow;opencv_phase_unwrapping;opencv_plot;opencv_quality;opencv_rapid;opencv_reg;opencv_rgbd;opencv_saliency;opencv_shape;opencv_stereo;opencv_structured_light;opencv_superres;opencv_surface_matching;opencv_text;opencv_tracking;opencv_videostab;opencv_viz;opencv_wechat_qrcode;opencv_ximgproc;opencv_xobjdetect;opencv_xphoto;/opt/ros/humble/lib/libsensor_msgs__rosidl_generator_c.so;builtin_interfaces::builtin_interfaces__rosidl_generator_c;geometry_msgs::geometry_msgs__rosidl_generator_c;std_msgs::std_msgs__rosidl_generator_c;rcutils::rcutils;/opt/ros/humble/lib/libsensor_msgs__rosidl_typesupport_fastrtps_c.so;rosidl_typesupport_fastrtps_c::rosidl_typesupport_fastrtps_c;builtin_interfaces::builtin_interfaces__rosidl_typesupport_fastrtps_c;geometry_msgs::geometry_msgs__rosidl_typesupport_fastrtps_c;std_msgs::std_msgs__rosidl_typesupport_fastrtps_c;builtin_interfaces::builtin_interfaces__rosidl_generator_cpp;geometry_msgs::geometry_msgs__rosidl_generator_cpp;std_msgs::std_msgs__rosidl_generator_cpp;/opt/ros/humble/lib/libsensor_msgs__rosidl_typesupport_fastrtps_cpp.so;fastcdr;rmw::rmw;rosidl_runtime_cpp::rosidl_runtime_cpp;rosidl_typesupport_fastrtps_cpp::rosidl_typesupport_fastrtps_cpp;builtin_interfaces::builtin_interfaces__rosidl_typesupport_fastrtps_cpp;geometry_msgs::geometry_msgs__rosidl_typesupport_fastrtps_cpp;std_msgs::std_msgs__rosidl_typesupport_fastrtps_cpp;/opt/ros/humble/lib/libsensor_msgs__rosidl_typesupport_introspection_c.so;rosidl_typesupport_introspection_c::rosidl_typesupport_introspection_c;builtin_interfaces::builtin_interfaces__rosidl_typesupport_introspection_c;geometry_msgs::geometry_msgs__rosidl_typesupport_introspection_c;std_msgs::std_msgs__rosidl_typesupport_introspection_c;/opt/ros/humble/lib/libsensor_msgs__rosidl_typesupport_c.so;builtin_interfaces::builtin_interfaces__rosidl_typesupport_c;geometry_msgs::geometry_msgs__rosidl_typesupport_c;std_msgs::std_msgs__rosidl_typesupport_c;/opt/ros/humble/lib/libsensor_msgs__rosidl_typesupport_introspection_cpp.so;rosidl_runtime_c::rosidl_runtime_c;rosidl_typesupport_interface::rosidl_typesupport_interface;rosidl_typesupport_introspection_cpp::rosidl_typesupport_introspection_cpp;builtin_interfaces::builtin_interfaces__rosidl_typesupport_introspection_cpp;geometry_msgs::geometry_msgs__rosidl_typesupport_introspection_cpp;std_msgs::std_msgs__rosidl_typesupport_introspection_cpp;/opt/ros/humble/lib/libsensor_msgs__rosidl_typesupport_cpp.so;builtin_interfaces::builtin_interfaces__rosidl_typesupport_cpp;geometry_msgs::geometry_msgs__rosidl_typesupport_cpp;std_msgs::std_msgs__rosidl_typesupport_cpp;/opt/ros/humble/lib/libsensor_msgs__rosidl_generator_py.so;/usr/lib/x86_64-linux-gnu/libpython3.10.so;builtin_interfaces::builtin_interfaces__rosidl_generator_py;geometry_msgs::geometry_msgs__rosidl_generator_py;std_msgs::std_msgs__rosidl_generator_py;/opt/ros/humble/lib/libimage_geometry.so;opencv_calib3d;opencv_core;opencv_highgui;opencv_imgproc;/opt/ros/humble/lib/liblaser_geometry.so;rclcpp::rclcpp;sensor_msgs::sensor_msgs__rosidl_generator_c;sensor_msgs::sensor_msgs__rosidl_typesupport_fastrtps_c;sensor_msgs::sensor_msgs__rosidl_generator_cpp;sensor_msgs::sensor_msgs__rosidl_typesupport_fastrtps_cpp;sensor_msgs::sensor_msgs__rosidl_typesupport_introspection_c;sensor_msgs::sensor_msgs__rosidl_typesupport_c;sensor_msgs::sensor_msgs__rosidl_typesupport_introspection_cpp;sensor_msgs::sensor_msgs__rosidl_typesupport_cpp;sensor_msgs::sensor_msgs__rosidl_generator_py;sensor_msgs::sensor_msgs_library;tf2::tf2;opencv_dnn;opencv_features2d;opencv_flann;opencv_imgcodecs;opencv_ml;opencv_objdetect;opencv_photo;opencv_stitching;opencv_video;opencv_videoio;opencv_alphamat;opencv_aruco;opencv_barcode;opencv_bgsegm;opencv_bioinspired;opencv_ccalib;opencv_datasets;opencv_dnn_objdetect;opencv_dnn_superres;opencv_dpm;opencv_face;opencv_freetype;opencv_fuzzy;opencv_hdf;opencv_hfs;opencv_img_hash;opencv_intensity_transform;opencv_line_descriptor;opencv_mcc;opencv_optflow;opencv_phase_unwrapping;opencv_plot;opencv_quality;opencv_rapid;opencv_reg;opencv_rgbd;opencv_saliency;opencv_shape;opencv_stereo;opencv_structured_light;opencv_superres;opencv_surface_matching;opencv_text;opencv_tracking;opencv_videostab;opencv_viz;opencv_wechat_qrcode;opencv_ximgproc;opencv_xobjdetect;opencv_xphoto;/opt/ros/humble/lib/libimage_geometry.so;opencv_calib3d;opencv_core;opencv_highgui;opencv_imgproc;/opt/ros/humble/lib/liblaser_geometry.so;sensor_msgs::sensor_msgs_library;tf2::tf2;/opt/ros/humble/lib/libbuiltin_interfaces__rosidl_generator_c.so;/opt/ros/humble/lib/libbuiltin_interfaces__rosidl_typesupport_fastrtps_c.so;/opt/ros/humble/lib/libbuiltin_interfaces__rosidl_typesupport_introspection_c.so;/opt/ros/humble/lib/libbuiltin_interfaces__rosidl_typesupport_c.so;/opt/ros/humble/lib/libbuiltin_interfaces__rosidl_typesupport_fastrtps_cpp.so;/opt/ros/humble/lib/libbuiltin_interfaces__rosidl_typesupport_introspection_cpp.so;/opt/ros/humble/lib/libbuiltin_interfaces__rosidl_typesupport_cpp.so;/opt/ros/humble/lib/libbuiltin_interfaces__rosidl_generator_py.so;/opt/ros/humble/lib/librosgraph_msgs__rosidl_generator_c.so;/opt/ros/humble/lib/librosgraph_msgs__rosidl_typesupport_fastrtps_c.so;/opt/ros/humble/lib/librosgraph_msgs__rosidl_typesupport_fastrtps_cpp.so;/opt/ros/humble/lib/librosgraph_msgs__rosidl_typesupport_introspection_c.so;/opt/ros/humble/lib/librosgraph_msgs__rosidl_typesupport_c.so;/opt/ros/humble/lib/librosgraph_msgs__rosidl_typesupport_introspection_cpp.so;/opt/ros/humble/lib/librosgraph_msgs__rosidl_typesupport_cpp.so;/opt/ros/humble/lib/librosgraph_msgs__rosidl_generator_py.so;/opt/ros/humble/lib/librcl_yaml_param_parser.so;yaml;/opt/ros/humble/lib/libstatistics_msgs__rosidl_generator_c.so;/opt/ros/humble/lib/libstatistics_msgs__rosidl_typesupport_fastrtps_c.so;/opt/ros/humble/lib/libstatistics_msgs__rosidl_typesupport_fastrtps_cpp.so;/opt/ros/humble/lib/libstatistics_msgs__rosidl_typesupport_introspection_c.so;/opt/ros/humble/lib/libstatistics_msgs__rosidl_typesupport_c.so;/opt/ros/humble/lib/libstatistics_msgs__rosidl_typesupport_introspection_cpp.so;/opt/ros/humble/lib/libstatistics_msgs__rosidl_typesupport_cpp.so;/opt/ros/humble/lib/libstatistics_msgs__rosidl_generator_py.so;/opt/ros/humble/lib/libtracetools.so;/opt/ros/humble/lib/libmessage_filters.so;rclcpp::rclcpp;/opt/ros/humble/lib/libgeometry_msgs__rosidl_generator_c.so;/opt/ros/humble/lib/libgeometry_msgs__rosidl_typesupport_fastrtps_c.so;/opt/ros/humble/lib/libgeometry_msgs__rosidl_typesupport_introspection_c.so;/opt/ros/humble/lib/libgeometry_msgs__rosidl_typesupport_c.so;/opt/ros/humble/lib/libgeometry_msgs__rosidl_typesupport_fastrtps_cpp.so;/opt/ros/humble/lib/libgeometry_msgs__rosidl_typesupport_introspection_cpp.so;/opt/ros/humble/lib/libgeometry_msgs__rosidl_typesupport_cpp.so;/opt/ros/humble/lib/libgeometry_msgs__rosidl_generator_py.so;/opt/ros/humble/lib/librosidl_typesupport_fastrtps_c.so;/opt/ros/humble/lib/librmw.so;/opt/ros/humble/lib/librosidl_typesupport_fastrtps_cpp.so;rosidl_typesupport_c::rosidl_typesupport_c;/opt/ros/humble/lib/librcutils.so;dl;/opt/ros/humble/lib/librcpputils.so;/opt/ros/humble/lib/librosidl_typesupport_c.so;/opt/ros/humble/lib/librosidl_typesupport_cpp.so;/opt/ros/humble/lib/librosidl_runtime_c.so;/opt/ros/humble/lib/librosidl_typesupport_introspection_c.so;/opt/ros/humble/lib/librosidl_typesupport_introspection_cpp.so;/opt/ros/humble/lib/libpcl_msgs__rosidl_generator_c.so;/opt/ros/humble/lib/libpcl_msgs__rosidl_typesupport_fastrtps_c.so;sensor_msgs::sensor_msgs__rosidl_typesupport_fastrtps_c;/opt/ros/humble/lib/libpcl_msgs__rosidl_typesupport_introspection_c.so;sensor_msgs::sensor_msgs__rosidl_typesupport_introspection_c;/opt/ros/humble/lib/libpcl_msgs__rosidl_typesupport_c.so;/opt/ros/humble/lib/libpcl_msgs__rosidl_typesupport_fastrtps_cpp.so;sensor_msgs::sensor_msgs__rosidl_typesupport_fastrtps_cpp;/opt/ros/humble/lib/libpcl_msgs__rosidl_typesupport_introspection_cpp.so;sensor_msgs::sensor_msgs__rosidl_typesupport_introspection_cpp;/opt/ros/humble/lib/libpcl_msgs__rosidl_typesupport_cpp.so;pcl_msgs::pcl_msgs__rosidl_generator_cpp;/opt/ros/humble/lib/libpcl_msgs__rosidl_generator_py.so;pcl_msgs::pcl_msgs__rosidl_generator_c;pcl_msgs::pcl_msgs__rosidl_typesupport_c;sensor_msgs::sensor_msgs__rosidl_generator_py;/opt/ros/humble/lib/librclcpp.so;ament_index_cpp::ament_index_cpp;libstatistics_collector::libstatistics_collector;rcl::rcl;rcl_interfaces::rcl_interfaces__rosidl_generator_c;rcl_interfaces::rcl_interfaces__rosidl_typesupport_fastrtps_c;rcl_interfaces::rcl_interfaces__rosidl_typesupport_introspection_c;rcl_interfaces::rcl_interfaces__rosidl_typesupport_c;rcl_interfaces::rcl_interfaces__rosidl_generator_cpp;rcl_interfaces::rcl_interfaces__rosidl_typesupport_fastrtps_cpp;rcl_interfaces::rcl_interfaces__rosidl_typesupport_introspection_cpp;rcl_interfaces::rcl_interfaces__rosidl_typesupport_cpp;rcl_interfaces::rcl_interfaces__rosidl_generator_py;rcl_yaml_param_parser::rcl_yaml_param_parser;rcpputils::rcpputils;rosgraph_msgs::rosgraph_msgs__rosidl_generator_c;rosgraph_msgs::rosgraph_msgs__rosidl_typesupport_fastrtps_c;rosgraph_msgs::rosgraph_msgs__rosidl_generator_cpp;rosgraph_msgs::rosgraph_msgs__rosidl_typesupport_fastrtps_cpp;rosgraph_msgs::rosgraph_msgs__rosidl_typesupport_introspection_c;rosgraph_msgs::rosgraph_msgs__rosidl_typesupport_c;rosgraph_msgs::rosgraph_msgs__rosidl_typesupport_introspection_cpp;rosgraph_msgs::rosgraph_msgs__rosidl_typesupport_cpp;rosgraph_msgs::rosgraph_msgs__rosidl_generator_py;rosidl_typesupport_cpp::rosidl_typesupport_cpp;statistics_msgs::statistics_msgs__rosidl_generator_c;statistics_msgs::statistics_msgs__rosidl_typesupport_fastrtps_c;statistics_msgs::statistics_msgs__rosidl_generator_cpp;statistics_msgs::statistics_msgs__rosidl_typesupport_fastrtps_cpp;statistics_msgs::statistics_msgs__rosidl_typesupport_introspection_c;statistics_msgs::statistics_msgs__rosidl_typesupport_c;statistics_msgs::statistics_msgs__rosidl_typesupport_introspection_cpp;statistics_msgs::statistics_msgs__rosidl_typesupport_cpp;statistics_msgs::statistics_msgs__rosidl_generator_py;tracetools::tracetools;/opt/ros/humble/lib/libsensor_msgs__rosidl_generator_c.so;geometry_msgs::geometry_msgs__rosidl_generator_c;/opt/ros/humble/lib/libsensor_msgs__rosidl_typesupport_fastrtps_c.so;geometry_msgs::geometry_msgs__rosidl_typesupport_fastrtps_c;std_msgs::std_msgs__rosidl_typesupport_fastrtps_c;geometry_msgs::geometry_msgs__rosidl_generator_cpp;/opt/ros/humble/lib/libsensor_msgs__rosidl_typesupport_fastrtps_cpp.so;geometry_msgs::geometry_msgs__rosidl_typesupport_fastrtps_cpp;std_msgs::std_msgs__rosidl_typesupport_fastrtps_cpp;/opt/ros/humble/lib/libsensor_msgs__rosidl_typesupport_introspection_c.so;geometry_msgs::geometry_msgs__rosidl_typesupport_introspection_c;std_msgs::std_msgs__rosidl_typesupport_introspection_c;/opt/ros/humble/lib/libsensor_msgs__rosidl_typesupport_c.so;geometry_msgs::geometry_msgs__rosidl_typesupport_c;/opt/ros/humble/lib/libsensor_msgs__rosidl_typesupport_introspection_cpp.so;geometry_msgs::geometry_msgs__rosidl_typesupport_introspection_cpp;std_msgs::std_msgs__rosidl_typesupport_introspection_cpp;/opt/ros/humble/lib/libsensor_msgs__rosidl_typesupport_cpp.so;sensor_msgs::sensor_msgs__rosidl_generator_cpp;geometry_msgs::geometry_msgs__rosidl_typesupport_cpp;std_msgs::std_msgs__rosidl_typesupport_cpp;/opt/ros/humble/lib/libsensor_msgs__rosidl_generator_py.so;sensor_msgs::sensor_msgs__rosidl_generator_c;sensor_msgs::sensor_msgs__rosidl_typesupport_c;geometry_msgs::geometry_msgs__rosidl_generator_py;std_msgs::std_msgs__rosidl_generator_py;sensor_msgs::sensor_msgs__rosidl_typesupport_cpp;/opt/ros/humble/lib/libstd_msgs__rosidl_generator_c.so;builtin_interfaces::builtin_interfaces__rosidl_generator_c;rcutils::rcutils;/opt/ros/humble/lib/libstd_msgs__rosidl_typesupport_fastrtps_c.so;rosidl_typesupport_fastrtps_c::rosidl_typesupport_fastrtps_c;builtin_interfaces::builtin_interfaces__rosidl_typesupport_fastrtps_c;builtin_interfaces::builtin_interfaces__rosidl_generator_cpp;/opt/ros/humble/lib/libstd_msgs__rosidl_typesupport_fastrtps_cpp.so;fastcdr;rmw::rmw;rosidl_runtime_cpp::rosidl_runtime_cpp;rosidl_typesupport_fastrtps_cpp::rosidl_typesupport_fastrtps_cpp;builtin_interfaces::builtin_interfaces__rosidl_typesupport_fastrtps_cpp;/opt/ros/humble/lib/libstd_msgs__rosidl_typesupport_introspection_c.so;rosidl_typesupport_introspection_c::rosidl_typesupport_introspection_c;builtin_interfaces::builtin_interfaces__rosidl_typesupport_introspection_c;/opt/ros/humble/lib/libstd_msgs__rosidl_typesupport_c.so;builtin_interfaces::builtin_interfaces__rosidl_typesupport_c;/opt/ros/humble/lib/libstd_msgs__rosidl_typesupport_introspection_cpp.so;rosidl_runtime_c::rosidl_runtime_c;rosidl_typesupport_interface::rosidl_typesupport_interface;rosidl_typesupport_introspection_cpp::rosidl_typesupport_introspection_cpp;builtin_interfaces::builtin_interfaces__rosidl_typesupport_introspection_cpp;/opt/ros/humble/lib/libstd_msgs__rosidl_typesupport_cpp.so;std_msgs::std_msgs__rosidl_generator_cpp;builtin_interfaces::builtin_interfaces__rosidl_typesupport_cpp;/opt/ros/humble/lib/libstd_msgs__rosidl_generator_py.so;std_msgs::std_msgs__rosidl_generator_c;/usr/lib/x86_64-linux-gnu/libpython3.10.so;std_msgs::std_msgs__rosidl_typesupport_c;builtin_interfaces::builtin_interfaces__rosidl_generator_py;opencv_dnn;opencv_features2d;opencv_flann;opencv_imgcodecs;opencv_ml;opencv_objdetect;opencv_photo;opencv_stitching;opencv_video;opencv_videoio;opencv_alphamat;opencv_aruco;opencv_barcode;opencv_bgsegm;opencv_bioinspired;opencv_ccalib;opencv_datasets;opencv_dnn_objdetect;opencv_dnn_superres;opencv_dpm;opencv_face;opencv_freetype;opencv_fuzzy;opencv_hdf;opencv_hfs;opencv_img_hash;opencv_intensity_transform;opencv_line_descriptor;opencv_mcc;opencv_optflow;opencv_phase_unwrapping;opencv_plot;opencv_quality;opencv_rapid;opencv_reg;opencv_rgbd;opencv_saliency;opencv_shape;opencv_stereo;opencv_structured_light;opencv_superres;opencv_surface_matching;opencv_text;opencv_tracking;opencv_videostab;opencv_viz;opencv_wechat_qrcode;opencv_ximgproc;opencv_xobjdetect;opencv_xphoto;/opt/ros/humble/lib/libimage_geometry.so;opencv_calib3d;opencv_core;opencv_highgui;opencv_imgproc;/opt/ros/humble/lib/liblaser_geometry.so;sensor_msgs::sensor_msgs_library;tf2::tf2;/opt/ros/humble/lib/libbuiltin_interfaces__rosidl_generator_c.so;/opt/ros/humble/lib/libbuiltin_interfaces__rosidl_typesupport_fastrtps_c.so;/opt/ros/humble/lib/libbuiltin_interfaces__rosidl_typesupport_introspection_c.so;/opt/ros/humble/lib/libbuiltin_interfaces__rosidl_typesupport_c.so;/opt/ros/humble/lib/libbuiltin_interfaces__rosidl_typesupport_fastrtps_cpp.so;/opt/ros/humble/lib/libbuiltin_interfaces__rosidl_typesupport_introspection_cpp.so;/opt/ros/humble/lib/libbuiltin_interfaces__rosidl_typesupport_cpp.so;/opt/ros/humble/lib/libbuiltin_interfaces__rosidl_generator_py.so;/opt/ros/humble/lib/librosgraph_msgs__rosidl_generator_c.so;/opt/ros/humble/lib/librosgraph_msgs__rosidl_typesupport_fastrtps_c.so;/opt/ros/humble/lib/librosgraph_msgs__rosidl_typesupport_fastrtps_cpp.so;/opt/ros/humble/lib/librosgraph_msgs__rosidl_typesupport_introspection_c.so;/opt/ros/humble/lib/librosgraph_msgs__rosidl_typesupport_c.so;/opt/ros/humble/lib/librosgraph_msgs__rosidl_typesupport_introspection_cpp.so;/opt/ros/humble/lib/librosgraph_msgs__rosidl_typesupport_cpp.so;/opt/ros/humble/lib/librosgraph_msgs__rosidl_generator_py.so;/opt/ros/humble/lib/librcl_yaml_param_parser.so;yaml;/opt/ros/humble/lib/libstatistics_msgs__rosidl_generator_c.so;/opt/ros/humble/lib/libstatistics_msgs__rosidl_typesupport_fastrtps_c.so;/opt/ros/humble/lib/libstatistics_msgs__rosidl_typesupport_fastrtps_cpp.so;/opt/ros/humble/lib/libstatistics_msgs__rosidl_typesupport_introspection_c.so;/opt/ros/humble/lib/libstatistics_msgs__rosidl_typesupport_c.so;/opt/ros/humble/lib/libstatistics_msgs__rosidl_typesupport_introspection_cpp.so;/opt/ros/humble/lib/libstatistics_msgs__rosidl_typesupport_cpp.so;/opt/ros/humble/lib/libstatistics_msgs__rosidl_generator_py.so;/opt/ros/humble/lib/libtracetools.so;/opt/ros/humble/lib/libmessage_filters.so;rclcpp::rclcpp;/opt/ros/humble/lib/libgeometry_msgs__rosidl_generator_c.so;/opt/ros/humble/lib/libgeometry_msgs__rosidl_typesupport_fastrtps_c.so;/opt/ros/humble/lib/libgeometry_msgs__rosidl_typesupport_introspection_c.so;/opt/ros/humble/lib/libgeometry_msgs__rosidl_typesupport_c.so;/opt/ros/humble/lib/libgeometry_msgs__rosidl_typesupport_fastrtps_cpp.so;/opt/ros/humble/lib/libgeometry_msgs__rosidl_typesupport_introspection_cpp.so;/opt/ros/humble/lib/libgeometry_msgs__rosidl_typesupport_cpp.so;/opt/ros/humble/lib/libgeometry_msgs__rosidl_generator_py.so;/opt/ros/humble/lib/librosidl_typesupport_fastrtps_c.so;/opt/ros/humble/lib/librmw.so;/opt/ros/humble/lib/librosidl_typesupport_fastrtps_cpp.so;rosidl_typesupport_c::rosidl_typesupport_c;/opt/ros/humble/lib/librcutils.so;dl;/opt/ros/humble/lib/librcpputils.so;/opt/ros/humble/lib/librosidl_typesupport_c.so;/opt/ros/humble/lib/librosidl_typesupport_cpp.so;/opt/ros/humble/lib/librosidl_runtime_c.so;/opt/ros/humble/lib/librosidl_typesupport_introspection_c.so;/opt/ros/humble/lib/librosidl_typesupport_introspection_cpp.so;/opt/ros/humble/lib/libpcl_msgs__rosidl_generator_c.so;/opt/ros/humble/lib/libpcl_msgs__rosidl_typesupport_fastrtps_c.so;sensor_msgs::sensor_msgs__rosidl_typesupport_fastrtps_c;/opt/ros/humble/lib/libpcl_msgs__rosidl_typesupport_introspection_c.so;sensor_msgs::sensor_msgs__rosidl_typesupport_introspection_c;/opt/ros/humble/lib/libpcl_msgs__rosidl_typesupport_c.so;/opt/ros/humble/lib/libpcl_msgs__rosidl_typesupport_fastrtps_cpp.so;sensor_msgs::sensor_msgs__rosidl_typesupport_fastrtps_cpp;/opt/ros/humble/lib/libpcl_msgs__rosidl_typesupport_introspection_cpp.so;sensor_msgs::sensor_msgs__rosidl_typesupport_introspection_cpp;/opt/ros/humble/lib/libpcl_msgs__rosidl_typesupport_cpp.so;pcl_msgs::pcl_msgs__rosidl_generator_cpp;/opt/ros/humble/lib/libpcl_msgs__rosidl_generator_py.so;pcl_msgs::pcl_msgs__rosidl_generator_c;pcl_msgs::pcl_msgs__rosidl_typesupport_c;sensor_msgs::sensor_msgs__rosidl_generator_py;/opt/ros/humble/lib/libsensor_msgs__rosidl_generator_c.so;geometry_msgs::geometry_msgs__rosidl_generator_c;/opt/ros/humble/lib/libsensor_msgs__rosidl_typesupport_fastrtps_c.so;geometry_msgs::geometry_msgs__rosidl_typesupport_fastrtps_c;std_msgs::std_msgs__rosidl_typesupport_fastrtps_c;geometry_msgs::geometry_msgs__rosidl_generator_cpp;/opt/ros/humble/lib/libsensor_msgs__rosidl_typesupport_fastrtps_cpp.so;geometry_msgs::geometry_msgs__rosidl_typesupport_fastrtps_cpp;std_msgs::std_msgs__rosidl_typesupport_fastrtps_cpp;/opt/ros/humble/lib/libsensor_msgs__rosidl_typesupport_introspection_c.so;geometry_msgs::geometry_msgs__rosidl_typesupport_introspection_c;std_msgs::std_msgs__rosidl_typesupport_introspection_c;/opt/ros/humble/lib/libsensor_msgs__rosidl_typesupport_c.so;geometry_msgs::geometry_msgs__rosidl_typesupport_c;/opt/ros/humble/lib/libsensor_msgs__rosidl_typesupport_introspection_cpp.so;geometry_msgs::geometry_msgs__rosidl_typesupport_introspection_cpp;std_msgs::std_msgs__rosidl_typesupport_introspection_cpp;/opt/ros/humble/lib/libsensor_msgs__rosidl_typesupport_cpp.so;sensor_msgs::sensor_msgs__rosidl_generator_cpp;geometry_msgs::geometry_msgs__rosidl_typesupport_cpp;std_msgs::std_msgs__rosidl_typesupport_cpp;/opt/ros/humble/lib/libsensor_msgs__rosidl_generator_py.so;sensor_msgs::sensor_msgs__rosidl_generator_c;sensor_msgs::sensor_msgs__rosidl_typesupport_c;geometry_msgs::geometry_msgs__rosidl_generator_py;std_msgs::std_msgs__rosidl_generator_py;sensor_msgs::sensor_msgs__rosidl_typesupport_cpp;/opt/ros/humble/lib/libstd_msgs__rosidl_generator_c.so;/opt/ros/humble/lib/libstd_msgs__rosidl_typesupport_fastrtps_c.so;rosidl_typesupport_fastrtps_c::rosidl_typesupport_fastrtps_c;/opt/ros/humble/lib/libstd_msgs__rosidl_typesupport_fastrtps_cpp.so;fastcdr;rmw::rmw;rosidl_typesupport_fastrtps_cpp::rosidl_typesupport_fastrtps_cpp;/opt/ros/humble/lib/libstd_msgs__rosidl_typesupport_introspection_c.so;rosidl_typesupport_introspection_c::rosidl_typesupport_introspection_c;/opt/ros/humble/lib/libstd_msgs__rosidl_typesupport_c.so;/opt/ros/humble/lib/libstd_msgs__rosidl_typesupport_introspection_cpp.so;rosidl_runtime_c::rosidl_runtime_c;rosidl_typesupport_interface::rosidl_typesupport_interface;rosidl_typesupport_introspection_cpp::rosidl_typesupport_introspection_cpp;/opt/ros/humble/lib/libstd_msgs__rosidl_typesupport_cpp.so;std_msgs::std_msgs__rosidl_generator_cpp;/opt/ros/humble/lib/libstd_msgs__rosidl_generator_py.so;std_msgs::std_msgs__rosidl_generator_c;/usr/lib/x86_64-linux-gnu/libpython3.10.so;std_msgs::std_msgs__rosidl_typesupport_c;/opt/ros/humble/lib/librclcpp.so;ament_index_cpp::ament_index_cpp;libstatistics_collector::libstatistics_collector;rcl::rcl;rcl_interfaces::rcl_interfaces__rosidl_generator_c;rcl_interfaces::rcl_interfaces__rosidl_typesupport_fastrtps_c;rcl_interfaces::rcl_interfaces__rosidl_typesupport_introspection_c;rcl_interfaces::rcl_interfaces__rosidl_typesupport_c;rcl_interfaces::rcl_interfaces__rosidl_generator_cpp;rcl_interfaces::rcl_interfaces__rosidl_typesupport_fastrtps_cpp;rcl_interfaces::rcl_interfaces__rosidl_typesupport_introspection_cpp;rcl_interfaces::rcl_interfaces__rosidl_typesupport_cpp;rcl_interfaces::rcl_interfaces__rosidl_generator_py;rcl_yaml_param_parser::rcl_yaml_param_parser;rcpputils::rcpputils;rcutils::rcutils;builtin_interfaces::builtin_interfaces__rosidl_generator_c;builtin_interfaces::builtin_interfaces__rosidl_typesupport_fastrtps_c;builtin_interfaces::builtin_interfaces__rosidl_typesupport_introspection_c;builtin_interfaces::builtin_interfaces__rosidl_typesupport_c;builtin_interfaces::builtin_interfaces__rosidl_generator_cpp;builtin_interfaces::builtin_interfaces__rosidl_typesupport_fastrtps_cpp;builtin_interfaces::builtin_interfaces__rosidl_typesupport_introspection_cpp;builtin_interfaces::builtin_interfaces__rosidl_typesupport_cpp;builtin_interfaces::builtin_interfaces__rosidl_generator_py;rosgraph_msgs::rosgraph_msgs__rosidl_generator_c;rosgraph_msgs::rosgraph_msgs__rosidl_typesupport_fastrtps_c;rosgraph_msgs::rosgraph_msgs__rosidl_generator_cpp;rosgraph_msgs::rosgraph_msgs__rosidl_typesupport_fastrtps_cpp;rosgraph_msgs::rosgraph_msgs__rosidl_typesupport_introspection_c;rosgraph_msgs::rosgraph_msgs__rosidl_typesupport_c;rosgraph_msgs::rosgraph_msgs__rosidl_typesupport_introspection_cpp;rosgraph_msgs::rosgraph_msgs__rosidl_typesupport_cpp;rosgraph_msgs::rosgraph_msgs__rosidl_generator_py;rosidl_typesupport_cpp::rosidl_typesupport_cpp;rosidl_runtime_cpp::rosidl_runtime_cpp;statistics_msgs::statistics_msgs__rosidl_generator_c;statistics_msgs::statistics_msgs__rosidl_typesupport_fastrtps_c;statistics_msgs::statistics_msgs__rosidl_generator_cpp;statistics_msgs::statistics_msgs__rosidl_typesupport_fastrtps_cpp;statistics_msgs::statistics_msgs__rosidl_typesupport_introspection_c;statistics_msgs::statistics_msgs__rosidl_typesupport_c;statistics_msgs::statistics_msgs__rosidl_typesupport_introspection_cpp;statistics_msgs::statistics_msgs__rosidl_typesupport_cpp;statistics_msgs::statistics_msgs__rosidl_generator_py;tracetools::tracetools;/opt/ros/humble/lib/librcpputils.so;/opt/ros/humble/lib/librosidl_typesupport_introspection_c.so;/opt/ros/humble/lib/librosidl_typesupport_introspection_cpp.so;/opt/ros/humble/lib/libstd_srvs__rosidl_generator_c.so;/opt/ros/humble/lib/libstd_srvs__rosidl_typesupport_fastrtps_c.so;/opt/ros/humble/lib/libstd_srvs__rosidl_typesupport_introspection_c.so;/opt/ros/humble/lib/libstd_srvs__rosidl_typesupport_c.so;/opt/ros/humble/lib/libstd_srvs__rosidl_typesupport_fastrtps_cpp.so;/opt/ros/humble/lib/libstd_srvs__rosidl_typesupport_introspection_cpp.so;/opt/ros/humble/lib/libstd_srvs__rosidl_typesupport_cpp.so;/opt/ros/humble/lib/libstd_srvs__rosidl_generator_py.so;/opt/ros/humble/lib/librcutils.so;dl;/opt/ros/humble/lib/librosidl_typesupport_fastrtps_c.so;/opt/ros/humble/lib/librmw.so;/opt/ros/humble/lib/librosidl_typesupport_fastrtps_cpp.so;/opt/ros/humble/lib/librosidl_runtime_c.so;/opt/ros/humble/lib/librosidl_typesupport_c.so;/opt/ros/humble/lib/librosidl_typesupport_cpp.so;rosidl_typesupport_c::rosidl_typesupport_c;/home/mihkel/School/ThesisPractical/rtabmap_ws/install/rtabmap_msgs/lib/librtabmap_msgs__rosidl_generator_c.so;geometry_msgs::geometry_msgs__rosidl_generator_c;std_msgs::std_msgs__rosidl_generator_c;builtin_interfaces::builtin_interfaces__rosidl_generator_c;sensor_msgs::sensor_msgs__rosidl_generator_c;std_srvs::std_srvs__rosidl_generator_c;rcutils::rcutils;/home/mihkel/School/ThesisPractical/rtabmap_ws/install/rtabmap_msgs/lib/librtabmap_msgs__rosidl_typesupport_fastrtps_c.so;rosidl_typesupport_fastrtps_c::rosidl_typesupport_fastrtps_c;geometry_msgs::geometry_msgs__rosidl_typesupport_fastrtps_c;std_msgs::std_msgs__rosidl_typesupport_fastrtps_c;builtin_interfaces::builtin_interfaces__rosidl_typesupport_fastrtps_c;sensor_msgs::sensor_msgs__rosidl_typesupport_fastrtps_c;std_srvs::std_srvs__rosidl_typesupport_fastrtps_c;/home/mihkel/School/ThesisPractical/rtabmap_ws/install/rtabmap_msgs/lib/librtabmap_msgs__rosidl_typesupport_introspection_c.so;rosidl_typesupport_introspection_c::rosidl_typesupport_introspection_c;geometry_msgs::geometry_msgs__rosidl_typesupport_introspection_c;std_msgs::std_msgs__rosidl_typesupport_introspection_c;builtin_interfaces::builtin_interfaces__rosidl_typesupport_introspection_c;sensor_msgs::sensor_msgs__rosidl_typesupport_introspection_c;std_srvs::std_srvs__rosidl_typesupport_introspection_c;/home/mihkel/School/ThesisPractical/rtabmap_ws/install/rtabmap_msgs/lib/librtabmap_msgs__rosidl_typesupport_c.so;geometry_msgs::geometry_msgs__rosidl_typesupport_c;std_msgs::std_msgs__rosidl_typesupport_c;builtin_interfaces::builtin_interfaces__rosidl_typesupport_c;sensor_msgs::sensor_msgs__rosidl_typesupport_c;std_srvs::std_srvs__rosidl_typesupport_c;geometry_msgs::geometry_msgs__rosidl_generator_cpp;std_msgs::std_msgs__rosidl_generator_cpp;builtin_interfaces::builtin_interfaces__rosidl_generator_cpp;sensor_msgs::sensor_msgs__rosidl_generator_cpp;std_srvs::std_srvs__rosidl_generator_cpp;/home/mihkel/School/ThesisPractical/rtabmap_ws/install/rtabmap_msgs/lib/librtabmap_msgs__rosidl_typesupport_fastrtps_cpp.so;fastcdr;rmw::rmw;rosidl_runtime_cpp::rosidl_runtime_cpp;rosidl_typesupport_fastrtps_cpp::rosidl_typesupport_fastrtps_cpp;geometry_msgs::geometry_msgs__rosidl_typesupport_fastrtps_cpp;std_msgs::std_msgs__rosidl_typesupport_fastrtps_cpp;builtin_interfaces::builtin_interfaces__rosidl_typesupport_fastrtps_cpp;sensor_msgs::sensor_msgs__rosidl_typesupport_fastrtps_cpp;std_srvs::std_srvs__rosidl_typesupport_fastrtps_cpp;/home/mihkel/School/ThesisPractical/rtabmap_ws/install/rtabmap_msgs/lib/librtabmap_msgs__rosidl_typesupport_introspection_cpp.so;rosidl_runtime_c::rosidl_runtime_c;rosidl_typesupport_interface::rosidl_typesupport_interface;rosidl_typesupport_introspection_cpp::rosidl_typesupport_introspection_cpp;geometry_msgs::geometry_msgs__rosidl_typesupport_introspection_cpp;std_msgs::std_msgs__rosidl_typesupport_introspection_cpp;builtin_interfaces::builtin_interfaces__rosidl_typesupport_introspection_cpp;sensor_msgs::sensor_msgs__rosidl_typesupport_introspection_cpp;std_srvs::std_srvs__rosidl_typesupport_introspection_cpp;/home/mihkel/School/ThesisPractical/rtabmap_ws/install/rtabmap_msgs/lib/librtabmap_msgs__rosidl_typesupport_cpp.so;rtabmap_msgs::rtabmap_msgs__rosidl_generator_cpp;geometry_msgs::geometry_msgs__rosidl_typesupport_cpp;std_msgs::std_msgs__rosidl_typesupport_cpp;builtin_interfaces::builtin_interfaces__rosidl_typesupport_cpp;sensor_msgs::sensor_msgs__rosidl_typesupport_cpp;std_srvs::std_srvs__rosidl_typesupport_cpp;/home/mihkel/School/ThesisPractical/rtabmap_ws/install/rtabmap_msgs/lib/librtabmap_msgs__rosidl_generator_py.so;rtabmap_msgs::rtabmap_msgs__rosidl_generator_c;/usr/lib/x86_64-linux-gnu/libpython3.10.so;rtabmap_msgs::rtabmap_msgs__rosidl_typesupport_c;geometry_msgs::geometry_msgs__rosidl_generator_py;std_msgs::std_msgs__rosidl_generator_py;builtin_interfaces::builtin_interfaces__rosidl_generator_py;sensor_msgs::sensor_msgs__rosidl_generator_py;std_srvs::std_srvs__rosidl_generator_py;/opt/ros/humble/lib/librcpputils.so;/opt/ros/humble/lib/librosidl_typesupport_introspection_c.so;/opt/ros/humble/lib/librosidl_typesupport_introspection_cpp.so;/opt/ros/humble/lib/libstd_srvs__rosidl_generator_c.so;/opt/ros/humble/lib/libstd_srvs__rosidl_typesupport_fastrtps_c.so;/opt/ros/humble/lib/libstd_srvs__rosidl_typesupport_introspection_c.so;/opt/ros/humble/lib/libstd_srvs__rosidl_typesupport_c.so;/opt/ros/humble/lib/libstd_srvs__rosidl_typesupport_fastrtps_cpp.so;/opt/ros/humble/lib/libstd_srvs__rosidl_typesupport_introspection_cpp.so;/opt/ros/humble/lib/libstd_srvs__rosidl_typesupport_cpp.so;/opt/ros/humble/lib/libstd_srvs__rosidl_generator_py.so;/opt/ros/humble/lib/librcutils.so;dl;/opt/ros/humble/lib/librosidl_typesupport_fastrtps_c.so;/opt/ros/humble/lib/librmw.so;/opt/ros/humble/lib/librosidl_typesupport_fastrtps_cpp.so;/opt/ros/humble/lib/librosidl_runtime_c.so;/opt/ros/humble/lib/librosidl_typesupport_c.so;/opt/ros/humble/lib/librosidl_typesupport_cpp.so;rosidl_typesupport_c::rosidl_typesupport_c;/home/mihkel/School/ThesisPractical/rtabmap_ws/install/rtabmap_msgs/lib/librtabmap_msgs__rosidl_generator_c.so;std_srvs::std_srvs__rosidl_generator_c;/home/mihkel/School/ThesisPractical/rtabmap_ws/install/rtabmap_msgs/lib/librtabmap_msgs__rosidl_typesupport_fastrtps_c.so;sensor_msgs::sensor_msgs__rosidl_typesupport_fastrtps_c;std_srvs::std_srvs__rosidl_typesupport_fastrtps_c;/home/mihkel/School/ThesisPractical/rtabmap_ws/install/rtabmap_msgs/lib/librtabmap_msgs__rosidl_typesupport_introspection_c.so;sensor_msgs::sensor_msgs__rosidl_typesupport_introspection_c;std_srvs::std_srvs__rosidl_typesupport_introspection_c;/home/mihkel/School/ThesisPractical/rtabmap_ws/install/rtabmap_msgs/lib/librtabmap_msgs__rosidl_typesupport_c.so;std_srvs::std_srvs__rosidl_typesupport_c;std_srvs::std_srvs__rosidl_generator_cpp;/home/mihkel/School/ThesisPractical/rtabmap_ws/install/rtabmap_msgs/lib/librtabmap_msgs__rosidl_typesupport_fastrtps_cpp.so;sensor_msgs::sensor_msgs__rosidl_typesupport_fastrtps_cpp;std_srvs::std_srvs__rosidl_typesupport_fastrtps_cpp;/home/mihkel/School/ThesisPractical/rtabmap_ws/install/rtabmap_msgs/lib/librtabmap_msgs__rosidl_typesupport_introspection_cpp.so;sensor_msgs::sensor_msgs__rosidl_typesupport_introspection_cpp;std_srvs::std_srvs__rosidl_typesupport_introspection_cpp;/home/mihkel/School/ThesisPractical/rtabmap_ws/install/rtabmap_msgs/lib/librtabmap_msgs__rosidl_typesupport_cpp.so;rtabmap_msgs::rtabmap_msgs__rosidl_generator_cpp;std_srvs::std_srvs__rosidl_typesupport_cpp;/home/mihkel/School/ThesisPractical/rtabmap_ws/install/rtabmap_msgs/lib/librtabmap_msgs__rosidl_generator_py.so;rtabmap_msgs::rtabmap_msgs__rosidl_generator_c;rtabmap_msgs::rtabmap_msgs__rosidl_typesupport_c;sensor_msgs::sensor_msgs__rosidl_generator_py;std_srvs::std_srvs__rosidl_generator_py;/opt/ros/humble/lib/libsensor_msgs__rosidl_generator_c.so;builtin_interfaces::builtin_interfaces__rosidl_generator_c;geometry_msgs::geometry_msgs__rosidl_generator_c;std_msgs::std_msgs__rosidl_generator_c;rcutils::rcutils;/opt/ros/humble/lib/libsensor_msgs__rosidl_typesupport_fastrtps_c.so;rosidl_typesupport_fastrtps_c::rosidl_typesupport_fastrtps_c;builtin_interfaces::builtin_interfaces__rosidl_typesupport_fastrtps_c;geometry_msgs::geometry_msgs__rosidl_typesupport_fastrtps_c;std_msgs::std_msgs__rosidl_typesupport_fastrtps_c;builtin_interfaces::builtin_interfaces__rosidl_generator_cpp;geometry_msgs::geometry_msgs__rosidl_generator_cpp;std_msgs::std_msgs__rosidl_generator_cpp;/opt/ros/humble/lib/libsensor_msgs__rosidl_typesupport_fastrtps_cpp.so;fastcdr;rmw::rmw;rosidl_runtime_cpp::rosidl_runtime_cpp;rosidl_typesupport_fastrtps_cpp::rosidl_typesupport_fastrtps_cpp;builtin_interfaces::builtin_interfaces__rosidl_typesupport_fastrtps_cpp;geometry_msgs::geometry_msgs__rosidl_typesupport_fastrtps_cpp;std_msgs::std_msgs__rosidl_typesupport_fastrtps_cpp;/opt/ros/humble/lib/libsensor_msgs__rosidl_typesupport_introspection_c.so;rosidl_typesupport_introspection_c::rosidl_typesupport_introspection_c;builtin_interfaces::builtin_interfaces__rosidl_typesupport_introspection_c;geometry_msgs::geometry_msgs__rosidl_typesupport_introspection_c;std_msgs::std_msgs__rosidl_typesupport_introspection_c;/opt/ros/humble/lib/libsensor_msgs__rosidl_typesupport_c.so;builtin_interfaces::builtin_interfaces__rosidl_typesupport_c;geometry_msgs::geometry_msgs__rosidl_typesupport_c;std_msgs::std_msgs__rosidl_typesupport_c;/opt/ros/humble/lib/libsensor_msgs__rosidl_typesupport_introspection_cpp.so;rosidl_runtime_c::rosidl_runtime_c;rosidl_typesupport_interface::rosidl_typesupport_interface;rosidl_typesupport_introspection_cpp::rosidl_typesupport_introspection_cpp;builtin_interfaces::builtin_interfaces__rosidl_typesupport_introspection_cpp;geometry_msgs::geometry_msgs__rosidl_typesupport_introspection_cpp;std_msgs::std_msgs__rosidl_typesupport_introspection_cpp;/opt/ros/humble/lib/libsensor_msgs__rosidl_typesupport_cpp.so;sensor_msgs::sensor_msgs__rosidl_generator_cpp;builtin_interfaces::builtin_interfaces__rosidl_typesupport_cpp;geometry_msgs::geometry_msgs__rosidl_typesupport_cpp;std_msgs::std_msgs__rosidl_typesupport_cpp;/opt/ros/humble/lib/libsensor_msgs__rosidl_generator_py.so;sensor_msgs::sensor_msgs__rosidl_generator_c;/usr/lib/x86_64-linux-gnu/libpython3.10.so;sensor_msgs::sensor_msgs__rosidl_typesupport_c;builtin_interfaces::builtin_interfaces__rosidl_generator_py;geometry_msgs::geometry_msgs__rosidl_generator_py;std_msgs::std_msgs__rosidl_generator_py;sensor_msgs::sensor_msgs__rosidl_typesupport_cpp;/opt/ros/humble/lib/librcpputils.so;/opt/ros/humble/lib/librosidl_typesupport_introspection_c.so;/opt/ros/humble/lib/librosidl_typesupport_introspection_cpp.so;/opt/ros/humble/lib/libstd_srvs__rosidl_generator_c.so;/opt/ros/humble/lib/libstd_srvs__rosidl_typesupport_fastrtps_c.so;/opt/ros/humble/lib/libstd_srvs__rosidl_typesupport_introspection_c.so;/opt/ros/humble/lib/libstd_srvs__rosidl_typesupport_c.so;/opt/ros/humble/lib/libstd_srvs__rosidl_typesupport_fastrtps_cpp.so;/opt/ros/humble/lib/libstd_srvs__rosidl_typesupport_introspection_cpp.so;/opt/ros/humble/lib/libstd_srvs__rosidl_typesupport_cpp.so;/opt/ros/humble/lib/libstd_srvs__rosidl_generator_py.so;/opt/ros/humble/lib/librcutils.so;dl;/opt/ros/humble/lib/librosidl_typesupport_fastrtps_c.so;/opt/ros/humble/lib/librmw.so;/opt/ros/humble/lib/librosidl_typesupport_fastrtps_cpp.so;/opt/ros/humble/lib/librosidl_runtime_c.so;/opt/ros/humble/lib/librosidl_typesupport_c.so;/opt/ros/humble/lib/librosidl_typesupport_cpp.so;rosidl_typesupport_c::rosidl_typesupport_c;/home/mihkel/School/ThesisPractical/rtabmap_ws/install/rtabmap_msgs/lib/librtabmap_msgs__rosidl_generator_c.so;std_srvs::std_srvs__rosidl_generator_c;/home/mihkel/School/ThesisPractical/rtabmap_ws/install/rtabmap_msgs/lib/librtabmap_msgs__rosidl_typesupport_fastrtps_c.so;sensor_msgs::sensor_msgs__rosidl_typesupport_fastrtps_c;std_srvs::std_srvs__rosidl_typesupport_fastrtps_c;/home/mihkel/School/ThesisPractical/rtabmap_ws/install/rtabmap_msgs/lib/librtabmap_msgs__rosidl_typesupport_introspection_c.so;sensor_msgs::sensor_msgs__rosidl_typesupport_introspection_c;std_srvs::std_srvs__rosidl_typesupport_introspection_c;/home/mihkel/School/ThesisPractical/rtabmap_ws/install/rtabmap_msgs/lib/librtabmap_msgs__rosidl_typesupport_c.so;std_srvs::std_srvs__rosidl_typesupport_c;std_srvs::std_srvs__rosidl_generator_cpp;/home/mihkel/School/ThesisPractical/rtabmap_ws/install/rtabmap_msgs/lib/librtabmap_msgs__rosidl_typesupport_fastrtps_cpp.so;sensor_msgs::sensor_msgs__rosidl_typesupport_fastrtps_cpp;std_srvs::std_srvs__rosidl_typesupport_fastrtps_cpp;/home/mihkel/School/ThesisPractical/rtabmap_ws/install/rtabmap_msgs/lib/librtabmap_msgs__rosidl_typesupport_introspection_cpp.so;sensor_msgs::sensor_msgs__rosidl_typesupport_introspection_cpp;std_srvs::std_srvs__rosidl_typesupport_introspection_cpp;/home/mihkel/School/ThesisPractical/rtabmap_ws/install/rtabmap_msgs/lib/librtabmap_msgs__rosidl_typesupport_cpp.so;rtabmap_msgs::rtabmap_msgs__rosidl_generator_cpp;std_srvs::std_srvs__rosidl_typesupport_cpp;/home/mihkel/School/ThesisPractical/rtabmap_ws/install/rtabmap_msgs/lib/librtabmap_msgs__rosidl_generator_py.so;rtabmap_msgs::rtabmap_msgs__rosidl_generator_c;rtabmap_msgs::rtabmap_msgs__rosidl_typesupport_c;sensor_msgs::sensor_msgs__rosidl_generator_py;std_srvs::std_srvs__rosidl_generator_py;/opt/ros/humble/lib/libsensor_msgs__rosidl_generator_c.so;geometry_msgs::geometry_msgs__rosidl_generator_c;/opt/ros/humble/lib/libsensor_msgs__rosidl_typesupport_fastrtps_c.so;geometry_msgs::geometry_msgs__rosidl_typesupport_fastrtps_c;std_msgs::std_msgs__rosidl_typesupport_fastrtps_c;geometry_msgs::geometry_msgs__rosidl_generator_cpp;/opt/ros/humble/lib/libsensor_msgs__rosidl_typesupport_fastrtps_cpp.so;geometry_msgs::geometry_msgs__rosidl_typesupport_fastrtps_cpp;std_msgs::std_msgs__rosidl_typesupport_fastrtps_cpp;/opt/ros/humble/lib/libsensor_msgs__rosidl_typesupport_introspection_c.so;geometry_msgs::geometry_msgs__rosidl_typesupport_introspection_c;std_msgs::std_msgs__rosidl_typesupport_introspection_c;/opt/ros/humble/lib/libsensor_msgs__rosidl_typesupport_c.so;geometry_msgs::geometry_msgs__rosidl_typesupport_c;/opt/ros/humble/lib/libsensor_msgs__rosidl_typesupport_introspection_cpp.so;geometry_msgs::geometry_msgs__rosidl_typesupport_introspection_cpp;std_msgs::std_msgs__rosidl_typesupport_introspection_cpp;/opt/ros/humble/lib/libsensor_msgs__rosidl_typesupport_cpp.so;sensor_msgs::sensor_msgs__rosidl_generator_cpp;geometry_msgs::geometry_msgs__rosidl_typesupport_cpp;std_msgs::std_msgs__rosidl_typesupport_cpp;/opt/ros/humble/lib/libsensor_msgs__rosidl_generator_py.so;sensor_msgs::sensor_msgs__rosidl_generator_c;sensor_msgs::sensor_msgs__rosidl_typesupport_c;geometry_msgs::geometry_msgs__rosidl_generator_py;std_msgs::std_msgs__rosidl_generator_py;sensor_msgs::sensor_msgs__rosidl_typesupport_cpp;/opt/ros/humble/lib/libstd_msgs__rosidl_generator_c.so;builtin_interfaces::builtin_interfaces__rosidl_generator_c;rcutils::rcutils;/opt/ros/humble/lib/libstd_msgs__rosidl_typesupport_fastrtps_c.so;rosidl_typesupport_fastrtps_c::rosidl_typesupport_fastrtps_c;builtin_interfaces::builtin_interfaces__rosidl_typesupport_fastrtps_c;builtin_interfaces::builtin_interfaces__rosidl_generator_cpp;/opt/ros/humble/lib/libstd_msgs__rosidl_typesupport_fastrtps_cpp.so;fastcdr;rmw::rmw;rosidl_runtime_cpp::rosidl_runtime_cpp;rosidl_typesupport_fastrtps_cpp::rosidl_typesupport_fastrtps_cpp;builtin_interfaces::builtin_interfaces__rosidl_typesupport_fastrtps_cpp;/opt/ros/humble/lib/libstd_msgs__rosidl_typesupport_introspection_c.so;rosidl_typesupport_introspection_c::rosidl_typesupport_introspection_c;builtin_interfaces::builtin_interfaces__rosidl_typesupport_introspection_c;/opt/ros/humble/lib/libstd_msgs__rosidl_typesupport_c.so;builtin_interfaces::builtin_interfaces__rosidl_typesupport_c;/opt/ros/humble/lib/libstd_msgs__rosidl_typesupport_introspection_cpp.so;rosidl_runtime_c::rosidl_runtime_c;rosidl_typesupport_interface::rosidl_typesupport_interface;rosidl_typesupport_introspection_cpp::rosidl_typesupport_introspection_cpp;builtin_interfaces::builtin_interfaces__rosidl_typesupport_introspection_cpp;/opt/ros/humble/lib/libstd_msgs__rosidl_typesupport_cpp.so;std_msgs::std_msgs__rosidl_generator_cpp;builtin_interfaces::builtin_interfaces__rosidl_typesupport_cpp;/opt/ros/humble/lib/libstd_msgs__rosidl_generator_py.so;std_msgs::std_msgs__rosidl_generator_c;/usr/lib/x86_64-linux-gnu/libpython3.10.so;std_msgs::std_msgs__rosidl_typesupport_c;builtin_interfaces::builtin_interfaces__rosidl_generator_py;/opt/ros/humble/lib/librcpputils.so;/opt/ros/humble/lib/librosidl_typesupport_introspection_c.so;/opt/ros/humble/lib/librosidl_typesupport_introspection_cpp.so;/opt/ros/humble/lib/libstd_srvs__rosidl_generator_c.so;/opt/ros/humble/lib/libstd_srvs__rosidl_typesupport_fastrtps_c.so;/opt/ros/humble/lib/libstd_srvs__rosidl_typesupport_introspection_c.so;/opt/ros/humble/lib/libstd_srvs__rosidl_typesupport_c.so;/opt/ros/humble/lib/libstd_srvs__rosidl_typesupport_fastrtps_cpp.so;/opt/ros/humble/lib/libstd_srvs__rosidl_typesupport_introspection_cpp.so;/opt/ros/humble/lib/libstd_srvs__rosidl_typesupport_cpp.so;/opt/ros/humble/lib/libstd_srvs__rosidl_generator_py.so;/opt/ros/humble/lib/librcutils.so;dl;/opt/ros/humble/lib/librosidl_typesupport_fastrtps_c.so;/opt/ros/humble/lib/librmw.so;/opt/ros/humble/lib/librosidl_typesupport_fastrtps_cpp.so;/opt/ros/humble/lib/librosidl_runtime_c.so;/opt/ros/humble/lib/librosidl_typesupport_c.so;/opt/ros/humble/lib/librosidl_typesupport_cpp.so;rosidl_typesupport_c::rosidl_typesupport_c;/home/mihkel/School/ThesisPractical/rtabmap_ws/install/rtabmap_msgs/lib/librtabmap_msgs__rosidl_generator_c.so;std_srvs::std_srvs__rosidl_generator_c;/home/mihkel/School/ThesisPractical/rtabmap_ws/install/rtabmap_msgs/lib/librtabmap_msgs__rosidl_typesupport_fastrtps_c.so;sensor_msgs::sensor_msgs__rosidl_typesupport_fastrtps_c;std_srvs::std_srvs__rosidl_typesupport_fastrtps_c;/home/mihkel/School/ThesisPractical/rtabmap_ws/install/rtabmap_msgs/lib/librtabmap_msgs__rosidl_typesupport_introspection_c.so;sensor_msgs::sensor_msgs__rosidl_typesupport_introspection_c;std_srvs::std_srvs__rosidl_typesupport_introspection_c;/home/mihkel/School/ThesisPractical/rtabmap_ws/install/rtabmap_msgs/lib/librtabmap_msgs__rosidl_typesupport_c.so;std_srvs::std_srvs__rosidl_typesupport_c;std_srvs::std_srvs__rosidl_generator_cpp;/home/mihkel/School/ThesisPractical/rtabmap_ws/install/rtabmap_msgs/lib/librtabmap_msgs__rosidl_typesupport_fastrtps_cpp.so;sensor_msgs::sensor_msgs__rosidl_typesupport_fastrtps_cpp;std_srvs::std_srvs__rosidl_typesupport_fastrtps_cpp;/home/mihkel/School/ThesisPractical/rtabmap_ws/install/rtabmap_msgs/lib/librtabmap_msgs__rosidl_typesupport_introspection_cpp.so;sensor_msgs::sensor_msgs__rosidl_typesupport_introspection_cpp;std_srvs::std_srvs__rosidl_typesupport_introspection_cpp;/home/mihkel/School/ThesisPractical/rtabmap_ws/install/rtabmap_msgs/lib/librtabmap_msgs__rosidl_typesupport_cpp.so;rtabmap_msgs::rtabmap_msgs__rosidl_generator_cpp;std_srvs::std_srvs__rosidl_typesupport_cpp;/home/mihkel/School/ThesisPractical/rtabmap_ws/install/rtabmap_msgs/lib/librtabmap_msgs__rosidl_generator_py.so;rtabmap_msgs::rtabmap_msgs__rosidl_generator_c;rtabmap_msgs::rtabmap_msgs__rosidl_typesupport_c;sensor_msgs::sensor_msgs__rosidl_generator_py;std_srvs::std_srvs__rosidl_generator_py;/opt/ros/humble/lib/libsensor_msgs__rosidl_generator_c.so;/opt/ros/humble/lib/libsensor_msgs__rosidl_typesupport_fastrtps_c.so;std_msgs::std_msgs__rosidl_typesupport_fastrtps_c;/opt/ros/humble/lib/libsensor_msgs__rosidl_typesupport_fastrtps_cpp.so;std_msgs::std_msgs__rosidl_typesupport_fastrtps_cpp;/opt/ros/humble/lib/libsensor_msgs__rosidl_typesupport_introspection_c.so;std_msgs::std_msgs__rosidl_typesupport_introspection_c;/opt/ros/humble/lib/libsensor_msgs__rosidl_typesupport_c.so;/opt/ros/humble/lib/libsensor_msgs__rosidl_typesupport_introspection_cpp.so;std_msgs::std_msgs__rosidl_typesupport_introspection_cpp;/opt/ros/humble/lib/libsensor_msgs__rosidl_typesupport_cpp.so;sensor_msgs::sensor_msgs__rosidl_generator_cpp;std_msgs::std_msgs__rosidl_typesupport_cpp;/opt/ros/humble/lib/libsensor_msgs__rosidl_generator_py.so;sensor_msgs::sensor_msgs__rosidl_generator_c;sensor_msgs::sensor_msgs__rosidl_typesupport_c;std_msgs::std_msgs__rosidl_generator_py;sensor_msgs::sensor_msgs__rosidl_typesupport_cpp;/opt/ros/humble/lib/libstd_msgs__rosidl_generator_c.so;builtin_interfaces::builtin_interfaces__rosidl_generator_c;rcutils::rcutils;/opt/ros/humble/lib/libstd_msgs__rosidl_typesupport_fastrtps_c.so;rosidl_typesupport_fastrtps_c::rosidl_typesupport_fastrtps_c;builtin_interfaces::builtin_interfaces__rosidl_typesupport_fastrtps_c;builtin_interfaces::builtin_interfaces__rosidl_generator_cpp;/opt/ros/humble/lib/libstd_msgs__rosidl_typesupport_fastrtps_cpp.so;fastcdr;rmw::rmw;rosidl_runtime_cpp::rosidl_runtime_cpp;rosidl_typesupport_fastrtps_cpp::rosidl_typesupport_fastrtps_cpp;builtin_interfaces::builtin_interfaces__rosidl_typesupport_fastrtps_cpp;/opt/ros/humble/lib/libstd_msgs__rosidl_typesupport_introspection_c.so;rosidl_typesupport_introspection_c::rosidl_typesupport_introspection_c;builtin_interfaces::builtin_interfaces__rosidl_typesupport_introspection_c;/opt/ros/humble/lib/libstd_msgs__rosidl_typesupport_c.so;builtin_interfaces::builtin_interfaces__rosidl_typesupport_c;/opt/ros/humble/lib/libstd_msgs__rosidl_typesupport_introspection_cpp.so;rosidl_runtime_c::rosidl_runtime_c;rosidl_typesupport_interface::rosidl_typesupport_interface;rosidl_typesupport_introspection_cpp::rosidl_typesupport_introspection_cpp;builtin_interfaces::builtin_interfaces__rosidl_typesupport_introspection_cpp;/opt/ros/humble/lib/libstd_msgs__rosidl_typesupport_cpp.so;std_msgs::std_msgs__rosidl_generator_cpp;builtin_interfaces::builtin_interfaces__rosidl_typesupport_cpp;/opt/ros/humble/lib/libstd_msgs__rosidl_generator_py.so;std_msgs::std_msgs__rosidl_generator_c;/usr/lib/x86_64-linux-gnu/libpython3.10.so;std_msgs::std_msgs__rosidl_typesupport_c;builtin_interfaces::builtin_interfaces__rosidl_generator_py;/opt/ros/humble/lib/libtf2.so;geometry_msgs::geometry_msgs__rosidl_generator_c;geometry_msgs::geometry_msgs__rosidl_typesupport_fastrtps_c;geometry_msgs::geometry_msgs__rosidl_typesupport_introspection_c;geometry_msgs::geometry_msgs__rosidl_typesupport_c;geometry_msgs::geometry_msgs__rosidl_generator_cpp;geometry_msgs::geometry_msgs__rosidl_typesupport_fastrtps_cpp;geometry_msgs::geometry_msgs__rosidl_typesupport_introspection_cpp;geometry_msgs::geometry_msgs__rosidl_typesupport_cpp;geometry_msgs::geometry_msgs__rosidl_generator_py;/opt/ros/humble/lib/libtf2.so;/opt/ros/humble/lib/libtf2_ros.so;builtin_interfaces::builtin_interfaces__rosidl_generator_c;builtin_interfaces::builtin_interfaces__rosidl_typesupport_fastrtps_c;builtin_interfaces::builtin_interfaces__rosidl_typesupport_introspection_c;builtin_interfaces::builtin_interfaces__rosidl_typesupport_c;builtin_interfaces::builtin_interfaces__rosidl_generator_cpp;builtin_interfaces::builtin_interfaces__rosidl_typesupport_fastrtps_cpp;builtin_interfaces::builtin_interfaces__rosidl_typesupport_introspection_cpp;builtin_interfaces::builtin_interfaces__rosidl_typesupport_cpp;builtin_interfaces::builtin_interfaces__rosidl_generator_py;message_filters::message_filters;rclcpp_action::rclcpp_action;/opt/ros/humble/lib/libstatic_transform_broadcaster_node.so;rclcpp::rclcpp;tf2_msgs::tf2_msgs__rosidl_generator_c;tf2_msgs::tf2_msgs__rosidl_typesupport_fastrtps_c;tf2_msgs::tf2_msgs__rosidl_typesupport_introspection_c;tf2_msgs::tf2_msgs__rosidl_typesupport_c;tf2_msgs::tf2_msgs__rosidl_generator_cpp;tf2_msgs::tf2_msgs__rosidl_typesupport_fastrtps_cpp;tf2_msgs::tf2_msgs__rosidl_typesupport_introspection_cpp;tf2_msgs::tf2_msgs__rosidl_typesupport_cpp;tf2_msgs::tf2_msgs__rosidl_generator_py;geometry_msgs::geometry_msgs__rosidl_generator_c;geometry_msgs::geometry_msgs__rosidl_typesupport_fastrtps_c;geometry_msgs::geometry_msgs__rosidl_typesupport_introspection_c;geometry_msgs::geometry_msgs__rosidl_typesupport_c;geometry_msgs::geometry_msgs__rosidl_generator_cpp;geometry_msgs::geometry_msgs__rosidl_typesupport_fastrtps_cpp;geometry_msgs::geometry_msgs__rosidl_typesupport_introspection_cpp;geometry_msgs::geometry_msgs__rosidl_typesupport_cpp;geometry_msgs::geometry_msgs__rosidl_generator_py;tf2::tf2;tf2_ros::tf2_ros;Eigen3::Eigen;/opt/ros/humble/lib/libtf2.so;/opt/ros/humble/lib/libtf2_ros.so;builtin_interfaces::builtin_interfaces__rosidl_generator_c;builtin_interfaces::builtin_interfaces__rosidl_typesupport_fastrtps_c;builtin_interfaces::builtin_interfaces__rosidl_typesupport_introspection_c;builtin_interfaces::builtin_interfaces__rosidl_typesupport_c;builtin_interfaces::builtin_interfaces__rosidl_generator_cpp;builtin_interfaces::builtin_interfaces__rosidl_typesupport_fastrtps_cpp;builtin_interfaces::builtin_interfaces__rosidl_typesupport_introspection_cpp;builtin_interfaces::builtin_interfaces__rosidl_typesupport_cpp;builtin_interfaces::builtin_interfaces__rosidl_generator_py;message_filters::message_filters;rclcpp_action::rclcpp_action;/opt/ros/humble/lib/libstatic_transform_broadcaster_node.so;rclcpp::rclcpp;tf2_msgs::tf2_msgs__rosidl_generator_c;tf2_msgs::tf2_msgs__rosidl_typesupport_fastrtps_c;tf2_msgs::tf2_msgs__rosidl_typesupport_introspection_c;tf2_msgs::tf2_msgs__rosidl_typesupport_c;tf2_msgs::tf2_msgs__rosidl_generator_cpp;tf2_msgs::tf2_msgs__rosidl_typesupport_fastrtps_cpp;tf2_msgs::tf2_msgs__rosidl_typesupport_introspection_cpp;tf2_msgs::tf2_msgs__rosidl_typesupport_cpp;tf2_msgs::tf2_msgs__rosidl_generator_py;Eigen3::Eigen;geometry_msgs::geometry_msgs__rosidl_generator_c;geometry_msgs::geometry_msgs__rosidl_typesupport_fastrtps_c;geometry_msgs::geometry_msgs__rosidl_typesupport_introspection_c;geometry_msgs::geometry_msgs__rosidl_typesupport_c;geometry_msgs::geometry_msgs__rosidl_generator_cpp;geometry_msgs::geometry_msgs__rosidl_typesupport_fastrtps_cpp;geometry_msgs::geometry_msgs__rosidl_typesupport_introspection_cpp;geometry_msgs::geometry_msgs__rosidl_typesupport_cpp;geometry_msgs::geometry_msgs__rosidl_generator_py;orocos-kdl;tf2::tf2;tf2_ros::tf2_ros;/opt/ros/humble/lib/libtf2.so;/opt/ros/humble/lib/libtf2_ros.so;builtin_interfaces::builtin_interfaces__rosidl_generator_c;builtin_interfaces::builtin_interfaces__rosidl_typesupport_fastrtps_c;builtin_interfaces::builtin_interfaces__rosidl_typesupport_introspection_c;builtin_interfaces::builtin_interfaces__rosidl_typesupport_c;builtin_interfaces::builtin_interfaces__rosidl_generator_cpp;builtin_interfaces::builtin_interfaces__rosidl_typesupport_fastrtps_cpp;builtin_interfaces::builtin_interfaces__rosidl_typesupport_introspection_cpp;builtin_interfaces::builtin_interfaces__rosidl_typesupport_cpp;builtin_interfaces::builtin_interfaces__rosidl_generator_py;message_filters::message_filters;rclcpp_action::rclcpp_action;/opt/ros/humble/lib/libstatic_transform_broadcaster_node.so;rclcpp::rclcpp;tf2_msgs::tf2_msgs__rosidl_generator_c;tf2_msgs::tf2_msgs__rosidl_typesupport_fastrtps_c;tf2_msgs::tf2_msgs__rosidl_typesupport_introspection_c;tf2_msgs::tf2_msgs__rosidl_typesupport_c;tf2_msgs::tf2_msgs__rosidl_generator_cpp;tf2_msgs::tf2_msgs__rosidl_typesupport_fastrtps_cpp;tf2_msgs::tf2_msgs__rosidl_typesupport_introspection_cpp;tf2_msgs::tf2_msgs__rosidl_typesupport_cpp;tf2_msgs::tf2_msgs__rosidl_generator_py;Eigen3::Eigen;geometry_msgs::geometry_msgs__rosidl_generator_c;geometry_msgs::geometry_msgs__rosidl_typesupport_fastrtps_c;geometry_msgs::geometry_msgs__rosidl_typesupport_introspection_c;geometry_msgs::geometry_msgs__rosidl_typesupport_c;geometry_msgs::geometry_msgs__rosidl_generator_cpp;geometry_msgs::geometry_msgs__rosidl_typesupport_fastrtps_cpp;geometry_msgs::geometry_msgs__rosidl_typesupport_introspection_cpp;geometry_msgs::geometry_msgs__rosidl_typesupport_cpp;geometry_msgs::geometry_msgs__rosidl_generator_py;orocos-kdl;tf2::tf2;tf2_ros::tf2_ros;/home/mihkel/School/ThesisPractical/rtabmap_ws/install/rtabmap/lib/librtabmap_utilite.so.0.21.3;/home/mihkel/School/ThesisPractical/rtabmap_ws/install/rtabmap/lib/librtabmap_core.so.0.21.3;rtabmap::utilite;opencv_core;opencv_calib3d;opencv_imgproc;opencv_highgui;opencv_stitching;opencv_photo;opencv_video;opencv_videoio;opencv_aruco;pcl_common;pcl_octree;pcl_io;pcl_kdtree;pcl_search;pcl_surface;pcl_filters;pcl_features;pcl_registration;pcl_sample_consensus;pcl_ml;pcl_segmentation;pcl_visualization;Boost::system;Boost::filesystem;Boost::date_time;Boost::iostreams;Boost::serialization;/usr/lib/libOpenNI.so;libusb::libusb;VTK::ChartsCore;VTK::CommonColor;VTK::CommonComputationalGeometry;VTK::CommonCore;VTK::CommonDataModel;VTK::CommonExecutionModel;VTK::CommonMath;VTK::CommonMisc;VTK::CommonTransforms;VTK::FiltersCore;VTK::FiltersExtraction;VTK::FiltersGeneral;VTK::FiltersGeometry;VTK::FiltersModeling;VTK::FiltersSources;VTK::ImagingCore;VTK::ImagingSources;VTK::InteractionImage;VTK::InteractionStyle;VTK::InteractionWidgets;VTK::IOCore;VTK::IOGeometry;VTK::IOImage;VTK::IOLegacy;VTK::IOPLY;VTK::RenderingAnnotation;VTK::RenderingCore;VTK::RenderingContext2D;VTK::RenderingLOD;VTK::RenderingFreeType;VTK::ViewsCore;VTK::ViewsContext2D;VTK::RenderingOpenGL2;VTK::GUISupportQt;FLANN::FLANN;QHULL::QHULL;VTK::RenderingVolumeOpenGL2;realsense2::realsense2;octomap;/opt/ros/humble/lib/libgrid_map_core.a;/home/mihkel/School/ThesisPractical/rtabmap_ws/install/rtabmap/lib/librtabmap_gui.so.0.21.3;rtabmap::core;Qt5::Widgets;Qt5::Core;Qt5::Gui;Qt5::OpenGL;/home/mihkel/School/ThesisPractical/rtabmap_ws/install/rtabmap_conversions/lib/librtabmap_conversions.so
[22.421s] [33mCMake Warning (dev) at /usr/lib/x86_64-linux-gnu/cmake/Qt5Core/Qt5CoreMacros.cmake:44 (message):
[22.421s]   qt5_use_modules is not part of the official API, and might be removed in Qt
[22.421s]   6.
[22.422s] Call Stack (most recent call first):
[22.422s]   /usr/lib/x86_64-linux-gnu/cmake/Qt5Core/Qt5CoreMacros.cmake:431 (_qt5_warn_deprecated)
[22.423s]   CMakeLists.txt:85 (QT5_USE_MODULES)
[22.423s] This warning is for project developers.  Use -Wno-dev to suppress it.
[22.423s] [0m
[23.108s] -- Configuring done (22.9s)
[23.795s] -- Generating done (0.3s)
[23.845s] -- Build files have been written to: /home/mihkel/School/ThesisPractical/rtabmap_ws/build/rtabmap_rviz_plugins
[24.098s] Invoked command in '/home/mihkel/School/ThesisPractical/rtabmap_ws/build/rtabmap_rviz_plugins' returned '0': AMENT_PREFIX_PATH=/home/mihkel/School/ThesisPractical/rtabmap_ws/install/rtabmap_conversions:${AMENT_PREFIX_PATH} CMAKE_PREFIX_PATH=/home/mihkel/School/ThesisPractical/rtabmap_ws/install/rtabmap_conversions:/opt/ros/humble:/home/mihkel/School/ThesisPractical/rtabmap_ws/install/rtabmap_msgs:/home/mihkel/School/ThesisPractical/rtabmap_ws/install/rtabmap LD_LIBRARY_PATH=/home/mihkel/School/ThesisPractical/rtabmap_ws/install/rtabmap_conversions/lib:/home/mihkel/School/ThesisPractical/rtabmap_ws/install/rtabmap_msgs/lib:/home/mihkel/School/ThesisPractical/rtabmap_ws/install/rtabmap/lib:${LD_LIBRARY_PATH} PATH=/home/mihkel/School/ThesisPractical/rtabmap_ws/install/rtabmap/bin:${PATH} PKG_CONFIG_PATH=/home/mihkel/School/ThesisPractical/rtabmap_ws/install/rtabmap_msgs/lib/x86_64-linux-gnu/pkgconfig:/home/mihkel/School/ThesisPractical/rtabmap_ws/install/rtabmap_msgs/lib/pkgconfig:/home/mihkel/School/ThesisPractical/rtabmap_ws/install/rtabmap/lib/x86_64-linux-gnu/pkgconfig:/home/mihkel/School/ThesisPractical/rtabmap_ws/install/rtabmap/lib/pkgconfig PYTHONPATH=/home/mihkel/School/ThesisPractical/rtabmap_ws/install/rtabmap_msgs/local/lib/python3.10/dist-packages:${PYTHONPATH} ROS_PACKAGE_PATH=/home/mihkel/School/ThesisPractical/rtabmap_ws/install/rtabmap_msgs/share /home/mihkel/.local/bin/cmake /home/mihkel/School/ThesisPractical/rtabmap_ws/src/rtabmap_ros/rtabmap_rviz_plugins -DCMAKE_BUILD_TYPE=Release -DAMENT_CMAKE_SYMLINK_INSTALL=1 -DCMAKE_INSTALL_PREFIX=/home/mihkel/School/ThesisPractical/rtabmap_ws/install/rtabmap_rviz_plugins
[24.100s] Invoking command in '/home/mihkel/School/ThesisPractical/rtabmap_ws/build/rtabmap_rviz_plugins': AMENT_PREFIX_PATH=/home/mihkel/School/ThesisPractical/rtabmap_ws/install/rtabmap_conversions:${AMENT_PREFIX_PATH} CMAKE_PREFIX_PATH=/home/mihkel/School/ThesisPractical/rtabmap_ws/install/rtabmap_conversions:/opt/ros/humble:/home/mihkel/School/ThesisPractical/rtabmap_ws/install/rtabmap_msgs:/home/mihkel/School/ThesisPractical/rtabmap_ws/install/rtabmap LD_LIBRARY_PATH=/home/mihkel/School/ThesisPractical/rtabmap_ws/install/rtabmap_conversions/lib:/home/mihkel/School/ThesisPractical/rtabmap_ws/install/rtabmap_msgs/lib:/home/mihkel/School/ThesisPractical/rtabmap_ws/install/rtabmap/lib:${LD_LIBRARY_PATH} PATH=/home/mihkel/School/ThesisPractical/rtabmap_ws/install/rtabmap/bin:${PATH} PKG_CONFIG_PATH=/home/mihkel/School/ThesisPractical/rtabmap_ws/install/rtabmap_msgs/lib/x86_64-linux-gnu/pkgconfig:/home/mihkel/School/ThesisPractical/rtabmap_ws/install/rtabmap_msgs/lib/pkgconfig:/home/mihkel/School/ThesisPractical/rtabmap_ws/install/rtabmap/lib/x86_64-linux-gnu/pkgconfig:/home/mihkel/School/ThesisPractical/rtabmap_ws/install/rtabmap/lib/pkgconfig PYTHONPATH=/home/mihkel/School/ThesisPractical/rtabmap_ws/install/rtabmap_msgs/local/lib/python3.10/dist-packages:${PYTHONPATH} ROS_PACKAGE_PATH=/home/mihkel/School/ThesisPractical/rtabmap_ws/install/rtabmap_msgs/share /home/mihkel/.local/bin/cmake --build /home/mihkel/School/ThesisPractical/rtabmap_ws/build/rtabmap_rviz_plugins -- -j12 -l12
[24.563s] [ 10%] [34m[1mGenerating include/rtabmap_rviz_plugins/moc_InfoDisplay.cpp[0m
[24.570s] [ 20%] [34m[1mGenerating include/rtabmap_rviz_plugins/moc_MapGraphDisplay.cpp[0m
[24.590s] [ 30%] [34m[1mGenerating include/rtabmap_rviz_plugins/moc_MapCloudDisplay.cpp[0m
[24.646s] [ 40%] [32mBuilding CXX object CMakeFiles/rtabmap_rviz_plugins.dir/src/MapCloudDisplay.cpp.o[0m
[24.671s] [ 50%] [32mBuilding CXX object CMakeFiles/rtabmap_rviz_plugins.dir/src/InfoDisplay.cpp.o[0m
[24.674s] [ 60%] [32mBuilding CXX object CMakeFiles/rtabmap_rviz_plugins.dir/src/MapGraphDisplay.cpp.o[0m
[24.694s] [ 70%] [32mBuilding CXX object CMakeFiles/rtabmap_rviz_plugins.dir/include/rtabmap_rviz_plugins/moc_MapCloudDisplay.cpp.o[0m
[24.803s] [ 80%] [32mBuilding CXX object CMakeFiles/rtabmap_rviz_plugins.dir/include/rtabmap_rviz_plugins/moc_MapGraphDisplay.cpp.o[0m
[24.819s] [ 90%] [32mBuilding CXX object CMakeFiles/rtabmap_rviz_plugins.dir/include/rtabmap_rviz_plugins/moc_InfoDisplay.cpp.o[0m
