[0.406s] Invoking command in '/home/mihkel/School/ThesisPractical/ros2_ws/build/robot_ros2_msgs': CMAKE_PREFIX_PATH=${CMAKE_PREFIX_PATH}:/home/mihkel/School/ThesisPractical/ros2_ws/install/hospital_carrier:/opt/ros/humble /usr/bin/cmake --build /home/mihkel/School/ThesisPractical/ros2_ws/build/robot_ros2_msgs -- -j12 -l12
[0.521s] [  1%] Built target robot_ros2_msgs__cpp
[0.531s] [ 12%] Built target robot_ros2_msgs__rosidl_generator_c
[0.555s] [ 12%] Built target ament_cmake_python_copy_robot_ros2_msgs
[0.599s] [ 23%] Built target robot_ros2_msgs__rosidl_typesupport_cpp
[0.607s] [ 34%] Built target robot_ros2_msgs__rosidl_typesupport_fastrtps_cpp
[0.609s] [ 45%] Built target robot_ros2_msgs__rosidl_typesupport_c
[0.612s] [ 56%] Built target robot_ros2_msgs__rosidl_typesupport_introspection_cpp
[0.617s] [ 67%] Built target robot_ros2_msgs__rosidl_typesupport_introspection_c
[0.626s] [ 78%] Built target robot_ros2_msgs__rosidl_typesupport_fastrtps_c
[0.676s] [ 78%] Built target robot_ros2_msgs
[0.727s] [ 80%] Built target robot_ros2_msgs__py
[0.784s] [ 89%] Built target robot_ros2_msgs__rosidl_generator_py
[0.840s] [ 92%] Built target robot_ros2_msgs__rosidl_typesupport_fastrtps_c__pyext
[0.841s] [ 96%] Built target robot_ros2_msgs__rosidl_typesupport_introspection_c__pyext
[0.843s] [100%] Built target robot_ros2_msgs__rosidl_typesupport_c__pyext
[1.469s] running egg_info
[1.470s] writing robot_ros2_msgs.egg-info/PKG-INFO
[1.470s] writing dependency_links to robot_ros2_msgs.egg-info/dependency_links.txt
[1.471s] writing top-level names to robot_ros2_msgs.egg-info/top_level.txt
[1.477s] reading manifest file 'robot_ros2_msgs.egg-info/SOURCES.txt'
[1.479s] writing manifest file 'robot_ros2_msgs.egg-info/SOURCES.txt'
[1.541s] [100%] Built target ament_cmake_python_build_robot_ros2_msgs_egg
[1.567s] Invoked command in '/home/mihkel/School/ThesisPractical/ros2_ws/build/robot_ros2_msgs' returned '0': CMAKE_PREFIX_PATH=${CMAKE_PREFIX_PATH}:/home/mihkel/School/ThesisPractical/ros2_ws/install/hospital_carrier:/opt/ros/humble /usr/bin/cmake --build /home/mihkel/School/ThesisPractical/ros2_ws/build/robot_ros2_msgs -- -j12 -l12
[1.806s] Invoking command in '/home/mihkel/School/ThesisPractical/ros2_ws/build/robot_ros2_msgs': CMAKE_PREFIX_PATH=${CMAKE_PREFIX_PATH}:/home/mihkel/School/ThesisPractical/ros2_ws/install/hospital_carrier:/opt/ros/humble /usr/bin/cmake --install /home/mihkel/School/ThesisPractical/ros2_ws/build/robot_ros2_msgs
[1.815s] -- Install configuration: ""
[1.815s] -- Up-to-date: /home/mihkel/School/ThesisPractical/ros2_ws/install/robot_ros2_msgs/share/ament_index/resource_index/rosidl_interfaces/robot_ros2_msgs
[1.816s] -- Up-to-date: /home/mihkel/School/ThesisPractical/ros2_ws/install/robot_ros2_msgs/include/robot_ros2_msgs/robot_ros2_msgs
[1.816s] -- Up-to-date: /home/mihkel/School/ThesisPractical/ros2_ws/install/robot_ros2_msgs/include/robot_ros2_msgs/robot_ros2_msgs/msg
[1.816s] -- Up-to-date: /home/mihkel/School/ThesisPractical/ros2_ws/install/robot_ros2_msgs/include/robot_ros2_msgs/robot_ros2_msgs/msg/int_list.h
[1.816s] -- Up-to-date: /home/mihkel/School/ThesisPractical/ros2_ws/install/robot_ros2_msgs/include/robot_ros2_msgs/robot_ros2_msgs/msg/rosidl_generator_c__visibility_control.h
[1.817s] -- Up-to-date: /home/mihkel/School/ThesisPractical/ros2_ws/install/robot_ros2_msgs/include/robot_ros2_msgs/robot_ros2_msgs/msg/detail
[1.817s] -- Up-to-date: /home/mihkel/School/ThesisPractical/ros2_ws/install/robot_ros2_msgs/include/robot_ros2_msgs/robot_ros2_msgs/msg/detail/tag__type_support.h
[1.817s] -- Up-to-date: /home/mihkel/School/ThesisPractical/ros2_ws/install/robot_ros2_msgs/include/robot_ros2_msgs/robot_ros2_msgs/msg/detail/previous_and_next_point__type_support.h
[1.818s] -- Up-to-date: /home/mihkel/School/ThesisPractical/ros2_ws/install/robot_ros2_msgs/include/robot_ros2_msgs/robot_ros2_msgs/msg/detail/tag__struct.h
[1.818s] -- Up-to-date: /home/mihkel/School/ThesisPractical/ros2_ws/install/robot_ros2_msgs/include/robot_ros2_msgs/robot_ros2_msgs/msg/detail/int_list__functions.c
[1.818s] -- Up-to-date: /home/mihkel/School/ThesisPractical/ros2_ws/install/robot_ros2_msgs/include/robot_ros2_msgs/robot_ros2_msgs/msg/detail/int_list__functions.h
[1.818s] -- Up-to-date: /home/mihkel/School/ThesisPractical/ros2_ws/install/robot_ros2_msgs/include/robot_ros2_msgs/robot_ros2_msgs/msg/detail/tag__functions.h
[1.819s] -- Up-to-date: /home/mihkel/School/ThesisPractical/ros2_ws/install/robot_ros2_msgs/include/robot_ros2_msgs/robot_ros2_msgs/msg/detail/previous_and_next_point__struct.h
[1.819s] -- Up-to-date: /home/mihkel/School/ThesisPractical/ros2_ws/install/robot_ros2_msgs/include/robot_ros2_msgs/robot_ros2_msgs/msg/detail/previous_and_next_point__functions.h
[1.819s] -- Up-to-date: /home/mihkel/School/ThesisPractical/ros2_ws/install/robot_ros2_msgs/include/robot_ros2_msgs/robot_ros2_msgs/msg/detail/encoders__struct.h
[1.819s] -- Up-to-date: /home/mihkel/School/ThesisPractical/ros2_ws/install/robot_ros2_msgs/include/robot_ros2_msgs/robot_ros2_msgs/msg/detail/previous_and_next_point__functions.c
[1.819s] -- Up-to-date: /home/mihkel/School/ThesisPractical/ros2_ws/install/robot_ros2_msgs/include/robot_ros2_msgs/robot_ros2_msgs/msg/detail/encoders__functions.h
[1.820s] -- Up-to-date: /home/mihkel/School/ThesisPractical/ros2_ws/install/robot_ros2_msgs/include/robot_ros2_msgs/robot_ros2_msgs/msg/detail/int_list__type_support.h
[1.820s] -- Up-to-date: /home/mihkel/School/ThesisPractical/ros2_ws/install/robot_ros2_msgs/include/robot_ros2_msgs/robot_ros2_msgs/msg/detail/encoders__type_support.h
[1.820s] -- Up-to-date: /home/mihkel/School/ThesisPractical/ros2_ws/install/robot_ros2_msgs/include/robot_ros2_msgs/robot_ros2_msgs/msg/detail/encoders__functions.c
[1.821s] -- Up-to-date: /home/mihkel/School/ThesisPractical/ros2_ws/install/robot_ros2_msgs/include/robot_ros2_msgs/robot_ros2_msgs/msg/detail/int_list__struct.h
[1.821s] -- Up-to-date: /home/mihkel/School/ThesisPractical/ros2_ws/install/robot_ros2_msgs/include/robot_ros2_msgs/robot_ros2_msgs/msg/detail/tag__functions.c
[1.821s] -- Up-to-date: /home/mihkel/School/ThesisPractical/ros2_ws/install/robot_ros2_msgs/include/robot_ros2_msgs/robot_ros2_msgs/msg/previous_and_next_point.h
[1.821s] -- Up-to-date: /home/mihkel/School/ThesisPractical/ros2_ws/install/robot_ros2_msgs/include/robot_ros2_msgs/robot_ros2_msgs/msg/tag.h
[1.822s] -- Up-to-date: /home/mihkel/School/ThesisPractical/ros2_ws/install/robot_ros2_msgs/include/robot_ros2_msgs/robot_ros2_msgs/msg/encoders.h
[1.822s] -- Up-to-date: /home/mihkel/School/ThesisPractical/ros2_ws/install/robot_ros2_msgs/share/robot_ros2_msgs/environment/library_path.sh
[1.822s] -- Up-to-date: /home/mihkel/School/ThesisPractical/ros2_ws/install/robot_ros2_msgs/share/robot_ros2_msgs/environment/library_path.dsv
[1.822s] -- Up-to-date: /home/mihkel/School/ThesisPractical/ros2_ws/install/robot_ros2_msgs/lib/librobot_ros2_msgs__rosidl_generator_c.so
[1.823s] -- Up-to-date: /home/mihkel/School/ThesisPractical/ros2_ws/install/robot_ros2_msgs/include/robot_ros2_msgs/robot_ros2_msgs
[1.823s] -- Up-to-date: /home/mihkel/School/ThesisPractical/ros2_ws/install/robot_ros2_msgs/include/robot_ros2_msgs/robot_ros2_msgs/msg
[1.823s] -- Up-to-date: /home/mihkel/School/ThesisPractical/ros2_ws/install/robot_ros2_msgs/include/robot_ros2_msgs/robot_ros2_msgs/msg/detail
[1.823s] -- Up-to-date: /home/mihkel/School/ThesisPractical/ros2_ws/install/robot_ros2_msgs/include/robot_ros2_msgs/robot_ros2_msgs/msg/detail/encoders__rosidl_typesupport_fastrtps_c.h
[1.823s] -- Up-to-date: /home/mihkel/School/ThesisPractical/ros2_ws/install/robot_ros2_msgs/include/robot_ros2_msgs/robot_ros2_msgs/msg/detail/previous_and_next_point__rosidl_typesupport_fastrtps_c.h
[1.824s] -- Up-to-date: /home/mihkel/School/ThesisPractical/ros2_ws/install/robot_ros2_msgs/include/robot_ros2_msgs/robot_ros2_msgs/msg/detail/tag__rosidl_typesupport_fastrtps_c.h
[1.824s] -- Up-to-date: /home/mihkel/School/ThesisPractical/ros2_ws/install/robot_ros2_msgs/include/robot_ros2_msgs/robot_ros2_msgs/msg/detail/int_list__rosidl_typesupport_fastrtps_c.h
[1.824s] -- Up-to-date: /home/mihkel/School/ThesisPractical/ros2_ws/install/robot_ros2_msgs/include/robot_ros2_msgs/robot_ros2_msgs/msg/rosidl_typesupport_fastrtps_c__visibility_control.h
[1.824s] -- Up-to-date: /home/mihkel/School/ThesisPractical/ros2_ws/install/robot_ros2_msgs/lib/librobot_ros2_msgs__rosidl_typesupport_fastrtps_c.so
[1.825s] -- Up-to-date: /home/mihkel/School/ThesisPractical/ros2_ws/install/robot_ros2_msgs/include/robot_ros2_msgs/robot_ros2_msgs
[1.825s] -- Up-to-date: /home/mihkel/School/ThesisPractical/ros2_ws/install/robot_ros2_msgs/include/robot_ros2_msgs/robot_ros2_msgs/msg
[1.825s] -- Up-to-date: /home/mihkel/School/ThesisPractical/ros2_ws/install/robot_ros2_msgs/include/robot_ros2_msgs/robot_ros2_msgs/msg/detail
[1.826s] -- Up-to-date: /home/mihkel/School/ThesisPractical/ros2_ws/install/robot_ros2_msgs/include/robot_ros2_msgs/robot_ros2_msgs/msg/detail/tag__type_support.c
[1.826s] -- Up-to-date: /home/mihkel/School/ThesisPractical/ros2_ws/install/robot_ros2_msgs/include/robot_ros2_msgs/robot_ros2_msgs/msg/detail/previous_and_next_point__type_support.c
[1.826s] -- Up-to-date: /home/mihkel/School/ThesisPractical/ros2_ws/install/robot_ros2_msgs/include/robot_ros2_msgs/robot_ros2_msgs/msg/detail/encoders__rosidl_typesupport_introspection_c.h
[1.826s] -- Up-to-date: /home/mihkel/School/ThesisPractical/ros2_ws/install/robot_ros2_msgs/include/robot_ros2_msgs/robot_ros2_msgs/msg/detail/tag__rosidl_typesupport_introspection_c.h
[1.826s] -- Up-to-date: /home/mihkel/School/ThesisPractical/ros2_ws/install/robot_ros2_msgs/include/robot_ros2_msgs/robot_ros2_msgs/msg/detail/previous_and_next_point__rosidl_typesupport_introspection_c.h
[1.827s] -- Up-to-date: /home/mihkel/School/ThesisPractical/ros2_ws/install/robot_ros2_msgs/include/robot_ros2_msgs/robot_ros2_msgs/msg/detail/encoders__type_support.c
[1.827s] -- Up-to-date: /home/mihkel/School/ThesisPractical/ros2_ws/install/robot_ros2_msgs/include/robot_ros2_msgs/robot_ros2_msgs/msg/detail/int_list__rosidl_typesupport_introspection_c.h
[1.827s] -- Up-to-date: /home/mihkel/School/ThesisPractical/ros2_ws/install/robot_ros2_msgs/include/robot_ros2_msgs/robot_ros2_msgs/msg/detail/int_list__type_support.c
[1.827s] -- Up-to-date: /home/mihkel/School/ThesisPractical/ros2_ws/install/robot_ros2_msgs/include/robot_ros2_msgs/robot_ros2_msgs/msg/rosidl_typesupport_introspection_c__visibility_control.h
[1.827s] -- Up-to-date: /home/mihkel/School/ThesisPractical/ros2_ws/install/robot_ros2_msgs/lib/librobot_ros2_msgs__rosidl_typesupport_introspection_c.so
[1.827s] -- Up-to-date: /home/mihkel/School/ThesisPractical/ros2_ws/install/robot_ros2_msgs/lib/librobot_ros2_msgs__rosidl_typesupport_c.so
[1.828s] -- Up-to-date: /home/mihkel/School/ThesisPractical/ros2_ws/install/robot_ros2_msgs/include/robot_ros2_msgs/robot_ros2_msgs
[1.828s] -- Up-to-date: /home/mihkel/School/ThesisPractical/ros2_ws/install/robot_ros2_msgs/include/robot_ros2_msgs/robot_ros2_msgs/msg
[1.828s] -- Up-to-date: /home/mihkel/School/ThesisPractical/ros2_ws/install/robot_ros2_msgs/include/robot_ros2_msgs/robot_ros2_msgs/msg/int_list.hpp
[1.828s] -- Up-to-date: /home/mihkel/School/ThesisPractical/ros2_ws/install/robot_ros2_msgs/include/robot_ros2_msgs/robot_ros2_msgs/msg/encoders.hpp
[1.828s] -- Up-to-date: /home/mihkel/School/ThesisPractical/ros2_ws/install/robot_ros2_msgs/include/robot_ros2_msgs/robot_ros2_msgs/msg/detail
[1.828s] -- Up-to-date: /home/mihkel/School/ThesisPractical/ros2_ws/install/robot_ros2_msgs/include/robot_ros2_msgs/robot_ros2_msgs/msg/detail/tag__builder.hpp
[1.829s] -- Up-to-date: /home/mihkel/School/ThesisPractical/ros2_ws/install/robot_ros2_msgs/include/robot_ros2_msgs/robot_ros2_msgs/msg/detail/previous_and_next_point__builder.hpp
[1.829s] -- Up-to-date: /home/mihkel/School/ThesisPractical/ros2_ws/install/robot_ros2_msgs/include/robot_ros2_msgs/robot_ros2_msgs/msg/detail/previous_and_next_point__struct.hpp
[1.829s] -- Up-to-date: /home/mihkel/School/ThesisPractical/ros2_ws/install/robot_ros2_msgs/include/robot_ros2_msgs/robot_ros2_msgs/msg/detail/int_list__struct.hpp
[1.829s] -- Up-to-date: /home/mihkel/School/ThesisPractical/ros2_ws/install/robot_ros2_msgs/include/robot_ros2_msgs/robot_ros2_msgs/msg/detail/int_list__builder.hpp
[1.829s] -- Up-to-date: /home/mihkel/School/ThesisPractical/ros2_ws/install/robot_ros2_msgs/include/robot_ros2_msgs/robot_ros2_msgs/msg/detail/int_list__traits.hpp
[1.830s] -- Up-to-date: /home/mihkel/School/ThesisPractical/ros2_ws/install/robot_ros2_msgs/include/robot_ros2_msgs/robot_ros2_msgs/msg/detail/encoders__builder.hpp
[1.830s] -- Up-to-date: /home/mihkel/School/ThesisPractical/ros2_ws/install/robot_ros2_msgs/include/robot_ros2_msgs/robot_ros2_msgs/msg/detail/encoders__struct.hpp
[1.830s] -- Up-to-date: /home/mihkel/School/ThesisPractical/ros2_ws/install/robot_ros2_msgs/include/robot_ros2_msgs/robot_ros2_msgs/msg/detail/tag__struct.hpp
[1.830s] -- Up-to-date: /home/mihkel/School/ThesisPractical/ros2_ws/install/robot_ros2_msgs/include/robot_ros2_msgs/robot_ros2_msgs/msg/detail/encoders__traits.hpp
[1.830s] -- Up-to-date: /home/mihkel/School/ThesisPractical/ros2_ws/install/robot_ros2_msgs/include/robot_ros2_msgs/robot_ros2_msgs/msg/detail/previous_and_next_point__traits.hpp
[1.830s] -- Up-to-date: /home/mihkel/School/ThesisPractical/ros2_ws/install/robot_ros2_msgs/include/robot_ros2_msgs/robot_ros2_msgs/msg/detail/tag__traits.hpp
[1.831s] -- Up-to-date: /home/mihkel/School/ThesisPractical/ros2_ws/install/robot_ros2_msgs/include/robot_ros2_msgs/robot_ros2_msgs/msg/previous_and_next_point.hpp
[1.831s] -- Up-to-date: /home/mihkel/School/ThesisPractical/ros2_ws/install/robot_ros2_msgs/include/robot_ros2_msgs/robot_ros2_msgs/msg/tag.hpp
[1.831s] -- Up-to-date: /home/mihkel/School/ThesisPractical/ros2_ws/install/robot_ros2_msgs/include/robot_ros2_msgs/robot_ros2_msgs
[1.831s] -- Up-to-date: /home/mihkel/School/ThesisPractical/ros2_ws/install/robot_ros2_msgs/include/robot_ros2_msgs/robot_ros2_msgs/msg
[1.831s] -- Up-to-date: /home/mihkel/School/ThesisPractical/ros2_ws/install/robot_ros2_msgs/include/robot_ros2_msgs/robot_ros2_msgs/msg/detail
[1.831s] -- Up-to-date: /home/mihkel/School/ThesisPractical/ros2_ws/install/robot_ros2_msgs/include/robot_ros2_msgs/robot_ros2_msgs/msg/detail/dds_fastrtps
[1.832s] -- Up-to-date: /home/mihkel/School/ThesisPractical/ros2_ws/install/robot_ros2_msgs/include/robot_ros2_msgs/robot_ros2_msgs/msg/detail/previous_and_next_point__rosidl_typesupport_fastrtps_cpp.hpp
[1.832s] -- Up-to-date: /home/mihkel/School/ThesisPractical/ros2_ws/install/robot_ros2_msgs/include/robot_ros2_msgs/robot_ros2_msgs/msg/detail/int_list__rosidl_typesupport_fastrtps_cpp.hpp
[1.832s] -- Up-to-date: /home/mihkel/School/ThesisPractical/ros2_ws/install/robot_ros2_msgs/include/robot_ros2_msgs/robot_ros2_msgs/msg/detail/tag__rosidl_typesupport_fastrtps_cpp.hpp
[1.832s] -- Up-to-date: /home/mihkel/School/ThesisPractical/ros2_ws/install/robot_ros2_msgs/include/robot_ros2_msgs/robot_ros2_msgs/msg/detail/encoders__rosidl_typesupport_fastrtps_cpp.hpp
[1.832s] -- Up-to-date: /home/mihkel/School/ThesisPractical/ros2_ws/install/robot_ros2_msgs/include/robot_ros2_msgs/robot_ros2_msgs/msg/rosidl_typesupport_fastrtps_cpp__visibility_control.h
[1.832s] -- Up-to-date: /home/mihkel/School/ThesisPractical/ros2_ws/install/robot_ros2_msgs/lib/librobot_ros2_msgs__rosidl_typesupport_fastrtps_cpp.so
[1.833s] -- Up-to-date: /home/mihkel/School/ThesisPractical/ros2_ws/install/robot_ros2_msgs/include/robot_ros2_msgs/robot_ros2_msgs
[1.833s] -- Up-to-date: /home/mihkel/School/ThesisPractical/ros2_ws/install/robot_ros2_msgs/include/robot_ros2_msgs/robot_ros2_msgs/msg
[1.833s] -- Up-to-date: /home/mihkel/School/ThesisPractical/ros2_ws/install/robot_ros2_msgs/include/robot_ros2_msgs/robot_ros2_msgs/msg/detail
[1.833s] -- Up-to-date: /home/mihkel/School/ThesisPractical/ros2_ws/install/robot_ros2_msgs/include/robot_ros2_msgs/robot_ros2_msgs/msg/detail/encoders__rosidl_typesupport_introspection_cpp.hpp
[1.833s] -- Up-to-date: /home/mihkel/School/ThesisPractical/ros2_ws/install/robot_ros2_msgs/include/robot_ros2_msgs/robot_ros2_msgs/msg/detail/encoders__type_support.cpp
[1.833s] -- Up-to-date: /home/mihkel/School/ThesisPractical/ros2_ws/install/robot_ros2_msgs/include/robot_ros2_msgs/robot_ros2_msgs/msg/detail/tag__type_support.cpp
[1.834s] -- Up-to-date: /home/mihkel/School/ThesisPractical/ros2_ws/install/robot_ros2_msgs/include/robot_ros2_msgs/robot_ros2_msgs/msg/detail/previous_and_next_point__type_support.cpp
[1.834s] -- Up-to-date: /home/mihkel/School/ThesisPractical/ros2_ws/install/robot_ros2_msgs/include/robot_ros2_msgs/robot_ros2_msgs/msg/detail/int_list__rosidl_typesupport_introspection_cpp.hpp
[1.834s] -- Up-to-date: /home/mihkel/School/ThesisPractical/ros2_ws/install/robot_ros2_msgs/include/robot_ros2_msgs/robot_ros2_msgs/msg/detail/previous_and_next_point__rosidl_typesupport_introspection_cpp.hpp
[1.834s] -- Up-to-date: /home/mihkel/School/ThesisPractical/ros2_ws/install/robot_ros2_msgs/include/robot_ros2_msgs/robot_ros2_msgs/msg/detail/tag__rosidl_typesupport_introspection_cpp.hpp
[1.834s] -- Up-to-date: /home/mihkel/School/ThesisPractical/ros2_ws/install/robot_ros2_msgs/include/robot_ros2_msgs/robot_ros2_msgs/msg/detail/int_list__type_support.cpp
[1.834s] -- Up-to-date: /home/mihkel/School/ThesisPractical/ros2_ws/install/robot_ros2_msgs/lib/librobot_ros2_msgs__rosidl_typesupport_introspection_cpp.so
[1.835s] -- Up-to-date: /home/mihkel/School/ThesisPractical/ros2_ws/install/robot_ros2_msgs/lib/librobot_ros2_msgs__rosidl_typesupport_cpp.so
[1.835s] -- Up-to-date: /home/mihkel/School/ThesisPractical/ros2_ws/install/robot_ros2_msgs/share/robot_ros2_msgs/environment/pythonpath.sh
[1.835s] -- Up-to-date: /home/mihkel/School/ThesisPractical/ros2_ws/install/robot_ros2_msgs/share/robot_ros2_msgs/environment/pythonpath.dsv
[1.835s] -- Up-to-date: /home/mihkel/School/ThesisPractical/ros2_ws/install/robot_ros2_msgs/local/lib/python3.10/dist-packages/robot_ros2_msgs-0.0.0-py3.10.egg-info
[1.835s] -- Installing: /home/mihkel/School/ThesisPractical/ros2_ws/install/robot_ros2_msgs/local/lib/python3.10/dist-packages/robot_ros2_msgs-0.0.0-py3.10.egg-info/top_level.txt
[1.835s] -- Installing: /home/mihkel/School/ThesisPractical/ros2_ws/install/robot_ros2_msgs/local/lib/python3.10/dist-packages/robot_ros2_msgs-0.0.0-py3.10.egg-info/PKG-INFO
[1.836s] -- Installing: /home/mihkel/School/ThesisPractical/ros2_ws/install/robot_ros2_msgs/local/lib/python3.10/dist-packages/robot_ros2_msgs-0.0.0-py3.10.egg-info/SOURCES.txt
[1.836s] -- Installing: /home/mihkel/School/ThesisPractical/ros2_ws/install/robot_ros2_msgs/local/lib/python3.10/dist-packages/robot_ros2_msgs-0.0.0-py3.10.egg-info/dependency_links.txt
[1.836s] -- Up-to-date: /home/mihkel/School/ThesisPractical/ros2_ws/install/robot_ros2_msgs/local/lib/python3.10/dist-packages/robot_ros2_msgs
[1.836s] -- Up-to-date: /home/mihkel/School/ThesisPractical/ros2_ws/install/robot_ros2_msgs/local/lib/python3.10/dist-packages/robot_ros2_msgs/_robot_ros2_msgs_s.ep.rosidl_typesupport_c.c
[1.836s] -- Up-to-date: /home/mihkel/School/ThesisPractical/ros2_ws/install/robot_ros2_msgs/local/lib/python3.10/dist-packages/robot_ros2_msgs/_robot_ros2_msgs_s.ep.rosidl_typesupport_fastrtps_c.c
[1.836s] -- Up-to-date: /home/mihkel/School/ThesisPractical/ros2_ws/install/robot_ros2_msgs/local/lib/python3.10/dist-packages/robot_ros2_msgs/_robot_ros2_msgs_s.ep.rosidl_typesupport_introspection_c.c
[1.837s] -- Up-to-date: /home/mihkel/School/ThesisPractical/ros2_ws/install/robot_ros2_msgs/local/lib/python3.10/dist-packages/robot_ros2_msgs/robot_ros2_msgs_s__rosidl_typesupport_c.cpython-310-x86_64-linux-gnu.so
[1.837s] -- Up-to-date: /home/mihkel/School/ThesisPractical/ros2_ws/install/robot_ros2_msgs/local/lib/python3.10/dist-packages/robot_ros2_msgs/robot_ros2_msgs_s__rosidl_typesupport_introspection_c.cpython-310-x86_64-linux-gnu.so
[1.837s] -- Up-to-date: /home/mihkel/School/ThesisPractical/ros2_ws/install/robot_ros2_msgs/local/lib/python3.10/dist-packages/robot_ros2_msgs/__init__.py
[1.837s] -- Up-to-date: /home/mihkel/School/ThesisPractical/ros2_ws/install/robot_ros2_msgs/local/lib/python3.10/dist-packages/robot_ros2_msgs/librobot_ros2_msgs__rosidl_generator_py.so
[1.837s] -- Up-to-date: /home/mihkel/School/ThesisPractical/ros2_ws/install/robot_ros2_msgs/local/lib/python3.10/dist-packages/robot_ros2_msgs/robot_ros2_msgs_s__rosidl_typesupport_fastrtps_c.cpython-310-x86_64-linux-gnu.so
[1.837s] -- Up-to-date: /home/mihkel/School/ThesisPractical/ros2_ws/install/robot_ros2_msgs/local/lib/python3.10/dist-packages/robot_ros2_msgs/msg
[1.838s] -- Up-to-date: /home/mihkel/School/ThesisPractical/ros2_ws/install/robot_ros2_msgs/local/lib/python3.10/dist-packages/robot_ros2_msgs/msg/_previous_and_next_point_s.c
[1.838s] -- Up-to-date: /home/mihkel/School/ThesisPractical/ros2_ws/install/robot_ros2_msgs/local/lib/python3.10/dist-packages/robot_ros2_msgs/msg/_encoders_s.c
[1.838s] -- Up-to-date: /home/mihkel/School/ThesisPractical/ros2_ws/install/robot_ros2_msgs/local/lib/python3.10/dist-packages/robot_ros2_msgs/msg/_tag_s.c
[1.838s] -- Up-to-date: /home/mihkel/School/ThesisPractical/ros2_ws/install/robot_ros2_msgs/local/lib/python3.10/dist-packages/robot_ros2_msgs/msg/_previous_and_next_point.py
[1.838s] -- Up-to-date: /home/mihkel/School/ThesisPractical/ros2_ws/install/robot_ros2_msgs/local/lib/python3.10/dist-packages/robot_ros2_msgs/msg/_int_list.py
[1.838s] -- Up-to-date: /home/mihkel/School/ThesisPractical/ros2_ws/install/robot_ros2_msgs/local/lib/python3.10/dist-packages/robot_ros2_msgs/msg/_tag.py
[1.839s] -- Up-to-date: /home/mihkel/School/ThesisPractical/ros2_ws/install/robot_ros2_msgs/local/lib/python3.10/dist-packages/robot_ros2_msgs/msg/_int_list_s.c
[1.839s] -- Up-to-date: /home/mihkel/School/ThesisPractical/ros2_ws/install/robot_ros2_msgs/local/lib/python3.10/dist-packages/robot_ros2_msgs/msg/__init__.py
[1.839s] -- Up-to-date: /home/mihkel/School/ThesisPractical/ros2_ws/install/robot_ros2_msgs/local/lib/python3.10/dist-packages/robot_ros2_msgs/msg/_encoders.py
[1.906s] Listing '/home/mihkel/School/ThesisPractical/ros2_ws/install/robot_ros2_msgs/local/lib/python3.10/dist-packages/robot_ros2_msgs'...
[1.907s] Listing '/home/mihkel/School/ThesisPractical/ros2_ws/install/robot_ros2_msgs/local/lib/python3.10/dist-packages/robot_ros2_msgs/msg'...
[1.916s] -- Up-to-date: /home/mihkel/School/ThesisPractical/ros2_ws/install/robot_ros2_msgs/local/lib/python3.10/dist-packages/robot_ros2_msgs/robot_ros2_msgs_s__rosidl_typesupport_fastrtps_c.cpython-310-x86_64-linux-gnu.so
[1.916s] -- Up-to-date: /home/mihkel/School/ThesisPractical/ros2_ws/install/robot_ros2_msgs/local/lib/python3.10/dist-packages/robot_ros2_msgs/robot_ros2_msgs_s__rosidl_typesupport_introspection_c.cpython-310-x86_64-linux-gnu.so
[1.917s] -- Up-to-date: /home/mihkel/School/ThesisPractical/ros2_ws/install/robot_ros2_msgs/local/lib/python3.10/dist-packages/robot_ros2_msgs/robot_ros2_msgs_s__rosidl_typesupport_c.cpython-310-x86_64-linux-gnu.so
[1.917s] -- Up-to-date: /home/mihkel/School/ThesisPractical/ros2_ws/install/robot_ros2_msgs/lib/librobot_ros2_msgs__rosidl_generator_py.so
[1.918s] -- Up-to-date: /home/mihkel/School/ThesisPractical/ros2_ws/install/robot_ros2_msgs/share/robot_ros2_msgs/msg/Encoders.idl
[1.918s] -- Up-to-date: /home/mihkel/School/ThesisPractical/ros2_ws/install/robot_ros2_msgs/share/robot_ros2_msgs/msg/IntList.idl
[1.919s] -- Up-to-date: /home/mihkel/School/ThesisPractical/ros2_ws/install/robot_ros2_msgs/share/robot_ros2_msgs/msg/PreviousAndNextPoint.idl
[1.919s] -- Up-to-date: /home/mihkel/School/ThesisPractical/ros2_ws/install/robot_ros2_msgs/share/robot_ros2_msgs/msg/Tag.idl
[1.919s] -- Up-to-date: /home/mihkel/School/ThesisPractical/ros2_ws/install/robot_ros2_msgs/share/robot_ros2_msgs/msg/Encoders.msg
[1.919s] -- Up-to-date: /home/mihkel/School/ThesisPractical/ros2_ws/install/robot_ros2_msgs/share/robot_ros2_msgs/msg/IntList.msg
[1.920s] -- Up-to-date: /home/mihkel/School/ThesisPractical/ros2_ws/install/robot_ros2_msgs/share/robot_ros2_msgs/msg/PreviousAndNextPoint.msg
[1.920s] -- Up-to-date: /home/mihkel/School/ThesisPractical/ros2_ws/install/robot_ros2_msgs/share/robot_ros2_msgs/msg/Tag.msg
[1.920s] -- Up-to-date: /home/mihkel/School/ThesisPractical/ros2_ws/install/robot_ros2_msgs/share/ament_index/resource_index/package_run_dependencies/robot_ros2_msgs
[1.920s] -- Up-to-date: /home/mihkel/School/ThesisPractical/ros2_ws/install/robot_ros2_msgs/share/ament_index/resource_index/parent_prefix_path/robot_ros2_msgs
[1.921s] -- Up-to-date: /home/mihkel/School/ThesisPractical/ros2_ws/install/robot_ros2_msgs/share/robot_ros2_msgs/environment/ament_prefix_path.sh
[1.921s] -- Up-to-date: /home/mihkel/School/ThesisPractical/ros2_ws/install/robot_ros2_msgs/share/robot_ros2_msgs/environment/ament_prefix_path.dsv
[1.921s] -- Up-to-date: /home/mihkel/School/ThesisPractical/ros2_ws/install/robot_ros2_msgs/share/robot_ros2_msgs/environment/path.sh
[1.921s] -- Up-to-date: /home/mihkel/School/ThesisPractical/ros2_ws/install/robot_ros2_msgs/share/robot_ros2_msgs/environment/path.dsv
[1.922s] -- Up-to-date: /home/mihkel/School/ThesisPractical/ros2_ws/install/robot_ros2_msgs/share/robot_ros2_msgs/local_setup.bash
[1.922s] -- Up-to-date: /home/mihkel/School/ThesisPractical/ros2_ws/install/robot_ros2_msgs/share/robot_ros2_msgs/local_setup.sh
[1.922s] -- Up-to-date: /home/mihkel/School/ThesisPractical/ros2_ws/install/robot_ros2_msgs/share/robot_ros2_msgs/local_setup.zsh
[1.923s] -- Up-to-date: /home/mihkel/School/ThesisPractical/ros2_ws/install/robot_ros2_msgs/share/robot_ros2_msgs/local_setup.dsv
[1.923s] -- Installing: /home/mihkel/School/ThesisPractical/ros2_ws/install/robot_ros2_msgs/share/robot_ros2_msgs/package.dsv
[1.923s] -- Up-to-date: /home/mihkel/School/ThesisPractical/ros2_ws/install/robot_ros2_msgs/share/ament_index/resource_index/packages/robot_ros2_msgs
[1.923s] -- Up-to-date: /home/mihkel/School/ThesisPractical/ros2_ws/install/robot_ros2_msgs/share/robot_ros2_msgs/cmake/export_robot_ros2_msgs__rosidl_generator_cExport.cmake
[1.924s] -- Up-to-date: /home/mihkel/School/ThesisPractical/ros2_ws/install/robot_ros2_msgs/share/robot_ros2_msgs/cmake/export_robot_ros2_msgs__rosidl_generator_cExport-noconfig.cmake
[1.924s] -- Up-to-date: /home/mihkel/School/ThesisPractical/ros2_ws/install/robot_ros2_msgs/share/robot_ros2_msgs/cmake/export_robot_ros2_msgs__rosidl_typesupport_fastrtps_cExport.cmake
[1.924s] -- Up-to-date: /home/mihkel/School/ThesisPractical/ros2_ws/install/robot_ros2_msgs/share/robot_ros2_msgs/cmake/export_robot_ros2_msgs__rosidl_typesupport_fastrtps_cExport-noconfig.cmake
[1.924s] -- Up-to-date: /home/mihkel/School/ThesisPractical/ros2_ws/install/robot_ros2_msgs/share/robot_ros2_msgs/cmake/robot_ros2_msgs__rosidl_typesupport_introspection_cExport.cmake
[1.924s] -- Up-to-date: /home/mihkel/School/ThesisPractical/ros2_ws/install/robot_ros2_msgs/share/robot_ros2_msgs/cmake/robot_ros2_msgs__rosidl_typesupport_introspection_cExport-noconfig.cmake
[1.924s] -- Up-to-date: /home/mihkel/School/ThesisPractical/ros2_ws/install/robot_ros2_msgs/share/robot_ros2_msgs/cmake/robot_ros2_msgs__rosidl_typesupport_cExport.cmake
[1.925s] -- Up-to-date: /home/mihkel/School/ThesisPractical/ros2_ws/install/robot_ros2_msgs/share/robot_ros2_msgs/cmake/robot_ros2_msgs__rosidl_typesupport_cExport-noconfig.cmake
[1.925s] -- Up-to-date: /home/mihkel/School/ThesisPractical/ros2_ws/install/robot_ros2_msgs/share/robot_ros2_msgs/cmake/export_robot_ros2_msgs__rosidl_generator_cppExport.cmake
[1.925s] -- Up-to-date: /home/mihkel/School/ThesisPractical/ros2_ws/install/robot_ros2_msgs/share/robot_ros2_msgs/cmake/export_robot_ros2_msgs__rosidl_typesupport_fastrtps_cppExport.cmake
[1.925s] -- Up-to-date: /home/mihkel/School/ThesisPractical/ros2_ws/install/robot_ros2_msgs/share/robot_ros2_msgs/cmake/export_robot_ros2_msgs__rosidl_typesupport_fastrtps_cppExport-noconfig.cmake
[1.925s] -- Up-to-date: /home/mihkel/School/ThesisPractical/ros2_ws/install/robot_ros2_msgs/share/robot_ros2_msgs/cmake/robot_ros2_msgs__rosidl_typesupport_introspection_cppExport.cmake
[1.925s] -- Up-to-date: /home/mihkel/School/ThesisPractical/ros2_ws/install/robot_ros2_msgs/share/robot_ros2_msgs/cmake/robot_ros2_msgs__rosidl_typesupport_introspection_cppExport-noconfig.cmake
[1.926s] -- Up-to-date: /home/mihkel/School/ThesisPractical/ros2_ws/install/robot_ros2_msgs/share/robot_ros2_msgs/cmake/robot_ros2_msgs__rosidl_typesupport_cppExport.cmake
[1.926s] -- Up-to-date: /home/mihkel/School/ThesisPractical/ros2_ws/install/robot_ros2_msgs/share/robot_ros2_msgs/cmake/robot_ros2_msgs__rosidl_typesupport_cppExport-noconfig.cmake
[1.926s] -- Up-to-date: /home/mihkel/School/ThesisPractical/ros2_ws/install/robot_ros2_msgs/share/robot_ros2_msgs/cmake/export_robot_ros2_msgs__rosidl_generator_pyExport.cmake
[1.926s] -- Up-to-date: /home/mihkel/School/ThesisPractical/ros2_ws/install/robot_ros2_msgs/share/robot_ros2_msgs/cmake/export_robot_ros2_msgs__rosidl_generator_pyExport-noconfig.cmake
[1.927s] -- Up-to-date: /home/mihkel/School/ThesisPractical/ros2_ws/install/robot_ros2_msgs/share/robot_ros2_msgs/cmake/rosidl_cmake-extras.cmake
[1.927s] -- Up-to-date: /home/mihkel/School/ThesisPractical/ros2_ws/install/robot_ros2_msgs/share/robot_ros2_msgs/cmake/ament_cmake_export_dependencies-extras.cmake
[1.927s] -- Up-to-date: /home/mihkel/School/ThesisPractical/ros2_ws/install/robot_ros2_msgs/share/robot_ros2_msgs/cmake/ament_cmake_export_include_directories-extras.cmake
[1.928s] -- Up-to-date: /home/mihkel/School/ThesisPractical/ros2_ws/install/robot_ros2_msgs/share/robot_ros2_msgs/cmake/ament_cmake_export_libraries-extras.cmake
[1.929s] -- Up-to-date: /home/mihkel/School/ThesisPractical/ros2_ws/install/robot_ros2_msgs/share/robot_ros2_msgs/cmake/ament_cmake_export_targets-extras.cmake
[1.929s] -- Up-to-date: /home/mihkel/School/ThesisPractical/ros2_ws/install/robot_ros2_msgs/share/robot_ros2_msgs/cmake/rosidl_cmake_export_typesupport_targets-extras.cmake
[1.929s] -- Up-to-date: /home/mihkel/School/ThesisPractical/ros2_ws/install/robot_ros2_msgs/share/robot_ros2_msgs/cmake/rosidl_cmake_export_typesupport_libraries-extras.cmake
[1.930s] -- Up-to-date: /home/mihkel/School/ThesisPractical/ros2_ws/install/robot_ros2_msgs/share/robot_ros2_msgs/cmake/robot_ros2_msgsConfig.cmake
[1.931s] -- Up-to-date: /home/mihkel/School/ThesisPractical/ros2_ws/install/robot_ros2_msgs/share/robot_ros2_msgs/cmake/robot_ros2_msgsConfig-version.cmake
[1.931s] -- Up-to-date: /home/mihkel/School/ThesisPractical/ros2_ws/install/robot_ros2_msgs/share/robot_ros2_msgs/package.xml
[1.931s] Invoked command in '/home/mihkel/School/ThesisPractical/ros2_ws/build/robot_ros2_msgs' returned '0': CMAKE_PREFIX_PATH=${CMAKE_PREFIX_PATH}:/home/mihkel/School/ThesisPractical/ros2_ws/install/hospital_carrier:/opt/ros/humble /usr/bin/cmake --install /home/mihkel/School/ThesisPractical/ros2_ws/build/robot_ros2_msgs
