[0.689s] Invoking command in '/home/mihkel/School/ThesisPractical/myros_ws/build/nav2_plugin_tutorial': CMAKE_PREFIX_PATH=/opt/ros/humble /home/mihkel/.local/bin/cmake --build /home/mihkel/School/ThesisPractical/myros_ws/build/nav2_plugin_tutorial -- -j12 -l12
[0.954s] [100%] Built target nav2_plugin_tutorial_core
[3.075s] Invoked command in '/home/mihkel/School/ThesisPractical/myros_ws/build/nav2_plugin_tutorial' returned '0': CMAKE_PREFIX_PATH=/opt/ros/humble /home/mihkel/.local/bin/cmake --build /home/mihkel/School/ThesisPractical/myros_ws/build/nav2_plugin_tutorial -- -j12 -l12
[3.418s] Invoking command in '/home/mihkel/School/ThesisPractical/myros_ws/build/nav2_plugin_tutorial': CMAKE_PREFIX_PATH=/opt/ros/humble /home/mihkel/.local/bin/cmake --install /home/mihkel/School/ThesisPractical/myros_ws/build/nav2_plugin_tutorial
[3.539s] -- Install configuration: ""
[3.542s] -- Execute custom install script
[3.544s] -- Up-to-date symlink: /home/mihkel/School/ThesisPractical/myros_ws/install/nav2_plugin_tutorial/lib/libnav2_plugin_tutorial_core.so
[3.545s] -- Up-to-date symlink: /home/mihkel/School/ThesisPractical/myros_ws/install/nav2_plugin_tutorial/share/nav2_plugin_tutorial//tutorial_layer.xml
[3.546s] -- Up-to-date symlink: /home/mihkel/School/ThesisPractical/myros_ws/install/nav2_plugin_tutorial/share/ament_index/resource_index/package_run_dependencies/nav2_plugin_tutorial
[3.547s] -- Up-to-date symlink: /home/mihkel/School/ThesisPractical/myros_ws/install/nav2_plugin_tutorial/share/ament_index/resource_index/parent_prefix_path/nav2_plugin_tutorial
[3.548s] -- Up-to-date symlink: /home/mihkel/School/ThesisPractical/myros_ws/install/nav2_plugin_tutorial/share/nav2_plugin_tutorial/environment/ament_prefix_path.sh
[3.549s] -- Up-to-date symlink: /home/mihkel/School/ThesisPractical/myros_ws/install/nav2_plugin_tutorial/share/nav2_plugin_tutorial/environment/ament_prefix_path.dsv
[3.550s] -- Up-to-date symlink: /home/mihkel/School/ThesisPractical/myros_ws/install/nav2_plugin_tutorial/share/nav2_plugin_tutorial/environment/path.sh
[3.551s] -- Up-to-date symlink: /home/mihkel/School/ThesisPractical/myros_ws/install/nav2_plugin_tutorial/share/nav2_plugin_tutorial/environment/path.dsv
[3.551s] -- Up-to-date symlink: /home/mihkel/School/ThesisPractical/myros_ws/install/nav2_plugin_tutorial/share/nav2_plugin_tutorial/local_setup.bash
[3.552s] -- Up-to-date symlink: /home/mihkel/School/ThesisPractical/myros_ws/install/nav2_plugin_tutorial/share/nav2_plugin_tutorial/local_setup.sh
[3.553s] -- Up-to-date symlink: /home/mihkel/School/ThesisPractical/myros_ws/install/nav2_plugin_tutorial/share/nav2_plugin_tutorial/local_setup.zsh
[3.554s] -- Up-to-date symlink: /home/mihkel/School/ThesisPractical/myros_ws/install/nav2_plugin_tutorial/share/nav2_plugin_tutorial/local_setup.dsv
[3.554s] -- Symlinking: /home/mihkel/School/ThesisPractical/myros_ws/install/nav2_plugin_tutorial/share/nav2_plugin_tutorial/package.dsv
[3.565s] -- Up-to-date symlink: /home/mihkel/School/ThesisPractical/myros_ws/install/nav2_plugin_tutorial/share/ament_index/resource_index/packages/nav2_plugin_tutorial
[3.566s] -- Up-to-date symlink: /home/mihkel/School/ThesisPractical/myros_ws/install/nav2_plugin_tutorial/share/ament_index/resource_index/nav2_costmap_2d__pluginlib__plugin/nav2_plugin_tutorial
[3.567s] -- Up-to-date symlink: /home/mihkel/School/ThesisPractical/myros_ws/install/nav2_plugin_tutorial/share/nav2_plugin_tutorial/cmake/nav2_plugin_tutorialConfig.cmake
[3.568s] -- Up-to-date symlink: /home/mihkel/School/ThesisPractical/myros_ws/install/nav2_plugin_tutorial/share/nav2_plugin_tutorial/cmake/nav2_plugin_tutorialConfig-version.cmake
[3.569s] -- Up-to-date symlink: /home/mihkel/School/ThesisPractical/myros_ws/install/nav2_plugin_tutorial/share/nav2_plugin_tutorial/package.xml
[3.598s] Invoked command in '/home/mihkel/School/ThesisPractical/myros_ws/build/nav2_plugin_tutorial' returned '0': CMAKE_PREFIX_PATH=/opt/ros/humble /home/mihkel/.local/bin/cmake --install /home/mihkel/School/ThesisPractical/myros_ws/build/nav2_plugin_tutorial
