[  2%] [34m[1mGenerating C code for ROS interfaces[0m
[  5%] [34m[1mGenerating C++ code for ROS interfaces[0m
[  5%] Built target ament_cmake_python_copy_nav2_dynamic_msgs
[  5%] Built target nav2_dynamic_msgs__cpp
[  7%] [34m[1mGenerating C++ type support for eProsima Fast-RTPS[0m
[ 10%] [34m[1mGenerating C++ type support dispatch for ROS interfaces[0m
[ 12%] [34m[1mGenerating C++ introspection for ROS interfaces[0m
running egg_info
creating nav2_dynamic_msgs.egg-info
[ 15%] [32mBuilding C object CMakeFiles/nav2_dynamic_msgs__rosidl_generator_c.dir/rosidl_generator_c/nav2_dynamic_msgs/msg/detail/obstacle__functions.c.o[0m
[ 17%] [32mBuilding C object CMakeFiles/nav2_dynamic_msgs__rosidl_generator_c.dir/rosidl_generator_c/nav2_dynamic_msgs/msg/detail/obstacle_array__functions.c.o[0m
writing nav2_dynamic_msgs.egg-info/PKG-INFO
writing dependency_links to nav2_dynamic_msgs.egg-info/dependency_links.txt
writing top-level names to nav2_dynamic_msgs.egg-info/top_level.txt
writing manifest file 'nav2_dynamic_msgs.egg-info/SOURCES.txt'
[ 20%] [32m[1mLinking C shared library libnav2_dynamic_msgs__rosidl_generator_c.so[0m
[ 20%] Built target nav2_dynamic_msgs__rosidl_generator_c
[ 25%] [34m[1mGenerating C introspection for ROS interfaces[0m
[ 25%] [34m[1mGenerating C type support dispatch for ROS interfaces[0m
[ 28%] [34m[1mGenerating C type support for eProsima Fast-RTPS[0m
reading manifest file 'nav2_dynamic_msgs.egg-info/SOURCES.txt'
writing manifest file 'nav2_dynamic_msgs.egg-info/SOURCES.txt'
[ 28%] Built target ament_cmake_python_build_nav2_dynamic_msgs_egg
[ 30%] [32mBuilding CXX object CMakeFiles/nav2_dynamic_msgs__rosidl_typesupport_cpp.dir/rosidl_typesupport_cpp/nav2_dynamic_msgs/msg/obstacle__type_support.cpp.o[0m
[ 33%] [32mBuilding CXX object CMakeFiles/nav2_dynamic_msgs__rosidl_typesupport_cpp.dir/rosidl_typesupport_cpp/nav2_dynamic_msgs/msg/obstacle_array__type_support.cpp.o[0m
[ 35%] [32mBuilding CXX object CMakeFiles/nav2_dynamic_msgs__rosidl_typesupport_introspection_cpp.dir/rosidl_typesupport_introspection_cpp/nav2_dynamic_msgs/msg/detail/obstacle__type_support.cpp.o[0m
[ 38%] [32mBuilding CXX object CMakeFiles/nav2_dynamic_msgs__rosidl_typesupport_introspection_cpp.dir/rosidl_typesupport_introspection_cpp/nav2_dynamic_msgs/msg/detail/obstacle_array__type_support.cpp.o[0m
[ 41%] [32mBuilding CXX object CMakeFiles/nav2_dynamic_msgs__rosidl_typesupport_fastrtps_cpp.dir/rosidl_typesupport_fastrtps_cpp/nav2_dynamic_msgs/msg/detail/dds_fastrtps/obstacle__type_support.cpp.o[0m
[ 43%] [32mBuilding CXX object CMakeFiles/nav2_dynamic_msgs__rosidl_typesupport_fastrtps_cpp.dir/rosidl_typesupport_fastrtps_cpp/nav2_dynamic_msgs/msg/detail/dds_fastrtps/obstacle_array__type_support.cpp.o[0m
[ 46%] [32mBuilding CXX object CMakeFiles/nav2_dynamic_msgs__rosidl_typesupport_c.dir/rosidl_typesupport_c/nav2_dynamic_msgs/msg/obstacle__type_support.cpp.o[0m
[ 48%] [32mBuilding CXX object CMakeFiles/nav2_dynamic_msgs__rosidl_typesupport_c.dir/rosidl_typesupport_c/nav2_dynamic_msgs/msg/obstacle_array__type_support.cpp.o[0m
[ 51%] [32m[1mLinking CXX shared library libnav2_dynamic_msgs__rosidl_typesupport_c.so[0m
[ 51%] Built target nav2_dynamic_msgs__rosidl_typesupport_c
[ 53%] [32mBuilding C object CMakeFiles/nav2_dynamic_msgs__rosidl_typesupport_introspection_c.dir/rosidl_typesupport_introspection_c/nav2_dynamic_msgs/msg/detail/obstacle__type_support.c.o[0m
[ 56%] [32mBuilding C object CMakeFiles/nav2_dynamic_msgs__rosidl_typesupport_introspection_c.dir/rosidl_typesupport_introspection_c/nav2_dynamic_msgs/msg/detail/obstacle_array__type_support.c.o[0m
[ 58%] [32mBuilding CXX object CMakeFiles/nav2_dynamic_msgs__rosidl_typesupport_fastrtps_c.dir/rosidl_typesupport_fastrtps_c/nav2_dynamic_msgs/msg/detail/obstacle__type_support_c.cpp.o[0m
[ 61%] [32mBuilding CXX object CMakeFiles/nav2_dynamic_msgs__rosidl_typesupport_fastrtps_c.dir/rosidl_typesupport_fastrtps_c/nav2_dynamic_msgs/msg/detail/obstacle_array__type_support_c.cpp.o[0m
[ 64%] [32m[1mLinking C shared library libnav2_dynamic_msgs__rosidl_typesupport_introspection_c.so[0m
[ 64%] Built target nav2_dynamic_msgs__rosidl_typesupport_introspection_c
[ 66%] [32m[1mLinking CXX shared library libnav2_dynamic_msgs__rosidl_typesupport_cpp.so[0m
[ 66%] Built target nav2_dynamic_msgs__rosidl_typesupport_cpp
[ 69%] [32m[1mLinking CXX shared library libnav2_dynamic_msgs__rosidl_typesupport_introspection_cpp.so[0m
[ 69%] Built target nav2_dynamic_msgs__rosidl_typesupport_introspection_cpp
[ 71%] [32m[1mLinking CXX shared library libnav2_dynamic_msgs__rosidl_typesupport_fastrtps_cpp.so[0m
[ 71%] Built target nav2_dynamic_msgs__rosidl_typesupport_fastrtps_cpp
[ 74%] [32m[1mLinking CXX shared library libnav2_dynamic_msgs__rosidl_typesupport_fastrtps_c.so[0m
[ 74%] Built target nav2_dynamic_msgs__rosidl_typesupport_fastrtps_c
[ 74%] Built target nav2_dynamic_msgs
[ 76%] [34m[1mGenerating Python code for ROS interfaces[0m
