[2.816s] DEBUG:colcon:Command line arguments: ['/usr/bin/colcon', 'build']
[2.816s] DEBUG:colcon:Parsed command line arguments: Namespace(log_base=None, log_level=None, verb_name='build', build_base='build', install_base='install', merge_install=False, symlink_install=False, test_result_base=None, continue_on_error=False, executor='parallel', parallel_workers=12, event_handlers=None, ignore_user_meta=False, metas=['./colcon.meta'], base_paths=['.'], packages_ignore=None, packages_ignore_regex=None, paths=None, packages_up_to=None, packages_up_to_regex=None, packages_above=None, packages_above_and_dependencies=None, packages_above_depth=None, packages_select_by_dep=None, packages_skip_by_dep=None, packages_skip_up_to=None, packages_select_build_failed=False, packages_skip_build_finished=False, packages_select_test_failures=False, packages_skip_test_passed=False, packages_select=None, packages_skip=None, packages_select_regex=None, packages_skip_regex=None, packages_start=None, packages_end=None, allow_overriding=[], cmake_args=None, cmake_target=None, cmake_target_skip_unavailable=False, cmake_clean_cache=False, cmake_clean_first=False, cmake_force_configure=False, ament_cmake_args=None, catkin_cmake_args=None, catkin_skip_building_tests=False, verb_parser=<colcon_defaults.argument_parser.defaults.DefaultArgumentsDecorator object at 0x7fec2f3a3a90>, verb_extension=<colcon_core.verb.build.BuildVerb object at 0x7fec2f3a0ca0>, main=<bound method BuildVerb.main of <colcon_core.verb.build.BuildVerb object at 0x7fec2f3a0ca0>>)
[2.928s] Level 1:colcon.colcon_core.package_discovery:discover_packages(colcon_meta) check parameters
[2.928s] Level 1:colcon.colcon_core.package_discovery:discover_packages(recursive) check parameters
[2.928s] Level 1:colcon.colcon_core.package_discovery:discover_packages(ignore) check parameters
[2.928s] Level 1:colcon.colcon_core.package_discovery:discover_packages(path) check parameters
[2.928s] Level 1:colcon.colcon_core.package_discovery:discover_packages(colcon_meta) discover
[2.928s] Level 1:colcon.colcon_core.package_discovery:discover_packages(recursive) discover
[2.929s] INFO:colcon.colcon_core.package_discovery:Crawling recursively for packages in '/home/mihkel/School/ThesisPractical/realsense_ws'
[2.929s] Level 1:colcon.colcon_core.package_identification:_identify(.) by extensions ['ignore', 'ignore_ament_install']
[2.929s] Level 1:colcon.colcon_core.package_identification:_identify(.) by extension 'ignore'
[2.929s] Level 1:colcon.colcon_core.package_identification:_identify(.) by extension 'ignore_ament_install'
[2.929s] Level 1:colcon.colcon_core.package_identification:_identify(.) by extensions ['colcon_pkg']
[2.929s] Level 1:colcon.colcon_core.package_identification:_identify(.) by extension 'colcon_pkg'
[2.929s] Level 1:colcon.colcon_core.package_identification:_identify(.) by extensions ['colcon_meta']
[2.929s] Level 1:colcon.colcon_core.package_identification:_identify(.) by extension 'colcon_meta'
[2.930s] Level 1:colcon.colcon_core.package_identification:_identify(.) by extensions ['ros']
[2.930s] Level 1:colcon.colcon_core.package_identification:_identify(.) by extension 'ros'
[2.951s] Level 1:colcon.colcon_core.package_identification:_identify(.) by extensions ['cmake', 'python']
[2.951s] Level 1:colcon.colcon_core.package_identification:_identify(.) by extension 'cmake'
[2.951s] Level 1:colcon.colcon_core.package_identification:_identify(.) by extension 'python'
[2.952s] Level 1:colcon.colcon_core.package_identification:_identify(.) by extensions ['python_setup_py']
[2.952s] Level 1:colcon.colcon_core.package_identification:_identify(.) by extension 'python_setup_py'
[2.952s] Level 1:colcon.colcon_core.package_identification:_identify(build) by extensions ['ignore', 'ignore_ament_install']
[2.952s] Level 1:colcon.colcon_core.package_identification:_identify(build) by extension 'ignore'
[2.952s] Level 1:colcon.colcon_core.package_identification:_identify(build) ignored
[2.952s] Level 1:colcon.colcon_core.package_identification:_identify(install) by extensions ['ignore', 'ignore_ament_install']
[2.953s] Level 1:colcon.colcon_core.package_identification:_identify(install) by extension 'ignore'
[2.953s] Level 1:colcon.colcon_core.package_identification:_identify(install) ignored
[2.953s] Level 1:colcon.colcon_core.package_identification:_identify(log) by extensions ['ignore', 'ignore_ament_install']
[2.953s] Level 1:colcon.colcon_core.package_identification:_identify(log) by extension 'ignore'
[2.953s] Level 1:colcon.colcon_core.package_identification:_identify(log) ignored
[2.953s] Level 1:colcon.colcon_core.package_identification:_identify(src) by extensions ['ignore', 'ignore_ament_install']
[2.954s] Level 1:colcon.colcon_core.package_identification:_identify(src) by extension 'ignore'
[2.954s] Level 1:colcon.colcon_core.package_identification:_identify(src) by extension 'ignore_ament_install'
[2.954s] Level 1:colcon.colcon_core.package_identification:_identify(src) by extensions ['colcon_pkg']
[2.954s] Level 1:colcon.colcon_core.package_identification:_identify(src) by extension 'colcon_pkg'
[2.954s] Level 1:colcon.colcon_core.package_identification:_identify(src) by extensions ['colcon_meta']
[2.954s] Level 1:colcon.colcon_core.package_identification:_identify(src) by extension 'colcon_meta'
[2.954s] Level 1:colcon.colcon_core.package_identification:_identify(src) by extensions ['ros']
[2.954s] Level 1:colcon.colcon_core.package_identification:_identify(src) by extension 'ros'
[2.954s] Level 1:colcon.colcon_core.package_identification:_identify(src) by extensions ['cmake', 'python']
[2.955s] Level 1:colcon.colcon_core.package_identification:_identify(src) by extension 'cmake'
[2.955s] Level 1:colcon.colcon_core.package_identification:_identify(src) by extension 'python'
[2.955s] Level 1:colcon.colcon_core.package_identification:_identify(src) by extensions ['python_setup_py']
[2.955s] Level 1:colcon.colcon_core.package_identification:_identify(src) by extension 'python_setup_py'
[2.955s] Level 1:colcon.colcon_core.package_identification:_identify(src/realsense-ros) by extensions ['ignore', 'ignore_ament_install']
[2.955s] Level 1:colcon.colcon_core.package_identification:_identify(src/realsense-ros) by extension 'ignore'
[2.955s] Level 1:colcon.colcon_core.package_identification:_identify(src/realsense-ros) by extension 'ignore_ament_install'
[2.955s] Level 1:colcon.colcon_core.package_identification:_identify(src/realsense-ros) by extensions ['colcon_pkg']
[2.956s] Level 1:colcon.colcon_core.package_identification:_identify(src/realsense-ros) by extension 'colcon_pkg'
[2.956s] Level 1:colcon.colcon_core.package_identification:_identify(src/realsense-ros) by extensions ['colcon_meta']
[2.956s] Level 1:colcon.colcon_core.package_identification:_identify(src/realsense-ros) by extension 'colcon_meta'
[2.956s] Level 1:colcon.colcon_core.package_identification:_identify(src/realsense-ros) by extensions ['ros']
[2.956s] Level 1:colcon.colcon_core.package_identification:_identify(src/realsense-ros) by extension 'ros'
[2.956s] Level 1:colcon.colcon_core.package_identification:_identify(src/realsense-ros) by extensions ['cmake', 'python']
[2.956s] Level 1:colcon.colcon_core.package_identification:_identify(src/realsense-ros) by extension 'cmake'
[2.956s] Level 1:colcon.colcon_core.package_identification:_identify(src/realsense-ros) by extension 'python'
[2.956s] Level 1:colcon.colcon_core.package_identification:_identify(src/realsense-ros) by extensions ['python_setup_py']
[2.956s] Level 1:colcon.colcon_core.package_identification:_identify(src/realsense-ros) by extension 'python_setup_py'
[2.957s] Level 1:colcon.colcon_core.package_identification:_identify(src/realsense-ros/realsense2_camera) by extensions ['ignore', 'ignore_ament_install']
[2.957s] Level 1:colcon.colcon_core.package_identification:_identify(src/realsense-ros/realsense2_camera) by extension 'ignore'
[2.957s] Level 1:colcon.colcon_core.package_identification:_identify(src/realsense-ros/realsense2_camera) by extension 'ignore_ament_install'
[2.957s] Level 1:colcon.colcon_core.package_identification:_identify(src/realsense-ros/realsense2_camera) by extensions ['colcon_pkg']
[2.957s] Level 1:colcon.colcon_core.package_identification:_identify(src/realsense-ros/realsense2_camera) by extension 'colcon_pkg'
[2.957s] Level 1:colcon.colcon_core.package_identification:_identify(src/realsense-ros/realsense2_camera) by extensions ['colcon_meta']
[2.957s] Level 1:colcon.colcon_core.package_identification:_identify(src/realsense-ros/realsense2_camera) by extension 'colcon_meta'
[2.957s] Level 1:colcon.colcon_core.package_identification:_identify(src/realsense-ros/realsense2_camera) by extensions ['ros']
[2.957s] Level 1:colcon.colcon_core.package_identification:_identify(src/realsense-ros/realsense2_camera) by extension 'ros'
[2.966s] DEBUG:colcon.colcon_core.package_identification:Package 'src/realsense-ros/realsense2_camera' with type 'ros.ament_cmake' and name 'realsense2_camera'
[2.966s] Level 1:colcon.colcon_core.package_identification:_identify(src/realsense-ros/realsense2_camera_msgs) by extensions ['ignore', 'ignore_ament_install']
[2.966s] Level 1:colcon.colcon_core.package_identification:_identify(src/realsense-ros/realsense2_camera_msgs) by extension 'ignore'
[2.966s] Level 1:colcon.colcon_core.package_identification:_identify(src/realsense-ros/realsense2_camera_msgs) by extension 'ignore_ament_install'
[2.966s] Level 1:colcon.colcon_core.package_identification:_identify(src/realsense-ros/realsense2_camera_msgs) by extensions ['colcon_pkg']
[2.966s] Level 1:colcon.colcon_core.package_identification:_identify(src/realsense-ros/realsense2_camera_msgs) by extension 'colcon_pkg'
[2.967s] Level 1:colcon.colcon_core.package_identification:_identify(src/realsense-ros/realsense2_camera_msgs) by extensions ['colcon_meta']
[2.967s] Level 1:colcon.colcon_core.package_identification:_identify(src/realsense-ros/realsense2_camera_msgs) by extension 'colcon_meta'
[2.967s] Level 1:colcon.colcon_core.package_identification:_identify(src/realsense-ros/realsense2_camera_msgs) by extensions ['ros']
[2.967s] Level 1:colcon.colcon_core.package_identification:_identify(src/realsense-ros/realsense2_camera_msgs) by extension 'ros'
[2.968s] DEBUG:colcon.colcon_core.package_identification:Package 'src/realsense-ros/realsense2_camera_msgs' with type 'ros.ament_cmake' and name 'realsense2_camera_msgs'
[2.968s] Level 1:colcon.colcon_core.package_identification:_identify(src/realsense-ros/realsense2_description) by extensions ['ignore', 'ignore_ament_install']
[2.968s] Level 1:colcon.colcon_core.package_identification:_identify(src/realsense-ros/realsense2_description) by extension 'ignore'
[2.969s] Level 1:colcon.colcon_core.package_identification:_identify(src/realsense-ros/realsense2_description) by extension 'ignore_ament_install'
[2.969s] Level 1:colcon.colcon_core.package_identification:_identify(src/realsense-ros/realsense2_description) by extensions ['colcon_pkg']
[2.969s] Level 1:colcon.colcon_core.package_identification:_identify(src/realsense-ros/realsense2_description) by extension 'colcon_pkg'
[2.969s] Level 1:colcon.colcon_core.package_identification:_identify(src/realsense-ros/realsense2_description) by extensions ['colcon_meta']
[2.969s] Level 1:colcon.colcon_core.package_identification:_identify(src/realsense-ros/realsense2_description) by extension 'colcon_meta'
[2.969s] Level 1:colcon.colcon_core.package_identification:_identify(src/realsense-ros/realsense2_description) by extensions ['ros']
[2.969s] Level 1:colcon.colcon_core.package_identification:_identify(src/realsense-ros/realsense2_description) by extension 'ros'
[2.971s] DEBUG:colcon.colcon_core.package_identification:Package 'src/realsense-ros/realsense2_description' with type 'ros.ament_cmake' and name 'realsense2_description'
[2.971s] Level 1:colcon.colcon_core.package_identification:_identify(src/realsense-ros/scripts) by extensions ['ignore', 'ignore_ament_install']
[2.971s] Level 1:colcon.colcon_core.package_identification:_identify(src/realsense-ros/scripts) by extension 'ignore'
[2.971s] Level 1:colcon.colcon_core.package_identification:_identify(src/realsense-ros/scripts) by extension 'ignore_ament_install'
[2.971s] Level 1:colcon.colcon_core.package_identification:_identify(src/realsense-ros/scripts) by extensions ['colcon_pkg']
[2.971s] Level 1:colcon.colcon_core.package_identification:_identify(src/realsense-ros/scripts) by extension 'colcon_pkg'
[2.972s] Level 1:colcon.colcon_core.package_identification:_identify(src/realsense-ros/scripts) by extensions ['colcon_meta']
[2.972s] Level 1:colcon.colcon_core.package_identification:_identify(src/realsense-ros/scripts) by extension 'colcon_meta'
[2.972s] Level 1:colcon.colcon_core.package_identification:_identify(src/realsense-ros/scripts) by extensions ['ros']
[2.972s] Level 1:colcon.colcon_core.package_identification:_identify(src/realsense-ros/scripts) by extension 'ros'
[2.972s] Level 1:colcon.colcon_core.package_identification:_identify(src/realsense-ros/scripts) by extensions ['cmake', 'python']
[2.972s] Level 1:colcon.colcon_core.package_identification:_identify(src/realsense-ros/scripts) by extension 'cmake'
[2.972s] Level 1:colcon.colcon_core.package_identification:_identify(src/realsense-ros/scripts) by extension 'python'
[2.972s] Level 1:colcon.colcon_core.package_identification:_identify(src/realsense-ros/scripts) by extensions ['python_setup_py']
[2.972s] Level 1:colcon.colcon_core.package_identification:_identify(src/realsense-ros/scripts) by extension 'python_setup_py'
[2.972s] Level 1:colcon.colcon_core.package_discovery:discover_packages(recursive) using defaults
[2.973s] Level 1:colcon.colcon_core.package_discovery:discover_packages(ignore) discover
[2.973s] Level 1:colcon.colcon_core.package_discovery:discover_packages(ignore) using defaults
[2.973s] Level 1:colcon.colcon_core.package_discovery:discover_packages(path) discover
[2.973s] Level 1:colcon.colcon_core.package_discovery:discover_packages(path) using defaults
[3.201s] Level 1:colcon.colcon_core.package_discovery:discover_packages(prefix_path) check parameters
[3.202s] Level 1:colcon.colcon_core.package_discovery:discover_packages(prefix_path) discover
[3.283s] DEBUG:colcon.colcon_installed_package_information.package_discovery:Found 349 installed packages in /opt/ros/humble
[3.300s] Level 1:colcon.colcon_core.package_discovery:discover_packages(prefix_path) using defaults
[3.538s] Level 5:colcon.colcon_core.verb:set package 'realsense2_camera_msgs' build argument 'cmake_args' from command line to 'None'
[3.538s] Level 5:colcon.colcon_core.verb:set package 'realsense2_camera_msgs' build argument 'cmake_target' from command line to 'None'
[3.538s] Level 5:colcon.colcon_core.verb:set package 'realsense2_camera_msgs' build argument 'cmake_target_skip_unavailable' from command line to 'False'
[3.538s] Level 5:colcon.colcon_core.verb:set package 'realsense2_camera_msgs' build argument 'cmake_clean_cache' from command line to 'False'
[3.538s] Level 5:colcon.colcon_core.verb:set package 'realsense2_camera_msgs' build argument 'cmake_clean_first' from command line to 'False'
[3.538s] Level 5:colcon.colcon_core.verb:set package 'realsense2_camera_msgs' build argument 'cmake_force_configure' from command line to 'False'
[3.538s] Level 5:colcon.colcon_core.verb:set package 'realsense2_camera_msgs' build argument 'ament_cmake_args' from command line to 'None'
[3.538s] Level 5:colcon.colcon_core.verb:set package 'realsense2_camera_msgs' build argument 'catkin_cmake_args' from command line to 'None'
[3.538s] Level 5:colcon.colcon_core.verb:set package 'realsense2_camera_msgs' build argument 'catkin_skip_building_tests' from command line to 'False'
[3.538s] DEBUG:colcon.colcon_core.verb:Building package 'realsense2_camera_msgs' with the following arguments: {'ament_cmake_args': None, 'build_base': '/home/mihkel/School/ThesisPractical/realsense_ws/build/realsense2_camera_msgs', 'catkin_cmake_args': None, 'catkin_skip_building_tests': False, 'cmake_args': None, 'cmake_clean_cache': False, 'cmake_clean_first': False, 'cmake_force_configure': False, 'cmake_target': None, 'cmake_target_skip_unavailable': False, 'install_base': '/home/mihkel/School/ThesisPractical/realsense_ws/install/realsense2_camera_msgs', 'merge_install': False, 'path': '/home/mihkel/School/ThesisPractical/realsense_ws/src/realsense-ros/realsense2_camera_msgs', 'symlink_install': False, 'test_result_base': None}
[3.577s] Level 5:colcon.colcon_core.verb:set package 'realsense2_camera' build argument 'cmake_args' from command line to 'None'
[3.577s] Level 5:colcon.colcon_core.verb:set package 'realsense2_camera' build argument 'cmake_target' from command line to 'None'
[3.577s] Level 5:colcon.colcon_core.verb:set package 'realsense2_camera' build argument 'cmake_target_skip_unavailable' from command line to 'False'
[3.577s] Level 5:colcon.colcon_core.verb:set package 'realsense2_camera' build argument 'cmake_clean_cache' from command line to 'False'
[3.577s] Level 5:colcon.colcon_core.verb:set package 'realsense2_camera' build argument 'cmake_clean_first' from command line to 'False'
[3.577s] Level 5:colcon.colcon_core.verb:set package 'realsense2_camera' build argument 'cmake_force_configure' from command line to 'False'
[3.577s] Level 5:colcon.colcon_core.verb:set package 'realsense2_camera' build argument 'ament_cmake_args' from command line to 'None'
[3.577s] Level 5:colcon.colcon_core.verb:set package 'realsense2_camera' build argument 'catkin_cmake_args' from command line to 'None'
[3.577s] Level 5:colcon.colcon_core.verb:set package 'realsense2_camera' build argument 'catkin_skip_building_tests' from command line to 'False'
[3.577s] DEBUG:colcon.colcon_core.verb:Building package 'realsense2_camera' with the following arguments: {'ament_cmake_args': None, 'build_base': '/home/mihkel/School/ThesisPractical/realsense_ws/build/realsense2_camera', 'catkin_cmake_args': None, 'catkin_skip_building_tests': False, 'cmake_args': None, 'cmake_clean_cache': False, 'cmake_clean_first': False, 'cmake_force_configure': False, 'cmake_target': None, 'cmake_target_skip_unavailable': False, 'install_base': '/home/mihkel/School/ThesisPractical/realsense_ws/install/realsense2_camera', 'merge_install': False, 'path': '/home/mihkel/School/ThesisPractical/realsense_ws/src/realsense-ros/realsense2_camera', 'symlink_install': False, 'test_result_base': None}
[3.613s] Level 5:colcon.colcon_core.verb:set package 'realsense2_description' build argument 'cmake_args' from command line to 'None'
[3.614s] Level 5:colcon.colcon_core.verb:set package 'realsense2_description' build argument 'cmake_target' from command line to 'None'
[3.614s] Level 5:colcon.colcon_core.verb:set package 'realsense2_description' build argument 'cmake_target_skip_unavailable' from command line to 'False'
[3.614s] Level 5:colcon.colcon_core.verb:set package 'realsense2_description' build argument 'cmake_clean_cache' from command line to 'False'
[3.614s] Level 5:colcon.colcon_core.verb:set package 'realsense2_description' build argument 'cmake_clean_first' from command line to 'False'
[3.614s] Level 5:colcon.colcon_core.verb:set package 'realsense2_description' build argument 'cmake_force_configure' from command line to 'False'
[3.614s] Level 5:colcon.colcon_core.verb:set package 'realsense2_description' build argument 'ament_cmake_args' from command line to 'None'
[3.614s] Level 5:colcon.colcon_core.verb:set package 'realsense2_description' build argument 'catkin_cmake_args' from command line to 'None'
[3.614s] Level 5:colcon.colcon_core.verb:set package 'realsense2_description' build argument 'catkin_skip_building_tests' from command line to 'False'
[3.614s] DEBUG:colcon.colcon_core.verb:Building package 'realsense2_description' with the following arguments: {'ament_cmake_args': None, 'build_base': '/home/mihkel/School/ThesisPractical/realsense_ws/build/realsense2_description', 'catkin_cmake_args': None, 'catkin_skip_building_tests': False, 'cmake_args': None, 'cmake_clean_cache': False, 'cmake_clean_first': False, 'cmake_force_configure': False, 'cmake_target': None, 'cmake_target_skip_unavailable': False, 'install_base': '/home/mihkel/School/ThesisPractical/realsense_ws/install/realsense2_description', 'merge_install': False, 'path': '/home/mihkel/School/ThesisPractical/realsense_ws/src/realsense-ros/realsense2_description', 'symlink_install': False, 'test_result_base': None}
[3.650s] INFO:colcon.colcon_core.executor:Executing jobs using 'parallel' executor
[3.687s] DEBUG:colcon.colcon_parallel_executor.executor.parallel:run_until_complete
[3.687s] INFO:colcon.colcon_ros.task.ament_cmake.build:Building ROS package in '/home/mihkel/School/ThesisPractical/realsense_ws/src/realsense-ros/realsense2_camera_msgs' with build type 'ament_cmake'
[3.687s] INFO:colcon.colcon_cmake.task.cmake.build:Building CMake package in '/home/mihkel/School/ThesisPractical/realsense_ws/src/realsense-ros/realsense2_camera_msgs'
[3.731s] INFO:colcon.colcon_core.plugin_system:Skipping extension 'colcon_core.shell.bat': Not used on non-Windows systems
[3.731s] INFO:colcon.colcon_core.shell:Skip shell extension 'powershell' for command environment: Not usable outside of PowerShell
[3.731s] DEBUG:colcon.colcon_core.shell:Skip shell extension 'dsv' for command environment
[3.827s] DEBUG:colcon.colcon_core.event_handler.log_command:Invoking command in '/home/mihkel/School/ThesisPractical/realsense_ws/build/realsense2_camera_msgs': CMAKE_PREFIX_PATH=/opt/ros/humble /usr/bin/cmake /home/mihkel/School/ThesisPractical/realsense_ws/src/realsense-ros/realsense2_camera_msgs -DCMAKE_INSTALL_PREFIX=/home/mihkel/School/ThesisPractical/realsense_ws/install/realsense2_camera_msgs
[9.511s] DEBUG:colcon.colcon_core.event_handler.log_command:Invoked command in '/home/mihkel/School/ThesisPractical/realsense_ws/build/realsense2_camera_msgs' returned '0': CMAKE_PREFIX_PATH=/opt/ros/humble /usr/bin/cmake /home/mihkel/School/ThesisPractical/realsense_ws/src/realsense-ros/realsense2_camera_msgs -DCMAKE_INSTALL_PREFIX=/home/mihkel/School/ThesisPractical/realsense_ws/install/realsense2_camera_msgs
[9.517s] DEBUG:colcon.colcon_core.event_handler.log_command:Invoking command in '/home/mihkel/School/ThesisPractical/realsense_ws/build/realsense2_camera_msgs': CMAKE_PREFIX_PATH=/opt/ros/humble /usr/bin/cmake --build /home/mihkel/School/ThesisPractical/realsense_ws/build/realsense2_camera_msgs -- -j12 -l12
[22.038s] DEBUG:colcon.colcon_core.event_handler.log_command:Invoked command in '/home/mihkel/School/ThesisPractical/realsense_ws/build/realsense2_camera_msgs' returned '0': CMAKE_PREFIX_PATH=/opt/ros/humble /usr/bin/cmake --build /home/mihkel/School/ThesisPractical/realsense_ws/build/realsense2_camera_msgs -- -j12 -l12
[22.414s] DEBUG:colcon.colcon_core.event_handler.log_command:Invoking command in '/home/mihkel/School/ThesisPractical/realsense_ws/build/realsense2_camera_msgs': CMAKE_PREFIX_PATH=/opt/ros/humble /usr/bin/cmake --install /home/mihkel/School/ThesisPractical/realsense_ws/build/realsense2_camera_msgs
[22.667s] Level 1:colcon.colcon_core.environment:create_environment_scripts_only(realsense2_camera_msgs)
[22.669s] DEBUG:colcon.colcon_core.event_handler.log_command:Invoked command in '/home/mihkel/School/ThesisPractical/realsense_ws/build/realsense2_camera_msgs' returned '0': CMAKE_PREFIX_PATH=/opt/ros/humble /usr/bin/cmake --install /home/mihkel/School/ThesisPractical/realsense_ws/build/realsense2_camera_msgs
[22.741s] Level 1:colcon.colcon_core.environment:checking '/home/mihkel/School/ThesisPractical/realsense_ws/install/realsense2_camera_msgs' for CMake module files
[22.743s] Level 1:colcon.colcon_core.environment:checking '/home/mihkel/School/ThesisPractical/realsense_ws/install/realsense2_camera_msgs' for CMake config files
[22.744s] Level 1:colcon.colcon_core.shell:create_environment_hook('realsense2_camera_msgs', 'cmake_prefix_path')
[22.809s] INFO:colcon.colcon_core.shell:Creating environment hook '/home/mihkel/School/ThesisPractical/realsense_ws/install/realsense2_camera_msgs/share/realsense2_camera_msgs/hook/cmake_prefix_path.ps1'
[22.811s] INFO:colcon.colcon_core.shell:Creating environment descriptor '/home/mihkel/School/ThesisPractical/realsense_ws/install/realsense2_camera_msgs/share/realsense2_camera_msgs/hook/cmake_prefix_path.dsv'
[22.813s] INFO:colcon.colcon_core.shell:Creating environment hook '/home/mihkel/School/ThesisPractical/realsense_ws/install/realsense2_camera_msgs/share/realsense2_camera_msgs/hook/cmake_prefix_path.sh'
[22.816s] Level 1:colcon.colcon_core.environment:checking '/home/mihkel/School/ThesisPractical/realsense_ws/install/realsense2_camera_msgs/lib'
[22.816s] Level 1:colcon.colcon_core.shell:create_environment_hook('realsense2_camera_msgs', 'ld_library_path_lib')
[22.881s] INFO:colcon.colcon_core.shell:Creating environment hook '/home/mihkel/School/ThesisPractical/realsense_ws/install/realsense2_camera_msgs/share/realsense2_camera_msgs/hook/ld_library_path_lib.ps1'
[22.883s] INFO:colcon.colcon_core.shell:Creating environment descriptor '/home/mihkel/School/ThesisPractical/realsense_ws/install/realsense2_camera_msgs/share/realsense2_camera_msgs/hook/ld_library_path_lib.dsv'
[22.884s] INFO:colcon.colcon_core.shell:Creating environment hook '/home/mihkel/School/ThesisPractical/realsense_ws/install/realsense2_camera_msgs/share/realsense2_camera_msgs/hook/ld_library_path_lib.sh'
[22.885s] Level 1:colcon.colcon_core.environment:checking '/home/mihkel/School/ThesisPractical/realsense_ws/install/realsense2_camera_msgs/bin'
[22.885s] Level 1:colcon.colcon_core.environment:checking '/home/mihkel/School/ThesisPractical/realsense_ws/install/realsense2_camera_msgs/lib/pkgconfig/realsense2_camera_msgs.pc'
[22.886s] Level 1:colcon.colcon_core.environment:checking '/home/mihkel/School/ThesisPractical/realsense_ws/install/realsense2_camera_msgs/lib/python3.10/site-packages'
[22.887s] Level 1:colcon.colcon_core.environment:checking '/home/mihkel/School/ThesisPractical/realsense_ws/install/realsense2_camera_msgs/bin'
[22.952s] INFO:colcon.colcon_core.shell:Creating package script '/home/mihkel/School/ThesisPractical/realsense_ws/install/realsense2_camera_msgs/share/realsense2_camera_msgs/package.ps1'
[22.955s] INFO:colcon.colcon_core.shell:Creating package descriptor '/home/mihkel/School/ThesisPractical/realsense_ws/install/realsense2_camera_msgs/share/realsense2_camera_msgs/package.dsv'
[22.956s] INFO:colcon.colcon_core.shell:Creating package script '/home/mihkel/School/ThesisPractical/realsense_ws/install/realsense2_camera_msgs/share/realsense2_camera_msgs/package.sh'
[22.959s] INFO:colcon.colcon_core.shell:Creating package script '/home/mihkel/School/ThesisPractical/realsense_ws/install/realsense2_camera_msgs/share/realsense2_camera_msgs/package.bash'
[22.961s] INFO:colcon.colcon_core.shell:Creating package script '/home/mihkel/School/ThesisPractical/realsense_ws/install/realsense2_camera_msgs/share/realsense2_camera_msgs/package.zsh'
[22.963s] Level 1:colcon.colcon_core.environment:create_file_with_runtime_dependencies(/home/mihkel/School/ThesisPractical/realsense_ws/install/realsense2_camera_msgs/share/colcon-core/packages/realsense2_camera_msgs)
[23.378s] Level 1:colcon.colcon_core.environment:create_environment_scripts_only(realsense2_camera_msgs)
[23.444s] Level 1:colcon.colcon_core.environment:checking '/home/mihkel/School/ThesisPractical/realsense_ws/install/realsense2_camera_msgs' for CMake module files
[23.446s] Level 1:colcon.colcon_core.environment:checking '/home/mihkel/School/ThesisPractical/realsense_ws/install/realsense2_camera_msgs' for CMake config files
[23.446s] Level 1:colcon.colcon_core.shell:create_environment_hook('realsense2_camera_msgs', 'cmake_prefix_path')
[23.512s] INFO:colcon.colcon_core.shell:Creating environment hook '/home/mihkel/School/ThesisPractical/realsense_ws/install/realsense2_camera_msgs/share/realsense2_camera_msgs/hook/cmake_prefix_path.ps1'
[23.514s] INFO:colcon.colcon_core.shell:Creating environment descriptor '/home/mihkel/School/ThesisPractical/realsense_ws/install/realsense2_camera_msgs/share/realsense2_camera_msgs/hook/cmake_prefix_path.dsv'
[23.515s] INFO:colcon.colcon_core.shell:Creating environment hook '/home/mihkel/School/ThesisPractical/realsense_ws/install/realsense2_camera_msgs/share/realsense2_camera_msgs/hook/cmake_prefix_path.sh'
[23.516s] Level 1:colcon.colcon_core.environment:checking '/home/mihkel/School/ThesisPractical/realsense_ws/install/realsense2_camera_msgs/lib'
[23.516s] Level 1:colcon.colcon_core.shell:create_environment_hook('realsense2_camera_msgs', 'ld_library_path_lib')
[23.582s] INFO:colcon.colcon_core.shell:Creating environment hook '/home/mihkel/School/ThesisPractical/realsense_ws/install/realsense2_camera_msgs/share/realsense2_camera_msgs/hook/ld_library_path_lib.ps1'
[23.583s] INFO:colcon.colcon_core.shell:Creating environment descriptor '/home/mihkel/School/ThesisPractical/realsense_ws/install/realsense2_camera_msgs/share/realsense2_camera_msgs/hook/ld_library_path_lib.dsv'
[23.584s] INFO:colcon.colcon_core.shell:Creating environment hook '/home/mihkel/School/ThesisPractical/realsense_ws/install/realsense2_camera_msgs/share/realsense2_camera_msgs/hook/ld_library_path_lib.sh'
[23.585s] Level 1:colcon.colcon_core.environment:checking '/home/mihkel/School/ThesisPractical/realsense_ws/install/realsense2_camera_msgs/bin'
[23.585s] Level 1:colcon.colcon_core.environment:checking '/home/mihkel/School/ThesisPractical/realsense_ws/install/realsense2_camera_msgs/lib/pkgconfig/realsense2_camera_msgs.pc'
[23.586s] Level 1:colcon.colcon_core.environment:checking '/home/mihkel/School/ThesisPractical/realsense_ws/install/realsense2_camera_msgs/lib/python3.10/site-packages'
[23.587s] Level 1:colcon.colcon_core.environment:checking '/home/mihkel/School/ThesisPractical/realsense_ws/install/realsense2_camera_msgs/bin'
[23.653s] INFO:colcon.colcon_core.shell:Creating package script '/home/mihkel/School/ThesisPractical/realsense_ws/install/realsense2_camera_msgs/share/realsense2_camera_msgs/package.ps1'
[23.655s] INFO:colcon.colcon_core.shell:Creating package descriptor '/home/mihkel/School/ThesisPractical/realsense_ws/install/realsense2_camera_msgs/share/realsense2_camera_msgs/package.dsv'
[23.656s] INFO:colcon.colcon_core.shell:Creating package script '/home/mihkel/School/ThesisPractical/realsense_ws/install/realsense2_camera_msgs/share/realsense2_camera_msgs/package.sh'
[23.658s] INFO:colcon.colcon_core.shell:Creating package script '/home/mihkel/School/ThesisPractical/realsense_ws/install/realsense2_camera_msgs/share/realsense2_camera_msgs/package.bash'
[23.659s] INFO:colcon.colcon_core.shell:Creating package script '/home/mihkel/School/ThesisPractical/realsense_ws/install/realsense2_camera_msgs/share/realsense2_camera_msgs/package.zsh'
[23.660s] Level 1:colcon.colcon_core.environment:create_file_with_runtime_dependencies(/home/mihkel/School/ThesisPractical/realsense_ws/install/realsense2_camera_msgs/share/colcon-core/packages/realsense2_camera_msgs)
[23.661s] INFO:colcon.colcon_ros.task.ament_cmake.build:Building ROS package in '/home/mihkel/School/ThesisPractical/realsense_ws/src/realsense-ros/realsense2_camera' with build type 'ament_cmake'
[23.661s] INFO:colcon.colcon_cmake.task.cmake.build:Building CMake package in '/home/mihkel/School/ThesisPractical/realsense_ws/src/realsense-ros/realsense2_camera'
[23.729s] INFO:colcon.colcon_core.shell:Skip shell extension 'powershell' for command environment: Not usable outside of PowerShell
[23.730s] DEBUG:colcon.colcon_core.shell:Skip shell extension 'dsv' for command environment
[23.867s] INFO:colcon.colcon_ros.task.ament_cmake.build:Building ROS package in '/home/mihkel/School/ThesisPractical/realsense_ws/src/realsense-ros/realsense2_description' with build type 'ament_cmake'
[23.868s] INFO:colcon.colcon_cmake.task.cmake.build:Building CMake package in '/home/mihkel/School/ThesisPractical/realsense_ws/src/realsense-ros/realsense2_description'
[23.936s] INFO:colcon.colcon_core.shell:Skip shell extension 'powershell' for command environment: Not usable outside of PowerShell
[23.936s] DEBUG:colcon.colcon_core.shell:Skip shell extension 'dsv' for command environment
[24.081s] DEBUG:colcon.colcon_core.event_handler.log_command:Invoking command in '/home/mihkel/School/ThesisPractical/realsense_ws/build/realsense2_camera': AMENT_PREFIX_PATH=/home/mihkel/School/ThesisPractical/realsense_ws/install/realsense2_camera_msgs:${AMENT_PREFIX_PATH} CMAKE_PREFIX_PATH=/home/mihkel/School/ThesisPractical/realsense_ws/install/realsense2_camera_msgs:/opt/ros/humble LD_LIBRARY_PATH=/home/mihkel/School/ThesisPractical/realsense_ws/install/realsense2_camera_msgs/lib:${LD_LIBRARY_PATH} PYTHONPATH=/home/mihkel/School/ThesisPractical/realsense_ws/install/realsense2_camera_msgs/local/lib/python3.10/dist-packages:${PYTHONPATH} /usr/bin/cmake /home/mihkel/School/ThesisPractical/realsense_ws/src/realsense-ros/realsense2_camera -DCMAKE_INSTALL_PREFIX=/home/mihkel/School/ThesisPractical/realsense_ws/install/realsense2_camera
[24.091s] DEBUG:colcon.colcon_core.event_handler.log_command:Invoking command in '/home/mihkel/School/ThesisPractical/realsense_ws/build/realsense2_description': AMENT_PREFIX_PATH=/home/mihkel/School/ThesisPractical/realsense_ws/install/realsense2_camera_msgs:${AMENT_PREFIX_PATH} CMAKE_PREFIX_PATH=/home/mihkel/School/ThesisPractical/realsense_ws/install/realsense2_camera_msgs:/opt/ros/humble LD_LIBRARY_PATH=/home/mihkel/School/ThesisPractical/realsense_ws/install/realsense2_camera_msgs/lib:${LD_LIBRARY_PATH} PYTHONPATH=/home/mihkel/School/ThesisPractical/realsense_ws/install/realsense2_camera_msgs/local/lib/python3.10/dist-packages:${PYTHONPATH} /usr/bin/cmake /home/mihkel/School/ThesisPractical/realsense_ws/src/realsense-ros/realsense2_description -DCMAKE_INSTALL_PREFIX=/home/mihkel/School/ThesisPractical/realsense_ws/install/realsense2_description
[26.097s] DEBUG:colcon.colcon_core.event_handler.log_command:Invoked command in '/home/mihkel/School/ThesisPractical/realsense_ws/build/realsense2_description' returned '0': AMENT_PREFIX_PATH=/home/mihkel/School/ThesisPractical/realsense_ws/install/realsense2_camera_msgs:${AMENT_PREFIX_PATH} CMAKE_PREFIX_PATH=/home/mihkel/School/ThesisPractical/realsense_ws/install/realsense2_camera_msgs:/opt/ros/humble LD_LIBRARY_PATH=/home/mihkel/School/ThesisPractical/realsense_ws/install/realsense2_camera_msgs/lib:${LD_LIBRARY_PATH} PYTHONPATH=/home/mihkel/School/ThesisPractical/realsense_ws/install/realsense2_camera_msgs/local/lib/python3.10/dist-packages:${PYTHONPATH} /usr/bin/cmake /home/mihkel/School/ThesisPractical/realsense_ws/src/realsense-ros/realsense2_description -DCMAKE_INSTALL_PREFIX=/home/mihkel/School/ThesisPractical/realsense_ws/install/realsense2_description
[26.101s] DEBUG:colcon.colcon_core.event_handler.log_command:Invoking command in '/home/mihkel/School/ThesisPractical/realsense_ws/build/realsense2_description': AMENT_PREFIX_PATH=/home/mihkel/School/ThesisPractical/realsense_ws/install/realsense2_camera_msgs:${AMENT_PREFIX_PATH} CMAKE_PREFIX_PATH=/home/mihkel/School/ThesisPractical/realsense_ws/install/realsense2_camera_msgs:/opt/ros/humble LD_LIBRARY_PATH=/home/mihkel/School/ThesisPractical/realsense_ws/install/realsense2_camera_msgs/lib:${LD_LIBRARY_PATH} PYTHONPATH=/home/mihkel/School/ThesisPractical/realsense_ws/install/realsense2_camera_msgs/local/lib/python3.10/dist-packages:${PYTHONPATH} /usr/bin/cmake --build /home/mihkel/School/ThesisPractical/realsense_ws/build/realsense2_description -- -j12 -l12
[26.208s] DEBUG:colcon.colcon_core.event_handler.log_command:Invoked command in '/home/mihkel/School/ThesisPractical/realsense_ws/build/realsense2_description' returned '0': AMENT_PREFIX_PATH=/home/mihkel/School/ThesisPractical/realsense_ws/install/realsense2_camera_msgs:${AMENT_PREFIX_PATH} CMAKE_PREFIX_PATH=/home/mihkel/School/ThesisPractical/realsense_ws/install/realsense2_camera_msgs:/opt/ros/humble LD_LIBRARY_PATH=/home/mihkel/School/ThesisPractical/realsense_ws/install/realsense2_camera_msgs/lib:${LD_LIBRARY_PATH} PYTHONPATH=/home/mihkel/School/ThesisPractical/realsense_ws/install/realsense2_camera_msgs/local/lib/python3.10/dist-packages:${PYTHONPATH} /usr/bin/cmake --build /home/mihkel/School/ThesisPractical/realsense_ws/build/realsense2_description -- -j12 -l12
[26.269s] DEBUG:colcon.colcon_core.event_handler.log_command:Invoking command in '/home/mihkel/School/ThesisPractical/realsense_ws/build/realsense2_description': AMENT_PREFIX_PATH=/home/mihkel/School/ThesisPractical/realsense_ws/install/realsense2_camera_msgs:${AMENT_PREFIX_PATH} CMAKE_PREFIX_PATH=/home/mihkel/School/ThesisPractical/realsense_ws/install/realsense2_camera_msgs:/opt/ros/humble LD_LIBRARY_PATH=/home/mihkel/School/ThesisPractical/realsense_ws/install/realsense2_camera_msgs/lib:${LD_LIBRARY_PATH} PYTHONPATH=/home/mihkel/School/ThesisPractical/realsense_ws/install/realsense2_camera_msgs/local/lib/python3.10/dist-packages:${PYTHONPATH} /usr/bin/cmake --install /home/mihkel/School/ThesisPractical/realsense_ws/build/realsense2_description
[26.305s] Level 1:colcon.colcon_core.environment:create_environment_scripts_only(realsense2_description)
[26.311s] DEBUG:colcon.colcon_core.event_handler.log_command:Invoked command in '/home/mihkel/School/ThesisPractical/realsense_ws/build/realsense2_description' returned '0': AMENT_PREFIX_PATH=/home/mihkel/School/ThesisPractical/realsense_ws/install/realsense2_camera_msgs:${AMENT_PREFIX_PATH} CMAKE_PREFIX_PATH=/home/mihkel/School/ThesisPractical/realsense_ws/install/realsense2_camera_msgs:/opt/ros/humble LD_LIBRARY_PATH=/home/mihkel/School/ThesisPractical/realsense_ws/install/realsense2_camera_msgs/lib:${LD_LIBRARY_PATH} PYTHONPATH=/home/mihkel/School/ThesisPractical/realsense_ws/install/realsense2_camera_msgs/local/lib/python3.10/dist-packages:${PYTHONPATH} /usr/bin/cmake --install /home/mihkel/School/ThesisPractical/realsense_ws/build/realsense2_description
[26.377s] Level 1:colcon.colcon_core.environment:checking '/home/mihkel/School/ThesisPractical/realsense_ws/install/realsense2_description' for CMake module files
[26.379s] Level 1:colcon.colcon_core.environment:checking '/home/mihkel/School/ThesisPractical/realsense_ws/install/realsense2_description' for CMake config files
[26.380s] Level 1:colcon.colcon_core.shell:create_environment_hook('realsense2_description', 'cmake_prefix_path')
[26.447s] INFO:colcon.colcon_core.shell:Creating environment hook '/home/mihkel/School/ThesisPractical/realsense_ws/install/realsense2_description/share/realsense2_description/hook/cmake_prefix_path.ps1'
[26.448s] INFO:colcon.colcon_core.shell:Creating environment descriptor '/home/mihkel/School/ThesisPractical/realsense_ws/install/realsense2_description/share/realsense2_description/hook/cmake_prefix_path.dsv'
[26.449s] INFO:colcon.colcon_core.shell:Creating environment hook '/home/mihkel/School/ThesisPractical/realsense_ws/install/realsense2_description/share/realsense2_description/hook/cmake_prefix_path.sh'
[26.451s] Level 1:colcon.colcon_core.environment:checking '/home/mihkel/School/ThesisPractical/realsense_ws/install/realsense2_description/bin'
[26.451s] Level 1:colcon.colcon_core.environment:checking '/home/mihkel/School/ThesisPractical/realsense_ws/install/realsense2_description/lib/pkgconfig/realsense2_description.pc'
[26.452s] Level 1:colcon.colcon_core.environment:checking '/home/mihkel/School/ThesisPractical/realsense_ws/install/realsense2_description/lib/python3.10/site-packages'
[26.453s] Level 1:colcon.colcon_core.environment:checking '/home/mihkel/School/ThesisPractical/realsense_ws/install/realsense2_description/bin'
[26.521s] INFO:colcon.colcon_core.shell:Creating package script '/home/mihkel/School/ThesisPractical/realsense_ws/install/realsense2_description/share/realsense2_description/package.ps1'
[26.523s] INFO:colcon.colcon_core.shell:Creating package descriptor '/home/mihkel/School/ThesisPractical/realsense_ws/install/realsense2_description/share/realsense2_description/package.dsv'
[26.524s] INFO:colcon.colcon_core.shell:Creating package script '/home/mihkel/School/ThesisPractical/realsense_ws/install/realsense2_description/share/realsense2_description/package.sh'
[26.525s] INFO:colcon.colcon_core.shell:Creating package script '/home/mihkel/School/ThesisPractical/realsense_ws/install/realsense2_description/share/realsense2_description/package.bash'
[26.526s] INFO:colcon.colcon_core.shell:Creating package script '/home/mihkel/School/ThesisPractical/realsense_ws/install/realsense2_description/share/realsense2_description/package.zsh'
[26.527s] Level 1:colcon.colcon_core.environment:create_file_with_runtime_dependencies(/home/mihkel/School/ThesisPractical/realsense_ws/install/realsense2_description/share/colcon-core/packages/realsense2_description)
[26.650s] Level 1:colcon.colcon_core.environment:create_environment_scripts_only(realsense2_description)
[26.716s] Level 1:colcon.colcon_core.environment:checking '/home/mihkel/School/ThesisPractical/realsense_ws/install/realsense2_description' for CMake module files
[26.718s] Level 1:colcon.colcon_core.environment:checking '/home/mihkel/School/ThesisPractical/realsense_ws/install/realsense2_description' for CMake config files
[26.718s] Level 1:colcon.colcon_core.shell:create_environment_hook('realsense2_description', 'cmake_prefix_path')
[26.783s] INFO:colcon.colcon_core.shell:Creating environment hook '/home/mihkel/School/ThesisPractical/realsense_ws/install/realsense2_description/share/realsense2_description/hook/cmake_prefix_path.ps1'
[26.784s] INFO:colcon.colcon_core.shell:Creating environment descriptor '/home/mihkel/School/ThesisPractical/realsense_ws/install/realsense2_description/share/realsense2_description/hook/cmake_prefix_path.dsv'
[26.785s] INFO:colcon.colcon_core.shell:Creating environment hook '/home/mihkel/School/ThesisPractical/realsense_ws/install/realsense2_description/share/realsense2_description/hook/cmake_prefix_path.sh'
[26.786s] Level 1:colcon.colcon_core.environment:checking '/home/mihkel/School/ThesisPractical/realsense_ws/install/realsense2_description/bin'
[26.787s] Level 1:colcon.colcon_core.environment:checking '/home/mihkel/School/ThesisPractical/realsense_ws/install/realsense2_description/lib/pkgconfig/realsense2_description.pc'
[26.787s] Level 1:colcon.colcon_core.environment:checking '/home/mihkel/School/ThesisPractical/realsense_ws/install/realsense2_description/lib/python3.10/site-packages'
[26.788s] Level 1:colcon.colcon_core.environment:checking '/home/mihkel/School/ThesisPractical/realsense_ws/install/realsense2_description/bin'
[26.853s] INFO:colcon.colcon_core.shell:Creating package script '/home/mihkel/School/ThesisPractical/realsense_ws/install/realsense2_description/share/realsense2_description/package.ps1'
[26.855s] INFO:colcon.colcon_core.shell:Creating package descriptor '/home/mihkel/School/ThesisPractical/realsense_ws/install/realsense2_description/share/realsense2_description/package.dsv'
[26.856s] INFO:colcon.colcon_core.shell:Creating package script '/home/mihkel/School/ThesisPractical/realsense_ws/install/realsense2_description/share/realsense2_description/package.sh'
[26.857s] INFO:colcon.colcon_core.shell:Creating package script '/home/mihkel/School/ThesisPractical/realsense_ws/install/realsense2_description/share/realsense2_description/package.bash'
[26.859s] INFO:colcon.colcon_core.shell:Creating package script '/home/mihkel/School/ThesisPractical/realsense_ws/install/realsense2_description/share/realsense2_description/package.zsh'
[26.860s] Level 1:colcon.colcon_core.environment:create_file_with_runtime_dependencies(/home/mihkel/School/ThesisPractical/realsense_ws/install/realsense2_description/share/colcon-core/packages/realsense2_description)
[43.340s] DEBUG:colcon.colcon_core.event_handler.log_command:Invoked command in '/home/mihkel/School/ThesisPractical/realsense_ws/build/realsense2_camera' returned '0': AMENT_PREFIX_PATH=/home/mihkel/School/ThesisPractical/realsense_ws/install/realsense2_camera_msgs:${AMENT_PREFIX_PATH} CMAKE_PREFIX_PATH=/home/mihkel/School/ThesisPractical/realsense_ws/install/realsense2_camera_msgs:/opt/ros/humble LD_LIBRARY_PATH=/home/mihkel/School/ThesisPractical/realsense_ws/install/realsense2_camera_msgs/lib:${LD_LIBRARY_PATH} PYTHONPATH=/home/mihkel/School/ThesisPractical/realsense_ws/install/realsense2_camera_msgs/local/lib/python3.10/dist-packages:${PYTHONPATH} /usr/bin/cmake /home/mihkel/School/ThesisPractical/realsense_ws/src/realsense-ros/realsense2_camera -DCMAKE_INSTALL_PREFIX=/home/mihkel/School/ThesisPractical/realsense_ws/install/realsense2_camera
[43.345s] DEBUG:colcon.colcon_core.event_handler.log_command:Invoking command in '/home/mihkel/School/ThesisPractical/realsense_ws/build/realsense2_camera': AMENT_PREFIX_PATH=/home/mihkel/School/ThesisPractical/realsense_ws/install/realsense2_camera_msgs:${AMENT_PREFIX_PATH} CMAKE_PREFIX_PATH=/home/mihkel/School/ThesisPractical/realsense_ws/install/realsense2_camera_msgs:/opt/ros/humble LD_LIBRARY_PATH=/home/mihkel/School/ThesisPractical/realsense_ws/install/realsense2_camera_msgs/lib:${LD_LIBRARY_PATH} PYTHONPATH=/home/mihkel/School/ThesisPractical/realsense_ws/install/realsense2_camera_msgs/local/lib/python3.10/dist-packages:${PYTHONPATH} /usr/bin/cmake --build /home/mihkel/School/ThesisPractical/realsense_ws/build/realsense2_camera -- -j12 -l12
[108.761s] DEBUG:colcon.colcon_core.event_handler.log_command:Invoked command in '/home/mihkel/School/ThesisPractical/realsense_ws/build/realsense2_camera' returned '0': AMENT_PREFIX_PATH=/home/mihkel/School/ThesisPractical/realsense_ws/install/realsense2_camera_msgs:${AMENT_PREFIX_PATH} CMAKE_PREFIX_PATH=/home/mihkel/School/ThesisPractical/realsense_ws/install/realsense2_camera_msgs:/opt/ros/humble LD_LIBRARY_PATH=/home/mihkel/School/ThesisPractical/realsense_ws/install/realsense2_camera_msgs/lib:${LD_LIBRARY_PATH} PYTHONPATH=/home/mihkel/School/ThesisPractical/realsense_ws/install/realsense2_camera_msgs/local/lib/python3.10/dist-packages:${PYTHONPATH} /usr/bin/cmake --build /home/mihkel/School/ThesisPractical/realsense_ws/build/realsense2_camera -- -j12 -l12
[108.918s] DEBUG:colcon.colcon_core.event_handler.log_command:Invoking command in '/home/mihkel/School/ThesisPractical/realsense_ws/build/realsense2_camera': AMENT_PREFIX_PATH=/home/mihkel/School/ThesisPractical/realsense_ws/install/realsense2_camera_msgs:${AMENT_PREFIX_PATH} CMAKE_PREFIX_PATH=/home/mihkel/School/ThesisPractical/realsense_ws/install/realsense2_camera_msgs:/opt/ros/humble LD_LIBRARY_PATH=/home/mihkel/School/ThesisPractical/realsense_ws/install/realsense2_camera_msgs/lib:${LD_LIBRARY_PATH} PYTHONPATH=/home/mihkel/School/ThesisPractical/realsense_ws/install/realsense2_camera_msgs/local/lib/python3.10/dist-packages:${PYTHONPATH} /usr/bin/cmake --install /home/mihkel/School/ThesisPractical/realsense_ws/build/realsense2_camera
[108.973s] Level 1:colcon.colcon_core.environment:create_environment_scripts_only(realsense2_camera)
[108.974s] DEBUG:colcon.colcon_core.event_handler.log_command:Invoked command in '/home/mihkel/School/ThesisPractical/realsense_ws/build/realsense2_camera' returned '0': AMENT_PREFIX_PATH=/home/mihkel/School/ThesisPractical/realsense_ws/install/realsense2_camera_msgs:${AMENT_PREFIX_PATH} CMAKE_PREFIX_PATH=/home/mihkel/School/ThesisPractical/realsense_ws/install/realsense2_camera_msgs:/opt/ros/humble LD_LIBRARY_PATH=/home/mihkel/School/ThesisPractical/realsense_ws/install/realsense2_camera_msgs/lib:${LD_LIBRARY_PATH} PYTHONPATH=/home/mihkel/School/ThesisPractical/realsense_ws/install/realsense2_camera_msgs/local/lib/python3.10/dist-packages:${PYTHONPATH} /usr/bin/cmake --install /home/mihkel/School/ThesisPractical/realsense_ws/build/realsense2_camera
[109.046s] Level 1:colcon.colcon_core.environment:checking '/home/mihkel/School/ThesisPractical/realsense_ws/install/realsense2_camera' for CMake module files
[109.048s] Level 1:colcon.colcon_core.environment:checking '/home/mihkel/School/ThesisPractical/realsense_ws/install/realsense2_camera' for CMake config files
[109.049s] Level 1:colcon.colcon_core.shell:create_environment_hook('realsense2_camera', 'cmake_prefix_path')
[109.117s] INFO:colcon.colcon_core.shell:Creating environment hook '/home/mihkel/School/ThesisPractical/realsense_ws/install/realsense2_camera/share/realsense2_camera/hook/cmake_prefix_path.ps1'
[109.118s] INFO:colcon.colcon_core.shell:Creating environment descriptor '/home/mihkel/School/ThesisPractical/realsense_ws/install/realsense2_camera/share/realsense2_camera/hook/cmake_prefix_path.dsv'
[109.119s] INFO:colcon.colcon_core.shell:Creating environment hook '/home/mihkel/School/ThesisPractical/realsense_ws/install/realsense2_camera/share/realsense2_camera/hook/cmake_prefix_path.sh'
[109.121s] Level 1:colcon.colcon_core.environment:checking '/home/mihkel/School/ThesisPractical/realsense_ws/install/realsense2_camera/lib'
[109.121s] Level 1:colcon.colcon_core.shell:create_environment_hook('realsense2_camera', 'ld_library_path_lib')
[109.188s] INFO:colcon.colcon_core.shell:Creating environment hook '/home/mihkel/School/ThesisPractical/realsense_ws/install/realsense2_camera/share/realsense2_camera/hook/ld_library_path_lib.ps1'
[109.189s] INFO:colcon.colcon_core.shell:Creating environment descriptor '/home/mihkel/School/ThesisPractical/realsense_ws/install/realsense2_camera/share/realsense2_camera/hook/ld_library_path_lib.dsv'
[109.190s] INFO:colcon.colcon_core.shell:Creating environment hook '/home/mihkel/School/ThesisPractical/realsense_ws/install/realsense2_camera/share/realsense2_camera/hook/ld_library_path_lib.sh'
[109.191s] Level 1:colcon.colcon_core.environment:checking '/home/mihkel/School/ThesisPractical/realsense_ws/install/realsense2_camera/bin'
[109.192s] Level 1:colcon.colcon_core.environment:checking '/home/mihkel/School/ThesisPractical/realsense_ws/install/realsense2_camera/lib/pkgconfig/realsense2_camera.pc'
[109.193s] Level 1:colcon.colcon_core.environment:checking '/home/mihkel/School/ThesisPractical/realsense_ws/install/realsense2_camera/lib/python3.10/site-packages'
[109.193s] Level 1:colcon.colcon_core.environment:checking '/home/mihkel/School/ThesisPractical/realsense_ws/install/realsense2_camera/bin'
[109.262s] INFO:colcon.colcon_core.shell:Creating package script '/home/mihkel/School/ThesisPractical/realsense_ws/install/realsense2_camera/share/realsense2_camera/package.ps1'
[109.263s] INFO:colcon.colcon_core.shell:Creating package descriptor '/home/mihkel/School/ThesisPractical/realsense_ws/install/realsense2_camera/share/realsense2_camera/package.dsv'
[109.265s] INFO:colcon.colcon_core.shell:Creating package script '/home/mihkel/School/ThesisPractical/realsense_ws/install/realsense2_camera/share/realsense2_camera/package.sh'
[109.266s] INFO:colcon.colcon_core.shell:Creating package script '/home/mihkel/School/ThesisPractical/realsense_ws/install/realsense2_camera/share/realsense2_camera/package.bash'
[109.267s] INFO:colcon.colcon_core.shell:Creating package script '/home/mihkel/School/ThesisPractical/realsense_ws/install/realsense2_camera/share/realsense2_camera/package.zsh'
[109.268s] Level 1:colcon.colcon_core.environment:create_file_with_runtime_dependencies(/home/mihkel/School/ThesisPractical/realsense_ws/install/realsense2_camera/share/colcon-core/packages/realsense2_camera)
[109.494s] Level 1:colcon.colcon_core.environment:create_environment_scripts_only(realsense2_camera)
[109.562s] Level 1:colcon.colcon_core.environment:checking '/home/mihkel/School/ThesisPractical/realsense_ws/install/realsense2_camera' for CMake module files
[109.563s] Level 1:colcon.colcon_core.environment:checking '/home/mihkel/School/ThesisPractical/realsense_ws/install/realsense2_camera' for CMake config files
[109.565s] Level 1:colcon.colcon_core.shell:create_environment_hook('realsense2_camera', 'cmake_prefix_path')
[109.632s] INFO:colcon.colcon_core.shell:Creating environment hook '/home/mihkel/School/ThesisPractical/realsense_ws/install/realsense2_camera/share/realsense2_camera/hook/cmake_prefix_path.ps1'
[109.633s] INFO:colcon.colcon_core.shell:Creating environment descriptor '/home/mihkel/School/ThesisPractical/realsense_ws/install/realsense2_camera/share/realsense2_camera/hook/cmake_prefix_path.dsv'
[109.634s] INFO:colcon.colcon_core.shell:Creating environment hook '/home/mihkel/School/ThesisPractical/realsense_ws/install/realsense2_camera/share/realsense2_camera/hook/cmake_prefix_path.sh'
[109.635s] Level 1:colcon.colcon_core.environment:checking '/home/mihkel/School/ThesisPractical/realsense_ws/install/realsense2_camera/lib'
[109.636s] Level 1:colcon.colcon_core.shell:create_environment_hook('realsense2_camera', 'ld_library_path_lib')
[109.707s] INFO:colcon.colcon_core.shell:Creating environment hook '/home/mihkel/School/ThesisPractical/realsense_ws/install/realsense2_camera/share/realsense2_camera/hook/ld_library_path_lib.ps1'
[109.708s] INFO:colcon.colcon_core.shell:Creating environment descriptor '/home/mihkel/School/ThesisPractical/realsense_ws/install/realsense2_camera/share/realsense2_camera/hook/ld_library_path_lib.dsv'
[109.709s] INFO:colcon.colcon_core.shell:Creating environment hook '/home/mihkel/School/ThesisPractical/realsense_ws/install/realsense2_camera/share/realsense2_camera/hook/ld_library_path_lib.sh'
[109.711s] Level 1:colcon.colcon_core.environment:checking '/home/mihkel/School/ThesisPractical/realsense_ws/install/realsense2_camera/bin'
[109.711s] Level 1:colcon.colcon_core.environment:checking '/home/mihkel/School/ThesisPractical/realsense_ws/install/realsense2_camera/lib/pkgconfig/realsense2_camera.pc'
[109.712s] Level 1:colcon.colcon_core.environment:checking '/home/mihkel/School/ThesisPractical/realsense_ws/install/realsense2_camera/lib/python3.10/site-packages'
[109.713s] Level 1:colcon.colcon_core.environment:checking '/home/mihkel/School/ThesisPractical/realsense_ws/install/realsense2_camera/bin'
[109.782s] INFO:colcon.colcon_core.shell:Creating package script '/home/mihkel/School/ThesisPractical/realsense_ws/install/realsense2_camera/share/realsense2_camera/package.ps1'
[109.783s] INFO:colcon.colcon_core.shell:Creating package descriptor '/home/mihkel/School/ThesisPractical/realsense_ws/install/realsense2_camera/share/realsense2_camera/package.dsv'
[109.785s] INFO:colcon.colcon_core.shell:Creating package script '/home/mihkel/School/ThesisPractical/realsense_ws/install/realsense2_camera/share/realsense2_camera/package.sh'
[109.787s] INFO:colcon.colcon_core.shell:Creating package script '/home/mihkel/School/ThesisPractical/realsense_ws/install/realsense2_camera/share/realsense2_camera/package.bash'
[109.788s] INFO:colcon.colcon_core.shell:Creating package script '/home/mihkel/School/ThesisPractical/realsense_ws/install/realsense2_camera/share/realsense2_camera/package.zsh'
[109.789s] Level 1:colcon.colcon_core.environment:create_file_with_runtime_dependencies(/home/mihkel/School/ThesisPractical/realsense_ws/install/realsense2_camera/share/colcon-core/packages/realsense2_camera)
[109.790s] DEBUG:colcon.colcon_parallel_executor.executor.parallel:closing loop
[109.791s] DEBUG:colcon.colcon_parallel_executor.executor.parallel:loop closed
[109.791s] DEBUG:colcon.colcon_parallel_executor.executor.parallel:run_until_complete finished with '0'
[109.792s] DEBUG:colcon.colcon_core.event_reactor:joining thread
[109.876s] INFO:colcon.colcon_core.plugin_system:Skipping extension 'colcon_notification.desktop_notification.terminal_notifier': Not used on non-Darwin systems
[109.877s] INFO:colcon.colcon_core.plugin_system:Skipping extension 'colcon_notification.desktop_notification.win32': Not used on non-Windows systems
[109.877s] INFO:colcon.colcon_notification.desktop_notification:Sending desktop notification using 'notify2'
[109.921s] DEBUG:colcon.colcon_core.event_reactor:joined thread
[110.028s] INFO:colcon.colcon_core.shell:Creating prefix script '/home/mihkel/School/ThesisPractical/realsense_ws/install/local_setup.ps1'
[110.040s] INFO:colcon.colcon_core.shell:Creating prefix util module '/home/mihkel/School/ThesisPractical/realsense_ws/install/_local_setup_util_ps1.py'
[110.047s] INFO:colcon.colcon_core.shell:Creating prefix chain script '/home/mihkel/School/ThesisPractical/realsense_ws/install/setup.ps1'
[110.124s] INFO:colcon.colcon_core.shell:Creating prefix script '/home/mihkel/School/ThesisPractical/realsense_ws/install/local_setup.sh'
[110.127s] INFO:colcon.colcon_core.shell:Creating prefix util module '/home/mihkel/School/ThesisPractical/realsense_ws/install/_local_setup_util_sh.py'
[110.128s] INFO:colcon.colcon_core.shell:Creating prefix chain script '/home/mihkel/School/ThesisPractical/realsense_ws/install/setup.sh'
[110.197s] INFO:colcon.colcon_core.shell:Creating prefix script '/home/mihkel/School/ThesisPractical/realsense_ws/install/local_setup.bash'
[110.199s] INFO:colcon.colcon_core.shell:Creating prefix chain script '/home/mihkel/School/ThesisPractical/realsense_ws/install/setup.bash'
[110.268s] INFO:colcon.colcon_core.shell:Creating prefix script '/home/mihkel/School/ThesisPractical/realsense_ws/install/local_setup.zsh'
[110.270s] INFO:colcon.colcon_core.shell:Creating prefix chain script '/home/mihkel/School/ThesisPractical/realsense_ws/install/setup.zsh'
