[3.941s] Invoking command in '/home/mihkel/School/ThesisPractical/rtabmap_ws/src/rtabmap_ros/rtabmap_python': PYTHONPATH=/home/mihkel/School/ThesisPractical/rtabmap_ws/build/rtabmap_python/prefix_override:/home/mihkel/School/ThesisPractical/rtabmap_ws/install/rtabmap_python/lib/python3.10/site-packages:${PYTHONPATH} /usr/bin/python3 setup.py egg_info --egg-base ../../../build/rtabmap_python build --build-base /home/mihkel/School/ThesisPractical/rtabmap_ws/build/rtabmap_python/build install --record /home/mihkel/School/ThesisPractical/rtabmap_ws/build/rtabmap_python/install.log --single-version-externally-managed
[5.328s] running egg_info
[5.331s] writing ../../../build/rtabmap_python/rtabmap_python.egg-info/PKG-INFO
[5.338s] writing dependency_links to ../../../build/rtabmap_python/rtabmap_python.egg-info/dependency_links.txt
[5.339s] writing entry points to ../../../build/rtabmap_python/rtabmap_python.egg-info/entry_points.txt
[5.340s] writing requirements to ../../../build/rtabmap_python/rtabmap_python.egg-info/requires.txt
[5.342s] writing top-level names to ../../../build/rtabmap_python/rtabmap_python.egg-info/top_level.txt
[5.349s] reading manifest file '../../../build/rtabmap_python/rtabmap_python.egg-info/SOURCES.txt'
[5.353s] writing manifest file '../../../build/rtabmap_python/rtabmap_python.egg-info/SOURCES.txt'
[5.353s] running build
[5.353s] running build_py
[5.354s] running install
[5.356s] running install_lib
[5.360s] running install_data
[5.363s] running install_egg_info
[5.369s] removing '/home/mihkel/School/ThesisPractical/rtabmap_ws/install/rtabmap_python/lib/python3.10/site-packages/rtabmap_python-0.1.0-py3.10.egg-info' (and everything under it)
[5.370s] Copying ../../../build/rtabmap_python/rtabmap_python.egg-info to /home/mihkel/School/ThesisPractical/rtabmap_ws/install/rtabmap_python/lib/python3.10/site-packages/rtabmap_python-0.1.0-py3.10.egg-info
[5.373s] running install_scripts
[5.444s] writing list of installed files to '/home/mihkel/School/ThesisPractical/rtabmap_ws/build/rtabmap_python/install.log'
[5.530s] Invoked command in '/home/mihkel/School/ThesisPractical/rtabmap_ws/src/rtabmap_ros/rtabmap_python' returned '0': PYTHONPATH=/home/mihkel/School/ThesisPractical/rtabmap_ws/build/rtabmap_python/prefix_override:/home/mihkel/School/ThesisPractical/rtabmap_ws/install/rtabmap_python/lib/python3.10/site-packages:${PYTHONPATH} /usr/bin/python3 setup.py egg_info --egg-base ../../../build/rtabmap_python build --build-base /home/mihkel/School/ThesisPractical/rtabmap_ws/build/rtabmap_python/build install --record /home/mihkel/School/ThesisPractical/rtabmap_ws/build/rtabmap_python/install.log --single-version-externally-managed
