[0.269s] Invoking command in '/home/mihkel/School/ThesisPractical/rtabmap_ws/build/rtabmap_conversions': CMAKE_PREFIX_PATH=/opt/ros/humble:/home/mihkel/School/ThesisPractical/rtabmap_ws/install/rtabmap_msgs:/home/mihkel/School/ThesisPractical/rtabmap_ws/install/rtabmap LD_LIBRARY_PATH=/home/mihkel/School/ThesisPractical/rtabmap_ws/install/rtabmap_msgs/lib:/home/mihkel/School/ThesisPractical/rtabmap_ws/install/rtabmap/lib:${LD_LIBRARY_PATH} PATH=/home/mihkel/School/ThesisPractical/rtabmap_ws/install/rtabmap/bin:${PATH} PKG_CONFIG_PATH=/home/mihkel/School/ThesisPractical/rtabmap_ws/install/rtabmap_msgs/lib/x86_64-linux-gnu/pkgconfig:/home/mihkel/School/ThesisPractical/rtabmap_ws/install/rtabmap_msgs/lib/pkgconfig:/home/mihkel/School/ThesisPractical/rtabmap_ws/install/rtabmap/lib/x86_64-linux-gnu/pkgconfig:/home/mihkel/School/ThesisPractical/rtabmap_ws/install/rtabmap/lib/pkgconfig PYTHONPATH=/home/mihkel/School/ThesisPractical/rtabmap_ws/install/rtabmap_msgs/local/lib/python3.10/dist-packages:${PYTHONPATH} ROS_PACKAGE_PATH=/home/mihkel/School/ThesisPractical/rtabmap_ws/install/rtabmap_msgs/share /home/mihkel/.local/bin/cmake /home/mihkel/School/ThesisPractical/rtabmap_ws/src/rtabmap_ros/rtabmap_conversions -DCMAKE_INSTALL_PREFIX=/home/mihkel/School/ThesisPractical/rtabmap_ws/install/rtabmap_conversions
[0.398s] -- Found ament_cmake: 1.3.6 (/opt/ros/humble/share/ament_cmake/cmake)
[1.410s] -- Override CMake install command with custom implementation using symlinks instead of copying resources
[1.445s] -- Found cv_bridge: 3.2.1 (/opt/ros/humble/share/cv_bridge/cmake)
[1.604s] -- Found rosidl_generator_c: 3.1.5 (/opt/ros/humble/share/rosidl_generator_c/cmake)
[1.616s] -- Found rosidl_adapter: 3.1.5 (/opt/ros/humble/share/rosidl_adapter/cmake)
[1.645s] -- Found rosidl_generator_cpp: 3.1.5 (/opt/ros/humble/share/rosidl_generator_cpp/cmake)
[1.710s] -- Using all available rosidl_typesupport_c: rosidl_typesupport_fastrtps_c;rosidl_typesupport_introspection_c
[1.789s] -- Using all available rosidl_typesupport_cpp: rosidl_typesupport_fastrtps_cpp;rosidl_typesupport_introspection_cpp
[2.774s] -- Found image_geometry: 3.2.1 (/opt/ros/humble/share/image_geometry/cmake)
[2.813s] -- Found laser_geometry: 2.4.0 (/opt/ros/humble/share/laser_geometry/cmake)
[3.083s] -- Found rmw_implementation_cmake: 6.1.1 (/opt/ros/humble/share/rmw_implementation_cmake/cmake)
[3.091s] -- Found rmw_fastrtps_cpp: 6.2.5 (/opt/ros/humble/share/rmw_fastrtps_cpp/cmake)
[3.603s] -- Using RMW implementation 'rmw_fastrtps_cpp' as default
[4.354s] -- Found pcl_conversions: 2.4.0 (/opt/ros/humble/share/pcl_conversions/cmake)
[4.956s] -- Found rtabmap_msgs: 0.21.3 (/home/mihkel/School/ThesisPractical/rtabmap_ws/install/rtabmap_msgs/share/rtabmap_msgs/cmake)
[5.274s] -- Found tf2_eigen: 0.25.5 (/opt/ros/humble/share/tf2_eigen/cmake)
[6.870s] -- Found tf2_geometry_msgs: 0.25.5 (/opt/ros/humble/share/tf2_geometry_msgs/cmake)
[6.900s] -- Found Eigen3: TRUE (found version "3.4.0") 
[6.900s] -- Ensuring Eigen3 include directory is part of orocos-kdl CMake target
[6.986s] [33mCMake Warning (dev) at /usr/lib/x86_64-linux-gnu/cmake/pcl/PCLConfig.cmake:146 (find_package):
[6.986s]   Policy CMP0144 is not set: find_package uses upper-case <PACKAGENAME>_ROOT
[6.987s]   variables.  Run "cmake --help-policy CMP0144" for policy details.  Use the
[6.987s]   cmake_policy command to set the policy and suppress this warning.
[6.987s] 
[6.987s]   CMake variable EIGEN_ROOT is set to:
[6.987s] 
[6.988s]     /usr/include/eigen3
[6.988s] 
[6.988s]   For compatibility, find_package is ignoring the variable, but code in a
[6.988s]   .cmake module might still use it.
[6.989s] Call Stack (most recent call first):
[6.989s]   /usr/lib/x86_64-linux-gnu/cmake/pcl/PCLConfig.cmake:299 (find_eigen)
[6.989s]   /usr/lib/x86_64-linux-gnu/cmake/pcl/PCLConfig.cmake:543 (find_external_library)
[6.989s]   /home/mihkel/.local/lib/python3.10/site-packages/cmake/data/share/cmake-3.28/Modules/CMakeFindDependencyMacro.cmake:76 (find_package)
[6.990s]   /home/mihkel/School/ThesisPractical/rtabmap_ws/install/rtabmap/lib/rtabmap-0.21/RTABMapConfig.cmake:7 (find_dependency)
[6.990s]   CMakeLists.txt:22 (find_package)
[6.990s] This warning is for project developers.  Use -Wno-dev to suppress it.
[6.990s] [0m
[7.005s] -- Eigen found (include: /usr/include/eigen3, version: 3.4.0)
[7.089s] -- OpenNI found (version: 1.5.4.0, include: /usr/include/ni, lib: /usr/lib/libOpenNI.so;libusb::libusb)
[7.110s] -- OpenNI2 found (version: 2.2.0.33, include: /usr/include/openni2, lib: /usr/lib/x86_64-linux-gnu/libOpenNI2.so;libusb::libusb)
[7.111s] [0m** WARNING ** io features related to pcap will be disabled[0m
[7.112s] [0m** WARNING ** io features related to png will be disabled[0m
[7.834s] -- Found Eigen3: /usr/include/eigen3 (found version "3.4.0") 
[8.770s] -- Eigen found (include: /usr/include/eigen3, version: 3.4.0)
[8.771s] [33mCMake Warning (dev) at /usr/lib/x86_64-linux-gnu/cmake/pcl/Modules/FindFLANN.cmake:44 (find_package):
[8.772s]   Policy CMP0144 is not set: find_package uses upper-case <PACKAGENAME>_ROOT
[8.772s]   variables.  Run "cmake --help-policy CMP0144" for policy details.  Use the
[8.772s]   cmake_policy command to set the policy and suppress this warning.
[8.772s] 
[8.773s]   CMake variable FLANN_ROOT is set to:
[8.773s] 
[8.773s]     /usr
[8.773s] 
[8.773s]   For compatibility, find_package is ignoring the variable, but code in a
[8.774s]   .cmake module might still use it.
[8.774s] Call Stack (most recent call first):
[8.774s]   /usr/lib/x86_64-linux-gnu/cmake/pcl/PCLConfig.cmake:256 (find_package)
[8.774s]   /usr/lib/x86_64-linux-gnu/cmake/pcl/PCLConfig.cmake:301 (find_flann)
[8.775s]   /usr/lib/x86_64-linux-gnu/cmake/pcl/PCLConfig.cmake:543 (find_external_library)
[8.775s]   /home/mihkel/.local/lib/python3.10/site-packages/cmake/data/share/cmake-3.28/Modules/CMakeFindDependencyMacro.cmake:76 (find_package)
[8.775s]   /home/mihkel/School/ThesisPractical/rtabmap_ws/install/rtabmap/lib/rtabmap-0.21/RTABMapConfig.cmake:7 (find_dependency)
[8.775s]   CMakeLists.txt:22 (find_package)
[8.775s] This warning is for project developers.  Use -Wno-dev to suppress it.
[8.776s] [0m
[8.851s] -- FLANN found (include: /usr/include, lib: /usr/lib/x86_64-linux-gnu/libflann_cpp.so)
[8.858s] -- Found Qhull version 8.0.2
[12.090s] -- OpenNI found (version: 1.5.4.0, include: /usr/include/ni, lib: /usr/lib/libOpenNI.so;libusb::libusb)
[12.114s] -- OpenNI2 found (version: 2.2.0.33, include: /usr/include/openni2, lib: /usr/lib/x86_64-linux-gnu/libOpenNI2.so;libusb::libusb)
[13.189s] -- looking for PCL_COMMON
[13.191s] -- looking for PCL_OCTREE
[13.193s] -- looking for PCL_IO
[13.195s] -- looking for PCL_KDTREE
[13.197s] -- looking for PCL_SEARCH
[13.200s] -- looking for PCL_SURFACE
[13.202s] -- looking for PCL_FILTERS
[13.204s] -- looking for PCL_2D
[13.206s] -- looking for PCL_FEATURES
[13.208s] -- looking for PCL_REGISTRATION
[13.211s] -- looking for PCL_SAMPLE_CONSENSUS
[13.213s] -- looking for PCL_GEOMETRY
[13.215s] -- looking for PCL_ML
[13.217s] -- looking for PCL_SEGMENTATION
[13.219s] -- looking for PCL_VISUALIZATION
[13.242s] -- Found grid_map_core: 2.0.0 (/opt/ros/humble/share/grid_map_core/cmake)
[13.811s] -- Configuring done (13.4s)
[13.971s] -- Generating done (0.1s)
[13.983s] -- Build files have been written to: /home/mihkel/School/ThesisPractical/rtabmap_ws/build/rtabmap_conversions
[14.049s] Invoked command in '/home/mihkel/School/ThesisPractical/rtabmap_ws/build/rtabmap_conversions' returned '0': CMAKE_PREFIX_PATH=/opt/ros/humble:/home/mihkel/School/ThesisPractical/rtabmap_ws/install/rtabmap_msgs:/home/mihkel/School/ThesisPractical/rtabmap_ws/install/rtabmap LD_LIBRARY_PATH=/home/mihkel/School/ThesisPractical/rtabmap_ws/install/rtabmap_msgs/lib:/home/mihkel/School/ThesisPractical/rtabmap_ws/install/rtabmap/lib:${LD_LIBRARY_PATH} PATH=/home/mihkel/School/ThesisPractical/rtabmap_ws/install/rtabmap/bin:${PATH} PKG_CONFIG_PATH=/home/mihkel/School/ThesisPractical/rtabmap_ws/install/rtabmap_msgs/lib/x86_64-linux-gnu/pkgconfig:/home/mihkel/School/ThesisPractical/rtabmap_ws/install/rtabmap_msgs/lib/pkgconfig:/home/mihkel/School/ThesisPractical/rtabmap_ws/install/rtabmap/lib/x86_64-linux-gnu/pkgconfig:/home/mihkel/School/ThesisPractical/rtabmap_ws/install/rtabmap/lib/pkgconfig PYTHONPATH=/home/mihkel/School/ThesisPractical/rtabmap_ws/install/rtabmap_msgs/local/lib/python3.10/dist-packages:${PYTHONPATH} ROS_PACKAGE_PATH=/home/mihkel/School/ThesisPractical/rtabmap_ws/install/rtabmap_msgs/share /home/mihkel/.local/bin/cmake /home/mihkel/School/ThesisPractical/rtabmap_ws/src/rtabmap_ros/rtabmap_conversions -DCMAKE_INSTALL_PREFIX=/home/mihkel/School/ThesisPractical/rtabmap_ws/install/rtabmap_conversions
[14.055s] Invoking command in '/home/mihkel/School/ThesisPractical/rtabmap_ws/build/rtabmap_conversions': CMAKE_PREFIX_PATH=/opt/ros/humble:/home/mihkel/School/ThesisPractical/rtabmap_ws/install/rtabmap_msgs:/home/mihkel/School/ThesisPractical/rtabmap_ws/install/rtabmap LD_LIBRARY_PATH=/home/mihkel/School/ThesisPractical/rtabmap_ws/install/rtabmap_msgs/lib:/home/mihkel/School/ThesisPractical/rtabmap_ws/install/rtabmap/lib:${LD_LIBRARY_PATH} PATH=/home/mihkel/School/ThesisPractical/rtabmap_ws/install/rtabmap/bin:${PATH} PKG_CONFIG_PATH=/home/mihkel/School/ThesisPractical/rtabmap_ws/install/rtabmap_msgs/lib/x86_64-linux-gnu/pkgconfig:/home/mihkel/School/ThesisPractical/rtabmap_ws/install/rtabmap_msgs/lib/pkgconfig:/home/mihkel/School/ThesisPractical/rtabmap_ws/install/rtabmap/lib/x86_64-linux-gnu/pkgconfig:/home/mihkel/School/ThesisPractical/rtabmap_ws/install/rtabmap/lib/pkgconfig PYTHONPATH=/home/mihkel/School/ThesisPractical/rtabmap_ws/install/rtabmap_msgs/local/lib/python3.10/dist-packages:${PYTHONPATH} ROS_PACKAGE_PATH=/home/mihkel/School/ThesisPractical/rtabmap_ws/install/rtabmap_msgs/share /home/mihkel/.local/bin/cmake --build /home/mihkel/School/ThesisPractical/rtabmap_ws/build/rtabmap_conversions -- -j12 -l12
[14.322s] [100%] Built target rtabmap_conversions
[14.350s] Invoked command in '/home/mihkel/School/ThesisPractical/rtabmap_ws/build/rtabmap_conversions' returned '0': CMAKE_PREFIX_PATH=/opt/ros/humble:/home/mihkel/School/ThesisPractical/rtabmap_ws/install/rtabmap_msgs:/home/mihkel/School/ThesisPractical/rtabmap_ws/install/rtabmap LD_LIBRARY_PATH=/home/mihkel/School/ThesisPractical/rtabmap_ws/install/rtabmap_msgs/lib:/home/mihkel/School/ThesisPractical/rtabmap_ws/install/rtabmap/lib:${LD_LIBRARY_PATH} PATH=/home/mihkel/School/ThesisPractical/rtabmap_ws/install/rtabmap/bin:${PATH} PKG_CONFIG_PATH=/home/mihkel/School/ThesisPractical/rtabmap_ws/install/rtabmap_msgs/lib/x86_64-linux-gnu/pkgconfig:/home/mihkel/School/ThesisPractical/rtabmap_ws/install/rtabmap_msgs/lib/pkgconfig:/home/mihkel/School/ThesisPractical/rtabmap_ws/install/rtabmap/lib/x86_64-linux-gnu/pkgconfig:/home/mihkel/School/ThesisPractical/rtabmap_ws/install/rtabmap/lib/pkgconfig PYTHONPATH=/home/mihkel/School/ThesisPractical/rtabmap_ws/install/rtabmap_msgs/local/lib/python3.10/dist-packages:${PYTHONPATH} ROS_PACKAGE_PATH=/home/mihkel/School/ThesisPractical/rtabmap_ws/install/rtabmap_msgs/share /home/mihkel/.local/bin/cmake --build /home/mihkel/School/ThesisPractical/rtabmap_ws/build/rtabmap_conversions -- -j12 -l12
[14.511s] Invoking command in '/home/mihkel/School/ThesisPractical/rtabmap_ws/build/rtabmap_conversions': CMAKE_PREFIX_PATH=/opt/ros/humble:/home/mihkel/School/ThesisPractical/rtabmap_ws/install/rtabmap_msgs:/home/mihkel/School/ThesisPractical/rtabmap_ws/install/rtabmap LD_LIBRARY_PATH=/home/mihkel/School/ThesisPractical/rtabmap_ws/install/rtabmap_msgs/lib:/home/mihkel/School/ThesisPractical/rtabmap_ws/install/rtabmap/lib:${LD_LIBRARY_PATH} PATH=/home/mihkel/School/ThesisPractical/rtabmap_ws/install/rtabmap/bin:${PATH} PKG_CONFIG_PATH=/home/mihkel/School/ThesisPractical/rtabmap_ws/install/rtabmap_msgs/lib/x86_64-linux-gnu/pkgconfig:/home/mihkel/School/ThesisPractical/rtabmap_ws/install/rtabmap_msgs/lib/pkgconfig:/home/mihkel/School/ThesisPractical/rtabmap_ws/install/rtabmap/lib/x86_64-linux-gnu/pkgconfig:/home/mihkel/School/ThesisPractical/rtabmap_ws/install/rtabmap/lib/pkgconfig PYTHONPATH=/home/mihkel/School/ThesisPractical/rtabmap_ws/install/rtabmap_msgs/local/lib/python3.10/dist-packages:${PYTHONPATH} ROS_PACKAGE_PATH=/home/mihkel/School/ThesisPractical/rtabmap_ws/install/rtabmap_msgs/share /home/mihkel/.local/bin/cmake --install /home/mihkel/School/ThesisPractical/rtabmap_ws/build/rtabmap_conversions
[14.610s] -- Install configuration: "Release"
[14.612s] -- Execute custom install script
[14.621s] -- Up-to-date symlink: /home/mihkel/School/ThesisPractical/rtabmap_ws/install/rtabmap_conversions/share/rtabmap_conversions/environment/library_path.sh
[14.622s] -- Up-to-date symlink: /home/mihkel/School/ThesisPractical/rtabmap_ws/install/rtabmap_conversions/share/rtabmap_conversions/environment/library_path.dsv
[14.623s] -- Up-to-date symlink: /home/mihkel/School/ThesisPractical/rtabmap_ws/install/rtabmap_conversions/share/ament_index/resource_index/package_run_dependencies/rtabmap_conversions
[14.624s] -- Up-to-date symlink: /home/mihkel/School/ThesisPractical/rtabmap_ws/install/rtabmap_conversions/share/ament_index/resource_index/parent_prefix_path/rtabmap_conversions
[14.625s] -- Up-to-date symlink: /home/mihkel/School/ThesisPractical/rtabmap_ws/install/rtabmap_conversions/share/rtabmap_conversions/environment/ament_prefix_path.sh
[14.625s] -- Up-to-date symlink: /home/mihkel/School/ThesisPractical/rtabmap_ws/install/rtabmap_conversions/share/rtabmap_conversions/environment/ament_prefix_path.dsv
[14.626s] -- Up-to-date symlink: /home/mihkel/School/ThesisPractical/rtabmap_ws/install/rtabmap_conversions/share/rtabmap_conversions/environment/path.sh
[14.627s] -- Up-to-date symlink: /home/mihkel/School/ThesisPractical/rtabmap_ws/install/rtabmap_conversions/share/rtabmap_conversions/environment/path.dsv
[14.628s] -- Up-to-date symlink: /home/mihkel/School/ThesisPractical/rtabmap_ws/install/rtabmap_conversions/share/rtabmap_conversions/local_setup.bash
[14.628s] -- Up-to-date symlink: /home/mihkel/School/ThesisPractical/rtabmap_ws/install/rtabmap_conversions/share/rtabmap_conversions/local_setup.sh
[14.629s] -- Up-to-date symlink: /home/mihkel/School/ThesisPractical/rtabmap_ws/install/rtabmap_conversions/share/rtabmap_conversions/local_setup.zsh
[14.630s] -- Up-to-date symlink: /home/mihkel/School/ThesisPractical/rtabmap_ws/install/rtabmap_conversions/share/rtabmap_conversions/local_setup.dsv
[14.630s] -- Symlinking: /home/mihkel/School/ThesisPractical/rtabmap_ws/install/rtabmap_conversions/share/rtabmap_conversions/package.dsv
[14.640s] -- Up-to-date symlink: /home/mihkel/School/ThesisPractical/rtabmap_ws/install/rtabmap_conversions/share/ament_index/resource_index/packages/rtabmap_conversions
[14.641s] -- Up-to-date symlink: /home/mihkel/School/ThesisPractical/rtabmap_ws/install/rtabmap_conversions/share/rtabmap_conversions/cmake/ament_cmake_export_dependencies-extras.cmake
[14.642s] -- Up-to-date symlink: /home/mihkel/School/ThesisPractical/rtabmap_ws/install/rtabmap_conversions/share/rtabmap_conversions/cmake/ament_cmake_export_include_directories-extras.cmake
[14.643s] -- Up-to-date symlink: /home/mihkel/School/ThesisPractical/rtabmap_ws/install/rtabmap_conversions/share/rtabmap_conversions/cmake/ament_cmake_export_targets-extras.cmake
[14.644s] -- Up-to-date symlink: /home/mihkel/School/ThesisPractical/rtabmap_ws/install/rtabmap_conversions/share/rtabmap_conversions/cmake/ament_cmake_export_libraries-extras.cmake
[14.644s] -- Up-to-date symlink: /home/mihkel/School/ThesisPractical/rtabmap_ws/install/rtabmap_conversions/share/rtabmap_conversions/cmake/rtabmap_conversionsConfig.cmake
[14.645s] -- Up-to-date symlink: /home/mihkel/School/ThesisPractical/rtabmap_ws/install/rtabmap_conversions/share/rtabmap_conversions/cmake/rtabmap_conversionsConfig-version.cmake
[14.646s] -- Up-to-date symlink: /home/mihkel/School/ThesisPractical/rtabmap_ws/install/rtabmap_conversions/share/rtabmap_conversions/package.xml
[14.647s] -- Up-to-date: /home/mihkel/School/ThesisPractical/rtabmap_ws/install/rtabmap_conversions/lib/librtabmap_conversions.so
[14.648s] -- Up-to-date: /home/mihkel/School/ThesisPractical/rtabmap_ws/install/rtabmap_conversions/include
[14.648s] -- Up-to-date: /home/mihkel/School/ThesisPractical/rtabmap_ws/install/rtabmap_conversions/include/rtabmap_conversions
[14.648s] -- Up-to-date: /home/mihkel/School/ThesisPractical/rtabmap_ws/install/rtabmap_conversions/include/rtabmap_conversions/MsgConversion.h
[14.649s] -- Up-to-date: /home/mihkel/School/ThesisPractical/rtabmap_ws/install/rtabmap_conversions/share/rtabmap_conversions/cmake/rtabmap_conversionsExport.cmake
[14.649s] -- Up-to-date: /home/mihkel/School/ThesisPractical/rtabmap_ws/install/rtabmap_conversions/share/rtabmap_conversions/cmake/rtabmap_conversionsExport-release.cmake
[14.668s] Invoked command in '/home/mihkel/School/ThesisPractical/rtabmap_ws/build/rtabmap_conversions' returned '0': CMAKE_PREFIX_PATH=/opt/ros/humble:/home/mihkel/School/ThesisPractical/rtabmap_ws/install/rtabmap_msgs:/home/mihkel/School/ThesisPractical/rtabmap_ws/install/rtabmap LD_LIBRARY_PATH=/home/mihkel/School/ThesisPractical/rtabmap_ws/install/rtabmap_msgs/lib:/home/mihkel/School/ThesisPractical/rtabmap_ws/install/rtabmap/lib:${LD_LIBRARY_PATH} PATH=/home/mihkel/School/ThesisPractical/rtabmap_ws/install/rtabmap/bin:${PATH} PKG_CONFIG_PATH=/home/mihkel/School/ThesisPractical/rtabmap_ws/install/rtabmap_msgs/lib/x86_64-linux-gnu/pkgconfig:/home/mihkel/School/ThesisPractical/rtabmap_ws/install/rtabmap_msgs/lib/pkgconfig:/home/mihkel/School/ThesisPractical/rtabmap_ws/install/rtabmap/lib/x86_64-linux-gnu/pkgconfig:/home/mihkel/School/ThesisPractical/rtabmap_ws/install/rtabmap/lib/pkgconfig PYTHONPATH=/home/mihkel/School/ThesisPractical/rtabmap_ws/install/rtabmap_msgs/local/lib/python3.10/dist-packages:${PYTHONPATH} ROS_PACKAGE_PATH=/home/mihkel/School/ThesisPractical/rtabmap_ws/install/rtabmap_msgs/share /home/mihkel/.local/bin/cmake --install /home/mihkel/School/ThesisPractical/rtabmap_ws/build/rtabmap_conversions
