[0.253s] Invoking command in '/home/mihkel/School/ros-packages/nav2_ws/build/nav_2d_msgs': CMAKE_PREFIX_PATH=/opt/ros/humble /home/mihkel/.local/bin/cmake --build /home/mihkel/School/ros-packages/nav2_ws/build/nav_2d_msgs -- -j12 -l12
[0.384s] [  1%] Built target nav_2d_msgs__cpp
[0.389s] [  1%] Built target ament_cmake_python_symlink_nav_2d_msgs
[0.394s] [ 12%] Built target nav_2d_msgs__rosidl_generator_c
[0.396s] [ 14%] [34m[1mGenerating C++ type support for eProsima Fast-RTPS[0m
[0.398s] [ 15%] [34m[1mGenerating C++ introspection for ROS interfaces[0m
[0.407s] [ 16%] [34m[1mGenerating C type support for eProsima Fast-RTPS[0m
[0.409s] [ 18%] [34m[1mGenerating C type support dispatch for ROS interfaces[0m
[0.411s] [ 19%] [34m[1mGenerating C introspection for ROS interfaces[0m
[0.422s] [ 21%] [32mBuilding CXX object CMakeFiles/nav_2d_msgs__rosidl_typesupport_cpp.dir/rosidl_typesupport_cpp/nav_2d_msgs/msg/pose2_d32__type_support.cpp.o[0m
[0.423s] [ 22%] [32mBuilding CXX object CMakeFiles/nav_2d_msgs__rosidl_typesupport_cpp.dir/rosidl_typesupport_cpp/nav_2d_msgs/msg/pose2_d_stamped__type_support.cpp.o[0m
[0.424s] [ 23%] [32mBuilding CXX object CMakeFiles/nav_2d_msgs__rosidl_typesupport_cpp.dir/rosidl_typesupport_cpp/nav_2d_msgs/msg/twist2_d32__type_support.cpp.o[0m
[0.424s] [ 25%] [32mBuilding CXX object CMakeFiles/nav_2d_msgs__rosidl_typesupport_cpp.dir/rosidl_typesupport_cpp/nav_2d_msgs/msg/twist2_d__type_support.cpp.o[0m
[0.426s] [ 26%] [32mBuilding CXX object CMakeFiles/nav_2d_msgs__rosidl_typesupport_cpp.dir/rosidl_typesupport_cpp/nav_2d_msgs/msg/twist2_d_stamped__type_support.cpp.o[0m
[1.832s] [ 28%] [32m[1mLinking CXX shared library libnav_2d_msgs__rosidl_typesupport_cpp.so[0m
[1.916s] [ 30%] Built target nav_2d_msgs__rosidl_typesupport_cpp
[2.097s] [ 32%] [32mBuilding CXX object CMakeFiles/nav_2d_msgs__rosidl_typesupport_c.dir/rosidl_typesupport_c/nav_2d_msgs/msg/path2_d__type_support.cpp.o[0m
[2.099s] [ 33%] [32mBuilding CXX object CMakeFiles/nav_2d_msgs__rosidl_typesupport_c.dir/rosidl_typesupport_c/nav_2d_msgs/msg/pose2_d_stamped__type_support.cpp.o[0m
[2.100s] [ 35%] [32mBuilding CXX object CMakeFiles/nav_2d_msgs__rosidl_typesupport_c.dir/rosidl_typesupport_c/nav_2d_msgs/msg/twist2_d__type_support.cpp.o[0m
[2.100s] [ 36%] [32mBuilding CXX object CMakeFiles/nav_2d_msgs__rosidl_typesupport_c.dir/rosidl_typesupport_c/nav_2d_msgs/msg/pose2_d32__type_support.cpp.o[0m
[2.102s] [ 38%] [32mBuilding CXX object CMakeFiles/nav_2d_msgs__rosidl_typesupport_c.dir/rosidl_typesupport_c/nav_2d_msgs/msg/twist2_d32__type_support.cpp.o[0m
[2.104s] [ 39%] [32mBuilding CXX object CMakeFiles/nav_2d_msgs__rosidl_typesupport_c.dir/rosidl_typesupport_c/nav_2d_msgs/msg/twist2_d_stamped__type_support.cpp.o[0m
[2.216s] [ 40%] [32m[1mLinking CXX shared library libnav_2d_msgs__rosidl_typesupport_c.so[0m
[2.311s] [ 40%] Built target nav_2d_msgs__rosidl_typesupport_c
[2.366s] [ 42%] [32mBuilding CXX object CMakeFiles/nav_2d_msgs__rosidl_typesupport_fastrtps_c.dir/rosidl_typesupport_fastrtps_c/nav_2d_msgs/msg/detail/path2_d__type_support_c.cpp.o[0m
[2.367s] [ 43%] [32mBuilding CXX object CMakeFiles/nav_2d_msgs__rosidl_typesupport_fastrtps_c.dir/rosidl_typesupport_fastrtps_c/nav_2d_msgs/msg/detail/twist2_d__type_support_c.cpp.o[0m
[2.367s] [ 45%] [32mBuilding CXX object CMakeFiles/nav_2d_msgs__rosidl_typesupport_fastrtps_c.dir/rosidl_typesupport_fastrtps_c/nav_2d_msgs/msg/detail/pose2_d_stamped__type_support_c.cpp.o[0m
[2.368s] [ 46%] [32mBuilding CXX object CMakeFiles/nav_2d_msgs__rosidl_typesupport_fastrtps_c.dir/rosidl_typesupport_fastrtps_c/nav_2d_msgs/msg/detail/pose2_d32__type_support_c.cpp.o[0m
[2.369s] [ 49%] [32mBuilding CXX object CMakeFiles/nav_2d_msgs__rosidl_typesupport_fastrtps_c.dir/rosidl_typesupport_fastrtps_c/nav_2d_msgs/msg/detail/twist2_d_stamped__type_support_c.cpp.o[0m
[2.370s] [ 49%] [32mBuilding CXX object CMakeFiles/nav_2d_msgs__rosidl_typesupport_fastrtps_c.dir/rosidl_typesupport_fastrtps_c/nav_2d_msgs/msg/detail/twist2_d32__type_support_c.cpp.o[0m
[2.392s] running egg_info
[2.396s] writing nav_2d_msgs.egg-info/PKG-INFO
[2.397s] writing dependency_links to nav_2d_msgs.egg-info/dependency_links.txt
[2.402s] writing top-level names to nav_2d_msgs.egg-info/top_level.txt
[2.414s] reading manifest file 'nav_2d_msgs.egg-info/SOURCES.txt'
[2.417s] writing manifest file 'nav_2d_msgs.egg-info/SOURCES.txt'
[2.440s] [ 50%] [32mBuilding C object CMakeFiles/nav_2d_msgs__rosidl_typesupport_introspection_c.dir/rosidl_typesupport_introspection_c/nav_2d_msgs/msg/detail/path2_d__type_support.c.o[0m
[2.477s] [ 52%] [32mBuilding C object CMakeFiles/nav_2d_msgs__rosidl_typesupport_introspection_c.dir/rosidl_typesupport_introspection_c/nav_2d_msgs/msg/detail/pose2_d32__type_support.c.o[0m
[2.481s] [ 53%] [32mBuilding C object CMakeFiles/nav_2d_msgs__rosidl_typesupport_introspection_c.dir/rosidl_typesupport_introspection_c/nav_2d_msgs/msg/detail/pose2_d_stamped__type_support.c.o[0m
[2.526s] [ 53%] Built target ament_cmake_python_build_nav_2d_msgs_egg
[2.536s] [ 54%] [32mBuilding CXX object CMakeFiles/nav_2d_msgs__rosidl_typesupport_introspection_cpp.dir/rosidl_typesupport_introspection_cpp/nav_2d_msgs/msg/detail/path2_d__type_support.cpp.o[0m
[2.542s] [ 56%] [32mBuilding CXX object CMakeFiles/nav_2d_msgs__rosidl_typesupport_introspection_cpp.dir/rosidl_typesupport_introspection_cpp/nav_2d_msgs/msg/detail/pose2_d32__type_support.cpp.o[0m
[2.614s] [ 57%] [32mBuilding C object CMakeFiles/nav_2d_msgs__rosidl_typesupport_introspection_c.dir/rosidl_typesupport_introspection_c/nav_2d_msgs/msg/detail/twist2_d__type_support.c.o[0m
[2.619s] [ 59%] [32mBuilding C object CMakeFiles/nav_2d_msgs__rosidl_typesupport_introspection_c.dir/rosidl_typesupport_introspection_c/nav_2d_msgs/msg/detail/twist2_d32__type_support.c.o[0m
[2.649s] [ 60%] [32mBuilding C object CMakeFiles/nav_2d_msgs__rosidl_typesupport_introspection_c.dir/rosidl_typesupport_introspection_c/nav_2d_msgs/msg/detail/twist2_d_stamped__type_support.c.o[0m
[2.800s] [ 61%] [32mBuilding CXX object CMakeFiles/nav_2d_msgs__rosidl_typesupport_introspection_cpp.dir/rosidl_typesupport_introspection_cpp/nav_2d_msgs/msg/detail/pose2_d_stamped__type_support.cpp.o[0m
[2.834s] [ 63%] [32mBuilding CXX object CMakeFiles/nav_2d_msgs__rosidl_typesupport_introspection_cpp.dir/rosidl_typesupport_introspection_cpp/nav_2d_msgs/msg/detail/twist2_d__type_support.cpp.o[0m
[2.861s] [ 64%] [32m[1mLinking C shared library libnav_2d_msgs__rosidl_typesupport_introspection_c.so[0m
[3.066s] [ 64%] Built target nav_2d_msgs__rosidl_typesupport_introspection_c
[3.090s] [ 66%] [32mBuilding CXX object CMakeFiles/nav_2d_msgs__rosidl_typesupport_introspection_cpp.dir/rosidl_typesupport_introspection_cpp/nav_2d_msgs/msg/detail/twist2_d32__type_support.cpp.o[0m
[3.148s] [ 67%] [32mBuilding CXX object CMakeFiles/nav_2d_msgs__rosidl_typesupport_fastrtps_cpp.dir/rosidl_typesupport_fastrtps_cpp/nav_2d_msgs/msg/detail/dds_fastrtps/path2_d__type_support.cpp.o[0m
[4.194s] [ 69%] [32mBuilding CXX object CMakeFiles/nav_2d_msgs__rosidl_typesupport_fastrtps_cpp.dir/rosidl_typesupport_fastrtps_cpp/nav_2d_msgs/msg/detail/dds_fastrtps/pose2_d32__type_support.cpp.o[0m
[4.301s] [ 70%] [32mBuilding CXX object CMakeFiles/nav_2d_msgs__rosidl_typesupport_fastrtps_cpp.dir/rosidl_typesupport_fastrtps_cpp/nav_2d_msgs/msg/detail/dds_fastrtps/pose2_d_stamped__type_support.cpp.o[0m
[4.346s] [ 71%] [32mBuilding CXX object CMakeFiles/nav_2d_msgs__rosidl_typesupport_fastrtps_cpp.dir/rosidl_typesupport_fastrtps_cpp/nav_2d_msgs/msg/detail/dds_fastrtps/twist2_d__type_support.cpp.o[0m
[4.364s] [ 73%] [32mBuilding CXX object CMakeFiles/nav_2d_msgs__rosidl_typesupport_fastrtps_cpp.dir/rosidl_typesupport_fastrtps_cpp/nav_2d_msgs/msg/detail/dds_fastrtps/twist2_d32__type_support.cpp.o[0m
[4.381s] [ 74%] [32mBuilding CXX object CMakeFiles/nav_2d_msgs__rosidl_typesupport_introspection_cpp.dir/rosidl_typesupport_introspection_cpp/nav_2d_msgs/msg/detail/twist2_d_stamped__type_support.cpp.o[0m
[4.386s] [ 76%] [32m[1mLinking CXX shared library libnav_2d_msgs__rosidl_typesupport_fastrtps_c.so[0m
[4.847s] [ 76%] Built target nav_2d_msgs__rosidl_typesupport_fastrtps_c
[4.875s] [ 77%] [32mBuilding CXX object CMakeFiles/nav_2d_msgs__rosidl_typesupport_fastrtps_cpp.dir/rosidl_typesupport_fastrtps_cpp/nav_2d_msgs/msg/detail/dds_fastrtps/twist2_d_stamped__type_support.cpp.o[0m
[5.990s] [ 78%] [32m[1mLinking CXX shared library libnav_2d_msgs__rosidl_typesupport_introspection_cpp.so[0m
[6.267s] [ 78%] Built target nav_2d_msgs__rosidl_typesupport_introspection_cpp
[6.518s] [ 80%] [32m[1mLinking CXX shared library libnav_2d_msgs__rosidl_typesupport_fastrtps_cpp.so[0m
[6.680s] [ 80%] Built target nav_2d_msgs__rosidl_typesupport_fastrtps_cpp
[6.704s] [ 80%] Built target nav_2d_msgs
[6.732s] [ 81%] [34m[1mGenerating Python code for ROS interfaces[0m
[8.860s] [ 81%] Built target nav_2d_msgs__py
[8.884s] [ 83%] [32mBuilding C object CMakeFiles/nav_2d_msgs__rosidl_generator_py.dir/rosidl_generator_py/nav_2d_msgs/msg/_pose2_d32_s.c.o[0m
[8.884s] [ 84%] [32mBuilding C object CMakeFiles/nav_2d_msgs__rosidl_generator_py.dir/rosidl_generator_py/nav_2d_msgs/msg/_path2_d_s.c.o[0m
[8.885s] [ 85%] [32mBuilding C object CMakeFiles/nav_2d_msgs__rosidl_generator_py.dir/rosidl_generator_py/nav_2d_msgs/msg/_twist2_d_s.c.o[0m
[8.885s] [ 87%] [32mBuilding C object CMakeFiles/nav_2d_msgs__rosidl_generator_py.dir/rosidl_generator_py/nav_2d_msgs/msg/_twist2_d32_s.c.o[0m
[8.886s] [ 88%] [32mBuilding C object CMakeFiles/nav_2d_msgs__rosidl_generator_py.dir/rosidl_generator_py/nav_2d_msgs/msg/_twist2_d_stamped_s.c.o[0m
[8.886s] [ 90%] [32mBuilding C object CMakeFiles/nav_2d_msgs__rosidl_generator_py.dir/rosidl_generator_py/nav_2d_msgs/msg/_pose2_d_stamped_s.c.o[0m
[9.301s] [ 91%] [32m[1mLinking C shared library rosidl_generator_py/nav_2d_msgs/libnav_2d_msgs__rosidl_generator_py.so[0m
[9.386s] [ 91%] Built target nav_2d_msgs__rosidl_generator_py
[9.408s] [ 92%] [32mBuilding C object CMakeFiles/nav_2d_msgs__rosidl_typesupport_fastrtps_c__pyext.dir/rosidl_generator_py/nav_2d_msgs/_nav_2d_msgs_s.ep.rosidl_typesupport_fastrtps_c.c.o[0m
[9.409s] [ 94%] [32mBuilding C object CMakeFiles/nav_2d_msgs__rosidl_typesupport_introspection_c__pyext.dir/rosidl_generator_py/nav_2d_msgs/_nav_2d_msgs_s.ep.rosidl_typesupport_introspection_c.c.o[0m
[9.409s] [ 95%] [32mBuilding C object CMakeFiles/nav_2d_msgs__rosidl_typesupport_c__pyext.dir/rosidl_generator_py/nav_2d_msgs/_nav_2d_msgs_s.ep.rosidl_typesupport_c.c.o[0m
[9.712s] [ 97%] [32m[1mLinking C shared library rosidl_generator_py/nav_2d_msgs/nav_2d_msgs_s__rosidl_typesupport_fastrtps_c.cpython-310-x86_64-linux-gnu.so[0m
[9.714s] [ 98%] [32m[1mLinking C shared library rosidl_generator_py/nav_2d_msgs/nav_2d_msgs_s__rosidl_typesupport_c.cpython-310-x86_64-linux-gnu.so[0m
[9.714s] [100%] [32m[1mLinking C shared library rosidl_generator_py/nav_2d_msgs/nav_2d_msgs_s__rosidl_typesupport_introspection_c.cpython-310-x86_64-linux-gnu.so[0m
[9.794s] [100%] Built target nav_2d_msgs__rosidl_typesupport_c__pyext
[9.795s] [100%] Built target nav_2d_msgs__rosidl_typesupport_fastrtps_c__pyext
[9.795s] [100%] Built target nav_2d_msgs__rosidl_typesupport_introspection_c__pyext
[9.823s] Invoked command in '/home/mihkel/School/ros-packages/nav2_ws/build/nav_2d_msgs' returned '0': CMAKE_PREFIX_PATH=/opt/ros/humble /home/mihkel/.local/bin/cmake --build /home/mihkel/School/ros-packages/nav2_ws/build/nav_2d_msgs -- -j12 -l12
[10.233s] Invoking command in '/home/mihkel/School/ros-packages/nav2_ws/build/nav_2d_msgs': CMAKE_PREFIX_PATH=/opt/ros/humble /home/mihkel/.local/bin/cmake --install /home/mihkel/School/ros-packages/nav2_ws/build/nav_2d_msgs
[10.312s] -- Install configuration: ""
[10.322s] -- Execute custom install script
[10.324s] -- Symlinking: /home/mihkel/School/ros-packages/nav2_ws/install/nav_2d_msgs/share/ament_index/resource_index/rosidl_interfaces/nav_2d_msgs
[10.334s] -- Symlinking: /home/mihkel/School/ros-packages/nav2_ws/install/nav_2d_msgs/include/nav_2d_msgs/nav_2d_msgs/msg/detail/path2_d__functions.h
[10.341s] -- Symlinking: /home/mihkel/School/ros-packages/nav2_ws/install/nav_2d_msgs/include/nav_2d_msgs/nav_2d_msgs/msg/detail/path2_d__struct.h
[10.348s] -- Symlinking: /home/mihkel/School/ros-packages/nav2_ws/install/nav_2d_msgs/include/nav_2d_msgs/nav_2d_msgs/msg/detail/path2_d__type_support.h
[10.355s] -- Symlinking: /home/mihkel/School/ros-packages/nav2_ws/install/nav_2d_msgs/include/nav_2d_msgs/nav_2d_msgs/msg/detail/pose2_d32__functions.h
[10.362s] -- Symlinking: /home/mihkel/School/ros-packages/nav2_ws/install/nav_2d_msgs/include/nav_2d_msgs/nav_2d_msgs/msg/detail/pose2_d32__struct.h
[10.370s] -- Symlinking: /home/mihkel/School/ros-packages/nav2_ws/install/nav_2d_msgs/include/nav_2d_msgs/nav_2d_msgs/msg/detail/pose2_d32__type_support.h
[10.376s] -- Symlinking: /home/mihkel/School/ros-packages/nav2_ws/install/nav_2d_msgs/include/nav_2d_msgs/nav_2d_msgs/msg/detail/pose2_d_stamped__functions.h
[10.383s] -- Symlinking: /home/mihkel/School/ros-packages/nav2_ws/install/nav_2d_msgs/include/nav_2d_msgs/nav_2d_msgs/msg/detail/pose2_d_stamped__struct.h
[10.390s] -- Symlinking: /home/mihkel/School/ros-packages/nav2_ws/install/nav_2d_msgs/include/nav_2d_msgs/nav_2d_msgs/msg/detail/pose2_d_stamped__type_support.h
[10.397s] -- Symlinking: /home/mihkel/School/ros-packages/nav2_ws/install/nav_2d_msgs/include/nav_2d_msgs/nav_2d_msgs/msg/detail/twist2_d32__functions.h
[10.403s] -- Symlinking: /home/mihkel/School/ros-packages/nav2_ws/install/nav_2d_msgs/include/nav_2d_msgs/nav_2d_msgs/msg/detail/twist2_d32__struct.h
[10.410s] -- Symlinking: /home/mihkel/School/ros-packages/nav2_ws/install/nav_2d_msgs/include/nav_2d_msgs/nav_2d_msgs/msg/detail/twist2_d32__type_support.h
[10.417s] -- Symlinking: /home/mihkel/School/ros-packages/nav2_ws/install/nav_2d_msgs/include/nav_2d_msgs/nav_2d_msgs/msg/detail/twist2_d__functions.h
[10.423s] -- Symlinking: /home/mihkel/School/ros-packages/nav2_ws/install/nav_2d_msgs/include/nav_2d_msgs/nav_2d_msgs/msg/detail/twist2_d__struct.h
[10.430s] -- Symlinking: /home/mihkel/School/ros-packages/nav2_ws/install/nav_2d_msgs/include/nav_2d_msgs/nav_2d_msgs/msg/detail/twist2_d__type_support.h
[10.437s] -- Symlinking: /home/mihkel/School/ros-packages/nav2_ws/install/nav_2d_msgs/include/nav_2d_msgs/nav_2d_msgs/msg/detail/twist2_d_stamped__functions.h
[10.443s] -- Symlinking: /home/mihkel/School/ros-packages/nav2_ws/install/nav_2d_msgs/include/nav_2d_msgs/nav_2d_msgs/msg/detail/twist2_d_stamped__struct.h
[10.450s] -- Symlinking: /home/mihkel/School/ros-packages/nav2_ws/install/nav_2d_msgs/include/nav_2d_msgs/nav_2d_msgs/msg/detail/twist2_d_stamped__type_support.h
[10.456s] -- Symlinking: /home/mihkel/School/ros-packages/nav2_ws/install/nav_2d_msgs/include/nav_2d_msgs/nav_2d_msgs/msg/path2_d.h
[10.462s] -- Symlinking: /home/mihkel/School/ros-packages/nav2_ws/install/nav_2d_msgs/include/nav_2d_msgs/nav_2d_msgs/msg/pose2_d32.h
[10.469s] -- Symlinking: /home/mihkel/School/ros-packages/nav2_ws/install/nav_2d_msgs/include/nav_2d_msgs/nav_2d_msgs/msg/pose2_d_stamped.h
[10.475s] -- Symlinking: /home/mihkel/School/ros-packages/nav2_ws/install/nav_2d_msgs/include/nav_2d_msgs/nav_2d_msgs/msg/rosidl_generator_c__visibility_control.h
[10.482s] -- Symlinking: /home/mihkel/School/ros-packages/nav2_ws/install/nav_2d_msgs/include/nav_2d_msgs/nav_2d_msgs/msg/twist2_d.h
[10.488s] -- Symlinking: /home/mihkel/School/ros-packages/nav2_ws/install/nav_2d_msgs/include/nav_2d_msgs/nav_2d_msgs/msg/twist2_d32.h
[10.494s] -- Symlinking: /home/mihkel/School/ros-packages/nav2_ws/install/nav_2d_msgs/include/nav_2d_msgs/nav_2d_msgs/msg/twist2_d_stamped.h
[10.501s] -- Symlinking: /home/mihkel/School/ros-packages/nav2_ws/install/nav_2d_msgs/share/nav_2d_msgs/environment/library_path.sh
[10.507s] -- Symlinking: /home/mihkel/School/ros-packages/nav2_ws/install/nav_2d_msgs/share/nav_2d_msgs/environment/library_path.dsv
[10.515s] -- Symlinking: /home/mihkel/School/ros-packages/nav2_ws/install/nav_2d_msgs/include/nav_2d_msgs/nav_2d_msgs/msg/detail/path2_d__rosidl_typesupport_fastrtps_c.h
[10.521s] -- Symlinking: /home/mihkel/School/ros-packages/nav2_ws/install/nav_2d_msgs/include/nav_2d_msgs/nav_2d_msgs/msg/detail/pose2_d32__rosidl_typesupport_fastrtps_c.h
[10.528s] -- Symlinking: /home/mihkel/School/ros-packages/nav2_ws/install/nav_2d_msgs/include/nav_2d_msgs/nav_2d_msgs/msg/detail/pose2_d_stamped__rosidl_typesupport_fastrtps_c.h
[10.534s] -- Symlinking: /home/mihkel/School/ros-packages/nav2_ws/install/nav_2d_msgs/include/nav_2d_msgs/nav_2d_msgs/msg/detail/twist2_d32__rosidl_typesupport_fastrtps_c.h
[10.540s] -- Symlinking: /home/mihkel/School/ros-packages/nav2_ws/install/nav_2d_msgs/include/nav_2d_msgs/nav_2d_msgs/msg/detail/twist2_d__rosidl_typesupport_fastrtps_c.h
[10.547s] -- Symlinking: /home/mihkel/School/ros-packages/nav2_ws/install/nav_2d_msgs/include/nav_2d_msgs/nav_2d_msgs/msg/detail/twist2_d_stamped__rosidl_typesupport_fastrtps_c.h
[10.553s] -- Symlinking: /home/mihkel/School/ros-packages/nav2_ws/install/nav_2d_msgs/include/nav_2d_msgs/nav_2d_msgs/msg/rosidl_typesupport_fastrtps_c__visibility_control.h
[10.561s] -- Symlinking: /home/mihkel/School/ros-packages/nav2_ws/install/nav_2d_msgs/include/nav_2d_msgs/nav_2d_msgs/msg/detail/path2_d__builder.hpp
[10.568s] -- Symlinking: /home/mihkel/School/ros-packages/nav2_ws/install/nav_2d_msgs/include/nav_2d_msgs/nav_2d_msgs/msg/detail/path2_d__struct.hpp
[10.574s] -- Symlinking: /home/mihkel/School/ros-packages/nav2_ws/install/nav_2d_msgs/include/nav_2d_msgs/nav_2d_msgs/msg/detail/path2_d__traits.hpp
[10.581s] -- Symlinking: /home/mihkel/School/ros-packages/nav2_ws/install/nav_2d_msgs/include/nav_2d_msgs/nav_2d_msgs/msg/detail/pose2_d32__builder.hpp
[10.588s] -- Symlinking: /home/mihkel/School/ros-packages/nav2_ws/install/nav_2d_msgs/include/nav_2d_msgs/nav_2d_msgs/msg/detail/pose2_d32__struct.hpp
[10.595s] -- Symlinking: /home/mihkel/School/ros-packages/nav2_ws/install/nav_2d_msgs/include/nav_2d_msgs/nav_2d_msgs/msg/detail/pose2_d32__traits.hpp
[10.602s] -- Symlinking: /home/mihkel/School/ros-packages/nav2_ws/install/nav_2d_msgs/include/nav_2d_msgs/nav_2d_msgs/msg/detail/pose2_d_stamped__builder.hpp
[10.608s] -- Symlinking: /home/mihkel/School/ros-packages/nav2_ws/install/nav_2d_msgs/include/nav_2d_msgs/nav_2d_msgs/msg/detail/pose2_d_stamped__struct.hpp
[10.615s] -- Symlinking: /home/mihkel/School/ros-packages/nav2_ws/install/nav_2d_msgs/include/nav_2d_msgs/nav_2d_msgs/msg/detail/pose2_d_stamped__traits.hpp
[10.622s] -- Symlinking: /home/mihkel/School/ros-packages/nav2_ws/install/nav_2d_msgs/include/nav_2d_msgs/nav_2d_msgs/msg/detail/twist2_d32__builder.hpp
[10.629s] -- Symlinking: /home/mihkel/School/ros-packages/nav2_ws/install/nav_2d_msgs/include/nav_2d_msgs/nav_2d_msgs/msg/detail/twist2_d32__struct.hpp
[10.635s] -- Symlinking: /home/mihkel/School/ros-packages/nav2_ws/install/nav_2d_msgs/include/nav_2d_msgs/nav_2d_msgs/msg/detail/twist2_d32__traits.hpp
[10.641s] -- Symlinking: /home/mihkel/School/ros-packages/nav2_ws/install/nav_2d_msgs/include/nav_2d_msgs/nav_2d_msgs/msg/detail/twist2_d__builder.hpp
[10.648s] -- Symlinking: /home/mihkel/School/ros-packages/nav2_ws/install/nav_2d_msgs/include/nav_2d_msgs/nav_2d_msgs/msg/detail/twist2_d__struct.hpp
[10.654s] -- Symlinking: /home/mihkel/School/ros-packages/nav2_ws/install/nav_2d_msgs/include/nav_2d_msgs/nav_2d_msgs/msg/detail/twist2_d__traits.hpp
[10.660s] -- Symlinking: /home/mihkel/School/ros-packages/nav2_ws/install/nav_2d_msgs/include/nav_2d_msgs/nav_2d_msgs/msg/detail/twist2_d_stamped__builder.hpp
[10.667s] -- Symlinking: /home/mihkel/School/ros-packages/nav2_ws/install/nav_2d_msgs/include/nav_2d_msgs/nav_2d_msgs/msg/detail/twist2_d_stamped__struct.hpp
[10.674s] -- Symlinking: /home/mihkel/School/ros-packages/nav2_ws/install/nav_2d_msgs/include/nav_2d_msgs/nav_2d_msgs/msg/detail/twist2_d_stamped__traits.hpp
[10.684s] -- Symlinking: /home/mihkel/School/ros-packages/nav2_ws/install/nav_2d_msgs/include/nav_2d_msgs/nav_2d_msgs/msg/path2_d.hpp
[10.692s] -- Symlinking: /home/mihkel/School/ros-packages/nav2_ws/install/nav_2d_msgs/include/nav_2d_msgs/nav_2d_msgs/msg/pose2_d32.hpp
[10.699s] -- Symlinking: /home/mihkel/School/ros-packages/nav2_ws/install/nav_2d_msgs/include/nav_2d_msgs/nav_2d_msgs/msg/pose2_d_stamped.hpp
[10.707s] -- Symlinking: /home/mihkel/School/ros-packages/nav2_ws/install/nav_2d_msgs/include/nav_2d_msgs/nav_2d_msgs/msg/twist2_d.hpp
[10.716s] -- Symlinking: /home/mihkel/School/ros-packages/nav2_ws/install/nav_2d_msgs/include/nav_2d_msgs/nav_2d_msgs/msg/twist2_d32.hpp
[10.725s] -- Symlinking: /home/mihkel/School/ros-packages/nav2_ws/install/nav_2d_msgs/include/nav_2d_msgs/nav_2d_msgs/msg/twist2_d_stamped.hpp
[10.735s] -- Symlinking: /home/mihkel/School/ros-packages/nav2_ws/install/nav_2d_msgs/include/nav_2d_msgs/nav_2d_msgs/msg/detail/path2_d__rosidl_typesupport_fastrtps_cpp.hpp
[10.742s] -- Symlinking: /home/mihkel/School/ros-packages/nav2_ws/install/nav_2d_msgs/include/nav_2d_msgs/nav_2d_msgs/msg/detail/pose2_d32__rosidl_typesupport_fastrtps_cpp.hpp
[10.749s] -- Symlinking: /home/mihkel/School/ros-packages/nav2_ws/install/nav_2d_msgs/include/nav_2d_msgs/nav_2d_msgs/msg/detail/pose2_d_stamped__rosidl_typesupport_fastrtps_cpp.hpp
[10.757s] -- Symlinking: /home/mihkel/School/ros-packages/nav2_ws/install/nav_2d_msgs/include/nav_2d_msgs/nav_2d_msgs/msg/detail/twist2_d32__rosidl_typesupport_fastrtps_cpp.hpp
[10.763s] -- Symlinking: /home/mihkel/School/ros-packages/nav2_ws/install/nav_2d_msgs/include/nav_2d_msgs/nav_2d_msgs/msg/detail/twist2_d__rosidl_typesupport_fastrtps_cpp.hpp
[10.770s] -- Symlinking: /home/mihkel/School/ros-packages/nav2_ws/install/nav_2d_msgs/include/nav_2d_msgs/nav_2d_msgs/msg/detail/twist2_d_stamped__rosidl_typesupport_fastrtps_cpp.hpp
[10.777s] -- Symlinking: /home/mihkel/School/ros-packages/nav2_ws/install/nav_2d_msgs/include/nav_2d_msgs/nav_2d_msgs/msg/rosidl_typesupport_fastrtps_cpp__visibility_control.h
[10.785s] -- Symlinking: /home/mihkel/School/ros-packages/nav2_ws/install/nav_2d_msgs/include/nav_2d_msgs/nav_2d_msgs/msg/detail/path2_d__rosidl_typesupport_introspection_c.h
[10.792s] -- Symlinking: /home/mihkel/School/ros-packages/nav2_ws/install/nav_2d_msgs/include/nav_2d_msgs/nav_2d_msgs/msg/detail/pose2_d32__rosidl_typesupport_introspection_c.h
[10.799s] -- Symlinking: /home/mihkel/School/ros-packages/nav2_ws/install/nav_2d_msgs/include/nav_2d_msgs/nav_2d_msgs/msg/detail/pose2_d_stamped__rosidl_typesupport_introspection_c.h
[10.806s] -- Symlinking: /home/mihkel/School/ros-packages/nav2_ws/install/nav_2d_msgs/include/nav_2d_msgs/nav_2d_msgs/msg/detail/twist2_d32__rosidl_typesupport_introspection_c.h
[10.813s] -- Symlinking: /home/mihkel/School/ros-packages/nav2_ws/install/nav_2d_msgs/include/nav_2d_msgs/nav_2d_msgs/msg/detail/twist2_d__rosidl_typesupport_introspection_c.h
[10.819s] -- Symlinking: /home/mihkel/School/ros-packages/nav2_ws/install/nav_2d_msgs/include/nav_2d_msgs/nav_2d_msgs/msg/detail/twist2_d_stamped__rosidl_typesupport_introspection_c.h
[10.826s] -- Symlinking: /home/mihkel/School/ros-packages/nav2_ws/install/nav_2d_msgs/include/nav_2d_msgs/nav_2d_msgs/msg/rosidl_typesupport_introspection_c__visibility_control.h
[10.834s] -- Symlinking: /home/mihkel/School/ros-packages/nav2_ws/install/nav_2d_msgs/include/nav_2d_msgs/nav_2d_msgs/msg/detail/path2_d__rosidl_typesupport_introspection_cpp.hpp
[10.841s] -- Symlinking: /home/mihkel/School/ros-packages/nav2_ws/install/nav_2d_msgs/include/nav_2d_msgs/nav_2d_msgs/msg/detail/pose2_d32__rosidl_typesupport_introspection_cpp.hpp
[10.848s] -- Symlinking: /home/mihkel/School/ros-packages/nav2_ws/install/nav_2d_msgs/include/nav_2d_msgs/nav_2d_msgs/msg/detail/pose2_d_stamped__rosidl_typesupport_introspection_cpp.hpp
[10.855s] -- Symlinking: /home/mihkel/School/ros-packages/nav2_ws/install/nav_2d_msgs/include/nav_2d_msgs/nav_2d_msgs/msg/detail/twist2_d32__rosidl_typesupport_introspection_cpp.hpp
[10.861s] -- Symlinking: /home/mihkel/School/ros-packages/nav2_ws/install/nav_2d_msgs/include/nav_2d_msgs/nav_2d_msgs/msg/detail/twist2_d__rosidl_typesupport_introspection_cpp.hpp
[10.868s] -- Symlinking: /home/mihkel/School/ros-packages/nav2_ws/install/nav_2d_msgs/include/nav_2d_msgs/nav_2d_msgs/msg/detail/twist2_d_stamped__rosidl_typesupport_introspection_cpp.hpp
[10.875s] -- Symlinking: /home/mihkel/School/ros-packages/nav2_ws/install/nav_2d_msgs/share/nav_2d_msgs/environment/pythonpath.sh
[10.882s] -- Symlinking: /home/mihkel/School/ros-packages/nav2_ws/install/nav_2d_msgs/share/nav_2d_msgs/environment/pythonpath.dsv
[10.890s] -- Symlinking: /home/mihkel/School/ros-packages/nav2_ws/install/nav_2d_msgs/local/lib/python3.10/dist-packages/nav_2d_msgs-1.1.12-py3.10.egg-info/PKG-INFO
[10.897s] -- Symlinking: /home/mihkel/School/ros-packages/nav2_ws/install/nav_2d_msgs/local/lib/python3.10/dist-packages/nav_2d_msgs-1.1.12-py3.10.egg-info/SOURCES.txt
[10.904s] -- Symlinking: /home/mihkel/School/ros-packages/nav2_ws/install/nav_2d_msgs/local/lib/python3.10/dist-packages/nav_2d_msgs-1.1.12-py3.10.egg-info/dependency_links.txt
[10.911s] -- Symlinking: /home/mihkel/School/ros-packages/nav2_ws/install/nav_2d_msgs/local/lib/python3.10/dist-packages/nav_2d_msgs-1.1.12-py3.10.egg-info/top_level.txt
[10.920s] -- Symlinking: /home/mihkel/School/ros-packages/nav2_ws/install/nav_2d_msgs/local/lib/python3.10/dist-packages/nav_2d_msgs/__init__.py
[10.927s] -- Symlinking: /home/mihkel/School/ros-packages/nav2_ws/install/nav_2d_msgs/local/lib/python3.10/dist-packages/nav_2d_msgs/_nav_2d_msgs_s.ep.rosidl_typesupport_c.c
[10.934s] -- Symlinking: /home/mihkel/School/ros-packages/nav2_ws/install/nav_2d_msgs/local/lib/python3.10/dist-packages/nav_2d_msgs/_nav_2d_msgs_s.ep.rosidl_typesupport_fastrtps_c.c
[10.940s] -- Symlinking: /home/mihkel/School/ros-packages/nav2_ws/install/nav_2d_msgs/local/lib/python3.10/dist-packages/nav_2d_msgs/_nav_2d_msgs_s.ep.rosidl_typesupport_introspection_c.c
[10.947s] -- Symlinking: /home/mihkel/School/ros-packages/nav2_ws/install/nav_2d_msgs/local/lib/python3.10/dist-packages/nav_2d_msgs/libnav_2d_msgs__rosidl_generator_py.so
[10.954s] -- Symlinking: /home/mihkel/School/ros-packages/nav2_ws/install/nav_2d_msgs/local/lib/python3.10/dist-packages/nav_2d_msgs/msg/__init__.py
[10.961s] -- Symlinking: /home/mihkel/School/ros-packages/nav2_ws/install/nav_2d_msgs/local/lib/python3.10/dist-packages/nav_2d_msgs/msg/_path2_d.py
[10.968s] -- Symlinking: /home/mihkel/School/ros-packages/nav2_ws/install/nav_2d_msgs/local/lib/python3.10/dist-packages/nav_2d_msgs/msg/_path2_d_s.c
[10.975s] -- Symlinking: /home/mihkel/School/ros-packages/nav2_ws/install/nav_2d_msgs/local/lib/python3.10/dist-packages/nav_2d_msgs/msg/_pose2_d32.py
[10.982s] -- Symlinking: /home/mihkel/School/ros-packages/nav2_ws/install/nav_2d_msgs/local/lib/python3.10/dist-packages/nav_2d_msgs/msg/_pose2_d32_s.c
[10.988s] -- Symlinking: /home/mihkel/School/ros-packages/nav2_ws/install/nav_2d_msgs/local/lib/python3.10/dist-packages/nav_2d_msgs/msg/_pose2_d_stamped.py
[10.995s] -- Symlinking: /home/mihkel/School/ros-packages/nav2_ws/install/nav_2d_msgs/local/lib/python3.10/dist-packages/nav_2d_msgs/msg/_pose2_d_stamped_s.c
[11.002s] -- Symlinking: /home/mihkel/School/ros-packages/nav2_ws/install/nav_2d_msgs/local/lib/python3.10/dist-packages/nav_2d_msgs/msg/_twist2_d.py
[11.009s] -- Symlinking: /home/mihkel/School/ros-packages/nav2_ws/install/nav_2d_msgs/local/lib/python3.10/dist-packages/nav_2d_msgs/msg/_twist2_d32.py
[11.016s] -- Symlinking: /home/mihkel/School/ros-packages/nav2_ws/install/nav_2d_msgs/local/lib/python3.10/dist-packages/nav_2d_msgs/msg/_twist2_d32_s.c
[11.022s] -- Symlinking: /home/mihkel/School/ros-packages/nav2_ws/install/nav_2d_msgs/local/lib/python3.10/dist-packages/nav_2d_msgs/msg/_twist2_d_s.c
[11.029s] -- Symlinking: /home/mihkel/School/ros-packages/nav2_ws/install/nav_2d_msgs/local/lib/python3.10/dist-packages/nav_2d_msgs/msg/_twist2_d_stamped.py
[11.036s] -- Symlinking: /home/mihkel/School/ros-packages/nav2_ws/install/nav_2d_msgs/local/lib/python3.10/dist-packages/nav_2d_msgs/msg/_twist2_d_stamped_s.c
[11.043s] -- Symlinking: /home/mihkel/School/ros-packages/nav2_ws/install/nav_2d_msgs/local/lib/python3.10/dist-packages/nav_2d_msgs/nav_2d_msgs_s__rosidl_typesupport_c.cpython-310-x86_64-linux-gnu.so
[11.050s] -- Symlinking: /home/mihkel/School/ros-packages/nav2_ws/install/nav_2d_msgs/local/lib/python3.10/dist-packages/nav_2d_msgs/nav_2d_msgs_s__rosidl_typesupport_fastrtps_c.cpython-310-x86_64-linux-gnu.so
[11.057s] -- Symlinking: /home/mihkel/School/ros-packages/nav2_ws/install/nav_2d_msgs/local/lib/python3.10/dist-packages/nav_2d_msgs/nav_2d_msgs_s__rosidl_typesupport_introspection_c.cpython-310-x86_64-linux-gnu.so
[11.065s] -- Up-to-date symlink: /home/mihkel/School/ros-packages/nav2_ws/install/nav_2d_msgs/local/lib/python3.10/dist-packages/nav_2d_msgs/nav_2d_msgs_s__rosidl_typesupport_fastrtps_c.cpython-310-x86_64-linux-gnu.so
[11.066s] -- Up-to-date symlink: /home/mihkel/School/ros-packages/nav2_ws/install/nav_2d_msgs/local/lib/python3.10/dist-packages/nav_2d_msgs/nav_2d_msgs_s__rosidl_typesupport_introspection_c.cpython-310-x86_64-linux-gnu.so
[11.067s] -- Up-to-date symlink: /home/mihkel/School/ros-packages/nav2_ws/install/nav_2d_msgs/local/lib/python3.10/dist-packages/nav_2d_msgs/nav_2d_msgs_s__rosidl_typesupport_c.cpython-310-x86_64-linux-gnu.so
[11.067s] -- Symlinking: /home/mihkel/School/ros-packages/nav2_ws/install/nav_2d_msgs/share/nav_2d_msgs/msg/Path2D.idl
[11.075s] -- Symlinking: /home/mihkel/School/ros-packages/nav2_ws/install/nav_2d_msgs/share/nav_2d_msgs/msg/Pose2D32.idl
[11.082s] -- Symlinking: /home/mihkel/School/ros-packages/nav2_ws/install/nav_2d_msgs/share/nav_2d_msgs/msg/Pose2DStamped.idl
[11.089s] -- Symlinking: /home/mihkel/School/ros-packages/nav2_ws/install/nav_2d_msgs/share/nav_2d_msgs/msg/Twist2D.idl
[11.096s] -- Symlinking: /home/mihkel/School/ros-packages/nav2_ws/install/nav_2d_msgs/share/nav_2d_msgs/msg/Twist2D32.idl
[11.103s] -- Symlinking: /home/mihkel/School/ros-packages/nav2_ws/install/nav_2d_msgs/share/nav_2d_msgs/msg/Twist2DStamped.idl
[11.110s] -- Symlinking: /home/mihkel/School/ros-packages/nav2_ws/install/nav_2d_msgs/share/nav_2d_msgs/msg/Path2D.msg
[11.117s] -- Symlinking: /home/mihkel/School/ros-packages/nav2_ws/install/nav_2d_msgs/share/nav_2d_msgs/msg/Pose2D32.msg
[11.125s] -- Symlinking: /home/mihkel/School/ros-packages/nav2_ws/install/nav_2d_msgs/share/nav_2d_msgs/msg/Pose2DStamped.msg
[11.132s] -- Symlinking: /home/mihkel/School/ros-packages/nav2_ws/install/nav_2d_msgs/share/nav_2d_msgs/msg/Twist2D.msg
[11.139s] -- Symlinking: /home/mihkel/School/ros-packages/nav2_ws/install/nav_2d_msgs/share/nav_2d_msgs/msg/Twist2D32.msg
[11.146s] -- Symlinking: /home/mihkel/School/ros-packages/nav2_ws/install/nav_2d_msgs/share/nav_2d_msgs/msg/Twist2DStamped.msg
[11.153s] -- Symlinking: /home/mihkel/School/ros-packages/nav2_ws/install/nav_2d_msgs/share/ament_index/resource_index/package_run_dependencies/nav_2d_msgs
[11.160s] -- Symlinking: /home/mihkel/School/ros-packages/nav2_ws/install/nav_2d_msgs/share/ament_index/resource_index/parent_prefix_path/nav_2d_msgs
[11.168s] -- Symlinking: /home/mihkel/School/ros-packages/nav2_ws/install/nav_2d_msgs/share/nav_2d_msgs/environment/ament_prefix_path.sh
[11.175s] -- Symlinking: /home/mihkel/School/ros-packages/nav2_ws/install/nav_2d_msgs/share/nav_2d_msgs/environment/ament_prefix_path.dsv
[11.182s] -- Symlinking: /home/mihkel/School/ros-packages/nav2_ws/install/nav_2d_msgs/share/nav_2d_msgs/environment/path.sh
[11.190s] -- Symlinking: /home/mihkel/School/ros-packages/nav2_ws/install/nav_2d_msgs/share/nav_2d_msgs/environment/path.dsv
[11.197s] -- Symlinking: /home/mihkel/School/ros-packages/nav2_ws/install/nav_2d_msgs/share/nav_2d_msgs/local_setup.bash
[11.204s] -- Symlinking: /home/mihkel/School/ros-packages/nav2_ws/install/nav_2d_msgs/share/nav_2d_msgs/local_setup.sh
[11.211s] -- Symlinking: /home/mihkel/School/ros-packages/nav2_ws/install/nav_2d_msgs/share/nav_2d_msgs/local_setup.zsh
[11.218s] -- Symlinking: /home/mihkel/School/ros-packages/nav2_ws/install/nav_2d_msgs/share/nav_2d_msgs/local_setup.dsv
[11.225s] -- Symlinking: /home/mihkel/School/ros-packages/nav2_ws/install/nav_2d_msgs/share/nav_2d_msgs/package.dsv
[11.232s] -- Symlinking: /home/mihkel/School/ros-packages/nav2_ws/install/nav_2d_msgs/share/ament_index/resource_index/packages/nav_2d_msgs
[11.240s] -- Symlinking: /home/mihkel/School/ros-packages/nav2_ws/install/nav_2d_msgs/share/nav_2d_msgs/cmake/rosidl_cmake-extras.cmake
[11.247s] -- Symlinking: /home/mihkel/School/ros-packages/nav2_ws/install/nav_2d_msgs/share/nav_2d_msgs/cmake/ament_cmake_export_dependencies-extras.cmake
[11.254s] -- Symlinking: /home/mihkel/School/ros-packages/nav2_ws/install/nav_2d_msgs/share/nav_2d_msgs/cmake/ament_cmake_export_include_directories-extras.cmake
[11.261s] -- Symlinking: /home/mihkel/School/ros-packages/nav2_ws/install/nav_2d_msgs/share/nav_2d_msgs/cmake/ament_cmake_export_libraries-extras.cmake
[11.268s] -- Symlinking: /home/mihkel/School/ros-packages/nav2_ws/install/nav_2d_msgs/share/nav_2d_msgs/cmake/ament_cmake_export_targets-extras.cmake
[11.275s] -- Symlinking: /home/mihkel/School/ros-packages/nav2_ws/install/nav_2d_msgs/share/nav_2d_msgs/cmake/rosidl_cmake_export_typesupport_targets-extras.cmake
[11.282s] -- Symlinking: /home/mihkel/School/ros-packages/nav2_ws/install/nav_2d_msgs/share/nav_2d_msgs/cmake/rosidl_cmake_export_typesupport_libraries-extras.cmake
[11.289s] -- Symlinking: /home/mihkel/School/ros-packages/nav2_ws/install/nav_2d_msgs/share/nav_2d_msgs/cmake/nav_2d_msgsConfig.cmake
[11.296s] -- Symlinking: /home/mihkel/School/ros-packages/nav2_ws/install/nav_2d_msgs/share/nav_2d_msgs/cmake/nav_2d_msgsConfig-version.cmake
[11.304s] -- Symlinking: /home/mihkel/School/ros-packages/nav2_ws/install/nav_2d_msgs/share/nav_2d_msgs/package.xml
[11.311s] -- Installing: /home/mihkel/School/ros-packages/nav2_ws/install/nav_2d_msgs/lib/libnav_2d_msgs__rosidl_generator_c.so
[11.312s] -- Set non-toolchain portion of runtime path of "/home/mihkel/School/ros-packages/nav2_ws/install/nav_2d_msgs/lib/libnav_2d_msgs__rosidl_generator_c.so" to ""
[11.313s] -- Installing: /home/mihkel/School/ros-packages/nav2_ws/install/nav_2d_msgs/lib/libnav_2d_msgs__rosidl_typesupport_fastrtps_c.so
[11.314s] -- Set non-toolchain portion of runtime path of "/home/mihkel/School/ros-packages/nav2_ws/install/nav_2d_msgs/lib/libnav_2d_msgs__rosidl_typesupport_fastrtps_c.so" to ""
[11.314s] -- Installing: /home/mihkel/School/ros-packages/nav2_ws/install/nav_2d_msgs/lib/libnav_2d_msgs__rosidl_typesupport_fastrtps_cpp.so
[11.315s] -- Set non-toolchain portion of runtime path of "/home/mihkel/School/ros-packages/nav2_ws/install/nav_2d_msgs/lib/libnav_2d_msgs__rosidl_typesupport_fastrtps_cpp.so" to ""
[11.315s] -- Installing: /home/mihkel/School/ros-packages/nav2_ws/install/nav_2d_msgs/lib/libnav_2d_msgs__rosidl_typesupport_introspection_c.so
[11.316s] -- Set non-toolchain portion of runtime path of "/home/mihkel/School/ros-packages/nav2_ws/install/nav_2d_msgs/lib/libnav_2d_msgs__rosidl_typesupport_introspection_c.so" to ""
[11.316s] -- Installing: /home/mihkel/School/ros-packages/nav2_ws/install/nav_2d_msgs/lib/libnav_2d_msgs__rosidl_typesupport_c.so
[11.317s] -- Set non-toolchain portion of runtime path of "/home/mihkel/School/ros-packages/nav2_ws/install/nav_2d_msgs/lib/libnav_2d_msgs__rosidl_typesupport_c.so" to ""
[11.317s] -- Installing: /home/mihkel/School/ros-packages/nav2_ws/install/nav_2d_msgs/lib/libnav_2d_msgs__rosidl_typesupport_introspection_cpp.so
[11.318s] -- Set non-toolchain portion of runtime path of "/home/mihkel/School/ros-packages/nav2_ws/install/nav_2d_msgs/lib/libnav_2d_msgs__rosidl_typesupport_introspection_cpp.so" to ""
[11.318s] -- Installing: /home/mihkel/School/ros-packages/nav2_ws/install/nav_2d_msgs/lib/libnav_2d_msgs__rosidl_typesupport_cpp.so
[11.319s] -- Set non-toolchain portion of runtime path of "/home/mihkel/School/ros-packages/nav2_ws/install/nav_2d_msgs/lib/libnav_2d_msgs__rosidl_typesupport_cpp.so" to ""
[11.451s] Listing '/home/mihkel/School/ros-packages/nav2_ws/install/nav_2d_msgs/local/lib/python3.10/dist-packages/nav_2d_msgs'...
[11.451s] Compiling '/home/mihkel/School/ros-packages/nav2_ws/install/nav_2d_msgs/local/lib/python3.10/dist-packages/nav_2d_msgs/__init__.py'...
[11.451s] Listing '/home/mihkel/School/ros-packages/nav2_ws/install/nav_2d_msgs/local/lib/python3.10/dist-packages/nav_2d_msgs/msg'...
[11.451s] Compiling '/home/mihkel/School/ros-packages/nav2_ws/install/nav_2d_msgs/local/lib/python3.10/dist-packages/nav_2d_msgs/msg/__init__.py'...
[11.451s] Compiling '/home/mihkel/School/ros-packages/nav2_ws/install/nav_2d_msgs/local/lib/python3.10/dist-packages/nav_2d_msgs/msg/_path2_d.py'...
[11.452s] Compiling '/home/mihkel/School/ros-packages/nav2_ws/install/nav_2d_msgs/local/lib/python3.10/dist-packages/nav_2d_msgs/msg/_pose2_d32.py'...
[11.452s] Compiling '/home/mihkel/School/ros-packages/nav2_ws/install/nav_2d_msgs/local/lib/python3.10/dist-packages/nav_2d_msgs/msg/_pose2_d_stamped.py'...
[11.452s] Compiling '/home/mihkel/School/ros-packages/nav2_ws/install/nav_2d_msgs/local/lib/python3.10/dist-packages/nav_2d_msgs/msg/_twist2_d.py'...
[11.452s] Compiling '/home/mihkel/School/ros-packages/nav2_ws/install/nav_2d_msgs/local/lib/python3.10/dist-packages/nav_2d_msgs/msg/_twist2_d32.py'...
[11.452s] Compiling '/home/mihkel/School/ros-packages/nav2_ws/install/nav_2d_msgs/local/lib/python3.10/dist-packages/nav_2d_msgs/msg/_twist2_d_stamped.py'...
[11.467s] -- Installing: /home/mihkel/School/ros-packages/nav2_ws/install/nav_2d_msgs/lib/libnav_2d_msgs__rosidl_generator_py.so
[11.468s] -- Set non-toolchain portion of runtime path of "/home/mihkel/School/ros-packages/nav2_ws/install/nav_2d_msgs/lib/libnav_2d_msgs__rosidl_generator_py.so" to ""
[11.468s] -- Installing: /home/mihkel/School/ros-packages/nav2_ws/install/nav_2d_msgs/share/nav_2d_msgs/cmake/export_nav_2d_msgs__rosidl_generator_cExport.cmake
[11.469s] -- Installing: /home/mihkel/School/ros-packages/nav2_ws/install/nav_2d_msgs/share/nav_2d_msgs/cmake/export_nav_2d_msgs__rosidl_generator_cExport-noconfig.cmake
[11.469s] -- Installing: /home/mihkel/School/ros-packages/nav2_ws/install/nav_2d_msgs/share/nav_2d_msgs/cmake/export_nav_2d_msgs__rosidl_typesupport_fastrtps_cExport.cmake
[11.470s] -- Installing: /home/mihkel/School/ros-packages/nav2_ws/install/nav_2d_msgs/share/nav_2d_msgs/cmake/export_nav_2d_msgs__rosidl_typesupport_fastrtps_cExport-noconfig.cmake
[11.470s] -- Installing: /home/mihkel/School/ros-packages/nav2_ws/install/nav_2d_msgs/share/nav_2d_msgs/cmake/export_nav_2d_msgs__rosidl_generator_cppExport.cmake
[11.470s] -- Installing: /home/mihkel/School/ros-packages/nav2_ws/install/nav_2d_msgs/share/nav_2d_msgs/cmake/export_nav_2d_msgs__rosidl_typesupport_fastrtps_cppExport.cmake
[11.471s] -- Installing: /home/mihkel/School/ros-packages/nav2_ws/install/nav_2d_msgs/share/nav_2d_msgs/cmake/export_nav_2d_msgs__rosidl_typesupport_fastrtps_cppExport-noconfig.cmake
[11.471s] -- Installing: /home/mihkel/School/ros-packages/nav2_ws/install/nav_2d_msgs/share/nav_2d_msgs/cmake/nav_2d_msgs__rosidl_typesupport_introspection_cExport.cmake
[11.472s] -- Installing: /home/mihkel/School/ros-packages/nav2_ws/install/nav_2d_msgs/share/nav_2d_msgs/cmake/nav_2d_msgs__rosidl_typesupport_introspection_cExport-noconfig.cmake
[11.472s] -- Installing: /home/mihkel/School/ros-packages/nav2_ws/install/nav_2d_msgs/share/nav_2d_msgs/cmake/nav_2d_msgs__rosidl_typesupport_cExport.cmake
[11.472s] -- Installing: /home/mihkel/School/ros-packages/nav2_ws/install/nav_2d_msgs/share/nav_2d_msgs/cmake/nav_2d_msgs__rosidl_typesupport_cExport-noconfig.cmake
[11.473s] -- Installing: /home/mihkel/School/ros-packages/nav2_ws/install/nav_2d_msgs/share/nav_2d_msgs/cmake/nav_2d_msgs__rosidl_typesupport_introspection_cppExport.cmake
[11.474s] -- Installing: /home/mihkel/School/ros-packages/nav2_ws/install/nav_2d_msgs/share/nav_2d_msgs/cmake/nav_2d_msgs__rosidl_typesupport_introspection_cppExport-noconfig.cmake
[11.474s] -- Installing: /home/mihkel/School/ros-packages/nav2_ws/install/nav_2d_msgs/share/nav_2d_msgs/cmake/nav_2d_msgs__rosidl_typesupport_cppExport.cmake
[11.474s] -- Installing: /home/mihkel/School/ros-packages/nav2_ws/install/nav_2d_msgs/share/nav_2d_msgs/cmake/nav_2d_msgs__rosidl_typesupport_cppExport-noconfig.cmake
[11.475s] -- Installing: /home/mihkel/School/ros-packages/nav2_ws/install/nav_2d_msgs/share/nav_2d_msgs/cmake/export_nav_2d_msgs__rosidl_generator_pyExport.cmake
[11.475s] -- Installing: /home/mihkel/School/ros-packages/nav2_ws/install/nav_2d_msgs/share/nav_2d_msgs/cmake/export_nav_2d_msgs__rosidl_generator_pyExport-noconfig.cmake
[11.493s] Invoked command in '/home/mihkel/School/ros-packages/nav2_ws/build/nav_2d_msgs' returned '0': CMAKE_PREFIX_PATH=/opt/ros/humble /home/mihkel/.local/bin/cmake --install /home/mihkel/School/ros-packages/nav2_ws/build/nav_2d_msgs
