[0.269s] Invoking command in '/home/mihkel/School/ThesisPractical/rtabmap_ws/build/rtabmap_util': AMENT_PREFIX_PATH=/home/mihkel/School/ThesisPractical/rtabmap_ws/install/rtabmap_conversions:${AMENT_PREFIX_PATH} CMAKE_PREFIX_PATH=/home/mihkel/School/ThesisPractical/rtabmap_ws/install/rtabmap_conversions:/opt/ros/humble:/home/mihkel/School/ThesisPractical/rtabmap_ws/install/rtabmap_msgs:/home/mihkel/School/ThesisPractical/rtabmap_ws/install/rtabmap LD_LIBRARY_PATH=/home/mihkel/School/ThesisPractical/rtabmap_ws/install/rtabmap_conversions/lib:/home/mihkel/School/ThesisPractical/rtabmap_ws/install/rtabmap_msgs/lib:/home/mihkel/School/ThesisPractical/rtabmap_ws/install/rtabmap/lib:${LD_LIBRARY_PATH} PATH=/home/mihkel/School/ThesisPractical/rtabmap_ws/install/rtabmap/bin:${PATH} PKG_CONFIG_PATH=/home/mihkel/School/ThesisPractical/rtabmap_ws/install/rtabmap_msgs/lib/x86_64-linux-gnu/pkgconfig:/home/mihkel/School/ThesisPractical/rtabmap_ws/install/rtabmap_msgs/lib/pkgconfig:/home/mihkel/School/ThesisPractical/rtabmap_ws/install/rtabmap/lib/x86_64-linux-gnu/pkgconfig:/home/mihkel/School/ThesisPractical/rtabmap_ws/install/rtabmap/lib/pkgconfig PYTHONPATH=/home/mihkel/School/ThesisPractical/rtabmap_ws/install/rtabmap_msgs/local/lib/python3.10/dist-packages:${PYTHONPATH} ROS_PACKAGE_PATH=/home/mihkel/School/ThesisPractical/rtabmap_ws/install/rtabmap_msgs/share /home/mihkel/.local/bin/cmake /home/mihkel/School/ThesisPractical/rtabmap_ws/src/rtabmap_ros/rtabmap_util -DCMAKE_INSTALL_PREFIX=/home/mihkel/School/ThesisPractical/rtabmap_ws/install/rtabmap_util
[0.693s] -- The C compiler identification is GNU 11.4.0
[1.076s] -- The CXX compiler identification is GNU 11.4.0
[1.239s] -- Detecting C compiler ABI info
[1.571s] -- Detecting C compiler ABI info - done
[1.644s] -- Check for working C compiler: /usr/bin/cc - skipped
[1.646s] -- Detecting C compile features
[1.650s] -- Detecting C compile features - done
[1.695s] -- Detecting CXX compiler ABI info
[2.056s] -- Detecting CXX compiler ABI info - done
[2.143s] -- Check for working CXX compiler: /usr/bin/c++ - skipped
[2.146s] -- Detecting CXX compile features
[2.151s] -- Detecting CXX compile features - done
[2.252s] -- Found OpenCV: /usr (found version "4.5.4") found components: core calib3d imgproc highgui stitching photo video aruco missing components: xfeatures2d nonfree gpu cudafeatures2d
[2.341s] [33mCMake Warning (dev) at /usr/lib/x86_64-linux-gnu/cmake/pcl/PCLConfig.cmake:146 (find_package):
[2.341s]   Policy CMP0144 is not set: find_package uses upper-case <PACKAGENAME>_ROOT
[2.342s]   variables.  Run "cmake --help-policy CMP0144" for policy details.  Use the
[2.343s]   cmake_policy command to set the policy and suppress this warning.
[2.343s] 
[2.343s]   CMake variable EIGEN_ROOT is set to:
[2.344s] 
[2.344s]     /usr/include/eigen3
[2.345s] 
[2.345s]   For compatibility, find_package is ignoring the variable, but code in a
[2.345s]   .cmake module might still use it.
[2.346s] Call Stack (most recent call first):
[2.346s]   /usr/lib/x86_64-linux-gnu/cmake/pcl/PCLConfig.cmake:299 (find_eigen)
[2.347s]   /usr/lib/x86_64-linux-gnu/cmake/pcl/PCLConfig.cmake:543 (find_external_library)
[2.347s]   /home/mihkel/.local/lib/python3.10/site-packages/cmake/data/share/cmake-3.28/Modules/CMakeFindDependencyMacro.cmake:76 (find_package)
[2.347s]   /home/mihkel/School/ThesisPractical/rtabmap_ws/install/rtabmap/lib/rtabmap-0.21/RTABMapConfig.cmake:7 (find_dependency)
[2.348s]   CMakeLists.txt:8 (find_package)
[2.348s] This warning is for project developers.  Use -Wno-dev to suppress it.
[2.348s] [0m
[2.363s] -- Checking for module 'eigen3'
[2.419s] --   Found eigen3, version 3.4.0
[2.537s] -- Found Eigen: /usr/include/eigen3 (Required is at least version "3.1") 
[2.538s] -- Eigen found (include: /usr/include/eigen3, version: 3.4.0)
[2.813s] -- Found Boost: /usr/lib/x86_64-linux-gnu/cmake/Boost-1.74.0/BoostConfig.cmake (found suitable version "1.74.0", minimum required is "1.65.0") found components: system filesystem date_time iostreams serialization 
[3.431s] -- Checking for module 'libusb-1.0'
[3.541s] --   Found libusb-1.0, version 1.0.25
[3.956s] -- Found libusb: /usr/lib/x86_64-linux-gnu/libusb-1.0.so  
[3.964s] -- Found OpenNI: /usr/lib/libOpenNI.so;libusb::libusb (found version "1.5.4.0") 
[3.965s] -- OpenNI found (version: 1.5.4.0, include: /usr/include/ni, lib: /usr/lib/libOpenNI.so;libusb::libusb)
[4.280s] -- Found OpenNI2: /usr/lib/x86_64-linux-gnu/libOpenNI2.so;libusb::libusb (found version "2.2.0.33") 
[4.281s] -- OpenNI2 found (version: 2.2.0.33, include: /usr/include/openni2, lib: /usr/lib/x86_64-linux-gnu/libOpenNI2.so;libusb::libusb)
[4.285s] [0m** WARNING ** io features related to pcap will be disabled[0m
[4.286s] [0m** WARNING ** io features related to png will be disabled[0m
[4.715s] -- Performing Test CMAKE_HAVE_LIBC_PTHREAD
[5.356s] -- Performing Test CMAKE_HAVE_LIBC_PTHREAD - Success
[5.361s] -- Found Threads: TRUE  
[5.380s] -- Found GLEW: /usr/lib/x86_64-linux-gnu/libGLEW.so  
[5.504s] -- Found OpenGL: /usr/lib/x86_64-linux-gnu/libOpenGL.so  found components: OpenGL GLX 
[6.798s] -- Found MPI_C: /usr/lib/x86_64-linux-gnu/libmpi.so (found version "3.1") 
[6.800s] -- Found MPI: TRUE (found version "3.1") found components: C 
[6.829s] -- Found JsonCpp: /usr/lib/x86_64-linux-gnu/libjsoncpp.so (found suitable version "1.9.5", minimum required is "0.7.0") 
[7.049s] -- Found ZLIB: /usr/lib/x86_64-linux-gnu/libz.so (found version "1.2.11")  
[7.331s] -- Found PNG: /usr/lib/x86_64-linux-gnu/libpng.so (found version "1.6.37") 
[7.516s] -- Found Eigen3: /usr/include/eigen3 (found version "3.4.0") 
[9.191s] -- Found X11: /usr/include   
[9.193s] -- Looking for XOpenDisplay in /usr/lib/x86_64-linux-gnu/libX11.so;/usr/lib/x86_64-linux-gnu/libXext.so
[9.999s] -- Looking for XOpenDisplay in /usr/lib/x86_64-linux-gnu/libX11.so;/usr/lib/x86_64-linux-gnu/libXext.so - found
[10.000s] -- Looking for gethostbyname
[10.682s] -- Looking for gethostbyname - found
[10.683s] -- Looking for connect
[11.112s] -- Looking for connect - found
[11.113s] -- Looking for remove
[11.731s] -- Looking for remove - found
[11.733s] -- Looking for shmat
[12.339s] -- Looking for shmat - found
[12.340s] -- Looking for IceConnectionNumber in ICE
[12.937s] -- Looking for IceConnectionNumber in ICE - found
[14.556s] -- Found EXPAT: /usr/lib/x86_64-linux-gnu/libexpat.so (found version "2.4.7") 
[14.581s] -- Found double-conversion: /usr/lib/x86_64-linux-gnu/libdouble-conversion.so  
[14.641s] -- Found LZ4: /usr/lib/x86_64-linux-gnu/liblz4.so (found version "1.9.3") 
[14.670s] -- Found LZMA: /usr/lib/x86_64-linux-gnu/liblzma.so (found version "5.2.5") 
[14.941s] -- Found JPEG: /usr/lib/x86_64-linux-gnu/libjpeg.so (found version "80") 
[15.131s] -- Found TIFF: /usr/lib/x86_64-linux-gnu/libtiff.so (found version "4.3.0")  
[15.257s] -- Found Freetype: /usr/lib/x86_64-linux-gnu/libfreetype.so (found version "2.11.1") 
[15.372s] -- Found utf8cpp: /usr/include/utf8cpp  
[15.831s] -- Eigen found (include: /usr/include/eigen3, version: 3.4.0)
[15.842s] [33mCMake Warning (dev) at /usr/lib/x86_64-linux-gnu/cmake/pcl/Modules/FindFLANN.cmake:44 (find_package):
[15.843s]   Policy CMP0144 is not set: find_package uses upper-case <PACKAGENAME>_ROOT
[15.843s]   variables.  Run "cmake --help-policy CMP0144" for policy details.  Use the
[15.843s]   cmake_policy command to set the policy and suppress this warning.
[15.844s] 
[15.844s]   CMake variable FLANN_ROOT is set to:
[15.845s] 
[15.845s]     /usr
[15.845s] 
[15.846s]   For compatibility, find_package is ignoring the variable, but code in a
[15.846s]   .cmake module might still use it.
[15.846s] Call Stack (most recent call first):
[15.847s]   /usr/lib/x86_64-linux-gnu/cmake/pcl/PCLConfig.cmake:256 (find_package)
[15.847s]   /usr/lib/x86_64-linux-gnu/cmake/pcl/PCLConfig.cmake:301 (find_flann)
[15.847s]   /usr/lib/x86_64-linux-gnu/cmake/pcl/PCLConfig.cmake:543 (find_external_library)
[15.848s]   /home/mihkel/.local/lib/python3.10/site-packages/cmake/data/share/cmake-3.28/Modules/CMakeFindDependencyMacro.cmake:76 (find_package)
[15.848s]   /home/mihkel/School/ThesisPractical/rtabmap_ws/install/rtabmap/lib/rtabmap-0.21/RTABMapConfig.cmake:7 (find_dependency)
[15.848s]   CMakeLists.txt:8 (find_package)
[15.849s] This warning is for project developers.  Use -Wno-dev to suppress it.
[15.849s] [0m
[15.985s] -- Checking for module 'flann'
[16.166s] --   Found flann, version 1.9.1
[16.508s] -- Found FLANN: /usr/lib/x86_64-linux-gnu/libflann_cpp.so  
[16.510s] -- FLANN found (include: /usr/include, lib: /usr/lib/x86_64-linux-gnu/libflann_cpp.so)
[16.569s] -- Found Qhull version 8.0.2
[23.707s] -- OpenNI found (version: 1.5.4.0, include: /usr/include/ni, lib: /usr/lib/libOpenNI.so;libusb::libusb)
[23.790s] -- OpenNI2 found (version: 2.2.0.33, include: /usr/include/openni2, lib: /usr/lib/x86_64-linux-gnu/libOpenNI2.so;libusb::libusb)
[26.562s] -- looking for PCL_COMMON
[26.570s] -- Found PCL_COMMON: /usr/lib/x86_64-linux-gnu/libpcl_common.so  
[26.571s] -- looking for PCL_OCTREE
[26.578s] -- Found PCL_OCTREE: /usr/lib/x86_64-linux-gnu/libpcl_octree.so  
[26.580s] -- looking for PCL_IO
[26.587s] -- Found PCL_IO: /usr/lib/x86_64-linux-gnu/libpcl_io.so  
[26.589s] -- looking for PCL_KDTREE
[26.597s] -- Found PCL_KDTREE: /usr/lib/x86_64-linux-gnu/libpcl_kdtree.so  
[26.598s] -- looking for PCL_SEARCH
[26.606s] -- Found PCL_SEARCH: /usr/lib/x86_64-linux-gnu/libpcl_search.so  
[26.607s] -- looking for PCL_SURFACE
[26.615s] -- Found PCL_SURFACE: /usr/lib/x86_64-linux-gnu/libpcl_surface.so  
[26.617s] -- looking for PCL_FILTERS
[26.625s] -- Found PCL_FILTERS: /usr/lib/x86_64-linux-gnu/libpcl_filters.so  
[26.628s] -- looking for PCL_2D
[26.631s] -- Found PCL_2D: /usr/include/pcl-1.12  
[26.633s] -- looking for PCL_FEATURES
[26.641s] -- Found PCL_FEATURES: /usr/lib/x86_64-linux-gnu/libpcl_features.so  
[26.645s] -- looking for PCL_REGISTRATION
[26.653s] -- Found PCL_REGISTRATION: /usr/lib/x86_64-linux-gnu/libpcl_registration.so  
[26.656s] -- looking for PCL_SAMPLE_CONSENSUS
[26.664s] -- Found PCL_SAMPLE_CONSENSUS: /usr/lib/x86_64-linux-gnu/libpcl_sample_consensus.so  
[26.666s] -- looking for PCL_GEOMETRY
[26.669s] -- Found PCL_GEOMETRY: /usr/include/pcl-1.12  
[26.671s] -- looking for PCL_ML
[26.680s] -- Found PCL_ML: /usr/lib/x86_64-linux-gnu/libpcl_ml.so  
[26.682s] -- looking for PCL_SEGMENTATION
[26.690s] -- Found PCL_SEGMENTATION: /usr/lib/x86_64-linux-gnu/libpcl_segmentation.so  
[26.693s] -- looking for PCL_VISUALIZATION
[26.703s] -- Found PCL_VISUALIZATION: /usr/lib/x86_64-linux-gnu/libpcl_visualization.so  
[26.712s] -- Found PCL: pcl_common;pcl_octree;pcl_io;pcl_kdtree;pcl_search;pcl_surface;pcl_filters;pcl_features;pcl_registration;pcl_sample_consensus;pcl_ml;pcl_segmentation;pcl_visualization;Boost::system;Boost::filesystem;Boost::date_time;Boost::iostreams;Boost::serialization;/usr/lib/libOpenNI.so;libusb::libusb;/usr/lib/x86_64-linux-gnu/libOpenNI2.so;libusb::libusb;VTK::ChartsCore;VTK::CommonColor;VTK::CommonComputationalGeometry;VTK::CommonCore;VTK::CommonDataModel;VTK::CommonExecutionModel;VTK::CommonMath;VTK::CommonMisc;VTK::CommonTransforms;VTK::FiltersCore;VTK::FiltersExtraction;VTK::FiltersGeneral;VTK::FiltersGeometry;VTK::FiltersModeling;VTK::FiltersSources;VTK::ImagingCore;VTK::ImagingSources;VTK::InteractionImage;VTK::InteractionStyle;VTK::InteractionWidgets;VTK::IOCore;VTK::IOGeometry;VTK::IOImage;VTK::IOLegacy;VTK::IOPLY;VTK::RenderingAnnotation;VTK::RenderingCore;VTK::RenderingContext2D;VTK::RenderingLOD;VTK::RenderingFreeType;VTK::ViewsCore;VTK::ViewsContext2D;VTK::RenderingOpenGL2;VTK::GUISupportQt;FLANN::FLANN;QHULL::QHULL (Required is at least version "1.7") 
[26.806s] -- Found grid_map_core: 2.0.0 (/opt/ros/humble/share/grid_map_core/cmake)
[34.335s] -- Found Python3: /usr/bin/python3.10 (found version "3.10.12") found components: Interpreter 
[35.171s] -- RTABMap=rtabmap::utilite;rtabmap::core;rtabmap::gui
[35.204s] -- Found ament_cmake: 1.3.6 (/opt/ros/humble/share/ament_cmake/cmake)
[35.618s] -- Found cv_bridge: 3.2.1 (/opt/ros/humble/share/cv_bridge/cmake)
[36.103s] -- Found rosidl_generator_c: 3.1.5 (/opt/ros/humble/share/rosidl_generator_c/cmake)
[36.187s] -- Found rosidl_adapter: 3.1.5 (/opt/ros/humble/share/rosidl_adapter/cmake)
[36.338s] -- Found rosidl_generator_cpp: 3.1.5 (/opt/ros/humble/share/rosidl_generator_cpp/cmake)
[36.594s] -- Using all available rosidl_typesupport_c: rosidl_typesupport_fastrtps_c;rosidl_typesupport_introspection_c
[36.906s] -- Using all available rosidl_typesupport_cpp: rosidl_typesupport_fastrtps_cpp;rosidl_typesupport_introspection_cpp
[39.602s] -- Found image_transport: 3.1.7 (/opt/ros/humble/share/image_transport/cmake)
[40.622s] -- Found rmw_implementation_cmake: 6.1.1 (/opt/ros/humble/share/rmw_implementation_cmake/cmake)
[40.662s] -- Found rmw_fastrtps_cpp: 6.2.5 (/opt/ros/humble/share/rmw_fastrtps_cpp/cmake)
[41.856s] -- Found OpenSSL: /usr/lib/x86_64-linux-gnu/libcrypto.so (found version "3.0.2")  
[42.136s] -- Found FastRTPS: /opt/ros/humble/include  
[42.562s] -- Using RMW implementation 'rmw_fastrtps_cpp' as default
[45.118s] -- Found rclcpp_components: 16.0.7 (/opt/ros/humble/share/rclcpp_components/cmake)
[45.935s] -- Found stereo_msgs: 4.2.3 (/opt/ros/humble/share/stereo_msgs/cmake)
[46.954s] -- Found nav_msgs: 4.2.3 (/opt/ros/humble/share/nav_msgs/cmake)
[48.070s] -- Found tf2: 0.25.5 (/opt/ros/humble/share/tf2/cmake)
[48.261s] -- Found tf2_geometry_msgs: 0.25.5 (/opt/ros/humble/share/tf2_geometry_msgs/cmake)
[48.478s] -- Found eigen3_cmake_module: 0.1.1 (/opt/ros/humble/share/eigen3_cmake_module/cmake)
[48.493s] -- Found Eigen3: TRUE (found version "3.4.0") 
[48.494s] -- Ensuring Eigen3 include directory is part of orocos-kdl CMake target
[52.702s] -- Found laser_geometry: 2.4.0 (/opt/ros/humble/share/laser_geometry/cmake)
[52.958s] -- Found pcl_conversions: 2.4.0 (/opt/ros/humble/share/pcl_conversions/cmake)
[55.082s] -- Found pcl_ros: 2.4.0 (/opt/ros/humble/share/pcl_ros/cmake)
[56.337s] -- Found rtabmap_msgs: 0.21.3 (/home/mihkel/School/ThesisPractical/rtabmap_ws/install/rtabmap_msgs/share/rtabmap_msgs/cmake)
[57.282s] -- Found rtabmap_conversions: 0.21.3 (/home/mihkel/School/ThesisPractical/rtabmap_ws/install/rtabmap_conversions/share/rtabmap_conversions/cmake)
[58.935s] -- Found octomap_msgs: 2.0.0 (/opt/ros/humble/share/octomap_msgs/cmake)
[59.655s] -- Found grid_map_ros: 2.0.0 (/opt/ros/humble/share/grid_map_ros/cmake)
[113.362s] -- WITH octomap_msgs
[113.363s] -- WITH grid_map_ros
