[0.966s] Invoking command in '/home/mihkel/School/ros-packages/nav2_ws/build/nav2_common': CMAKE_PREFIX_PATH=/opt/ros/humble /home/mihkel/.local/bin/cmake /home/mihkel/School/ros-packages/nav2_ws/src/navigation2/nav2_common -DAMENT_CMAKE_SYMLINK_INSTALL=1 -DCMAKE_INSTALL_PREFIX=/home/mihkel/School/ros-packages/nav2_ws/install/nav2_common
[1.083s] -- Found ament_cmake_core: 1.3.6 (/opt/ros/humble/share/ament_cmake_core/cmake)
[5.559s] -- Found Python3: /usr/bin/python3.10 (found version "3.10.12") found components: Interpreter 
[6.290s] -- Override CMake install command with custom implementation using symlinks instead of copying resources
[6.311s] -- Found ament_cmake_python: 1.3.6 (/opt/ros/humble/share/ament_cmake_python/cmake)
[7.885s] -- Configuring done (6.8s)
[7.905s] -- Generating done (0.0s)
[7.909s] -- Build files have been written to: /home/mihkel/School/ros-packages/nav2_ws/build/nav2_common
[7.968s] Invoked command in '/home/mihkel/School/ros-packages/nav2_ws/build/nav2_common' returned '0': CMAKE_PREFIX_PATH=/opt/ros/humble /home/mihkel/.local/bin/cmake /home/mihkel/School/ros-packages/nav2_ws/src/navigation2/nav2_common -DAMENT_CMAKE_SYMLINK_INSTALL=1 -DCMAKE_INSTALL_PREFIX=/home/mihkel/School/ros-packages/nav2_ws/install/nav2_common
[7.971s] Invoking command in '/home/mihkel/School/ros-packages/nav2_ws/build/nav2_common': CMAKE_PREFIX_PATH=/opt/ros/humble /home/mihkel/.local/bin/cmake --build /home/mihkel/School/ros-packages/nav2_ws/build/nav2_common -- -j12 -l12
[8.547s] Built target ament_cmake_python_symlink_nav2_common
[13.703s] running egg_info
[13.705s] creating nav2_common.egg-info
[13.707s] writing nav2_common.egg-info/PKG-INFO
[13.707s] writing dependency_links to nav2_common.egg-info/dependency_links.txt
[13.713s] writing top-level names to nav2_common.egg-info/top_level.txt
[13.727s] writing manifest file 'nav2_common.egg-info/SOURCES.txt'
[13.739s] reading manifest file 'nav2_common.egg-info/SOURCES.txt'
[13.753s] writing manifest file 'nav2_common.egg-info/SOURCES.txt'
[13.975s] Built target ament_cmake_python_build_nav2_common_egg
[14.019s] Invoked command in '/home/mihkel/School/ros-packages/nav2_ws/build/nav2_common' returned '0': CMAKE_PREFIX_PATH=/opt/ros/humble /home/mihkel/.local/bin/cmake --build /home/mihkel/School/ros-packages/nav2_ws/build/nav2_common -- -j12 -l12
[14.913s] Invoking command in '/home/mihkel/School/ros-packages/nav2_ws/build/nav2_common': CMAKE_PREFIX_PATH=/opt/ros/humble /home/mihkel/.local/bin/cmake --install /home/mihkel/School/ros-packages/nav2_ws/build/nav2_common
[15.163s] -- Install configuration: ""
[15.166s] -- Execute custom install script
[15.167s] -- Symlinking: /home/mihkel/School/ros-packages/nav2_ws/install/nav2_common/share/nav2_common/environment/pythonpath.sh
[15.181s] -- Symlinking: /home/mihkel/School/ros-packages/nav2_ws/install/nav2_common/share/nav2_common/environment/pythonpath.dsv
[15.201s] -- Symlinking: /home/mihkel/School/ros-packages/nav2_ws/install/nav2_common/local/lib/python3.10/dist-packages/nav2_common-1.1.12-py3.10.egg-info/PKG-INFO
[15.218s] -- Symlinking: /home/mihkel/School/ros-packages/nav2_ws/install/nav2_common/local/lib/python3.10/dist-packages/nav2_common-1.1.12-py3.10.egg-info/SOURCES.txt
[15.235s] -- Symlinking: /home/mihkel/School/ros-packages/nav2_ws/install/nav2_common/local/lib/python3.10/dist-packages/nav2_common-1.1.12-py3.10.egg-info/dependency_links.txt
[15.250s] -- Symlinking: /home/mihkel/School/ros-packages/nav2_ws/install/nav2_common/local/lib/python3.10/dist-packages/nav2_common-1.1.12-py3.10.egg-info/top_level.txt
[15.269s] -- Symlinking: /home/mihkel/School/ros-packages/nav2_ws/install/nav2_common/local/lib/python3.10/dist-packages/nav2_common/__init__.py
[15.286s] -- Symlinking: /home/mihkel/School/ros-packages/nav2_ws/install/nav2_common/local/lib/python3.10/dist-packages/nav2_common/launch/__init__.py
[15.309s] -- Symlinking: /home/mihkel/School/ros-packages/nav2_ws/install/nav2_common/local/lib/python3.10/dist-packages/nav2_common/launch/has_node_params.py
[15.326s] -- Symlinking: /home/mihkel/School/ros-packages/nav2_ws/install/nav2_common/local/lib/python3.10/dist-packages/nav2_common/launch/parse_multirobot_pose.py
[15.341s] -- Symlinking: /home/mihkel/School/ros-packages/nav2_ws/install/nav2_common/local/lib/python3.10/dist-packages/nav2_common/launch/replace_string.py
[15.356s] -- Symlinking: /home/mihkel/School/ros-packages/nav2_ws/install/nav2_common/local/lib/python3.10/dist-packages/nav2_common/launch/rewritten_yaml.py
[15.387s] -- Symlinking: /home/mihkel/School/ros-packages/nav2_ws/install/nav2_common/share/ament_index/resource_index/package_run_dependencies/nav2_common
[15.403s] -- Symlinking: /home/mihkel/School/ros-packages/nav2_ws/install/nav2_common/share/ament_index/resource_index/parent_prefix_path/nav2_common
[15.419s] -- Symlinking: /home/mihkel/School/ros-packages/nav2_ws/install/nav2_common/share/nav2_common/environment/ament_prefix_path.sh
[15.444s] -- Symlinking: /home/mihkel/School/ros-packages/nav2_ws/install/nav2_common/share/nav2_common/environment/ament_prefix_path.dsv
[15.467s] -- Symlinking: /home/mihkel/School/ros-packages/nav2_ws/install/nav2_common/share/nav2_common/environment/path.sh
[15.484s] -- Symlinking: /home/mihkel/School/ros-packages/nav2_ws/install/nav2_common/share/nav2_common/environment/path.dsv
[15.499s] -- Symlinking: /home/mihkel/School/ros-packages/nav2_ws/install/nav2_common/share/nav2_common/local_setup.bash
[15.541s] -- Symlinking: /home/mihkel/School/ros-packages/nav2_ws/install/nav2_common/share/nav2_common/local_setup.sh
[15.568s] -- Symlinking: /home/mihkel/School/ros-packages/nav2_ws/install/nav2_common/share/nav2_common/local_setup.zsh
[15.600s] -- Symlinking: /home/mihkel/School/ros-packages/nav2_ws/install/nav2_common/share/nav2_common/local_setup.dsv
[15.629s] -- Symlinking: /home/mihkel/School/ros-packages/nav2_ws/install/nav2_common/share/nav2_common/package.dsv
[15.675s] -- Symlinking: /home/mihkel/School/ros-packages/nav2_ws/install/nav2_common/share/ament_index/resource_index/packages/nav2_common
[15.713s] -- Symlinking: /home/mihkel/School/ros-packages/nav2_ws/install/nav2_common/share/nav2_common/cmake/nav2_common-extras.cmake
[15.744s] -- Symlinking: /home/mihkel/School/ros-packages/nav2_ws/install/nav2_common/share/nav2_common/cmake/nav2_commonConfig.cmake
[15.811s] -- Symlinking: /home/mihkel/School/ros-packages/nav2_ws/install/nav2_common/share/nav2_common/cmake/nav2_commonConfig-version.cmake
[15.841s] -- Symlinking: /home/mihkel/School/ros-packages/nav2_ws/install/nav2_common/share/nav2_common/package.xml
[15.859s] -- Symlinking: /home/mihkel/School/ros-packages/nav2_ws/install/nav2_common/share/nav2_common/cmake/nav2_package.cmake
[16.463s] Listing '/home/mihkel/School/ros-packages/nav2_ws/install/nav2_common/local/lib/python3.10/dist-packages/nav2_common'...
[16.464s] Compiling '/home/mihkel/School/ros-packages/nav2_ws/install/nav2_common/local/lib/python3.10/dist-packages/nav2_common/__init__.py'...
[16.464s] Listing '/home/mihkel/School/ros-packages/nav2_ws/install/nav2_common/local/lib/python3.10/dist-packages/nav2_common/launch'...
[16.464s] Compiling '/home/mihkel/School/ros-packages/nav2_ws/install/nav2_common/local/lib/python3.10/dist-packages/nav2_common/launch/__init__.py'...
[16.465s] Compiling '/home/mihkel/School/ros-packages/nav2_ws/install/nav2_common/local/lib/python3.10/dist-packages/nav2_common/launch/has_node_params.py'...
[16.465s] Compiling '/home/mihkel/School/ros-packages/nav2_ws/install/nav2_common/local/lib/python3.10/dist-packages/nav2_common/launch/parse_multirobot_pose.py'...
[16.466s] Compiling '/home/mihkel/School/ros-packages/nav2_ws/install/nav2_common/local/lib/python3.10/dist-packages/nav2_common/launch/replace_string.py'...
[16.466s] Compiling '/home/mihkel/School/ros-packages/nav2_ws/install/nav2_common/local/lib/python3.10/dist-packages/nav2_common/launch/rewritten_yaml.py'...
[16.543s] Invoked command in '/home/mihkel/School/ros-packages/nav2_ws/build/nav2_common' returned '0': CMAKE_PREFIX_PATH=/opt/ros/humble /home/mihkel/.local/bin/cmake --install /home/mihkel/School/ros-packages/nav2_ws/build/nav2_common
