[0.209s] Invoking command in '/home/mihkel/School/ThesisPractical/ros2_ws/build/depthimage_to_laserscan': CMAKE_PREFIX_PATH=${CMAKE_PREFIX_PATH}:/home/mihkel/School/ThesisPractical/ros2_ws/install/hospital_carrier:/opt/ros/humble /usr/bin/cmake --build /home/mihkel/School/ThesisPractical/ros2_ws/build/depthimage_to_laserscan -- -j12 -l12
[0.333s] [ 16%] Built target DepthImageToLaserScan
[0.335s] [ 33%] Built target gtest
[0.338s] [ 50%] Built target gtest_main
[0.410s] [ 66%] Built target depthimage_to_laserscan-test
[0.426s] [ 83%] Built target DepthImageToLaserScanROS
[0.491s] [100%] Built target depthimage_to_laserscan_node
[0.518s] Invoked command in '/home/mihkel/School/ThesisPractical/ros2_ws/build/depthimage_to_laserscan' returned '0': CMAKE_PREFIX_PATH=${CMAKE_PREFIX_PATH}:/home/mihkel/School/ThesisPractical/ros2_ws/install/hospital_carrier:/opt/ros/humble /usr/bin/cmake --build /home/mihkel/School/ThesisPractical/ros2_ws/build/depthimage_to_laserscan -- -j12 -l12
[0.623s] Invoking command in '/home/mihkel/School/ThesisPractical/ros2_ws/build/depthimage_to_laserscan': CMAKE_PREFIX_PATH=${CMAKE_PREFIX_PATH}:/home/mihkel/School/ThesisPractical/ros2_ws/install/hospital_carrier:/opt/ros/humble /usr/bin/cmake --install /home/mihkel/School/ThesisPractical/ros2_ws/build/depthimage_to_laserscan
[0.643s] -- Install configuration: ""
[0.643s] -- Up-to-date: /home/mihkel/School/ThesisPractical/ros2_ws/install/depthimage_to_laserscan/include/depthimage_to_laserscan
[0.644s] -- Up-to-date: /home/mihkel/School/ThesisPractical/ros2_ws/install/depthimage_to_laserscan/include/depthimage_to_laserscan/depthimage_to_laserscan
[0.644s] -- Up-to-date: /home/mihkel/School/ThesisPractical/ros2_ws/install/depthimage_to_laserscan/include/depthimage_to_laserscan/depthimage_to_laserscan/DepthImageToLaserScan.hpp
[0.644s] -- Up-to-date: /home/mihkel/School/ThesisPractical/ros2_ws/install/depthimage_to_laserscan/include/depthimage_to_laserscan/depthimage_to_laserscan/DepthImageToLaserScanROS.hpp
[0.644s] -- Up-to-date: /home/mihkel/School/ThesisPractical/ros2_ws/install/depthimage_to_laserscan/include/depthimage_to_laserscan/depthimage_to_laserscan/depth_traits.hpp
[0.645s] -- Up-to-date: /home/mihkel/School/ThesisPractical/ros2_ws/install/depthimage_to_laserscan/share/depthimage_to_laserscan//launch
[0.645s] -- Up-to-date: /home/mihkel/School/ThesisPractical/ros2_ws/install/depthimage_to_laserscan/share/depthimage_to_laserscan//launch/depthimage_to_laserscan-launch.py
[0.645s] -- Up-to-date: /home/mihkel/School/ThesisPractical/ros2_ws/install/depthimage_to_laserscan/share/depthimage_to_laserscan//launch/depthimage_to_laserscan_composed-launch.py
[0.645s] -- Up-to-date: /home/mihkel/School/ThesisPractical/ros2_ws/install/depthimage_to_laserscan/share/depthimage_to_laserscan//cfg
[0.646s] -- Up-to-date: /home/mihkel/School/ThesisPractical/ros2_ws/install/depthimage_to_laserscan/share/depthimage_to_laserscan//cfg/param.yaml
[0.646s] -- Up-to-date: /home/mihkel/School/ThesisPractical/ros2_ws/install/depthimage_to_laserscan/lib/libDepthImageToLaserScan.so
[0.646s] -- Up-to-date: /home/mihkel/School/ThesisPractical/ros2_ws/install/depthimage_to_laserscan/lib/libDepthImageToLaserScanROS.so
[0.647s] -- Up-to-date: /home/mihkel/School/ThesisPractical/ros2_ws/install/depthimage_to_laserscan/lib/depthimage_to_laserscan/depthimage_to_laserscan_node
[0.647s] -- Up-to-date: /home/mihkel/School/ThesisPractical/ros2_ws/install/depthimage_to_laserscan/include/depthimage_to_laserscan/depthimage_to_laserscan/DepthImageToLaserScan_export.h
[0.647s] -- Up-to-date: /home/mihkel/School/ThesisPractical/ros2_ws/install/depthimage_to_laserscan/include/depthimage_to_laserscan/depthimage_to_laserscan/DepthImageToLaserScanROS_export.h
[0.647s] -- Up-to-date: /home/mihkel/School/ThesisPractical/ros2_ws/install/depthimage_to_laserscan/share/depthimage_to_laserscan/environment/library_path.sh
[0.648s] -- Up-to-date: /home/mihkel/School/ThesisPractical/ros2_ws/install/depthimage_to_laserscan/share/depthimage_to_laserscan/environment/library_path.dsv
[0.648s] -- Up-to-date: /home/mihkel/School/ThesisPractical/ros2_ws/install/depthimage_to_laserscan/share/ament_index/resource_index/package_run_dependencies/depthimage_to_laserscan
[0.648s] -- Up-to-date: /home/mihkel/School/ThesisPractical/ros2_ws/install/depthimage_to_laserscan/share/ament_index/resource_index/parent_prefix_path/depthimage_to_laserscan
[0.649s] -- Up-to-date: /home/mihkel/School/ThesisPractical/ros2_ws/install/depthimage_to_laserscan/share/depthimage_to_laserscan/environment/ament_prefix_path.sh
[0.649s] -- Up-to-date: /home/mihkel/School/ThesisPractical/ros2_ws/install/depthimage_to_laserscan/share/depthimage_to_laserscan/environment/ament_prefix_path.dsv
[0.650s] -- Up-to-date: /home/mihkel/School/ThesisPractical/ros2_ws/install/depthimage_to_laserscan/share/depthimage_to_laserscan/environment/path.sh
[0.650s] -- Up-to-date: /home/mihkel/School/ThesisPractical/ros2_ws/install/depthimage_to_laserscan/share/depthimage_to_laserscan/environment/path.dsv
[0.650s] -- Up-to-date: /home/mihkel/School/ThesisPractical/ros2_ws/install/depthimage_to_laserscan/share/depthimage_to_laserscan/local_setup.bash
[0.650s] -- Up-to-date: /home/mihkel/School/ThesisPractical/ros2_ws/install/depthimage_to_laserscan/share/depthimage_to_laserscan/local_setup.sh
[0.651s] -- Up-to-date: /home/mihkel/School/ThesisPractical/ros2_ws/install/depthimage_to_laserscan/share/depthimage_to_laserscan/local_setup.zsh
[0.651s] -- Up-to-date: /home/mihkel/School/ThesisPractical/ros2_ws/install/depthimage_to_laserscan/share/depthimage_to_laserscan/local_setup.dsv
[0.651s] -- Installing: /home/mihkel/School/ThesisPractical/ros2_ws/install/depthimage_to_laserscan/share/depthimage_to_laserscan/package.dsv
[0.651s] -- Up-to-date: /home/mihkel/School/ThesisPractical/ros2_ws/install/depthimage_to_laserscan/share/ament_index/resource_index/packages/depthimage_to_laserscan
[0.651s] -- Up-to-date: /home/mihkel/School/ThesisPractical/ros2_ws/install/depthimage_to_laserscan/share/ament_index/resource_index/rclcpp_components/depthimage_to_laserscan
[0.652s] -- Up-to-date: /home/mihkel/School/ThesisPractical/ros2_ws/install/depthimage_to_laserscan/share/depthimage_to_laserscan/cmake/export_depthimage_to_laserscanExport.cmake
[0.653s] -- Up-to-date: /home/mihkel/School/ThesisPractical/ros2_ws/install/depthimage_to_laserscan/share/depthimage_to_laserscan/cmake/export_depthimage_to_laserscanExport-noconfig.cmake
[0.654s] -- Up-to-date: /home/mihkel/School/ThesisPractical/ros2_ws/install/depthimage_to_laserscan/share/depthimage_to_laserscan/cmake/ament_cmake_export_include_directories-extras.cmake
[0.654s] -- Up-to-date: /home/mihkel/School/ThesisPractical/ros2_ws/install/depthimage_to_laserscan/share/depthimage_to_laserscan/cmake/ament_cmake_export_libraries-extras.cmake
[0.655s] -- Up-to-date: /home/mihkel/School/ThesisPractical/ros2_ws/install/depthimage_to_laserscan/share/depthimage_to_laserscan/cmake/ament_cmake_export_targets-extras.cmake
[0.655s] -- Up-to-date: /home/mihkel/School/ThesisPractical/ros2_ws/install/depthimage_to_laserscan/share/depthimage_to_laserscan/cmake/ament_cmake_export_dependencies-extras.cmake
[0.656s] -- Up-to-date: /home/mihkel/School/ThesisPractical/ros2_ws/install/depthimage_to_laserscan/share/depthimage_to_laserscan/cmake/depthimage_to_laserscanConfig.cmake
[0.657s] -- Up-to-date: /home/mihkel/School/ThesisPractical/ros2_ws/install/depthimage_to_laserscan/share/depthimage_to_laserscan/cmake/depthimage_to_laserscanConfig-version.cmake
[0.657s] -- Up-to-date: /home/mihkel/School/ThesisPractical/ros2_ws/install/depthimage_to_laserscan/share/depthimage_to_laserscan/package.xml
[0.658s] Invoked command in '/home/mihkel/School/ThesisPractical/ros2_ws/build/depthimage_to_laserscan' returned '0': CMAKE_PREFIX_PATH=${CMAKE_PREFIX_PATH}:/home/mihkel/School/ThesisPractical/ros2_ws/install/hospital_carrier:/opt/ros/humble /usr/bin/cmake --install /home/mihkel/School/ThesisPractical/ros2_ws/build/depthimage_to_laserscan
