[0.311s] Invoking command in '/home/mihkel/School/ros-packages/nav2_ws/build/nav2_rviz_plugins': AMENT_PREFIX_PATH=/home/mihkel/School/ros-packages/nav2_ws/install/nav2_lifecycle_manager:/home/mihkel/School/ros-packages/nav2_ws/install/nav2_util:/home/mihkel/School/ros-packages/nav2_ws/install/nav2_msgs:/home/mihkel/School/ros-packages/nav2_ws/install/bondcpp:/home/mihkel/School/ros-packages/nav2_ws/install/smclib:/home/mihkel/School/ros-packages/nav2_ws/install/nav2_common:/home/mihkel/School/ros-packages/nav2_ws/install/bond:${AMENT_PREFIX_PATH} CMAKE_PREFIX_PATH=/home/mihkel/School/ros-packages/nav2_ws/install/nav2_lifecycle_manager:/home/mihkel/School/ros-packages/nav2_ws/install/nav2_util:/home/mihkel/School/ros-packages/nav2_ws/install/nav2_msgs:/home/mihkel/School/ros-packages/nav2_ws/install/bondcpp:/home/mihkel/School/ros-packages/nav2_ws/install/smclib:/home/mihkel/School/ros-packages/nav2_ws/install/nav2_common:/home/mihkel/School/ros-packages/nav2_ws/install/bond:/opt/ros/humble LD_LIBRARY_PATH=/home/mihkel/School/ros-packages/nav2_ws/install/nav2_lifecycle_manager/lib:/home/mihkel/School/ros-packages/nav2_ws/install/nav2_util/lib:/home/mihkel/School/ros-packages/nav2_ws/install/nav2_msgs/lib:/home/mihkel/School/ros-packages/nav2_ws/install/bondcpp/lib:/home/mihkel/School/ros-packages/nav2_ws/install/bond/lib:${LD_LIBRARY_PATH} PYTHONPATH=/home/mihkel/School/ros-packages/nav2_ws/install/nav2_msgs/local/lib/python3.10/dist-packages:/home/mihkel/School/ros-packages/nav2_ws/install/smclib/local/lib/python3.10/dist-packages:/home/mihkel/School/ros-packages/nav2_ws/install/nav2_common/local/lib/python3.10/dist-packages:/home/mihkel/School/ros-packages/nav2_ws/install/bond/local/lib/python3.10/dist-packages:${PYTHONPATH} /home/mihkel/.local/bin/cmake /home/mihkel/School/ros-packages/nav2_ws/src/navigation2/nav2_rviz_plugins -DAMENT_CMAKE_SYMLINK_INSTALL=1 -DCMAKE_INSTALL_PREFIX=/home/mihkel/School/ros-packages/nav2_ws/install/nav2_rviz_plugins
[0.538s] -- The C compiler identification is GNU 11.4.0
[0.708s] -- The CXX compiler identification is GNU 11.4.0
[0.752s] -- Detecting C compiler ABI info
[0.924s] -- Detecting C compiler ABI info - done
[0.962s] -- Check for working C compiler: /usr/bin/cc - skipped
[0.962s] -- Detecting C compile features
[0.964s] -- Detecting C compile features - done
[0.991s] -- Detecting CXX compiler ABI info
[1.198s] -- Detecting CXX compiler ABI info - done
[1.238s] -- Check for working CXX compiler: /usr/bin/c++ - skipped
[1.239s] -- Detecting CXX compile features
[1.241s] -- Detecting CXX compile features - done
[1.251s] -- Found ament_cmake: 1.3.6 (/opt/ros/humble/share/ament_cmake/cmake)
[5.033s] -- Found Python3: /usr/bin/python3.10 (found version "3.10.12") found components: Interpreter 
[5.250s] -- Override CMake install command with custom implementation using symlinks instead of copying resources
[5.365s] -- Found geometry_msgs: 4.2.3 (/opt/ros/humble/share/geometry_msgs/cmake)
[5.530s] -- Found rosidl_generator_c: 3.1.5 (/opt/ros/humble/share/rosidl_generator_c/cmake)
[5.553s] -- Found rosidl_adapter: 3.1.5 (/opt/ros/humble/share/rosidl_adapter/cmake)
[5.591s] -- Found rosidl_generator_cpp: 3.1.5 (/opt/ros/humble/share/rosidl_generator_cpp/cmake)
[5.662s] -- Using all available rosidl_typesupport_c: rosidl_typesupport_fastrtps_c;rosidl_typesupport_introspection_c
[5.754s] -- Using all available rosidl_typesupport_cpp: rosidl_typesupport_fastrtps_cpp;rosidl_typesupport_introspection_cpp
[6.273s] -- Found nav2_util: 1.1.12 (/home/mihkel/School/ros-packages/nav2_ws/install/nav2_util/share/nav2_util/cmake)
[8.259s] -- Found rmw_implementation_cmake: 6.1.1 (/opt/ros/humble/share/rmw_implementation_cmake/cmake)
[8.271s] -- Found rmw_fastrtps_cpp: 6.2.5 (/opt/ros/humble/share/rmw_fastrtps_cpp/cmake)
[8.619s] -- Found OpenSSL: /usr/lib/x86_64-linux-gnu/libcrypto.so (found version "3.0.2")  
[8.723s] -- Found FastRTPS: /opt/ros/humble/include  
[8.901s] -- Using RMW implementation 'rmw_fastrtps_cpp' as default
[8.944s] -- Performing Test CMAKE_HAVE_LIBC_PTHREAD
[9.128s] -- Performing Test CMAKE_HAVE_LIBC_PTHREAD - Success
[9.131s] -- Found Threads: TRUE  
[10.724s] -- Found eigen3_cmake_module: 0.1.1 (/opt/ros/humble/share/eigen3_cmake_module/cmake)
[10.729s] -- Found Eigen3: TRUE (found version "3.4.0") 
[10.730s] -- Ensuring Eigen3 include directory is part of orocos-kdl CMake target
[11.624s] -- Found nav2_lifecycle_manager: 1.1.12 (/home/mihkel/School/ros-packages/nav2_ws/install/nav2_lifecycle_manager/share/nav2_lifecycle_manager/cmake)
[14.228s] -- Found pluginlib: 5.1.0 (/opt/ros/humble/share/pluginlib/cmake)
[14.363s] -- Found rviz_common: 11.2.9 (/opt/ros/humble/share/rviz_common/cmake)
[14.422s] -- Setting OGRE_DIR to: '/opt/ros/humble/share/rviz_ogre_vendor/cmake/../../../opt/rviz_ogre_vendor/lib/OGRE/cmake'
[14.428s] -- Found OGRE
[14.429s] --   static     : OFF
[14.429s] --   components : HLMS;MeshLodGenerator;Overlay;Paging;Property;RTShaderSystem;Terrain;Volume
[14.429s] --   plugins    : Plugin_BSPSceneManager;Plugin_OctreeSceneManager;Plugin_PCZSceneManager;Plugin_ParticleFX;RenderSystem_GL;RenderSystem_GL3Plus;Codec_STBI
[14.430s] --   media      : /opt/ros/humble/opt/rviz_ogre_vendor/share/OGRE/Media
[14.430s] -- OGRE_LIBRARIES: OgreHLMS;OgreMeshLodGenerator;OgreOverlay;OgrePaging;OgreProperty;OgreRTShaderSystem;OgreTerrain;OgreVolume;OgreMain
[14.430s] -- OGRE_LIBRARY_DIRS: /opt/ros/humble/opt/rviz_ogre_vendor/lib
[14.431s] -- OGRE_PLUGINS: Plugin_BSPSceneManager;Plugin_OctreeSceneManager;Plugin_PCZSceneManager;Plugin_ParticleFX;RenderSystem_GL;RenderSystem_GL3Plus;Codec_STBI
[14.431s] -- OGRE_PLUGIN_DIR: /opt/ros/humble/opt/rviz_ogre_vendor/lib/OGRE
[14.431s] -- rviz_ogre_vendor::OgreOverlay for IMPORTED_LOCATION_RELEASE: /opt/ros/humble/opt/rviz_ogre_vendor/lib/libOgreOverlay.so
[14.432s] -- rviz_ogre_vendor::OgreOverlay for IMPORTED_LOCATION_DEBUG: /opt/ros/humble/opt/rviz_ogre_vendor/lib/libOgreOverlay.so
[14.432s] -- rviz_ogre_vendor::OgreMain for IMPORTED_LOCATION_RELEASE: /opt/ros/humble/opt/rviz_ogre_vendor/lib/libOgreMain.so
[14.432s] -- rviz_ogre_vendor::OgreMain for IMPORTED_LOCATION_DEBUG: /opt/ros/humble/opt/rviz_ogre_vendor/lib/libOgreMain.so
[14.589s] -- Found ZLIB: /usr/lib/x86_64-linux-gnu/libz.so (found version "1.2.11")  
[14.625s] -- Found OpenGL: /usr/lib/x86_64-linux-gnu/libOpenGL.so   
[15.147s] -- Found X11: /usr/include   
[15.148s] -- Looking for XOpenDisplay in /usr/lib/x86_64-linux-gnu/libX11.so;/usr/lib/x86_64-linux-gnu/libXext.so
[15.323s] -- Looking for XOpenDisplay in /usr/lib/x86_64-linux-gnu/libX11.so;/usr/lib/x86_64-linux-gnu/libXext.so - found
[15.323s] -- Looking for gethostbyname
[15.485s] -- Looking for gethostbyname - found
[15.486s] -- Looking for connect
[15.652s] -- Looking for connect - found
[15.652s] -- Looking for remove
[15.814s] -- Looking for remove - found
[15.815s] -- Looking for shmat
[15.977s] -- Looking for shmat - found
[15.977s] -- Looking for IceConnectionNumber in ICE
[16.142s] -- Looking for IceConnectionNumber in ICE - found
[16.152s] -- rviz_ogre_vendor::RenderSystem_GL for IMPORTED_LOCATION_RELEASE: _render_system_gl_static_library_abs-NOTFOUND
[16.152s] -- rviz_ogre_vendor::RenderSystem_GL for IMPORTED_LOCATION_DEBUG: _render_system_gl_static_library_abs-NOTFOUND
[16.384s] -- library: /usr/lib/x86_64-linux-gnu/libcurl.so
[17.027s] -- Found rviz_default_plugins: 11.2.9 (/opt/ros/humble/share/rviz_default_plugins/cmake)
[25.936s] -- Found ament_lint_auto: 0.12.9 (/opt/ros/humble/share/ament_lint_auto/cmake)
[26.296s] -- Added test 'copyright' to check source files copyright and LICENSE
[26.302s] -- Added test 'cppcheck' to perform static code analysis on C / C++ code
[26.304s] -- Configured cppcheck include dirs: /home/mihkel/School/ros-packages/nav2_ws/src/navigation2/nav2_rviz_plugins/include
[26.305s] -- Configured cppcheck exclude dirs and/or files: 
[26.309s] -- Added test 'cpplint' to check C / C++ code against the Google style
[26.309s] -- Configured cpplint exclude dirs and/or files: 
[26.313s] -- Added test 'lint_cmake' to check CMake code style
[26.318s] -- Added test 'uncrustify' to check C / C++ code style
[26.318s] -- Configured uncrustify additional arguments: 
[26.321s] -- Added test 'xmllint' to check XML markup files
[26.336s] -- Configuring done (25.9s)
[26.559s] -- Generating done (0.1s)
[26.571s] -- Build files have been written to: /home/mihkel/School/ros-packages/nav2_ws/build/nav2_rviz_plugins
[26.629s] Invoked command in '/home/mihkel/School/ros-packages/nav2_ws/build/nav2_rviz_plugins' returned '0': AMENT_PREFIX_PATH=/home/mihkel/School/ros-packages/nav2_ws/install/nav2_lifecycle_manager:/home/mihkel/School/ros-packages/nav2_ws/install/nav2_util:/home/mihkel/School/ros-packages/nav2_ws/install/nav2_msgs:/home/mihkel/School/ros-packages/nav2_ws/install/bondcpp:/home/mihkel/School/ros-packages/nav2_ws/install/smclib:/home/mihkel/School/ros-packages/nav2_ws/install/nav2_common:/home/mihkel/School/ros-packages/nav2_ws/install/bond:${AMENT_PREFIX_PATH} CMAKE_PREFIX_PATH=/home/mihkel/School/ros-packages/nav2_ws/install/nav2_lifecycle_manager:/home/mihkel/School/ros-packages/nav2_ws/install/nav2_util:/home/mihkel/School/ros-packages/nav2_ws/install/nav2_msgs:/home/mihkel/School/ros-packages/nav2_ws/install/bondcpp:/home/mihkel/School/ros-packages/nav2_ws/install/smclib:/home/mihkel/School/ros-packages/nav2_ws/install/nav2_common:/home/mihkel/School/ros-packages/nav2_ws/install/bond:/opt/ros/humble LD_LIBRARY_PATH=/home/mihkel/School/ros-packages/nav2_ws/install/nav2_lifecycle_manager/lib:/home/mihkel/School/ros-packages/nav2_ws/install/nav2_util/lib:/home/mihkel/School/ros-packages/nav2_ws/install/nav2_msgs/lib:/home/mihkel/School/ros-packages/nav2_ws/install/bondcpp/lib:/home/mihkel/School/ros-packages/nav2_ws/install/bond/lib:${LD_LIBRARY_PATH} PYTHONPATH=/home/mihkel/School/ros-packages/nav2_ws/install/nav2_msgs/local/lib/python3.10/dist-packages:/home/mihkel/School/ros-packages/nav2_ws/install/smclib/local/lib/python3.10/dist-packages:/home/mihkel/School/ros-packages/nav2_ws/install/nav2_common/local/lib/python3.10/dist-packages:/home/mihkel/School/ros-packages/nav2_ws/install/bond/local/lib/python3.10/dist-packages:${PYTHONPATH} /home/mihkel/.local/bin/cmake /home/mihkel/School/ros-packages/nav2_ws/src/navigation2/nav2_rviz_plugins -DAMENT_CMAKE_SYMLINK_INSTALL=1 -DCMAKE_INSTALL_PREFIX=/home/mihkel/School/ros-packages/nav2_ws/install/nav2_rviz_plugins
[26.636s] Invoking command in '/home/mihkel/School/ros-packages/nav2_ws/build/nav2_rviz_plugins': AMENT_PREFIX_PATH=/home/mihkel/School/ros-packages/nav2_ws/install/nav2_lifecycle_manager:/home/mihkel/School/ros-packages/nav2_ws/install/nav2_util:/home/mihkel/School/ros-packages/nav2_ws/install/nav2_msgs:/home/mihkel/School/ros-packages/nav2_ws/install/bondcpp:/home/mihkel/School/ros-packages/nav2_ws/install/smclib:/home/mihkel/School/ros-packages/nav2_ws/install/nav2_common:/home/mihkel/School/ros-packages/nav2_ws/install/bond:${AMENT_PREFIX_PATH} CMAKE_PREFIX_PATH=/home/mihkel/School/ros-packages/nav2_ws/install/nav2_lifecycle_manager:/home/mihkel/School/ros-packages/nav2_ws/install/nav2_util:/home/mihkel/School/ros-packages/nav2_ws/install/nav2_msgs:/home/mihkel/School/ros-packages/nav2_ws/install/bondcpp:/home/mihkel/School/ros-packages/nav2_ws/install/smclib:/home/mihkel/School/ros-packages/nav2_ws/install/nav2_common:/home/mihkel/School/ros-packages/nav2_ws/install/bond:/opt/ros/humble LD_LIBRARY_PATH=/home/mihkel/School/ros-packages/nav2_ws/install/nav2_lifecycle_manager/lib:/home/mihkel/School/ros-packages/nav2_ws/install/nav2_util/lib:/home/mihkel/School/ros-packages/nav2_ws/install/nav2_msgs/lib:/home/mihkel/School/ros-packages/nav2_ws/install/bondcpp/lib:/home/mihkel/School/ros-packages/nav2_ws/install/bond/lib:${LD_LIBRARY_PATH} PYTHONPATH=/home/mihkel/School/ros-packages/nav2_ws/install/nav2_msgs/local/lib/python3.10/dist-packages:/home/mihkel/School/ros-packages/nav2_ws/install/smclib/local/lib/python3.10/dist-packages:/home/mihkel/School/ros-packages/nav2_ws/install/nav2_common/local/lib/python3.10/dist-packages:/home/mihkel/School/ros-packages/nav2_ws/install/bond/local/lib/python3.10/dist-packages:${PYTHONPATH} /home/mihkel/.local/bin/cmake --build /home/mihkel/School/ros-packages/nav2_ws/build/nav2_rviz_plugins -- -j12 -l12
[26.806s] [  0%] Built target nav2_rviz_plugins_autogen_timestamp_deps
[26.836s] [ 12%] [34m[1mAutomatic MOC for target nav2_rviz_plugins[0m
[28.803s] [ 12%] Built target nav2_rviz_plugins_autogen
[28.934s] [ 25%] [32mBuilding CXX object CMakeFiles/nav2_rviz_plugins.dir/nav2_rviz_plugins_autogen/mocs_compilation.cpp.o[0m
[28.937s] [ 62%] [32mBuilding CXX object CMakeFiles/nav2_rviz_plugins.dir/src/particle_cloud_display/flat_weighted_arrows_array.cpp.o[0m
[28.938s] [ 62%] [32mBuilding CXX object CMakeFiles/nav2_rviz_plugins.dir/src/goal_tool.cpp.o[0m
[28.938s] [ 62%] [32mBuilding CXX object CMakeFiles/nav2_rviz_plugins.dir/src/particle_cloud_display/particle_cloud_display.cpp.o[0m
[28.939s] [ 75%] [32mBuilding CXX object CMakeFiles/nav2_rviz_plugins.dir/src/nav2_panel.cpp.o[0m
[117.935s] [ 87%] [32m[1mLinking CXX shared library libnav2_rviz_plugins.so[0m
[130.908s] [100%] Built target nav2_rviz_plugins
[130.937s] Invoked command in '/home/mihkel/School/ros-packages/nav2_ws/build/nav2_rviz_plugins' returned '0': AMENT_PREFIX_PATH=/home/mihkel/School/ros-packages/nav2_ws/install/nav2_lifecycle_manager:/home/mihkel/School/ros-packages/nav2_ws/install/nav2_util:/home/mihkel/School/ros-packages/nav2_ws/install/nav2_msgs:/home/mihkel/School/ros-packages/nav2_ws/install/bondcpp:/home/mihkel/School/ros-packages/nav2_ws/install/smclib:/home/mihkel/School/ros-packages/nav2_ws/install/nav2_common:/home/mihkel/School/ros-packages/nav2_ws/install/bond:${AMENT_PREFIX_PATH} CMAKE_PREFIX_PATH=/home/mihkel/School/ros-packages/nav2_ws/install/nav2_lifecycle_manager:/home/mihkel/School/ros-packages/nav2_ws/install/nav2_util:/home/mihkel/School/ros-packages/nav2_ws/install/nav2_msgs:/home/mihkel/School/ros-packages/nav2_ws/install/bondcpp:/home/mihkel/School/ros-packages/nav2_ws/install/smclib:/home/mihkel/School/ros-packages/nav2_ws/install/nav2_common:/home/mihkel/School/ros-packages/nav2_ws/install/bond:/opt/ros/humble LD_LIBRARY_PATH=/home/mihkel/School/ros-packages/nav2_ws/install/nav2_lifecycle_manager/lib:/home/mihkel/School/ros-packages/nav2_ws/install/nav2_util/lib:/home/mihkel/School/ros-packages/nav2_ws/install/nav2_msgs/lib:/home/mihkel/School/ros-packages/nav2_ws/install/bondcpp/lib:/home/mihkel/School/ros-packages/nav2_ws/install/bond/lib:${LD_LIBRARY_PATH} PYTHONPATH=/home/mihkel/School/ros-packages/nav2_ws/install/nav2_msgs/local/lib/python3.10/dist-packages:/home/mihkel/School/ros-packages/nav2_ws/install/smclib/local/lib/python3.10/dist-packages:/home/mihkel/School/ros-packages/nav2_ws/install/nav2_common/local/lib/python3.10/dist-packages:/home/mihkel/School/ros-packages/nav2_ws/install/bond/local/lib/python3.10/dist-packages:${PYTHONPATH} /home/mihkel/.local/bin/cmake --build /home/mihkel/School/ros-packages/nav2_ws/build/nav2_rviz_plugins -- -j12 -l12
[131.128s] Invoking command in '/home/mihkel/School/ros-packages/nav2_ws/build/nav2_rviz_plugins': AMENT_PREFIX_PATH=/home/mihkel/School/ros-packages/nav2_ws/install/nav2_lifecycle_manager:/home/mihkel/School/ros-packages/nav2_ws/install/nav2_util:/home/mihkel/School/ros-packages/nav2_ws/install/nav2_msgs:/home/mihkel/School/ros-packages/nav2_ws/install/bondcpp:/home/mihkel/School/ros-packages/nav2_ws/install/smclib:/home/mihkel/School/ros-packages/nav2_ws/install/nav2_common:/home/mihkel/School/ros-packages/nav2_ws/install/bond:${AMENT_PREFIX_PATH} CMAKE_PREFIX_PATH=/home/mihkel/School/ros-packages/nav2_ws/install/nav2_lifecycle_manager:/home/mihkel/School/ros-packages/nav2_ws/install/nav2_util:/home/mihkel/School/ros-packages/nav2_ws/install/nav2_msgs:/home/mihkel/School/ros-packages/nav2_ws/install/bondcpp:/home/mihkel/School/ros-packages/nav2_ws/install/smclib:/home/mihkel/School/ros-packages/nav2_ws/install/nav2_common:/home/mihkel/School/ros-packages/nav2_ws/install/bond:/opt/ros/humble LD_LIBRARY_PATH=/home/mihkel/School/ros-packages/nav2_ws/install/nav2_lifecycle_manager/lib:/home/mihkel/School/ros-packages/nav2_ws/install/nav2_util/lib:/home/mihkel/School/ros-packages/nav2_ws/install/nav2_msgs/lib:/home/mihkel/School/ros-packages/nav2_ws/install/bondcpp/lib:/home/mihkel/School/ros-packages/nav2_ws/install/bond/lib:${LD_LIBRARY_PATH} PYTHONPATH=/home/mihkel/School/ros-packages/nav2_ws/install/nav2_msgs/local/lib/python3.10/dist-packages:/home/mihkel/School/ros-packages/nav2_ws/install/smclib/local/lib/python3.10/dist-packages:/home/mihkel/School/ros-packages/nav2_ws/install/nav2_common/local/lib/python3.10/dist-packages:/home/mihkel/School/ros-packages/nav2_ws/install/bond/local/lib/python3.10/dist-packages:${PYTHONPATH} /home/mihkel/.local/bin/cmake --install /home/mihkel/School/ros-packages/nav2_ws/build/nav2_rviz_plugins
[131.228s] -- Install configuration: ""
[131.230s] -- Execute custom install script
[131.231s] -- Symlinking: /home/mihkel/School/ros-packages/nav2_ws/install/nav2_rviz_plugins/share/nav2_rviz_plugins//plugins_description.xml
[131.242s] -- Symlinking: /home/mihkel/School/ros-packages/nav2_ws/install/nav2_rviz_plugins/include//nav2_rviz_plugins/goal_common.hpp
[131.250s] -- Symlinking: /home/mihkel/School/ros-packages/nav2_ws/install/nav2_rviz_plugins/include//nav2_rviz_plugins/goal_pose_updater.hpp
[131.259s] -- Symlinking: /home/mihkel/School/ros-packages/nav2_ws/install/nav2_rviz_plugins/include//nav2_rviz_plugins/goal_tool.hpp
[131.268s] -- Symlinking: /home/mihkel/School/ros-packages/nav2_ws/install/nav2_rviz_plugins/include//nav2_rviz_plugins/nav2_panel.hpp
[131.276s] -- Symlinking: /home/mihkel/School/ros-packages/nav2_ws/install/nav2_rviz_plugins/include//nav2_rviz_plugins/particle_cloud_display/flat_weighted_arrows_array.hpp
[131.285s] -- Symlinking: /home/mihkel/School/ros-packages/nav2_ws/install/nav2_rviz_plugins/include//nav2_rviz_plugins/particle_cloud_display/particle_cloud_display.hpp
[131.293s] -- Symlinking: /home/mihkel/School/ros-packages/nav2_ws/install/nav2_rviz_plugins/include//nav2_rviz_plugins/ros_action_qevent.hpp
[131.302s] -- Symlinking: /home/mihkel/School/ros-packages/nav2_ws/install/nav2_rviz_plugins/share/nav2_rviz_plugins/environment/library_path.sh
[131.311s] -- Symlinking: /home/mihkel/School/ros-packages/nav2_ws/install/nav2_rviz_plugins/share/nav2_rviz_plugins/environment/library_path.dsv
[131.320s] -- Symlinking: /home/mihkel/School/ros-packages/nav2_ws/install/nav2_rviz_plugins/share/ament_index/resource_index/package_run_dependencies/nav2_rviz_plugins
[131.329s] -- Symlinking: /home/mihkel/School/ros-packages/nav2_ws/install/nav2_rviz_plugins/share/ament_index/resource_index/parent_prefix_path/nav2_rviz_plugins
[131.339s] -- Symlinking: /home/mihkel/School/ros-packages/nav2_ws/install/nav2_rviz_plugins/share/nav2_rviz_plugins/environment/ament_prefix_path.sh
[131.348s] -- Symlinking: /home/mihkel/School/ros-packages/nav2_ws/install/nav2_rviz_plugins/share/nav2_rviz_plugins/environment/ament_prefix_path.dsv
[131.357s] -- Symlinking: /home/mihkel/School/ros-packages/nav2_ws/install/nav2_rviz_plugins/share/nav2_rviz_plugins/environment/path.sh
[131.366s] -- Symlinking: /home/mihkel/School/ros-packages/nav2_ws/install/nav2_rviz_plugins/share/nav2_rviz_plugins/environment/path.dsv
[131.374s] -- Symlinking: /home/mihkel/School/ros-packages/nav2_ws/install/nav2_rviz_plugins/share/nav2_rviz_plugins/local_setup.bash
[131.383s] -- Symlinking: /home/mihkel/School/ros-packages/nav2_ws/install/nav2_rviz_plugins/share/nav2_rviz_plugins/local_setup.sh
[131.392s] -- Symlinking: /home/mihkel/School/ros-packages/nav2_ws/install/nav2_rviz_plugins/share/nav2_rviz_plugins/local_setup.zsh
[131.400s] -- Symlinking: /home/mihkel/School/ros-packages/nav2_ws/install/nav2_rviz_plugins/share/nav2_rviz_plugins/local_setup.dsv
[131.409s] -- Symlinking: /home/mihkel/School/ros-packages/nav2_ws/install/nav2_rviz_plugins/share/nav2_rviz_plugins/package.dsv
[131.418s] -- Symlinking: /home/mihkel/School/ros-packages/nav2_ws/install/nav2_rviz_plugins/share/ament_index/resource_index/packages/nav2_rviz_plugins
[131.427s] -- Symlinking: /home/mihkel/School/ros-packages/nav2_ws/install/nav2_rviz_plugins/share/ament_index/resource_index/rviz_common__pluginlib__plugin/nav2_rviz_plugins
[131.437s] -- Symlinking: /home/mihkel/School/ros-packages/nav2_ws/install/nav2_rviz_plugins/share/nav2_rviz_plugins/cmake/ament_cmake_export_include_directories-extras.cmake
[131.446s] -- Symlinking: /home/mihkel/School/ros-packages/nav2_ws/install/nav2_rviz_plugins/share/nav2_rviz_plugins/cmake/ament_cmake_export_targets-extras.cmake
[131.455s] -- Symlinking: /home/mihkel/School/ros-packages/nav2_ws/install/nav2_rviz_plugins/share/nav2_rviz_plugins/cmake/ament_cmake_export_dependencies-extras.cmake
[131.464s] -- Symlinking: /home/mihkel/School/ros-packages/nav2_ws/install/nav2_rviz_plugins/share/nav2_rviz_plugins/cmake/nav2_rviz_pluginsConfig.cmake
[131.473s] -- Symlinking: /home/mihkel/School/ros-packages/nav2_ws/install/nav2_rviz_plugins/share/nav2_rviz_plugins/cmake/nav2_rviz_pluginsConfig-version.cmake
[131.481s] -- Symlinking: /home/mihkel/School/ros-packages/nav2_ws/install/nav2_rviz_plugins/share/nav2_rviz_plugins/package.xml
[131.490s] -- Installing: /home/mihkel/School/ros-packages/nav2_ws/install/nav2_rviz_plugins/lib/libnav2_rviz_plugins.so
[131.549s] -- Set non-toolchain portion of runtime path of "/home/mihkel/School/ros-packages/nav2_ws/install/nav2_rviz_plugins/lib/libnav2_rviz_plugins.so" to ""
[131.550s] -- Installing: /home/mihkel/School/ros-packages/nav2_ws/install/nav2_rviz_plugins/share/nav2_rviz_plugins/cmake/nav2_rviz_pluginsExport.cmake
[131.550s] -- Installing: /home/mihkel/School/ros-packages/nav2_ws/install/nav2_rviz_plugins/share/nav2_rviz_plugins/cmake/nav2_rviz_pluginsExport-noconfig.cmake
[131.570s] Invoked command in '/home/mihkel/School/ros-packages/nav2_ws/build/nav2_rviz_plugins' returned '0': AMENT_PREFIX_PATH=/home/mihkel/School/ros-packages/nav2_ws/install/nav2_lifecycle_manager:/home/mihkel/School/ros-packages/nav2_ws/install/nav2_util:/home/mihkel/School/ros-packages/nav2_ws/install/nav2_msgs:/home/mihkel/School/ros-packages/nav2_ws/install/bondcpp:/home/mihkel/School/ros-packages/nav2_ws/install/smclib:/home/mihkel/School/ros-packages/nav2_ws/install/nav2_common:/home/mihkel/School/ros-packages/nav2_ws/install/bond:${AMENT_PREFIX_PATH} CMAKE_PREFIX_PATH=/home/mihkel/School/ros-packages/nav2_ws/install/nav2_lifecycle_manager:/home/mihkel/School/ros-packages/nav2_ws/install/nav2_util:/home/mihkel/School/ros-packages/nav2_ws/install/nav2_msgs:/home/mihkel/School/ros-packages/nav2_ws/install/bondcpp:/home/mihkel/School/ros-packages/nav2_ws/install/smclib:/home/mihkel/School/ros-packages/nav2_ws/install/nav2_common:/home/mihkel/School/ros-packages/nav2_ws/install/bond:/opt/ros/humble LD_LIBRARY_PATH=/home/mihkel/School/ros-packages/nav2_ws/install/nav2_lifecycle_manager/lib:/home/mihkel/School/ros-packages/nav2_ws/install/nav2_util/lib:/home/mihkel/School/ros-packages/nav2_ws/install/nav2_msgs/lib:/home/mihkel/School/ros-packages/nav2_ws/install/bondcpp/lib:/home/mihkel/School/ros-packages/nav2_ws/install/bond/lib:${LD_LIBRARY_PATH} PYTHONPATH=/home/mihkel/School/ros-packages/nav2_ws/install/nav2_msgs/local/lib/python3.10/dist-packages:/home/mihkel/School/ros-packages/nav2_ws/install/smclib/local/lib/python3.10/dist-packages:/home/mihkel/School/ros-packages/nav2_ws/install/nav2_common/local/lib/python3.10/dist-packages:/home/mihkel/School/ros-packages/nav2_ws/install/bond/local/lib/python3.10/dist-packages:${PYTHONPATH} /home/mihkel/.local/bin/cmake --install /home/mihkel/School/ros-packages/nav2_ws/build/nav2_rviz_plugins
