[  0%] Built target ament_cmake_python_symlink_image_geometry
[ 22%] Built target gtest_main
[ 44%] Built target gtest
[ 77%] Built target image_geometry
[ 88%] [32mBuilding CXX object CMakeFiles/image_geometry-utest.dir/test/utest.cpp.o[0m
running egg_info
writing image_geometry.egg-info/PKG-INFO
writing dependency_links to image_geometry.egg-info/dependency_links.txt
writing top-level names to image_geometry.egg-info/top_level.txt
reading manifest file 'image_geometry.egg-info/SOURCES.txt'
writing manifest file 'image_geometry.egg-info/SOURCES.txt'
[ 88%] Built target ament_cmake_python_build_image_geometry_egg
[100%] [32m[1mLinking CXX executable image_geometry-utest[0m
[100%] Built target image_geometry-utest
-- Install configuration: ""
-- Execute custom install script
-- Symlinking: /home/mihkel/School/ros-packages/nav2_ws/install/image_geometry/share/image_geometry/environment/pythonpath.sh
-- Symlinking: /home/mihkel/School/ros-packages/nav2_ws/install/image_geometry/share/image_geometry/environment/pythonpath.dsv
-- Symlinking: /home/mihkel/School/ros-packages/nav2_ws/install/image_geometry/local/lib/python3.10/dist-packages/image_geometry-3.2.1-py3.10.egg-info/PKG-INFO
-- Symlinking: /home/mihkel/School/ros-packages/nav2_ws/install/image_geometry/local/lib/python3.10/dist-packages/image_geometry-3.2.1-py3.10.egg-info/SOURCES.txt
-- Symlinking: /home/mihkel/School/ros-packages/nav2_ws/install/image_geometry/local/lib/python3.10/dist-packages/image_geometry-3.2.1-py3.10.egg-info/dependency_links.txt
-- Symlinking: /home/mihkel/School/ros-packages/nav2_ws/install/image_geometry/local/lib/python3.10/dist-packages/image_geometry-3.2.1-py3.10.egg-info/top_level.txt
-- Symlinking: /home/mihkel/School/ros-packages/nav2_ws/install/image_geometry/local/lib/python3.10/dist-packages/image_geometry/__init__.py
-- Symlinking: /home/mihkel/School/ros-packages/nav2_ws/install/image_geometry/local/lib/python3.10/dist-packages/image_geometry/cameramodels.py
-- Symlinking: /home/mihkel/School/ros-packages/nav2_ws/install/image_geometry/include/image_geometry/image_geometry/pinhole_camera_model.h
-- Symlinking: /home/mihkel/School/ros-packages/nav2_ws/install/image_geometry/include/image_geometry/image_geometry/stereo_camera_model.h
-- Symlinking: /home/mihkel/School/ros-packages/nav2_ws/install/image_geometry/include/image_geometry/image_geometry/visibility_control.hpp
-- Symlinking: /home/mihkel/School/ros-packages/nav2_ws/install/image_geometry/share/ament_index/resource_index/package_run_dependencies/image_geometry
-- Symlinking: /home/mihkel/School/ros-packages/nav2_ws/install/image_geometry/share/ament_index/resource_index/parent_prefix_path/image_geometry
-- Symlinking: /home/mihkel/School/ros-packages/nav2_ws/install/image_geometry/share/image_geometry/environment/ament_prefix_path.sh
-- Symlinking: /home/mihkel/School/ros-packages/nav2_ws/install/image_geometry/share/image_geometry/environment/ament_prefix_path.dsv
-- Symlinking: /home/mihkel/School/ros-packages/nav2_ws/install/image_geometry/share/image_geometry/environment/path.sh
-- Symlinking: /home/mihkel/School/ros-packages/nav2_ws/install/image_geometry/share/image_geometry/environment/path.dsv
-- Symlinking: /home/mihkel/School/ros-packages/nav2_ws/install/image_geometry/share/image_geometry/local_setup.bash
-- Symlinking: /home/mihkel/School/ros-packages/nav2_ws/install/image_geometry/share/image_geometry/local_setup.sh
-- Symlinking: /home/mihkel/School/ros-packages/nav2_ws/install/image_geometry/share/image_geometry/local_setup.zsh
-- Symlinking: /home/mihkel/School/ros-packages/nav2_ws/install/image_geometry/share/image_geometry/local_setup.dsv
-- Symlinking: /home/mihkel/School/ros-packages/nav2_ws/install/image_geometry/share/image_geometry/package.dsv
-- Symlinking: /home/mihkel/School/ros-packages/nav2_ws/install/image_geometry/share/ament_index/resource_index/packages/image_geometry
-- Symlinking: /home/mihkel/School/ros-packages/nav2_ws/install/image_geometry/share/image_geometry/cmake/ament_cmake_export_targets-extras.cmake
-- Symlinking: /home/mihkel/School/ros-packages/nav2_ws/install/image_geometry/share/image_geometry/cmake/ament_cmake_export_dependencies-extras.cmake
-- Symlinking: /home/mihkel/School/ros-packages/nav2_ws/install/image_geometry/share/image_geometry/cmake/image_geometryConfig.cmake
-- Symlinking: /home/mihkel/School/ros-packages/nav2_ws/install/image_geometry/share/image_geometry/cmake/image_geometryConfig-version.cmake
-- Symlinking: /home/mihkel/School/ros-packages/nav2_ws/install/image_geometry/share/image_geometry/package.xml
Listing '/home/mihkel/School/ros-packages/nav2_ws/install/image_geometry/local/lib/python3.10/dist-packages/image_geometry'...
Compiling '/home/mihkel/School/ros-packages/nav2_ws/install/image_geometry/local/lib/python3.10/dist-packages/image_geometry/__init__.py'...
Compiling '/home/mihkel/School/ros-packages/nav2_ws/install/image_geometry/local/lib/python3.10/dist-packages/image_geometry/cameramodels.py'...
-- Installing: /home/mihkel/School/ros-packages/nav2_ws/install/image_geometry/lib/libimage_geometry.so
-- Set non-toolchain portion of runtime path of "/home/mihkel/School/ros-packages/nav2_ws/install/image_geometry/lib/libimage_geometry.so" to ""
-- Installing: /home/mihkel/School/ros-packages/nav2_ws/install/image_geometry/share/image_geometry/cmake/export_image_geometryExport.cmake
-- Installing: /home/mihkel/School/ros-packages/nav2_ws/install/image_geometry/share/image_geometry/cmake/export_image_geometryExport-noconfig.cmake
