[0.321s] Invoking command in '/home/mihkel/School/ThesisPractical/realsense_ws/build/realsense2_camera': AMENT_PREFIX_PATH=/home/mihkel/School/ThesisPractical/realsense_ws/install/realsense2_camera_msgs:${AMENT_PREFIX_PATH} CMAKE_PREFIX_PATH=/home/mihkel/School/ThesisPractical/realsense_ws/install/realsense2_camera_msgs:/opt/ros/humble LD_LIBRARY_PATH=/home/mihkel/School/ThesisPractical/realsense_ws/install/realsense2_camera_msgs/lib:${LD_LIBRARY_PATH} PYTHONPATH=/home/mihkel/School/ThesisPractical/realsense_ws/install/realsense2_camera_msgs/local/lib/python3.10/dist-packages:${PYTHONPATH} /usr/bin/cmake /home/mihkel/School/ThesisPractical/realsense_ws/src/realsense-ros/realsense2_camera -DCMAKE_INSTALL_PREFIX=/home/mihkel/School/ThesisPractical/realsense_ws/install/realsense2_camera
[0.450s] -- The C compiler identification is GNU 11.4.0
[0.591s] -- The CXX compiler identification is GNU 11.4.0
[0.610s] -- Detecting C compiler ABI info
[0.766s] -- Detecting C compiler ABI info - done
[0.806s] -- Check for working C compiler: /usr/bin/cc - skipped
[0.806s] -- Detecting C compile features
[0.808s] -- Detecting C compile features - done
[0.815s] -- Detecting CXX compiler ABI info
[1.000s] -- Detecting CXX compiler ABI info - done
[1.023s] -- Check for working CXX compiler: /usr/bin/c++ - skipped
[1.024s] -- Detecting CXX compile features
[1.025s] -- Detecting CXX compile features - done
[1.026s] -- Create Release Build.
[1.031s] -- Found ament_cmake: 1.3.6 (/opt/ros/humble/share/ament_cmake/cmake)
[1.485s] -- Found Python3: /usr/bin/python3.10 (found version "3.10.12") found components: Interpreter 
[1.720s] -- Found builtin_interfaces: 1.2.1 (/opt/ros/humble/share/builtin_interfaces/cmake)
[1.811s] -- Found rosidl_generator_c: 3.1.5 (/opt/ros/humble/share/rosidl_generator_c/cmake)
[1.825s] -- Found rosidl_adapter: 3.1.5 (/opt/ros/humble/share/rosidl_adapter/cmake)
[1.849s] -- Found rosidl_generator_cpp: 3.1.5 (/opt/ros/humble/share/rosidl_generator_cpp/cmake)
[1.888s] -- Using all available rosidl_typesupport_c: rosidl_typesupport_fastrtps_c;rosidl_typesupport_introspection_c
[1.949s] -- Using all available rosidl_typesupport_cpp: rosidl_typesupport_fastrtps_cpp;rosidl_typesupport_introspection_cpp
[2.016s] -- Found cv_bridge: 3.2.1 (/opt/ros/humble/share/cv_bridge/cmake)
[2.773s] -- Found image_transport: 3.1.7 (/opt/ros/humble/share/image_transport/cmake)
[2.994s] -- Found rmw_implementation_cmake: 6.1.1 (/opt/ros/humble/share/rmw_implementation_cmake/cmake)
[3.002s] -- Found rmw_fastrtps_cpp: 6.2.5 (/opt/ros/humble/share/rmw_fastrtps_cpp/cmake)
[3.313s] -- Found OpenSSL: /usr/lib/x86_64-linux-gnu/libcrypto.so (found version "3.0.2")  
[3.389s] -- Found FastRTPS: /opt/ros/humble/include  
[3.526s] -- Using RMW implementation 'rmw_fastrtps_cpp' as default
[3.556s] -- Looking for pthread.h
[3.734s] -- Looking for pthread.h - found
[3.735s] -- Performing Test CMAKE_HAVE_LIBC_PTHREAD
[3.916s] -- Performing Test CMAKE_HAVE_LIBC_PTHREAD - Success
[3.919s] -- Found Threads: TRUE  
[4.504s] -- Found rclcpp_components: 16.0.7 (/opt/ros/humble/share/rclcpp_components/cmake)
[4.678s] -- Found realsense2_camera_msgs: 4.54.1 (/home/mihkel/School/ThesisPractical/realsense_ws/install/realsense2_camera_msgs/share/realsense2_camera_msgs/cmake)
[5.002s] -- Found nav_msgs: 4.2.3 (/opt/ros/humble/share/nav_msgs/cmake)
[5.289s] -- Found tf2_ros: 0.25.5 (/opt/ros/humble/share/tf2_ros/cmake)
[6.262s] -- Found diagnostic_updater: 3.1.2 (/opt/ros/humble/share/diagnostic_updater/cmake)
[6.516s] [33mCMake Warning at CMakeLists.txt:119 (find_package):
[6.516s]   By not providing "Findrealsense2.cmake" in CMAKE_MODULE_PATH this project
[6.516s]   has asked CMake to find a package configuration file provided by
[6.517s]   "realsense2", but CMake did not find one.
[6.517s] 
[6.517s]   Could not find a package configuration file provided by "realsense2"
[6.517s]   (requested version 2.54.1) with any of the following names:
[6.517s] 
[6.518s]     realsense2Config.cmake
[6.518s]     realsense2-config.cmake
[6.518s] 
[6.518s]   Add the installation prefix of "realsense2" to CMAKE_PREFIX_PATH or set
[6.518s]   "realsense2_DIR" to a directory containing one of the above files.  If
[6.519s]   "realsense2" provides a separate development package or SDK, be sure it has
[6.519s]   been installed.
[6.519s] 
[6.519s] [0m
[6.519s] [31mCMake Error at CMakeLists.txt:121 (message):
[6.520s]   
[6.520s] 
[6.520s]   
[6.520s] 
[6.520s]    Intel RealSense SDK 2.0 is missing, please install it from https://github.com/IntelRealSense/librealsense/releases
[6.521s] 
[6.521s]   
[6.521s] 
[6.521s] 
[6.521s] [0m
[6.521s] -- Configuring incomplete, errors occurred!
[6.522s] See also "/home/mihkel/School/ThesisPractical/realsense_ws/build/realsense2_camera/CMakeFiles/CMakeOutput.log".
[6.539s] Invoked command in '/home/mihkel/School/ThesisPractical/realsense_ws/build/realsense2_camera' returned '1': AMENT_PREFIX_PATH=/home/mihkel/School/ThesisPractical/realsense_ws/install/realsense2_camera_msgs:${AMENT_PREFIX_PATH} CMAKE_PREFIX_PATH=/home/mihkel/School/ThesisPractical/realsense_ws/install/realsense2_camera_msgs:/opt/ros/humble LD_LIBRARY_PATH=/home/mihkel/School/ThesisPractical/realsense_ws/install/realsense2_camera_msgs/lib:${LD_LIBRARY_PATH} PYTHONPATH=/home/mihkel/School/ThesisPractical/realsense_ws/install/realsense2_camera_msgs/local/lib/python3.10/dist-packages:${PYTHONPATH} /usr/bin/cmake /home/mihkel/School/ThesisPractical/realsense_ws/src/realsense-ros/realsense2_camera -DCMAKE_INSTALL_PREFIX=/home/mihkel/School/ThesisPractical/realsense_ws/install/realsense2_camera
