[  0%] Built target yolov8_msgs__cpp
[  0%] Built target ament_cmake_python_copy_yolov8_msgs
[ 12%] Built target yolov8_msgs__rosidl_generator_c
[ 24%] Built target yolov8_msgs__rosidl_typesupport_c
[ 36%] Built target yolov8_msgs__rosidl_typesupport_introspection_c
[ 48%] Built target yolov8_msgs__rosidl_typesupport_cpp
[ 60%] Built target yolov8_msgs__rosidl_typesupport_introspection_cpp
[ 71%] Built target yolov8_msgs__rosidl_typesupport_fastrtps_cpp
[ 83%] Built target yolov8_msgs__rosidl_typesupport_fastrtps_c
[ 83%] Built target yolov8_msgs
[ 84%] Built target yolov8_msgs__py
[ 95%] Built target yolov8_msgs__rosidl_generator_py
[ 96%] Built target yolov8_msgs__rosidl_typesupport_c__pyext
[ 98%] Built target yolov8_msgs__rosidl_typesupport_fastrtps_c__pyext
[100%] Built target yolov8_msgs__rosidl_typesupport_introspection_c__pyext
running egg_info
writing yolov8_msgs.egg-info/PKG-INFO
writing dependency_links to yolov8_msgs.egg-info/dependency_links.txt
writing top-level names to yolov8_msgs.egg-info/top_level.txt
reading manifest file 'yolov8_msgs.egg-info/SOURCES.txt'
writing manifest file 'yolov8_msgs.egg-info/SOURCES.txt'
[100%] Built target ament_cmake_python_build_yolov8_msgs_egg
-- Install configuration: ""
-- Installing: /home/mihkel/School/ThesisPractical/myros_ws/install/yolov8_msgs/share/ament_index/resource_index/rosidl_interfaces/yolov8_msgs
-- Installing: /home/mihkel/School/ThesisPractical/myros_ws/install/yolov8_msgs/include/yolov8_msgs/yolov8_msgs
-- Installing: /home/mihkel/School/ThesisPractical/myros_ws/install/yolov8_msgs/include/yolov8_msgs/yolov8_msgs/msg
-- Installing: /home/mihkel/School/ThesisPractical/myros_ws/install/yolov8_msgs/include/yolov8_msgs/yolov8_msgs/msg/detection.h
-- Installing: /home/mihkel/School/ThesisPractical/myros_ws/install/yolov8_msgs/include/yolov8_msgs/yolov8_msgs/msg/key_point3_d.h
-- Installing: /home/mihkel/School/ThesisPractical/myros_ws/install/yolov8_msgs/include/yolov8_msgs/yolov8_msgs/msg/key_point2_d_array.h
-- Installing: /home/mihkel/School/ThesisPractical/myros_ws/install/yolov8_msgs/include/yolov8_msgs/yolov8_msgs/msg/key_point3_d_array.h
-- Installing: /home/mihkel/School/ThesisPractical/myros_ws/install/yolov8_msgs/include/yolov8_msgs/yolov8_msgs/msg/rosidl_generator_c__visibility_control.h
-- Installing: /home/mihkel/School/ThesisPractical/myros_ws/install/yolov8_msgs/include/yolov8_msgs/yolov8_msgs/msg/bounding_box3_d.h
-- Installing: /home/mihkel/School/ThesisPractical/myros_ws/install/yolov8_msgs/include/yolov8_msgs/yolov8_msgs/msg/detail
-- Installing: /home/mihkel/School/ThesisPractical/myros_ws/install/yolov8_msgs/include/yolov8_msgs/yolov8_msgs/msg/detail/detection_array__type_support.h
-- Installing: /home/mihkel/School/ThesisPractical/myros_ws/install/yolov8_msgs/include/yolov8_msgs/yolov8_msgs/msg/detail/key_point3_d_array__functions.h
-- Installing: /home/mihkel/School/ThesisPractical/myros_ws/install/yolov8_msgs/include/yolov8_msgs/yolov8_msgs/msg/detail/detection__struct.h
-- Installing: /home/mihkel/School/ThesisPractical/myros_ws/install/yolov8_msgs/include/yolov8_msgs/yolov8_msgs/msg/detail/detection_array__functions.c
-- Installing: /home/mihkel/School/ThesisPractical/myros_ws/install/yolov8_msgs/include/yolov8_msgs/yolov8_msgs/msg/detail/key_point3_d__functions.c
-- Installing: /home/mihkel/School/ThesisPractical/myros_ws/install/yolov8_msgs/include/yolov8_msgs/yolov8_msgs/msg/detail/vector2__functions.h
-- Installing: /home/mihkel/School/ThesisPractical/myros_ws/install/yolov8_msgs/include/yolov8_msgs/yolov8_msgs/msg/detail/mask__functions.h
-- Installing: /home/mihkel/School/ThesisPractical/myros_ws/install/yolov8_msgs/include/yolov8_msgs/yolov8_msgs/msg/detail/key_point2_d__struct.h
-- Installing: /home/mihkel/School/ThesisPractical/myros_ws/install/yolov8_msgs/include/yolov8_msgs/yolov8_msgs/msg/detail/bounding_box2_d__struct.h
-- Installing: /home/mihkel/School/ThesisPractical/myros_ws/install/yolov8_msgs/include/yolov8_msgs/yolov8_msgs/msg/detail/pose2_d__functions.h
-- Installing: /home/mihkel/School/ThesisPractical/myros_ws/install/yolov8_msgs/include/yolov8_msgs/yolov8_msgs/msg/detail/mask__type_support.h
-- Installing: /home/mihkel/School/ThesisPractical/myros_ws/install/yolov8_msgs/include/yolov8_msgs/yolov8_msgs/msg/detail/vector2__struct.h
-- Installing: /home/mihkel/School/ThesisPractical/myros_ws/install/yolov8_msgs/include/yolov8_msgs/yolov8_msgs/msg/detail/vector2__type_support.h
-- Installing: /home/mihkel/School/ThesisPractical/myros_ws/install/yolov8_msgs/include/yolov8_msgs/yolov8_msgs/msg/detail/detection_array__functions.h
-- Installing: /home/mihkel/School/ThesisPractical/myros_ws/install/yolov8_msgs/include/yolov8_msgs/yolov8_msgs/msg/detail/key_point2_d__functions.c
-- Installing: /home/mihkel/School/ThesisPractical/myros_ws/install/yolov8_msgs/include/yolov8_msgs/yolov8_msgs/msg/detail/vector2__functions.c
-- Installing: /home/mihkel/School/ThesisPractical/myros_ws/install/yolov8_msgs/include/yolov8_msgs/yolov8_msgs/msg/detail/point2_d__struct.h
-- Installing: /home/mihkel/School/ThesisPractical/myros_ws/install/yolov8_msgs/include/yolov8_msgs/yolov8_msgs/msg/detail/pose2_d__struct.h
-- Installing: /home/mihkel/School/ThesisPractical/myros_ws/install/yolov8_msgs/include/yolov8_msgs/yolov8_msgs/msg/detail/point2_d__functions.c
-- Installing: /home/mihkel/School/ThesisPractical/myros_ws/install/yolov8_msgs/include/yolov8_msgs/yolov8_msgs/msg/detail/detection__functions.h
-- Installing: /home/mihkel/School/ThesisPractical/myros_ws/install/yolov8_msgs/include/yolov8_msgs/yolov8_msgs/msg/detail/bounding_box2_d__functions.c
-- Installing: /home/mihkel/School/ThesisPractical/myros_ws/install/yolov8_msgs/include/yolov8_msgs/yolov8_msgs/msg/detail/key_point3_d__functions.h
-- Installing: /home/mihkel/School/ThesisPractical/myros_ws/install/yolov8_msgs/include/yolov8_msgs/yolov8_msgs/msg/detail/bounding_box3_d__functions.c
-- Installing: /home/mihkel/School/ThesisPractical/myros_ws/install/yolov8_msgs/include/yolov8_msgs/yolov8_msgs/msg/detail/key_point2_d_array__struct.h
-- Installing: /home/mihkel/School/ThesisPractical/myros_ws/install/yolov8_msgs/include/yolov8_msgs/yolov8_msgs/msg/detail/mask__functions.c
-- Installing: /home/mihkel/School/ThesisPractical/myros_ws/install/yolov8_msgs/include/yolov8_msgs/yolov8_msgs/msg/detail/key_point2_d__type_support.h
-- Installing: /home/mihkel/School/ThesisPractical/myros_ws/install/yolov8_msgs/include/yolov8_msgs/yolov8_msgs/msg/detail/key_point2_d_array__functions.h
-- Installing: /home/mihkel/School/ThesisPractical/myros_ws/install/yolov8_msgs/include/yolov8_msgs/yolov8_msgs/msg/detail/bounding_box3_d__functions.h
-- Installing: /home/mihkel/School/ThesisPractical/myros_ws/install/yolov8_msgs/include/yolov8_msgs/yolov8_msgs/msg/detail/bounding_box2_d__type_support.h
-- Installing: /home/mihkel/School/ThesisPractical/myros_ws/install/yolov8_msgs/include/yolov8_msgs/yolov8_msgs/msg/detail/bounding_box2_d__functions.h
-- Installing: /home/mihkel/School/ThesisPractical/myros_ws/install/yolov8_msgs/include/yolov8_msgs/yolov8_msgs/msg/detail/pose2_d__type_support.h
-- Installing: /home/mihkel/School/ThesisPractical/myros_ws/install/yolov8_msgs/include/yolov8_msgs/yolov8_msgs/msg/detail/bounding_box3_d__struct.h
-- Installing: /home/mihkel/School/ThesisPractical/myros_ws/install/yolov8_msgs/include/yolov8_msgs/yolov8_msgs/msg/detail/point2_d__functions.h
-- Installing: /home/mihkel/School/ThesisPractical/myros_ws/install/yolov8_msgs/include/yolov8_msgs/yolov8_msgs/msg/detail/key_point3_d_array__struct.h
-- Installing: /home/mihkel/School/ThesisPractical/myros_ws/install/yolov8_msgs/include/yolov8_msgs/yolov8_msgs/msg/detail/point2_d__type_support.h
-- Installing: /home/mihkel/School/ThesisPractical/myros_ws/install/yolov8_msgs/include/yolov8_msgs/yolov8_msgs/msg/detail/detection__type_support.h
-- Installing: /home/mihkel/School/ThesisPractical/myros_ws/install/yolov8_msgs/include/yolov8_msgs/yolov8_msgs/msg/detail/bounding_box3_d__type_support.h
-- Installing: /home/mihkel/School/ThesisPractical/myros_ws/install/yolov8_msgs/include/yolov8_msgs/yolov8_msgs/msg/detail/key_point2_d_array__functions.c
-- Installing: /home/mihkel/School/ThesisPractical/myros_ws/install/yolov8_msgs/include/yolov8_msgs/yolov8_msgs/msg/detail/key_point3_d__struct.h
-- Installing: /home/mihkel/School/ThesisPractical/myros_ws/install/yolov8_msgs/include/yolov8_msgs/yolov8_msgs/msg/detail/mask__struct.h
-- Installing: /home/mihkel/School/ThesisPractical/myros_ws/install/yolov8_msgs/include/yolov8_msgs/yolov8_msgs/msg/detail/key_point3_d_array__functions.c
-- Installing: /home/mihkel/School/ThesisPractical/myros_ws/install/yolov8_msgs/include/yolov8_msgs/yolov8_msgs/msg/detail/detection_array__struct.h
-- Installing: /home/mihkel/School/ThesisPractical/myros_ws/install/yolov8_msgs/include/yolov8_msgs/yolov8_msgs/msg/detail/key_point2_d_array__type_support.h
-- Installing: /home/mihkel/School/ThesisPractical/myros_ws/install/yolov8_msgs/include/yolov8_msgs/yolov8_msgs/msg/detail/pose2_d__functions.c
-- Installing: /home/mihkel/School/ThesisPractical/myros_ws/install/yolov8_msgs/include/yolov8_msgs/yolov8_msgs/msg/detail/key_point3_d_array__type_support.h
-- Installing: /home/mihkel/School/ThesisPractical/myros_ws/install/yolov8_msgs/include/yolov8_msgs/yolov8_msgs/msg/detail/detection__functions.c
-- Installing: /home/mihkel/School/ThesisPractical/myros_ws/install/yolov8_msgs/include/yolov8_msgs/yolov8_msgs/msg/detail/key_point3_d__type_support.h
-- Installing: /home/mihkel/School/ThesisPractical/myros_ws/install/yolov8_msgs/include/yolov8_msgs/yolov8_msgs/msg/detail/key_point2_d__functions.h
-- Installing: /home/mihkel/School/ThesisPractical/myros_ws/install/yolov8_msgs/include/yolov8_msgs/yolov8_msgs/msg/vector2.h
-- Installing: /home/mihkel/School/ThesisPractical/myros_ws/install/yolov8_msgs/include/yolov8_msgs/yolov8_msgs/msg/detection_array.h
-- Installing: /home/mihkel/School/ThesisPractical/myros_ws/install/yolov8_msgs/include/yolov8_msgs/yolov8_msgs/msg/point2_d.h
-- Installing: /home/mihkel/School/ThesisPractical/myros_ws/install/yolov8_msgs/include/yolov8_msgs/yolov8_msgs/msg/pose2_d.h
-- Installing: /home/mihkel/School/ThesisPractical/myros_ws/install/yolov8_msgs/include/yolov8_msgs/yolov8_msgs/msg/mask.h
-- Installing: /home/mihkel/School/ThesisPractical/myros_ws/install/yolov8_msgs/include/yolov8_msgs/yolov8_msgs/msg/bounding_box2_d.h
-- Installing: /home/mihkel/School/ThesisPractical/myros_ws/install/yolov8_msgs/include/yolov8_msgs/yolov8_msgs/msg/key_point2_d.h
-- Installing: /home/mihkel/School/ThesisPractical/myros_ws/install/yolov8_msgs/share/yolov8_msgs/environment/library_path.sh
-- Installing: /home/mihkel/School/ThesisPractical/myros_ws/install/yolov8_msgs/share/yolov8_msgs/environment/library_path.dsv
-- Installing: /home/mihkel/School/ThesisPractical/myros_ws/install/yolov8_msgs/lib/libyolov8_msgs__rosidl_generator_c.so
-- Set non-toolchain portion of runtime path of "/home/mihkel/School/ThesisPractical/myros_ws/install/yolov8_msgs/lib/libyolov8_msgs__rosidl_generator_c.so" to ""
-- Up-to-date: /home/mihkel/School/ThesisPractical/myros_ws/install/yolov8_msgs/include/yolov8_msgs/yolov8_msgs
-- Up-to-date: /home/mihkel/School/ThesisPractical/myros_ws/install/yolov8_msgs/include/yolov8_msgs/yolov8_msgs/msg
-- Up-to-date: /home/mihkel/School/ThesisPractical/myros_ws/install/yolov8_msgs/include/yolov8_msgs/yolov8_msgs/msg/detail
-- Installing: /home/mihkel/School/ThesisPractical/myros_ws/install/yolov8_msgs/include/yolov8_msgs/yolov8_msgs/msg/detail/key_point2_d__rosidl_typesupport_fastrtps_c.h
-- Installing: /home/mihkel/School/ThesisPractical/myros_ws/install/yolov8_msgs/include/yolov8_msgs/yolov8_msgs/msg/detail/mask__rosidl_typesupport_fastrtps_c.h
-- Installing: /home/mihkel/School/ThesisPractical/myros_ws/install/yolov8_msgs/include/yolov8_msgs/yolov8_msgs/msg/detail/bounding_box3_d__rosidl_typesupport_fastrtps_c.h
-- Installing: /home/mihkel/School/ThesisPractical/myros_ws/install/yolov8_msgs/include/yolov8_msgs/yolov8_msgs/msg/detail/key_point2_d_array__rosidl_typesupport_fastrtps_c.h
-- Installing: /home/mihkel/School/ThesisPractical/myros_ws/install/yolov8_msgs/include/yolov8_msgs/yolov8_msgs/msg/detail/pose2_d__rosidl_typesupport_fastrtps_c.h
-- Installing: /home/mihkel/School/ThesisPractical/myros_ws/install/yolov8_msgs/include/yolov8_msgs/yolov8_msgs/msg/detail/key_point3_d__rosidl_typesupport_fastrtps_c.h
-- Installing: /home/mihkel/School/ThesisPractical/myros_ws/install/yolov8_msgs/include/yolov8_msgs/yolov8_msgs/msg/detail/point2_d__rosidl_typesupport_fastrtps_c.h
-- Installing: /home/mihkel/School/ThesisPractical/myros_ws/install/yolov8_msgs/include/yolov8_msgs/yolov8_msgs/msg/detail/bounding_box2_d__rosidl_typesupport_fastrtps_c.h
-- Installing: /home/mihkel/School/ThesisPractical/myros_ws/install/yolov8_msgs/include/yolov8_msgs/yolov8_msgs/msg/detail/vector2__rosidl_typesupport_fastrtps_c.h
-- Installing: /home/mihkel/School/ThesisPractical/myros_ws/install/yolov8_msgs/include/yolov8_msgs/yolov8_msgs/msg/detail/detection__rosidl_typesupport_fastrtps_c.h
-- Installing: /home/mihkel/School/ThesisPractical/myros_ws/install/yolov8_msgs/include/yolov8_msgs/yolov8_msgs/msg/detail/detection_array__rosidl_typesupport_fastrtps_c.h
-- Installing: /home/mihkel/School/ThesisPractical/myros_ws/install/yolov8_msgs/include/yolov8_msgs/yolov8_msgs/msg/detail/key_point3_d_array__rosidl_typesupport_fastrtps_c.h
-- Installing: /home/mihkel/School/ThesisPractical/myros_ws/install/yolov8_msgs/include/yolov8_msgs/yolov8_msgs/msg/rosidl_typesupport_fastrtps_c__visibility_control.h
-- Installing: /home/mihkel/School/ThesisPractical/myros_ws/install/yolov8_msgs/lib/libyolov8_msgs__rosidl_typesupport_fastrtps_c.so
-- Set non-toolchain portion of runtime path of "/home/mihkel/School/ThesisPractical/myros_ws/install/yolov8_msgs/lib/libyolov8_msgs__rosidl_typesupport_fastrtps_c.so" to ""
-- Up-to-date: /home/mihkel/School/ThesisPractical/myros_ws/install/yolov8_msgs/include/yolov8_msgs/yolov8_msgs
-- Up-to-date: /home/mihkel/School/ThesisPractical/myros_ws/install/yolov8_msgs/include/yolov8_msgs/yolov8_msgs/msg
-- Up-to-date: /home/mihkel/School/ThesisPractical/myros_ws/install/yolov8_msgs/include/yolov8_msgs/yolov8_msgs/msg/detail
-- Installing: /home/mihkel/School/ThesisPractical/myros_ws/install/yolov8_msgs/include/yolov8_msgs/yolov8_msgs/msg/detail/detection_array__type_support.c
-- Installing: /home/mihkel/School/ThesisPractical/myros_ws/install/yolov8_msgs/include/yolov8_msgs/yolov8_msgs/msg/detail/key_point3_d__rosidl_typesupport_introspection_c.h
-- Installing: /home/mihkel/School/ThesisPractical/myros_ws/install/yolov8_msgs/include/yolov8_msgs/yolov8_msgs/msg/detail/detection__rosidl_typesupport_introspection_c.h
-- Installing: /home/mihkel/School/ThesisPractical/myros_ws/install/yolov8_msgs/include/yolov8_msgs/yolov8_msgs/msg/detail/vector2__type_support.c
-- Installing: /home/mihkel/School/ThesisPractical/myros_ws/install/yolov8_msgs/include/yolov8_msgs/yolov8_msgs/msg/detail/bounding_box2_d__type_support.c
-- Installing: /home/mihkel/School/ThesisPractical/myros_ws/install/yolov8_msgs/include/yolov8_msgs/yolov8_msgs/msg/detail/bounding_box3_d__rosidl_typesupport_introspection_c.h
-- Installing: /home/mihkel/School/ThesisPractical/myros_ws/install/yolov8_msgs/include/yolov8_msgs/yolov8_msgs/msg/detail/detection_array__rosidl_typesupport_introspection_c.h
-- Installing: /home/mihkel/School/ThesisPractical/myros_ws/install/yolov8_msgs/include/yolov8_msgs/yolov8_msgs/msg/detail/bounding_box3_d__type_support.c
-- Installing: /home/mihkel/School/ThesisPractical/myros_ws/install/yolov8_msgs/include/yolov8_msgs/yolov8_msgs/msg/detail/key_point3_d_array__type_support.c
-- Installing: /home/mihkel/School/ThesisPractical/myros_ws/install/yolov8_msgs/include/yolov8_msgs/yolov8_msgs/msg/detail/key_point3_d__type_support.c
-- Installing: /home/mihkel/School/ThesisPractical/myros_ws/install/yolov8_msgs/include/yolov8_msgs/yolov8_msgs/msg/detail/mask__rosidl_typesupport_introspection_c.h
-- Installing: /home/mihkel/School/ThesisPractical/myros_ws/install/yolov8_msgs/include/yolov8_msgs/yolov8_msgs/msg/detail/bounding_box2_d__rosidl_typesupport_introspection_c.h
-- Installing: /home/mihkel/School/ThesisPractical/myros_ws/install/yolov8_msgs/include/yolov8_msgs/yolov8_msgs/msg/detail/pose2_d__rosidl_typesupport_introspection_c.h
-- Installing: /home/mihkel/School/ThesisPractical/myros_ws/install/yolov8_msgs/include/yolov8_msgs/yolov8_msgs/msg/detail/key_point2_d_array__rosidl_typesupport_introspection_c.h
-- Installing: /home/mihkel/School/ThesisPractical/myros_ws/install/yolov8_msgs/include/yolov8_msgs/yolov8_msgs/msg/detail/mask__type_support.c
-- Installing: /home/mihkel/School/ThesisPractical/myros_ws/install/yolov8_msgs/include/yolov8_msgs/yolov8_msgs/msg/detail/pose2_d__type_support.c
-- Installing: /home/mihkel/School/ThesisPractical/myros_ws/install/yolov8_msgs/include/yolov8_msgs/yolov8_msgs/msg/detail/point2_d__type_support.c
-- Installing: /home/mihkel/School/ThesisPractical/myros_ws/install/yolov8_msgs/include/yolov8_msgs/yolov8_msgs/msg/detail/point2_d__rosidl_typesupport_introspection_c.h
-- Installing: /home/mihkel/School/ThesisPractical/myros_ws/install/yolov8_msgs/include/yolov8_msgs/yolov8_msgs/msg/detail/key_point2_d__type_support.c
-- Installing: /home/mihkel/School/ThesisPractical/myros_ws/install/yolov8_msgs/include/yolov8_msgs/yolov8_msgs/msg/detail/key_point2_d_array__type_support.c
-- Installing: /home/mihkel/School/ThesisPractical/myros_ws/install/yolov8_msgs/include/yolov8_msgs/yolov8_msgs/msg/detail/vector2__rosidl_typesupport_introspection_c.h
-- Installing: /home/mihkel/School/ThesisPractical/myros_ws/install/yolov8_msgs/include/yolov8_msgs/yolov8_msgs/msg/detail/detection__type_support.c
-- Installing: /home/mihkel/School/ThesisPractical/myros_ws/install/yolov8_msgs/include/yolov8_msgs/yolov8_msgs/msg/detail/key_point2_d__rosidl_typesupport_introspection_c.h
-- Installing: /home/mihkel/School/ThesisPractical/myros_ws/install/yolov8_msgs/include/yolov8_msgs/yolov8_msgs/msg/detail/key_point3_d_array__rosidl_typesupport_introspection_c.h
-- Installing: /home/mihkel/School/ThesisPractical/myros_ws/install/yolov8_msgs/include/yolov8_msgs/yolov8_msgs/msg/rosidl_typesupport_introspection_c__visibility_control.h
-- Installing: /home/mihkel/School/ThesisPractical/myros_ws/install/yolov8_msgs/lib/libyolov8_msgs__rosidl_typesupport_introspection_c.so
-- Set non-toolchain portion of runtime path of "/home/mihkel/School/ThesisPractical/myros_ws/install/yolov8_msgs/lib/libyolov8_msgs__rosidl_typesupport_introspection_c.so" to ""
-- Installing: /home/mihkel/School/ThesisPractical/myros_ws/install/yolov8_msgs/lib/libyolov8_msgs__rosidl_typesupport_c.so
-- Set non-toolchain portion of runtime path of "/home/mihkel/School/ThesisPractical/myros_ws/install/yolov8_msgs/lib/libyolov8_msgs__rosidl_typesupport_c.so" to ""
-- Up-to-date: /home/mihkel/School/ThesisPractical/myros_ws/install/yolov8_msgs/include/yolov8_msgs/yolov8_msgs
-- Up-to-date: /home/mihkel/School/ThesisPractical/myros_ws/install/yolov8_msgs/include/yolov8_msgs/yolov8_msgs/msg
-- Installing: /home/mihkel/School/ThesisPractical/myros_ws/install/yolov8_msgs/include/yolov8_msgs/yolov8_msgs/msg/point2_d.hpp
-- Installing: /home/mihkel/School/ThesisPractical/myros_ws/install/yolov8_msgs/include/yolov8_msgs/yolov8_msgs/msg/key_point2_d_array.hpp
-- Installing: /home/mihkel/School/ThesisPractical/myros_ws/install/yolov8_msgs/include/yolov8_msgs/yolov8_msgs/msg/pose2_d.hpp
-- Up-to-date: /home/mihkel/School/ThesisPractical/myros_ws/install/yolov8_msgs/include/yolov8_msgs/yolov8_msgs/msg/detail
-- Installing: /home/mihkel/School/ThesisPractical/myros_ws/install/yolov8_msgs/include/yolov8_msgs/yolov8_msgs/msg/detail/detection__traits.hpp
-- Installing: /home/mihkel/School/ThesisPractical/myros_ws/install/yolov8_msgs/include/yolov8_msgs/yolov8_msgs/msg/detail/bounding_box3_d__struct.hpp
-- Installing: /home/mihkel/School/ThesisPractical/myros_ws/install/yolov8_msgs/include/yolov8_msgs/yolov8_msgs/msg/detail/key_point3_d_array__traits.hpp
-- Installing: /home/mihkel/School/ThesisPractical/myros_ws/install/yolov8_msgs/include/yolov8_msgs/yolov8_msgs/msg/detail/detection_array__traits.hpp
-- Installing: /home/mihkel/School/ThesisPractical/myros_ws/install/yolov8_msgs/include/yolov8_msgs/yolov8_msgs/msg/detail/point2_d__struct.hpp
-- Installing: /home/mihkel/School/ThesisPractical/myros_ws/install/yolov8_msgs/include/yolov8_msgs/yolov8_msgs/msg/detail/detection_array__struct.hpp
-- Installing: /home/mihkel/School/ThesisPractical/myros_ws/install/yolov8_msgs/include/yolov8_msgs/yolov8_msgs/msg/detail/bounding_box2_d__traits.hpp
-- Installing: /home/mihkel/School/ThesisPractical/myros_ws/install/yolov8_msgs/include/yolov8_msgs/yolov8_msgs/msg/detail/bounding_box3_d__traits.hpp
-- Installing: /home/mihkel/School/ThesisPractical/myros_ws/install/yolov8_msgs/include/yolov8_msgs/yolov8_msgs/msg/detail/key_point2_d_array__traits.hpp
-- Installing: /home/mihkel/School/ThesisPractical/myros_ws/install/yolov8_msgs/include/yolov8_msgs/yolov8_msgs/msg/detail/mask__builder.hpp
-- Installing: /home/mihkel/School/ThesisPractical/myros_ws/install/yolov8_msgs/include/yolov8_msgs/yolov8_msgs/msg/detail/key_point2_d_array__struct.hpp
-- Installing: /home/mihkel/School/ThesisPractical/myros_ws/install/yolov8_msgs/include/yolov8_msgs/yolov8_msgs/msg/detail/key_point2_d_array__builder.hpp
-- Installing: /home/mihkel/School/ThesisPractical/myros_ws/install/yolov8_msgs/include/yolov8_msgs/yolov8_msgs/msg/detail/bounding_box2_d__builder.hpp
-- Installing: /home/mihkel/School/ThesisPractical/myros_ws/install/yolov8_msgs/include/yolov8_msgs/yolov8_msgs/msg/detail/key_point3_d_array__struct.hpp
-- Installing: /home/mihkel/School/ThesisPractical/myros_ws/install/yolov8_msgs/include/yolov8_msgs/yolov8_msgs/msg/detail/key_point3_d_array__builder.hpp
-- Installing: /home/mihkel/School/ThesisPractical/myros_ws/install/yolov8_msgs/include/yolov8_msgs/yolov8_msgs/msg/detail/point2_d__traits.hpp
-- Installing: /home/mihkel/School/ThesisPractical/myros_ws/install/yolov8_msgs/include/yolov8_msgs/yolov8_msgs/msg/detail/detection__struct.hpp
-- Installing: /home/mihkel/School/ThesisPractical/myros_ws/install/yolov8_msgs/include/yolov8_msgs/yolov8_msgs/msg/detail/vector2__struct.hpp
-- Installing: /home/mihkel/School/ThesisPractical/myros_ws/install/yolov8_msgs/include/yolov8_msgs/yolov8_msgs/msg/detail/key_point2_d__builder.hpp
-- Installing: /home/mihkel/School/ThesisPractical/myros_ws/install/yolov8_msgs/include/yolov8_msgs/yolov8_msgs/msg/detail/key_point3_d__traits.hpp
-- Installing: /home/mihkel/School/ThesisPractical/myros_ws/install/yolov8_msgs/include/yolov8_msgs/yolov8_msgs/msg/detail/key_point3_d__builder.hpp
-- Installing: /home/mihkel/School/ThesisPractical/myros_ws/install/yolov8_msgs/include/yolov8_msgs/yolov8_msgs/msg/detail/detection__builder.hpp
-- Installing: /home/mihkel/School/ThesisPractical/myros_ws/install/yolov8_msgs/include/yolov8_msgs/yolov8_msgs/msg/detail/pose2_d__builder.hpp
-- Installing: /home/mihkel/School/ThesisPractical/myros_ws/install/yolov8_msgs/include/yolov8_msgs/yolov8_msgs/msg/detail/mask__traits.hpp
-- Installing: /home/mihkel/School/ThesisPractical/myros_ws/install/yolov8_msgs/include/yolov8_msgs/yolov8_msgs/msg/detail/pose2_d__struct.hpp
-- Installing: /home/mihkel/School/ThesisPractical/myros_ws/install/yolov8_msgs/include/yolov8_msgs/yolov8_msgs/msg/detail/key_point2_d__traits.hpp
-- Installing: /home/mihkel/School/ThesisPractical/myros_ws/install/yolov8_msgs/include/yolov8_msgs/yolov8_msgs/msg/detail/bounding_box2_d__struct.hpp
-- Installing: /home/mihkel/School/ThesisPractical/myros_ws/install/yolov8_msgs/include/yolov8_msgs/yolov8_msgs/msg/detail/vector2__traits.hpp
-- Installing: /home/mihkel/School/ThesisPractical/myros_ws/install/yolov8_msgs/include/yolov8_msgs/yolov8_msgs/msg/detail/bounding_box3_d__builder.hpp
-- Installing: /home/mihkel/School/ThesisPractical/myros_ws/install/yolov8_msgs/include/yolov8_msgs/yolov8_msgs/msg/detail/vector2__builder.hpp
-- Installing: /home/mihkel/School/ThesisPractical/myros_ws/install/yolov8_msgs/include/yolov8_msgs/yolov8_msgs/msg/detail/detection_array__builder.hpp
-- Installing: /home/mihkel/School/ThesisPractical/myros_ws/install/yolov8_msgs/include/yolov8_msgs/yolov8_msgs/msg/detail/pose2_d__traits.hpp
-- Installing: /home/mihkel/School/ThesisPractical/myros_ws/install/yolov8_msgs/include/yolov8_msgs/yolov8_msgs/msg/detail/point2_d__builder.hpp
-- Installing: /home/mihkel/School/ThesisPractical/myros_ws/install/yolov8_msgs/include/yolov8_msgs/yolov8_msgs/msg/detail/mask__struct.hpp
-- Installing: /home/mihkel/School/ThesisPractical/myros_ws/install/yolov8_msgs/include/yolov8_msgs/yolov8_msgs/msg/detail/key_point2_d__struct.hpp
-- Installing: /home/mihkel/School/ThesisPractical/myros_ws/install/yolov8_msgs/include/yolov8_msgs/yolov8_msgs/msg/detail/key_point3_d__struct.hpp
-- Installing: /home/mihkel/School/ThesisPractical/myros_ws/install/yolov8_msgs/include/yolov8_msgs/yolov8_msgs/msg/vector2.hpp
-- Installing: /home/mihkel/School/ThesisPractical/myros_ws/install/yolov8_msgs/include/yolov8_msgs/yolov8_msgs/msg/mask.hpp
-- Installing: /home/mihkel/School/ThesisPractical/myros_ws/install/yolov8_msgs/include/yolov8_msgs/yolov8_msgs/msg/bounding_box3_d.hpp
-- Installing: /home/mihkel/School/ThesisPractical/myros_ws/install/yolov8_msgs/include/yolov8_msgs/yolov8_msgs/msg/detection_array.hpp
-- Installing: /home/mihkel/School/ThesisPractical/myros_ws/install/yolov8_msgs/include/yolov8_msgs/yolov8_msgs/msg/key_point3_d_array.hpp
-- Installing: /home/mihkel/School/ThesisPractical/myros_ws/install/yolov8_msgs/include/yolov8_msgs/yolov8_msgs/msg/key_point2_d.hpp
-- Installing: /home/mihkel/School/ThesisPractical/myros_ws/install/yolov8_msgs/include/yolov8_msgs/yolov8_msgs/msg/detection.hpp
-- Installing: /home/mihkel/School/ThesisPractical/myros_ws/install/yolov8_msgs/include/yolov8_msgs/yolov8_msgs/msg/bounding_box2_d.hpp
-- Installing: /home/mihkel/School/ThesisPractical/myros_ws/install/yolov8_msgs/include/yolov8_msgs/yolov8_msgs/msg/key_point3_d.hpp
-- Up-to-date: /home/mihkel/School/ThesisPractical/myros_ws/install/yolov8_msgs/include/yolov8_msgs/yolov8_msgs
-- Up-to-date: /home/mihkel/School/ThesisPractical/myros_ws/install/yolov8_msgs/include/yolov8_msgs/yolov8_msgs/msg
-- Up-to-date: /home/mihkel/School/ThesisPractical/myros_ws/install/yolov8_msgs/include/yolov8_msgs/yolov8_msgs/msg/detail
-- Installing: /home/mihkel/School/ThesisPractical/myros_ws/install/yolov8_msgs/include/yolov8_msgs/yolov8_msgs/msg/detail/bounding_box2_d__rosidl_typesupport_fastrtps_cpp.hpp
-- Installing: /home/mihkel/School/ThesisPractical/myros_ws/install/yolov8_msgs/include/yolov8_msgs/yolov8_msgs/msg/detail/dds_fastrtps
-- Installing: /home/mihkel/School/ThesisPractical/myros_ws/install/yolov8_msgs/include/yolov8_msgs/yolov8_msgs/msg/detail/bounding_box3_d__rosidl_typesupport_fastrtps_cpp.hpp
-- Installing: /home/mihkel/School/ThesisPractical/myros_ws/install/yolov8_msgs/include/yolov8_msgs/yolov8_msgs/msg/detail/vector2__rosidl_typesupport_fastrtps_cpp.hpp
-- Installing: /home/mihkel/School/ThesisPractical/myros_ws/install/yolov8_msgs/include/yolov8_msgs/yolov8_msgs/msg/detail/key_point2_d__rosidl_typesupport_fastrtps_cpp.hpp
-- Installing: /home/mihkel/School/ThesisPractical/myros_ws/install/yolov8_msgs/include/yolov8_msgs/yolov8_msgs/msg/detail/key_point3_d_array__rosidl_typesupport_fastrtps_cpp.hpp
-- Installing: /home/mihkel/School/ThesisPractical/myros_ws/install/yolov8_msgs/include/yolov8_msgs/yolov8_msgs/msg/detail/point2_d__rosidl_typesupport_fastrtps_cpp.hpp
-- Installing: /home/mihkel/School/ThesisPractical/myros_ws/install/yolov8_msgs/include/yolov8_msgs/yolov8_msgs/msg/detail/pose2_d__rosidl_typesupport_fastrtps_cpp.hpp
-- Installing: /home/mihkel/School/ThesisPractical/myros_ws/install/yolov8_msgs/include/yolov8_msgs/yolov8_msgs/msg/detail/detection_array__rosidl_typesupport_fastrtps_cpp.hpp
-- Installing: /home/mihkel/School/ThesisPractical/myros_ws/install/yolov8_msgs/include/yolov8_msgs/yolov8_msgs/msg/detail/key_point3_d__rosidl_typesupport_fastrtps_cpp.hpp
-- Installing: /home/mihkel/School/ThesisPractical/myros_ws/install/yolov8_msgs/include/yolov8_msgs/yolov8_msgs/msg/detail/detection__rosidl_typesupport_fastrtps_cpp.hpp
-- Installing: /home/mihkel/School/ThesisPractical/myros_ws/install/yolov8_msgs/include/yolov8_msgs/yolov8_msgs/msg/detail/mask__rosidl_typesupport_fastrtps_cpp.hpp
-- Installing: /home/mihkel/School/ThesisPractical/myros_ws/install/yolov8_msgs/include/yolov8_msgs/yolov8_msgs/msg/detail/key_point2_d_array__rosidl_typesupport_fastrtps_cpp.hpp
-- Installing: /home/mihkel/School/ThesisPractical/myros_ws/install/yolov8_msgs/include/yolov8_msgs/yolov8_msgs/msg/rosidl_typesupport_fastrtps_cpp__visibility_control.h
-- Installing: /home/mihkel/School/ThesisPractical/myros_ws/install/yolov8_msgs/lib/libyolov8_msgs__rosidl_typesupport_fastrtps_cpp.so
-- Set non-toolchain portion of runtime path of "/home/mihkel/School/ThesisPractical/myros_ws/install/yolov8_msgs/lib/libyolov8_msgs__rosidl_typesupport_fastrtps_cpp.so" to ""
-- Up-to-date: /home/mihkel/School/ThesisPractical/myros_ws/install/yolov8_msgs/include/yolov8_msgs/yolov8_msgs
-- Up-to-date: /home/mihkel/School/ThesisPractical/myros_ws/install/yolov8_msgs/include/yolov8_msgs/yolov8_msgs/msg
-- Up-to-date: /home/mihkel/School/ThesisPractical/myros_ws/install/yolov8_msgs/include/yolov8_msgs/yolov8_msgs/msg/detail
-- Installing: /home/mihkel/School/ThesisPractical/myros_ws/install/yolov8_msgs/include/yolov8_msgs/yolov8_msgs/msg/detail/key_point2_d_array__rosidl_typesupport_introspection_cpp.hpp
-- Installing: /home/mihkel/School/ThesisPractical/myros_ws/install/yolov8_msgs/include/yolov8_msgs/yolov8_msgs/msg/detail/mask__type_support.cpp
-- Installing: /home/mihkel/School/ThesisPractical/myros_ws/install/yolov8_msgs/include/yolov8_msgs/yolov8_msgs/msg/detail/key_point2_d__type_support.cpp
-- Installing: /home/mihkel/School/ThesisPractical/myros_ws/install/yolov8_msgs/include/yolov8_msgs/yolov8_msgs/msg/detail/key_point2_d__rosidl_typesupport_introspection_cpp.hpp
-- Installing: /home/mihkel/School/ThesisPractical/myros_ws/install/yolov8_msgs/include/yolov8_msgs/yolov8_msgs/msg/detail/key_point3_d__rosidl_typesupport_introspection_cpp.hpp
-- Installing: /home/mihkel/School/ThesisPractical/myros_ws/install/yolov8_msgs/include/yolov8_msgs/yolov8_msgs/msg/detail/vector2__type_support.cpp
-- Installing: /home/mihkel/School/ThesisPractical/myros_ws/install/yolov8_msgs/include/yolov8_msgs/yolov8_msgs/msg/detail/bounding_box3_d__type_support.cpp
-- Installing: /home/mihkel/School/ThesisPractical/myros_ws/install/yolov8_msgs/include/yolov8_msgs/yolov8_msgs/msg/detail/vector2__rosidl_typesupport_introspection_cpp.hpp
-- Installing: /home/mihkel/School/ThesisPractical/myros_ws/install/yolov8_msgs/include/yolov8_msgs/yolov8_msgs/msg/detail/key_point3_d_array__type_support.cpp
-- Installing: /home/mihkel/School/ThesisPractical/myros_ws/install/yolov8_msgs/include/yolov8_msgs/yolov8_msgs/msg/detail/key_point3_d_array__rosidl_typesupport_introspection_cpp.hpp
-- Installing: /home/mihkel/School/ThesisPractical/myros_ws/install/yolov8_msgs/include/yolov8_msgs/yolov8_msgs/msg/detail/bounding_box3_d__rosidl_typesupport_introspection_cpp.hpp
-- Installing: /home/mihkel/School/ThesisPractical/myros_ws/install/yolov8_msgs/include/yolov8_msgs/yolov8_msgs/msg/detail/key_point2_d_array__type_support.cpp
-- Installing: /home/mihkel/School/ThesisPractical/myros_ws/install/yolov8_msgs/include/yolov8_msgs/yolov8_msgs/msg/detail/mask__rosidl_typesupport_introspection_cpp.hpp
-- Installing: /home/mihkel/School/ThesisPractical/myros_ws/install/yolov8_msgs/include/yolov8_msgs/yolov8_msgs/msg/detail/point2_d__type_support.cpp
-- Installing: /home/mihkel/School/ThesisPractical/myros_ws/install/yolov8_msgs/include/yolov8_msgs/yolov8_msgs/msg/detail/pose2_d__rosidl_typesupport_introspection_cpp.hpp
-- Installing: /home/mihkel/School/ThesisPractical/myros_ws/install/yolov8_msgs/include/yolov8_msgs/yolov8_msgs/msg/detail/detection__rosidl_typesupport_introspection_cpp.hpp
-- Installing: /home/mihkel/School/ThesisPractical/myros_ws/install/yolov8_msgs/include/yolov8_msgs/yolov8_msgs/msg/detail/pose2_d__type_support.cpp
-- Installing: /home/mihkel/School/ThesisPractical/myros_ws/install/yolov8_msgs/include/yolov8_msgs/yolov8_msgs/msg/detail/detection__type_support.cpp
-- Installing: /home/mihkel/School/ThesisPractical/myros_ws/install/yolov8_msgs/include/yolov8_msgs/yolov8_msgs/msg/detail/bounding_box2_d__type_support.cpp
-- Installing: /home/mihkel/School/ThesisPractical/myros_ws/install/yolov8_msgs/include/yolov8_msgs/yolov8_msgs/msg/detail/key_point3_d__type_support.cpp
-- Installing: /home/mihkel/School/ThesisPractical/myros_ws/install/yolov8_msgs/include/yolov8_msgs/yolov8_msgs/msg/detail/detection_array__type_support.cpp
-- Installing: /home/mihkel/School/ThesisPractical/myros_ws/install/yolov8_msgs/include/yolov8_msgs/yolov8_msgs/msg/detail/point2_d__rosidl_typesupport_introspection_cpp.hpp
-- Installing: /home/mihkel/School/ThesisPractical/myros_ws/install/yolov8_msgs/include/yolov8_msgs/yolov8_msgs/msg/detail/bounding_box2_d__rosidl_typesupport_introspection_cpp.hpp
-- Installing: /home/mihkel/School/ThesisPractical/myros_ws/install/yolov8_msgs/include/yolov8_msgs/yolov8_msgs/msg/detail/detection_array__rosidl_typesupport_introspection_cpp.hpp
-- Installing: /home/mihkel/School/ThesisPractical/myros_ws/install/yolov8_msgs/lib/libyolov8_msgs__rosidl_typesupport_introspection_cpp.so
-- Set non-toolchain portion of runtime path of "/home/mihkel/School/ThesisPractical/myros_ws/install/yolov8_msgs/lib/libyolov8_msgs__rosidl_typesupport_introspection_cpp.so" to ""
-- Installing: /home/mihkel/School/ThesisPractical/myros_ws/install/yolov8_msgs/lib/libyolov8_msgs__rosidl_typesupport_cpp.so
-- Set non-toolchain portion of runtime path of "/home/mihkel/School/ThesisPractical/myros_ws/install/yolov8_msgs/lib/libyolov8_msgs__rosidl_typesupport_cpp.so" to ""
-- Installing: /home/mihkel/School/ThesisPractical/myros_ws/install/yolov8_msgs/share/yolov8_msgs/environment/pythonpath.sh
-- Installing: /home/mihkel/School/ThesisPractical/myros_ws/install/yolov8_msgs/share/yolov8_msgs/environment/pythonpath.dsv
-- Installing: /home/mihkel/School/ThesisPractical/myros_ws/install/yolov8_msgs/local/lib/python3.10/dist-packages/yolov8_msgs-0.0.0-py3.10.egg-info
-- Installing: /home/mihkel/School/ThesisPractical/myros_ws/install/yolov8_msgs/local/lib/python3.10/dist-packages/yolov8_msgs-0.0.0-py3.10.egg-info/top_level.txt
-- Installing: /home/mihkel/School/ThesisPractical/myros_ws/install/yolov8_msgs/local/lib/python3.10/dist-packages/yolov8_msgs-0.0.0-py3.10.egg-info/PKG-INFO
-- Installing: /home/mihkel/School/ThesisPractical/myros_ws/install/yolov8_msgs/local/lib/python3.10/dist-packages/yolov8_msgs-0.0.0-py3.10.egg-info/SOURCES.txt
-- Installing: /home/mihkel/School/ThesisPractical/myros_ws/install/yolov8_msgs/local/lib/python3.10/dist-packages/yolov8_msgs-0.0.0-py3.10.egg-info/dependency_links.txt
-- Installing: /home/mihkel/School/ThesisPractical/myros_ws/install/yolov8_msgs/local/lib/python3.10/dist-packages/yolov8_msgs
-- Installing: /home/mihkel/School/ThesisPractical/myros_ws/install/yolov8_msgs/local/lib/python3.10/dist-packages/yolov8_msgs/yolov8_msgs_s__rosidl_typesupport_c.cpython-310-x86_64-linux-gnu.so
-- Installing: /home/mihkel/School/ThesisPractical/myros_ws/install/yolov8_msgs/local/lib/python3.10/dist-packages/yolov8_msgs/_yolov8_msgs_s.ep.rosidl_typesupport_fastrtps_c.c
-- Installing: /home/mihkel/School/ThesisPractical/myros_ws/install/yolov8_msgs/local/lib/python3.10/dist-packages/yolov8_msgs/yolov8_msgs_s__rosidl_typesupport_introspection_c.cpython-310-x86_64-linux-gnu.so
-- Installing: /home/mihkel/School/ThesisPractical/myros_ws/install/yolov8_msgs/local/lib/python3.10/dist-packages/yolov8_msgs/libyolov8_msgs__rosidl_generator_py.so
-- Installing: /home/mihkel/School/ThesisPractical/myros_ws/install/yolov8_msgs/local/lib/python3.10/dist-packages/yolov8_msgs/_yolov8_msgs_s.ep.rosidl_typesupport_c.c
-- Installing: /home/mihkel/School/ThesisPractical/myros_ws/install/yolov8_msgs/local/lib/python3.10/dist-packages/yolov8_msgs/_yolov8_msgs_s.ep.rosidl_typesupport_introspection_c.c
-- Installing: /home/mihkel/School/ThesisPractical/myros_ws/install/yolov8_msgs/local/lib/python3.10/dist-packages/yolov8_msgs/__init__.py
-- Installing: /home/mihkel/School/ThesisPractical/myros_ws/install/yolov8_msgs/local/lib/python3.10/dist-packages/yolov8_msgs/yolov8_msgs_s__rosidl_typesupport_fastrtps_c.cpython-310-x86_64-linux-gnu.so
-- Installing: /home/mihkel/School/ThesisPractical/myros_ws/install/yolov8_msgs/local/lib/python3.10/dist-packages/yolov8_msgs/msg
-- Installing: /home/mihkel/School/ThesisPractical/myros_ws/install/yolov8_msgs/local/lib/python3.10/dist-packages/yolov8_msgs/msg/_point2_d_s.c
-- Installing: /home/mihkel/School/ThesisPractical/myros_ws/install/yolov8_msgs/local/lib/python3.10/dist-packages/yolov8_msgs/msg/_detection_array.py
-- Installing: /home/mihkel/School/ThesisPractical/myros_ws/install/yolov8_msgs/local/lib/python3.10/dist-packages/yolov8_msgs/msg/_key_point3_d_s.c
-- Installing: /home/mihkel/School/ThesisPractical/myros_ws/install/yolov8_msgs/local/lib/python3.10/dist-packages/yolov8_msgs/msg/_bounding_box3_d_s.c
-- Installing: /home/mihkel/School/ThesisPractical/myros_ws/install/yolov8_msgs/local/lib/python3.10/dist-packages/yolov8_msgs/msg/_detection_array_s.c
-- Installing: /home/mihkel/School/ThesisPractical/myros_ws/install/yolov8_msgs/local/lib/python3.10/dist-packages/yolov8_msgs/msg/_pose2_d.py
-- Installing: /home/mihkel/School/ThesisPractical/myros_ws/install/yolov8_msgs/local/lib/python3.10/dist-packages/yolov8_msgs/msg/_key_point3_d.py
-- Installing: /home/mihkel/School/ThesisPractical/myros_ws/install/yolov8_msgs/local/lib/python3.10/dist-packages/yolov8_msgs/msg/_key_point2_d.py
-- Installing: /home/mihkel/School/ThesisPractical/myros_ws/install/yolov8_msgs/local/lib/python3.10/dist-packages/yolov8_msgs/msg/_bounding_box2_d.py
-- Installing: /home/mihkel/School/ThesisPractical/myros_ws/install/yolov8_msgs/local/lib/python3.10/dist-packages/yolov8_msgs/msg/_vector2.py
-- Installing: /home/mihkel/School/ThesisPractical/myros_ws/install/yolov8_msgs/local/lib/python3.10/dist-packages/yolov8_msgs/msg/_bounding_box2_d_s.c
-- Installing: /home/mihkel/School/ThesisPractical/myros_ws/install/yolov8_msgs/local/lib/python3.10/dist-packages/yolov8_msgs/msg/_key_point2_d_s.c
-- Installing: /home/mihkel/School/ThesisPractical/myros_ws/install/yolov8_msgs/local/lib/python3.10/dist-packages/yolov8_msgs/msg/_key_point2_d_array_s.c
-- Installing: /home/mihkel/School/ThesisPractical/myros_ws/install/yolov8_msgs/local/lib/python3.10/dist-packages/yolov8_msgs/msg/_vector2_s.c
-- Installing: /home/mihkel/School/ThesisPractical/myros_ws/install/yolov8_msgs/local/lib/python3.10/dist-packages/yolov8_msgs/msg/_bounding_box3_d.py
-- Installing: /home/mihkel/School/ThesisPractical/myros_ws/install/yolov8_msgs/local/lib/python3.10/dist-packages/yolov8_msgs/msg/_mask.py
-- Installing: /home/mihkel/School/ThesisPractical/myros_ws/install/yolov8_msgs/local/lib/python3.10/dist-packages/yolov8_msgs/msg/_mask_s.c
-- Installing: /home/mihkel/School/ThesisPractical/myros_ws/install/yolov8_msgs/local/lib/python3.10/dist-packages/yolov8_msgs/msg/__init__.py
-- Installing: /home/mihkel/School/ThesisPractical/myros_ws/install/yolov8_msgs/local/lib/python3.10/dist-packages/yolov8_msgs/msg/_key_point3_d_array_s.c
-- Installing: /home/mihkel/School/ThesisPractical/myros_ws/install/yolov8_msgs/local/lib/python3.10/dist-packages/yolov8_msgs/msg/_detection_s.c
-- Installing: /home/mihkel/School/ThesisPractical/myros_ws/install/yolov8_msgs/local/lib/python3.10/dist-packages/yolov8_msgs/msg/_pose2_d_s.c
-- Installing: /home/mihkel/School/ThesisPractical/myros_ws/install/yolov8_msgs/local/lib/python3.10/dist-packages/yolov8_msgs/msg/_detection.py
-- Installing: /home/mihkel/School/ThesisPractical/myros_ws/install/yolov8_msgs/local/lib/python3.10/dist-packages/yolov8_msgs/msg/_key_point3_d_array.py
-- Installing: /home/mihkel/School/ThesisPractical/myros_ws/install/yolov8_msgs/local/lib/python3.10/dist-packages/yolov8_msgs/msg/_point2_d.py
-- Installing: /home/mihkel/School/ThesisPractical/myros_ws/install/yolov8_msgs/local/lib/python3.10/dist-packages/yolov8_msgs/msg/_key_point2_d_array.py
Listing '/home/mihkel/School/ThesisPractical/myros_ws/install/yolov8_msgs/local/lib/python3.10/dist-packages/yolov8_msgs'...
Compiling '/home/mihkel/School/ThesisPractical/myros_ws/install/yolov8_msgs/local/lib/python3.10/dist-packages/yolov8_msgs/__init__.py'...
Listing '/home/mihkel/School/ThesisPractical/myros_ws/install/yolov8_msgs/local/lib/python3.10/dist-packages/yolov8_msgs/msg'...
Compiling '/home/mihkel/School/ThesisPractical/myros_ws/install/yolov8_msgs/local/lib/python3.10/dist-packages/yolov8_msgs/msg/__init__.py'...
Compiling '/home/mihkel/School/ThesisPractical/myros_ws/install/yolov8_msgs/local/lib/python3.10/dist-packages/yolov8_msgs/msg/_bounding_box2_d.py'...
Compiling '/home/mihkel/School/ThesisPractical/myros_ws/install/yolov8_msgs/local/lib/python3.10/dist-packages/yolov8_msgs/msg/_bounding_box3_d.py'...
Compiling '/home/mihkel/School/ThesisPractical/myros_ws/install/yolov8_msgs/local/lib/python3.10/dist-packages/yolov8_msgs/msg/_detection.py'...
Compiling '/home/mihkel/School/ThesisPractical/myros_ws/install/yolov8_msgs/local/lib/python3.10/dist-packages/yolov8_msgs/msg/_detection_array.py'...
Compiling '/home/mihkel/School/ThesisPractical/myros_ws/install/yolov8_msgs/local/lib/python3.10/dist-packages/yolov8_msgs/msg/_key_point2_d.py'...
Compiling '/home/mihkel/School/ThesisPractical/myros_ws/install/yolov8_msgs/local/lib/python3.10/dist-packages/yolov8_msgs/msg/_key_point2_d_array.py'...
Compiling '/home/mihkel/School/ThesisPractical/myros_ws/install/yolov8_msgs/local/lib/python3.10/dist-packages/yolov8_msgs/msg/_key_point3_d.py'...
Compiling '/home/mihkel/School/ThesisPractical/myros_ws/install/yolov8_msgs/local/lib/python3.10/dist-packages/yolov8_msgs/msg/_key_point3_d_array.py'...
Compiling '/home/mihkel/School/ThesisPractical/myros_ws/install/yolov8_msgs/local/lib/python3.10/dist-packages/yolov8_msgs/msg/_mask.py'...
Compiling '/home/mihkel/School/ThesisPractical/myros_ws/install/yolov8_msgs/local/lib/python3.10/dist-packages/yolov8_msgs/msg/_point2_d.py'...
Compiling '/home/mihkel/School/ThesisPractical/myros_ws/install/yolov8_msgs/local/lib/python3.10/dist-packages/yolov8_msgs/msg/_pose2_d.py'...
Compiling '/home/mihkel/School/ThesisPractical/myros_ws/install/yolov8_msgs/local/lib/python3.10/dist-packages/yolov8_msgs/msg/_vector2.py'...
-- Installing: /home/mihkel/School/ThesisPractical/myros_ws/install/yolov8_msgs/local/lib/python3.10/dist-packages/yolov8_msgs/yolov8_msgs_s__rosidl_typesupport_fastrtps_c.cpython-310-x86_64-linux-gnu.so
-- Set non-toolchain portion of runtime path of "/home/mihkel/School/ThesisPractical/myros_ws/install/yolov8_msgs/local/lib/python3.10/dist-packages/yolov8_msgs/yolov8_msgs_s__rosidl_typesupport_fastrtps_c.cpython-310-x86_64-linux-gnu.so" to ""
-- Installing: /home/mihkel/School/ThesisPractical/myros_ws/install/yolov8_msgs/local/lib/python3.10/dist-packages/yolov8_msgs/yolov8_msgs_s__rosidl_typesupport_introspection_c.cpython-310-x86_64-linux-gnu.so
-- Set non-toolchain portion of runtime path of "/home/mihkel/School/ThesisPractical/myros_ws/install/yolov8_msgs/local/lib/python3.10/dist-packages/yolov8_msgs/yolov8_msgs_s__rosidl_typesupport_introspection_c.cpython-310-x86_64-linux-gnu.so" to ""
-- Installing: /home/mihkel/School/ThesisPractical/myros_ws/install/yolov8_msgs/local/lib/python3.10/dist-packages/yolov8_msgs/yolov8_msgs_s__rosidl_typesupport_c.cpython-310-x86_64-linux-gnu.so
-- Set non-toolchain portion of runtime path of "/home/mihkel/School/ThesisPractical/myros_ws/install/yolov8_msgs/local/lib/python3.10/dist-packages/yolov8_msgs/yolov8_msgs_s__rosidl_typesupport_c.cpython-310-x86_64-linux-gnu.so" to ""
-- Installing: /home/mihkel/School/ThesisPractical/myros_ws/install/yolov8_msgs/lib/libyolov8_msgs__rosidl_generator_py.so
-- Set non-toolchain portion of runtime path of "/home/mihkel/School/ThesisPractical/myros_ws/install/yolov8_msgs/lib/libyolov8_msgs__rosidl_generator_py.so" to ""
-- Installing: /home/mihkel/School/ThesisPractical/myros_ws/install/yolov8_msgs/share/yolov8_msgs/msg/Point2D.idl
-- Installing: /home/mihkel/School/ThesisPractical/myros_ws/install/yolov8_msgs/share/yolov8_msgs/msg/Vector2.idl
-- Installing: /home/mihkel/School/ThesisPractical/myros_ws/install/yolov8_msgs/share/yolov8_msgs/msg/Pose2D.idl
-- Installing: /home/mihkel/School/ThesisPractical/myros_ws/install/yolov8_msgs/share/yolov8_msgs/msg/BoundingBox2D.idl
-- Installing: /home/mihkel/School/ThesisPractical/myros_ws/install/yolov8_msgs/share/yolov8_msgs/msg/BoundingBox3D.idl
-- Installing: /home/mihkel/School/ThesisPractical/myros_ws/install/yolov8_msgs/share/yolov8_msgs/msg/Mask.idl
-- Installing: /home/mihkel/School/ThesisPractical/myros_ws/install/yolov8_msgs/share/yolov8_msgs/msg/KeyPoint2D.idl
-- Installing: /home/mihkel/School/ThesisPractical/myros_ws/install/yolov8_msgs/share/yolov8_msgs/msg/KeyPoint2DArray.idl
-- Installing: /home/mihkel/School/ThesisPractical/myros_ws/install/yolov8_msgs/share/yolov8_msgs/msg/KeyPoint3D.idl
-- Installing: /home/mihkel/School/ThesisPractical/myros_ws/install/yolov8_msgs/share/yolov8_msgs/msg/KeyPoint3DArray.idl
-- Installing: /home/mihkel/School/ThesisPractical/myros_ws/install/yolov8_msgs/share/yolov8_msgs/msg/Detection.idl
-- Installing: /home/mihkel/School/ThesisPractical/myros_ws/install/yolov8_msgs/share/yolov8_msgs/msg/DetectionArray.idl
-- Installing: /home/mihkel/School/ThesisPractical/myros_ws/install/yolov8_msgs/share/yolov8_msgs/msg/Point2D.msg
-- Installing: /home/mihkel/School/ThesisPractical/myros_ws/install/yolov8_msgs/share/yolov8_msgs/msg/Vector2.msg
-- Installing: /home/mihkel/School/ThesisPractical/myros_ws/install/yolov8_msgs/share/yolov8_msgs/msg/Pose2D.msg
-- Installing: /home/mihkel/School/ThesisPractical/myros_ws/install/yolov8_msgs/share/yolov8_msgs/msg/BoundingBox2D.msg
-- Installing: /home/mihkel/School/ThesisPractical/myros_ws/install/yolov8_msgs/share/yolov8_msgs/msg/BoundingBox3D.msg
-- Installing: /home/mihkel/School/ThesisPractical/myros_ws/install/yolov8_msgs/share/yolov8_msgs/msg/Mask.msg
-- Installing: /home/mihkel/School/ThesisPractical/myros_ws/install/yolov8_msgs/share/yolov8_msgs/msg/KeyPoint2D.msg
-- Installing: /home/mihkel/School/ThesisPractical/myros_ws/install/yolov8_msgs/share/yolov8_msgs/msg/KeyPoint2DArray.msg
-- Installing: /home/mihkel/School/ThesisPractical/myros_ws/install/yolov8_msgs/share/yolov8_msgs/msg/KeyPoint3D.msg
-- Installing: /home/mihkel/School/ThesisPractical/myros_ws/install/yolov8_msgs/share/yolov8_msgs/msg/KeyPoint3DArray.msg
-- Installing: /home/mihkel/School/ThesisPractical/myros_ws/install/yolov8_msgs/share/yolov8_msgs/msg/Detection.msg
-- Installing: /home/mihkel/School/ThesisPractical/myros_ws/install/yolov8_msgs/share/yolov8_msgs/msg/DetectionArray.msg
-- Installing: /home/mihkel/School/ThesisPractical/myros_ws/install/yolov8_msgs/share/ament_index/resource_index/package_run_dependencies/yolov8_msgs
-- Installing: /home/mihkel/School/ThesisPractical/myros_ws/install/yolov8_msgs/share/ament_index/resource_index/parent_prefix_path/yolov8_msgs
-- Installing: /home/mihkel/School/ThesisPractical/myros_ws/install/yolov8_msgs/share/yolov8_msgs/environment/ament_prefix_path.sh
-- Installing: /home/mihkel/School/ThesisPractical/myros_ws/install/yolov8_msgs/share/yolov8_msgs/environment/ament_prefix_path.dsv
-- Installing: /home/mihkel/School/ThesisPractical/myros_ws/install/yolov8_msgs/share/yolov8_msgs/environment/path.sh
-- Installing: /home/mihkel/School/ThesisPractical/myros_ws/install/yolov8_msgs/share/yolov8_msgs/environment/path.dsv
-- Installing: /home/mihkel/School/ThesisPractical/myros_ws/install/yolov8_msgs/share/yolov8_msgs/local_setup.bash
-- Installing: /home/mihkel/School/ThesisPractical/myros_ws/install/yolov8_msgs/share/yolov8_msgs/local_setup.sh
-- Installing: /home/mihkel/School/ThesisPractical/myros_ws/install/yolov8_msgs/share/yolov8_msgs/local_setup.zsh
-- Installing: /home/mihkel/School/ThesisPractical/myros_ws/install/yolov8_msgs/share/yolov8_msgs/local_setup.dsv
-- Installing: /home/mihkel/School/ThesisPractical/myros_ws/install/yolov8_msgs/share/yolov8_msgs/package.dsv
-- Installing: /home/mihkel/School/ThesisPractical/myros_ws/install/yolov8_msgs/share/ament_index/resource_index/packages/yolov8_msgs
-- Installing: /home/mihkel/School/ThesisPractical/myros_ws/install/yolov8_msgs/share/yolov8_msgs/cmake/export_yolov8_msgs__rosidl_generator_cExport.cmake
-- Installing: /home/mihkel/School/ThesisPractical/myros_ws/install/yolov8_msgs/share/yolov8_msgs/cmake/export_yolov8_msgs__rosidl_generator_cExport-noconfig.cmake
-- Installing: /home/mihkel/School/ThesisPractical/myros_ws/install/yolov8_msgs/share/yolov8_msgs/cmake/export_yolov8_msgs__rosidl_typesupport_fastrtps_cExport.cmake
-- Installing: /home/mihkel/School/ThesisPractical/myros_ws/install/yolov8_msgs/share/yolov8_msgs/cmake/export_yolov8_msgs__rosidl_typesupport_fastrtps_cExport-noconfig.cmake
-- Installing: /home/mihkel/School/ThesisPractical/myros_ws/install/yolov8_msgs/share/yolov8_msgs/cmake/yolov8_msgs__rosidl_typesupport_introspection_cExport.cmake
-- Installing: /home/mihkel/School/ThesisPractical/myros_ws/install/yolov8_msgs/share/yolov8_msgs/cmake/yolov8_msgs__rosidl_typesupport_introspection_cExport-noconfig.cmake
-- Installing: /home/mihkel/School/ThesisPractical/myros_ws/install/yolov8_msgs/share/yolov8_msgs/cmake/yolov8_msgs__rosidl_typesupport_cExport.cmake
-- Installing: /home/mihkel/School/ThesisPractical/myros_ws/install/yolov8_msgs/share/yolov8_msgs/cmake/yolov8_msgs__rosidl_typesupport_cExport-noconfig.cmake
-- Installing: /home/mihkel/School/ThesisPractical/myros_ws/install/yolov8_msgs/share/yolov8_msgs/cmake/export_yolov8_msgs__rosidl_generator_cppExport.cmake
-- Installing: /home/mihkel/School/ThesisPractical/myros_ws/install/yolov8_msgs/share/yolov8_msgs/cmake/export_yolov8_msgs__rosidl_typesupport_fastrtps_cppExport.cmake
-- Installing: /home/mihkel/School/ThesisPractical/myros_ws/install/yolov8_msgs/share/yolov8_msgs/cmake/export_yolov8_msgs__rosidl_typesupport_fastrtps_cppExport-noconfig.cmake
-- Installing: /home/mihkel/School/ThesisPractical/myros_ws/install/yolov8_msgs/share/yolov8_msgs/cmake/yolov8_msgs__rosidl_typesupport_introspection_cppExport.cmake
-- Installing: /home/mihkel/School/ThesisPractical/myros_ws/install/yolov8_msgs/share/yolov8_msgs/cmake/yolov8_msgs__rosidl_typesupport_introspection_cppExport-noconfig.cmake
-- Installing: /home/mihkel/School/ThesisPractical/myros_ws/install/yolov8_msgs/share/yolov8_msgs/cmake/yolov8_msgs__rosidl_typesupport_cppExport.cmake
-- Installing: /home/mihkel/School/ThesisPractical/myros_ws/install/yolov8_msgs/share/yolov8_msgs/cmake/yolov8_msgs__rosidl_typesupport_cppExport-noconfig.cmake
-- Installing: /home/mihkel/School/ThesisPractical/myros_ws/install/yolov8_msgs/share/yolov8_msgs/cmake/export_yolov8_msgs__rosidl_generator_pyExport.cmake
-- Installing: /home/mihkel/School/ThesisPractical/myros_ws/install/yolov8_msgs/share/yolov8_msgs/cmake/export_yolov8_msgs__rosidl_generator_pyExport-noconfig.cmake
-- Installing: /home/mihkel/School/ThesisPractical/myros_ws/install/yolov8_msgs/share/yolov8_msgs/cmake/rosidl_cmake-extras.cmake
-- Installing: /home/mihkel/School/ThesisPractical/myros_ws/install/yolov8_msgs/share/yolov8_msgs/cmake/ament_cmake_export_dependencies-extras.cmake
-- Installing: /home/mihkel/School/ThesisPractical/myros_ws/install/yolov8_msgs/share/yolov8_msgs/cmake/ament_cmake_export_include_directories-extras.cmake
-- Installing: /home/mihkel/School/ThesisPractical/myros_ws/install/yolov8_msgs/share/yolov8_msgs/cmake/ament_cmake_export_libraries-extras.cmake
-- Installing: /home/mihkel/School/ThesisPractical/myros_ws/install/yolov8_msgs/share/yolov8_msgs/cmake/ament_cmake_export_targets-extras.cmake
-- Installing: /home/mihkel/School/ThesisPractical/myros_ws/install/yolov8_msgs/share/yolov8_msgs/cmake/rosidl_cmake_export_typesupport_targets-extras.cmake
-- Installing: /home/mihkel/School/ThesisPractical/myros_ws/install/yolov8_msgs/share/yolov8_msgs/cmake/rosidl_cmake_export_typesupport_libraries-extras.cmake
-- Installing: /home/mihkel/School/ThesisPractical/myros_ws/install/yolov8_msgs/share/yolov8_msgs/cmake/yolov8_msgsConfig.cmake
-- Installing: /home/mihkel/School/ThesisPractical/myros_ws/install/yolov8_msgs/share/yolov8_msgs/cmake/yolov8_msgsConfig-version.cmake
-- Installing: /home/mihkel/School/ThesisPractical/myros_ws/install/yolov8_msgs/share/yolov8_msgs/package.xml
