[3.765s] Invoking command in '/home/mihkel/School/ThesisPractical/myros_ws/build/yolov8_msgs': CMAKE_PREFIX_PATH=/opt/ros/humble /home/mihkel/.local/bin/cmake --build /home/mihkel/School/ThesisPractical/myros_ws/build/yolov8_msgs -- -j12 -l12
[3.917s] [  0%] Built target yolov8_msgs__cpp
[3.934s] [  0%] Built target ament_cmake_python_copy_yolov8_msgs
[3.947s] [ 12%] Built target yolov8_msgs__rosidl_generator_c
[4.021s] [ 24%] Built target yolov8_msgs__rosidl_typesupport_c
[4.034s] [ 36%] Built target yolov8_msgs__rosidl_typesupport_introspection_c
[4.040s] [ 48%] Built target yolov8_msgs__rosidl_typesupport_cpp
[4.057s] [ 60%] Built target yolov8_msgs__rosidl_typesupport_introspection_cpp
[4.060s] [ 71%] Built target yolov8_msgs__rosidl_typesupport_fastrtps_cpp
[4.079s] [ 83%] Built target yolov8_msgs__rosidl_typesupport_fastrtps_c
[4.106s] [ 83%] Built target yolov8_msgs
[4.137s] [ 84%] Built target yolov8_msgs__py
[4.227s] [ 95%] Built target yolov8_msgs__rosidl_generator_py
[4.270s] [ 96%] Built target yolov8_msgs__rosidl_typesupport_c__pyext
[4.277s] [ 98%] Built target yolov8_msgs__rosidl_typesupport_fastrtps_c__pyext
[4.283s] [100%] Built target yolov8_msgs__rosidl_typesupport_introspection_c__pyext
[5.087s] running egg_info
[5.185s] writing yolov8_msgs.egg-info/PKG-INFO
[5.186s] writing dependency_links to yolov8_msgs.egg-info/dependency_links.txt
[5.187s] writing top-level names to yolov8_msgs.egg-info/top_level.txt
[5.472s] reading manifest file 'yolov8_msgs.egg-info/SOURCES.txt'
[5.474s] writing manifest file 'yolov8_msgs.egg-info/SOURCES.txt'
[5.546s] [100%] Built target ament_cmake_python_build_yolov8_msgs_egg
[6.292s] Invoked command in '/home/mihkel/School/ThesisPractical/myros_ws/build/yolov8_msgs' returned '0': CMAKE_PREFIX_PATH=/opt/ros/humble /home/mihkel/.local/bin/cmake --build /home/mihkel/School/ThesisPractical/myros_ws/build/yolov8_msgs -- -j12 -l12
[7.644s] Invoking command in '/home/mihkel/School/ThesisPractical/myros_ws/build/yolov8_msgs': CMAKE_PREFIX_PATH=/opt/ros/humble /home/mihkel/.local/bin/cmake --install /home/mihkel/School/ThesisPractical/myros_ws/build/yolov8_msgs
[7.751s] -- Install configuration: ""
[7.752s] -- Installing: /home/mihkel/School/ThesisPractical/myros_ws/install/yolov8_msgs/share/ament_index/resource_index/rosidl_interfaces/yolov8_msgs
[7.752s] -- Installing: /home/mihkel/School/ThesisPractical/myros_ws/install/yolov8_msgs/include/yolov8_msgs/yolov8_msgs
[7.753s] -- Installing: /home/mihkel/School/ThesisPractical/myros_ws/install/yolov8_msgs/include/yolov8_msgs/yolov8_msgs/msg
[7.754s] -- Installing: /home/mihkel/School/ThesisPractical/myros_ws/install/yolov8_msgs/include/yolov8_msgs/yolov8_msgs/msg/detection.h
[7.754s] -- Installing: /home/mihkel/School/ThesisPractical/myros_ws/install/yolov8_msgs/include/yolov8_msgs/yolov8_msgs/msg/key_point3_d.h
[7.755s] -- Installing: /home/mihkel/School/ThesisPractical/myros_ws/install/yolov8_msgs/include/yolov8_msgs/yolov8_msgs/msg/key_point2_d_array.h
[7.756s] -- Installing: /home/mihkel/School/ThesisPractical/myros_ws/install/yolov8_msgs/include/yolov8_msgs/yolov8_msgs/msg/key_point3_d_array.h
[7.756s] -- Installing: /home/mihkel/School/ThesisPractical/myros_ws/install/yolov8_msgs/include/yolov8_msgs/yolov8_msgs/msg/rosidl_generator_c__visibility_control.h
[7.757s] -- Installing: /home/mihkel/School/ThesisPractical/myros_ws/install/yolov8_msgs/include/yolov8_msgs/yolov8_msgs/msg/bounding_box3_d.h
[7.757s] -- Installing: /home/mihkel/School/ThesisPractical/myros_ws/install/yolov8_msgs/include/yolov8_msgs/yolov8_msgs/msg/detail
[7.758s] -- Installing: /home/mihkel/School/ThesisPractical/myros_ws/install/yolov8_msgs/include/yolov8_msgs/yolov8_msgs/msg/detail/detection_array__type_support.h
[7.759s] -- Installing: /home/mihkel/School/ThesisPractical/myros_ws/install/yolov8_msgs/include/yolov8_msgs/yolov8_msgs/msg/detail/key_point3_d_array__functions.h
[7.759s] -- Installing: /home/mihkel/School/ThesisPractical/myros_ws/install/yolov8_msgs/include/yolov8_msgs/yolov8_msgs/msg/detail/detection__struct.h
[7.760s] -- Installing: /home/mihkel/School/ThesisPractical/myros_ws/install/yolov8_msgs/include/yolov8_msgs/yolov8_msgs/msg/detail/detection_array__functions.c
[7.760s] -- Installing: /home/mihkel/School/ThesisPractical/myros_ws/install/yolov8_msgs/include/yolov8_msgs/yolov8_msgs/msg/detail/key_point3_d__functions.c
[7.761s] -- Installing: /home/mihkel/School/ThesisPractical/myros_ws/install/yolov8_msgs/include/yolov8_msgs/yolov8_msgs/msg/detail/vector2__functions.h
[7.762s] -- Installing: /home/mihkel/School/ThesisPractical/myros_ws/install/yolov8_msgs/include/yolov8_msgs/yolov8_msgs/msg/detail/mask__functions.h
[7.762s] -- Installing: /home/mihkel/School/ThesisPractical/myros_ws/install/yolov8_msgs/include/yolov8_msgs/yolov8_msgs/msg/detail/key_point2_d__struct.h
[7.763s] -- Installing: /home/mihkel/School/ThesisPractical/myros_ws/install/yolov8_msgs/include/yolov8_msgs/yolov8_msgs/msg/detail/bounding_box2_d__struct.h
[7.763s] -- Installing: /home/mihkel/School/ThesisPractical/myros_ws/install/yolov8_msgs/include/yolov8_msgs/yolov8_msgs/msg/detail/pose2_d__functions.h
[7.764s] -- Installing: /home/mihkel/School/ThesisPractical/myros_ws/install/yolov8_msgs/include/yolov8_msgs/yolov8_msgs/msg/detail/mask__type_support.h
[7.765s] -- Installing: /home/mihkel/School/ThesisPractical/myros_ws/install/yolov8_msgs/include/yolov8_msgs/yolov8_msgs/msg/detail/vector2__struct.h
[7.765s] -- Installing: /home/mihkel/School/ThesisPractical/myros_ws/install/yolov8_msgs/include/yolov8_msgs/yolov8_msgs/msg/detail/vector2__type_support.h
[7.766s] -- Installing: /home/mihkel/School/ThesisPractical/myros_ws/install/yolov8_msgs/include/yolov8_msgs/yolov8_msgs/msg/detail/detection_array__functions.h
[7.767s] -- Installing: /home/mihkel/School/ThesisPractical/myros_ws/install/yolov8_msgs/include/yolov8_msgs/yolov8_msgs/msg/detail/key_point2_d__functions.c
[7.767s] -- Installing: /home/mihkel/School/ThesisPractical/myros_ws/install/yolov8_msgs/include/yolov8_msgs/yolov8_msgs/msg/detail/vector2__functions.c
[7.768s] -- Installing: /home/mihkel/School/ThesisPractical/myros_ws/install/yolov8_msgs/include/yolov8_msgs/yolov8_msgs/msg/detail/point2_d__struct.h
[7.769s] -- Installing: /home/mihkel/School/ThesisPractical/myros_ws/install/yolov8_msgs/include/yolov8_msgs/yolov8_msgs/msg/detail/pose2_d__struct.h
[7.769s] -- Installing: /home/mihkel/School/ThesisPractical/myros_ws/install/yolov8_msgs/include/yolov8_msgs/yolov8_msgs/msg/detail/point2_d__functions.c
[7.770s] -- Installing: /home/mihkel/School/ThesisPractical/myros_ws/install/yolov8_msgs/include/yolov8_msgs/yolov8_msgs/msg/detail/detection__functions.h
[7.770s] -- Installing: /home/mihkel/School/ThesisPractical/myros_ws/install/yolov8_msgs/include/yolov8_msgs/yolov8_msgs/msg/detail/bounding_box2_d__functions.c
[7.771s] -- Installing: /home/mihkel/School/ThesisPractical/myros_ws/install/yolov8_msgs/include/yolov8_msgs/yolov8_msgs/msg/detail/key_point3_d__functions.h
[7.772s] -- Installing: /home/mihkel/School/ThesisPractical/myros_ws/install/yolov8_msgs/include/yolov8_msgs/yolov8_msgs/msg/detail/bounding_box3_d__functions.c
[7.772s] -- Installing: /home/mihkel/School/ThesisPractical/myros_ws/install/yolov8_msgs/include/yolov8_msgs/yolov8_msgs/msg/detail/key_point2_d_array__struct.h
[7.773s] -- Installing: /home/mihkel/School/ThesisPractical/myros_ws/install/yolov8_msgs/include/yolov8_msgs/yolov8_msgs/msg/detail/mask__functions.c
[7.773s] -- Installing: /home/mihkel/School/ThesisPractical/myros_ws/install/yolov8_msgs/include/yolov8_msgs/yolov8_msgs/msg/detail/key_point2_d__type_support.h
[7.774s] -- Installing: /home/mihkel/School/ThesisPractical/myros_ws/install/yolov8_msgs/include/yolov8_msgs/yolov8_msgs/msg/detail/key_point2_d_array__functions.h
[7.775s] -- Installing: /home/mihkel/School/ThesisPractical/myros_ws/install/yolov8_msgs/include/yolov8_msgs/yolov8_msgs/msg/detail/bounding_box3_d__functions.h
[7.775s] -- Installing: /home/mihkel/School/ThesisPractical/myros_ws/install/yolov8_msgs/include/yolov8_msgs/yolov8_msgs/msg/detail/bounding_box2_d__type_support.h
[7.776s] -- Installing: /home/mihkel/School/ThesisPractical/myros_ws/install/yolov8_msgs/include/yolov8_msgs/yolov8_msgs/msg/detail/bounding_box2_d__functions.h
[7.776s] -- Installing: /home/mihkel/School/ThesisPractical/myros_ws/install/yolov8_msgs/include/yolov8_msgs/yolov8_msgs/msg/detail/pose2_d__type_support.h
[7.777s] -- Installing: /home/mihkel/School/ThesisPractical/myros_ws/install/yolov8_msgs/include/yolov8_msgs/yolov8_msgs/msg/detail/bounding_box3_d__struct.h
[7.778s] -- Installing: /home/mihkel/School/ThesisPractical/myros_ws/install/yolov8_msgs/include/yolov8_msgs/yolov8_msgs/msg/detail/point2_d__functions.h
[7.778s] -- Installing: /home/mihkel/School/ThesisPractical/myros_ws/install/yolov8_msgs/include/yolov8_msgs/yolov8_msgs/msg/detail/key_point3_d_array__struct.h
[7.779s] -- Installing: /home/mihkel/School/ThesisPractical/myros_ws/install/yolov8_msgs/include/yolov8_msgs/yolov8_msgs/msg/detail/point2_d__type_support.h
[7.779s] -- Installing: /home/mihkel/School/ThesisPractical/myros_ws/install/yolov8_msgs/include/yolov8_msgs/yolov8_msgs/msg/detail/detection__type_support.h
[7.780s] -- Installing: /home/mihkel/School/ThesisPractical/myros_ws/install/yolov8_msgs/include/yolov8_msgs/yolov8_msgs/msg/detail/bounding_box3_d__type_support.h
[7.780s] -- Installing: /home/mihkel/School/ThesisPractical/myros_ws/install/yolov8_msgs/include/yolov8_msgs/yolov8_msgs/msg/detail/key_point2_d_array__functions.c
[7.781s] -- Installing: /home/mihkel/School/ThesisPractical/myros_ws/install/yolov8_msgs/include/yolov8_msgs/yolov8_msgs/msg/detail/key_point3_d__struct.h
[7.781s] -- Installing: /home/mihkel/School/ThesisPractical/myros_ws/install/yolov8_msgs/include/yolov8_msgs/yolov8_msgs/msg/detail/mask__struct.h
[7.782s] -- Installing: /home/mihkel/School/ThesisPractical/myros_ws/install/yolov8_msgs/include/yolov8_msgs/yolov8_msgs/msg/detail/key_point3_d_array__functions.c
[7.783s] -- Installing: /home/mihkel/School/ThesisPractical/myros_ws/install/yolov8_msgs/include/yolov8_msgs/yolov8_msgs/msg/detail/detection_array__struct.h
[7.783s] -- Installing: /home/mihkel/School/ThesisPractical/myros_ws/install/yolov8_msgs/include/yolov8_msgs/yolov8_msgs/msg/detail/key_point2_d_array__type_support.h
[7.784s] -- Installing: /home/mihkel/School/ThesisPractical/myros_ws/install/yolov8_msgs/include/yolov8_msgs/yolov8_msgs/msg/detail/pose2_d__functions.c
[7.785s] -- Installing: /home/mihkel/School/ThesisPractical/myros_ws/install/yolov8_msgs/include/yolov8_msgs/yolov8_msgs/msg/detail/key_point3_d_array__type_support.h
[7.785s] -- Installing: /home/mihkel/School/ThesisPractical/myros_ws/install/yolov8_msgs/include/yolov8_msgs/yolov8_msgs/msg/detail/detection__functions.c
[7.786s] -- Installing: /home/mihkel/School/ThesisPractical/myros_ws/install/yolov8_msgs/include/yolov8_msgs/yolov8_msgs/msg/detail/key_point3_d__type_support.h
[7.786s] -- Installing: /home/mihkel/School/ThesisPractical/myros_ws/install/yolov8_msgs/include/yolov8_msgs/yolov8_msgs/msg/detail/key_point2_d__functions.h
[7.787s] -- Installing: /home/mihkel/School/ThesisPractical/myros_ws/install/yolov8_msgs/include/yolov8_msgs/yolov8_msgs/msg/vector2.h
[7.788s] -- Installing: /home/mihkel/School/ThesisPractical/myros_ws/install/yolov8_msgs/include/yolov8_msgs/yolov8_msgs/msg/detection_array.h
[7.788s] -- Installing: /home/mihkel/School/ThesisPractical/myros_ws/install/yolov8_msgs/include/yolov8_msgs/yolov8_msgs/msg/point2_d.h
[7.789s] -- Installing: /home/mihkel/School/ThesisPractical/myros_ws/install/yolov8_msgs/include/yolov8_msgs/yolov8_msgs/msg/pose2_d.h
[7.789s] -- Installing: /home/mihkel/School/ThesisPractical/myros_ws/install/yolov8_msgs/include/yolov8_msgs/yolov8_msgs/msg/mask.h
[7.790s] -- Installing: /home/mihkel/School/ThesisPractical/myros_ws/install/yolov8_msgs/include/yolov8_msgs/yolov8_msgs/msg/bounding_box2_d.h
[7.791s] -- Installing: /home/mihkel/School/ThesisPractical/myros_ws/install/yolov8_msgs/include/yolov8_msgs/yolov8_msgs/msg/key_point2_d.h
[7.791s] -- Installing: /home/mihkel/School/ThesisPractical/myros_ws/install/yolov8_msgs/share/yolov8_msgs/environment/library_path.sh
[7.792s] -- Installing: /home/mihkel/School/ThesisPractical/myros_ws/install/yolov8_msgs/share/yolov8_msgs/environment/library_path.dsv
[7.793s] -- Installing: /home/mihkel/School/ThesisPractical/myros_ws/install/yolov8_msgs/lib/libyolov8_msgs__rosidl_generator_c.so
[7.793s] -- Set non-toolchain portion of runtime path of "/home/mihkel/School/ThesisPractical/myros_ws/install/yolov8_msgs/lib/libyolov8_msgs__rosidl_generator_c.so" to ""
[7.794s] -- Up-to-date: /home/mihkel/School/ThesisPractical/myros_ws/install/yolov8_msgs/include/yolov8_msgs/yolov8_msgs
[7.794s] -- Up-to-date: /home/mihkel/School/ThesisPractical/myros_ws/install/yolov8_msgs/include/yolov8_msgs/yolov8_msgs/msg
[7.795s] -- Up-to-date: /home/mihkel/School/ThesisPractical/myros_ws/install/yolov8_msgs/include/yolov8_msgs/yolov8_msgs/msg/detail
[7.796s] -- Installing: /home/mihkel/School/ThesisPractical/myros_ws/install/yolov8_msgs/include/yolov8_msgs/yolov8_msgs/msg/detail/key_point2_d__rosidl_typesupport_fastrtps_c.h
[7.796s] -- Installing: /home/mihkel/School/ThesisPractical/myros_ws/install/yolov8_msgs/include/yolov8_msgs/yolov8_msgs/msg/detail/mask__rosidl_typesupport_fastrtps_c.h
[7.797s] -- Installing: /home/mihkel/School/ThesisPractical/myros_ws/install/yolov8_msgs/include/yolov8_msgs/yolov8_msgs/msg/detail/bounding_box3_d__rosidl_typesupport_fastrtps_c.h
[7.797s] -- Installing: /home/mihkel/School/ThesisPractical/myros_ws/install/yolov8_msgs/include/yolov8_msgs/yolov8_msgs/msg/detail/key_point2_d_array__rosidl_typesupport_fastrtps_c.h
[7.798s] -- Installing: /home/mihkel/School/ThesisPractical/myros_ws/install/yolov8_msgs/include/yolov8_msgs/yolov8_msgs/msg/detail/pose2_d__rosidl_typesupport_fastrtps_c.h
[7.799s] -- Installing: /home/mihkel/School/ThesisPractical/myros_ws/install/yolov8_msgs/include/yolov8_msgs/yolov8_msgs/msg/detail/key_point3_d__rosidl_typesupport_fastrtps_c.h
[7.799s] -- Installing: /home/mihkel/School/ThesisPractical/myros_ws/install/yolov8_msgs/include/yolov8_msgs/yolov8_msgs/msg/detail/point2_d__rosidl_typesupport_fastrtps_c.h
[7.800s] -- Installing: /home/mihkel/School/ThesisPractical/myros_ws/install/yolov8_msgs/include/yolov8_msgs/yolov8_msgs/msg/detail/bounding_box2_d__rosidl_typesupport_fastrtps_c.h
[7.800s] -- Installing: /home/mihkel/School/ThesisPractical/myros_ws/install/yolov8_msgs/include/yolov8_msgs/yolov8_msgs/msg/detail/vector2__rosidl_typesupport_fastrtps_c.h
[7.801s] -- Installing: /home/mihkel/School/ThesisPractical/myros_ws/install/yolov8_msgs/include/yolov8_msgs/yolov8_msgs/msg/detail/detection__rosidl_typesupport_fastrtps_c.h
[7.801s] -- Installing: /home/mihkel/School/ThesisPractical/myros_ws/install/yolov8_msgs/include/yolov8_msgs/yolov8_msgs/msg/detail/detection_array__rosidl_typesupport_fastrtps_c.h
[7.802s] -- Installing: /home/mihkel/School/ThesisPractical/myros_ws/install/yolov8_msgs/include/yolov8_msgs/yolov8_msgs/msg/detail/key_point3_d_array__rosidl_typesupport_fastrtps_c.h
[7.802s] -- Installing: /home/mihkel/School/ThesisPractical/myros_ws/install/yolov8_msgs/include/yolov8_msgs/yolov8_msgs/msg/rosidl_typesupport_fastrtps_c__visibility_control.h
[7.803s] -- Installing: /home/mihkel/School/ThesisPractical/myros_ws/install/yolov8_msgs/lib/libyolov8_msgs__rosidl_typesupport_fastrtps_c.so
[7.804s] -- Set non-toolchain portion of runtime path of "/home/mihkel/School/ThesisPractical/myros_ws/install/yolov8_msgs/lib/libyolov8_msgs__rosidl_typesupport_fastrtps_c.so" to ""
[7.804s] -- Up-to-date: /home/mihkel/School/ThesisPractical/myros_ws/install/yolov8_msgs/include/yolov8_msgs/yolov8_msgs
[7.805s] -- Up-to-date: /home/mihkel/School/ThesisPractical/myros_ws/install/yolov8_msgs/include/yolov8_msgs/yolov8_msgs/msg
[7.805s] -- Up-to-date: /home/mihkel/School/ThesisPractical/myros_ws/install/yolov8_msgs/include/yolov8_msgs/yolov8_msgs/msg/detail
[7.806s] -- Installing: /home/mihkel/School/ThesisPractical/myros_ws/install/yolov8_msgs/include/yolov8_msgs/yolov8_msgs/msg/detail/detection_array__type_support.c
[7.806s] -- Installing: /home/mihkel/School/ThesisPractical/myros_ws/install/yolov8_msgs/include/yolov8_msgs/yolov8_msgs/msg/detail/key_point3_d__rosidl_typesupport_introspection_c.h
[7.807s] -- Installing: /home/mihkel/School/ThesisPractical/myros_ws/install/yolov8_msgs/include/yolov8_msgs/yolov8_msgs/msg/detail/detection__rosidl_typesupport_introspection_c.h
[7.808s] -- Installing: /home/mihkel/School/ThesisPractical/myros_ws/install/yolov8_msgs/include/yolov8_msgs/yolov8_msgs/msg/detail/vector2__type_support.c
[7.808s] -- Installing: /home/mihkel/School/ThesisPractical/myros_ws/install/yolov8_msgs/include/yolov8_msgs/yolov8_msgs/msg/detail/bounding_box2_d__type_support.c
[7.809s] -- Installing: /home/mihkel/School/ThesisPractical/myros_ws/install/yolov8_msgs/include/yolov8_msgs/yolov8_msgs/msg/detail/bounding_box3_d__rosidl_typesupport_introspection_c.h
[7.809s] -- Installing: /home/mihkel/School/ThesisPractical/myros_ws/install/yolov8_msgs/include/yolov8_msgs/yolov8_msgs/msg/detail/detection_array__rosidl_typesupport_introspection_c.h
[7.810s] -- Installing: /home/mihkel/School/ThesisPractical/myros_ws/install/yolov8_msgs/include/yolov8_msgs/yolov8_msgs/msg/detail/bounding_box3_d__type_support.c
[7.811s] -- Installing: /home/mihkel/School/ThesisPractical/myros_ws/install/yolov8_msgs/include/yolov8_msgs/yolov8_msgs/msg/detail/key_point3_d_array__type_support.c
[7.811s] -- Installing: /home/mihkel/School/ThesisPractical/myros_ws/install/yolov8_msgs/include/yolov8_msgs/yolov8_msgs/msg/detail/key_point3_d__type_support.c
[7.812s] -- Installing: /home/mihkel/School/ThesisPractical/myros_ws/install/yolov8_msgs/include/yolov8_msgs/yolov8_msgs/msg/detail/mask__rosidl_typesupport_introspection_c.h
[7.812s] -- Installing: /home/mihkel/School/ThesisPractical/myros_ws/install/yolov8_msgs/include/yolov8_msgs/yolov8_msgs/msg/detail/bounding_box2_d__rosidl_typesupport_introspection_c.h
[7.813s] -- Installing: /home/mihkel/School/ThesisPractical/myros_ws/install/yolov8_msgs/include/yolov8_msgs/yolov8_msgs/msg/detail/pose2_d__rosidl_typesupport_introspection_c.h
[7.814s] -- Installing: /home/mihkel/School/ThesisPractical/myros_ws/install/yolov8_msgs/include/yolov8_msgs/yolov8_msgs/msg/detail/key_point2_d_array__rosidl_typesupport_introspection_c.h
[7.814s] -- Installing: /home/mihkel/School/ThesisPractical/myros_ws/install/yolov8_msgs/include/yolov8_msgs/yolov8_msgs/msg/detail/mask__type_support.c
[7.815s] -- Installing: /home/mihkel/School/ThesisPractical/myros_ws/install/yolov8_msgs/include/yolov8_msgs/yolov8_msgs/msg/detail/pose2_d__type_support.c
[7.815s] -- Installing: /home/mihkel/School/ThesisPractical/myros_ws/install/yolov8_msgs/include/yolov8_msgs/yolov8_msgs/msg/detail/point2_d__type_support.c
[7.816s] -- Installing: /home/mihkel/School/ThesisPractical/myros_ws/install/yolov8_msgs/include/yolov8_msgs/yolov8_msgs/msg/detail/point2_d__rosidl_typesupport_introspection_c.h
[7.817s] -- Installing: /home/mihkel/School/ThesisPractical/myros_ws/install/yolov8_msgs/include/yolov8_msgs/yolov8_msgs/msg/detail/key_point2_d__type_support.c
[7.817s] -- Installing: /home/mihkel/School/ThesisPractical/myros_ws/install/yolov8_msgs/include/yolov8_msgs/yolov8_msgs/msg/detail/key_point2_d_array__type_support.c
[7.818s] -- Installing: /home/mihkel/School/ThesisPractical/myros_ws/install/yolov8_msgs/include/yolov8_msgs/yolov8_msgs/msg/detail/vector2__rosidl_typesupport_introspection_c.h
[7.818s] -- Installing: /home/mihkel/School/ThesisPractical/myros_ws/install/yolov8_msgs/include/yolov8_msgs/yolov8_msgs/msg/detail/detection__type_support.c
[7.819s] -- Installing: /home/mihkel/School/ThesisPractical/myros_ws/install/yolov8_msgs/include/yolov8_msgs/yolov8_msgs/msg/detail/key_point2_d__rosidl_typesupport_introspection_c.h
[7.820s] -- Installing: /home/mihkel/School/ThesisPractical/myros_ws/install/yolov8_msgs/include/yolov8_msgs/yolov8_msgs/msg/detail/key_point3_d_array__rosidl_typesupport_introspection_c.h
[7.820s] -- Installing: /home/mihkel/School/ThesisPractical/myros_ws/install/yolov8_msgs/include/yolov8_msgs/yolov8_msgs/msg/rosidl_typesupport_introspection_c__visibility_control.h
[7.821s] -- Installing: /home/mihkel/School/ThesisPractical/myros_ws/install/yolov8_msgs/lib/libyolov8_msgs__rosidl_typesupport_introspection_c.so
[7.822s] -- Set non-toolchain portion of runtime path of "/home/mihkel/School/ThesisPractical/myros_ws/install/yolov8_msgs/lib/libyolov8_msgs__rosidl_typesupport_introspection_c.so" to ""
[7.822s] -- Installing: /home/mihkel/School/ThesisPractical/myros_ws/install/yolov8_msgs/lib/libyolov8_msgs__rosidl_typesupport_c.so
[7.823s] -- Set non-toolchain portion of runtime path of "/home/mihkel/School/ThesisPractical/myros_ws/install/yolov8_msgs/lib/libyolov8_msgs__rosidl_typesupport_c.so" to ""
[7.823s] -- Up-to-date: /home/mihkel/School/ThesisPractical/myros_ws/install/yolov8_msgs/include/yolov8_msgs/yolov8_msgs
[7.824s] -- Up-to-date: /home/mihkel/School/ThesisPractical/myros_ws/install/yolov8_msgs/include/yolov8_msgs/yolov8_msgs/msg
[7.824s] -- Installing: /home/mihkel/School/ThesisPractical/myros_ws/install/yolov8_msgs/include/yolov8_msgs/yolov8_msgs/msg/point2_d.hpp
[7.825s] -- Installing: /home/mihkel/School/ThesisPractical/myros_ws/install/yolov8_msgs/include/yolov8_msgs/yolov8_msgs/msg/key_point2_d_array.hpp
[7.826s] -- Installing: /home/mihkel/School/ThesisPractical/myros_ws/install/yolov8_msgs/include/yolov8_msgs/yolov8_msgs/msg/pose2_d.hpp
[7.826s] -- Up-to-date: /home/mihkel/School/ThesisPractical/myros_ws/install/yolov8_msgs/include/yolov8_msgs/yolov8_msgs/msg/detail
[7.827s] -- Installing: /home/mihkel/School/ThesisPractical/myros_ws/install/yolov8_msgs/include/yolov8_msgs/yolov8_msgs/msg/detail/detection__traits.hpp
[7.827s] -- Installing: /home/mihkel/School/ThesisPractical/myros_ws/install/yolov8_msgs/include/yolov8_msgs/yolov8_msgs/msg/detail/bounding_box3_d__struct.hpp
[7.828s] -- Installing: /home/mihkel/School/ThesisPractical/myros_ws/install/yolov8_msgs/include/yolov8_msgs/yolov8_msgs/msg/detail/key_point3_d_array__traits.hpp
[7.829s] -- Installing: /home/mihkel/School/ThesisPractical/myros_ws/install/yolov8_msgs/include/yolov8_msgs/yolov8_msgs/msg/detail/detection_array__traits.hpp
[7.829s] -- Installing: /home/mihkel/School/ThesisPractical/myros_ws/install/yolov8_msgs/include/yolov8_msgs/yolov8_msgs/msg/detail/point2_d__struct.hpp
[7.830s] -- Installing: /home/mihkel/School/ThesisPractical/myros_ws/install/yolov8_msgs/include/yolov8_msgs/yolov8_msgs/msg/detail/detection_array__struct.hpp
[7.830s] -- Installing: /home/mihkel/School/ThesisPractical/myros_ws/install/yolov8_msgs/include/yolov8_msgs/yolov8_msgs/msg/detail/bounding_box2_d__traits.hpp
[7.831s] -- Installing: /home/mihkel/School/ThesisPractical/myros_ws/install/yolov8_msgs/include/yolov8_msgs/yolov8_msgs/msg/detail/bounding_box3_d__traits.hpp
[7.831s] -- Installing: /home/mihkel/School/ThesisPractical/myros_ws/install/yolov8_msgs/include/yolov8_msgs/yolov8_msgs/msg/detail/key_point2_d_array__traits.hpp
[7.832s] -- Installing: /home/mihkel/School/ThesisPractical/myros_ws/install/yolov8_msgs/include/yolov8_msgs/yolov8_msgs/msg/detail/mask__builder.hpp
[7.833s] -- Installing: /home/mihkel/School/ThesisPractical/myros_ws/install/yolov8_msgs/include/yolov8_msgs/yolov8_msgs/msg/detail/key_point2_d_array__struct.hpp
[7.833s] -- Installing: /home/mihkel/School/ThesisPractical/myros_ws/install/yolov8_msgs/include/yolov8_msgs/yolov8_msgs/msg/detail/key_point2_d_array__builder.hpp
[7.834s] -- Installing: /home/mihkel/School/ThesisPractical/myros_ws/install/yolov8_msgs/include/yolov8_msgs/yolov8_msgs/msg/detail/bounding_box2_d__builder.hpp
[7.834s] -- Installing: /home/mihkel/School/ThesisPractical/myros_ws/install/yolov8_msgs/include/yolov8_msgs/yolov8_msgs/msg/detail/key_point3_d_array__struct.hpp
[7.835s] -- Installing: /home/mihkel/School/ThesisPractical/myros_ws/install/yolov8_msgs/include/yolov8_msgs/yolov8_msgs/msg/detail/key_point3_d_array__builder.hpp
[7.836s] -- Installing: /home/mihkel/School/ThesisPractical/myros_ws/install/yolov8_msgs/include/yolov8_msgs/yolov8_msgs/msg/detail/point2_d__traits.hpp
[7.836s] -- Installing: /home/mihkel/School/ThesisPractical/myros_ws/install/yolov8_msgs/include/yolov8_msgs/yolov8_msgs/msg/detail/detection__struct.hpp
[7.837s] -- Installing: /home/mihkel/School/ThesisPractical/myros_ws/install/yolov8_msgs/include/yolov8_msgs/yolov8_msgs/msg/detail/vector2__struct.hpp
[7.837s] -- Installing: /home/mihkel/School/ThesisPractical/myros_ws/install/yolov8_msgs/include/yolov8_msgs/yolov8_msgs/msg/detail/key_point2_d__builder.hpp
[7.838s] -- Installing: /home/mihkel/School/ThesisPractical/myros_ws/install/yolov8_msgs/include/yolov8_msgs/yolov8_msgs/msg/detail/key_point3_d__traits.hpp
[7.839s] -- Installing: /home/mihkel/School/ThesisPractical/myros_ws/install/yolov8_msgs/include/yolov8_msgs/yolov8_msgs/msg/detail/key_point3_d__builder.hpp
[7.839s] -- Installing: /home/mihkel/School/ThesisPractical/myros_ws/install/yolov8_msgs/include/yolov8_msgs/yolov8_msgs/msg/detail/detection__builder.hpp
[7.840s] -- Installing: /home/mihkel/School/ThesisPractical/myros_ws/install/yolov8_msgs/include/yolov8_msgs/yolov8_msgs/msg/detail/pose2_d__builder.hpp
[7.840s] -- Installing: /home/mihkel/School/ThesisPractical/myros_ws/install/yolov8_msgs/include/yolov8_msgs/yolov8_msgs/msg/detail/mask__traits.hpp
[7.842s] -- Installing: /home/mihkel/School/ThesisPractical/myros_ws/install/yolov8_msgs/include/yolov8_msgs/yolov8_msgs/msg/detail/pose2_d__struct.hpp
[7.842s] -- Installing: /home/mihkel/School/ThesisPractical/myros_ws/install/yolov8_msgs/include/yolov8_msgs/yolov8_msgs/msg/detail/key_point2_d__traits.hpp
[7.843s] -- Installing: /home/mihkel/School/ThesisPractical/myros_ws/install/yolov8_msgs/include/yolov8_msgs/yolov8_msgs/msg/detail/bounding_box2_d__struct.hpp
[7.843s] -- Installing: /home/mihkel/School/ThesisPractical/myros_ws/install/yolov8_msgs/include/yolov8_msgs/yolov8_msgs/msg/detail/vector2__traits.hpp
[7.844s] -- Installing: /home/mihkel/School/ThesisPractical/myros_ws/install/yolov8_msgs/include/yolov8_msgs/yolov8_msgs/msg/detail/bounding_box3_d__builder.hpp
[7.844s] -- Installing: /home/mihkel/School/ThesisPractical/myros_ws/install/yolov8_msgs/include/yolov8_msgs/yolov8_msgs/msg/detail/vector2__builder.hpp
[7.845s] -- Installing: /home/mihkel/School/ThesisPractical/myros_ws/install/yolov8_msgs/include/yolov8_msgs/yolov8_msgs/msg/detail/detection_array__builder.hpp
[7.845s] -- Installing: /home/mihkel/School/ThesisPractical/myros_ws/install/yolov8_msgs/include/yolov8_msgs/yolov8_msgs/msg/detail/pose2_d__traits.hpp
[7.846s] -- Installing: /home/mihkel/School/ThesisPractical/myros_ws/install/yolov8_msgs/include/yolov8_msgs/yolov8_msgs/msg/detail/point2_d__builder.hpp
[7.846s] -- Installing: /home/mihkel/School/ThesisPractical/myros_ws/install/yolov8_msgs/include/yolov8_msgs/yolov8_msgs/msg/detail/mask__struct.hpp
[7.847s] -- Installing: /home/mihkel/School/ThesisPractical/myros_ws/install/yolov8_msgs/include/yolov8_msgs/yolov8_msgs/msg/detail/key_point2_d__struct.hpp
[7.848s] -- Installing: /home/mihkel/School/ThesisPractical/myros_ws/install/yolov8_msgs/include/yolov8_msgs/yolov8_msgs/msg/detail/key_point3_d__struct.hpp
[7.849s] -- Installing: /home/mihkel/School/ThesisPractical/myros_ws/install/yolov8_msgs/include/yolov8_msgs/yolov8_msgs/msg/vector2.hpp
[7.849s] -- Installing: /home/mihkel/School/ThesisPractical/myros_ws/install/yolov8_msgs/include/yolov8_msgs/yolov8_msgs/msg/mask.hpp
[7.850s] -- Installing: /home/mihkel/School/ThesisPractical/myros_ws/install/yolov8_msgs/include/yolov8_msgs/yolov8_msgs/msg/bounding_box3_d.hpp
[7.851s] -- Installing: /home/mihkel/School/ThesisPractical/myros_ws/install/yolov8_msgs/include/yolov8_msgs/yolov8_msgs/msg/detection_array.hpp
[7.851s] -- Installing: /home/mihkel/School/ThesisPractical/myros_ws/install/yolov8_msgs/include/yolov8_msgs/yolov8_msgs/msg/key_point3_d_array.hpp
[7.852s] -- Installing: /home/mihkel/School/ThesisPractical/myros_ws/install/yolov8_msgs/include/yolov8_msgs/yolov8_msgs/msg/key_point2_d.hpp
[7.853s] -- Installing: /home/mihkel/School/ThesisPractical/myros_ws/install/yolov8_msgs/include/yolov8_msgs/yolov8_msgs/msg/detection.hpp
[7.853s] -- Installing: /home/mihkel/School/ThesisPractical/myros_ws/install/yolov8_msgs/include/yolov8_msgs/yolov8_msgs/msg/bounding_box2_d.hpp
[7.854s] -- Installing: /home/mihkel/School/ThesisPractical/myros_ws/install/yolov8_msgs/include/yolov8_msgs/yolov8_msgs/msg/key_point3_d.hpp
[7.854s] -- Up-to-date: /home/mihkel/School/ThesisPractical/myros_ws/install/yolov8_msgs/include/yolov8_msgs/yolov8_msgs
[7.855s] -- Up-to-date: /home/mihkel/School/ThesisPractical/myros_ws/install/yolov8_msgs/include/yolov8_msgs/yolov8_msgs/msg
[7.856s] -- Up-to-date: /home/mihkel/School/ThesisPractical/myros_ws/install/yolov8_msgs/include/yolov8_msgs/yolov8_msgs/msg/detail
[7.857s] -- Installing: /home/mihkel/School/ThesisPractical/myros_ws/install/yolov8_msgs/include/yolov8_msgs/yolov8_msgs/msg/detail/bounding_box2_d__rosidl_typesupport_fastrtps_cpp.hpp
[7.857s] -- Installing: /home/mihkel/School/ThesisPractical/myros_ws/install/yolov8_msgs/include/yolov8_msgs/yolov8_msgs/msg/detail/dds_fastrtps
[7.858s] -- Installing: /home/mihkel/School/ThesisPractical/myros_ws/install/yolov8_msgs/include/yolov8_msgs/yolov8_msgs/msg/detail/bounding_box3_d__rosidl_typesupport_fastrtps_cpp.hpp
[7.859s] -- Installing: /home/mihkel/School/ThesisPractical/myros_ws/install/yolov8_msgs/include/yolov8_msgs/yolov8_msgs/msg/detail/vector2__rosidl_typesupport_fastrtps_cpp.hpp
[7.859s] -- Installing: /home/mihkel/School/ThesisPractical/myros_ws/install/yolov8_msgs/include/yolov8_msgs/yolov8_msgs/msg/detail/key_point2_d__rosidl_typesupport_fastrtps_cpp.hpp
[7.860s] -- Installing: /home/mihkel/School/ThesisPractical/myros_ws/install/yolov8_msgs/include/yolov8_msgs/yolov8_msgs/msg/detail/key_point3_d_array__rosidl_typesupport_fastrtps_cpp.hpp
[7.860s] -- Installing: /home/mihkel/School/ThesisPractical/myros_ws/install/yolov8_msgs/include/yolov8_msgs/yolov8_msgs/msg/detail/point2_d__rosidl_typesupport_fastrtps_cpp.hpp
[7.862s] -- Installing: /home/mihkel/School/ThesisPractical/myros_ws/install/yolov8_msgs/include/yolov8_msgs/yolov8_msgs/msg/detail/pose2_d__rosidl_typesupport_fastrtps_cpp.hpp
[7.862s] -- Installing: /home/mihkel/School/ThesisPractical/myros_ws/install/yolov8_msgs/include/yolov8_msgs/yolov8_msgs/msg/detail/detection_array__rosidl_typesupport_fastrtps_cpp.hpp
[7.863s] -- Installing: /home/mihkel/School/ThesisPractical/myros_ws/install/yolov8_msgs/include/yolov8_msgs/yolov8_msgs/msg/detail/key_point3_d__rosidl_typesupport_fastrtps_cpp.hpp
[7.863s] -- Installing: /home/mihkel/School/ThesisPractical/myros_ws/install/yolov8_msgs/include/yolov8_msgs/yolov8_msgs/msg/detail/detection__rosidl_typesupport_fastrtps_cpp.hpp
[7.864s] -- Installing: /home/mihkel/School/ThesisPractical/myros_ws/install/yolov8_msgs/include/yolov8_msgs/yolov8_msgs/msg/detail/mask__rosidl_typesupport_fastrtps_cpp.hpp
[7.865s] -- Installing: /home/mihkel/School/ThesisPractical/myros_ws/install/yolov8_msgs/include/yolov8_msgs/yolov8_msgs/msg/detail/key_point2_d_array__rosidl_typesupport_fastrtps_cpp.hpp
[7.866s] -- Installing: /home/mihkel/School/ThesisPractical/myros_ws/install/yolov8_msgs/include/yolov8_msgs/yolov8_msgs/msg/rosidl_typesupport_fastrtps_cpp__visibility_control.h
[7.867s] -- Installing: /home/mihkel/School/ThesisPractical/myros_ws/install/yolov8_msgs/lib/libyolov8_msgs__rosidl_typesupport_fastrtps_cpp.so
[7.867s] -- Set non-toolchain portion of runtime path of "/home/mihkel/School/ThesisPractical/myros_ws/install/yolov8_msgs/lib/libyolov8_msgs__rosidl_typesupport_fastrtps_cpp.so" to ""
[7.868s] -- Up-to-date: /home/mihkel/School/ThesisPractical/myros_ws/install/yolov8_msgs/include/yolov8_msgs/yolov8_msgs
[7.869s] -- Up-to-date: /home/mihkel/School/ThesisPractical/myros_ws/install/yolov8_msgs/include/yolov8_msgs/yolov8_msgs/msg
[7.870s] -- Up-to-date: /home/mihkel/School/ThesisPractical/myros_ws/install/yolov8_msgs/include/yolov8_msgs/yolov8_msgs/msg/detail
[7.870s] -- Installing: /home/mihkel/School/ThesisPractical/myros_ws/install/yolov8_msgs/include/yolov8_msgs/yolov8_msgs/msg/detail/key_point2_d_array__rosidl_typesupport_introspection_cpp.hpp
[7.872s] -- Installing: /home/mihkel/School/ThesisPractical/myros_ws/install/yolov8_msgs/include/yolov8_msgs/yolov8_msgs/msg/detail/mask__type_support.cpp
[7.872s] -- Installing: /home/mihkel/School/ThesisPractical/myros_ws/install/yolov8_msgs/include/yolov8_msgs/yolov8_msgs/msg/detail/key_point2_d__type_support.cpp
[7.873s] -- Installing: /home/mihkel/School/ThesisPractical/myros_ws/install/yolov8_msgs/include/yolov8_msgs/yolov8_msgs/msg/detail/key_point2_d__rosidl_typesupport_introspection_cpp.hpp
[7.873s] -- Installing: /home/mihkel/School/ThesisPractical/myros_ws/install/yolov8_msgs/include/yolov8_msgs/yolov8_msgs/msg/detail/key_point3_d__rosidl_typesupport_introspection_cpp.hpp
[7.875s] -- Installing: /home/mihkel/School/ThesisPractical/myros_ws/install/yolov8_msgs/include/yolov8_msgs/yolov8_msgs/msg/detail/vector2__type_support.cpp
[7.875s] -- Installing: /home/mihkel/School/ThesisPractical/myros_ws/install/yolov8_msgs/include/yolov8_msgs/yolov8_msgs/msg/detail/bounding_box3_d__type_support.cpp
[7.876s] -- Installing: /home/mihkel/School/ThesisPractical/myros_ws/install/yolov8_msgs/include/yolov8_msgs/yolov8_msgs/msg/detail/vector2__rosidl_typesupport_introspection_cpp.hpp
[7.876s] -- Installing: /home/mihkel/School/ThesisPractical/myros_ws/install/yolov8_msgs/include/yolov8_msgs/yolov8_msgs/msg/detail/key_point3_d_array__type_support.cpp
[7.877s] -- Installing: /home/mihkel/School/ThesisPractical/myros_ws/install/yolov8_msgs/include/yolov8_msgs/yolov8_msgs/msg/detail/key_point3_d_array__rosidl_typesupport_introspection_cpp.hpp
[7.877s] -- Installing: /home/mihkel/School/ThesisPractical/myros_ws/install/yolov8_msgs/include/yolov8_msgs/yolov8_msgs/msg/detail/bounding_box3_d__rosidl_typesupport_introspection_cpp.hpp
[7.878s] -- Installing: /home/mihkel/School/ThesisPractical/myros_ws/install/yolov8_msgs/include/yolov8_msgs/yolov8_msgs/msg/detail/key_point2_d_array__type_support.cpp
[7.878s] -- Installing: /home/mihkel/School/ThesisPractical/myros_ws/install/yolov8_msgs/include/yolov8_msgs/yolov8_msgs/msg/detail/mask__rosidl_typesupport_introspection_cpp.hpp
[7.879s] -- Installing: /home/mihkel/School/ThesisPractical/myros_ws/install/yolov8_msgs/include/yolov8_msgs/yolov8_msgs/msg/detail/point2_d__type_support.cpp
[7.879s] -- Installing: /home/mihkel/School/ThesisPractical/myros_ws/install/yolov8_msgs/include/yolov8_msgs/yolov8_msgs/msg/detail/pose2_d__rosidl_typesupport_introspection_cpp.hpp
[7.880s] -- Installing: /home/mihkel/School/ThesisPractical/myros_ws/install/yolov8_msgs/include/yolov8_msgs/yolov8_msgs/msg/detail/detection__rosidl_typesupport_introspection_cpp.hpp
[7.880s] -- Installing: /home/mihkel/School/ThesisPractical/myros_ws/install/yolov8_msgs/include/yolov8_msgs/yolov8_msgs/msg/detail/pose2_d__type_support.cpp
[7.880s] -- Installing: /home/mihkel/School/ThesisPractical/myros_ws/install/yolov8_msgs/include/yolov8_msgs/yolov8_msgs/msg/detail/detection__type_support.cpp
[7.881s] -- Installing: /home/mihkel/School/ThesisPractical/myros_ws/install/yolov8_msgs/include/yolov8_msgs/yolov8_msgs/msg/detail/bounding_box2_d__type_support.cpp
[7.881s] -- Installing: /home/mihkel/School/ThesisPractical/myros_ws/install/yolov8_msgs/include/yolov8_msgs/yolov8_msgs/msg/detail/key_point3_d__type_support.cpp
[7.882s] -- Installing: /home/mihkel/School/ThesisPractical/myros_ws/install/yolov8_msgs/include/yolov8_msgs/yolov8_msgs/msg/detail/detection_array__type_support.cpp
[7.882s] -- Installing: /home/mihkel/School/ThesisPractical/myros_ws/install/yolov8_msgs/include/yolov8_msgs/yolov8_msgs/msg/detail/point2_d__rosidl_typesupport_introspection_cpp.hpp
[7.883s] -- Installing: /home/mihkel/School/ThesisPractical/myros_ws/install/yolov8_msgs/include/yolov8_msgs/yolov8_msgs/msg/detail/bounding_box2_d__rosidl_typesupport_introspection_cpp.hpp
[7.883s] -- Installing: /home/mihkel/School/ThesisPractical/myros_ws/install/yolov8_msgs/include/yolov8_msgs/yolov8_msgs/msg/detail/detection_array__rosidl_typesupport_introspection_cpp.hpp
[7.884s] -- Installing: /home/mihkel/School/ThesisPractical/myros_ws/install/yolov8_msgs/lib/libyolov8_msgs__rosidl_typesupport_introspection_cpp.so
[7.884s] -- Set non-toolchain portion of runtime path of "/home/mihkel/School/ThesisPractical/myros_ws/install/yolov8_msgs/lib/libyolov8_msgs__rosidl_typesupport_introspection_cpp.so" to ""
[7.885s] -- Installing: /home/mihkel/School/ThesisPractical/myros_ws/install/yolov8_msgs/lib/libyolov8_msgs__rosidl_typesupport_cpp.so
[7.885s] -- Set non-toolchain portion of runtime path of "/home/mihkel/School/ThesisPractical/myros_ws/install/yolov8_msgs/lib/libyolov8_msgs__rosidl_typesupport_cpp.so" to ""
[7.886s] -- Installing: /home/mihkel/School/ThesisPractical/myros_ws/install/yolov8_msgs/share/yolov8_msgs/environment/pythonpath.sh
[7.886s] -- Installing: /home/mihkel/School/ThesisPractical/myros_ws/install/yolov8_msgs/share/yolov8_msgs/environment/pythonpath.dsv
[7.887s] -- Installing: /home/mihkel/School/ThesisPractical/myros_ws/install/yolov8_msgs/local/lib/python3.10/dist-packages/yolov8_msgs-0.0.0-py3.10.egg-info
[7.887s] -- Installing: /home/mihkel/School/ThesisPractical/myros_ws/install/yolov8_msgs/local/lib/python3.10/dist-packages/yolov8_msgs-0.0.0-py3.10.egg-info/top_level.txt
[7.887s] -- Installing: /home/mihkel/School/ThesisPractical/myros_ws/install/yolov8_msgs/local/lib/python3.10/dist-packages/yolov8_msgs-0.0.0-py3.10.egg-info/PKG-INFO
[7.888s] -- Installing: /home/mihkel/School/ThesisPractical/myros_ws/install/yolov8_msgs/local/lib/python3.10/dist-packages/yolov8_msgs-0.0.0-py3.10.egg-info/SOURCES.txt
[7.888s] -- Installing: /home/mihkel/School/ThesisPractical/myros_ws/install/yolov8_msgs/local/lib/python3.10/dist-packages/yolov8_msgs-0.0.0-py3.10.egg-info/dependency_links.txt
[7.889s] -- Installing: /home/mihkel/School/ThesisPractical/myros_ws/install/yolov8_msgs/local/lib/python3.10/dist-packages/yolov8_msgs
[7.889s] -- Installing: /home/mihkel/School/ThesisPractical/myros_ws/install/yolov8_msgs/local/lib/python3.10/dist-packages/yolov8_msgs/yolov8_msgs_s__rosidl_typesupport_c.cpython-310-x86_64-linux-gnu.so
[7.890s] -- Installing: /home/mihkel/School/ThesisPractical/myros_ws/install/yolov8_msgs/local/lib/python3.10/dist-packages/yolov8_msgs/_yolov8_msgs_s.ep.rosidl_typesupport_fastrtps_c.c
[7.890s] -- Installing: /home/mihkel/School/ThesisPractical/myros_ws/install/yolov8_msgs/local/lib/python3.10/dist-packages/yolov8_msgs/yolov8_msgs_s__rosidl_typesupport_introspection_c.cpython-310-x86_64-linux-gnu.so
[7.891s] -- Installing: /home/mihkel/School/ThesisPractical/myros_ws/install/yolov8_msgs/local/lib/python3.10/dist-packages/yolov8_msgs/libyolov8_msgs__rosidl_generator_py.so
[7.891s] -- Installing: /home/mihkel/School/ThesisPractical/myros_ws/install/yolov8_msgs/local/lib/python3.10/dist-packages/yolov8_msgs/_yolov8_msgs_s.ep.rosidl_typesupport_c.c
[7.892s] -- Installing: /home/mihkel/School/ThesisPractical/myros_ws/install/yolov8_msgs/local/lib/python3.10/dist-packages/yolov8_msgs/_yolov8_msgs_s.ep.rosidl_typesupport_introspection_c.c
[7.892s] -- Installing: /home/mihkel/School/ThesisPractical/myros_ws/install/yolov8_msgs/local/lib/python3.10/dist-packages/yolov8_msgs/__init__.py
[7.892s] -- Installing: /home/mihkel/School/ThesisPractical/myros_ws/install/yolov8_msgs/local/lib/python3.10/dist-packages/yolov8_msgs/yolov8_msgs_s__rosidl_typesupport_fastrtps_c.cpython-310-x86_64-linux-gnu.so
[7.893s] -- Installing: /home/mihkel/School/ThesisPractical/myros_ws/install/yolov8_msgs/local/lib/python3.10/dist-packages/yolov8_msgs/msg
[7.893s] -- Installing: /home/mihkel/School/ThesisPractical/myros_ws/install/yolov8_msgs/local/lib/python3.10/dist-packages/yolov8_msgs/msg/_point2_d_s.c
[7.894s] -- Installing: /home/mihkel/School/ThesisPractical/myros_ws/install/yolov8_msgs/local/lib/python3.10/dist-packages/yolov8_msgs/msg/_detection_array.py
[7.894s] -- Installing: /home/mihkel/School/ThesisPractical/myros_ws/install/yolov8_msgs/local/lib/python3.10/dist-packages/yolov8_msgs/msg/_key_point3_d_s.c
[7.895s] -- Installing: /home/mihkel/School/ThesisPractical/myros_ws/install/yolov8_msgs/local/lib/python3.10/dist-packages/yolov8_msgs/msg/_bounding_box3_d_s.c
[7.895s] -- Installing: /home/mihkel/School/ThesisPractical/myros_ws/install/yolov8_msgs/local/lib/python3.10/dist-packages/yolov8_msgs/msg/_detection_array_s.c
[7.896s] -- Installing: /home/mihkel/School/ThesisPractical/myros_ws/install/yolov8_msgs/local/lib/python3.10/dist-packages/yolov8_msgs/msg/_pose2_d.py
[7.896s] -- Installing: /home/mihkel/School/ThesisPractical/myros_ws/install/yolov8_msgs/local/lib/python3.10/dist-packages/yolov8_msgs/msg/_key_point3_d.py
[7.897s] -- Installing: /home/mihkel/School/ThesisPractical/myros_ws/install/yolov8_msgs/local/lib/python3.10/dist-packages/yolov8_msgs/msg/_key_point2_d.py
[7.897s] -- Installing: /home/mihkel/School/ThesisPractical/myros_ws/install/yolov8_msgs/local/lib/python3.10/dist-packages/yolov8_msgs/msg/_bounding_box2_d.py
[7.897s] -- Installing: /home/mihkel/School/ThesisPractical/myros_ws/install/yolov8_msgs/local/lib/python3.10/dist-packages/yolov8_msgs/msg/_vector2.py
[7.898s] -- Installing: /home/mihkel/School/ThesisPractical/myros_ws/install/yolov8_msgs/local/lib/python3.10/dist-packages/yolov8_msgs/msg/_bounding_box2_d_s.c
[7.898s] -- Installing: /home/mihkel/School/ThesisPractical/myros_ws/install/yolov8_msgs/local/lib/python3.10/dist-packages/yolov8_msgs/msg/_key_point2_d_s.c
[7.899s] -- Installing: /home/mihkel/School/ThesisPractical/myros_ws/install/yolov8_msgs/local/lib/python3.10/dist-packages/yolov8_msgs/msg/_key_point2_d_array_s.c
[7.899s] -- Installing: /home/mihkel/School/ThesisPractical/myros_ws/install/yolov8_msgs/local/lib/python3.10/dist-packages/yolov8_msgs/msg/_vector2_s.c
[7.900s] -- Installing: /home/mihkel/School/ThesisPractical/myros_ws/install/yolov8_msgs/local/lib/python3.10/dist-packages/yolov8_msgs/msg/_bounding_box3_d.py
[7.900s] -- Installing: /home/mihkel/School/ThesisPractical/myros_ws/install/yolov8_msgs/local/lib/python3.10/dist-packages/yolov8_msgs/msg/_mask.py
[7.901s] -- Installing: /home/mihkel/School/ThesisPractical/myros_ws/install/yolov8_msgs/local/lib/python3.10/dist-packages/yolov8_msgs/msg/_mask_s.c
[7.901s] -- Installing: /home/mihkel/School/ThesisPractical/myros_ws/install/yolov8_msgs/local/lib/python3.10/dist-packages/yolov8_msgs/msg/__init__.py
[7.902s] -- Installing: /home/mihkel/School/ThesisPractical/myros_ws/install/yolov8_msgs/local/lib/python3.10/dist-packages/yolov8_msgs/msg/_key_point3_d_array_s.c
[7.902s] -- Installing: /home/mihkel/School/ThesisPractical/myros_ws/install/yolov8_msgs/local/lib/python3.10/dist-packages/yolov8_msgs/msg/_detection_s.c
[7.902s] -- Installing: /home/mihkel/School/ThesisPractical/myros_ws/install/yolov8_msgs/local/lib/python3.10/dist-packages/yolov8_msgs/msg/_pose2_d_s.c
[7.903s] -- Installing: /home/mihkel/School/ThesisPractical/myros_ws/install/yolov8_msgs/local/lib/python3.10/dist-packages/yolov8_msgs/msg/_detection.py
[7.903s] -- Installing: /home/mihkel/School/ThesisPractical/myros_ws/install/yolov8_msgs/local/lib/python3.10/dist-packages/yolov8_msgs/msg/_key_point3_d_array.py
[7.904s] -- Installing: /home/mihkel/School/ThesisPractical/myros_ws/install/yolov8_msgs/local/lib/python3.10/dist-packages/yolov8_msgs/msg/_point2_d.py
[7.904s] -- Installing: /home/mihkel/School/ThesisPractical/myros_ws/install/yolov8_msgs/local/lib/python3.10/dist-packages/yolov8_msgs/msg/_key_point2_d_array.py
[8.070s] Listing '/home/mihkel/School/ThesisPractical/myros_ws/install/yolov8_msgs/local/lib/python3.10/dist-packages/yolov8_msgs'...
[8.071s] Compiling '/home/mihkel/School/ThesisPractical/myros_ws/install/yolov8_msgs/local/lib/python3.10/dist-packages/yolov8_msgs/__init__.py'...
[8.071s] Listing '/home/mihkel/School/ThesisPractical/myros_ws/install/yolov8_msgs/local/lib/python3.10/dist-packages/yolov8_msgs/msg'...
[8.072s] Compiling '/home/mihkel/School/ThesisPractical/myros_ws/install/yolov8_msgs/local/lib/python3.10/dist-packages/yolov8_msgs/msg/__init__.py'...
[8.072s] Compiling '/home/mihkel/School/ThesisPractical/myros_ws/install/yolov8_msgs/local/lib/python3.10/dist-packages/yolov8_msgs/msg/_bounding_box2_d.py'...
[8.073s] Compiling '/home/mihkel/School/ThesisPractical/myros_ws/install/yolov8_msgs/local/lib/python3.10/dist-packages/yolov8_msgs/msg/_bounding_box3_d.py'...
[8.073s] Compiling '/home/mihkel/School/ThesisPractical/myros_ws/install/yolov8_msgs/local/lib/python3.10/dist-packages/yolov8_msgs/msg/_detection.py'...
[8.073s] Compiling '/home/mihkel/School/ThesisPractical/myros_ws/install/yolov8_msgs/local/lib/python3.10/dist-packages/yolov8_msgs/msg/_detection_array.py'...
[8.074s] Compiling '/home/mihkel/School/ThesisPractical/myros_ws/install/yolov8_msgs/local/lib/python3.10/dist-packages/yolov8_msgs/msg/_key_point2_d.py'...
[8.074s] Compiling '/home/mihkel/School/ThesisPractical/myros_ws/install/yolov8_msgs/local/lib/python3.10/dist-packages/yolov8_msgs/msg/_key_point2_d_array.py'...
[8.075s] Compiling '/home/mihkel/School/ThesisPractical/myros_ws/install/yolov8_msgs/local/lib/python3.10/dist-packages/yolov8_msgs/msg/_key_point3_d.py'...
[8.075s] Compiling '/home/mihkel/School/ThesisPractical/myros_ws/install/yolov8_msgs/local/lib/python3.10/dist-packages/yolov8_msgs/msg/_key_point3_d_array.py'...
[8.076s] Compiling '/home/mihkel/School/ThesisPractical/myros_ws/install/yolov8_msgs/local/lib/python3.10/dist-packages/yolov8_msgs/msg/_mask.py'...
[8.076s] Compiling '/home/mihkel/School/ThesisPractical/myros_ws/install/yolov8_msgs/local/lib/python3.10/dist-packages/yolov8_msgs/msg/_point2_d.py'...
[8.076s] Compiling '/home/mihkel/School/ThesisPractical/myros_ws/install/yolov8_msgs/local/lib/python3.10/dist-packages/yolov8_msgs/msg/_pose2_d.py'...
[8.077s] Compiling '/home/mihkel/School/ThesisPractical/myros_ws/install/yolov8_msgs/local/lib/python3.10/dist-packages/yolov8_msgs/msg/_vector2.py'...
[8.092s] -- Installing: /home/mihkel/School/ThesisPractical/myros_ws/install/yolov8_msgs/local/lib/python3.10/dist-packages/yolov8_msgs/yolov8_msgs_s__rosidl_typesupport_fastrtps_c.cpython-310-x86_64-linux-gnu.so
[8.093s] -- Set non-toolchain portion of runtime path of "/home/mihkel/School/ThesisPractical/myros_ws/install/yolov8_msgs/local/lib/python3.10/dist-packages/yolov8_msgs/yolov8_msgs_s__rosidl_typesupport_fastrtps_c.cpython-310-x86_64-linux-gnu.so" to ""
[8.094s] -- Installing: /home/mihkel/School/ThesisPractical/myros_ws/install/yolov8_msgs/local/lib/python3.10/dist-packages/yolov8_msgs/yolov8_msgs_s__rosidl_typesupport_introspection_c.cpython-310-x86_64-linux-gnu.so
[8.095s] -- Set non-toolchain portion of runtime path of "/home/mihkel/School/ThesisPractical/myros_ws/install/yolov8_msgs/local/lib/python3.10/dist-packages/yolov8_msgs/yolov8_msgs_s__rosidl_typesupport_introspection_c.cpython-310-x86_64-linux-gnu.so" to ""
[8.096s] -- Installing: /home/mihkel/School/ThesisPractical/myros_ws/install/yolov8_msgs/local/lib/python3.10/dist-packages/yolov8_msgs/yolov8_msgs_s__rosidl_typesupport_c.cpython-310-x86_64-linux-gnu.so
[8.097s] -- Set non-toolchain portion of runtime path of "/home/mihkel/School/ThesisPractical/myros_ws/install/yolov8_msgs/local/lib/python3.10/dist-packages/yolov8_msgs/yolov8_msgs_s__rosidl_typesupport_c.cpython-310-x86_64-linux-gnu.so" to ""
[8.097s] -- Installing: /home/mihkel/School/ThesisPractical/myros_ws/install/yolov8_msgs/lib/libyolov8_msgs__rosidl_generator_py.so
[8.098s] -- Set non-toolchain portion of runtime path of "/home/mihkel/School/ThesisPractical/myros_ws/install/yolov8_msgs/lib/libyolov8_msgs__rosidl_generator_py.so" to ""
[8.100s] -- Installing: /home/mihkel/School/ThesisPractical/myros_ws/install/yolov8_msgs/share/yolov8_msgs/msg/Point2D.idl
[8.101s] -- Installing: /home/mihkel/School/ThesisPractical/myros_ws/install/yolov8_msgs/share/yolov8_msgs/msg/Vector2.idl
[8.101s] -- Installing: /home/mihkel/School/ThesisPractical/myros_ws/install/yolov8_msgs/share/yolov8_msgs/msg/Pose2D.idl
[8.102s] -- Installing: /home/mihkel/School/ThesisPractical/myros_ws/install/yolov8_msgs/share/yolov8_msgs/msg/BoundingBox2D.idl
[8.102s] -- Installing: /home/mihkel/School/ThesisPractical/myros_ws/install/yolov8_msgs/share/yolov8_msgs/msg/BoundingBox3D.idl
[8.103s] -- Installing: /home/mihkel/School/ThesisPractical/myros_ws/install/yolov8_msgs/share/yolov8_msgs/msg/Mask.idl
[8.104s] -- Installing: /home/mihkel/School/ThesisPractical/myros_ws/install/yolov8_msgs/share/yolov8_msgs/msg/KeyPoint2D.idl
[8.104s] -- Installing: /home/mihkel/School/ThesisPractical/myros_ws/install/yolov8_msgs/share/yolov8_msgs/msg/KeyPoint2DArray.idl
[8.105s] -- Installing: /home/mihkel/School/ThesisPractical/myros_ws/install/yolov8_msgs/share/yolov8_msgs/msg/KeyPoint3D.idl
[8.106s] -- Installing: /home/mihkel/School/ThesisPractical/myros_ws/install/yolov8_msgs/share/yolov8_msgs/msg/KeyPoint3DArray.idl
[8.106s] -- Installing: /home/mihkel/School/ThesisPractical/myros_ws/install/yolov8_msgs/share/yolov8_msgs/msg/Detection.idl
[8.107s] -- Installing: /home/mihkel/School/ThesisPractical/myros_ws/install/yolov8_msgs/share/yolov8_msgs/msg/DetectionArray.idl
[8.107s] -- Installing: /home/mihkel/School/ThesisPractical/myros_ws/install/yolov8_msgs/share/yolov8_msgs/msg/Point2D.msg
[8.108s] -- Installing: /home/mihkel/School/ThesisPractical/myros_ws/install/yolov8_msgs/share/yolov8_msgs/msg/Vector2.msg
[8.109s] -- Installing: /home/mihkel/School/ThesisPractical/myros_ws/install/yolov8_msgs/share/yolov8_msgs/msg/Pose2D.msg
[8.109s] -- Installing: /home/mihkel/School/ThesisPractical/myros_ws/install/yolov8_msgs/share/yolov8_msgs/msg/BoundingBox2D.msg
[8.110s] -- Installing: /home/mihkel/School/ThesisPractical/myros_ws/install/yolov8_msgs/share/yolov8_msgs/msg/BoundingBox3D.msg
[8.110s] -- Installing: /home/mihkel/School/ThesisPractical/myros_ws/install/yolov8_msgs/share/yolov8_msgs/msg/Mask.msg
[8.111s] -- Installing: /home/mihkel/School/ThesisPractical/myros_ws/install/yolov8_msgs/share/yolov8_msgs/msg/KeyPoint2D.msg
[8.112s] -- Installing: /home/mihkel/School/ThesisPractical/myros_ws/install/yolov8_msgs/share/yolov8_msgs/msg/KeyPoint2DArray.msg
[8.112s] -- Installing: /home/mihkel/School/ThesisPractical/myros_ws/install/yolov8_msgs/share/yolov8_msgs/msg/KeyPoint3D.msg
[8.113s] -- Installing: /home/mihkel/School/ThesisPractical/myros_ws/install/yolov8_msgs/share/yolov8_msgs/msg/KeyPoint3DArray.msg
[8.113s] -- Installing: /home/mihkel/School/ThesisPractical/myros_ws/install/yolov8_msgs/share/yolov8_msgs/msg/Detection.msg
[8.114s] -- Installing: /home/mihkel/School/ThesisPractical/myros_ws/install/yolov8_msgs/share/yolov8_msgs/msg/DetectionArray.msg
[8.114s] -- Installing: /home/mihkel/School/ThesisPractical/myros_ws/install/yolov8_msgs/share/ament_index/resource_index/package_run_dependencies/yolov8_msgs
[8.115s] -- Installing: /home/mihkel/School/ThesisPractical/myros_ws/install/yolov8_msgs/share/ament_index/resource_index/parent_prefix_path/yolov8_msgs
[8.116s] -- Installing: /home/mihkel/School/ThesisPractical/myros_ws/install/yolov8_msgs/share/yolov8_msgs/environment/ament_prefix_path.sh
[8.116s] -- Installing: /home/mihkel/School/ThesisPractical/myros_ws/install/yolov8_msgs/share/yolov8_msgs/environment/ament_prefix_path.dsv
[8.116s] -- Installing: /home/mihkel/School/ThesisPractical/myros_ws/install/yolov8_msgs/share/yolov8_msgs/environment/path.sh
[8.117s] -- Installing: /home/mihkel/School/ThesisPractical/myros_ws/install/yolov8_msgs/share/yolov8_msgs/environment/path.dsv
[8.118s] -- Installing: /home/mihkel/School/ThesisPractical/myros_ws/install/yolov8_msgs/share/yolov8_msgs/local_setup.bash
[8.118s] -- Installing: /home/mihkel/School/ThesisPractical/myros_ws/install/yolov8_msgs/share/yolov8_msgs/local_setup.sh
[8.119s] -- Installing: /home/mihkel/School/ThesisPractical/myros_ws/install/yolov8_msgs/share/yolov8_msgs/local_setup.zsh
[8.119s] -- Installing: /home/mihkel/School/ThesisPractical/myros_ws/install/yolov8_msgs/share/yolov8_msgs/local_setup.dsv
[8.120s] -- Installing: /home/mihkel/School/ThesisPractical/myros_ws/install/yolov8_msgs/share/yolov8_msgs/package.dsv
[8.120s] -- Installing: /home/mihkel/School/ThesisPractical/myros_ws/install/yolov8_msgs/share/ament_index/resource_index/packages/yolov8_msgs
[8.121s] -- Installing: /home/mihkel/School/ThesisPractical/myros_ws/install/yolov8_msgs/share/yolov8_msgs/cmake/export_yolov8_msgs__rosidl_generator_cExport.cmake
[8.121s] -- Installing: /home/mihkel/School/ThesisPractical/myros_ws/install/yolov8_msgs/share/yolov8_msgs/cmake/export_yolov8_msgs__rosidl_generator_cExport-noconfig.cmake
[8.122s] -- Installing: /home/mihkel/School/ThesisPractical/myros_ws/install/yolov8_msgs/share/yolov8_msgs/cmake/export_yolov8_msgs__rosidl_typesupport_fastrtps_cExport.cmake
[8.123s] -- Installing: /home/mihkel/School/ThesisPractical/myros_ws/install/yolov8_msgs/share/yolov8_msgs/cmake/export_yolov8_msgs__rosidl_typesupport_fastrtps_cExport-noconfig.cmake
[8.123s] -- Installing: /home/mihkel/School/ThesisPractical/myros_ws/install/yolov8_msgs/share/yolov8_msgs/cmake/yolov8_msgs__rosidl_typesupport_introspection_cExport.cmake
[8.124s] -- Installing: /home/mihkel/School/ThesisPractical/myros_ws/install/yolov8_msgs/share/yolov8_msgs/cmake/yolov8_msgs__rosidl_typesupport_introspection_cExport-noconfig.cmake
[8.124s] -- Installing: /home/mihkel/School/ThesisPractical/myros_ws/install/yolov8_msgs/share/yolov8_msgs/cmake/yolov8_msgs__rosidl_typesupport_cExport.cmake
[8.125s] -- Installing: /home/mihkel/School/ThesisPractical/myros_ws/install/yolov8_msgs/share/yolov8_msgs/cmake/yolov8_msgs__rosidl_typesupport_cExport-noconfig.cmake
[8.125s] -- Installing: /home/mihkel/School/ThesisPractical/myros_ws/install/yolov8_msgs/share/yolov8_msgs/cmake/export_yolov8_msgs__rosidl_generator_cppExport.cmake
[8.126s] -- Installing: /home/mihkel/School/ThesisPractical/myros_ws/install/yolov8_msgs/share/yolov8_msgs/cmake/export_yolov8_msgs__rosidl_typesupport_fastrtps_cppExport.cmake
[8.127s] -- Installing: /home/mihkel/School/ThesisPractical/myros_ws/install/yolov8_msgs/share/yolov8_msgs/cmake/export_yolov8_msgs__rosidl_typesupport_fastrtps_cppExport-noconfig.cmake
[8.127s] -- Installing: /home/mihkel/School/ThesisPractical/myros_ws/install/yolov8_msgs/share/yolov8_msgs/cmake/yolov8_msgs__rosidl_typesupport_introspection_cppExport.cmake
[8.128s] -- Installing: /home/mihkel/School/ThesisPractical/myros_ws/install/yolov8_msgs/share/yolov8_msgs/cmake/yolov8_msgs__rosidl_typesupport_introspection_cppExport-noconfig.cmake
[8.128s] -- Installing: /home/mihkel/School/ThesisPractical/myros_ws/install/yolov8_msgs/share/yolov8_msgs/cmake/yolov8_msgs__rosidl_typesupport_cppExport.cmake
[8.129s] -- Installing: /home/mihkel/School/ThesisPractical/myros_ws/install/yolov8_msgs/share/yolov8_msgs/cmake/yolov8_msgs__rosidl_typesupport_cppExport-noconfig.cmake
[8.130s] -- Installing: /home/mihkel/School/ThesisPractical/myros_ws/install/yolov8_msgs/share/yolov8_msgs/cmake/export_yolov8_msgs__rosidl_generator_pyExport.cmake
[8.130s] -- Installing: /home/mihkel/School/ThesisPractical/myros_ws/install/yolov8_msgs/share/yolov8_msgs/cmake/export_yolov8_msgs__rosidl_generator_pyExport-noconfig.cmake
[8.131s] -- Installing: /home/mihkel/School/ThesisPractical/myros_ws/install/yolov8_msgs/share/yolov8_msgs/cmake/rosidl_cmake-extras.cmake
[8.131s] -- Installing: /home/mihkel/School/ThesisPractical/myros_ws/install/yolov8_msgs/share/yolov8_msgs/cmake/ament_cmake_export_dependencies-extras.cmake
[8.132s] -- Installing: /home/mihkel/School/ThesisPractical/myros_ws/install/yolov8_msgs/share/yolov8_msgs/cmake/ament_cmake_export_include_directories-extras.cmake
[8.132s] -- Installing: /home/mihkel/School/ThesisPractical/myros_ws/install/yolov8_msgs/share/yolov8_msgs/cmake/ament_cmake_export_libraries-extras.cmake
[8.133s] -- Installing: /home/mihkel/School/ThesisPractical/myros_ws/install/yolov8_msgs/share/yolov8_msgs/cmake/ament_cmake_export_targets-extras.cmake
[8.133s] -- Installing: /home/mihkel/School/ThesisPractical/myros_ws/install/yolov8_msgs/share/yolov8_msgs/cmake/rosidl_cmake_export_typesupport_targets-extras.cmake
[8.134s] -- Installing: /home/mihkel/School/ThesisPractical/myros_ws/install/yolov8_msgs/share/yolov8_msgs/cmake/rosidl_cmake_export_typesupport_libraries-extras.cmake
[8.134s] -- Installing: /home/mihkel/School/ThesisPractical/myros_ws/install/yolov8_msgs/share/yolov8_msgs/cmake/yolov8_msgsConfig.cmake
[8.135s] -- Installing: /home/mihkel/School/ThesisPractical/myros_ws/install/yolov8_msgs/share/yolov8_msgs/cmake/yolov8_msgsConfig-version.cmake
[8.135s] -- Installing: /home/mihkel/School/ThesisPractical/myros_ws/install/yolov8_msgs/share/yolov8_msgs/package.xml
[8.155s] Invoked command in '/home/mihkel/School/ThesisPractical/myros_ws/build/yolov8_msgs' returned '0': CMAKE_PREFIX_PATH=/opt/ros/humble /home/mihkel/.local/bin/cmake --install /home/mihkel/School/ThesisPractical/myros_ws/build/yolov8_msgs
