[  1%] [32mBuilding CXX object gtest/CMakeFiles/gtest.dir/src/gtest-all.cc.o[0m
[  3%] Built target lexy_file
[  4%] Built target gtest_main
[  5%] [32mBuilding CXX object CMakeFiles/behaviortree_cpp.dir/src/bt_factory.cpp.o[0m
[  5%] [32mBuilding CXX object CMakeFiles/behaviortree_cpp.dir/src/script_parser.cpp.o[0m
[  7%] [32mBuilding CXX object CMakeFiles/behaviortree_cpp.dir/src/xml_parsing.cpp.o[0m
[  7%] [32mBuilding CXX object CMakeFiles/behaviortree_cpp.dir/src/controls/parallel_node.cpp.o[0m
[  8%] [32mBuilding CXX object CMakeFiles/behaviortree_cpp.dir/src/controls/parallel_all_node.cpp.o[0m
[  9%] [32mBuilding CXX object CMakeFiles/behaviortree_cpp.dir/src/controls/reactive_fallback.cpp.o[0m
[  9%] [32mBuilding CXX object CMakeFiles/behaviortree_cpp.dir/src/controls/reactive_sequence.cpp.o[0m
[ 10%] [32mBuilding CXX object CMakeFiles/behaviortree_cpp.dir/src/controls/sequence_node.cpp.o[0m
[ 11%] [32mBuilding CXX object CMakeFiles/behaviortree_cpp.dir/src/controls/sequence_with_memory_node.cpp.o[0m
[ 12%] [32mBuilding CXX object CMakeFiles/behaviortree_cpp.dir/src/controls/switch_node.cpp.o[0m
[ 12%] [32mBuilding CXX object CMakeFiles/behaviortree_cpp.dir/src/controls/while_do_else_node.cpp.o[0m
[ 13%] [32mBuilding CXX object CMakeFiles/behaviortree_cpp.dir/src/loggers/bt_cout_logger.cpp.o[0m
[ 14%] [32mBuilding CXX object CMakeFiles/behaviortree_cpp.dir/src/loggers/bt_file_logger_v2.cpp.o[0m
[ 15%] [32mBuilding CXX object CMakeFiles/behaviortree_cpp.dir/src/loggers/bt_minitrace_logger.cpp.o[0m
[ 16%] [32mBuilding CXX object CMakeFiles/behaviortree_cpp.dir/src/loggers/bt_observer.cpp.o[0m
[ 16%] [32mBuilding CXX object CMakeFiles/behaviortree_cpp.dir/3rdparty/tinyxml2/tinyxml2.cpp.o[0m
[ 17%] [32mBuilding CXX object CMakeFiles/behaviortree_cpp.dir/3rdparty/minitrace/minitrace.cpp.o[0m
[ 18%] [32mBuilding CXX object CMakeFiles/behaviortree_cpp.dir/src/loggers/groot2_publisher.cpp.o[0m
[ 19%] [32mBuilding CXX object CMakeFiles/behaviortree_cpp.dir/src/loggers/bt_sqlite_logger.cpp.o[0m
[ 20%] [32mBuilding CXX object CMakeFiles/behaviortree_cpp.dir/src/shared_library_UNIX.cpp.o[0m
[ 21%] [32m[1mLinking CXX static library libgtest.a[0m
[ 21%] Built target gtest
[ 21%] [32m[1mLinking CXX shared library libbehaviortree_cpp.so[0m
[ 37%] Built target behaviortree_cpp
[ 37%] [32mBuilding CXX object sample_nodes/CMakeFiles/bt_sample_nodes.dir/dummy_nodes.cpp.o[0m
[ 39%] [32mBuilding CXX object sample_nodes/CMakeFiles/bt_sample_nodes.dir/crossdoor_nodes.cpp.o[0m
[ 39%] [32mBuilding CXX object sample_nodes/CMakeFiles/dummy_nodes_dyn.dir/dummy_nodes.cpp.o[0m
[ 39%] [32mBuilding CXX object sample_nodes/CMakeFiles/crossdoor_nodes_dyn.dir/crossdoor_nodes.cpp.o[0m
[ 40%] [32mBuilding CXX object sample_nodes/CMakeFiles/movebase_node_dyn.dir/movebase_node.cpp.o[0m
[ 41%] [32mBuilding CXX object examples/CMakeFiles/t13_plugin_action.dir/t13_plugin_action.cpp.o[0m
[ 42%] [32mBuilding CXX object sample_nodes/CMakeFiles/bt_sample_nodes.dir/movebase_node.cpp.o[0m
[ 42%] [32mBuilding CXX object tools/CMakeFiles/bt3_log_cat.dir/bt_log_cat.cpp.o[0m
[ 43%] [32mBuilding CXX object tools/CMakeFiles/bt3_plugin_manifest.dir/bt_plugin_manifest.cpp.o[0m
[ 43%] [32mBuilding CXX object examples/CMakeFiles/t01_first_tree_dynamic.dir/t01_build_your_first_tree.cpp.o[0m
[ 44%] [32m[1mLinking CXX executable bt3_log_cat[0m
[ 44%] Built target bt3_log_cat
[ 45%] [32m[1mLinking CXX shared library bin/libcrossdoor_nodes_dyn.so[0m
[ 46%] [32m[1mLinking CXX executable t01_first_tree_dynamic[0m
[ 46%] Built target crossdoor_nodes_dyn
[ 47%] [32m[1mLinking CXX executable bt3_plugin_manifest[0m
[ 47%] Built target t01_first_tree_dynamic
[ 47%] Built target bt3_plugin_manifest
[ 48%] [32m[1mLinking CXX shared library bin/libdummy_nodes_dyn.so[0m
[ 48%] Built target dummy_nodes_dyn
[ 49%] [32m[1mLinking CXX static library lib/libbt_sample_nodes.a[0m
[ 49%] Built target bt_sample_nodes
[ 50%] [32mBuilding CXX object examples/CMakeFiles/t01_first_tree_static.dir/t01_build_your_first_tree.cpp.o[0m
[ 51%] [32mBuilding CXX object examples/CMakeFiles/t02_basic_ports.dir/t02_basic_ports.cpp.o[0m
[ 52%] [32mBuilding CXX object examples/CMakeFiles/t03_generic_ports.dir/t03_generic_ports.cpp.o[0m
[ 53%] [32mBuilding CXX object examples/CMakeFiles/t07_load_multiple_xml.dir/t07_load_multiple_xml.cpp.o[0m
[ 53%] [32mBuilding CXX object examples/CMakeFiles/t05_crossdoor.dir/t05_crossdoor.cpp.o[0m
[ 54%] [32mBuilding CXX object examples/CMakeFiles/t04_reactive_sequence.dir/t04_reactive_sequence.cpp.o[0m
[ 55%] [32mBuilding CXX object examples/CMakeFiles/t06_subtree_port_remapping.dir/t06_subtree_port_remapping.cpp.o[0m
[ 56%] [32mBuilding CXX object tests/CMakeFiles/behaviortree_cpp_test.dir/src/action_test_node.cpp.o[0m
[ 57%] [32mBuilding CXX object examples/CMakeFiles/t08_additional_node_args.dir/t08_additional_node_args.cpp.o[0m
[ 58%] [32mBuilding CXX object examples/CMakeFiles/t09_scripting.dir/t09_scripting.cpp.o[0m
[ 59%] [32m[1mLinking CXX shared library t13_plugin_action.so[0m
[ 59%] Built target t13_plugin_action
[ 60%] [32mBuilding CXX object tests/CMakeFiles/behaviortree_cpp_test.dir/src/condition_test_node.cpp.o[0m
[ 61%] [32m[1mLinking CXX shared library bin/libmovebase_node_dyn.so[0m
[ 61%] Built target movebase_node_dyn
[ 61%] [32mBuilding CXX object examples/CMakeFiles/t10_observer.dir/t10_observer.cpp.o[0m
[ 62%] [32mBuilding CXX object tests/CMakeFiles/behaviortree_cpp_test.dir/gtest_blackboard.cpp.o[0m
[ 63%] [32mBuilding CXX object tests/CMakeFiles/behaviortree_cpp_test.dir/gtest_coroutines.cpp.o[0m
[ 64%] [32m[1mLinking CXX executable t05_crossdoor[0m
[ 64%] Built target t05_crossdoor
[ 65%] [32mBuilding CXX object examples/CMakeFiles/t11_replace_rules.dir/t11_replace_rules.cpp.o[0m
[ 66%] [32m[1mLinking CXX executable t08_additional_node_args[0m
[ 67%] [32m[1mLinking CXX executable t09_scripting[0m
[ 67%] [32m[1mLinking CXX executable t07_load_multiple_xml[0m
[ 68%] [32m[1mLinking CXX executable t01_first_tree_static[0m
[ 68%] Built target t08_additional_node_args
[ 68%] Built target t09_scripting
[ 69%] [32mBuilding CXX object examples/CMakeFiles/t12_groot_howto.dir/t12_groot_howto.cpp.o[0m
[ 70%] [32m[1mLinking CXX executable t10_observer[0m
[ 70%] [32mBuilding CXX object examples/CMakeFiles/generate_log.dir/generate_log.cpp.o[0m
[ 70%] Built target t01_first_tree_static
[ 70%] Built target t07_load_multiple_xml
[ 71%] [32mBuilding CXX object examples/CMakeFiles/ex01_wrap_legacy.dir/ex01_wrap_legacy.cpp.o[0m
[ 72%] [32mBuilding CXX object examples/CMakeFiles/ex02_runtime_ports.dir/ex02_runtime_ports.cpp.o[0m
[ 72%] Built target t10_observer
[ 73%] [32mBuilding CXX object examples/CMakeFiles/ex04_waypoints.dir/ex04_waypoints.cpp.o[0m
[ 74%] [32m[1mLinking CXX executable t06_subtree_port_remapping[0m
[ 74%] Built target t06_subtree_port_remapping
[ 75%] [32mBuilding CXX object examples/CMakeFiles/ex05_subtree_model.dir/ex05_subtree_model.cpp.o[0m
[ 76%] [32m[1mLinking CXX executable t04_reactive_sequence[0m
[ 77%] [32m[1mLinking CXX executable t03_generic_ports[0m
[ 77%] Built target t04_reactive_sequence
[ 78%] [32mBuilding CXX object examples/CMakeFiles/t13_plugin_executor.dir/t13_plugin_executor.cpp.o[0m
[ 78%] Built target t03_generic_ports
[ 78%] [32mBuilding CXX object tests/CMakeFiles/behaviortree_cpp_test.dir/gtest_decorator.cpp.o[0m
[ 78%] [32m[1mLinking CXX executable t02_basic_ports[0m
[ 78%] Built target t02_basic_ports
[ 79%] [32m[1mLinking CXX executable ex01_wrap_legacy[0m
[ 80%] [32m[1mLinking CXX executable t11_replace_rules[0m
[ 80%] Built target ex01_wrap_legacy
[ 80%] Built target t11_replace_rules
[ 81%] [32m[1mLinking CXX executable ex05_subtree_model[0m
[ 81%] Built target ex05_subtree_model
[ 82%] [32m[1mLinking CXX executable t13_plugin_executor[0m
[ 82%] Built target t13_plugin_executor
[ 83%] [32m[1mLinking CXX executable generate_log[0m
[ 83%] Built target generate_log
[ 83%] [32m[1mLinking CXX executable ex02_runtime_ports[0m
[ 83%] Built target ex02_runtime_ports
[ 84%] [32m[1mLinking CXX executable ex04_waypoints[0m
[ 84%] Built target ex04_waypoints
[ 84%] [32m[1mLinking CXX executable t12_groot_howto[0m
[ 84%] Built target t12_groot_howto
[ 85%] [32mBuilding CXX object tests/CMakeFiles/behaviortree_cpp_test.dir/gtest_sequence.cpp.o[0m
[ 86%] [32mBuilding CXX object tests/CMakeFiles/behaviortree_cpp_test.dir/gtest_skipping.cpp.o[0m
[ 86%] [32mBuilding CXX object tests/CMakeFiles/behaviortree_cpp_test.dir/gtest_reactive.cpp.o[0m
[ 87%] [32mBuilding CXX object tests/CMakeFiles/behaviortree_cpp_test.dir/gtest_json.cpp.o[0m
[ 88%] [32mBuilding CXX object tests/CMakeFiles/behaviortree_cpp_test.dir/gtest_match.cpp.o[0m
[ 89%] [32mBuilding CXX object tests/CMakeFiles/behaviortree_cpp_test.dir/gtest_postconditions.cpp.o[0m
[ 90%] [32mBuilding CXX object tests/CMakeFiles/behaviortree_cpp_test.dir/gtest_ports.cpp.o[0m
[ 90%] [32mBuilding CXX object tests/CMakeFiles/behaviortree_cpp_test.dir/gtest_preconditions.cpp.o[0m
[ 91%] [32mBuilding CXX object tests/CMakeFiles/behaviortree_cpp_test.dir/gtest_parallel.cpp.o[0m
[ 92%] [32mBuilding CXX object tests/CMakeFiles/behaviortree_cpp_test.dir/gtest_fallback.cpp.o[0m
[ 93%] [32mBuilding CXX object tests/CMakeFiles/behaviortree_cpp_test.dir/gtest_factory.cpp.o[0m
[ 94%] [32mBuilding CXX object tests/CMakeFiles/behaviortree_cpp_test.dir/gtest_enums.cpp.o[0m
[ 96%] [32mBuilding CXX object tests/CMakeFiles/behaviortree_cpp_test.dir/gtest_wakeup.cpp.o[0m
[ 96%] [32mBuilding CXX object tests/CMakeFiles/behaviortree_cpp_test.dir/script_parser_test.cpp.o[0m
[ 97%] [32mBuilding CXX object tests/CMakeFiles/behaviortree_cpp_test.dir/gtest_tree.cpp.o[0m
[ 97%] [32mBuilding CXX object tests/CMakeFiles/behaviortree_cpp_test.dir/gtest_switch.cpp.o[0m
[ 99%] [32mBuilding CXX object tests/CMakeFiles/behaviortree_cpp_test.dir/gtest_subtree.cpp.o[0m
[ 99%] [32mBuilding CXX object tests/CMakeFiles/behaviortree_cpp_test.dir/gtest_substitution.cpp.o[0m
[100%] [32m[1mLinking CXX executable behaviortree_cpp_test[0m
[100%] Built target behaviortree_cpp_test
-- Install configuration: "Release"
-- Execute custom install script
-- Symlinking: /home/mihkel/School/ros-packages/nav2_ws/install/behaviortree_cpp/bin/bt3_log_cat
-- Symlinking: /home/mihkel/School/ros-packages/nav2_ws/install/behaviortree_cpp/bin/bt3_plugin_manifest
-- Symlinking: /home/mihkel/School/ros-packages/nav2_ws/install/behaviortree_cpp/share/behaviortree_cpp/environment/library_path.sh
-- Symlinking: /home/mihkel/School/ros-packages/nav2_ws/install/behaviortree_cpp/share/behaviortree_cpp/environment/library_path.dsv
-- Symlinking: /home/mihkel/School/ros-packages/nav2_ws/install/behaviortree_cpp/share/ament_index/resource_index/package_run_dependencies/behaviortree_cpp
-- Symlinking: /home/mihkel/School/ros-packages/nav2_ws/install/behaviortree_cpp/share/ament_index/resource_index/parent_prefix_path/behaviortree_cpp
-- Symlinking: /home/mihkel/School/ros-packages/nav2_ws/install/behaviortree_cpp/share/behaviortree_cpp/environment/ament_prefix_path.sh
-- Symlinking: /home/mihkel/School/ros-packages/nav2_ws/install/behaviortree_cpp/share/behaviortree_cpp/environment/ament_prefix_path.dsv
-- Symlinking: /home/mihkel/School/ros-packages/nav2_ws/install/behaviortree_cpp/share/behaviortree_cpp/environment/path.sh
-- Symlinking: /home/mihkel/School/ros-packages/nav2_ws/install/behaviortree_cpp/share/behaviortree_cpp/environment/path.dsv
-- Symlinking: /home/mihkel/School/ros-packages/nav2_ws/install/behaviortree_cpp/share/behaviortree_cpp/local_setup.bash
-- Symlinking: /home/mihkel/School/ros-packages/nav2_ws/install/behaviortree_cpp/share/behaviortree_cpp/local_setup.sh
-- Symlinking: /home/mihkel/School/ros-packages/nav2_ws/install/behaviortree_cpp/share/behaviortree_cpp/local_setup.zsh
-- Symlinking: /home/mihkel/School/ros-packages/nav2_ws/install/behaviortree_cpp/share/behaviortree_cpp/local_setup.dsv
-- Symlinking: /home/mihkel/School/ros-packages/nav2_ws/install/behaviortree_cpp/share/behaviortree_cpp/package.dsv
-- Symlinking: /home/mihkel/School/ros-packages/nav2_ws/install/behaviortree_cpp/share/ament_index/resource_index/packages/behaviortree_cpp
-- Symlinking: /home/mihkel/School/ros-packages/nav2_ws/install/behaviortree_cpp/share/behaviortree_cpp/cmake/ament_cmake_export_dependencies-extras.cmake
-- Symlinking: /home/mihkel/School/ros-packages/nav2_ws/install/behaviortree_cpp/share/behaviortree_cpp/cmake/ament_cmake_export_include_directories-extras.cmake
-- Symlinking: /home/mihkel/School/ros-packages/nav2_ws/install/behaviortree_cpp/share/behaviortree_cpp/cmake/ament_cmake_export_libraries-extras.cmake
-- Symlinking: /home/mihkel/School/ros-packages/nav2_ws/install/behaviortree_cpp/share/behaviortree_cpp/cmake/behaviortree_cppConfig.cmake
-- Symlinking: /home/mihkel/School/ros-packages/nav2_ws/install/behaviortree_cpp/share/behaviortree_cpp/cmake/behaviortree_cppConfig-version.cmake
-- Symlinking: /home/mihkel/School/ros-packages/nav2_ws/install/behaviortree_cpp/share/behaviortree_cpp/package.xml
-- Installing: /home/mihkel/School/ros-packages/nav2_ws/install/behaviortree_cpp/lib/libbehaviortree_cpp.so
-- Set non-toolchain portion of runtime path of "/home/mihkel/School/ros-packages/nav2_ws/install/behaviortree_cpp/lib/libbehaviortree_cpp.so" to ""
-- Installing: /home/mihkel/School/ros-packages/nav2_ws/install/behaviortree_cpp/include
-- Installing: /home/mihkel/School/ros-packages/nav2_ws/install/behaviortree_cpp/include/behaviortree_cpp
-- Installing: /home/mihkel/School/ros-packages/nav2_ws/install/behaviortree_cpp/include/behaviortree_cpp/behavior_tree.h
-- Installing: /home/mihkel/School/ros-packages/nav2_ws/install/behaviortree_cpp/include/behaviortree_cpp/utils
-- Installing: /home/mihkel/School/ros-packages/nav2_ws/install/behaviortree_cpp/include/behaviortree_cpp/utils/timer_queue.h
-- Installing: /home/mihkel/School/ros-packages/nav2_ws/install/behaviortree_cpp/include/behaviortree_cpp/utils/simple_string.hpp
-- Installing: /home/mihkel/School/ros-packages/nav2_ws/install/behaviortree_cpp/include/behaviortree_cpp/utils/wakeup_signal.hpp
-- Installing: /home/mihkel/School/ros-packages/nav2_ws/install/behaviortree_cpp/include/behaviortree_cpp/utils/convert_impl.hpp
-- Installing: /home/mihkel/School/ros-packages/nav2_ws/install/behaviortree_cpp/include/behaviortree_cpp/utils/locked_reference.hpp
-- Installing: /home/mihkel/School/ros-packages/nav2_ws/install/behaviortree_cpp/include/behaviortree_cpp/utils/safe_any.hpp
-- Installing: /home/mihkel/School/ros-packages/nav2_ws/install/behaviortree_cpp/include/behaviortree_cpp/utils/strcat.hpp
-- Installing: /home/mihkel/School/ros-packages/nav2_ws/install/behaviortree_cpp/include/behaviortree_cpp/utils/shared_library.h
-- Installing: /home/mihkel/School/ros-packages/nav2_ws/install/behaviortree_cpp/include/behaviortree_cpp/utils/signal.h
-- Installing: /home/mihkel/School/ros-packages/nav2_ws/install/behaviortree_cpp/include/behaviortree_cpp/utils/demangle_util.h
-- Installing: /home/mihkel/School/ros-packages/nav2_ws/install/behaviortree_cpp/include/behaviortree_cpp/utils/platform.hpp
-- Installing: /home/mihkel/School/ros-packages/nav2_ws/install/behaviortree_cpp/include/behaviortree_cpp/flatbuffers
-- Installing: /home/mihkel/School/ros-packages/nav2_ws/install/behaviortree_cpp/include/behaviortree_cpp/flatbuffers/base.h
-- Installing: /home/mihkel/School/ros-packages/nav2_ws/install/behaviortree_cpp/include/behaviortree_cpp/flatbuffers/flatbuffers.h
-- Installing: /home/mihkel/School/ros-packages/nav2_ws/install/behaviortree_cpp/include/behaviortree_cpp/flatbuffers/stl_emulation.h
-- Installing: /home/mihkel/School/ros-packages/nav2_ws/install/behaviortree_cpp/include/behaviortree_cpp/flatbuffers/BT_logger_generated.h
-- Installing: /home/mihkel/School/ros-packages/nav2_ws/install/behaviortree_cpp/include/behaviortree_cpp/flatbuffers/bt_flatbuffer_helper.h
-- Installing: /home/mihkel/School/ros-packages/nav2_ws/install/behaviortree_cpp/include/behaviortree_cpp/actions
-- Installing: /home/mihkel/School/ros-packages/nav2_ws/install/behaviortree_cpp/include/behaviortree_cpp/actions/always_success_node.h
-- Installing: /home/mihkel/School/ros-packages/nav2_ws/install/behaviortree_cpp/include/behaviortree_cpp/actions/sleep_node.h
-- Installing: /home/mihkel/School/ros-packages/nav2_ws/install/behaviortree_cpp/include/behaviortree_cpp/actions/script_condition.h
-- Installing: /home/mihkel/School/ros-packages/nav2_ws/install/behaviortree_cpp/include/behaviortree_cpp/actions/script_node.h
-- Installing: /home/mihkel/School/ros-packages/nav2_ws/install/behaviortree_cpp/include/behaviortree_cpp/actions/always_failure_node.h
-- Installing: /home/mihkel/School/ros-packages/nav2_ws/install/behaviortree_cpp/include/behaviortree_cpp/actions/pop_from_queue.hpp
-- Installing: /home/mihkel/School/ros-packages/nav2_ws/install/behaviortree_cpp/include/behaviortree_cpp/actions/unset_blackboard_node.h
-- Installing: /home/mihkel/School/ros-packages/nav2_ws/install/behaviortree_cpp/include/behaviortree_cpp/actions/test_node.h
-- Installing: /home/mihkel/School/ros-packages/nav2_ws/install/behaviortree_cpp/include/behaviortree_cpp/actions/set_blackboard_node.h
-- Installing: /home/mihkel/School/ros-packages/nav2_ws/install/behaviortree_cpp/include/behaviortree_cpp/condition_node.h
-- Installing: /home/mihkel/School/ros-packages/nav2_ws/install/behaviortree_cpp/include/behaviortree_cpp/contrib
-- Installing: /home/mihkel/School/ros-packages/nav2_ws/install/behaviortree_cpp/include/behaviortree_cpp/contrib/magic_enum.hpp
-- Installing: /home/mihkel/School/ros-packages/nav2_ws/install/behaviortree_cpp/include/behaviortree_cpp/contrib/expected.hpp
-- Installing: /home/mihkel/School/ros-packages/nav2_ws/install/behaviortree_cpp/include/behaviortree_cpp/contrib/json.hpp
-- Installing: /home/mihkel/School/ros-packages/nav2_ws/install/behaviortree_cpp/include/behaviortree_cpp/contrib/any.hpp
-- Installing: /home/mihkel/School/ros-packages/nav2_ws/install/behaviortree_cpp/include/behaviortree_cpp/leaf_node.h
-- Installing: /home/mihkel/School/ros-packages/nav2_ws/install/behaviortree_cpp/include/behaviortree_cpp/exceptions.h
-- Installing: /home/mihkel/School/ros-packages/nav2_ws/install/behaviortree_cpp/include/behaviortree_cpp/decorator_node.h
-- Installing: /home/mihkel/School/ros-packages/nav2_ws/install/behaviortree_cpp/include/behaviortree_cpp/bt_parser.h
-- Installing: /home/mihkel/School/ros-packages/nav2_ws/install/behaviortree_cpp/include/behaviortree_cpp/xml_parsing.h
-- Installing: /home/mihkel/School/ros-packages/nav2_ws/install/behaviortree_cpp/include/behaviortree_cpp/tree_node.h
-- Installing: /home/mihkel/School/ros-packages/nav2_ws/install/behaviortree_cpp/include/behaviortree_cpp/action_node.h
-- Installing: /home/mihkel/School/ros-packages/nav2_ws/install/behaviortree_cpp/include/behaviortree_cpp/loggers
-- Installing: /home/mihkel/School/ros-packages/nav2_ws/install/behaviortree_cpp/include/behaviortree_cpp/loggers/bt_sqlite_logger.h
-- Installing: /home/mihkel/School/ros-packages/nav2_ws/install/behaviortree_cpp/include/behaviortree_cpp/loggers/bt_cout_logger.h
-- Installing: /home/mihkel/School/ros-packages/nav2_ws/install/behaviortree_cpp/include/behaviortree_cpp/loggers/bt_file_logger_v2.h
-- Installing: /home/mihkel/School/ros-packages/nav2_ws/install/behaviortree_cpp/include/behaviortree_cpp/loggers/abstract_logger.h
-- Installing: /home/mihkel/School/ros-packages/nav2_ws/install/behaviortree_cpp/include/behaviortree_cpp/loggers/groot2_publisher.h
-- Installing: /home/mihkel/School/ros-packages/nav2_ws/install/behaviortree_cpp/include/behaviortree_cpp/loggers/bt_observer.h
-- Installing: /home/mihkel/School/ros-packages/nav2_ws/install/behaviortree_cpp/include/behaviortree_cpp/loggers/bt_minitrace_logger.h
-- Installing: /home/mihkel/School/ros-packages/nav2_ws/install/behaviortree_cpp/include/behaviortree_cpp/loggers/groot2_protocol.h
-- Installing: /home/mihkel/School/ros-packages/nav2_ws/install/behaviortree_cpp/include/behaviortree_cpp/loggers/bt_file_logger.h
-- Installing: /home/mihkel/School/ros-packages/nav2_ws/install/behaviortree_cpp/include/behaviortree_cpp/controls
-- Installing: /home/mihkel/School/ros-packages/nav2_ws/install/behaviortree_cpp/include/behaviortree_cpp/controls/switch_node.h
-- Installing: /home/mihkel/School/ros-packages/nav2_ws/install/behaviortree_cpp/include/behaviortree_cpp/controls/parallel_node.h
-- Installing: /home/mihkel/School/ros-packages/nav2_ws/install/behaviortree_cpp/include/behaviortree_cpp/controls/sequence_with_memory_node.h
-- Installing: /home/mihkel/School/ros-packages/nav2_ws/install/behaviortree_cpp/include/behaviortree_cpp/controls/fallback_node.h
-- Installing: /home/mihkel/School/ros-packages/nav2_ws/install/behaviortree_cpp/include/behaviortree_cpp/controls/reactive_fallback.h
-- Installing: /home/mihkel/School/ros-packages/nav2_ws/install/behaviortree_cpp/include/behaviortree_cpp/controls/manual_node.h
-- Installing: /home/mihkel/School/ros-packages/nav2_ws/install/behaviortree_cpp/include/behaviortree_cpp/controls/reactive_sequence.h
-- Installing: /home/mihkel/School/ros-packages/nav2_ws/install/behaviortree_cpp/include/behaviortree_cpp/controls/while_do_else_node.h
-- Installing: /home/mihkel/School/ros-packages/nav2_ws/install/behaviortree_cpp/include/behaviortree_cpp/controls/parallel_all_node.h
-- Installing: /home/mihkel/School/ros-packages/nav2_ws/install/behaviortree_cpp/include/behaviortree_cpp/controls/if_then_else_node.h
-- Installing: /home/mihkel/School/ros-packages/nav2_ws/install/behaviortree_cpp/include/behaviortree_cpp/controls/sequence_node.h
-- Installing: /home/mihkel/School/ros-packages/nav2_ws/install/behaviortree_cpp/include/behaviortree_cpp/blackboard.h
-- Installing: /home/mihkel/School/ros-packages/nav2_ws/install/behaviortree_cpp/include/behaviortree_cpp/scripting
-- Installing: /home/mihkel/School/ros-packages/nav2_ws/install/behaviortree_cpp/include/behaviortree_cpp/scripting/any_types.hpp
-- Installing: /home/mihkel/School/ros-packages/nav2_ws/install/behaviortree_cpp/include/behaviortree_cpp/scripting/operators.hpp
-- Installing: /home/mihkel/School/ros-packages/nav2_ws/install/behaviortree_cpp/include/behaviortree_cpp/scripting/script_parser.hpp
-- Installing: /home/mihkel/School/ros-packages/nav2_ws/install/behaviortree_cpp/include/behaviortree_cpp/control_node.h
-- Installing: /home/mihkel/School/ros-packages/nav2_ws/install/behaviortree_cpp/include/behaviortree_cpp/bt_factory.h
-- Installing: /home/mihkel/School/ros-packages/nav2_ws/install/behaviortree_cpp/include/behaviortree_cpp/json_export.h
-- Installing: /home/mihkel/School/ros-packages/nav2_ws/install/behaviortree_cpp/include/behaviortree_cpp/decorators
-- Installing: /home/mihkel/School/ros-packages/nav2_ws/install/behaviortree_cpp/include/behaviortree_cpp/decorators/loop_node.h
-- Installing: /home/mihkel/School/ros-packages/nav2_ws/install/behaviortree_cpp/include/behaviortree_cpp/decorators/keep_running_until_failure_node.h
-- Installing: /home/mihkel/School/ros-packages/nav2_ws/install/behaviortree_cpp/include/behaviortree_cpp/decorators/run_once_node.h
-- Installing: /home/mihkel/School/ros-packages/nav2_ws/install/behaviortree_cpp/include/behaviortree_cpp/decorators/force_success_node.h
-- Installing: /home/mihkel/School/ros-packages/nav2_ws/install/behaviortree_cpp/include/behaviortree_cpp/decorators/consume_queue.h
-- Installing: /home/mihkel/School/ros-packages/nav2_ws/install/behaviortree_cpp/include/behaviortree_cpp/decorators/script_precondition.h
-- Installing: /home/mihkel/School/ros-packages/nav2_ws/install/behaviortree_cpp/include/behaviortree_cpp/decorators/inverter_node.h
-- Installing: /home/mihkel/School/ros-packages/nav2_ws/install/behaviortree_cpp/include/behaviortree_cpp/decorators/force_failure_node.h
-- Installing: /home/mihkel/School/ros-packages/nav2_ws/install/behaviortree_cpp/include/behaviortree_cpp/decorators/delay_node.h
-- Installing: /home/mihkel/School/ros-packages/nav2_ws/install/behaviortree_cpp/include/behaviortree_cpp/decorators/subtree_node.h
-- Installing: /home/mihkel/School/ros-packages/nav2_ws/install/behaviortree_cpp/include/behaviortree_cpp/decorators/repeat_node.h
-- Installing: /home/mihkel/School/ros-packages/nav2_ws/install/behaviortree_cpp/include/behaviortree_cpp/decorators/timeout_node.h
-- Installing: /home/mihkel/School/ros-packages/nav2_ws/install/behaviortree_cpp/include/behaviortree_cpp/decorators/retry_node.h
-- Installing: /home/mihkel/School/ros-packages/nav2_ws/install/behaviortree_cpp/include/behaviortree_cpp/basic_types.h
