[3.422s] Invoking command in '/home/mihkel/School/ros-packages/nav2_ws/build/nav2_msgs': AMENT_PREFIX_PATH=/home/mihkel/School/ros-packages/nav2_ws/install/nav2_common:${AMENT_PREFIX_PATH} CMAKE_PREFIX_PATH=/home/mihkel/School/ros-packages/nav2_ws/install/nav2_common:/opt/ros/humble PYTHONPATH=/home/mihkel/School/ros-packages/nav2_ws/install/nav2_common/local/lib/python3.10/dist-packages:${PYTHONPATH} /home/mihkel/.local/bin/cmake /home/mihkel/School/ros-packages/nav2_ws/src/navigation2/nav2_msgs -DAMENT_CMAKE_SYMLINK_INSTALL=1 -DCMAKE_INSTALL_PREFIX=/home/mihkel/School/ros-packages/nav2_ws/install/nav2_msgs
[4.205s] -- The C compiler identification is GNU 11.4.0
[5.008s] -- The CXX compiler identification is GNU 11.4.0
[5.208s] -- Detecting C compiler ABI info
[6.105s] -- Detecting C compiler ABI info - done
[6.281s] -- Check for working C compiler: /usr/bin/cc - skipped
[6.283s] -- Detecting C compile features
[6.286s] -- Detecting C compile features - done
[6.451s] -- Detecting CXX compiler ABI info
[7.358s] -- Detecting CXX compiler ABI info - done
[7.618s] -- Check for working CXX compiler: /usr/bin/c++ - skipped
[7.622s] -- Detecting CXX compile features
[7.635s] -- Detecting CXX compile features - done
[7.684s] -- Found ament_cmake: 1.3.6 (/opt/ros/humble/share/ament_cmake/cmake)
[19.002s] -- Found Python3: /usr/bin/python3.10 (found version "3.10.12") found components: Interpreter 
[19.631s] -- Override CMake install command with custom implementation using symlinks instead of copying resources
[19.806s] -- Found nav2_common: 1.1.12 (/home/mihkel/School/ros-packages/nav2_ws/install/nav2_common/share/nav2_common/cmake)
[19.817s] -- Found builtin_interfaces: 1.2.1 (/opt/ros/humble/share/builtin_interfaces/cmake)
[20.182s] -- Found rosidl_generator_c: 3.1.5 (/opt/ros/humble/share/rosidl_generator_c/cmake)
[20.222s] -- Found rosidl_adapter: 3.1.5 (/opt/ros/humble/share/rosidl_adapter/cmake)
[20.296s] -- Found rosidl_generator_cpp: 3.1.5 (/opt/ros/humble/share/rosidl_generator_cpp/cmake)
[20.433s] -- Using all available rosidl_typesupport_c: rosidl_typesupport_fastrtps_c;rosidl_typesupport_introspection_c
[20.603s] -- Using all available rosidl_typesupport_cpp: rosidl_typesupport_fastrtps_cpp;rosidl_typesupport_introspection_cpp
[20.778s] -- Found nav_msgs: 4.2.3 (/opt/ros/humble/share/nav_msgs/cmake)
[23.580s] -- Found rosidl_default_generators: 1.2.0 (/opt/ros/humble/share/rosidl_default_generators/cmake)
[23.737s] -- Found action_msgs: 1.2.1 (/opt/ros/humble/share/action_msgs/cmake)
[24.834s] -- Setting build type to Release as none was specified.
[34.155s] Traceback (most recent call last):
[34.157s]   File "/home/mihkel/.local/bin/cmake", line 8, in <module>
[34.158s]     sys.exit(cmake())
[34.158s]   File "/home/mihkel/.local/lib/python3.10/site-packages/cmake/__init__.py", line 47, in cmake
[34.159s]     raise SystemExit(_program('cmake', sys.argv[1:]))
[34.159s]   File "/home/mihkel/.local/lib/python3.10/site-packages/cmake/__init__.py", line 43, in _program
[34.160s]     return subprocess.call([os.path.join(CMAKE_BIN_DIR, name)] + args, close_fds=False)
[34.160s]   File "/usr/lib/python3.10/subprocess.py", line 347, in call
[34.161s]     return p.wait(timeout=timeout)
[34.162s]   File "/usr/lib/python3.10/subprocess.py", line 1209, in wait
[34.162s]     return self._wait(timeout=timeout)
[34.164s]   File "/usr/lib/python3.10/subprocess.py", line 1959, in _wait
[34.170s]     (pid, sts) = self._try_wait(0)
[34.170s]   File "/usr/lib/python3.10/subprocess.py", line 1917, in _try_wait
[34.170s]     (pid, sts) = os.waitpid(self.pid, wait_flags)
[34.171s] KeyboardInterrupt
