[0.289s] Invoking command in '/home/mihkel/School/ThesisPractical/rtabmap_ws/build/rtabmap_util': AMENT_PREFIX_PATH=/home/mihkel/School/ThesisPractical/rtabmap_ws/install/rtabmap_conversions:${AMENT_PREFIX_PATH} CMAKE_PREFIX_PATH=/home/mihkel/School/ThesisPractical/rtabmap_ws/install/rtabmap_conversions:/opt/ros/humble:/home/mihkel/School/ThesisPractical/rtabmap_ws/install/rtabmap_msgs:/home/mihkel/School/ThesisPractical/rtabmap_ws/install/rtabmap LD_LIBRARY_PATH=/home/mihkel/School/ThesisPractical/rtabmap_ws/install/rtabmap_conversions/lib:/home/mihkel/School/ThesisPractical/rtabmap_ws/install/rtabmap_msgs/lib:/home/mihkel/School/ThesisPractical/rtabmap_ws/install/rtabmap/lib:${LD_LIBRARY_PATH} PATH=/home/mihkel/School/ThesisPractical/rtabmap_ws/install/rtabmap/bin:${PATH} PKG_CONFIG_PATH=/home/mihkel/School/ThesisPractical/rtabmap_ws/install/rtabmap_msgs/lib/x86_64-linux-gnu/pkgconfig:/home/mihkel/School/ThesisPractical/rtabmap_ws/install/rtabmap_msgs/lib/pkgconfig:/home/mihkel/School/ThesisPractical/rtabmap_ws/install/rtabmap/lib/x86_64-linux-gnu/pkgconfig:/home/mihkel/School/ThesisPractical/rtabmap_ws/install/rtabmap/lib/pkgconfig PYTHONPATH=/home/mihkel/School/ThesisPractical/rtabmap_ws/install/rtabmap_msgs/local/lib/python3.10/dist-packages:${PYTHONPATH} ROS_PACKAGE_PATH=/home/mihkel/School/ThesisPractical/rtabmap_ws/install/rtabmap_msgs/share /home/mihkel/.local/bin/cmake /home/mihkel/School/ThesisPractical/rtabmap_ws/src/rtabmap_ros/rtabmap_util -DCMAKE_BUILD_TYPE=Release -DAMENT_CMAKE_SYMLINK_INSTALL=1 -DCMAKE_INSTALL_PREFIX=/home/mihkel/School/ThesisPractical/rtabmap_ws/install/rtabmap_util
[0.463s] -- The C compiler identification is GNU 11.4.0
[0.605s] -- The CXX compiler identification is GNU 11.4.0
[0.642s] -- Detecting C compiler ABI info
[0.785s] -- Detecting C compiler ABI info - done
[0.818s] -- Check for working C compiler: /usr/bin/cc - skipped
[0.819s] -- Detecting C compile features
[0.820s] -- Detecting C compile features - done
[0.841s] -- Detecting CXX compiler ABI info
[1.014s] -- Detecting CXX compiler ABI info - done
[1.049s] -- Check for working CXX compiler: /usr/bin/c++ - skipped
[1.050s] -- Detecting CXX compile features
[1.052s] -- Detecting CXX compile features - done
[1.082s] -- Found OpenCV: /usr (found version "4.5.4") found components: core calib3d imgproc highgui stitching photo video aruco missing components: xfeatures2d nonfree gpu cudafeatures2d
[1.113s] [33mCMake Warning (dev) at /usr/lib/x86_64-linux-gnu/cmake/pcl/PCLConfig.cmake:146 (find_package):
[1.114s]   Policy CMP0144 is not set: find_package uses upper-case <PACKAGENAME>_ROOT
[1.114s]   variables.  Run "cmake --help-policy CMP0144" for policy details.  Use the
[1.114s]   cmake_policy command to set the policy and suppress this warning.
[1.114s] 
[1.114s]   CMake variable EIGEN_ROOT is set to:
[1.114s] 
[1.115s]     /usr/include/eigen3
[1.115s] 
[1.115s]   For compatibility, find_package is ignoring the variable, but code in a
[1.115s]   .cmake module might still use it.
[1.115s] Call Stack (most recent call first):
[1.115s]   /usr/lib/x86_64-linux-gnu/cmake/pcl/PCLConfig.cmake:299 (find_eigen)
[1.116s]   /usr/lib/x86_64-linux-gnu/cmake/pcl/PCLConfig.cmake:543 (find_external_library)
[1.116s]   /home/mihkel/.local/lib/python3.10/site-packages/cmake/data/share/cmake-3.28/Modules/CMakeFindDependencyMacro.cmake:76 (find_package)
[1.116s]   /home/mihkel/School/ThesisPractical/rtabmap_ws/install/rtabmap/lib/rtabmap-0.21/RTABMapConfig.cmake:7 (find_dependency)
[1.116s]   CMakeLists.txt:8 (find_package)
[1.116s] This warning is for project developers.  Use -Wno-dev to suppress it.
[1.117s] [0m
[1.124s] -- Checking for module 'eigen3'
[1.149s] --   Found eigen3, version 3.4.0
[1.206s] -- Found Eigen: /usr/include/eigen3 (Required is at least version "3.1") 
[1.206s] -- Eigen found (include: /usr/include/eigen3, version: 3.4.0)
[1.268s] -- Found Boost: /usr/lib/x86_64-linux-gnu/cmake/Boost-1.74.0/BoostConfig.cmake (found suitable version "1.74.0", minimum required is "1.65.0") found components: system filesystem date_time iostreams serialization 
[1.382s] -- Checking for module 'libusb-1.0'
[1.407s] --   Found libusb-1.0, version 1.0.25
[1.486s] -- Found libusb: /usr/lib/x86_64-linux-gnu/libusb-1.0.so  
[1.490s] -- Found OpenNI: /usr/lib/libOpenNI.so;libusb::libusb (found version "1.5.4.0") 
[1.490s] -- OpenNI found (version: 1.5.4.0, include: /usr/include/ni, lib: /usr/lib/libOpenNI.so;libusb::libusb)
[1.594s] -- Found OpenNI2: /usr/lib/x86_64-linux-gnu/libOpenNI2.so;libusb::libusb (found version "2.2.0.33") 
[1.595s] -- OpenNI2 found (version: 2.2.0.33, include: /usr/include/openni2, lib: /usr/lib/x86_64-linux-gnu/libOpenNI2.so;libusb::libusb)
[1.595s] [0m** WARNING ** io features related to pcap will be disabled[0m
[1.595s] [0m** WARNING ** io features related to png will be disabled[0m
[1.724s] -- Performing Test CMAKE_HAVE_LIBC_PTHREAD
[1.871s] -- Performing Test CMAKE_HAVE_LIBC_PTHREAD - Success
[1.874s] -- Found Threads: TRUE  
[1.879s] -- Found GLEW: /usr/lib/x86_64-linux-gnu/libGLEW.so  
[1.909s] -- Found OpenGL: /usr/lib/x86_64-linux-gnu/libOpenGL.so  found components: OpenGL GLX 
[2.217s] -- Found MPI_C: /usr/lib/x86_64-linux-gnu/libmpi.so (found version "3.1") 
[2.218s] -- Found MPI: TRUE (found version "3.1") found components: C 
[2.225s] -- Found JsonCpp: /usr/lib/x86_64-linux-gnu/libjsoncpp.so (found suitable version "1.9.5", minimum required is "0.7.0") 
[2.274s] -- Found ZLIB: /usr/lib/x86_64-linux-gnu/libz.so (found version "1.2.11")  
[2.359s] -- Found PNG: /usr/lib/x86_64-linux-gnu/libpng.so (found version "1.6.37") 
[2.401s] -- Found Eigen3: /usr/include/eigen3 (found version "3.4.0") 
[2.792s] -- Found X11: /usr/include   
[2.793s] -- Looking for XOpenDisplay in /usr/lib/x86_64-linux-gnu/libX11.so;/usr/lib/x86_64-linux-gnu/libXext.so
[2.941s] -- Looking for XOpenDisplay in /usr/lib/x86_64-linux-gnu/libX11.so;/usr/lib/x86_64-linux-gnu/libXext.so - found
[2.941s] -- Looking for gethostbyname
[3.076s] -- Looking for gethostbyname - found
[3.077s] -- Looking for connect
[3.212s] -- Looking for connect - found
[3.212s] -- Looking for remove
[3.348s] -- Looking for remove - found
[3.348s] -- Looking for shmat
[3.484s] -- Looking for shmat - found
[3.484s] -- Looking for IceConnectionNumber in ICE
[3.629s] -- Looking for IceConnectionNumber in ICE - found
[3.994s] -- Found EXPAT: /usr/lib/x86_64-linux-gnu/libexpat.so (found version "2.4.7") 
[4.000s] -- Found double-conversion: /usr/lib/x86_64-linux-gnu/libdouble-conversion.so  
[4.010s] -- Found LZ4: /usr/lib/x86_64-linux-gnu/liblz4.so (found version "1.9.3") 
[4.016s] -- Found LZMA: /usr/lib/x86_64-linux-gnu/liblzma.so (found version "5.2.5") 
[4.059s] -- Found JPEG: /usr/lib/x86_64-linux-gnu/libjpeg.so (found version "80") 
[4.107s] -- Found TIFF: /usr/lib/x86_64-linux-gnu/libtiff.so (found version "4.3.0")  
[4.133s] -- Found Freetype: /usr/lib/x86_64-linux-gnu/libfreetype.so (found version "2.11.1") 
[4.151s] -- Found utf8cpp: /usr/include/utf8cpp  
[4.261s] -- Eigen found (include: /usr/include/eigen3, version: 3.4.0)
[4.263s] [33mCMake Warning (dev) at /usr/lib/x86_64-linux-gnu/cmake/pcl/Modules/FindFLANN.cmake:44 (find_package):
[4.263s]   Policy CMP0144 is not set: find_package uses upper-case <PACKAGENAME>_ROOT
[4.263s]   variables.  Run "cmake --help-policy CMP0144" for policy details.  Use the
[4.264s]   cmake_policy command to set the policy and suppress this warning.
[4.264s] 
[4.264s]   CMake variable FLANN_ROOT is set to:
[4.264s] 
[4.264s]     /usr
[4.265s] 
[4.265s]   For compatibility, find_package is ignoring the variable, but code in a
[4.265s]   .cmake module might still use it.
[4.265s] Call Stack (most recent call first):
[4.265s]   /usr/lib/x86_64-linux-gnu/cmake/pcl/PCLConfig.cmake:256 (find_package)
[4.265s]   /usr/lib/x86_64-linux-gnu/cmake/pcl/PCLConfig.cmake:301 (find_flann)
[4.266s]   /usr/lib/x86_64-linux-gnu/cmake/pcl/PCLConfig.cmake:543 (find_external_library)
[4.266s]   /home/mihkel/.local/lib/python3.10/site-packages/cmake/data/share/cmake-3.28/Modules/CMakeFindDependencyMacro.cmake:76 (find_package)
[4.266s]   /home/mihkel/School/ThesisPractical/rtabmap_ws/install/rtabmap/lib/rtabmap-0.21/RTABMapConfig.cmake:7 (find_dependency)
[4.266s]   CMakeLists.txt:8 (find_package)
[4.266s] This warning is for project developers.  Use -Wno-dev to suppress it.
[4.266s] [0m
[4.302s] -- Checking for module 'flann'
[4.330s] --   Found flann, version 1.9.1
[4.422s] -- Found FLANN: /usr/lib/x86_64-linux-gnu/libflann_cpp.so  
[4.422s] -- FLANN found (include: /usr/include, lib: /usr/lib/x86_64-linux-gnu/libflann_cpp.so)
[4.432s] -- Found Qhull version 8.0.2
[6.875s] -- OpenNI found (version: 1.5.4.0, include: /usr/include/ni, lib: /usr/lib/libOpenNI.so;libusb::libusb)
[6.893s] -- OpenNI2 found (version: 2.2.0.33, include: /usr/include/openni2, lib: /usr/lib/x86_64-linux-gnu/libOpenNI2.so;libusb::libusb)
[7.718s] -- looking for PCL_COMMON
[7.721s] -- Found PCL_COMMON: /usr/lib/x86_64-linux-gnu/libpcl_common.so  
[7.722s] -- looking for PCL_OCTREE
[7.725s] -- Found PCL_OCTREE: /usr/lib/x86_64-linux-gnu/libpcl_octree.so  
[7.725s] -- looking for PCL_IO
[7.728s] -- Found PCL_IO: /usr/lib/x86_64-linux-gnu/libpcl_io.so  
[7.729s] -- looking for PCL_KDTREE
[7.732s] -- Found PCL_KDTREE: /usr/lib/x86_64-linux-gnu/libpcl_kdtree.so  
[7.733s] -- looking for PCL_SEARCH
[7.736s] -- Found PCL_SEARCH: /usr/lib/x86_64-linux-gnu/libpcl_search.so  
[7.737s] -- looking for PCL_SURFACE
[7.740s] -- Found PCL_SURFACE: /usr/lib/x86_64-linux-gnu/libpcl_surface.so  
[7.741s] -- looking for PCL_FILTERS
[7.744s] -- Found PCL_FILTERS: /usr/lib/x86_64-linux-gnu/libpcl_filters.so  
[7.745s] -- looking for PCL_2D
[7.746s] -- Found PCL_2D: /usr/include/pcl-1.12  
[7.747s] -- looking for PCL_FEATURES
[7.750s] -- Found PCL_FEATURES: /usr/lib/x86_64-linux-gnu/libpcl_features.so  
[7.751s] -- looking for PCL_REGISTRATION
[7.754s] -- Found PCL_REGISTRATION: /usr/lib/x86_64-linux-gnu/libpcl_registration.so  
[7.755s] -- looking for PCL_SAMPLE_CONSENSUS
[7.758s] -- Found PCL_SAMPLE_CONSENSUS: /usr/lib/x86_64-linux-gnu/libpcl_sample_consensus.so  
[7.759s] -- looking for PCL_GEOMETRY
[7.760s] -- Found PCL_GEOMETRY: /usr/include/pcl-1.12  
[7.761s] -- looking for PCL_ML
[7.764s] -- Found PCL_ML: /usr/lib/x86_64-linux-gnu/libpcl_ml.so  
[7.765s] -- looking for PCL_SEGMENTATION
[7.768s] -- Found PCL_SEGMENTATION: /usr/lib/x86_64-linux-gnu/libpcl_segmentation.so  
[7.768s] -- looking for PCL_VISUALIZATION
[7.772s] -- Found PCL_VISUALIZATION: /usr/lib/x86_64-linux-gnu/libpcl_visualization.so  
[7.774s] -- Found PCL: pcl_common;pcl_octree;pcl_io;pcl_kdtree;pcl_search;pcl_surface;pcl_filters;pcl_features;pcl_registration;pcl_sample_consensus;pcl_ml;pcl_segmentation;pcl_visualization;Boost::system;Boost::filesystem;Boost::date_time;Boost::iostreams;Boost::serialization;/usr/lib/libOpenNI.so;libusb::libusb;/usr/lib/x86_64-linux-gnu/libOpenNI2.so;libusb::libusb;VTK::ChartsCore;VTK::CommonColor;VTK::CommonComputationalGeometry;VTK::CommonCore;VTK::CommonDataModel;VTK::CommonExecutionModel;VTK::CommonMath;VTK::CommonMisc;VTK::CommonTransforms;VTK::FiltersCore;VTK::FiltersExtraction;VTK::FiltersGeneral;VTK::FiltersGeometry;VTK::FiltersModeling;VTK::FiltersSources;VTK::ImagingCore;VTK::ImagingSources;VTK::InteractionImage;VTK::InteractionStyle;VTK::InteractionWidgets;VTK::IOCore;VTK::IOGeometry;VTK::IOImage;VTK::IOLegacy;VTK::IOPLY;VTK::RenderingAnnotation;VTK::RenderingCore;VTK::RenderingContext2D;VTK::RenderingLOD;VTK::RenderingFreeType;VTK::ViewsCore;VTK::ViewsContext2D;VTK::RenderingOpenGL2;VTK::GUISupportQt;FLANN::FLANN;QHULL::QHULL (Required is at least version "1.7") 
[7.794s] -- Found grid_map_core: 2.0.0 (/opt/ros/humble/share/grid_map_core/cmake)
[10.795s] -- Found Python3: /usr/bin/python3.10 (found version "3.10.12") found components: Interpreter 
[10.969s] -- Override CMake install command with custom implementation using symlinks instead of copying resources
[10.983s] -- RTABMap=rtabmap::utilite;rtabmap::core;rtabmap::gui
[10.988s] -- Found ament_cmake: 1.3.6 (/opt/ros/humble/share/ament_cmake/cmake)
[11.074s] -- Found cv_bridge: 3.2.1 (/opt/ros/humble/share/cv_bridge/cmake)
[11.189s] -- Found rosidl_generator_c: 3.1.5 (/opt/ros/humble/share/rosidl_generator_c/cmake)
[11.206s] -- Found rosidl_adapter: 3.1.5 (/opt/ros/humble/share/rosidl_adapter/cmake)
[11.237s] -- Found rosidl_generator_cpp: 3.1.5 (/opt/ros/humble/share/rosidl_generator_cpp/cmake)
[11.290s] -- Using all available rosidl_typesupport_c: rosidl_typesupport_fastrtps_c;rosidl_typesupport_introspection_c
[11.367s] -- Using all available rosidl_typesupport_cpp: rosidl_typesupport_fastrtps_cpp;rosidl_typesupport_introspection_cpp
[12.164s] -- Found image_transport: 3.1.7 (/opt/ros/humble/share/image_transport/cmake)
[12.403s] -- Found rmw_implementation_cmake: 6.1.1 (/opt/ros/humble/share/rmw_implementation_cmake/cmake)
[12.412s] -- Found rmw_fastrtps_cpp: 6.2.5 (/opt/ros/humble/share/rmw_fastrtps_cpp/cmake)
[12.710s] -- Found OpenSSL: /usr/lib/x86_64-linux-gnu/libcrypto.so (found version "3.0.2")  
[12.789s] -- Found FastRTPS: /opt/ros/humble/include  
[12.944s] -- Using RMW implementation 'rmw_fastrtps_cpp' as default
[13.628s] -- Found rclcpp_components: 16.0.7 (/opt/ros/humble/share/rclcpp_components/cmake)
[13.851s] -- Found stereo_msgs: 4.2.3 (/opt/ros/humble/share/stereo_msgs/cmake)
[14.162s] -- Found nav_msgs: 4.2.3 (/opt/ros/humble/share/nav_msgs/cmake)
[14.458s] -- Found tf2: 0.25.5 (/opt/ros/humble/share/tf2/cmake)
[14.490s] -- Found tf2_geometry_msgs: 0.25.5 (/opt/ros/humble/share/tf2_geometry_msgs/cmake)
[14.535s] -- Found eigen3_cmake_module: 0.1.1 (/opt/ros/humble/share/eigen3_cmake_module/cmake)
[14.542s] -- Found Eigen3: TRUE (found version "3.4.0") 
[14.542s] -- Ensuring Eigen3 include directory is part of orocos-kdl CMake target
[15.490s] -- Found laser_geometry: 2.4.0 (/opt/ros/humble/share/laser_geometry/cmake)
[15.541s] -- Found pcl_conversions: 2.4.0 (/opt/ros/humble/share/pcl_conversions/cmake)
[15.970s] -- Found pcl_ros: 2.4.0 (/opt/ros/humble/share/pcl_ros/cmake)
[16.472s] -- Found rtabmap_msgs: 0.21.3 (/home/mihkel/School/ThesisPractical/rtabmap_ws/install/rtabmap_msgs/share/rtabmap_msgs/cmake)
[16.781s] -- Found rtabmap_conversions: 0.21.3 (/home/mihkel/School/ThesisPractical/rtabmap_ws/install/rtabmap_conversions/share/rtabmap_conversions/cmake)
[17.346s] -- Found octomap_msgs: 2.0.0 (/opt/ros/humble/share/octomap_msgs/cmake)
[17.619s] -- Found grid_map_ros: 2.0.0 (/opt/ros/humble/share/grid_map_ros/cmake)
[22.580s] -- WITH octomap_msgs
[22.580s] -- WITH grid_map_ros
