[4.217s] DEBUG:colcon:Command line arguments: ['/usr/bin/colcon', 'build']
[4.217s] DEBUG:colcon:Parsed command line arguments: Namespace(log_base=None, log_level=None, verb_name='build', build_base='build', install_base='install', merge_install=False, symlink_install=False, test_result_base=None, continue_on_error=False, executor='parallel', parallel_workers=12, event_handlers=None, ignore_user_meta=False, metas=['./colcon.meta'], base_paths=['.'], packages_ignore=None, packages_ignore_regex=None, paths=None, packages_up_to=None, packages_up_to_regex=None, packages_above=None, packages_above_and_dependencies=None, packages_above_depth=None, packages_select_by_dep=None, packages_skip_by_dep=None, packages_skip_up_to=None, packages_select_build_failed=False, packages_skip_build_finished=False, packages_select_test_failures=False, packages_skip_test_passed=False, packages_select=None, packages_skip=None, packages_select_regex=None, packages_skip_regex=None, packages_start=None, packages_end=None, allow_overriding=[], cmake_args=None, cmake_target=None, cmake_target_skip_unavailable=False, cmake_clean_cache=False, cmake_clean_first=False, cmake_force_configure=False, ament_cmake_args=None, catkin_cmake_args=None, catkin_skip_building_tests=False, verb_parser=<colcon_defaults.argument_parser.defaults.DefaultArgumentsDecorator object at 0x7efc1d007640>, verb_extension=<colcon_core.verb.build.BuildVerb object at 0x7efc1d0069b0>, main=<bound method BuildVerb.main of <colcon_core.verb.build.BuildVerb object at 0x7efc1d0069b0>>)
[4.424s] Level 1:colcon.colcon_core.package_discovery:discover_packages(colcon_meta) check parameters
[4.424s] Level 1:colcon.colcon_core.package_discovery:discover_packages(recursive) check parameters
[4.424s] Level 1:colcon.colcon_core.package_discovery:discover_packages(ignore) check parameters
[4.425s] Level 1:colcon.colcon_core.package_discovery:discover_packages(path) check parameters
[4.425s] Level 1:colcon.colcon_core.package_discovery:discover_packages(colcon_meta) discover
[4.425s] Level 1:colcon.colcon_core.package_discovery:discover_packages(recursive) discover
[4.425s] INFO:colcon.colcon_core.package_discovery:Crawling recursively for packages in '/home/mihkel/School/ThesisPractical/myros_ws'
[4.425s] Level 1:colcon.colcon_core.package_identification:_identify(.) by extensions ['ignore', 'ignore_ament_install']
[4.425s] Level 1:colcon.colcon_core.package_identification:_identify(.) by extension 'ignore'
[4.426s] Level 1:colcon.colcon_core.package_identification:_identify(.) by extension 'ignore_ament_install'
[4.426s] Level 1:colcon.colcon_core.package_identification:_identify(.) by extensions ['colcon_pkg']
[4.426s] Level 1:colcon.colcon_core.package_identification:_identify(.) by extension 'colcon_pkg'
[4.426s] Level 1:colcon.colcon_core.package_identification:_identify(.) by extensions ['colcon_meta']
[4.426s] Level 1:colcon.colcon_core.package_identification:_identify(.) by extension 'colcon_meta'
[4.426s] Level 1:colcon.colcon_core.package_identification:_identify(.) by extensions ['ros']
[4.426s] Level 1:colcon.colcon_core.package_identification:_identify(.) by extension 'ros'
[4.464s] Level 1:colcon.colcon_core.package_identification:_identify(.) by extensions ['cmake', 'python']
[4.464s] Level 1:colcon.colcon_core.package_identification:_identify(.) by extension 'cmake'
[4.464s] Level 1:colcon.colcon_core.package_identification:_identify(.) by extension 'python'
[4.464s] Level 1:colcon.colcon_core.package_identification:_identify(.) by extensions ['python_setup_py']
[4.464s] Level 1:colcon.colcon_core.package_identification:_identify(.) by extension 'python_setup_py'
[4.465s] Level 1:colcon.colcon_core.package_identification:_identify(build) by extensions ['ignore', 'ignore_ament_install']
[4.465s] Level 1:colcon.colcon_core.package_identification:_identify(build) by extension 'ignore'
[4.465s] Level 1:colcon.colcon_core.package_identification:_identify(build) ignored
[4.465s] Level 1:colcon.colcon_core.package_identification:_identify(install) by extensions ['ignore', 'ignore_ament_install']
[4.466s] Level 1:colcon.colcon_core.package_identification:_identify(install) by extension 'ignore'
[4.466s] Level 1:colcon.colcon_core.package_identification:_identify(install) ignored
[4.466s] Level 1:colcon.colcon_core.package_identification:_identify(log) by extensions ['ignore', 'ignore_ament_install']
[4.466s] Level 1:colcon.colcon_core.package_identification:_identify(log) by extension 'ignore'
[4.466s] Level 1:colcon.colcon_core.package_identification:_identify(log) ignored
[4.467s] Level 1:colcon.colcon_core.package_identification:_identify(params) by extensions ['ignore', 'ignore_ament_install']
[4.467s] Level 1:colcon.colcon_core.package_identification:_identify(params) by extension 'ignore'
[4.467s] Level 1:colcon.colcon_core.package_identification:_identify(params) by extension 'ignore_ament_install'
[4.467s] Level 1:colcon.colcon_core.package_identification:_identify(params) by extensions ['colcon_pkg']
[4.467s] Level 1:colcon.colcon_core.package_identification:_identify(params) by extension 'colcon_pkg'
[4.467s] Level 1:colcon.colcon_core.package_identification:_identify(params) by extensions ['colcon_meta']
[4.468s] Level 1:colcon.colcon_core.package_identification:_identify(params) by extension 'colcon_meta'
[4.468s] Level 1:colcon.colcon_core.package_identification:_identify(params) by extensions ['ros']
[4.468s] Level 1:colcon.colcon_core.package_identification:_identify(params) by extension 'ros'
[4.468s] Level 1:colcon.colcon_core.package_identification:_identify(params) by extensions ['cmake', 'python']
[4.468s] Level 1:colcon.colcon_core.package_identification:_identify(params) by extension 'cmake'
[4.468s] Level 1:colcon.colcon_core.package_identification:_identify(params) by extension 'python'
[4.468s] Level 1:colcon.colcon_core.package_identification:_identify(params) by extensions ['python_setup_py']
[4.469s] Level 1:colcon.colcon_core.package_identification:_identify(params) by extension 'python_setup_py'
[4.469s] Level 1:colcon.colcon_core.package_identification:_identify(src) by extensions ['ignore', 'ignore_ament_install']
[4.469s] Level 1:colcon.colcon_core.package_identification:_identify(src) by extension 'ignore'
[4.469s] Level 1:colcon.colcon_core.package_identification:_identify(src) by extension 'ignore_ament_install'
[4.469s] Level 1:colcon.colcon_core.package_identification:_identify(src) by extensions ['colcon_pkg']
[4.469s] Level 1:colcon.colcon_core.package_identification:_identify(src) by extension 'colcon_pkg'
[4.470s] Level 1:colcon.colcon_core.package_identification:_identify(src) by extensions ['colcon_meta']
[4.470s] Level 1:colcon.colcon_core.package_identification:_identify(src) by extension 'colcon_meta'
[4.470s] Level 1:colcon.colcon_core.package_identification:_identify(src) by extensions ['ros']
[4.470s] Level 1:colcon.colcon_core.package_identification:_identify(src) by extension 'ros'
[4.470s] Level 1:colcon.colcon_core.package_identification:_identify(src) by extensions ['cmake', 'python']
[4.470s] Level 1:colcon.colcon_core.package_identification:_identify(src) by extension 'cmake'
[4.470s] Level 1:colcon.colcon_core.package_identification:_identify(src) by extension 'python'
[4.471s] Level 1:colcon.colcon_core.package_identification:_identify(src) by extensions ['python_setup_py']
[4.471s] Level 1:colcon.colcon_core.package_identification:_identify(src) by extension 'python_setup_py'
[4.471s] Level 1:colcon.colcon_core.package_identification:_identify(src/a_semantic_interfaces) by extensions ['ignore', 'ignore_ament_install']
[4.471s] Level 1:colcon.colcon_core.package_identification:_identify(src/a_semantic_interfaces) by extension 'ignore'
[4.471s] Level 1:colcon.colcon_core.package_identification:_identify(src/a_semantic_interfaces) ignored
[4.472s] Level 1:colcon.colcon_core.package_identification:_identify(src/a_semantic_rules) by extensions ['ignore', 'ignore_ament_install']
[4.472s] Level 1:colcon.colcon_core.package_identification:_identify(src/a_semantic_rules) by extension 'ignore'
[4.472s] Level 1:colcon.colcon_core.package_identification:_identify(src/a_semantic_rules) by extension 'ignore_ament_install'
[4.472s] Level 1:colcon.colcon_core.package_identification:_identify(src/a_semantic_rules) by extensions ['colcon_pkg']
[4.472s] Level 1:colcon.colcon_core.package_identification:_identify(src/a_semantic_rules) by extension 'colcon_pkg'
[4.472s] Level 1:colcon.colcon_core.package_identification:_identify(src/a_semantic_rules) by extensions ['colcon_meta']
[4.472s] Level 1:colcon.colcon_core.package_identification:_identify(src/a_semantic_rules) by extension 'colcon_meta'
[4.473s] Level 1:colcon.colcon_core.package_identification:_identify(src/a_semantic_rules) by extensions ['ros']
[4.473s] Level 1:colcon.colcon_core.package_identification:_identify(src/a_semantic_rules) by extension 'ros'
[4.479s] DEBUG:colcon.colcon_core.package_identification:Package 'src/a_semantic_rules' with type 'ros.ament_python' and name 'py_srvcli'
[4.479s] Level 1:colcon.colcon_core.package_identification:_identify(src/a_simple_costmap_plugin) by extensions ['ignore', 'ignore_ament_install']
[4.479s] Level 1:colcon.colcon_core.package_identification:_identify(src/a_simple_costmap_plugin) by extension 'ignore'
[4.479s] Level 1:colcon.colcon_core.package_identification:_identify(src/a_simple_costmap_plugin) ignored
[4.480s] Level 1:colcon.colcon_core.package_identification:_identify(src/deep_nav_layers) by extensions ['ignore', 'ignore_ament_install']
[4.480s] Level 1:colcon.colcon_core.package_identification:_identify(src/deep_nav_layers) by extension 'ignore'
[4.480s] Level 1:colcon.colcon_core.package_identification:_identify(src/deep_nav_layers) ignored
[4.480s] Level 1:colcon.colcon_core.package_identification:_identify(src/navigation2_dynamic) by extensions ['ignore', 'ignore_ament_install']
[4.480s] Level 1:colcon.colcon_core.package_identification:_identify(src/navigation2_dynamic) by extension 'ignore'
[4.481s] Level 1:colcon.colcon_core.package_identification:_identify(src/navigation2_dynamic) by extension 'ignore_ament_install'
[4.481s] Level 1:colcon.colcon_core.package_identification:_identify(src/navigation2_dynamic) by extensions ['colcon_pkg']
[4.481s] Level 1:colcon.colcon_core.package_identification:_identify(src/navigation2_dynamic) by extension 'colcon_pkg'
[4.481s] Level 1:colcon.colcon_core.package_identification:_identify(src/navigation2_dynamic) by extensions ['colcon_meta']
[4.481s] Level 1:colcon.colcon_core.package_identification:_identify(src/navigation2_dynamic) by extension 'colcon_meta'
[4.481s] Level 1:colcon.colcon_core.package_identification:_identify(src/navigation2_dynamic) by extensions ['ros']
[4.481s] Level 1:colcon.colcon_core.package_identification:_identify(src/navigation2_dynamic) by extension 'ros'
[4.482s] Level 1:colcon.colcon_core.package_identification:_identify(src/navigation2_dynamic) by extensions ['cmake', 'python']
[4.482s] Level 1:colcon.colcon_core.package_identification:_identify(src/navigation2_dynamic) by extension 'cmake'
[4.482s] Level 1:colcon.colcon_core.package_identification:_identify(src/navigation2_dynamic) by extension 'python'
[4.482s] Level 1:colcon.colcon_core.package_identification:_identify(src/navigation2_dynamic) by extensions ['python_setup_py']
[4.482s] Level 1:colcon.colcon_core.package_identification:_identify(src/navigation2_dynamic) by extension 'python_setup_py'
[4.482s] Level 1:colcon.colcon_core.package_identification:_identify(src/navigation2_dynamic/kf_hungarian_tracker) by extensions ['ignore', 'ignore_ament_install']
[4.483s] Level 1:colcon.colcon_core.package_identification:_identify(src/navigation2_dynamic/kf_hungarian_tracker) by extension 'ignore'
[4.483s] Level 1:colcon.colcon_core.package_identification:_identify(src/navigation2_dynamic/kf_hungarian_tracker) by extension 'ignore_ament_install'
[4.483s] Level 1:colcon.colcon_core.package_identification:_identify(src/navigation2_dynamic/kf_hungarian_tracker) by extensions ['colcon_pkg']
[4.483s] Level 1:colcon.colcon_core.package_identification:_identify(src/navigation2_dynamic/kf_hungarian_tracker) by extension 'colcon_pkg'
[4.483s] Level 1:colcon.colcon_core.package_identification:_identify(src/navigation2_dynamic/kf_hungarian_tracker) by extensions ['colcon_meta']
[4.483s] Level 1:colcon.colcon_core.package_identification:_identify(src/navigation2_dynamic/kf_hungarian_tracker) by extension 'colcon_meta'
[4.483s] Level 1:colcon.colcon_core.package_identification:_identify(src/navigation2_dynamic/kf_hungarian_tracker) by extensions ['ros']
[4.484s] Level 1:colcon.colcon_core.package_identification:_identify(src/navigation2_dynamic/kf_hungarian_tracker) by extension 'ros'
[4.485s] DEBUG:colcon.colcon_core.package_identification:Package 'src/navigation2_dynamic/kf_hungarian_tracker' with type 'ros.ament_python' and name 'kf_hungarian_tracker'
[4.486s] Level 1:colcon.colcon_core.package_identification:_identify(src/navigation2_dynamic/nav2_dynamic_msgs) by extensions ['ignore', 'ignore_ament_install']
[4.486s] Level 1:colcon.colcon_core.package_identification:_identify(src/navigation2_dynamic/nav2_dynamic_msgs) by extension 'ignore'
[4.486s] Level 1:colcon.colcon_core.package_identification:_identify(src/navigation2_dynamic/nav2_dynamic_msgs) by extension 'ignore_ament_install'
[4.486s] Level 1:colcon.colcon_core.package_identification:_identify(src/navigation2_dynamic/nav2_dynamic_msgs) by extensions ['colcon_pkg']
[4.486s] Level 1:colcon.colcon_core.package_identification:_identify(src/navigation2_dynamic/nav2_dynamic_msgs) by extension 'colcon_pkg'
[4.486s] Level 1:colcon.colcon_core.package_identification:_identify(src/navigation2_dynamic/nav2_dynamic_msgs) by extensions ['colcon_meta']
[4.487s] Level 1:colcon.colcon_core.package_identification:_identify(src/navigation2_dynamic/nav2_dynamic_msgs) by extension 'colcon_meta'
[4.487s] Level 1:colcon.colcon_core.package_identification:_identify(src/navigation2_dynamic/nav2_dynamic_msgs) by extensions ['ros']
[4.487s] Level 1:colcon.colcon_core.package_identification:_identify(src/navigation2_dynamic/nav2_dynamic_msgs) by extension 'ros'
[4.489s] DEBUG:colcon.colcon_core.package_identification:Package 'src/navigation2_dynamic/nav2_dynamic_msgs' with type 'ros.ament_cmake' and name 'nav2_dynamic_msgs'
[4.489s] Level 1:colcon.colcon_core.package_identification:_identify(src/semantic_segmentation) by extensions ['ignore', 'ignore_ament_install']
[4.489s] Level 1:colcon.colcon_core.package_identification:_identify(src/semantic_segmentation) by extension 'ignore'
[4.489s] Level 1:colcon.colcon_core.package_identification:_identify(src/semantic_segmentation) by extension 'ignore_ament_install'
[4.489s] Level 1:colcon.colcon_core.package_identification:_identify(src/semantic_segmentation) by extensions ['colcon_pkg']
[4.490s] Level 1:colcon.colcon_core.package_identification:_identify(src/semantic_segmentation) by extension 'colcon_pkg'
[4.490s] Level 1:colcon.colcon_core.package_identification:_identify(src/semantic_segmentation) by extensions ['colcon_meta']
[4.490s] Level 1:colcon.colcon_core.package_identification:_identify(src/semantic_segmentation) by extension 'colcon_meta'
[4.490s] Level 1:colcon.colcon_core.package_identification:_identify(src/semantic_segmentation) by extensions ['ros']
[4.490s] Level 1:colcon.colcon_core.package_identification:_identify(src/semantic_segmentation) by extension 'ros'
[4.491s] DEBUG:colcon.colcon_core.package_identification:Package 'src/semantic_segmentation' with type 'ros.ament_python' and name 'semantic_segmentation'
[4.491s] Level 1:colcon.colcon_core.package_identification:_identify(src/tutorials) by extensions ['ignore', 'ignore_ament_install']
[4.492s] Level 1:colcon.colcon_core.package_identification:_identify(src/tutorials) by extension 'ignore'
[4.492s] Level 1:colcon.colcon_core.package_identification:_identify(src/tutorials) ignored
[4.492s] Level 1:colcon.colcon_core.package_identification:_identify(src/yolov8_ros) by extensions ['ignore', 'ignore_ament_install']
[4.492s] Level 1:colcon.colcon_core.package_identification:_identify(src/yolov8_ros) by extension 'ignore'
[4.493s] Level 1:colcon.colcon_core.package_identification:_identify(src/yolov8_ros) by extension 'ignore_ament_install'
[4.493s] Level 1:colcon.colcon_core.package_identification:_identify(src/yolov8_ros) by extensions ['colcon_pkg']
[4.493s] Level 1:colcon.colcon_core.package_identification:_identify(src/yolov8_ros) by extension 'colcon_pkg'
[4.493s] Level 1:colcon.colcon_core.package_identification:_identify(src/yolov8_ros) by extensions ['colcon_meta']
[4.493s] Level 1:colcon.colcon_core.package_identification:_identify(src/yolov8_ros) by extension 'colcon_meta'
[4.493s] Level 1:colcon.colcon_core.package_identification:_identify(src/yolov8_ros) by extensions ['ros']
[4.493s] Level 1:colcon.colcon_core.package_identification:_identify(src/yolov8_ros) by extension 'ros'
[4.494s] Level 1:colcon.colcon_core.package_identification:_identify(src/yolov8_ros) by extensions ['cmake', 'python']
[4.494s] Level 1:colcon.colcon_core.package_identification:_identify(src/yolov8_ros) by extension 'cmake'
[4.494s] Level 1:colcon.colcon_core.package_identification:_identify(src/yolov8_ros) by extension 'python'
[4.494s] Level 1:colcon.colcon_core.package_identification:_identify(src/yolov8_ros) by extensions ['python_setup_py']
[4.494s] Level 1:colcon.colcon_core.package_identification:_identify(src/yolov8_ros) by extension 'python_setup_py'
[4.494s] Level 1:colcon.colcon_core.package_identification:_identify(src/yolov8_ros/docs) by extensions ['ignore', 'ignore_ament_install']
[4.495s] Level 1:colcon.colcon_core.package_identification:_identify(src/yolov8_ros/docs) by extension 'ignore'
[4.495s] Level 1:colcon.colcon_core.package_identification:_identify(src/yolov8_ros/docs) by extension 'ignore_ament_install'
[4.495s] Level 1:colcon.colcon_core.package_identification:_identify(src/yolov8_ros/docs) by extensions ['colcon_pkg']
[4.495s] Level 1:colcon.colcon_core.package_identification:_identify(src/yolov8_ros/docs) by extension 'colcon_pkg'
[4.495s] Level 1:colcon.colcon_core.package_identification:_identify(src/yolov8_ros/docs) by extensions ['colcon_meta']
[4.495s] Level 1:colcon.colcon_core.package_identification:_identify(src/yolov8_ros/docs) by extension 'colcon_meta'
[4.495s] Level 1:colcon.colcon_core.package_identification:_identify(src/yolov8_ros/docs) by extensions ['ros']
[4.495s] Level 1:colcon.colcon_core.package_identification:_identify(src/yolov8_ros/docs) by extension 'ros'
[4.496s] Level 1:colcon.colcon_core.package_identification:_identify(src/yolov8_ros/docs) by extensions ['cmake', 'python']
[4.496s] Level 1:colcon.colcon_core.package_identification:_identify(src/yolov8_ros/docs) by extension 'cmake'
[4.496s] Level 1:colcon.colcon_core.package_identification:_identify(src/yolov8_ros/docs) by extension 'python'
[4.496s] Level 1:colcon.colcon_core.package_identification:_identify(src/yolov8_ros/docs) by extensions ['python_setup_py']
[4.496s] Level 1:colcon.colcon_core.package_identification:_identify(src/yolov8_ros/docs) by extension 'python_setup_py'
[4.496s] Level 1:colcon.colcon_core.package_identification:_identify(src/yolov8_ros/yolov8_bringup) by extensions ['ignore', 'ignore_ament_install']
[4.497s] Level 1:colcon.colcon_core.package_identification:_identify(src/yolov8_ros/yolov8_bringup) by extension 'ignore'
[4.497s] Level 1:colcon.colcon_core.package_identification:_identify(src/yolov8_ros/yolov8_bringup) by extension 'ignore_ament_install'
[4.497s] Level 1:colcon.colcon_core.package_identification:_identify(src/yolov8_ros/yolov8_bringup) by extensions ['colcon_pkg']
[4.497s] Level 1:colcon.colcon_core.package_identification:_identify(src/yolov8_ros/yolov8_bringup) by extension 'colcon_pkg'
[4.497s] Level 1:colcon.colcon_core.package_identification:_identify(src/yolov8_ros/yolov8_bringup) by extensions ['colcon_meta']
[4.497s] Level 1:colcon.colcon_core.package_identification:_identify(src/yolov8_ros/yolov8_bringup) by extension 'colcon_meta'
[4.497s] Level 1:colcon.colcon_core.package_identification:_identify(src/yolov8_ros/yolov8_bringup) by extensions ['ros']
[4.498s] Level 1:colcon.colcon_core.package_identification:_identify(src/yolov8_ros/yolov8_bringup) by extension 'ros'
[4.499s] DEBUG:colcon.colcon_core.package_identification:Package 'src/yolov8_ros/yolov8_bringup' with type 'ros.ament_cmake' and name 'yolov8_bringup'
[4.499s] Level 1:colcon.colcon_core.package_identification:_identify(src/yolov8_ros/yolov8_msgs) by extensions ['ignore', 'ignore_ament_install']
[4.499s] Level 1:colcon.colcon_core.package_identification:_identify(src/yolov8_ros/yolov8_msgs) by extension 'ignore'
[4.500s] Level 1:colcon.colcon_core.package_identification:_identify(src/yolov8_ros/yolov8_msgs) by extension 'ignore_ament_install'
[4.500s] Level 1:colcon.colcon_core.package_identification:_identify(src/yolov8_ros/yolov8_msgs) by extensions ['colcon_pkg']
[4.500s] Level 1:colcon.colcon_core.package_identification:_identify(src/yolov8_ros/yolov8_msgs) by extension 'colcon_pkg'
[4.500s] Level 1:colcon.colcon_core.package_identification:_identify(src/yolov8_ros/yolov8_msgs) by extensions ['colcon_meta']
[4.500s] Level 1:colcon.colcon_core.package_identification:_identify(src/yolov8_ros/yolov8_msgs) by extension 'colcon_meta'
[4.500s] Level 1:colcon.colcon_core.package_identification:_identify(src/yolov8_ros/yolov8_msgs) by extensions ['ros']
[4.500s] Level 1:colcon.colcon_core.package_identification:_identify(src/yolov8_ros/yolov8_msgs) by extension 'ros'
[4.502s] DEBUG:colcon.colcon_core.package_identification:Package 'src/yolov8_ros/yolov8_msgs' with type 'ros.ament_cmake' and name 'yolov8_msgs'
[4.502s] Level 1:colcon.colcon_core.package_identification:_identify(src/yolov8_ros/yolov8_ros) by extensions ['ignore', 'ignore_ament_install']
[4.502s] Level 1:colcon.colcon_core.package_identification:_identify(src/yolov8_ros/yolov8_ros) by extension 'ignore'
[4.503s] Level 1:colcon.colcon_core.package_identification:_identify(src/yolov8_ros/yolov8_ros) by extension 'ignore_ament_install'
[4.503s] Level 1:colcon.colcon_core.package_identification:_identify(src/yolov8_ros/yolov8_ros) by extensions ['colcon_pkg']
[4.503s] Level 1:colcon.colcon_core.package_identification:_identify(src/yolov8_ros/yolov8_ros) by extension 'colcon_pkg'
[4.503s] Level 1:colcon.colcon_core.package_identification:_identify(src/yolov8_ros/yolov8_ros) by extensions ['colcon_meta']
[4.503s] Level 1:colcon.colcon_core.package_identification:_identify(src/yolov8_ros/yolov8_ros) by extension 'colcon_meta'
[4.503s] Level 1:colcon.colcon_core.package_identification:_identify(src/yolov8_ros/yolov8_ros) by extensions ['ros']
[4.503s] Level 1:colcon.colcon_core.package_identification:_identify(src/yolov8_ros/yolov8_ros) by extension 'ros'
[4.505s] DEBUG:colcon.colcon_core.package_identification:Package 'src/yolov8_ros/yolov8_ros' with type 'ros.ament_python' and name 'yolov8_ros'
[4.505s] Level 1:colcon.colcon_core.package_discovery:discover_packages(recursive) using defaults
[4.505s] Level 1:colcon.colcon_core.package_discovery:discover_packages(ignore) discover
[4.505s] Level 1:colcon.colcon_core.package_discovery:discover_packages(ignore) using defaults
[4.506s] Level 1:colcon.colcon_core.package_discovery:discover_packages(path) discover
[4.506s] Level 1:colcon.colcon_core.package_discovery:discover_packages(path) using defaults
[4.918s] Level 1:colcon.colcon_core.package_discovery:discover_packages(prefix_path) check parameters
[4.918s] Level 1:colcon.colcon_core.package_discovery:discover_packages(prefix_path) discover
[5.074s] DEBUG:colcon.colcon_installed_package_information.package_discovery:Found 397 installed packages in /opt/ros/humble
[5.079s] Level 1:colcon.colcon_core.package_discovery:discover_packages(prefix_path) using defaults
[5.442s] Level 5:colcon.colcon_core.verb:set package 'nav2_dynamic_msgs' build argument 'cmake_args' from command line to 'None'
[5.442s] Level 5:colcon.colcon_core.verb:set package 'nav2_dynamic_msgs' build argument 'cmake_target' from command line to 'None'
[5.442s] Level 5:colcon.colcon_core.verb:set package 'nav2_dynamic_msgs' build argument 'cmake_target_skip_unavailable' from command line to 'False'
[5.442s] Level 5:colcon.colcon_core.verb:set package 'nav2_dynamic_msgs' build argument 'cmake_clean_cache' from command line to 'False'
[5.442s] Level 5:colcon.colcon_core.verb:set package 'nav2_dynamic_msgs' build argument 'cmake_clean_first' from command line to 'False'
[5.442s] Level 5:colcon.colcon_core.verb:set package 'nav2_dynamic_msgs' build argument 'cmake_force_configure' from command line to 'False'
[5.442s] Level 5:colcon.colcon_core.verb:set package 'nav2_dynamic_msgs' build argument 'ament_cmake_args' from command line to 'None'
[5.442s] Level 5:colcon.colcon_core.verb:set package 'nav2_dynamic_msgs' build argument 'catkin_cmake_args' from command line to 'None'
[5.443s] Level 5:colcon.colcon_core.verb:set package 'nav2_dynamic_msgs' build argument 'catkin_skip_building_tests' from command line to 'False'
[5.443s] DEBUG:colcon.colcon_core.verb:Building package 'nav2_dynamic_msgs' with the following arguments: {'ament_cmake_args': None, 'build_base': '/home/mihkel/School/ThesisPractical/myros_ws/build/nav2_dynamic_msgs', 'catkin_cmake_args': None, 'catkin_skip_building_tests': False, 'cmake_args': None, 'cmake_clean_cache': False, 'cmake_clean_first': False, 'cmake_force_configure': False, 'cmake_target': None, 'cmake_target_skip_unavailable': False, 'install_base': '/home/mihkel/School/ThesisPractical/myros_ws/install/nav2_dynamic_msgs', 'merge_install': False, 'path': '/home/mihkel/School/ThesisPractical/myros_ws/src/navigation2_dynamic/nav2_dynamic_msgs', 'symlink_install': False, 'test_result_base': None}
[5.514s] Level 5:colcon.colcon_core.verb:set package 'py_srvcli' build argument 'cmake_args' from command line to 'None'
[5.514s] Level 5:colcon.colcon_core.verb:set package 'py_srvcli' build argument 'cmake_target' from command line to 'None'
[5.514s] Level 5:colcon.colcon_core.verb:set package 'py_srvcli' build argument 'cmake_target_skip_unavailable' from command line to 'False'
[5.514s] Level 5:colcon.colcon_core.verb:set package 'py_srvcli' build argument 'cmake_clean_cache' from command line to 'False'
[5.514s] Level 5:colcon.colcon_core.verb:set package 'py_srvcli' build argument 'cmake_clean_first' from command line to 'False'
[5.514s] Level 5:colcon.colcon_core.verb:set package 'py_srvcli' build argument 'cmake_force_configure' from command line to 'False'
[5.514s] Level 5:colcon.colcon_core.verb:set package 'py_srvcli' build argument 'ament_cmake_args' from command line to 'None'
[5.514s] Level 5:colcon.colcon_core.verb:set package 'py_srvcli' build argument 'catkin_cmake_args' from command line to 'None'
[5.514s] Level 5:colcon.colcon_core.verb:set package 'py_srvcli' build argument 'catkin_skip_building_tests' from command line to 'False'
[5.514s] DEBUG:colcon.colcon_core.verb:Building package 'py_srvcli' with the following arguments: {'ament_cmake_args': None, 'build_base': '/home/mihkel/School/ThesisPractical/myros_ws/build/py_srvcli', 'catkin_cmake_args': None, 'catkin_skip_building_tests': False, 'cmake_args': None, 'cmake_clean_cache': False, 'cmake_clean_first': False, 'cmake_force_configure': False, 'cmake_target': None, 'cmake_target_skip_unavailable': False, 'install_base': '/home/mihkel/School/ThesisPractical/myros_ws/install/py_srvcli', 'merge_install': False, 'path': '/home/mihkel/School/ThesisPractical/myros_ws/src/a_semantic_rules', 'symlink_install': False, 'test_result_base': None}
[5.589s] Level 5:colcon.colcon_core.verb:set package 'semantic_segmentation' build argument 'cmake_args' from command line to 'None'
[5.590s] Level 5:colcon.colcon_core.verb:set package 'semantic_segmentation' build argument 'cmake_target' from command line to 'None'
[5.590s] Level 5:colcon.colcon_core.verb:set package 'semantic_segmentation' build argument 'cmake_target_skip_unavailable' from command line to 'False'
[5.590s] Level 5:colcon.colcon_core.verb:set package 'semantic_segmentation' build argument 'cmake_clean_cache' from command line to 'False'
[5.590s] Level 5:colcon.colcon_core.verb:set package 'semantic_segmentation' build argument 'cmake_clean_first' from command line to 'False'
[5.590s] Level 5:colcon.colcon_core.verb:set package 'semantic_segmentation' build argument 'cmake_force_configure' from command line to 'False'
[5.590s] Level 5:colcon.colcon_core.verb:set package 'semantic_segmentation' build argument 'ament_cmake_args' from command line to 'None'
[5.590s] Level 5:colcon.colcon_core.verb:set package 'semantic_segmentation' build argument 'catkin_cmake_args' from command line to 'None'
[5.590s] Level 5:colcon.colcon_core.verb:set package 'semantic_segmentation' build argument 'catkin_skip_building_tests' from command line to 'False'
[5.590s] DEBUG:colcon.colcon_core.verb:Building package 'semantic_segmentation' with the following arguments: {'ament_cmake_args': None, 'build_base': '/home/mihkel/School/ThesisPractical/myros_ws/build/semantic_segmentation', 'catkin_cmake_args': None, 'catkin_skip_building_tests': False, 'cmake_args': None, 'cmake_clean_cache': False, 'cmake_clean_first': False, 'cmake_force_configure': False, 'cmake_target': None, 'cmake_target_skip_unavailable': False, 'install_base': '/home/mihkel/School/ThesisPractical/myros_ws/install/semantic_segmentation', 'merge_install': False, 'path': '/home/mihkel/School/ThesisPractical/myros_ws/src/semantic_segmentation', 'symlink_install': False, 'test_result_base': None}
[5.670s] Level 5:colcon.colcon_core.verb:set package 'yolov8_msgs' build argument 'cmake_args' from command line to 'None'
[5.670s] Level 5:colcon.colcon_core.verb:set package 'yolov8_msgs' build argument 'cmake_target' from command line to 'None'
[5.671s] Level 5:colcon.colcon_core.verb:set package 'yolov8_msgs' build argument 'cmake_target_skip_unavailable' from command line to 'False'
[5.671s] Level 5:colcon.colcon_core.verb:set package 'yolov8_msgs' build argument 'cmake_clean_cache' from command line to 'False'
[5.671s] Level 5:colcon.colcon_core.verb:set package 'yolov8_msgs' build argument 'cmake_clean_first' from command line to 'False'
[5.671s] Level 5:colcon.colcon_core.verb:set package 'yolov8_msgs' build argument 'cmake_force_configure' from command line to 'False'
[5.671s] Level 5:colcon.colcon_core.verb:set package 'yolov8_msgs' build argument 'ament_cmake_args' from command line to 'None'
[5.671s] Level 5:colcon.colcon_core.verb:set package 'yolov8_msgs' build argument 'catkin_cmake_args' from command line to 'None'
[5.671s] Level 5:colcon.colcon_core.verb:set package 'yolov8_msgs' build argument 'catkin_skip_building_tests' from command line to 'False'
[5.671s] DEBUG:colcon.colcon_core.verb:Building package 'yolov8_msgs' with the following arguments: {'ament_cmake_args': None, 'build_base': '/home/mihkel/School/ThesisPractical/myros_ws/build/yolov8_msgs', 'catkin_cmake_args': None, 'catkin_skip_building_tests': False, 'cmake_args': None, 'cmake_clean_cache': False, 'cmake_clean_first': False, 'cmake_force_configure': False, 'cmake_target': None, 'cmake_target_skip_unavailable': False, 'install_base': '/home/mihkel/School/ThesisPractical/myros_ws/install/yolov8_msgs', 'merge_install': False, 'path': '/home/mihkel/School/ThesisPractical/myros_ws/src/yolov8_ros/yolov8_msgs', 'symlink_install': False, 'test_result_base': None}
[5.753s] Level 5:colcon.colcon_core.verb:set package 'yolov8_ros' build argument 'cmake_args' from command line to 'None'
[5.754s] Level 5:colcon.colcon_core.verb:set package 'yolov8_ros' build argument 'cmake_target' from command line to 'None'
[5.754s] Level 5:colcon.colcon_core.verb:set package 'yolov8_ros' build argument 'cmake_target_skip_unavailable' from command line to 'False'
[5.754s] Level 5:colcon.colcon_core.verb:set package 'yolov8_ros' build argument 'cmake_clean_cache' from command line to 'False'
[5.754s] Level 5:colcon.colcon_core.verb:set package 'yolov8_ros' build argument 'cmake_clean_first' from command line to 'False'
[5.754s] Level 5:colcon.colcon_core.verb:set package 'yolov8_ros' build argument 'cmake_force_configure' from command line to 'False'
[5.754s] Level 5:colcon.colcon_core.verb:set package 'yolov8_ros' build argument 'ament_cmake_args' from command line to 'None'
[5.754s] Level 5:colcon.colcon_core.verb:set package 'yolov8_ros' build argument 'catkin_cmake_args' from command line to 'None'
[5.754s] Level 5:colcon.colcon_core.verb:set package 'yolov8_ros' build argument 'catkin_skip_building_tests' from command line to 'False'
[5.754s] DEBUG:colcon.colcon_core.verb:Building package 'yolov8_ros' with the following arguments: {'ament_cmake_args': None, 'build_base': '/home/mihkel/School/ThesisPractical/myros_ws/build/yolov8_ros', 'catkin_cmake_args': None, 'catkin_skip_building_tests': False, 'cmake_args': None, 'cmake_clean_cache': False, 'cmake_clean_first': False, 'cmake_force_configure': False, 'cmake_target': None, 'cmake_target_skip_unavailable': False, 'install_base': '/home/mihkel/School/ThesisPractical/myros_ws/install/yolov8_ros', 'merge_install': False, 'path': '/home/mihkel/School/ThesisPractical/myros_ws/src/yolov8_ros/yolov8_ros', 'symlink_install': False, 'test_result_base': None}
[5.838s] Level 5:colcon.colcon_core.verb:set package 'kf_hungarian_tracker' build argument 'cmake_args' from command line to 'None'
[5.838s] Level 5:colcon.colcon_core.verb:set package 'kf_hungarian_tracker' build argument 'cmake_target' from command line to 'None'
[5.839s] Level 5:colcon.colcon_core.verb:set package 'kf_hungarian_tracker' build argument 'cmake_target_skip_unavailable' from command line to 'False'
[5.839s] Level 5:colcon.colcon_core.verb:set package 'kf_hungarian_tracker' build argument 'cmake_clean_cache' from command line to 'False'
[5.839s] Level 5:colcon.colcon_core.verb:set package 'kf_hungarian_tracker' build argument 'cmake_clean_first' from command line to 'False'
[5.839s] Level 5:colcon.colcon_core.verb:set package 'kf_hungarian_tracker' build argument 'cmake_force_configure' from command line to 'False'
[5.839s] Level 5:colcon.colcon_core.verb:set package 'kf_hungarian_tracker' build argument 'ament_cmake_args' from command line to 'None'
[5.839s] Level 5:colcon.colcon_core.verb:set package 'kf_hungarian_tracker' build argument 'catkin_cmake_args' from command line to 'None'
[5.839s] Level 5:colcon.colcon_core.verb:set package 'kf_hungarian_tracker' build argument 'catkin_skip_building_tests' from command line to 'False'
[5.840s] DEBUG:colcon.colcon_core.verb:Building package 'kf_hungarian_tracker' with the following arguments: {'ament_cmake_args': None, 'build_base': '/home/mihkel/School/ThesisPractical/myros_ws/build/kf_hungarian_tracker', 'catkin_cmake_args': None, 'catkin_skip_building_tests': False, 'cmake_args': None, 'cmake_clean_cache': False, 'cmake_clean_first': False, 'cmake_force_configure': False, 'cmake_target': None, 'cmake_target_skip_unavailable': False, 'install_base': '/home/mihkel/School/ThesisPractical/myros_ws/install/kf_hungarian_tracker', 'merge_install': False, 'path': '/home/mihkel/School/ThesisPractical/myros_ws/src/navigation2_dynamic/kf_hungarian_tracker', 'symlink_install': False, 'test_result_base': None}
[5.926s] Level 5:colcon.colcon_core.verb:set package 'yolov8_bringup' build argument 'cmake_args' from command line to 'None'
[5.926s] Level 5:colcon.colcon_core.verb:set package 'yolov8_bringup' build argument 'cmake_target' from command line to 'None'
[5.926s] Level 5:colcon.colcon_core.verb:set package 'yolov8_bringup' build argument 'cmake_target_skip_unavailable' from command line to 'False'
[5.926s] Level 5:colcon.colcon_core.verb:set package 'yolov8_bringup' build argument 'cmake_clean_cache' from command line to 'False'
[5.926s] Level 5:colcon.colcon_core.verb:set package 'yolov8_bringup' build argument 'cmake_clean_first' from command line to 'False'
[5.927s] Level 5:colcon.colcon_core.verb:set package 'yolov8_bringup' build argument 'cmake_force_configure' from command line to 'False'
[5.927s] Level 5:colcon.colcon_core.verb:set package 'yolov8_bringup' build argument 'ament_cmake_args' from command line to 'None'
[5.927s] Level 5:colcon.colcon_core.verb:set package 'yolov8_bringup' build argument 'catkin_cmake_args' from command line to 'None'
[5.927s] Level 5:colcon.colcon_core.verb:set package 'yolov8_bringup' build argument 'catkin_skip_building_tests' from command line to 'False'
[5.927s] DEBUG:colcon.colcon_core.verb:Building package 'yolov8_bringup' with the following arguments: {'ament_cmake_args': None, 'build_base': '/home/mihkel/School/ThesisPractical/myros_ws/build/yolov8_bringup', 'catkin_cmake_args': None, 'catkin_skip_building_tests': False, 'cmake_args': None, 'cmake_clean_cache': False, 'cmake_clean_first': False, 'cmake_force_configure': False, 'cmake_target': None, 'cmake_target_skip_unavailable': False, 'install_base': '/home/mihkel/School/ThesisPractical/myros_ws/install/yolov8_bringup', 'merge_install': False, 'path': '/home/mihkel/School/ThesisPractical/myros_ws/src/yolov8_ros/yolov8_bringup', 'symlink_install': False, 'test_result_base': None}
[6.010s] INFO:colcon.colcon_core.executor:Executing jobs using 'parallel' executor
[6.117s] DEBUG:colcon.colcon_parallel_executor.executor.parallel:run_until_complete
[6.118s] INFO:colcon.colcon_ros.task.ament_cmake.build:Building ROS package in '/home/mihkel/School/ThesisPractical/myros_ws/src/navigation2_dynamic/nav2_dynamic_msgs' with build type 'ament_cmake'
[6.118s] INFO:colcon.colcon_cmake.task.cmake.build:Building CMake package in '/home/mihkel/School/ThesisPractical/myros_ws/src/navigation2_dynamic/nav2_dynamic_msgs'
[6.221s] INFO:colcon.colcon_core.plugin_system:Skipping extension 'colcon_core.shell.bat': Not used on non-Windows systems
[6.221s] INFO:colcon.colcon_core.shell:Skip shell extension 'powershell' for command environment: Not usable outside of PowerShell
[6.221s] DEBUG:colcon.colcon_core.shell:Skip shell extension 'dsv' for command environment
[6.395s] INFO:colcon.colcon_ros.task.ament_python.build:Building ROS package in '/home/mihkel/School/ThesisPractical/myros_ws/src/yolov8_ros/yolov8_ros' with build type 'ament_python'
[6.395s] Level 1:colcon.colcon_core.shell:create_environment_hook('yolov8_ros', 'ament_prefix_path')
[6.477s] INFO:colcon.colcon_core.shell:Creating environment hook '/home/mihkel/School/ThesisPractical/myros_ws/install/yolov8_ros/share/yolov8_ros/hook/ament_prefix_path.ps1'
[6.479s] INFO:colcon.colcon_core.shell:Creating environment descriptor '/home/mihkel/School/ThesisPractical/myros_ws/install/yolov8_ros/share/yolov8_ros/hook/ament_prefix_path.dsv'
[6.480s] INFO:colcon.colcon_core.shell:Creating environment hook '/home/mihkel/School/ThesisPractical/myros_ws/install/yolov8_ros/share/yolov8_ros/hook/ament_prefix_path.sh'
[6.578s] INFO:colcon.colcon_core.shell:Skip shell extension 'powershell' for command environment: Not usable outside of PowerShell
[6.579s] DEBUG:colcon.colcon_core.shell:Skip shell extension 'dsv' for command environment
[6.781s] INFO:colcon.colcon_ros.task.ament_python.build:Building ROS package in '/home/mihkel/School/ThesisPractical/myros_ws/src/a_semantic_rules' with build type 'ament_python'
[6.781s] Level 1:colcon.colcon_core.shell:create_environment_hook('py_srvcli', 'ament_prefix_path')
[6.893s] INFO:colcon.colcon_core.shell:Creating environment hook '/home/mihkel/School/ThesisPractical/myros_ws/install/py_srvcli/share/py_srvcli/hook/ament_prefix_path.ps1'
[6.895s] INFO:colcon.colcon_core.shell:Creating environment descriptor '/home/mihkel/School/ThesisPractical/myros_ws/install/py_srvcli/share/py_srvcli/hook/ament_prefix_path.dsv'
[6.896s] INFO:colcon.colcon_core.shell:Creating environment hook '/home/mihkel/School/ThesisPractical/myros_ws/install/py_srvcli/share/py_srvcli/hook/ament_prefix_path.sh'
[7.003s] INFO:colcon.colcon_core.shell:Skip shell extension 'powershell' for command environment: Not usable outside of PowerShell
[7.003s] DEBUG:colcon.colcon_core.shell:Skip shell extension 'dsv' for command environment
[7.201s] INFO:colcon.colcon_ros.task.ament_python.build:Building ROS package in '/home/mihkel/School/ThesisPractical/myros_ws/src/semantic_segmentation' with build type 'ament_python'
[7.202s] Level 1:colcon.colcon_core.shell:create_environment_hook('semantic_segmentation', 'ament_prefix_path')
[7.289s] INFO:colcon.colcon_core.shell:Creating environment hook '/home/mihkel/School/ThesisPractical/myros_ws/install/semantic_segmentation/share/semantic_segmentation/hook/ament_prefix_path.ps1'
[7.290s] INFO:colcon.colcon_core.shell:Creating environment descriptor '/home/mihkel/School/ThesisPractical/myros_ws/install/semantic_segmentation/share/semantic_segmentation/hook/ament_prefix_path.dsv'
[7.291s] INFO:colcon.colcon_core.shell:Creating environment hook '/home/mihkel/School/ThesisPractical/myros_ws/install/semantic_segmentation/share/semantic_segmentation/hook/ament_prefix_path.sh'
[7.373s] INFO:colcon.colcon_core.shell:Skip shell extension 'powershell' for command environment: Not usable outside of PowerShell
[7.373s] DEBUG:colcon.colcon_core.shell:Skip shell extension 'dsv' for command environment
[7.545s] INFO:colcon.colcon_ros.task.ament_cmake.build:Building ROS package in '/home/mihkel/School/ThesisPractical/myros_ws/src/yolov8_ros/yolov8_msgs' with build type 'ament_cmake'
[7.545s] INFO:colcon.colcon_cmake.task.cmake.build:Building CMake package in '/home/mihkel/School/ThesisPractical/myros_ws/src/yolov8_ros/yolov8_msgs'
[7.623s] INFO:colcon.colcon_core.shell:Skip shell extension 'powershell' for command environment: Not usable outside of PowerShell
[7.623s] DEBUG:colcon.colcon_core.shell:Skip shell extension 'dsv' for command environment
[7.810s] DEBUG:colcon.colcon_core.event_handler.log_command:Invoking command in '/home/mihkel/School/ThesisPractical/myros_ws/build/nav2_dynamic_msgs': CMAKE_PREFIX_PATH=/opt/ros/humble /home/mihkel/.local/bin/cmake --build /home/mihkel/School/ThesisPractical/myros_ws/build/nav2_dynamic_msgs -- -j12 -l12
[8.802s] INFO:colcon.colcon_core.task.python.build:Building Python package in '/home/mihkel/School/ThesisPractical/myros_ws/src/yolov8_ros/yolov8_ros'
[8.892s] INFO:colcon.colcon_core.shell:Skip shell extension 'powershell' for command environment: Not usable outside of PowerShell
[8.892s] DEBUG:colcon.colcon_core.shell:Skip shell extension 'dsv' for command environment
[9.889s] INFO:colcon.colcon_core.task.python.build:Building Python package in '/home/mihkel/School/ThesisPractical/myros_ws/src/a_semantic_rules'
[9.972s] INFO:colcon.colcon_core.shell:Skip shell extension 'powershell' for command environment: Not usable outside of PowerShell
[9.972s] DEBUG:colcon.colcon_core.shell:Skip shell extension 'dsv' for command environment
[11.003s] INFO:colcon.colcon_core.task.python.build:Building Python package in '/home/mihkel/School/ThesisPractical/myros_ws/src/semantic_segmentation'
[11.091s] INFO:colcon.colcon_core.shell:Skip shell extension 'powershell' for command environment: Not usable outside of PowerShell
[11.092s] DEBUG:colcon.colcon_core.shell:Skip shell extension 'dsv' for command environment
[11.311s] DEBUG:colcon.colcon_core.event_handler.log_command:Invoking command in '/home/mihkel/School/ThesisPractical/myros_ws/build/yolov8_msgs': CMAKE_PREFIX_PATH=/opt/ros/humble /home/mihkel/.local/bin/cmake --build /home/mihkel/School/ThesisPractical/myros_ws/build/yolov8_msgs -- -j12 -l12
[11.314s] DEBUG:colcon.colcon_core.event_handler.log_command:Invoked command in '/home/mihkel/School/ThesisPractical/myros_ws/build/nav2_dynamic_msgs' returned '0': CMAKE_PREFIX_PATH=/opt/ros/humble /home/mihkel/.local/bin/cmake --build /home/mihkel/School/ThesisPractical/myros_ws/build/nav2_dynamic_msgs -- -j12 -l12
[11.770s] DEBUG:colcon.colcon_core.event_handler.log_command:Invoking command in '/home/mihkel/School/ThesisPractical/myros_ws/build/nav2_dynamic_msgs': CMAKE_PREFIX_PATH=/opt/ros/humble /home/mihkel/.local/bin/cmake --install /home/mihkel/School/ThesisPractical/myros_ws/build/nav2_dynamic_msgs
[12.090s] Level 1:colcon.colcon_core.environment:create_environment_scripts_only(nav2_dynamic_msgs)
[12.093s] DEBUG:colcon.colcon_core.event_handler.log_command:Invoked command in '/home/mihkel/School/ThesisPractical/myros_ws/build/nav2_dynamic_msgs' returned '0': CMAKE_PREFIX_PATH=/opt/ros/humble /home/mihkel/.local/bin/cmake --install /home/mihkel/School/ThesisPractical/myros_ws/build/nav2_dynamic_msgs
[12.208s] Level 1:colcon.colcon_core.environment:checking '/home/mihkel/School/ThesisPractical/myros_ws/install/nav2_dynamic_msgs' for CMake module files
[12.210s] Level 1:colcon.colcon_core.environment:checking '/home/mihkel/School/ThesisPractical/myros_ws/install/nav2_dynamic_msgs' for CMake config files
[12.212s] Level 1:colcon.colcon_core.shell:create_environment_hook('nav2_dynamic_msgs', 'cmake_prefix_path')
[12.303s] INFO:colcon.colcon_core.shell:Creating environment hook '/home/mihkel/School/ThesisPractical/myros_ws/install/nav2_dynamic_msgs/share/nav2_dynamic_msgs/hook/cmake_prefix_path.ps1'
[12.304s] INFO:colcon.colcon_core.shell:Creating environment descriptor '/home/mihkel/School/ThesisPractical/myros_ws/install/nav2_dynamic_msgs/share/nav2_dynamic_msgs/hook/cmake_prefix_path.dsv'
[12.305s] INFO:colcon.colcon_core.shell:Creating environment hook '/home/mihkel/School/ThesisPractical/myros_ws/install/nav2_dynamic_msgs/share/nav2_dynamic_msgs/hook/cmake_prefix_path.sh'
[12.307s] Level 1:colcon.colcon_core.environment:checking '/home/mihkel/School/ThesisPractical/myros_ws/install/nav2_dynamic_msgs/lib'
[12.308s] Level 1:colcon.colcon_core.shell:create_environment_hook('nav2_dynamic_msgs', 'ld_library_path_lib')
[12.426s] INFO:colcon.colcon_core.shell:Creating environment hook '/home/mihkel/School/ThesisPractical/myros_ws/install/nav2_dynamic_msgs/share/nav2_dynamic_msgs/hook/ld_library_path_lib.ps1'
[12.427s] INFO:colcon.colcon_core.shell:Creating environment descriptor '/home/mihkel/School/ThesisPractical/myros_ws/install/nav2_dynamic_msgs/share/nav2_dynamic_msgs/hook/ld_library_path_lib.dsv'
[12.428s] INFO:colcon.colcon_core.shell:Creating environment hook '/home/mihkel/School/ThesisPractical/myros_ws/install/nav2_dynamic_msgs/share/nav2_dynamic_msgs/hook/ld_library_path_lib.sh'
[12.429s] Level 1:colcon.colcon_core.environment:checking '/home/mihkel/School/ThesisPractical/myros_ws/install/nav2_dynamic_msgs/bin'
[12.430s] Level 1:colcon.colcon_core.environment:checking '/home/mihkel/School/ThesisPractical/myros_ws/install/nav2_dynamic_msgs/lib/pkgconfig/nav2_dynamic_msgs.pc'
[12.430s] Level 1:colcon.colcon_core.environment:checking '/home/mihkel/School/ThesisPractical/myros_ws/install/nav2_dynamic_msgs/lib/python3.10/site-packages'
[12.431s] Level 1:colcon.colcon_core.environment:checking '/home/mihkel/School/ThesisPractical/myros_ws/install/nav2_dynamic_msgs/bin'
[12.526s] INFO:colcon.colcon_core.shell:Creating package script '/home/mihkel/School/ThesisPractical/myros_ws/install/nav2_dynamic_msgs/share/nav2_dynamic_msgs/package.ps1'
[12.529s] INFO:colcon.colcon_core.shell:Creating package descriptor '/home/mihkel/School/ThesisPractical/myros_ws/install/nav2_dynamic_msgs/share/nav2_dynamic_msgs/package.dsv'
[12.531s] INFO:colcon.colcon_core.shell:Creating package script '/home/mihkel/School/ThesisPractical/myros_ws/install/nav2_dynamic_msgs/share/nav2_dynamic_msgs/package.sh'
[12.533s] INFO:colcon.colcon_core.shell:Creating package script '/home/mihkel/School/ThesisPractical/myros_ws/install/nav2_dynamic_msgs/share/nav2_dynamic_msgs/package.bash'
[12.535s] INFO:colcon.colcon_core.shell:Creating package script '/home/mihkel/School/ThesisPractical/myros_ws/install/nav2_dynamic_msgs/share/nav2_dynamic_msgs/package.zsh'
[12.538s] Level 1:colcon.colcon_core.environment:create_file_with_runtime_dependencies(/home/mihkel/School/ThesisPractical/myros_ws/install/nav2_dynamic_msgs/share/colcon-core/packages/nav2_dynamic_msgs)
[12.981s] Level 1:colcon.colcon_core.environment:create_environment_scripts_only(nav2_dynamic_msgs)
[13.076s] Level 1:colcon.colcon_core.environment:checking '/home/mihkel/School/ThesisPractical/myros_ws/install/nav2_dynamic_msgs' for CMake module files
[13.078s] Level 1:colcon.colcon_core.environment:checking '/home/mihkel/School/ThesisPractical/myros_ws/install/nav2_dynamic_msgs' for CMake config files
[13.079s] Level 1:colcon.colcon_core.shell:create_environment_hook('nav2_dynamic_msgs', 'cmake_prefix_path')
[13.227s] INFO:colcon.colcon_core.shell:Creating environment hook '/home/mihkel/School/ThesisPractical/myros_ws/install/nav2_dynamic_msgs/share/nav2_dynamic_msgs/hook/cmake_prefix_path.ps1'
[13.228s] INFO:colcon.colcon_core.shell:Creating environment descriptor '/home/mihkel/School/ThesisPractical/myros_ws/install/nav2_dynamic_msgs/share/nav2_dynamic_msgs/hook/cmake_prefix_path.dsv'
[13.230s] INFO:colcon.colcon_core.shell:Creating environment hook '/home/mihkel/School/ThesisPractical/myros_ws/install/nav2_dynamic_msgs/share/nav2_dynamic_msgs/hook/cmake_prefix_path.sh'
[13.232s] Level 1:colcon.colcon_core.environment:checking '/home/mihkel/School/ThesisPractical/myros_ws/install/nav2_dynamic_msgs/lib'
[13.233s] Level 1:colcon.colcon_core.shell:create_environment_hook('nav2_dynamic_msgs', 'ld_library_path_lib')
[13.329s] INFO:colcon.colcon_core.shell:Creating environment hook '/home/mihkel/School/ThesisPractical/myros_ws/install/nav2_dynamic_msgs/share/nav2_dynamic_msgs/hook/ld_library_path_lib.ps1'
[13.331s] INFO:colcon.colcon_core.shell:Creating environment descriptor '/home/mihkel/School/ThesisPractical/myros_ws/install/nav2_dynamic_msgs/share/nav2_dynamic_msgs/hook/ld_library_path_lib.dsv'
[13.332s] INFO:colcon.colcon_core.shell:Creating environment hook '/home/mihkel/School/ThesisPractical/myros_ws/install/nav2_dynamic_msgs/share/nav2_dynamic_msgs/hook/ld_library_path_lib.sh'
[13.333s] Level 1:colcon.colcon_core.environment:checking '/home/mihkel/School/ThesisPractical/myros_ws/install/nav2_dynamic_msgs/bin'
[13.333s] Level 1:colcon.colcon_core.environment:checking '/home/mihkel/School/ThesisPractical/myros_ws/install/nav2_dynamic_msgs/lib/pkgconfig/nav2_dynamic_msgs.pc'
[13.334s] Level 1:colcon.colcon_core.environment:checking '/home/mihkel/School/ThesisPractical/myros_ws/install/nav2_dynamic_msgs/lib/python3.10/site-packages'
[13.335s] Level 1:colcon.colcon_core.environment:checking '/home/mihkel/School/ThesisPractical/myros_ws/install/nav2_dynamic_msgs/bin'
[13.434s] INFO:colcon.colcon_core.shell:Creating package script '/home/mihkel/School/ThesisPractical/myros_ws/install/nav2_dynamic_msgs/share/nav2_dynamic_msgs/package.ps1'
[13.436s] INFO:colcon.colcon_core.shell:Creating package descriptor '/home/mihkel/School/ThesisPractical/myros_ws/install/nav2_dynamic_msgs/share/nav2_dynamic_msgs/package.dsv'
[13.438s] INFO:colcon.colcon_core.shell:Creating package script '/home/mihkel/School/ThesisPractical/myros_ws/install/nav2_dynamic_msgs/share/nav2_dynamic_msgs/package.sh'
[13.440s] INFO:colcon.colcon_core.shell:Creating package script '/home/mihkel/School/ThesisPractical/myros_ws/install/nav2_dynamic_msgs/share/nav2_dynamic_msgs/package.bash'
[13.442s] INFO:colcon.colcon_core.shell:Creating package script '/home/mihkel/School/ThesisPractical/myros_ws/install/nav2_dynamic_msgs/share/nav2_dynamic_msgs/package.zsh'
[13.444s] Level 1:colcon.colcon_core.environment:create_file_with_runtime_dependencies(/home/mihkel/School/ThesisPractical/myros_ws/install/nav2_dynamic_msgs/share/colcon-core/packages/nav2_dynamic_msgs)
[13.445s] INFO:colcon.colcon_ros.task.ament_python.build:Building ROS package in '/home/mihkel/School/ThesisPractical/myros_ws/src/navigation2_dynamic/kf_hungarian_tracker' with build type 'ament_python'
[13.446s] Level 1:colcon.colcon_core.shell:create_environment_hook('kf_hungarian_tracker', 'ament_prefix_path')
[13.548s] INFO:colcon.colcon_core.shell:Creating environment hook '/home/mihkel/School/ThesisPractical/myros_ws/install/kf_hungarian_tracker/share/kf_hungarian_tracker/hook/ament_prefix_path.ps1'
[13.550s] INFO:colcon.colcon_core.shell:Creating environment descriptor '/home/mihkel/School/ThesisPractical/myros_ws/install/kf_hungarian_tracker/share/kf_hungarian_tracker/hook/ament_prefix_path.dsv'
[13.551s] INFO:colcon.colcon_core.shell:Creating environment hook '/home/mihkel/School/ThesisPractical/myros_ws/install/kf_hungarian_tracker/share/kf_hungarian_tracker/hook/ament_prefix_path.sh'
[13.643s] INFO:colcon.colcon_core.shell:Skip shell extension 'powershell' for command environment: Not usable outside of PowerShell
[13.643s] DEBUG:colcon.colcon_core.shell:Skip shell extension 'dsv' for command environment
[13.839s] DEBUG:colcon.colcon_core.event_handler.log_command:Invoked command in '/home/mihkel/School/ThesisPractical/myros_ws/build/yolov8_msgs' returned '0': CMAKE_PREFIX_PATH=/opt/ros/humble /home/mihkel/.local/bin/cmake --build /home/mihkel/School/ThesisPractical/myros_ws/build/yolov8_msgs -- -j12 -l12
[14.899s] INFO:colcon.colcon_core.task.python.build:Building Python package in '/home/mihkel/School/ThesisPractical/myros_ws/src/navigation2_dynamic/kf_hungarian_tracker'
[14.992s] INFO:colcon.colcon_core.shell:Skip shell extension 'powershell' for command environment: Not usable outside of PowerShell
[14.992s] DEBUG:colcon.colcon_core.shell:Skip shell extension 'dsv' for command environment
[15.190s] DEBUG:colcon.colcon_core.event_handler.log_command:Invoking command in '/home/mihkel/School/ThesisPractical/myros_ws/build/yolov8_msgs': CMAKE_PREFIX_PATH=/opt/ros/humble /home/mihkel/.local/bin/cmake --install /home/mihkel/School/ThesisPractical/myros_ws/build/yolov8_msgs
[15.201s] DEBUG:colcon.colcon_core.event_handler.log_command:Invoking command in '/home/mihkel/School/ThesisPractical/myros_ws/src/yolov8_ros/yolov8_ros': PYTHONPATH=/home/mihkel/School/ThesisPractical/myros_ws/build/yolov8_ros/prefix_override:/home/mihkel/School/ThesisPractical/myros_ws/install/yolov8_ros/lib/python3.10/site-packages:${PYTHONPATH} /usr/bin/python3 setup.py egg_info --egg-base ../../../build/yolov8_ros build --build-base /home/mihkel/School/ThesisPractical/myros_ws/build/yolov8_ros/build install --record /home/mihkel/School/ThesisPractical/myros_ws/build/yolov8_ros/install.log --single-version-externally-managed
[15.213s] DEBUG:colcon.colcon_core.event_handler.log_command:Invoking command in '/home/mihkel/School/ThesisPractical/myros_ws/build/semantic_segmentation': PYTHONPATH=/home/mihkel/School/ThesisPractical/myros_ws/build/semantic_segmentation/prefix_override:/home/mihkel/School/ThesisPractical/myros_ws/install/semantic_segmentation/lib/python3.10/site-packages:${PYTHONPATH} /usr/bin/python3 setup.py develop --uninstall --editable --build-directory /home/mihkel/School/ThesisPractical/myros_ws/build/semantic_segmentation/build
[15.221s] DEBUG:colcon.colcon_core.event_handler.log_command:Invoking command in '/home/mihkel/School/ThesisPractical/myros_ws/src/a_semantic_rules': PYTHONPATH=/home/mihkel/School/ThesisPractical/myros_ws/build/py_srvcli/prefix_override:/home/mihkel/School/ThesisPractical/myros_ws/install/py_srvcli/lib/python3.10/site-packages:${PYTHONPATH} /usr/bin/python3 setup.py egg_info --egg-base ../../build/py_srvcli build --build-base /home/mihkel/School/ThesisPractical/myros_ws/build/py_srvcli/build install --record /home/mihkel/School/ThesisPractical/myros_ws/build/py_srvcli/install.log --single-version-externally-managed
[15.699s] Level 1:colcon.colcon_core.environment:create_environment_scripts_only(yolov8_msgs)
[15.702s] DEBUG:colcon.colcon_core.event_handler.log_command:Invoked command in '/home/mihkel/School/ThesisPractical/myros_ws/build/yolov8_msgs' returned '0': CMAKE_PREFIX_PATH=/opt/ros/humble /home/mihkel/.local/bin/cmake --install /home/mihkel/School/ThesisPractical/myros_ws/build/yolov8_msgs
[15.828s] Level 1:colcon.colcon_core.environment:checking '/home/mihkel/School/ThesisPractical/myros_ws/install/yolov8_msgs' for CMake module files
[15.830s] Level 1:colcon.colcon_core.environment:checking '/home/mihkel/School/ThesisPractical/myros_ws/install/yolov8_msgs' for CMake config files
[15.831s] Level 1:colcon.colcon_core.shell:create_environment_hook('yolov8_msgs', 'cmake_prefix_path')
[15.924s] INFO:colcon.colcon_core.shell:Creating environment hook '/home/mihkel/School/ThesisPractical/myros_ws/install/yolov8_msgs/share/yolov8_msgs/hook/cmake_prefix_path.ps1'
[15.933s] INFO:colcon.colcon_core.shell:Creating environment descriptor '/home/mihkel/School/ThesisPractical/myros_ws/install/yolov8_msgs/share/yolov8_msgs/hook/cmake_prefix_path.dsv'
[15.934s] INFO:colcon.colcon_core.shell:Creating environment hook '/home/mihkel/School/ThesisPractical/myros_ws/install/yolov8_msgs/share/yolov8_msgs/hook/cmake_prefix_path.sh'
[15.936s] Level 1:colcon.colcon_core.environment:checking '/home/mihkel/School/ThesisPractical/myros_ws/install/yolov8_msgs/lib'
[15.936s] Level 1:colcon.colcon_core.shell:create_environment_hook('yolov8_msgs', 'ld_library_path_lib')
[16.031s] INFO:colcon.colcon_core.shell:Creating environment hook '/home/mihkel/School/ThesisPractical/myros_ws/install/yolov8_msgs/share/yolov8_msgs/hook/ld_library_path_lib.ps1'
[16.032s] INFO:colcon.colcon_core.shell:Creating environment descriptor '/home/mihkel/School/ThesisPractical/myros_ws/install/yolov8_msgs/share/yolov8_msgs/hook/ld_library_path_lib.dsv'
[16.033s] INFO:colcon.colcon_core.shell:Creating environment hook '/home/mihkel/School/ThesisPractical/myros_ws/install/yolov8_msgs/share/yolov8_msgs/hook/ld_library_path_lib.sh'
[16.034s] Level 1:colcon.colcon_core.environment:checking '/home/mihkel/School/ThesisPractical/myros_ws/install/yolov8_msgs/bin'
[16.034s] Level 1:colcon.colcon_core.environment:checking '/home/mihkel/School/ThesisPractical/myros_ws/install/yolov8_msgs/lib/pkgconfig/yolov8_msgs.pc'
[16.035s] Level 1:colcon.colcon_core.environment:checking '/home/mihkel/School/ThesisPractical/myros_ws/install/yolov8_msgs/lib/python3.10/site-packages'
[16.036s] Level 1:colcon.colcon_core.environment:checking '/home/mihkel/School/ThesisPractical/myros_ws/install/yolov8_msgs/bin'
[16.130s] INFO:colcon.colcon_core.shell:Creating package script '/home/mihkel/School/ThesisPractical/myros_ws/install/yolov8_msgs/share/yolov8_msgs/package.ps1'
[16.132s] INFO:colcon.colcon_core.shell:Creating package descriptor '/home/mihkel/School/ThesisPractical/myros_ws/install/yolov8_msgs/share/yolov8_msgs/package.dsv'
[16.133s] INFO:colcon.colcon_core.shell:Creating package script '/home/mihkel/School/ThesisPractical/myros_ws/install/yolov8_msgs/share/yolov8_msgs/package.sh'
[16.135s] INFO:colcon.colcon_core.shell:Creating package script '/home/mihkel/School/ThesisPractical/myros_ws/install/yolov8_msgs/share/yolov8_msgs/package.bash'
[16.136s] INFO:colcon.colcon_core.shell:Creating package script '/home/mihkel/School/ThesisPractical/myros_ws/install/yolov8_msgs/share/yolov8_msgs/package.zsh'
[16.137s] Level 1:colcon.colcon_core.environment:create_file_with_runtime_dependencies(/home/mihkel/School/ThesisPractical/myros_ws/install/yolov8_msgs/share/colcon-core/packages/yolov8_msgs)
[17.057s] Level 1:colcon.colcon_core.environment:create_environment_scripts_only(yolov8_msgs)
[17.177s] Level 1:colcon.colcon_core.environment:checking '/home/mihkel/School/ThesisPractical/myros_ws/install/yolov8_msgs' for CMake module files
[17.179s] Level 1:colcon.colcon_core.environment:checking '/home/mihkel/School/ThesisPractical/myros_ws/install/yolov8_msgs' for CMake config files
[17.180s] Level 1:colcon.colcon_core.shell:create_environment_hook('yolov8_msgs', 'cmake_prefix_path')
[17.276s] INFO:colcon.colcon_core.shell:Creating environment hook '/home/mihkel/School/ThesisPractical/myros_ws/install/yolov8_msgs/share/yolov8_msgs/hook/cmake_prefix_path.ps1'
[17.277s] INFO:colcon.colcon_core.shell:Creating environment descriptor '/home/mihkel/School/ThesisPractical/myros_ws/install/yolov8_msgs/share/yolov8_msgs/hook/cmake_prefix_path.dsv'
[17.278s] INFO:colcon.colcon_core.shell:Creating environment hook '/home/mihkel/School/ThesisPractical/myros_ws/install/yolov8_msgs/share/yolov8_msgs/hook/cmake_prefix_path.sh'
[17.280s] Level 1:colcon.colcon_core.environment:checking '/home/mihkel/School/ThesisPractical/myros_ws/install/yolov8_msgs/lib'
[17.280s] Level 1:colcon.colcon_core.shell:create_environment_hook('yolov8_msgs', 'ld_library_path_lib')
[17.402s] INFO:colcon.colcon_core.shell:Creating environment hook '/home/mihkel/School/ThesisPractical/myros_ws/install/yolov8_msgs/share/yolov8_msgs/hook/ld_library_path_lib.ps1'
[17.403s] INFO:colcon.colcon_core.shell:Creating environment descriptor '/home/mihkel/School/ThesisPractical/myros_ws/install/yolov8_msgs/share/yolov8_msgs/hook/ld_library_path_lib.dsv'
[17.404s] INFO:colcon.colcon_core.shell:Creating environment hook '/home/mihkel/School/ThesisPractical/myros_ws/install/yolov8_msgs/share/yolov8_msgs/hook/ld_library_path_lib.sh'
[17.406s] Level 1:colcon.colcon_core.environment:checking '/home/mihkel/School/ThesisPractical/myros_ws/install/yolov8_msgs/bin'
[17.406s] Level 1:colcon.colcon_core.environment:checking '/home/mihkel/School/ThesisPractical/myros_ws/install/yolov8_msgs/lib/pkgconfig/yolov8_msgs.pc'
[17.407s] Level 1:colcon.colcon_core.environment:checking '/home/mihkel/School/ThesisPractical/myros_ws/install/yolov8_msgs/lib/python3.10/site-packages'
[17.408s] Level 1:colcon.colcon_core.environment:checking '/home/mihkel/School/ThesisPractical/myros_ws/install/yolov8_msgs/bin'
[17.500s] INFO:colcon.colcon_core.shell:Creating package script '/home/mihkel/School/ThesisPractical/myros_ws/install/yolov8_msgs/share/yolov8_msgs/package.ps1'
[17.502s] INFO:colcon.colcon_core.shell:Creating package descriptor '/home/mihkel/School/ThesisPractical/myros_ws/install/yolov8_msgs/share/yolov8_msgs/package.dsv'
[17.503s] INFO:colcon.colcon_core.shell:Creating package script '/home/mihkel/School/ThesisPractical/myros_ws/install/yolov8_msgs/share/yolov8_msgs/package.sh'
[17.505s] INFO:colcon.colcon_core.shell:Creating package script '/home/mihkel/School/ThesisPractical/myros_ws/install/yolov8_msgs/share/yolov8_msgs/package.bash'
[17.507s] INFO:colcon.colcon_core.shell:Creating package script '/home/mihkel/School/ThesisPractical/myros_ws/install/yolov8_msgs/share/yolov8_msgs/package.zsh'
[17.508s] Level 1:colcon.colcon_core.environment:create_file_with_runtime_dependencies(/home/mihkel/School/ThesisPractical/myros_ws/install/yolov8_msgs/share/colcon-core/packages/yolov8_msgs)
[17.913s] DEBUG:colcon.colcon_core.event_handler.log_command:Invoked command in '/home/mihkel/School/ThesisPractical/myros_ws/src/yolov8_ros/yolov8_ros' returned '0': PYTHONPATH=/home/mihkel/School/ThesisPractical/myros_ws/build/yolov8_ros/prefix_override:/home/mihkel/School/ThesisPractical/myros_ws/install/yolov8_ros/lib/python3.10/site-packages:${PYTHONPATH} /usr/bin/python3 setup.py egg_info --egg-base ../../../build/yolov8_ros build --build-base /home/mihkel/School/ThesisPractical/myros_ws/build/yolov8_ros/build install --record /home/mihkel/School/ThesisPractical/myros_ws/build/yolov8_ros/install.log --single-version-externally-managed
[18.015s] Level 1:colcon.colcon_core.environment:checking '/home/mihkel/School/ThesisPractical/myros_ws/install/yolov8_ros' for CMake module files
[18.017s] Level 1:colcon.colcon_core.environment:checking '/home/mihkel/School/ThesisPractical/myros_ws/install/yolov8_ros' for CMake config files
[18.018s] Level 1:colcon.colcon_core.environment:checking '/home/mihkel/School/ThesisPractical/myros_ws/install/yolov8_ros/lib'
[18.019s] Level 1:colcon.colcon_core.environment:checking '/home/mihkel/School/ThesisPractical/myros_ws/install/yolov8_ros/bin'
[18.019s] Level 1:colcon.colcon_core.environment:checking '/home/mihkel/School/ThesisPractical/myros_ws/install/yolov8_ros/lib/pkgconfig/yolov8_ros.pc'
[18.020s] Level 1:colcon.colcon_core.environment:checking '/home/mihkel/School/ThesisPractical/myros_ws/install/yolov8_ros/lib/python3.10/site-packages'
[18.020s] Level 1:colcon.colcon_core.shell:create_environment_hook('yolov8_ros', 'pythonpath')
[18.116s] INFO:colcon.colcon_core.shell:Creating environment hook '/home/mihkel/School/ThesisPractical/myros_ws/install/yolov8_ros/share/yolov8_ros/hook/pythonpath.ps1'
[18.118s] INFO:colcon.colcon_core.shell:Creating environment descriptor '/home/mihkel/School/ThesisPractical/myros_ws/install/yolov8_ros/share/yolov8_ros/hook/pythonpath.dsv'
[18.119s] INFO:colcon.colcon_core.shell:Creating environment hook '/home/mihkel/School/ThesisPractical/myros_ws/install/yolov8_ros/share/yolov8_ros/hook/pythonpath.sh'
[18.122s] Level 1:colcon.colcon_core.environment:checking '/home/mihkel/School/ThesisPractical/myros_ws/install/yolov8_ros/bin'
[18.122s] Level 1:colcon.colcon_core.environment:create_environment_scripts_only(yolov8_ros)
[18.221s] INFO:colcon.colcon_core.shell:Creating package script '/home/mihkel/School/ThesisPractical/myros_ws/install/yolov8_ros/share/yolov8_ros/package.ps1'
[18.223s] INFO:colcon.colcon_core.shell:Creating package descriptor '/home/mihkel/School/ThesisPractical/myros_ws/install/yolov8_ros/share/yolov8_ros/package.dsv'
[18.225s] INFO:colcon.colcon_core.shell:Creating package script '/home/mihkel/School/ThesisPractical/myros_ws/install/yolov8_ros/share/yolov8_ros/package.sh'
[18.227s] INFO:colcon.colcon_core.shell:Creating package script '/home/mihkel/School/ThesisPractical/myros_ws/install/yolov8_ros/share/yolov8_ros/package.bash'
[18.228s] INFO:colcon.colcon_core.shell:Creating package script '/home/mihkel/School/ThesisPractical/myros_ws/install/yolov8_ros/share/yolov8_ros/package.zsh'
[18.229s] Level 1:colcon.colcon_core.environment:create_file_with_runtime_dependencies(/home/mihkel/School/ThesisPractical/myros_ws/install/yolov8_ros/share/colcon-core/packages/yolov8_ros)
[18.231s] INFO:colcon.colcon_ros.task.ament_cmake.build:Building ROS package in '/home/mihkel/School/ThesisPractical/myros_ws/src/yolov8_ros/yolov8_bringup' with build type 'ament_cmake'
[18.232s] INFO:colcon.colcon_cmake.task.cmake.build:Building CMake package in '/home/mihkel/School/ThesisPractical/myros_ws/src/yolov8_ros/yolov8_bringup'
[18.338s] INFO:colcon.colcon_core.shell:Skip shell extension 'powershell' for command environment: Not usable outside of PowerShell
[18.338s] DEBUG:colcon.colcon_core.shell:Skip shell extension 'dsv' for command environment
[18.542s] DEBUG:colcon.colcon_core.event_handler.log_command:Invoking command in '/home/mihkel/School/ThesisPractical/myros_ws/src/navigation2_dynamic/kf_hungarian_tracker': AMENT_PREFIX_PATH=/home/mihkel/School/ThesisPractical/myros_ws/install/nav2_dynamic_msgs:${AMENT_PREFIX_PATH} CMAKE_PREFIX_PATH=/home/mihkel/School/ThesisPractical/myros_ws/install/nav2_dynamic_msgs LD_LIBRARY_PATH=/home/mihkel/School/ThesisPractical/myros_ws/install/nav2_dynamic_msgs/lib:${LD_LIBRARY_PATH} PYTHONPATH=/home/mihkel/School/ThesisPractical/myros_ws/build/kf_hungarian_tracker/prefix_override:/home/mihkel/School/ThesisPractical/myros_ws/install/kf_hungarian_tracker/lib/python3.10/site-packages:/home/mihkel/School/ThesisPractical/myros_ws/install/nav2_dynamic_msgs/local/lib/python3.10/dist-packages:${PYTHONPATH} /usr/bin/python3 setup.py egg_info --egg-base ../../../build/kf_hungarian_tracker build --build-base /home/mihkel/School/ThesisPractical/myros_ws/build/kf_hungarian_tracker/build install --record /home/mihkel/School/ThesisPractical/myros_ws/build/kf_hungarian_tracker/install.log --install-scripts $base/lib/kf_hungarian_tracker --single-version-externally-managed
[18.544s] DEBUG:colcon.colcon_core.event_handler.log_command:Invoked command in '/home/mihkel/School/ThesisPractical/myros_ws/src/a_semantic_rules' returned '0': PYTHONPATH=/home/mihkel/School/ThesisPractical/myros_ws/build/py_srvcli/prefix_override:/home/mihkel/School/ThesisPractical/myros_ws/install/py_srvcli/lib/python3.10/site-packages:${PYTHONPATH} /usr/bin/python3 setup.py egg_info --egg-base ../../build/py_srvcli build --build-base /home/mihkel/School/ThesisPractical/myros_ws/build/py_srvcli/build install --record /home/mihkel/School/ThesisPractical/myros_ws/build/py_srvcli/install.log --single-version-externally-managed
[18.638s] Level 1:colcon.colcon_core.environment:checking '/home/mihkel/School/ThesisPractical/myros_ws/install/py_srvcli' for CMake module files
[18.639s] Level 1:colcon.colcon_core.environment:checking '/home/mihkel/School/ThesisPractical/myros_ws/install/py_srvcli' for CMake config files
[18.641s] Level 1:colcon.colcon_core.environment:checking '/home/mihkel/School/ThesisPractical/myros_ws/install/py_srvcli/lib'
[18.641s] Level 1:colcon.colcon_core.environment:checking '/home/mihkel/School/ThesisPractical/myros_ws/install/py_srvcli/bin'
[18.641s] Level 1:colcon.colcon_core.environment:checking '/home/mihkel/School/ThesisPractical/myros_ws/install/py_srvcli/lib/pkgconfig/py_srvcli.pc'
[18.642s] Level 1:colcon.colcon_core.environment:checking '/home/mihkel/School/ThesisPractical/myros_ws/install/py_srvcli/lib/python3.10/site-packages'
[18.643s] Level 1:colcon.colcon_core.shell:create_environment_hook('py_srvcli', 'pythonpath')
[18.736s] INFO:colcon.colcon_core.shell:Creating environment hook '/home/mihkel/School/ThesisPractical/myros_ws/install/py_srvcli/share/py_srvcli/hook/pythonpath.ps1'
[18.738s] INFO:colcon.colcon_core.shell:Creating environment descriptor '/home/mihkel/School/ThesisPractical/myros_ws/install/py_srvcli/share/py_srvcli/hook/pythonpath.dsv'
[18.739s] INFO:colcon.colcon_core.shell:Creating environment hook '/home/mihkel/School/ThesisPractical/myros_ws/install/py_srvcli/share/py_srvcli/hook/pythonpath.sh'
[18.740s] Level 1:colcon.colcon_core.environment:checking '/home/mihkel/School/ThesisPractical/myros_ws/install/py_srvcli/bin'
[18.741s] Level 1:colcon.colcon_core.environment:create_environment_scripts_only(py_srvcli)
[18.835s] INFO:colcon.colcon_core.shell:Creating package script '/home/mihkel/School/ThesisPractical/myros_ws/install/py_srvcli/share/py_srvcli/package.ps1'
[18.837s] INFO:colcon.colcon_core.shell:Creating package descriptor '/home/mihkel/School/ThesisPractical/myros_ws/install/py_srvcli/share/py_srvcli/package.dsv'
[18.838s] INFO:colcon.colcon_core.shell:Creating package script '/home/mihkel/School/ThesisPractical/myros_ws/install/py_srvcli/share/py_srvcli/package.sh'
[18.840s] INFO:colcon.colcon_core.shell:Creating package script '/home/mihkel/School/ThesisPractical/myros_ws/install/py_srvcli/share/py_srvcli/package.bash'
[18.841s] INFO:colcon.colcon_core.shell:Creating package script '/home/mihkel/School/ThesisPractical/myros_ws/install/py_srvcli/share/py_srvcli/package.zsh'
[18.842s] Level 1:colcon.colcon_core.environment:create_file_with_runtime_dependencies(/home/mihkel/School/ThesisPractical/myros_ws/install/py_srvcli/share/colcon-core/packages/py_srvcli)
[18.845s] DEBUG:colcon.colcon_core.event_handler.log_command:Invoked command in '/home/mihkel/School/ThesisPractical/myros_ws/build/semantic_segmentation' returned '0': PYTHONPATH=/home/mihkel/School/ThesisPractical/myros_ws/build/semantic_segmentation/prefix_override:/home/mihkel/School/ThesisPractical/myros_ws/install/semantic_segmentation/lib/python3.10/site-packages:${PYTHONPATH} /usr/bin/python3 setup.py develop --uninstall --editable --build-directory /home/mihkel/School/ThesisPractical/myros_ws/build/semantic_segmentation/build
[18.858s] DEBUG:colcon.colcon_core.event_handler.log_command:Invoking command in '/home/mihkel/School/ThesisPractical/myros_ws/src/semantic_segmentation': PYTHONPATH=/home/mihkel/School/ThesisPractical/myros_ws/build/semantic_segmentation/prefix_override:/home/mihkel/School/ThesisPractical/myros_ws/install/semantic_segmentation/lib/python3.10/site-packages:${PYTHONPATH} /usr/bin/python3 setup.py egg_info --egg-base ../../build/semantic_segmentation build --build-base /home/mihkel/School/ThesisPractical/myros_ws/build/semantic_segmentation/build install --record /home/mihkel/School/ThesisPractical/myros_ws/build/semantic_segmentation/install.log --single-version-externally-managed
[18.864s] DEBUG:colcon.colcon_core.event_handler.log_command:Invoking command in '/home/mihkel/School/ThesisPractical/myros_ws/build/yolov8_bringup': AMENT_PREFIX_PATH=/home/mihkel/School/ThesisPractical/myros_ws/install/yolov8_ros:${AMENT_PREFIX_PATH} CMAKE_PREFIX_PATH=/opt/ros/humble PYTHONPATH=/home/mihkel/School/ThesisPractical/myros_ws/install/yolov8_ros/lib/python3.10/site-packages:${PYTHONPATH} /home/mihkel/.local/bin/cmake /home/mihkel/School/ThesisPractical/myros_ws/src/yolov8_ros/yolov8_bringup -DCMAKE_INSTALL_PREFIX=/home/mihkel/School/ThesisPractical/myros_ws/install/yolov8_bringup
[21.299s] DEBUG:colcon.colcon_core.event_handler.log_command:Invoked command in '/home/mihkel/School/ThesisPractical/myros_ws/src/navigation2_dynamic/kf_hungarian_tracker' returned '0': AMENT_PREFIX_PATH=/home/mihkel/School/ThesisPractical/myros_ws/install/nav2_dynamic_msgs:${AMENT_PREFIX_PATH} CMAKE_PREFIX_PATH=/home/mihkel/School/ThesisPractical/myros_ws/install/nav2_dynamic_msgs LD_LIBRARY_PATH=/home/mihkel/School/ThesisPractical/myros_ws/install/nav2_dynamic_msgs/lib:${LD_LIBRARY_PATH} PYTHONPATH=/home/mihkel/School/ThesisPractical/myros_ws/build/kf_hungarian_tracker/prefix_override:/home/mihkel/School/ThesisPractical/myros_ws/install/kf_hungarian_tracker/lib/python3.10/site-packages:/home/mihkel/School/ThesisPractical/myros_ws/install/nav2_dynamic_msgs/local/lib/python3.10/dist-packages:${PYTHONPATH} /usr/bin/python3 setup.py egg_info --egg-base ../../../build/kf_hungarian_tracker build --build-base /home/mihkel/School/ThesisPractical/myros_ws/build/kf_hungarian_tracker/build install --record /home/mihkel/School/ThesisPractical/myros_ws/build/kf_hungarian_tracker/install.log --install-scripts $base/lib/kf_hungarian_tracker --single-version-externally-managed
[21.425s] Level 1:colcon.colcon_core.environment:checking '/home/mihkel/School/ThesisPractical/myros_ws/install/kf_hungarian_tracker' for CMake module files
[21.427s] Level 1:colcon.colcon_core.environment:checking '/home/mihkel/School/ThesisPractical/myros_ws/install/kf_hungarian_tracker' for CMake config files
[21.429s] Level 1:colcon.colcon_core.environment:checking '/home/mihkel/School/ThesisPractical/myros_ws/install/kf_hungarian_tracker/lib'
[21.429s] Level 1:colcon.colcon_core.environment:checking '/home/mihkel/School/ThesisPractical/myros_ws/install/kf_hungarian_tracker/bin'
[21.430s] Level 1:colcon.colcon_core.environment:checking '/home/mihkel/School/ThesisPractical/myros_ws/install/kf_hungarian_tracker/lib/pkgconfig/kf_hungarian_tracker.pc'
[21.431s] Level 1:colcon.colcon_core.environment:checking '/home/mihkel/School/ThesisPractical/myros_ws/install/kf_hungarian_tracker/lib/python3.10/site-packages'
[21.431s] Level 1:colcon.colcon_core.shell:create_environment_hook('kf_hungarian_tracker', 'pythonpath')
[21.526s] INFO:colcon.colcon_core.shell:Creating environment hook '/home/mihkel/School/ThesisPractical/myros_ws/install/kf_hungarian_tracker/share/kf_hungarian_tracker/hook/pythonpath.ps1'
[21.528s] INFO:colcon.colcon_core.shell:Creating environment descriptor '/home/mihkel/School/ThesisPractical/myros_ws/install/kf_hungarian_tracker/share/kf_hungarian_tracker/hook/pythonpath.dsv'
[21.529s] INFO:colcon.colcon_core.shell:Creating environment hook '/home/mihkel/School/ThesisPractical/myros_ws/install/kf_hungarian_tracker/share/kf_hungarian_tracker/hook/pythonpath.sh'
[21.531s] Level 1:colcon.colcon_core.environment:checking '/home/mihkel/School/ThesisPractical/myros_ws/install/kf_hungarian_tracker/bin'
[21.531s] Level 1:colcon.colcon_core.environment:create_environment_scripts_only(kf_hungarian_tracker)
[21.627s] INFO:colcon.colcon_core.shell:Creating package script '/home/mihkel/School/ThesisPractical/myros_ws/install/kf_hungarian_tracker/share/kf_hungarian_tracker/package.ps1'
[21.629s] INFO:colcon.colcon_core.shell:Creating package descriptor '/home/mihkel/School/ThesisPractical/myros_ws/install/kf_hungarian_tracker/share/kf_hungarian_tracker/package.dsv'
[21.631s] INFO:colcon.colcon_core.shell:Creating package script '/home/mihkel/School/ThesisPractical/myros_ws/install/kf_hungarian_tracker/share/kf_hungarian_tracker/package.sh'
[21.632s] INFO:colcon.colcon_core.shell:Creating package script '/home/mihkel/School/ThesisPractical/myros_ws/install/kf_hungarian_tracker/share/kf_hungarian_tracker/package.bash'
[21.633s] INFO:colcon.colcon_core.shell:Creating package script '/home/mihkel/School/ThesisPractical/myros_ws/install/kf_hungarian_tracker/share/kf_hungarian_tracker/package.zsh'
[21.634s] Level 1:colcon.colcon_core.environment:create_file_with_runtime_dependencies(/home/mihkel/School/ThesisPractical/myros_ws/install/kf_hungarian_tracker/share/colcon-core/packages/kf_hungarian_tracker)
[21.640s] DEBUG:colcon.colcon_core.event_handler.log_command:Invoked command in '/home/mihkel/School/ThesisPractical/myros_ws/src/semantic_segmentation' returned '0': PYTHONPATH=/home/mihkel/School/ThesisPractical/myros_ws/build/semantic_segmentation/prefix_override:/home/mihkel/School/ThesisPractical/myros_ws/install/semantic_segmentation/lib/python3.10/site-packages:${PYTHONPATH} /usr/bin/python3 setup.py egg_info --egg-base ../../build/semantic_segmentation build --build-base /home/mihkel/School/ThesisPractical/myros_ws/build/semantic_segmentation/build install --record /home/mihkel/School/ThesisPractical/myros_ws/build/semantic_segmentation/install.log --single-version-externally-managed
[21.737s] Level 1:colcon.colcon_core.environment:checking '/home/mihkel/School/ThesisPractical/myros_ws/install/semantic_segmentation' for CMake module files
[21.738s] Level 1:colcon.colcon_core.environment:checking '/home/mihkel/School/ThesisPractical/myros_ws/install/semantic_segmentation' for CMake config files
[21.741s] Level 1:colcon.colcon_core.environment:checking '/home/mihkel/School/ThesisPractical/myros_ws/install/semantic_segmentation/lib'
[21.741s] Level 1:colcon.colcon_core.environment:checking '/home/mihkel/School/ThesisPractical/myros_ws/install/semantic_segmentation/bin'
[21.742s] Level 1:colcon.colcon_core.environment:checking '/home/mihkel/School/ThesisPractical/myros_ws/install/semantic_segmentation/lib/pkgconfig/semantic_segmentation.pc'
[21.742s] Level 1:colcon.colcon_core.environment:checking '/home/mihkel/School/ThesisPractical/myros_ws/install/semantic_segmentation/lib/python3.10/site-packages'
[21.743s] Level 1:colcon.colcon_core.shell:create_environment_hook('semantic_segmentation', 'pythonpath')
[21.840s] INFO:colcon.colcon_core.shell:Creating environment hook '/home/mihkel/School/ThesisPractical/myros_ws/install/semantic_segmentation/share/semantic_segmentation/hook/pythonpath.ps1'
[21.845s] INFO:colcon.colcon_core.shell:Creating environment descriptor '/home/mihkel/School/ThesisPractical/myros_ws/install/semantic_segmentation/share/semantic_segmentation/hook/pythonpath.dsv'
[21.846s] INFO:colcon.colcon_core.shell:Creating environment hook '/home/mihkel/School/ThesisPractical/myros_ws/install/semantic_segmentation/share/semantic_segmentation/hook/pythonpath.sh'
[21.848s] Level 1:colcon.colcon_core.environment:checking '/home/mihkel/School/ThesisPractical/myros_ws/install/semantic_segmentation/bin'
[21.848s] Level 1:colcon.colcon_core.environment:create_environment_scripts_only(semantic_segmentation)
[21.946s] INFO:colcon.colcon_core.shell:Creating package script '/home/mihkel/School/ThesisPractical/myros_ws/install/semantic_segmentation/share/semantic_segmentation/package.ps1'
[21.948s] INFO:colcon.colcon_core.shell:Creating package descriptor '/home/mihkel/School/ThesisPractical/myros_ws/install/semantic_segmentation/share/semantic_segmentation/package.dsv'
[21.949s] INFO:colcon.colcon_core.shell:Creating package script '/home/mihkel/School/ThesisPractical/myros_ws/install/semantic_segmentation/share/semantic_segmentation/package.sh'
[21.950s] INFO:colcon.colcon_core.shell:Creating package script '/home/mihkel/School/ThesisPractical/myros_ws/install/semantic_segmentation/share/semantic_segmentation/package.bash'
[21.951s] INFO:colcon.colcon_core.shell:Creating package script '/home/mihkel/School/ThesisPractical/myros_ws/install/semantic_segmentation/share/semantic_segmentation/package.zsh'
[21.955s] Level 1:colcon.colcon_core.environment:create_file_with_runtime_dependencies(/home/mihkel/School/ThesisPractical/myros_ws/install/semantic_segmentation/share/colcon-core/packages/semantic_segmentation)
[24.503s] DEBUG:colcon.colcon_core.event_handler.log_command:Invoked command in '/home/mihkel/School/ThesisPractical/myros_ws/build/yolov8_bringup' returned '0': AMENT_PREFIX_PATH=/home/mihkel/School/ThesisPractical/myros_ws/install/yolov8_ros:${AMENT_PREFIX_PATH} CMAKE_PREFIX_PATH=/opt/ros/humble PYTHONPATH=/home/mihkel/School/ThesisPractical/myros_ws/install/yolov8_ros/lib/python3.10/site-packages:${PYTHONPATH} /home/mihkel/.local/bin/cmake /home/mihkel/School/ThesisPractical/myros_ws/src/yolov8_ros/yolov8_bringup -DCMAKE_INSTALL_PREFIX=/home/mihkel/School/ThesisPractical/myros_ws/install/yolov8_bringup
[24.509s] DEBUG:colcon.colcon_core.event_handler.log_command:Invoking command in '/home/mihkel/School/ThesisPractical/myros_ws/build/yolov8_bringup': AMENT_PREFIX_PATH=/home/mihkel/School/ThesisPractical/myros_ws/install/yolov8_ros:${AMENT_PREFIX_PATH} CMAKE_PREFIX_PATH=/opt/ros/humble PYTHONPATH=/home/mihkel/School/ThesisPractical/myros_ws/install/yolov8_ros/lib/python3.10/site-packages:${PYTHONPATH} /home/mihkel/.local/bin/cmake --build /home/mihkel/School/ThesisPractical/myros_ws/build/yolov8_bringup -- -j12 -l12
[24.655s] DEBUG:colcon.colcon_core.event_handler.log_command:Invoked command in '/home/mihkel/School/ThesisPractical/myros_ws/build/yolov8_bringup' returned '0': AMENT_PREFIX_PATH=/home/mihkel/School/ThesisPractical/myros_ws/install/yolov8_ros:${AMENT_PREFIX_PATH} CMAKE_PREFIX_PATH=/opt/ros/humble PYTHONPATH=/home/mihkel/School/ThesisPractical/myros_ws/install/yolov8_ros/lib/python3.10/site-packages:${PYTHONPATH} /home/mihkel/.local/bin/cmake --build /home/mihkel/School/ThesisPractical/myros_ws/build/yolov8_bringup -- -j12 -l12
[24.807s] DEBUG:colcon.colcon_core.event_handler.log_command:Invoking command in '/home/mihkel/School/ThesisPractical/myros_ws/build/yolov8_bringup': AMENT_PREFIX_PATH=/home/mihkel/School/ThesisPractical/myros_ws/install/yolov8_ros:${AMENT_PREFIX_PATH} CMAKE_PREFIX_PATH=/opt/ros/humble PYTHONPATH=/home/mihkel/School/ThesisPractical/myros_ws/install/yolov8_ros/lib/python3.10/site-packages:${PYTHONPATH} /home/mihkel/.local/bin/cmake --install /home/mihkel/School/ThesisPractical/myros_ws/build/yolov8_bringup
[24.930s] Level 1:colcon.colcon_core.environment:create_environment_scripts_only(yolov8_bringup)
[24.932s] DEBUG:colcon.colcon_core.event_handler.log_command:Invoked command in '/home/mihkel/School/ThesisPractical/myros_ws/build/yolov8_bringup' returned '0': AMENT_PREFIX_PATH=/home/mihkel/School/ThesisPractical/myros_ws/install/yolov8_ros:${AMENT_PREFIX_PATH} CMAKE_PREFIX_PATH=/opt/ros/humble PYTHONPATH=/home/mihkel/School/ThesisPractical/myros_ws/install/yolov8_ros/lib/python3.10/site-packages:${PYTHONPATH} /home/mihkel/.local/bin/cmake --install /home/mihkel/School/ThesisPractical/myros_ws/build/yolov8_bringup
[25.025s] Level 1:colcon.colcon_core.environment:checking '/home/mihkel/School/ThesisPractical/myros_ws/install/yolov8_bringup' for CMake module files
[25.027s] Level 1:colcon.colcon_core.environment:checking '/home/mihkel/School/ThesisPractical/myros_ws/install/yolov8_bringup' for CMake config files
[25.027s] Level 1:colcon.colcon_core.shell:create_environment_hook('yolov8_bringup', 'cmake_prefix_path')
[25.121s] INFO:colcon.colcon_core.shell:Creating environment hook '/home/mihkel/School/ThesisPractical/myros_ws/install/yolov8_bringup/share/yolov8_bringup/hook/cmake_prefix_path.ps1'
[25.122s] INFO:colcon.colcon_core.shell:Creating environment descriptor '/home/mihkel/School/ThesisPractical/myros_ws/install/yolov8_bringup/share/yolov8_bringup/hook/cmake_prefix_path.dsv'
[25.123s] INFO:colcon.colcon_core.shell:Creating environment hook '/home/mihkel/School/ThesisPractical/myros_ws/install/yolov8_bringup/share/yolov8_bringup/hook/cmake_prefix_path.sh'
[25.125s] Level 1:colcon.colcon_core.environment:checking '/home/mihkel/School/ThesisPractical/myros_ws/install/yolov8_bringup/bin'
[25.125s] Level 1:colcon.colcon_core.environment:checking '/home/mihkel/School/ThesisPractical/myros_ws/install/yolov8_bringup/lib/pkgconfig/yolov8_bringup.pc'
[25.126s] Level 1:colcon.colcon_core.environment:checking '/home/mihkel/School/ThesisPractical/myros_ws/install/yolov8_bringup/lib/python3.10/site-packages'
[25.127s] Level 1:colcon.colcon_core.environment:checking '/home/mihkel/School/ThesisPractical/myros_ws/install/yolov8_bringup/bin'
[25.221s] INFO:colcon.colcon_core.shell:Creating package script '/home/mihkel/School/ThesisPractical/myros_ws/install/yolov8_bringup/share/yolov8_bringup/package.ps1'
[25.223s] INFO:colcon.colcon_core.shell:Creating package descriptor '/home/mihkel/School/ThesisPractical/myros_ws/install/yolov8_bringup/share/yolov8_bringup/package.dsv'
[25.224s] INFO:colcon.colcon_core.shell:Creating package script '/home/mihkel/School/ThesisPractical/myros_ws/install/yolov8_bringup/share/yolov8_bringup/package.sh'
[25.225s] INFO:colcon.colcon_core.shell:Creating package script '/home/mihkel/School/ThesisPractical/myros_ws/install/yolov8_bringup/share/yolov8_bringup/package.bash'
[25.226s] INFO:colcon.colcon_core.shell:Creating package script '/home/mihkel/School/ThesisPractical/myros_ws/install/yolov8_bringup/share/yolov8_bringup/package.zsh'
[25.227s] Level 1:colcon.colcon_core.environment:create_file_with_runtime_dependencies(/home/mihkel/School/ThesisPractical/myros_ws/install/yolov8_bringup/share/colcon-core/packages/yolov8_bringup)
[25.470s] Level 1:colcon.colcon_core.environment:create_environment_scripts_only(yolov8_bringup)
[25.568s] Level 1:colcon.colcon_core.environment:checking '/home/mihkel/School/ThesisPractical/myros_ws/install/yolov8_bringup' for CMake module files
[25.570s] Level 1:colcon.colcon_core.environment:checking '/home/mihkel/School/ThesisPractical/myros_ws/install/yolov8_bringup' for CMake config files
[25.570s] Level 1:colcon.colcon_core.shell:create_environment_hook('yolov8_bringup', 'cmake_prefix_path')
[25.668s] INFO:colcon.colcon_core.shell:Creating environment hook '/home/mihkel/School/ThesisPractical/myros_ws/install/yolov8_bringup/share/yolov8_bringup/hook/cmake_prefix_path.ps1'
[25.669s] INFO:colcon.colcon_core.shell:Creating environment descriptor '/home/mihkel/School/ThesisPractical/myros_ws/install/yolov8_bringup/share/yolov8_bringup/hook/cmake_prefix_path.dsv'
[25.670s] INFO:colcon.colcon_core.shell:Creating environment hook '/home/mihkel/School/ThesisPractical/myros_ws/install/yolov8_bringup/share/yolov8_bringup/hook/cmake_prefix_path.sh'
[25.672s] Level 1:colcon.colcon_core.environment:checking '/home/mihkel/School/ThesisPractical/myros_ws/install/yolov8_bringup/bin'
[25.672s] Level 1:colcon.colcon_core.environment:checking '/home/mihkel/School/ThesisPractical/myros_ws/install/yolov8_bringup/lib/pkgconfig/yolov8_bringup.pc'
[25.673s] Level 1:colcon.colcon_core.environment:checking '/home/mihkel/School/ThesisPractical/myros_ws/install/yolov8_bringup/lib/python3.10/site-packages'
[25.674s] Level 1:colcon.colcon_core.environment:checking '/home/mihkel/School/ThesisPractical/myros_ws/install/yolov8_bringup/bin'
[25.771s] INFO:colcon.colcon_core.shell:Creating package script '/home/mihkel/School/ThesisPractical/myros_ws/install/yolov8_bringup/share/yolov8_bringup/package.ps1'
[25.772s] INFO:colcon.colcon_core.shell:Creating package descriptor '/home/mihkel/School/ThesisPractical/myros_ws/install/yolov8_bringup/share/yolov8_bringup/package.dsv'
[25.774s] INFO:colcon.colcon_core.shell:Creating package script '/home/mihkel/School/ThesisPractical/myros_ws/install/yolov8_bringup/share/yolov8_bringup/package.sh'
[25.776s] INFO:colcon.colcon_core.shell:Creating package script '/home/mihkel/School/ThesisPractical/myros_ws/install/yolov8_bringup/share/yolov8_bringup/package.bash'
[25.777s] INFO:colcon.colcon_core.shell:Creating package script '/home/mihkel/School/ThesisPractical/myros_ws/install/yolov8_bringup/share/yolov8_bringup/package.zsh'
[25.778s] Level 1:colcon.colcon_core.environment:create_file_with_runtime_dependencies(/home/mihkel/School/ThesisPractical/myros_ws/install/yolov8_bringup/share/colcon-core/packages/yolov8_bringup)
[25.779s] DEBUG:colcon.colcon_parallel_executor.executor.parallel:closing loop
[25.780s] DEBUG:colcon.colcon_parallel_executor.executor.parallel:loop closed
[25.780s] DEBUG:colcon.colcon_parallel_executor.executor.parallel:run_until_complete finished with '0'
[25.781s] DEBUG:colcon.colcon_core.event_reactor:joining thread
[25.893s] INFO:colcon.colcon_core.plugin_system:Skipping extension 'colcon_notification.desktop_notification.terminal_notifier': Not used on non-Darwin systems
[25.894s] INFO:colcon.colcon_core.plugin_system:Skipping extension 'colcon_notification.desktop_notification.win32': Not used on non-Windows systems
[25.894s] INFO:colcon.colcon_notification.desktop_notification:Sending desktop notification using 'notify2'
[25.930s] DEBUG:colcon.colcon_core.event_reactor:joined thread
[26.027s] INFO:colcon.colcon_core.shell:Creating prefix script '/home/mihkel/School/ThesisPractical/myros_ws/install/local_setup.ps1'
[26.030s] INFO:colcon.colcon_core.shell:Creating prefix util module '/home/mihkel/School/ThesisPractical/myros_ws/install/_local_setup_util_ps1.py'
[26.035s] INFO:colcon.colcon_core.shell:Creating prefix chain script '/home/mihkel/School/ThesisPractical/myros_ws/install/setup.ps1'
[26.132s] INFO:colcon.colcon_core.shell:Creating prefix script '/home/mihkel/School/ThesisPractical/myros_ws/install/local_setup.sh'
[26.134s] INFO:colcon.colcon_core.shell:Creating prefix util module '/home/mihkel/School/ThesisPractical/myros_ws/install/_local_setup_util_sh.py'
[26.136s] INFO:colcon.colcon_core.shell:Creating prefix chain script '/home/mihkel/School/ThesisPractical/myros_ws/install/setup.sh'
[26.234s] INFO:colcon.colcon_core.shell:Creating prefix script '/home/mihkel/School/ThesisPractical/myros_ws/install/local_setup.bash'
[26.235s] INFO:colcon.colcon_core.shell:Creating prefix chain script '/home/mihkel/School/ThesisPractical/myros_ws/install/setup.bash'
[26.330s] INFO:colcon.colcon_core.shell:Creating prefix script '/home/mihkel/School/ThesisPractical/myros_ws/install/local_setup.zsh'
[26.332s] INFO:colcon.colcon_core.shell:Creating prefix chain script '/home/mihkel/School/ThesisPractical/myros_ws/install/setup.zsh'
