[2.652s] Invoking command in '/home/mihkel/School/ThesisPractical/ros2_ws/src/robot_ros2': PYTHONPATH=/home/mihkel/School/ThesisPractical/ros2_ws/build/hospital_carrier/prefix_override:/home/mihkel/School/ThesisPractical/ros2_ws/install/hospital_carrier/lib/python3.10/site-packages:${PYTHONPATH} /usr/bin/python3 setup.py egg_info --egg-base ../../build/hospital_carrier build --build-base /home/mihkel/School/ThesisPractical/ros2_ws/build/hospital_carrier/build install --record /home/mihkel/School/ThesisPractical/ros2_ws/build/hospital_carrier/install.log --single-version-externally-managed
[3.540s] running egg_info
[3.542s] creating ../../build/hospital_carrier/hospital_carrier.egg-info
[3.542s] writing ../../build/hospital_carrier/hospital_carrier.egg-info/PKG-INFO
[3.543s] writing dependency_links to ../../build/hospital_carrier/hospital_carrier.egg-info/dependency_links.txt
[3.543s] writing entry points to ../../build/hospital_carrier/hospital_carrier.egg-info/entry_points.txt
[3.544s] writing requirements to ../../build/hospital_carrier/hospital_carrier.egg-info/requires.txt
[3.544s] writing top-level names to ../../build/hospital_carrier/hospital_carrier.egg-info/top_level.txt
[3.545s] writing manifest file '../../build/hospital_carrier/hospital_carrier.egg-info/SOURCES.txt'
[3.551s] reading manifest file '../../build/hospital_carrier/hospital_carrier.egg-info/SOURCES.txt'
[3.554s] writing manifest file '../../build/hospital_carrier/hospital_carrier.egg-info/SOURCES.txt'
[3.554s] running build
[3.555s] running build_py
[3.555s] creating /home/mihkel/School/ThesisPractical/ros2_ws/build/hospital_carrier/build
[3.556s] creating /home/mihkel/School/ThesisPractical/ros2_ws/build/hospital_carrier/build/lib
[3.557s] creating /home/mihkel/School/ThesisPractical/ros2_ws/build/hospital_carrier/build/lib/hospital_carrier
[3.557s] copying hospital_carrier/Controllers.py -> /home/mihkel/School/ThesisPractical/ros2_ws/build/hospital_carrier/build/lib/hospital_carrier
[3.557s] copying hospital_carrier/EncoderSim.py -> /home/mihkel/School/ThesisPractical/ros2_ws/build/hospital_carrier/build/lib/hospital_carrier
[3.558s] copying hospital_carrier/ObjDetectionExample.py -> /home/mihkel/School/ThesisPractical/ros2_ws/build/hospital_carrier/build/lib/hospital_carrier
[3.558s] copying hospital_carrier/PS4Controller.py -> /home/mihkel/School/ThesisPractical/ros2_ws/build/hospital_carrier/build/lib/hospital_carrier
[3.559s] copying hospital_carrier/MqttVideoStreamer.py -> /home/mihkel/School/ThesisPractical/ros2_ws/build/hospital_carrier/build/lib/hospital_carrier
[3.560s] copying hospital_carrier/Odrives.py -> /home/mihkel/School/ThesisPractical/ros2_ws/build/hospital_carrier/build/lib/hospital_carrier
[3.560s] copying hospital_carrier/MqttListener.py -> /home/mihkel/School/ThesisPractical/ros2_ws/build/hospital_carrier/build/lib/hospital_carrier
[3.561s] copying hospital_carrier/odrives_calibrate.py -> /home/mihkel/School/ThesisPractical/ros2_ws/build/hospital_carrier/build/lib/hospital_carrier
[3.561s] copying hospital_carrier/ObstacleAvoidanceHelpers.py -> /home/mihkel/School/ThesisPractical/ros2_ws/build/hospital_carrier/build/lib/hospital_carrier
[3.561s] copying hospital_carrier/ReadQR.py -> /home/mihkel/School/ThesisPractical/ros2_ws/build/hospital_carrier/build/lib/hospital_carrier
[3.562s] copying hospital_carrier/odrive_axes_of.py -> /home/mihkel/School/ThesisPractical/ros2_ws/build/hospital_carrier/build/lib/hospital_carrier
[3.562s] copying hospital_carrier/open3d_ros_helper.py -> /home/mihkel/School/ThesisPractical/ros2_ws/build/hospital_carrier/build/lib/hospital_carrier
[3.563s] copying hospital_carrier/ColorPicker.py -> /home/mihkel/School/ThesisPractical/ros2_ws/build/hospital_carrier/build/lib/hospital_carrier
[3.563s] copying hospital_carrier/odrive_connection.py -> /home/mihkel/School/ThesisPractical/ros2_ws/build/hospital_carrier/build/lib/hospital_carrier
[3.564s] copying hospital_carrier/Localizer.py -> /home/mihkel/School/ThesisPractical/ros2_ws/build/hospital_carrier/build/lib/hospital_carrier
[3.564s] copying hospital_carrier/odrive_errors.py -> /home/mihkel/School/ThesisPractical/ros2_ws/build/hospital_carrier/build/lib/hospital_carrier
[3.565s] copying hospital_carrier/omniwheel_velocity_calc.py -> /home/mihkel/School/ThesisPractical/ros2_ws/build/hospital_carrier/build/lib/hospital_carrier
[3.565s] copying hospital_carrier/PointcloudToPly.py -> /home/mihkel/School/ThesisPractical/ros2_ws/build/hospital_carrier/build/lib/hospital_carrier
[3.566s] copying hospital_carrier/CoordinateNavigator.py -> /home/mihkel/School/ThesisPractical/ros2_ws/build/hospital_carrier/build/lib/hospital_carrier
[3.566s] copying hospital_carrier/ReadAruco.py -> /home/mihkel/School/ThesisPractical/ros2_ws/build/hospital_carrier/build/lib/hospital_carrier
[3.566s] copying hospital_carrier/MqttOdomAndStatus.py -> /home/mihkel/School/ThesisPractical/ros2_ws/build/hospital_carrier/build/lib/hospital_carrier
[3.567s] copying hospital_carrier/OperationModeControl.py -> /home/mihkel/School/ThesisPractical/ros2_ws/build/hospital_carrier/build/lib/hospital_carrier
[3.568s] copying hospital_carrier/DebugDisplay.py -> /home/mihkel/School/ThesisPractical/ros2_ws/build/hospital_carrier/build/lib/hospital_carrier
[3.568s] copying hospital_carrier/__init__.py -> /home/mihkel/School/ThesisPractical/ros2_ws/build/hospital_carrier/build/lib/hospital_carrier
[3.568s] copying hospital_carrier/OdomCalculator.py -> /home/mihkel/School/ThesisPractical/ros2_ws/build/hospital_carrier/build/lib/hospital_carrier
[3.569s] copying hospital_carrier/watchdog.py -> /home/mihkel/School/ThesisPractical/ros2_ws/build/hospital_carrier/build/lib/hospital_carrier
[3.569s] copying hospital_carrier/odrive_uart.py -> /home/mihkel/School/ThesisPractical/ros2_ws/build/hospital_carrier/build/lib/hospital_carrier
[3.570s] copying hospital_carrier/MqttRemoteControl.py -> /home/mihkel/School/ThesisPractical/ros2_ws/build/hospital_carrier/build/lib/hospital_carrier
[3.570s] copying hospital_carrier/Follower.py -> /home/mihkel/School/ThesisPractical/ros2_ws/build/hospital_carrier/build/lib/hospital_carrier
[3.570s] copying hospital_carrier/odrives_config.py -> /home/mihkel/School/ThesisPractical/ros2_ws/build/hospital_carrier/build/lib/hospital_carrier
[3.571s] copying hospital_carrier/odrives_connect.py -> /home/mihkel/School/ThesisPractical/ros2_ws/build/hospital_carrier/build/lib/hospital_carrier
[3.571s] running install
[3.572s] running install_lib
[3.577s] running install_data
[3.579s] copying launch/mapping.launch -> /home/mihkel/School/ThesisPractical/ros2_ws/install/hospital_carrier/share/hospital_carrier/launch
[3.580s] running install_egg_info
[3.585s] removing '/home/mihkel/School/ThesisPractical/ros2_ws/install/hospital_carrier/lib/python3.10/site-packages/hospital_carrier-0.0.0-py3.10.egg-info' (and everything under it)
[3.586s] Copying ../../build/hospital_carrier/hospital_carrier.egg-info to /home/mihkel/School/ThesisPractical/ros2_ws/install/hospital_carrier/lib/python3.10/site-packages/hospital_carrier-0.0.0-py3.10.egg-info
[3.588s] running install_scripts
[3.648s] Installing CoordinateNavigator script to /home/mihkel/School/ThesisPractical/ros2_ws/install/hospital_carrier/lib/hospital_carrier
[3.648s] Installing DebugDisplay script to /home/mihkel/School/ThesisPractical/ros2_ws/install/hospital_carrier/lib/hospital_carrier
[3.649s] Installing EncoderSim script to /home/mihkel/School/ThesisPractical/ros2_ws/install/hospital_carrier/lib/hospital_carrier
[3.649s] Installing Follower script to /home/mihkel/School/ThesisPractical/ros2_ws/install/hospital_carrier/lib/hospital_carrier
[3.650s] Installing Localizer script to /home/mihkel/School/ThesisPractical/ros2_ws/install/hospital_carrier/lib/hospital_carrier
[3.650s] Installing MqttListener script to /home/mihkel/School/ThesisPractical/ros2_ws/install/hospital_carrier/lib/hospital_carrier
[3.651s] Installing MqttOdomAndStatus script to /home/mihkel/School/ThesisPractical/ros2_ws/install/hospital_carrier/lib/hospital_carrier
[3.651s] Installing MqttRemoteControl script to /home/mihkel/School/ThesisPractical/ros2_ws/install/hospital_carrier/lib/hospital_carrier
[3.652s] Installing MqttVideoStreamer script to /home/mihkel/School/ThesisPractical/ros2_ws/install/hospital_carrier/lib/hospital_carrier
[3.652s] Installing OdomCalculator script to /home/mihkel/School/ThesisPractical/ros2_ws/install/hospital_carrier/lib/hospital_carrier
[3.652s] Installing Odrives script to /home/mihkel/School/ThesisPractical/ros2_ws/install/hospital_carrier/lib/hospital_carrier
[3.653s] Installing OperationModeControl script to /home/mihkel/School/ThesisPractical/ros2_ws/install/hospital_carrier/lib/hospital_carrier
[3.653s] Installing PS4Controller script to /home/mihkel/School/ThesisPractical/ros2_ws/install/hospital_carrier/lib/hospital_carrier
[3.654s] Installing PointcloudToPly script to /home/mihkel/School/ThesisPractical/ros2_ws/install/hospital_carrier/lib/hospital_carrier
[3.654s] Installing ReadAruco script to /home/mihkel/School/ThesisPractical/ros2_ws/install/hospital_carrier/lib/hospital_carrier
[3.656s] writing list of installed files to '/home/mihkel/School/ThesisPractical/ros2_ws/build/hospital_carrier/install.log'
[3.723s] Invoked command in '/home/mihkel/School/ThesisPractical/ros2_ws/src/robot_ros2' returned '0': PYTHONPATH=/home/mihkel/School/ThesisPractical/ros2_ws/build/hospital_carrier/prefix_override:/home/mihkel/School/ThesisPractical/ros2_ws/install/hospital_carrier/lib/python3.10/site-packages:${PYTHONPATH} /usr/bin/python3 setup.py egg_info --egg-base ../../build/hospital_carrier build --build-base /home/mihkel/School/ThesisPractical/ros2_ws/build/hospital_carrier/build install --record /home/mihkel/School/ThesisPractical/ros2_ws/build/hospital_carrier/install.log --single-version-externally-managed
