[0.361s] Invoking command in '/home/mihkel/School/ThesisPractical/ros2_ws/build/robot_ros2_msgs': CMAKE_PREFIX_PATH=${CMAKE_PREFIX_PATH}:/home/mihkel/School/ThesisPractical/ros2_ws/install/hospital_carrier:/opt/ros/humble /usr/bin/cmake --build /home/mihkel/School/ThesisPractical/ros2_ws/build/robot_ros2_msgs -- -j12 -l12
[0.475s] [  1%] Built target robot_ros2_msgs__cpp
[0.480s] [ 12%] Built target robot_ros2_msgs__rosidl_generator_c
[0.510s] [ 12%] Built target ament_cmake_python_copy_robot_ros2_msgs
[0.549s] [ 23%] Built target robot_ros2_msgs__rosidl_typesupport_cpp
[0.552s] [ 34%] Built target robot_ros2_msgs__rosidl_typesupport_introspection_c
[0.558s] [ 52%] Built target robot_ros2_msgs__rosidl_typesupport_c
[0.559s] [ 60%] Built target robot_ros2_msgs__rosidl_typesupport_introspection_cpp
[0.560s] [ 67%] Built target robot_ros2_msgs__rosidl_typesupport_fastrtps_c
[0.564s] [ 78%] Built target robot_ros2_msgs__rosidl_typesupport_fastrtps_cpp
[0.614s] [ 78%] Built target robot_ros2_msgs
[0.672s] [ 80%] Built target robot_ros2_msgs__py
[0.727s] [ 89%] Built target robot_ros2_msgs__rosidl_generator_py
[0.785s] [ 92%] Built target robot_ros2_msgs__rosidl_typesupport_c__pyext
[0.785s] [ 96%] Built target robot_ros2_msgs__rosidl_typesupport_fastrtps_c__pyext
[0.786s] [100%] Built target robot_ros2_msgs__rosidl_typesupport_introspection_c__pyext
[1.489s] running egg_info
[1.490s] writing robot_ros2_msgs.egg-info/PKG-INFO
[1.491s] writing dependency_links to robot_ros2_msgs.egg-info/dependency_links.txt
[1.491s] writing top-level names to robot_ros2_msgs.egg-info/top_level.txt
[1.499s] reading manifest file 'robot_ros2_msgs.egg-info/SOURCES.txt'
[1.501s] writing manifest file 'robot_ros2_msgs.egg-info/SOURCES.txt'
[1.571s] [100%] Built target ament_cmake_python_build_robot_ros2_msgs_egg
[1.598s] Invoked command in '/home/mihkel/School/ThesisPractical/ros2_ws/build/robot_ros2_msgs' returned '0': CMAKE_PREFIX_PATH=${CMAKE_PREFIX_PATH}:/home/mihkel/School/ThesisPractical/ros2_ws/install/hospital_carrier:/opt/ros/humble /usr/bin/cmake --build /home/mihkel/School/ThesisPractical/ros2_ws/build/robot_ros2_msgs -- -j12 -l12
[1.840s] Invoking command in '/home/mihkel/School/ThesisPractical/ros2_ws/build/robot_ros2_msgs': CMAKE_PREFIX_PATH=${CMAKE_PREFIX_PATH}:/home/mihkel/School/ThesisPractical/ros2_ws/install/hospital_carrier:/opt/ros/humble /usr/bin/cmake --install /home/mihkel/School/ThesisPractical/ros2_ws/build/robot_ros2_msgs
[1.861s] -- Install configuration: ""
[1.861s] -- Up-to-date: /home/mihkel/School/ThesisPractical/ros2_ws/install/robot_ros2_msgs/share/ament_index/resource_index/rosidl_interfaces/robot_ros2_msgs
[1.861s] -- Up-to-date: /home/mihkel/School/ThesisPractical/ros2_ws/install/robot_ros2_msgs/include/robot_ros2_msgs/robot_ros2_msgs
[1.861s] -- Up-to-date: /home/mihkel/School/ThesisPractical/ros2_ws/install/robot_ros2_msgs/include/robot_ros2_msgs/robot_ros2_msgs/msg
[1.862s] -- Up-to-date: /home/mihkel/School/ThesisPractical/ros2_ws/install/robot_ros2_msgs/include/robot_ros2_msgs/robot_ros2_msgs/msg/int_list.h
[1.862s] -- Up-to-date: /home/mihkel/School/ThesisPractical/ros2_ws/install/robot_ros2_msgs/include/robot_ros2_msgs/robot_ros2_msgs/msg/rosidl_generator_c__visibility_control.h
[1.862s] -- Up-to-date: /home/mihkel/School/ThesisPractical/ros2_ws/install/robot_ros2_msgs/include/robot_ros2_msgs/robot_ros2_msgs/msg/detail
[1.862s] -- Up-to-date: /home/mihkel/School/ThesisPractical/ros2_ws/install/robot_ros2_msgs/include/robot_ros2_msgs/robot_ros2_msgs/msg/detail/tag__type_support.h
[1.863s] -- Up-to-date: /home/mihkel/School/ThesisPractical/ros2_ws/install/robot_ros2_msgs/include/robot_ros2_msgs/robot_ros2_msgs/msg/detail/previous_and_next_point__type_support.h
[1.864s] -- Up-to-date: /home/mihkel/School/ThesisPractical/ros2_ws/install/robot_ros2_msgs/include/robot_ros2_msgs/robot_ros2_msgs/msg/detail/tag__struct.h
[1.864s] -- Up-to-date: /home/mihkel/School/ThesisPractical/ros2_ws/install/robot_ros2_msgs/include/robot_ros2_msgs/robot_ros2_msgs/msg/detail/int_list__functions.c
[1.864s] -- Up-to-date: /home/mihkel/School/ThesisPractical/ros2_ws/install/robot_ros2_msgs/include/robot_ros2_msgs/robot_ros2_msgs/msg/detail/int_list__functions.h
[1.865s] -- Up-to-date: /home/mihkel/School/ThesisPractical/ros2_ws/install/robot_ros2_msgs/include/robot_ros2_msgs/robot_ros2_msgs/msg/detail/tag__functions.h
[1.865s] -- Up-to-date: /home/mihkel/School/ThesisPractical/ros2_ws/install/robot_ros2_msgs/include/robot_ros2_msgs/robot_ros2_msgs/msg/detail/previous_and_next_point__struct.h
[1.865s] -- Up-to-date: /home/mihkel/School/ThesisPractical/ros2_ws/install/robot_ros2_msgs/include/robot_ros2_msgs/robot_ros2_msgs/msg/detail/previous_and_next_point__functions.h
[1.865s] -- Up-to-date: /home/mihkel/School/ThesisPractical/ros2_ws/install/robot_ros2_msgs/include/robot_ros2_msgs/robot_ros2_msgs/msg/detail/encoders__struct.h
[1.866s] -- Up-to-date: /home/mihkel/School/ThesisPractical/ros2_ws/install/robot_ros2_msgs/include/robot_ros2_msgs/robot_ros2_msgs/msg/detail/previous_and_next_point__functions.c
[1.866s] -- Up-to-date: /home/mihkel/School/ThesisPractical/ros2_ws/install/robot_ros2_msgs/include/robot_ros2_msgs/robot_ros2_msgs/msg/detail/encoders__functions.h
[1.866s] -- Up-to-date: /home/mihkel/School/ThesisPractical/ros2_ws/install/robot_ros2_msgs/include/robot_ros2_msgs/robot_ros2_msgs/msg/detail/int_list__type_support.h
[1.866s] -- Up-to-date: /home/mihkel/School/ThesisPractical/ros2_ws/install/robot_ros2_msgs/include/robot_ros2_msgs/robot_ros2_msgs/msg/detail/encoders__type_support.h
[1.867s] -- Up-to-date: /home/mihkel/School/ThesisPractical/ros2_ws/install/robot_ros2_msgs/include/robot_ros2_msgs/robot_ros2_msgs/msg/detail/encoders__functions.c
[1.867s] -- Up-to-date: /home/mihkel/School/ThesisPractical/ros2_ws/install/robot_ros2_msgs/include/robot_ros2_msgs/robot_ros2_msgs/msg/detail/int_list__struct.h
[1.867s] -- Up-to-date: /home/mihkel/School/ThesisPractical/ros2_ws/install/robot_ros2_msgs/include/robot_ros2_msgs/robot_ros2_msgs/msg/detail/tag__functions.c
[1.868s] -- Up-to-date: /home/mihkel/School/ThesisPractical/ros2_ws/install/robot_ros2_msgs/include/robot_ros2_msgs/robot_ros2_msgs/msg/previous_and_next_point.h
[1.868s] -- Up-to-date: /home/mihkel/School/ThesisPractical/ros2_ws/install/robot_ros2_msgs/include/robot_ros2_msgs/robot_ros2_msgs/msg/tag.h
[1.868s] -- Up-to-date: /home/mihkel/School/ThesisPractical/ros2_ws/install/robot_ros2_msgs/include/robot_ros2_msgs/robot_ros2_msgs/msg/encoders.h
[1.868s] -- Up-to-date: /home/mihkel/School/ThesisPractical/ros2_ws/install/robot_ros2_msgs/share/robot_ros2_msgs/environment/library_path.sh
[1.868s] -- Up-to-date: /home/mihkel/School/ThesisPractical/ros2_ws/install/robot_ros2_msgs/share/robot_ros2_msgs/environment/library_path.dsv
[1.869s] -- Up-to-date: /home/mihkel/School/ThesisPractical/ros2_ws/install/robot_ros2_msgs/lib/librobot_ros2_msgs__rosidl_generator_c.so
[1.869s] -- Up-to-date: /home/mihkel/School/ThesisPractical/ros2_ws/install/robot_ros2_msgs/include/robot_ros2_msgs/robot_ros2_msgs
[1.869s] -- Up-to-date: /home/mihkel/School/ThesisPractical/ros2_ws/install/robot_ros2_msgs/include/robot_ros2_msgs/robot_ros2_msgs/msg
[1.869s] -- Up-to-date: /home/mihkel/School/ThesisPractical/ros2_ws/install/robot_ros2_msgs/include/robot_ros2_msgs/robot_ros2_msgs/msg/detail
[1.869s] -- Up-to-date: /home/mihkel/School/ThesisPractical/ros2_ws/install/robot_ros2_msgs/include/robot_ros2_msgs/robot_ros2_msgs/msg/detail/encoders__rosidl_typesupport_fastrtps_c.h
[1.870s] -- Up-to-date: /home/mihkel/School/ThesisPractical/ros2_ws/install/robot_ros2_msgs/include/robot_ros2_msgs/robot_ros2_msgs/msg/detail/previous_and_next_point__rosidl_typesupport_fastrtps_c.h
[1.870s] -- Up-to-date: /home/mihkel/School/ThesisPractical/ros2_ws/install/robot_ros2_msgs/include/robot_ros2_msgs/robot_ros2_msgs/msg/detail/tag__rosidl_typesupport_fastrtps_c.h
[1.870s] -- Up-to-date: /home/mihkel/School/ThesisPractical/ros2_ws/install/robot_ros2_msgs/include/robot_ros2_msgs/robot_ros2_msgs/msg/detail/int_list__rosidl_typesupport_fastrtps_c.h
[1.870s] -- Up-to-date: /home/mihkel/School/ThesisPractical/ros2_ws/install/robot_ros2_msgs/include/robot_ros2_msgs/robot_ros2_msgs/msg/rosidl_typesupport_fastrtps_c__visibility_control.h
[1.871s] -- Up-to-date: /home/mihkel/School/ThesisPractical/ros2_ws/install/robot_ros2_msgs/lib/librobot_ros2_msgs__rosidl_typesupport_fastrtps_c.so
[1.871s] -- Up-to-date: /home/mihkel/School/ThesisPractical/ros2_ws/install/robot_ros2_msgs/include/robot_ros2_msgs/robot_ros2_msgs
[1.871s] -- Up-to-date: /home/mihkel/School/ThesisPractical/ros2_ws/install/robot_ros2_msgs/include/robot_ros2_msgs/robot_ros2_msgs/msg
[1.871s] -- Up-to-date: /home/mihkel/School/ThesisPractical/ros2_ws/install/robot_ros2_msgs/include/robot_ros2_msgs/robot_ros2_msgs/msg/detail
[1.872s] -- Up-to-date: /home/mihkel/School/ThesisPractical/ros2_ws/install/robot_ros2_msgs/include/robot_ros2_msgs/robot_ros2_msgs/msg/detail/tag__type_support.c
[1.872s] -- Up-to-date: /home/mihkel/School/ThesisPractical/ros2_ws/install/robot_ros2_msgs/include/robot_ros2_msgs/robot_ros2_msgs/msg/detail/previous_and_next_point__type_support.c
[1.872s] -- Up-to-date: /home/mihkel/School/ThesisPractical/ros2_ws/install/robot_ros2_msgs/include/robot_ros2_msgs/robot_ros2_msgs/msg/detail/encoders__rosidl_typesupport_introspection_c.h
[1.872s] -- Up-to-date: /home/mihkel/School/ThesisPractical/ros2_ws/install/robot_ros2_msgs/include/robot_ros2_msgs/robot_ros2_msgs/msg/detail/tag__rosidl_typesupport_introspection_c.h
[1.873s] -- Up-to-date: /home/mihkel/School/ThesisPractical/ros2_ws/install/robot_ros2_msgs/include/robot_ros2_msgs/robot_ros2_msgs/msg/detail/previous_and_next_point__rosidl_typesupport_introspection_c.h
[1.873s] -- Up-to-date: /home/mihkel/School/ThesisPractical/ros2_ws/install/robot_ros2_msgs/include/robot_ros2_msgs/robot_ros2_msgs/msg/detail/encoders__type_support.c
[1.873s] -- Up-to-date: /home/mihkel/School/ThesisPractical/ros2_ws/install/robot_ros2_msgs/include/robot_ros2_msgs/robot_ros2_msgs/msg/detail/int_list__rosidl_typesupport_introspection_c.h
[1.873s] -- Up-to-date: /home/mihkel/School/ThesisPractical/ros2_ws/install/robot_ros2_msgs/include/robot_ros2_msgs/robot_ros2_msgs/msg/detail/int_list__type_support.c
[1.873s] -- Up-to-date: /home/mihkel/School/ThesisPractical/ros2_ws/install/robot_ros2_msgs/include/robot_ros2_msgs/robot_ros2_msgs/msg/rosidl_typesupport_introspection_c__visibility_control.h
[1.874s] -- Up-to-date: /home/mihkel/School/ThesisPractical/ros2_ws/install/robot_ros2_msgs/lib/librobot_ros2_msgs__rosidl_typesupport_introspection_c.so
[1.874s] -- Up-to-date: /home/mihkel/School/ThesisPractical/ros2_ws/install/robot_ros2_msgs/lib/librobot_ros2_msgs__rosidl_typesupport_c.so
[1.874s] -- Up-to-date: /home/mihkel/School/ThesisPractical/ros2_ws/install/robot_ros2_msgs/include/robot_ros2_msgs/robot_ros2_msgs
[1.874s] -- Up-to-date: /home/mihkel/School/ThesisPractical/ros2_ws/install/robot_ros2_msgs/include/robot_ros2_msgs/robot_ros2_msgs/msg
[1.874s] -- Up-to-date: /home/mihkel/School/ThesisPractical/ros2_ws/install/robot_ros2_msgs/include/robot_ros2_msgs/robot_ros2_msgs/msg/int_list.hpp
[1.875s] -- Up-to-date: /home/mihkel/School/ThesisPractical/ros2_ws/install/robot_ros2_msgs/include/robot_ros2_msgs/robot_ros2_msgs/msg/encoders.hpp
[1.875s] -- Up-to-date: /home/mihkel/School/ThesisPractical/ros2_ws/install/robot_ros2_msgs/include/robot_ros2_msgs/robot_ros2_msgs/msg/detail
[1.875s] -- Up-to-date: /home/mihkel/School/ThesisPractical/ros2_ws/install/robot_ros2_msgs/include/robot_ros2_msgs/robot_ros2_msgs/msg/detail/tag__builder.hpp
[1.875s] -- Up-to-date: /home/mihkel/School/ThesisPractical/ros2_ws/install/robot_ros2_msgs/include/robot_ros2_msgs/robot_ros2_msgs/msg/detail/previous_and_next_point__builder.hpp
[1.875s] -- Up-to-date: /home/mihkel/School/ThesisPractical/ros2_ws/install/robot_ros2_msgs/include/robot_ros2_msgs/robot_ros2_msgs/msg/detail/previous_and_next_point__struct.hpp
[1.876s] -- Up-to-date: /home/mihkel/School/ThesisPractical/ros2_ws/install/robot_ros2_msgs/include/robot_ros2_msgs/robot_ros2_msgs/msg/detail/int_list__struct.hpp
[1.876s] -- Up-to-date: /home/mihkel/School/ThesisPractical/ros2_ws/install/robot_ros2_msgs/include/robot_ros2_msgs/robot_ros2_msgs/msg/detail/int_list__builder.hpp
[1.876s] -- Up-to-date: /home/mihkel/School/ThesisPractical/ros2_ws/install/robot_ros2_msgs/include/robot_ros2_msgs/robot_ros2_msgs/msg/detail/int_list__traits.hpp
[1.876s] -- Up-to-date: /home/mihkel/School/ThesisPractical/ros2_ws/install/robot_ros2_msgs/include/robot_ros2_msgs/robot_ros2_msgs/msg/detail/encoders__builder.hpp
[1.877s] -- Up-to-date: /home/mihkel/School/ThesisPractical/ros2_ws/install/robot_ros2_msgs/include/robot_ros2_msgs/robot_ros2_msgs/msg/detail/encoders__struct.hpp
[1.877s] -- Up-to-date: /home/mihkel/School/ThesisPractical/ros2_ws/install/robot_ros2_msgs/include/robot_ros2_msgs/robot_ros2_msgs/msg/detail/tag__struct.hpp
[1.877s] -- Up-to-date: /home/mihkel/School/ThesisPractical/ros2_ws/install/robot_ros2_msgs/include/robot_ros2_msgs/robot_ros2_msgs/msg/detail/encoders__traits.hpp
[1.877s] -- Up-to-date: /home/mihkel/School/ThesisPractical/ros2_ws/install/robot_ros2_msgs/include/robot_ros2_msgs/robot_ros2_msgs/msg/detail/previous_and_next_point__traits.hpp
[1.877s] -- Up-to-date: /home/mihkel/School/ThesisPractical/ros2_ws/install/robot_ros2_msgs/include/robot_ros2_msgs/robot_ros2_msgs/msg/detail/tag__traits.hpp
[1.877s] -- Up-to-date: /home/mihkel/School/ThesisPractical/ros2_ws/install/robot_ros2_msgs/include/robot_ros2_msgs/robot_ros2_msgs/msg/previous_and_next_point.hpp
[1.878s] -- Up-to-date: /home/mihkel/School/ThesisPractical/ros2_ws/install/robot_ros2_msgs/include/robot_ros2_msgs/robot_ros2_msgs/msg/tag.hpp
[1.878s] -- Up-to-date: /home/mihkel/School/ThesisPractical/ros2_ws/install/robot_ros2_msgs/include/robot_ros2_msgs/robot_ros2_msgs
[1.878s] -- Up-to-date: /home/mihkel/School/ThesisPractical/ros2_ws/install/robot_ros2_msgs/include/robot_ros2_msgs/robot_ros2_msgs/msg
[1.878s] -- Up-to-date: /home/mihkel/School/ThesisPractical/ros2_ws/install/robot_ros2_msgs/include/robot_ros2_msgs/robot_ros2_msgs/msg/detail
[1.878s] -- Up-to-date: /home/mihkel/School/ThesisPractical/ros2_ws/install/robot_ros2_msgs/include/robot_ros2_msgs/robot_ros2_msgs/msg/detail/dds_fastrtps
[1.879s] -- Up-to-date: /home/mihkel/School/ThesisPractical/ros2_ws/install/robot_ros2_msgs/include/robot_ros2_msgs/robot_ros2_msgs/msg/detail/previous_and_next_point__rosidl_typesupport_fastrtps_cpp.hpp
[1.879s] -- Up-to-date: /home/mihkel/School/ThesisPractical/ros2_ws/install/robot_ros2_msgs/include/robot_ros2_msgs/robot_ros2_msgs/msg/detail/int_list__rosidl_typesupport_fastrtps_cpp.hpp
[1.879s] -- Up-to-date: /home/mihkel/School/ThesisPractical/ros2_ws/install/robot_ros2_msgs/include/robot_ros2_msgs/robot_ros2_msgs/msg/detail/tag__rosidl_typesupport_fastrtps_cpp.hpp
[1.879s] -- Up-to-date: /home/mihkel/School/ThesisPractical/ros2_ws/install/robot_ros2_msgs/include/robot_ros2_msgs/robot_ros2_msgs/msg/detail/encoders__rosidl_typesupport_fastrtps_cpp.hpp
[1.879s] -- Up-to-date: /home/mihkel/School/ThesisPractical/ros2_ws/install/robot_ros2_msgs/include/robot_ros2_msgs/robot_ros2_msgs/msg/rosidl_typesupport_fastrtps_cpp__visibility_control.h
[1.879s] -- Up-to-date: /home/mihkel/School/ThesisPractical/ros2_ws/install/robot_ros2_msgs/lib/librobot_ros2_msgs__rosidl_typesupport_fastrtps_cpp.so
[1.880s] -- Up-to-date: /home/mihkel/School/ThesisPractical/ros2_ws/install/robot_ros2_msgs/include/robot_ros2_msgs/robot_ros2_msgs
[1.880s] -- Up-to-date: /home/mihkel/School/ThesisPractical/ros2_ws/install/robot_ros2_msgs/include/robot_ros2_msgs/robot_ros2_msgs/msg
[1.880s] -- Up-to-date: /home/mihkel/School/ThesisPractical/ros2_ws/install/robot_ros2_msgs/include/robot_ros2_msgs/robot_ros2_msgs/msg/detail
[1.880s] -- Up-to-date: /home/mihkel/School/ThesisPractical/ros2_ws/install/robot_ros2_msgs/include/robot_ros2_msgs/robot_ros2_msgs/msg/detail/encoders__rosidl_typesupport_introspection_cpp.hpp
[1.880s] -- Up-to-date: /home/mihkel/School/ThesisPractical/ros2_ws/install/robot_ros2_msgs/include/robot_ros2_msgs/robot_ros2_msgs/msg/detail/encoders__type_support.cpp
[1.881s] -- Up-to-date: /home/mihkel/School/ThesisPractical/ros2_ws/install/robot_ros2_msgs/include/robot_ros2_msgs/robot_ros2_msgs/msg/detail/tag__type_support.cpp
[1.881s] -- Up-to-date: /home/mihkel/School/ThesisPractical/ros2_ws/install/robot_ros2_msgs/include/robot_ros2_msgs/robot_ros2_msgs/msg/detail/previous_and_next_point__type_support.cpp
[1.881s] -- Up-to-date: /home/mihkel/School/ThesisPractical/ros2_ws/install/robot_ros2_msgs/include/robot_ros2_msgs/robot_ros2_msgs/msg/detail/int_list__rosidl_typesupport_introspection_cpp.hpp
[1.881s] -- Up-to-date: /home/mihkel/School/ThesisPractical/ros2_ws/install/robot_ros2_msgs/include/robot_ros2_msgs/robot_ros2_msgs/msg/detail/previous_and_next_point__rosidl_typesupport_introspection_cpp.hpp
[1.881s] -- Up-to-date: /home/mihkel/School/ThesisPractical/ros2_ws/install/robot_ros2_msgs/include/robot_ros2_msgs/robot_ros2_msgs/msg/detail/tag__rosidl_typesupport_introspection_cpp.hpp
[1.881s] -- Up-to-date: /home/mihkel/School/ThesisPractical/ros2_ws/install/robot_ros2_msgs/include/robot_ros2_msgs/robot_ros2_msgs/msg/detail/int_list__type_support.cpp
[1.882s] -- Up-to-date: /home/mihkel/School/ThesisPractical/ros2_ws/install/robot_ros2_msgs/lib/librobot_ros2_msgs__rosidl_typesupport_introspection_cpp.so
[1.882s] -- Up-to-date: /home/mihkel/School/ThesisPractical/ros2_ws/install/robot_ros2_msgs/lib/librobot_ros2_msgs__rosidl_typesupport_cpp.so
[1.882s] -- Up-to-date: /home/mihkel/School/ThesisPractical/ros2_ws/install/robot_ros2_msgs/share/robot_ros2_msgs/environment/pythonpath.sh
[1.882s] -- Up-to-date: /home/mihkel/School/ThesisPractical/ros2_ws/install/robot_ros2_msgs/share/robot_ros2_msgs/environment/pythonpath.dsv
[1.882s] -- Up-to-date: /home/mihkel/School/ThesisPractical/ros2_ws/install/robot_ros2_msgs/local/lib/python3.10/dist-packages/robot_ros2_msgs-0.0.0-py3.10.egg-info
[1.883s] -- Installing: /home/mihkel/School/ThesisPractical/ros2_ws/install/robot_ros2_msgs/local/lib/python3.10/dist-packages/robot_ros2_msgs-0.0.0-py3.10.egg-info/top_level.txt
[1.883s] -- Installing: /home/mihkel/School/ThesisPractical/ros2_ws/install/robot_ros2_msgs/local/lib/python3.10/dist-packages/robot_ros2_msgs-0.0.0-py3.10.egg-info/PKG-INFO
[1.883s] -- Installing: /home/mihkel/School/ThesisPractical/ros2_ws/install/robot_ros2_msgs/local/lib/python3.10/dist-packages/robot_ros2_msgs-0.0.0-py3.10.egg-info/SOURCES.txt
[1.883s] -- Installing: /home/mihkel/School/ThesisPractical/ros2_ws/install/robot_ros2_msgs/local/lib/python3.10/dist-packages/robot_ros2_msgs-0.0.0-py3.10.egg-info/dependency_links.txt
[1.883s] -- Up-to-date: /home/mihkel/School/ThesisPractical/ros2_ws/install/robot_ros2_msgs/local/lib/python3.10/dist-packages/robot_ros2_msgs
[1.884s] -- Up-to-date: /home/mihkel/School/ThesisPractical/ros2_ws/install/robot_ros2_msgs/local/lib/python3.10/dist-packages/robot_ros2_msgs/_robot_ros2_msgs_s.ep.rosidl_typesupport_c.c
[1.884s] -- Up-to-date: /home/mihkel/School/ThesisPractical/ros2_ws/install/robot_ros2_msgs/local/lib/python3.10/dist-packages/robot_ros2_msgs/_robot_ros2_msgs_s.ep.rosidl_typesupport_fastrtps_c.c
[1.884s] -- Up-to-date: /home/mihkel/School/ThesisPractical/ros2_ws/install/robot_ros2_msgs/local/lib/python3.10/dist-packages/robot_ros2_msgs/_robot_ros2_msgs_s.ep.rosidl_typesupport_introspection_c.c
[1.884s] -- Up-to-date: /home/mihkel/School/ThesisPractical/ros2_ws/install/robot_ros2_msgs/local/lib/python3.10/dist-packages/robot_ros2_msgs/robot_ros2_msgs_s__rosidl_typesupport_c.cpython-310-x86_64-linux-gnu.so
[1.884s] -- Up-to-date: /home/mihkel/School/ThesisPractical/ros2_ws/install/robot_ros2_msgs/local/lib/python3.10/dist-packages/robot_ros2_msgs/robot_ros2_msgs_s__rosidl_typesupport_introspection_c.cpython-310-x86_64-linux-gnu.so
[1.884s] -- Up-to-date: /home/mihkel/School/ThesisPractical/ros2_ws/install/robot_ros2_msgs/local/lib/python3.10/dist-packages/robot_ros2_msgs/__init__.py
[1.885s] -- Up-to-date: /home/mihkel/School/ThesisPractical/ros2_ws/install/robot_ros2_msgs/local/lib/python3.10/dist-packages/robot_ros2_msgs/librobot_ros2_msgs__rosidl_generator_py.so
[1.885s] -- Up-to-date: /home/mihkel/School/ThesisPractical/ros2_ws/install/robot_ros2_msgs/local/lib/python3.10/dist-packages/robot_ros2_msgs/robot_ros2_msgs_s__rosidl_typesupport_fastrtps_c.cpython-310-x86_64-linux-gnu.so
[1.885s] -- Up-to-date: /home/mihkel/School/ThesisPractical/ros2_ws/install/robot_ros2_msgs/local/lib/python3.10/dist-packages/robot_ros2_msgs/msg
[1.885s] -- Up-to-date: /home/mihkel/School/ThesisPractical/ros2_ws/install/robot_ros2_msgs/local/lib/python3.10/dist-packages/robot_ros2_msgs/msg/_previous_and_next_point_s.c
[1.885s] -- Up-to-date: /home/mihkel/School/ThesisPractical/ros2_ws/install/robot_ros2_msgs/local/lib/python3.10/dist-packages/robot_ros2_msgs/msg/_encoders_s.c
[1.886s] -- Up-to-date: /home/mihkel/School/ThesisPractical/ros2_ws/install/robot_ros2_msgs/local/lib/python3.10/dist-packages/robot_ros2_msgs/msg/_tag_s.c
[1.886s] -- Up-to-date: /home/mihkel/School/ThesisPractical/ros2_ws/install/robot_ros2_msgs/local/lib/python3.10/dist-packages/robot_ros2_msgs/msg/_previous_and_next_point.py
[1.886s] -- Up-to-date: /home/mihkel/School/ThesisPractical/ros2_ws/install/robot_ros2_msgs/local/lib/python3.10/dist-packages/robot_ros2_msgs/msg/_int_list.py
[1.886s] -- Up-to-date: /home/mihkel/School/ThesisPractical/ros2_ws/install/robot_ros2_msgs/local/lib/python3.10/dist-packages/robot_ros2_msgs/msg/_tag.py
[1.886s] -- Up-to-date: /home/mihkel/School/ThesisPractical/ros2_ws/install/robot_ros2_msgs/local/lib/python3.10/dist-packages/robot_ros2_msgs/msg/_int_list_s.c
[1.887s] -- Up-to-date: /home/mihkel/School/ThesisPractical/ros2_ws/install/robot_ros2_msgs/local/lib/python3.10/dist-packages/robot_ros2_msgs/msg/__init__.py
[1.887s] -- Up-to-date: /home/mihkel/School/ThesisPractical/ros2_ws/install/robot_ros2_msgs/local/lib/python3.10/dist-packages/robot_ros2_msgs/msg/_encoders.py
[1.960s] Listing '/home/mihkel/School/ThesisPractical/ros2_ws/install/robot_ros2_msgs/local/lib/python3.10/dist-packages/robot_ros2_msgs'...
[1.960s] Listing '/home/mihkel/School/ThesisPractical/ros2_ws/install/robot_ros2_msgs/local/lib/python3.10/dist-packages/robot_ros2_msgs/msg'...
[1.971s] -- Up-to-date: /home/mihkel/School/ThesisPractical/ros2_ws/install/robot_ros2_msgs/local/lib/python3.10/dist-packages/robot_ros2_msgs/robot_ros2_msgs_s__rosidl_typesupport_fastrtps_c.cpython-310-x86_64-linux-gnu.so
[1.972s] -- Up-to-date: /home/mihkel/School/ThesisPractical/ros2_ws/install/robot_ros2_msgs/local/lib/python3.10/dist-packages/robot_ros2_msgs/robot_ros2_msgs_s__rosidl_typesupport_introspection_c.cpython-310-x86_64-linux-gnu.so
[1.972s] -- Up-to-date: /home/mihkel/School/ThesisPractical/ros2_ws/install/robot_ros2_msgs/local/lib/python3.10/dist-packages/robot_ros2_msgs/robot_ros2_msgs_s__rosidl_typesupport_c.cpython-310-x86_64-linux-gnu.so
[1.973s] -- Up-to-date: /home/mihkel/School/ThesisPractical/ros2_ws/install/robot_ros2_msgs/lib/librobot_ros2_msgs__rosidl_generator_py.so
[1.974s] -- Up-to-date: /home/mihkel/School/ThesisPractical/ros2_ws/install/robot_ros2_msgs/share/robot_ros2_msgs/msg/Encoders.idl
[1.975s] -- Up-to-date: /home/mihkel/School/ThesisPractical/ros2_ws/install/robot_ros2_msgs/share/robot_ros2_msgs/msg/IntList.idl
[1.975s] -- Up-to-date: /home/mihkel/School/ThesisPractical/ros2_ws/install/robot_ros2_msgs/share/robot_ros2_msgs/msg/PreviousAndNextPoint.idl
[1.975s] -- Up-to-date: /home/mihkel/School/ThesisPractical/ros2_ws/install/robot_ros2_msgs/share/robot_ros2_msgs/msg/Tag.idl
[1.975s] -- Up-to-date: /home/mihkel/School/ThesisPractical/ros2_ws/install/robot_ros2_msgs/share/robot_ros2_msgs/msg/Encoders.msg
[1.976s] -- Up-to-date: /home/mihkel/School/ThesisPractical/ros2_ws/install/robot_ros2_msgs/share/robot_ros2_msgs/msg/IntList.msg
[1.976s] -- Up-to-date: /home/mihkel/School/ThesisPractical/ros2_ws/install/robot_ros2_msgs/share/robot_ros2_msgs/msg/PreviousAndNextPoint.msg
[1.976s] -- Up-to-date: /home/mihkel/School/ThesisPractical/ros2_ws/install/robot_ros2_msgs/share/robot_ros2_msgs/msg/Tag.msg
[1.976s] -- Up-to-date: /home/mihkel/School/ThesisPractical/ros2_ws/install/robot_ros2_msgs/share/ament_index/resource_index/package_run_dependencies/robot_ros2_msgs
[1.977s] -- Up-to-date: /home/mihkel/School/ThesisPractical/ros2_ws/install/robot_ros2_msgs/share/ament_index/resource_index/parent_prefix_path/robot_ros2_msgs
[1.977s] -- Up-to-date: /home/mihkel/School/ThesisPractical/ros2_ws/install/robot_ros2_msgs/share/robot_ros2_msgs/environment/ament_prefix_path.sh
[1.977s] -- Up-to-date: /home/mihkel/School/ThesisPractical/ros2_ws/install/robot_ros2_msgs/share/robot_ros2_msgs/environment/ament_prefix_path.dsv
[1.977s] -- Up-to-date: /home/mihkel/School/ThesisPractical/ros2_ws/install/robot_ros2_msgs/share/robot_ros2_msgs/environment/path.sh
[1.978s] -- Up-to-date: /home/mihkel/School/ThesisPractical/ros2_ws/install/robot_ros2_msgs/share/robot_ros2_msgs/environment/path.dsv
[1.978s] -- Up-to-date: /home/mihkel/School/ThesisPractical/ros2_ws/install/robot_ros2_msgs/share/robot_ros2_msgs/local_setup.bash
[1.978s] -- Up-to-date: /home/mihkel/School/ThesisPractical/ros2_ws/install/robot_ros2_msgs/share/robot_ros2_msgs/local_setup.sh
[1.978s] -- Up-to-date: /home/mihkel/School/ThesisPractical/ros2_ws/install/robot_ros2_msgs/share/robot_ros2_msgs/local_setup.zsh
[1.978s] -- Up-to-date: /home/mihkel/School/ThesisPractical/ros2_ws/install/robot_ros2_msgs/share/robot_ros2_msgs/local_setup.dsv
[1.979s] -- Installing: /home/mihkel/School/ThesisPractical/ros2_ws/install/robot_ros2_msgs/share/robot_ros2_msgs/package.dsv
[1.979s] -- Up-to-date: /home/mihkel/School/ThesisPractical/ros2_ws/install/robot_ros2_msgs/share/ament_index/resource_index/packages/robot_ros2_msgs
[1.979s] -- Up-to-date: /home/mihkel/School/ThesisPractical/ros2_ws/install/robot_ros2_msgs/share/robot_ros2_msgs/cmake/export_robot_ros2_msgs__rosidl_generator_cExport.cmake
[1.979s] -- Up-to-date: /home/mihkel/School/ThesisPractical/ros2_ws/install/robot_ros2_msgs/share/robot_ros2_msgs/cmake/export_robot_ros2_msgs__rosidl_generator_cExport-noconfig.cmake
[1.980s] -- Up-to-date: /home/mihkel/School/ThesisPractical/ros2_ws/install/robot_ros2_msgs/share/robot_ros2_msgs/cmake/export_robot_ros2_msgs__rosidl_typesupport_fastrtps_cExport.cmake
[1.980s] -- Up-to-date: /home/mihkel/School/ThesisPractical/ros2_ws/install/robot_ros2_msgs/share/robot_ros2_msgs/cmake/export_robot_ros2_msgs__rosidl_typesupport_fastrtps_cExport-noconfig.cmake
[1.980s] -- Up-to-date: /home/mihkel/School/ThesisPractical/ros2_ws/install/robot_ros2_msgs/share/robot_ros2_msgs/cmake/robot_ros2_msgs__rosidl_typesupport_introspection_cExport.cmake
[1.980s] -- Up-to-date: /home/mihkel/School/ThesisPractical/ros2_ws/install/robot_ros2_msgs/share/robot_ros2_msgs/cmake/robot_ros2_msgs__rosidl_typesupport_introspection_cExport-noconfig.cmake
[1.981s] -- Up-to-date: /home/mihkel/School/ThesisPractical/ros2_ws/install/robot_ros2_msgs/share/robot_ros2_msgs/cmake/robot_ros2_msgs__rosidl_typesupport_cExport.cmake
[1.981s] -- Up-to-date: /home/mihkel/School/ThesisPractical/ros2_ws/install/robot_ros2_msgs/share/robot_ros2_msgs/cmake/robot_ros2_msgs__rosidl_typesupport_cExport-noconfig.cmake
[1.981s] -- Up-to-date: /home/mihkel/School/ThesisPractical/ros2_ws/install/robot_ros2_msgs/share/robot_ros2_msgs/cmake/export_robot_ros2_msgs__rosidl_generator_cppExport.cmake
[1.981s] -- Up-to-date: /home/mihkel/School/ThesisPractical/ros2_ws/install/robot_ros2_msgs/share/robot_ros2_msgs/cmake/export_robot_ros2_msgs__rosidl_typesupport_fastrtps_cppExport.cmake
[1.981s] -- Up-to-date: /home/mihkel/School/ThesisPractical/ros2_ws/install/robot_ros2_msgs/share/robot_ros2_msgs/cmake/export_robot_ros2_msgs__rosidl_typesupport_fastrtps_cppExport-noconfig.cmake
[1.982s] -- Up-to-date: /home/mihkel/School/ThesisPractical/ros2_ws/install/robot_ros2_msgs/share/robot_ros2_msgs/cmake/robot_ros2_msgs__rosidl_typesupport_introspection_cppExport.cmake
[1.982s] -- Up-to-date: /home/mihkel/School/ThesisPractical/ros2_ws/install/robot_ros2_msgs/share/robot_ros2_msgs/cmake/robot_ros2_msgs__rosidl_typesupport_introspection_cppExport-noconfig.cmake
[1.982s] -- Up-to-date: /home/mihkel/School/ThesisPractical/ros2_ws/install/robot_ros2_msgs/share/robot_ros2_msgs/cmake/robot_ros2_msgs__rosidl_typesupport_cppExport.cmake
[1.982s] -- Up-to-date: /home/mihkel/School/ThesisPractical/ros2_ws/install/robot_ros2_msgs/share/robot_ros2_msgs/cmake/robot_ros2_msgs__rosidl_typesupport_cppExport-noconfig.cmake
[1.982s] -- Up-to-date: /home/mihkel/School/ThesisPractical/ros2_ws/install/robot_ros2_msgs/share/robot_ros2_msgs/cmake/export_robot_ros2_msgs__rosidl_generator_pyExport.cmake
[1.983s] -- Up-to-date: /home/mihkel/School/ThesisPractical/ros2_ws/install/robot_ros2_msgs/share/robot_ros2_msgs/cmake/export_robot_ros2_msgs__rosidl_generator_pyExport-noconfig.cmake
[1.983s] -- Up-to-date: /home/mihkel/School/ThesisPractical/ros2_ws/install/robot_ros2_msgs/share/robot_ros2_msgs/cmake/rosidl_cmake-extras.cmake
[1.983s] -- Up-to-date: /home/mihkel/School/ThesisPractical/ros2_ws/install/robot_ros2_msgs/share/robot_ros2_msgs/cmake/ament_cmake_export_dependencies-extras.cmake
[1.984s] -- Up-to-date: /home/mihkel/School/ThesisPractical/ros2_ws/install/robot_ros2_msgs/share/robot_ros2_msgs/cmake/ament_cmake_export_include_directories-extras.cmake
[1.984s] -- Up-to-date: /home/mihkel/School/ThesisPractical/ros2_ws/install/robot_ros2_msgs/share/robot_ros2_msgs/cmake/ament_cmake_export_libraries-extras.cmake
[1.985s] -- Up-to-date: /home/mihkel/School/ThesisPractical/ros2_ws/install/robot_ros2_msgs/share/robot_ros2_msgs/cmake/ament_cmake_export_targets-extras.cmake
[1.985s] -- Up-to-date: /home/mihkel/School/ThesisPractical/ros2_ws/install/robot_ros2_msgs/share/robot_ros2_msgs/cmake/rosidl_cmake_export_typesupport_targets-extras.cmake
[1.985s] -- Up-to-date: /home/mihkel/School/ThesisPractical/ros2_ws/install/robot_ros2_msgs/share/robot_ros2_msgs/cmake/rosidl_cmake_export_typesupport_libraries-extras.cmake
[1.987s] -- Up-to-date: /home/mihkel/School/ThesisPractical/ros2_ws/install/robot_ros2_msgs/share/robot_ros2_msgs/cmake/robot_ros2_msgsConfig.cmake
[1.987s] -- Up-to-date: /home/mihkel/School/ThesisPractical/ros2_ws/install/robot_ros2_msgs/share/robot_ros2_msgs/cmake/robot_ros2_msgsConfig-version.cmake
[1.988s] -- Up-to-date: /home/mihkel/School/ThesisPractical/ros2_ws/install/robot_ros2_msgs/share/robot_ros2_msgs/package.xml
[1.989s] Invoked command in '/home/mihkel/School/ThesisPractical/ros2_ws/build/robot_ros2_msgs' returned '0': CMAKE_PREFIX_PATH=${CMAKE_PREFIX_PATH}:/home/mihkel/School/ThesisPractical/ros2_ws/install/hospital_carrier:/opt/ros/humble /usr/bin/cmake --install /home/mihkel/School/ThesisPractical/ros2_ws/build/robot_ros2_msgs
