[0.455s] Invoking command in '/home/mihkel/School/ThesisPractical/ros2_ws/build/robot_ros2_msgs': CMAKE_PREFIX_PATH=${CMAKE_PREFIX_PATH}:/home/mihkel/School/ThesisPractical/ros2_ws/install/hospital_carrier:/opt/ros/humble /usr/bin/cmake --build /home/mihkel/School/ThesisPractical/ros2_ws/build/robot_ros2_msgs -- -j12 -l12
[0.578s] [  1%] Built target robot_ros2_msgs__cpp
[0.584s] [ 12%] Built target robot_ros2_msgs__rosidl_generator_c
[0.611s] [ 12%] Built target ament_cmake_python_copy_robot_ros2_msgs
[0.652s] [ 23%] Built target robot_ros2_msgs__rosidl_typesupport_cpp
[0.654s] [ 34%] Built target robot_ros2_msgs__rosidl_typesupport_fastrtps_cpp
[0.655s] [ 45%] Built target robot_ros2_msgs__rosidl_typesupport_introspection_cpp
[0.660s] [ 56%] Built target robot_ros2_msgs__rosidl_typesupport_introspection_c
[0.663s] [ 67%] Built target robot_ros2_msgs__rosidl_typesupport_c
[0.671s] [ 78%] Built target robot_ros2_msgs__rosidl_typesupport_fastrtps_c
[0.723s] [ 78%] Built target robot_ros2_msgs
[0.774s] [ 80%] Built target robot_ros2_msgs__py
[0.834s] [ 89%] Built target robot_ros2_msgs__rosidl_generator_py
[0.894s] [ 92%] Built target robot_ros2_msgs__rosidl_typesupport_fastrtps_c__pyext
[0.907s] [ 96%] Built target robot_ros2_msgs__rosidl_typesupport_c__pyext
[0.909s] [100%] Built target robot_ros2_msgs__rosidl_typesupport_introspection_c__pyext
[1.533s] running egg_info
[1.534s] writing robot_ros2_msgs.egg-info/PKG-INFO
[1.535s] writing dependency_links to robot_ros2_msgs.egg-info/dependency_links.txt
[1.535s] writing top-level names to robot_ros2_msgs.egg-info/top_level.txt
[1.541s] reading manifest file 'robot_ros2_msgs.egg-info/SOURCES.txt'
[1.543s] writing manifest file 'robot_ros2_msgs.egg-info/SOURCES.txt'
[1.600s] [100%] Built target ament_cmake_python_build_robot_ros2_msgs_egg
