[2.022s] Invoking command in '/home/mihkel/School/ThesisPractical/ros2_ws/src/robot_ros2': AMENT_PREFIX_PATH=/home/mihkel/School/ThesisPractical/ros2_ws/install/robot_ros2_msgs:${AMENT_PREFIX_PATH} CMAKE_PREFIX_PATH=/home/mihkel/School/ThesisPractical/ros2_ws/install/robot_ros2_msgs:/home/mihkel/School/ThesisPractical/ros2_ws/install/rtabmap_conversions:/home/mihkel/School/ThesisPractical/ros2_ws/install/rtabmap_msgs:/home/mihkel/School/ThesisPractical/ros2_ws/install/rtabmap:/home/mihkel/School/ThesisPractical/ros2_ws/install/depthimage_to_laserscan LD_LIBRARY_PATH=/home/mihkel/School/ThesisPractical/ros2_ws/install/robot_ros2_msgs/lib:/home/mihkel/School/ThesisPractical/ros2_ws/install/rtabmap_conversions/lib:/home/mihkel/School/ThesisPractical/ros2_ws/install/rtabmap_msgs/lib:/home/mihkel/School/ThesisPractical/ros2_ws/install/rtabmap/lib:/home/mihkel/School/ThesisPractical/ros2_ws/install/depthimage_to_laserscan/lib:/usr/lib/x86_64-linux-gnu/gazebo-11/plugins:/opt/ros/humble/opt/rviz_ogre_vendor/lib:/opt/ros/humble/lib/x86_64-linux-gnu:/opt/ros/humble/lib PYTHONPATH=/home/mihkel/School/ThesisPractical/ros2_ws/build/hospital_carrier/prefix_override:/home/mihkel/School/ThesisPractical/ros2_ws/install/hospital_carrier/lib/python3.10/site-packages:/home/mihkel/School/ThesisPractical/ros2_ws/install/robot_ros2_msgs/local/lib/python3.10/dist-packages:${PYTHONPATH} /usr/bin/python3 setup.py egg_info --egg-base ../../build/hospital_carrier build --build-base /home/mihkel/School/ThesisPractical/ros2_ws/build/hospital_carrier/build install --record /home/mihkel/School/ThesisPractical/ros2_ws/build/hospital_carrier/install.log --single-version-externally-managed
[2.712s] running egg_info
[2.713s] creating ../../build/hospital_carrier/hospital_carrier.egg-info
[2.713s] writing ../../build/hospital_carrier/hospital_carrier.egg-info/PKG-INFO
[2.714s] writing dependency_links to ../../build/hospital_carrier/hospital_carrier.egg-info/dependency_links.txt
[2.714s] writing entry points to ../../build/hospital_carrier/hospital_carrier.egg-info/entry_points.txt
[2.715s] writing requirements to ../../build/hospital_carrier/hospital_carrier.egg-info/requires.txt
[2.715s] writing top-level names to ../../build/hospital_carrier/hospital_carrier.egg-info/top_level.txt
[2.715s] writing manifest file '../../build/hospital_carrier/hospital_carrier.egg-info/SOURCES.txt'
[2.719s] reading manifest file '../../build/hospital_carrier/hospital_carrier.egg-info/SOURCES.txt'
[2.722s] writing manifest file '../../build/hospital_carrier/hospital_carrier.egg-info/SOURCES.txt'
[2.722s] running build
[2.722s] running build_py
[2.723s] creating /home/mihkel/School/ThesisPractical/ros2_ws/build/hospital_carrier/build
[2.723s] creating /home/mihkel/School/ThesisPractical/ros2_ws/build/hospital_carrier/build/lib
[2.723s] creating /home/mihkel/School/ThesisPractical/ros2_ws/build/hospital_carrier/build/lib/hospital_carrier
[2.723s] copying hospital_carrier/Controllers.py -> /home/mihkel/School/ThesisPractical/ros2_ws/build/hospital_carrier/build/lib/hospital_carrier
[2.724s] copying hospital_carrier/EncoderSim.py -> /home/mihkel/School/ThesisPractical/ros2_ws/build/hospital_carrier/build/lib/hospital_carrier
[2.724s] copying hospital_carrier/ObjDetectionExample.py -> /home/mihkel/School/ThesisPractical/ros2_ws/build/hospital_carrier/build/lib/hospital_carrier
[2.724s] copying hospital_carrier/PS4Controller.py -> /home/mihkel/School/ThesisPractical/ros2_ws/build/hospital_carrier/build/lib/hospital_carrier
[2.724s] copying hospital_carrier/MqttVideoStreamer.py -> /home/mihkel/School/ThesisPractical/ros2_ws/build/hospital_carrier/build/lib/hospital_carrier
[2.725s] copying hospital_carrier/Odrives.py -> /home/mihkel/School/ThesisPractical/ros2_ws/build/hospital_carrier/build/lib/hospital_carrier
[2.725s] copying hospital_carrier/MqttListener.py -> /home/mihkel/School/ThesisPractical/ros2_ws/build/hospital_carrier/build/lib/hospital_carrier
[2.725s] copying hospital_carrier/odrives_calibrate.py -> /home/mihkel/School/ThesisPractical/ros2_ws/build/hospital_carrier/build/lib/hospital_carrier
[2.725s] copying hospital_carrier/ObstacleAvoidanceHelpers.py -> /home/mihkel/School/ThesisPractical/ros2_ws/build/hospital_carrier/build/lib/hospital_carrier
[2.725s] copying hospital_carrier/ReadQR.py -> /home/mihkel/School/ThesisPractical/ros2_ws/build/hospital_carrier/build/lib/hospital_carrier
[2.726s] copying hospital_carrier/odrive_axes_of.py -> /home/mihkel/School/ThesisPractical/ros2_ws/build/hospital_carrier/build/lib/hospital_carrier
[2.726s] copying hospital_carrier/open3d_ros_helper.py -> /home/mihkel/School/ThesisPractical/ros2_ws/build/hospital_carrier/build/lib/hospital_carrier
[2.726s] copying hospital_carrier/ColorPicker.py -> /home/mihkel/School/ThesisPractical/ros2_ws/build/hospital_carrier/build/lib/hospital_carrier
[2.726s] copying hospital_carrier/odrive_connection.py -> /home/mihkel/School/ThesisPractical/ros2_ws/build/hospital_carrier/build/lib/hospital_carrier
[2.726s] copying hospital_carrier/Localizer.py -> /home/mihkel/School/ThesisPractical/ros2_ws/build/hospital_carrier/build/lib/hospital_carrier
[2.727s] copying hospital_carrier/odrive_errors.py -> /home/mihkel/School/ThesisPractical/ros2_ws/build/hospital_carrier/build/lib/hospital_carrier
[2.727s] copying hospital_carrier/omniwheel_velocity_calc.py -> /home/mihkel/School/ThesisPractical/ros2_ws/build/hospital_carrier/build/lib/hospital_carrier
[2.727s] copying hospital_carrier/PointcloudToPly.py -> /home/mihkel/School/ThesisPractical/ros2_ws/build/hospital_carrier/build/lib/hospital_carrier
[2.727s] copying hospital_carrier/CoordinateNavigator.py -> /home/mihkel/School/ThesisPractical/ros2_ws/build/hospital_carrier/build/lib/hospital_carrier
[2.728s] copying hospital_carrier/ReadAruco.py -> /home/mihkel/School/ThesisPractical/ros2_ws/build/hospital_carrier/build/lib/hospital_carrier
[2.728s] copying hospital_carrier/MqttOdomAndStatus.py -> /home/mihkel/School/ThesisPractical/ros2_ws/build/hospital_carrier/build/lib/hospital_carrier
[2.728s] copying hospital_carrier/OperationModeControl.py -> /home/mihkel/School/ThesisPractical/ros2_ws/build/hospital_carrier/build/lib/hospital_carrier
[2.729s] copying hospital_carrier/DebugDisplay.py -> /home/mihkel/School/ThesisPractical/ros2_ws/build/hospital_carrier/build/lib/hospital_carrier
[2.729s] copying hospital_carrier/__init__.py -> /home/mihkel/School/ThesisPractical/ros2_ws/build/hospital_carrier/build/lib/hospital_carrier
[2.729s] copying hospital_carrier/OdomCalculator.py -> /home/mihkel/School/ThesisPractical/ros2_ws/build/hospital_carrier/build/lib/hospital_carrier
[2.729s] copying hospital_carrier/watchdog.py -> /home/mihkel/School/ThesisPractical/ros2_ws/build/hospital_carrier/build/lib/hospital_carrier
[2.729s] copying hospital_carrier/odrive_uart.py -> /home/mihkel/School/ThesisPractical/ros2_ws/build/hospital_carrier/build/lib/hospital_carrier
[2.730s] copying hospital_carrier/MqttRemoteControl.py -> /home/mihkel/School/ThesisPractical/ros2_ws/build/hospital_carrier/build/lib/hospital_carrier
[2.730s] copying hospital_carrier/Follower.py -> /home/mihkel/School/ThesisPractical/ros2_ws/build/hospital_carrier/build/lib/hospital_carrier
[2.730s] copying hospital_carrier/odrives_config.py -> /home/mihkel/School/ThesisPractical/ros2_ws/build/hospital_carrier/build/lib/hospital_carrier
[2.730s] copying hospital_carrier/odrives_connect.py -> /home/mihkel/School/ThesisPractical/ros2_ws/build/hospital_carrier/build/lib/hospital_carrier
[2.732s] running install
[2.732s] running install_lib
[2.734s] creating /home/mihkel/School/ThesisPractical/ros2_ws/install/hospital_carrier/lib/python3.10/site-packages/hospital_carrier
[2.734s] copying /home/mihkel/School/ThesisPractical/ros2_ws/build/hospital_carrier/build/lib/hospital_carrier/Controllers.py -> /home/mihkel/School/ThesisPractical/ros2_ws/install/hospital_carrier/lib/python3.10/site-packages/hospital_carrier
[2.735s] copying /home/mihkel/School/ThesisPractical/ros2_ws/build/hospital_carrier/build/lib/hospital_carrier/EncoderSim.py -> /home/mihkel/School/ThesisPractical/ros2_ws/install/hospital_carrier/lib/python3.10/site-packages/hospital_carrier
[2.735s] copying /home/mihkel/School/ThesisPractical/ros2_ws/build/hospital_carrier/build/lib/hospital_carrier/ObjDetectionExample.py -> /home/mihkel/School/ThesisPractical/ros2_ws/install/hospital_carrier/lib/python3.10/site-packages/hospital_carrier
[2.735s] copying /home/mihkel/School/ThesisPractical/ros2_ws/build/hospital_carrier/build/lib/hospital_carrier/PS4Controller.py -> /home/mihkel/School/ThesisPractical/ros2_ws/install/hospital_carrier/lib/python3.10/site-packages/hospital_carrier
[2.735s] copying /home/mihkel/School/ThesisPractical/ros2_ws/build/hospital_carrier/build/lib/hospital_carrier/MqttVideoStreamer.py -> /home/mihkel/School/ThesisPractical/ros2_ws/install/hospital_carrier/lib/python3.10/site-packages/hospital_carrier
[2.736s] copying /home/mihkel/School/ThesisPractical/ros2_ws/build/hospital_carrier/build/lib/hospital_carrier/Odrives.py -> /home/mihkel/School/ThesisPractical/ros2_ws/install/hospital_carrier/lib/python3.10/site-packages/hospital_carrier
[2.736s] copying /home/mihkel/School/ThesisPractical/ros2_ws/build/hospital_carrier/build/lib/hospital_carrier/MqttListener.py -> /home/mihkel/School/ThesisPractical/ros2_ws/install/hospital_carrier/lib/python3.10/site-packages/hospital_carrier
[2.736s] copying /home/mihkel/School/ThesisPractical/ros2_ws/build/hospital_carrier/build/lib/hospital_carrier/odrives_calibrate.py -> /home/mihkel/School/ThesisPractical/ros2_ws/install/hospital_carrier/lib/python3.10/site-packages/hospital_carrier
[2.736s] copying /home/mihkel/School/ThesisPractical/ros2_ws/build/hospital_carrier/build/lib/hospital_carrier/ObstacleAvoidanceHelpers.py -> /home/mihkel/School/ThesisPractical/ros2_ws/install/hospital_carrier/lib/python3.10/site-packages/hospital_carrier
[2.736s] copying /home/mihkel/School/ThesisPractical/ros2_ws/build/hospital_carrier/build/lib/hospital_carrier/ReadQR.py -> /home/mihkel/School/ThesisPractical/ros2_ws/install/hospital_carrier/lib/python3.10/site-packages/hospital_carrier
[2.737s] copying /home/mihkel/School/ThesisPractical/ros2_ws/build/hospital_carrier/build/lib/hospital_carrier/odrive_axes_of.py -> /home/mihkel/School/ThesisPractical/ros2_ws/install/hospital_carrier/lib/python3.10/site-packages/hospital_carrier
[2.737s] copying /home/mihkel/School/ThesisPractical/ros2_ws/build/hospital_carrier/build/lib/hospital_carrier/open3d_ros_helper.py -> /home/mihkel/School/ThesisPractical/ros2_ws/install/hospital_carrier/lib/python3.10/site-packages/hospital_carrier
[2.737s] copying /home/mihkel/School/ThesisPractical/ros2_ws/build/hospital_carrier/build/lib/hospital_carrier/ColorPicker.py -> /home/mihkel/School/ThesisPractical/ros2_ws/install/hospital_carrier/lib/python3.10/site-packages/hospital_carrier
[2.737s] copying /home/mihkel/School/ThesisPractical/ros2_ws/build/hospital_carrier/build/lib/hospital_carrier/odrive_connection.py -> /home/mihkel/School/ThesisPractical/ros2_ws/install/hospital_carrier/lib/python3.10/site-packages/hospital_carrier
[2.737s] copying /home/mihkel/School/ThesisPractical/ros2_ws/build/hospital_carrier/build/lib/hospital_carrier/Localizer.py -> /home/mihkel/School/ThesisPractical/ros2_ws/install/hospital_carrier/lib/python3.10/site-packages/hospital_carrier
[2.738s] copying /home/mihkel/School/ThesisPractical/ros2_ws/build/hospital_carrier/build/lib/hospital_carrier/odrive_errors.py -> /home/mihkel/School/ThesisPractical/ros2_ws/install/hospital_carrier/lib/python3.10/site-packages/hospital_carrier
[2.738s] copying /home/mihkel/School/ThesisPractical/ros2_ws/build/hospital_carrier/build/lib/hospital_carrier/omniwheel_velocity_calc.py -> /home/mihkel/School/ThesisPractical/ros2_ws/install/hospital_carrier/lib/python3.10/site-packages/hospital_carrier
[2.738s] copying /home/mihkel/School/ThesisPractical/ros2_ws/build/hospital_carrier/build/lib/hospital_carrier/PointcloudToPly.py -> /home/mihkel/School/ThesisPractical/ros2_ws/install/hospital_carrier/lib/python3.10/site-packages/hospital_carrier
[2.738s] copying /home/mihkel/School/ThesisPractical/ros2_ws/build/hospital_carrier/build/lib/hospital_carrier/CoordinateNavigator.py -> /home/mihkel/School/ThesisPractical/ros2_ws/install/hospital_carrier/lib/python3.10/site-packages/hospital_carrier
[2.739s] copying /home/mihkel/School/ThesisPractical/ros2_ws/build/hospital_carrier/build/lib/hospital_carrier/ReadAruco.py -> /home/mihkel/School/ThesisPractical/ros2_ws/install/hospital_carrier/lib/python3.10/site-packages/hospital_carrier
[2.739s] copying /home/mihkel/School/ThesisPractical/ros2_ws/build/hospital_carrier/build/lib/hospital_carrier/MqttOdomAndStatus.py -> /home/mihkel/School/ThesisPractical/ros2_ws/install/hospital_carrier/lib/python3.10/site-packages/hospital_carrier
[2.739s] copying /home/mihkel/School/ThesisPractical/ros2_ws/build/hospital_carrier/build/lib/hospital_carrier/OperationModeControl.py -> /home/mihkel/School/ThesisPractical/ros2_ws/install/hospital_carrier/lib/python3.10/site-packages/hospital_carrier
[2.739s] copying /home/mihkel/School/ThesisPractical/ros2_ws/build/hospital_carrier/build/lib/hospital_carrier/DebugDisplay.py -> /home/mihkel/School/ThesisPractical/ros2_ws/install/hospital_carrier/lib/python3.10/site-packages/hospital_carrier
[2.739s] copying /home/mihkel/School/ThesisPractical/ros2_ws/build/hospital_carrier/build/lib/hospital_carrier/__init__.py -> /home/mihkel/School/ThesisPractical/ros2_ws/install/hospital_carrier/lib/python3.10/site-packages/hospital_carrier
[2.740s] copying /home/mihkel/School/ThesisPractical/ros2_ws/build/hospital_carrier/build/lib/hospital_carrier/OdomCalculator.py -> /home/mihkel/School/ThesisPractical/ros2_ws/install/hospital_carrier/lib/python3.10/site-packages/hospital_carrier
[2.740s] copying /home/mihkel/School/ThesisPractical/ros2_ws/build/hospital_carrier/build/lib/hospital_carrier/watchdog.py -> /home/mihkel/School/ThesisPractical/ros2_ws/install/hospital_carrier/lib/python3.10/site-packages/hospital_carrier
[2.740s] copying /home/mihkel/School/ThesisPractical/ros2_ws/build/hospital_carrier/build/lib/hospital_carrier/odrive_uart.py -> /home/mihkel/School/ThesisPractical/ros2_ws/install/hospital_carrier/lib/python3.10/site-packages/hospital_carrier
[2.740s] copying /home/mihkel/School/ThesisPractical/ros2_ws/build/hospital_carrier/build/lib/hospital_carrier/MqttRemoteControl.py -> /home/mihkel/School/ThesisPractical/ros2_ws/install/hospital_carrier/lib/python3.10/site-packages/hospital_carrier
[2.741s] copying /home/mihkel/School/ThesisPractical/ros2_ws/build/hospital_carrier/build/lib/hospital_carrier/Follower.py -> /home/mihkel/School/ThesisPractical/ros2_ws/install/hospital_carrier/lib/python3.10/site-packages/hospital_carrier
[2.741s] copying /home/mihkel/School/ThesisPractical/ros2_ws/build/hospital_carrier/build/lib/hospital_carrier/odrives_config.py -> /home/mihkel/School/ThesisPractical/ros2_ws/install/hospital_carrier/lib/python3.10/site-packages/hospital_carrier
[2.741s] copying /home/mihkel/School/ThesisPractical/ros2_ws/build/hospital_carrier/build/lib/hospital_carrier/odrives_connect.py -> /home/mihkel/School/ThesisPractical/ros2_ws/install/hospital_carrier/lib/python3.10/site-packages/hospital_carrier
[2.742s] byte-compiling /home/mihkel/School/ThesisPractical/ros2_ws/install/hospital_carrier/lib/python3.10/site-packages/hospital_carrier/Controllers.py to Controllers.cpython-310.pyc
[2.745s] byte-compiling /home/mihkel/School/ThesisPractical/ros2_ws/install/hospital_carrier/lib/python3.10/site-packages/hospital_carrier/EncoderSim.py to EncoderSim.cpython-310.pyc
[2.747s] byte-compiling /home/mihkel/School/ThesisPractical/ros2_ws/install/hospital_carrier/lib/python3.10/site-packages/hospital_carrier/ObjDetectionExample.py to ObjDetectionExample.cpython-310.pyc
[2.749s] byte-compiling /home/mihkel/School/ThesisPractical/ros2_ws/install/hospital_carrier/lib/python3.10/site-packages/hospital_carrier/PS4Controller.py to PS4Controller.cpython-310.pyc
[2.751s] byte-compiling /home/mihkel/School/ThesisPractical/ros2_ws/install/hospital_carrier/lib/python3.10/site-packages/hospital_carrier/MqttVideoStreamer.py to MqttVideoStreamer.cpython-310.pyc
[2.753s] byte-compiling /home/mihkel/School/ThesisPractical/ros2_ws/install/hospital_carrier/lib/python3.10/site-packages/hospital_carrier/Odrives.py to Odrives.cpython-310.pyc
[2.757s] byte-compiling /home/mihkel/School/ThesisPractical/ros2_ws/install/hospital_carrier/lib/python3.10/site-packages/hospital_carrier/MqttListener.py to MqttListener.cpython-310.pyc
[2.759s] byte-compiling /home/mihkel/School/ThesisPractical/ros2_ws/install/hospital_carrier/lib/python3.10/site-packages/hospital_carrier/odrives_calibrate.py to odrives_calibrate.cpython-310.pyc
[2.760s] byte-compiling /home/mihkel/School/ThesisPractical/ros2_ws/install/hospital_carrier/lib/python3.10/site-packages/hospital_carrier/ObstacleAvoidanceHelpers.py to ObstacleAvoidanceHelpers.cpython-310.pyc
[2.761s] byte-compiling /home/mihkel/School/ThesisPractical/ros2_ws/install/hospital_carrier/lib/python3.10/site-packages/hospital_carrier/ReadQR.py to ReadQR.cpython-310.pyc
[2.763s] byte-compiling /home/mihkel/School/ThesisPractical/ros2_ws/install/hospital_carrier/lib/python3.10/site-packages/hospital_carrier/odrive_axes_of.py to odrive_axes_of.cpython-310.pyc
[2.764s] byte-compiling /home/mihkel/School/ThesisPractical/ros2_ws/install/hospital_carrier/lib/python3.10/site-packages/hospital_carrier/open3d_ros_helper.py to open3d_ros_helper.cpython-310.pyc
[2.770s] byte-compiling /home/mihkel/School/ThesisPractical/ros2_ws/install/hospital_carrier/lib/python3.10/site-packages/hospital_carrier/ColorPicker.py to ColorPicker.cpython-310.pyc
[2.771s] byte-compiling /home/mihkel/School/ThesisPractical/ros2_ws/install/hospital_carrier/lib/python3.10/site-packages/hospital_carrier/odrive_connection.py to odrive_connection.cpython-310.pyc
[2.773s] byte-compiling /home/mihkel/School/ThesisPractical/ros2_ws/install/hospital_carrier/lib/python3.10/site-packages/hospital_carrier/Localizer.py to Localizer.cpython-310.pyc
[2.777s] byte-compiling /home/mihkel/School/ThesisPractical/ros2_ws/install/hospital_carrier/lib/python3.10/site-packages/hospital_carrier/odrive_errors.py to odrive_errors.cpython-310.pyc
[2.779s] byte-compiling /home/mihkel/School/ThesisPractical/ros2_ws/install/hospital_carrier/lib/python3.10/site-packages/hospital_carrier/omniwheel_velocity_calc.py to omniwheel_velocity_calc.cpython-310.pyc
[2.779s] byte-compiling /home/mihkel/School/ThesisPractical/ros2_ws/install/hospital_carrier/lib/python3.10/site-packages/hospital_carrier/PointcloudToPly.py to PointcloudToPly.cpython-310.pyc
[2.781s] byte-compiling /home/mihkel/School/ThesisPractical/ros2_ws/install/hospital_carrier/lib/python3.10/site-packages/hospital_carrier/CoordinateNavigator.py to CoordinateNavigator.cpython-310.pyc
[2.783s] byte-compiling /home/mihkel/School/ThesisPractical/ros2_ws/install/hospital_carrier/lib/python3.10/site-packages/hospital_carrier/ReadAruco.py to ReadAruco.cpython-310.pyc
[2.787s] byte-compiling /home/mihkel/School/ThesisPractical/ros2_ws/install/hospital_carrier/lib/python3.10/site-packages/hospital_carrier/MqttOdomAndStatus.py to MqttOdomAndStatus.cpython-310.pyc
[2.789s] byte-compiling /home/mihkel/School/ThesisPractical/ros2_ws/install/hospital_carrier/lib/python3.10/site-packages/hospital_carrier/OperationModeControl.py to OperationModeControl.cpython-310.pyc
[2.791s] byte-compiling /home/mihkel/School/ThesisPractical/ros2_ws/install/hospital_carrier/lib/python3.10/site-packages/hospital_carrier/DebugDisplay.py to DebugDisplay.cpython-310.pyc
[2.794s] byte-compiling /home/mihkel/School/ThesisPractical/ros2_ws/install/hospital_carrier/lib/python3.10/site-packages/hospital_carrier/__init__.py to __init__.cpython-310.pyc
[2.794s] byte-compiling /home/mihkel/School/ThesisPractical/ros2_ws/install/hospital_carrier/lib/python3.10/site-packages/hospital_carrier/OdomCalculator.py to OdomCalculator.cpython-310.pyc
[2.796s] byte-compiling /home/mihkel/School/ThesisPractical/ros2_ws/install/hospital_carrier/lib/python3.10/site-packages/hospital_carrier/watchdog.py to watchdog.cpython-310.pyc
[2.797s] byte-compiling /home/mihkel/School/ThesisPractical/ros2_ws/install/hospital_carrier/lib/python3.10/site-packages/hospital_carrier/odrive_uart.py to odrive_uart.cpython-310.pyc
[2.799s] byte-compiling /home/mihkel/School/ThesisPractical/ros2_ws/install/hospital_carrier/lib/python3.10/site-packages/hospital_carrier/MqttRemoteControl.py to MqttRemoteControl.cpython-310.pyc
[2.801s] byte-compiling /home/mihkel/School/ThesisPractical/ros2_ws/install/hospital_carrier/lib/python3.10/site-packages/hospital_carrier/Follower.py to Follower.cpython-310.pyc
[2.803s] byte-compiling /home/mihkel/School/ThesisPractical/ros2_ws/install/hospital_carrier/lib/python3.10/site-packages/hospital_carrier/odrives_config.py to odrives_config.cpython-310.pyc
[2.804s] byte-compiling /home/mihkel/School/ThesisPractical/ros2_ws/install/hospital_carrier/lib/python3.10/site-packages/hospital_carrier/odrives_connect.py to odrives_connect.cpython-310.pyc
[2.805s] running install_data
[2.806s] creating /home/mihkel/School/ThesisPractical/ros2_ws/install/hospital_carrier/share/ament_index
[2.807s] creating /home/mihkel/School/ThesisPractical/ros2_ws/install/hospital_carrier/share/ament_index/resource_index
[2.807s] creating /home/mihkel/School/ThesisPractical/ros2_ws/install/hospital_carrier/share/ament_index/resource_index/packages
[2.807s] copying resource/hospital_carrier -> /home/mihkel/School/ThesisPractical/ros2_ws/install/hospital_carrier/share/ament_index/resource_index/packages
[2.807s] copying package.xml -> /home/mihkel/School/ThesisPractical/ros2_ws/install/hospital_carrier/share/hospital_carrier
[2.808s] creating /home/mihkel/School/ThesisPractical/ros2_ws/install/hospital_carrier/share/hospital_carrier/launch
[2.808s] copying launch/segment.launch -> /home/mihkel/School/ThesisPractical/ros2_ws/install/hospital_carrier/share/hospital_carrier/launch
[2.808s] copying launch/hospital_robot.launch -> /home/mihkel/School/ThesisPractical/ros2_ws/install/hospital_carrier/share/hospital_carrier/launch
[2.808s] copying launch/drive.launch -> /home/mihkel/School/ThesisPractical/ros2_ws/install/hospital_carrier/share/hospital_carrier/launch
[2.808s] copying launch/mapping.launch -> /home/mihkel/School/ThesisPractical/ros2_ws/install/hospital_carrier/share/hospital_carrier/launch
[2.809s] copying launch/realsense_d435i_color.launch.py -> /home/mihkel/School/ThesisPractical/ros2_ws/install/hospital_carrier/share/hospital_carrier/launch
[2.809s] creating /home/mihkel/School/ThesisPractical/ros2_ws/install/hospital_carrier/share/hospital_carrier/config
[2.809s] copying config/robotConfig.yaml -> /home/mihkel/School/ThesisPractical/ros2_ws/install/hospital_carrier/share/hospital_carrier/config
[2.809s] copying config/nav2_params.yaml -> /home/mihkel/School/ThesisPractical/ros2_ws/install/hospital_carrier/share/hospital_carrier/config
[2.810s] copying config/apriltag_settings.yaml -> /home/mihkel/School/ThesisPractical/ros2_ws/install/hospital_carrier/share/hospital_carrier/config
[2.810s] copying config/mapper_params_online_async.yaml -> /home/mihkel/School/ThesisPractical/ros2_ws/install/hospital_carrier/share/hospital_carrier/config
[2.810s] copying config/calibration_realSense.yaml -> /home/mihkel/School/ThesisPractical/ros2_ws/install/hospital_carrier/share/hospital_carrier/config
[2.810s] creating /home/mihkel/School/ThesisPractical/ros2_ws/install/hospital_carrier/share/hospital_carrier/urdf
[2.810s] copying urdf/robot_base.gazebo.xacro -> /home/mihkel/School/ThesisPractical/ros2_ws/install/hospital_carrier/share/hospital_carrier/urdf
[2.811s] copying urdf/omni_wheel.urdf.xacro -> /home/mihkel/School/ThesisPractical/ros2_ws/install/hospital_carrier/share/hospital_carrier/urdf
[2.811s] copying urdf/robot_base.urdf.xacro -> /home/mihkel/School/ThesisPractical/ros2_ws/install/hospital_carrier/share/hospital_carrier/urdf
[2.811s] copying urdf/robot.urdf.xacro -> /home/mihkel/School/ThesisPractical/ros2_ws/install/hospital_carrier/share/hospital_carrier/urdf
[2.811s] creating /home/mihkel/School/ThesisPractical/ros2_ws/install/hospital_carrier/share/hospital_carrier/meshes
[2.812s] copying meshes/omni_wheel_2.dae -> /home/mihkel/School/ThesisPractical/ros2_ws/install/hospital_carrier/share/hospital_carrier/meshes
[2.812s] copying meshes/omni_wheel_1.dae -> /home/mihkel/School/ThesisPractical/ros2_ws/install/hospital_carrier/share/hospital_carrier/meshes
[2.814s] copying meshes/robot_base.dae -> /home/mihkel/School/ThesisPractical/ros2_ws/install/hospital_carrier/share/hospital_carrier/meshes
[2.815s] creating /home/mihkel/School/ThesisPractical/ros2_ws/install/hospital_carrier/share/hospital_carrier/models
[2.815s] copying models/mapmos.ckpt -> /home/mihkel/School/ThesisPractical/ros2_ws/install/hospital_carrier/share/hospital_carrier/models
[2.827s] creating /home/mihkel/School/ThesisPractical/ros2_ws/install/hospital_carrier/share/hospital_carrier/data
[2.828s] running install_egg_info
[2.831s] Copying ../../build/hospital_carrier/hospital_carrier.egg-info to /home/mihkel/School/ThesisPractical/ros2_ws/install/hospital_carrier/lib/python3.10/site-packages/hospital_carrier-0.0.0-py3.10.egg-info
[2.833s] running install_scripts
[2.878s] Installing CoordinateNavigator script to /home/mihkel/School/ThesisPractical/ros2_ws/install/hospital_carrier/lib/hospital_carrier
[2.878s] Installing DebugDisplay script to /home/mihkel/School/ThesisPractical/ros2_ws/install/hospital_carrier/lib/hospital_carrier
[2.879s] Installing EncoderSim script to /home/mihkel/School/ThesisPractical/ros2_ws/install/hospital_carrier/lib/hospital_carrier
[2.879s] Installing Follower script to /home/mihkel/School/ThesisPractical/ros2_ws/install/hospital_carrier/lib/hospital_carrier
[2.879s] Installing Localizer script to /home/mihkel/School/ThesisPractical/ros2_ws/install/hospital_carrier/lib/hospital_carrier
[2.880s] Installing MqttListener script to /home/mihkel/School/ThesisPractical/ros2_ws/install/hospital_carrier/lib/hospital_carrier
[2.880s] Installing MqttOdomAndStatus script to /home/mihkel/School/ThesisPractical/ros2_ws/install/hospital_carrier/lib/hospital_carrier
[2.880s] Installing MqttRemoteControl script to /home/mihkel/School/ThesisPractical/ros2_ws/install/hospital_carrier/lib/hospital_carrier
[2.880s] Installing MqttVideoStreamer script to /home/mihkel/School/ThesisPractical/ros2_ws/install/hospital_carrier/lib/hospital_carrier
[2.881s] Installing OdomCalculator script to /home/mihkel/School/ThesisPractical/ros2_ws/install/hospital_carrier/lib/hospital_carrier
[2.881s] Installing Odrives script to /home/mihkel/School/ThesisPractical/ros2_ws/install/hospital_carrier/lib/hospital_carrier
[2.881s] Installing OperationModeControl script to /home/mihkel/School/ThesisPractical/ros2_ws/install/hospital_carrier/lib/hospital_carrier
[2.881s] Installing PS4Controller script to /home/mihkel/School/ThesisPractical/ros2_ws/install/hospital_carrier/lib/hospital_carrier
[2.881s] Installing PointcloudToPly script to /home/mihkel/School/ThesisPractical/ros2_ws/install/hospital_carrier/lib/hospital_carrier
[2.881s] Installing ReadAruco script to /home/mihkel/School/ThesisPractical/ros2_ws/install/hospital_carrier/lib/hospital_carrier
[2.882s] writing list of installed files to '/home/mihkel/School/ThesisPractical/ros2_ws/build/hospital_carrier/install.log'
[2.931s] Invoked command in '/home/mihkel/School/ThesisPractical/ros2_ws/src/robot_ros2' returned '0': AMENT_PREFIX_PATH=/home/mihkel/School/ThesisPractical/ros2_ws/install/robot_ros2_msgs:${AMENT_PREFIX_PATH} CMAKE_PREFIX_PATH=/home/mihkel/School/ThesisPractical/ros2_ws/install/robot_ros2_msgs:/home/mihkel/School/ThesisPractical/ros2_ws/install/rtabmap_conversions:/home/mihkel/School/ThesisPractical/ros2_ws/install/rtabmap_msgs:/home/mihkel/School/ThesisPractical/ros2_ws/install/rtabmap:/home/mihkel/School/ThesisPractical/ros2_ws/install/depthimage_to_laserscan LD_LIBRARY_PATH=/home/mihkel/School/ThesisPractical/ros2_ws/install/robot_ros2_msgs/lib:/home/mihkel/School/ThesisPractical/ros2_ws/install/rtabmap_conversions/lib:/home/mihkel/School/ThesisPractical/ros2_ws/install/rtabmap_msgs/lib:/home/mihkel/School/ThesisPractical/ros2_ws/install/rtabmap/lib:/home/mihkel/School/ThesisPractical/ros2_ws/install/depthimage_to_laserscan/lib:/usr/lib/x86_64-linux-gnu/gazebo-11/plugins:/opt/ros/humble/opt/rviz_ogre_vendor/lib:/opt/ros/humble/lib/x86_64-linux-gnu:/opt/ros/humble/lib PYTHONPATH=/home/mihkel/School/ThesisPractical/ros2_ws/build/hospital_carrier/prefix_override:/home/mihkel/School/ThesisPractical/ros2_ws/install/hospital_carrier/lib/python3.10/site-packages:/home/mihkel/School/ThesisPractical/ros2_ws/install/robot_ros2_msgs/local/lib/python3.10/dist-packages:${PYTHONPATH} /usr/bin/python3 setup.py egg_info --egg-base ../../build/hospital_carrier build --build-base /home/mihkel/School/ThesisPractical/ros2_ws/build/hospital_carrier/build install --record /home/mihkel/School/ThesisPractical/ros2_ws/build/hospital_carrier/install.log --single-version-externally-managed
