/home/mihkel/School/ThesisPractical/myros_ws/install/semantic_segmentation/lib/python3.10/site-packages/models/coloring.py
/home/mihkel/School/ThesisPractical/myros_ws/install/semantic_segmentation/lib/python3.10/site-packages/models/__init__.py
/home/mihkel/School/ThesisPractical/myros_ws/install/semantic_segmentation/lib/python3.10/site-packages/semantic_segmentation/segmentation_node.py
/home/mihkel/School/ThesisPractical/myros_ws/install/semantic_segmentation/lib/python3.10/site-packages/semantic_segmentation/cv_bridge.py
/home/mihkel/School/ThesisPractical/myros_ws/install/semantic_segmentation/lib/python3.10/site-packages/semantic_segmentation/__init__.py
/home/mihkel/School/ThesisPractical/myros_ws/install/semantic_segmentation/lib/python3.10/site-packages/semantic_segmentation/cv_resize.py
/home/mihkel/School/ThesisPractical/myros_ws/install/semantic_segmentation/lib/python3.10/site-packages/models/mnv2_dm05_voc/__init__.py
/home/mihkel/School/ThesisPractical/myros_ws/install/semantic_segmentation/lib/python3.10/site-packages/models/mnv2_dm05_voc/cv_resize.py
/home/mihkel/School/ThesisPractical/myros_ws/install/semantic_segmentation/lib/python3.10/site-packages/models/mnv2_coco2017_driving_513/__init__.py
/home/mihkel/School/ThesisPractical/myros_ws/install/semantic_segmentation/lib/python3.10/site-packages/models/mnv2_bdd100k_driveable_513/__init__.py
/home/mihkel/School/ThesisPractical/myros_ws/install/semantic_segmentation/lib/python3.10/site-packages/models/deeplabv3_test/__init__.py
/home/mihkel/School/ThesisPractical/myros_ws/install/semantic_segmentation/lib/python3.10/site-packages/models/espnetv2_bdd100k_driveable/__init__.py
/home/mihkel/School/ThesisPractical/myros_ws/install/semantic_segmentation/lib/python3.10/site-packages/models/espnetv2_bdd100k_driveable/cv_resize.py
/home/mihkel/School/ThesisPractical/myros_ws/install/semantic_segmentation/lib/python3.10/site-packages/models/deeplabv3_mobilenet_test/__init__.py
/home/mihkel/School/ThesisPractical/myros_ws/install/semantic_segmentation/lib/python3.10/site-packages/models/espnetv2_bdd100k_driveable/cnn/cnn_utils.py
/home/mihkel/School/ThesisPractical/myros_ws/install/semantic_segmentation/lib/python3.10/site-packages/models/espnetv2_bdd100k_driveable/cnn/Model.py
/home/mihkel/School/ThesisPractical/myros_ws/install/semantic_segmentation/lib/python3.10/site-packages/models/espnetv2_bdd100k_driveable/cnn/__init__.py
/home/mihkel/School/ThesisPractical/myros_ws/install/semantic_segmentation/lib/python3.10/site-packages/models/espnetv2_bdd100k_driveable/cnn/SegmentationModel.py
/home/mihkel/School/ThesisPractical/myros_ws/install/semantic_segmentation/lib/python3.10/site-packages/models/__pycache__/coloring.cpython-310.pyc
/home/mihkel/School/ThesisPractical/myros_ws/install/semantic_segmentation/lib/python3.10/site-packages/models/__pycache__/__init__.cpython-310.pyc
/home/mihkel/School/ThesisPractical/myros_ws/install/semantic_segmentation/lib/python3.10/site-packages/semantic_segmentation/__pycache__/segmentation_node.cpython-310.pyc
/home/mihkel/School/ThesisPractical/myros_ws/install/semantic_segmentation/lib/python3.10/site-packages/semantic_segmentation/__pycache__/cv_bridge.cpython-310.pyc
/home/mihkel/School/ThesisPractical/myros_ws/install/semantic_segmentation/lib/python3.10/site-packages/semantic_segmentation/__pycache__/__init__.cpython-310.pyc
/home/mihkel/School/ThesisPractical/myros_ws/install/semantic_segmentation/lib/python3.10/site-packages/semantic_segmentation/__pycache__/cv_resize.cpython-310.pyc
/home/mihkel/School/ThesisPractical/myros_ws/install/semantic_segmentation/lib/python3.10/site-packages/models/mnv2_dm05_voc/__pycache__/__init__.cpython-310.pyc
/home/mihkel/School/ThesisPractical/myros_ws/install/semantic_segmentation/lib/python3.10/site-packages/models/mnv2_dm05_voc/__pycache__/cv_resize.cpython-310.pyc
/home/mihkel/School/ThesisPractical/myros_ws/install/semantic_segmentation/lib/python3.10/site-packages/models/mnv2_coco2017_driving_513/__pycache__/__init__.cpython-310.pyc
/home/mihkel/School/ThesisPractical/myros_ws/install/semantic_segmentation/lib/python3.10/site-packages/models/mnv2_bdd100k_driveable_513/__pycache__/__init__.cpython-310.pyc
/home/mihkel/School/ThesisPractical/myros_ws/install/semantic_segmentation/lib/python3.10/site-packages/models/deeplabv3_test/__pycache__/__init__.cpython-310.pyc
/home/mihkel/School/ThesisPractical/myros_ws/install/semantic_segmentation/lib/python3.10/site-packages/models/espnetv2_bdd100k_driveable/__pycache__/__init__.cpython-310.pyc
/home/mihkel/School/ThesisPractical/myros_ws/install/semantic_segmentation/lib/python3.10/site-packages/models/espnetv2_bdd100k_driveable/__pycache__/cv_resize.cpython-310.pyc
/home/mihkel/School/ThesisPractical/myros_ws/install/semantic_segmentation/lib/python3.10/site-packages/models/deeplabv3_mobilenet_test/__pycache__/__init__.cpython-310.pyc
/home/mihkel/School/ThesisPractical/myros_ws/install/semantic_segmentation/lib/python3.10/site-packages/models/espnetv2_bdd100k_driveable/cnn/__pycache__/cnn_utils.cpython-310.pyc
/home/mihkel/School/ThesisPractical/myros_ws/install/semantic_segmentation/lib/python3.10/site-packages/models/espnetv2_bdd100k_driveable/cnn/__pycache__/Model.cpython-310.pyc
/home/mihkel/School/ThesisPractical/myros_ws/install/semantic_segmentation/lib/python3.10/site-packages/models/espnetv2_bdd100k_driveable/cnn/__pycache__/__init__.cpython-310.pyc
/home/mihkel/School/ThesisPractical/myros_ws/install/semantic_segmentation/lib/python3.10/site-packages/models/espnetv2_bdd100k_driveable/cnn/__pycache__/SegmentationModel.cpython-310.pyc
/home/mihkel/School/ThesisPractical/myros_ws/install/semantic_segmentation/share/ament_index/resource_index/packages/semantic_segmentation
/home/mihkel/School/ThesisPractical/myros_ws/install/semantic_segmentation/share/semantic_segmentation/package.xml
/home/mihkel/School/ThesisPractical/myros_ws/install/semantic_segmentation/lib/python3.10/site-packages/semantic_segmentation-0.1.0-py3.10.egg-info/requires.txt
/home/mihkel/School/ThesisPractical/myros_ws/install/semantic_segmentation/lib/python3.10/site-packages/semantic_segmentation-0.1.0-py3.10.egg-info/top_level.txt
/home/mihkel/School/ThesisPractical/myros_ws/install/semantic_segmentation/lib/python3.10/site-packages/semantic_segmentation-0.1.0-py3.10.egg-info/PKG-INFO
/home/mihkel/School/ThesisPractical/myros_ws/install/semantic_segmentation/lib/python3.10/site-packages/semantic_segmentation-0.1.0-py3.10.egg-info/SOURCES.txt
/home/mihkel/School/ThesisPractical/myros_ws/install/semantic_segmentation/lib/python3.10/site-packages/semantic_segmentation-0.1.0-py3.10.egg-info/entry_points.txt
/home/mihkel/School/ThesisPractical/myros_ws/install/semantic_segmentation/lib/python3.10/site-packages/semantic_segmentation-0.1.0-py3.10.egg-info/dependency_links.txt
/home/mihkel/School/ThesisPractical/myros_ws/install/semantic_segmentation/lib/python3.10/site-packages/semantic_segmentation-0.1.0-py3.10.egg-info/zip-safe
/home/mihkel/School/ThesisPractical/myros_ws/install/semantic_segmentation/lib/semantic_segmentation/segmentation
