[0.261s] Invoking command in '/home/mihkel/School/ros-packages/nav2_ws/build/dwb_core': AMENT_PREFIX_PATH=/home/mihkel/School/ros-packages/nav2_ws/install/nav2_core:/home/mihkel/School/ros-packages/nav2_ws/install/nav2_costmap_2d:/home/mihkel/School/ros-packages/nav2_ws/install/nav_2d_utils:/home/mihkel/School/ros-packages/nav2_ws/install/nav2_util:/home/mihkel/School/ros-packages/nav2_ws/install/nav2_voxel_grid:/home/mihkel/School/ros-packages/nav2_ws/install/nav2_msgs:/home/mihkel/School/ros-packages/nav2_ws/install/dwb_msgs:/home/mihkel/School/ros-packages/nav2_ws/install/bondcpp:/home/mihkel/School/ros-packages/nav2_ws/install/smclib:/home/mihkel/School/ros-packages/nav2_ws/install/nav_2d_msgs:/home/mihkel/School/ros-packages/nav2_ws/install/nav2_common:/home/mihkel/School/ros-packages/nav2_ws/install/bond:${AMENT_PREFIX_PATH} CMAKE_PREFIX_PATH=/home/mihkel/School/ros-packages/nav2_ws/install/nav2_core:/home/mihkel/School/ros-packages/nav2_ws/install/nav2_costmap_2d:/home/mihkel/School/ros-packages/nav2_ws/install/nav_2d_utils:/home/mihkel/School/ros-packages/nav2_ws/install/nav2_util:/home/mihkel/School/ros-packages/nav2_ws/install/nav2_voxel_grid:/home/mihkel/School/ros-packages/nav2_ws/install/nav2_msgs:/home/mihkel/School/ros-packages/nav2_ws/install/dwb_msgs:/home/mihkel/School/ros-packages/nav2_ws/install/bondcpp:/home/mihkel/School/ros-packages/nav2_ws/install/smclib:/home/mihkel/School/ros-packages/nav2_ws/install/nav_2d_msgs:/home/mihkel/School/ros-packages/nav2_ws/install/nav2_common:/home/mihkel/School/ros-packages/nav2_ws/install/bond:/opt/ros/humble LD_LIBRARY_PATH=/home/mihkel/School/ros-packages/nav2_ws/install/nav2_costmap_2d/lib:/home/mihkel/School/ros-packages/nav2_ws/install/nav_2d_utils/lib:/home/mihkel/School/ros-packages/nav2_ws/install/nav2_util/lib:/home/mihkel/School/ros-packages/nav2_ws/install/nav2_voxel_grid/lib:/home/mihkel/School/ros-packages/nav2_ws/install/nav2_msgs/lib:/home/mihkel/School/ros-packages/nav2_ws/install/dwb_msgs/lib:/home/mihkel/School/ros-packages/nav2_ws/install/bondcpp/lib:/home/mihkel/School/ros-packages/nav2_ws/install/nav_2d_msgs/lib:/home/mihkel/School/ros-packages/nav2_ws/install/bond/lib:${LD_LIBRARY_PATH} PYTHONPATH=/home/mihkel/School/ros-packages/nav2_ws/install/nav2_msgs/local/lib/python3.10/dist-packages:/home/mihkel/School/ros-packages/nav2_ws/install/dwb_msgs/local/lib/python3.10/dist-packages:/home/mihkel/School/ros-packages/nav2_ws/install/smclib/local/lib/python3.10/dist-packages:/home/mihkel/School/ros-packages/nav2_ws/install/nav_2d_msgs/local/lib/python3.10/dist-packages:/home/mihkel/School/ros-packages/nav2_ws/install/nav2_common/local/lib/python3.10/dist-packages:/home/mihkel/School/ros-packages/nav2_ws/install/bond/local/lib/python3.10/dist-packages:${PYTHONPATH} /home/mihkel/.local/bin/cmake /home/mihkel/School/ros-packages/nav2_ws/src/navigation2/nav2_dwb_controller/dwb_core -DAMENT_CMAKE_SYMLINK_INSTALL=1 -DCMAKE_INSTALL_PREFIX=/home/mihkel/School/ros-packages/nav2_ws/install/dwb_core
[0.442s] -- The C compiler identification is GNU 11.4.0
[0.574s] -- The CXX compiler identification is GNU 11.4.0
[0.609s] -- Detecting C compiler ABI info
[0.757s] -- Detecting C compiler ABI info - done
[0.788s] -- Check for working C compiler: /usr/bin/cc - skipped
[0.788s] -- Detecting C compile features
[0.789s] -- Detecting C compile features - done
[0.811s] -- Detecting CXX compiler ABI info
[0.974s] -- Detecting CXX compiler ABI info - done
[1.005s] -- Check for working CXX compiler: /usr/bin/c++ - skipped
[1.006s] -- Detecting CXX compile features
[1.007s] -- Detecting CXX compile features - done
[1.016s] -- Found ament_cmake: 1.3.6 (/opt/ros/humble/share/ament_cmake/cmake)
[3.994s] -- Found Python3: /usr/bin/python3.10 (found version "3.10.12") found components: Interpreter 
[4.168s] -- Override CMake install command with custom implementation using symlinks instead of copying resources
[4.262s] -- Found nav2_common: 1.1.12 (/home/mihkel/School/ros-packages/nav2_ws/install/nav2_common/share/nav2_common/cmake)
[4.268s] -- Found rclcpp: 16.0.7 (/opt/ros/humble/share/rclcpp/cmake)
[4.417s] -- Found rosidl_generator_c: 3.1.5 (/opt/ros/humble/share/rosidl_generator_c/cmake)
[4.436s] -- Found rosidl_adapter: 3.1.5 (/opt/ros/humble/share/rosidl_adapter/cmake)
[4.466s] -- Found rosidl_generator_cpp: 3.1.5 (/opt/ros/humble/share/rosidl_generator_cpp/cmake)
[4.527s] -- Using all available rosidl_typesupport_c: rosidl_typesupport_fastrtps_c;rosidl_typesupport_introspection_c
[4.600s] -- Using all available rosidl_typesupport_cpp: rosidl_typesupport_fastrtps_cpp;rosidl_typesupport_introspection_cpp
[4.866s] -- Found rmw_implementation_cmake: 6.1.1 (/opt/ros/humble/share/rmw_implementation_cmake/cmake)
[4.877s] -- Found rmw_fastrtps_cpp: 6.2.5 (/opt/ros/humble/share/rmw_fastrtps_cpp/cmake)
[5.155s] -- Found OpenSSL: /usr/lib/x86_64-linux-gnu/libcrypto.so (found version "3.0.2")  
[5.233s] -- Found FastRTPS: /opt/ros/humble/include  
[5.371s] -- Using RMW implementation 'rmw_fastrtps_cpp' as default
[5.405s] -- Performing Test CMAKE_HAVE_LIBC_PTHREAD
[5.544s] -- Performing Test CMAKE_HAVE_LIBC_PTHREAD - Success
[5.547s] -- Found Threads: TRUE  
[6.093s] -- Found geometry_msgs: 4.2.3 (/opt/ros/humble/share/geometry_msgs/cmake)
[6.245s] -- Found nav_2d_msgs: 1.1.12 (/home/mihkel/School/ros-packages/nav2_ws/install/nav_2d_msgs/share/nav_2d_msgs/cmake)
[6.473s] -- Found dwb_msgs: 1.1.12 (/home/mihkel/School/ros-packages/nav2_ws/install/dwb_msgs/share/dwb_msgs/cmake)
[7.184s] -- Found nav2_costmap_2d: 1.1.12 (/home/mihkel/School/ros-packages/nav2_ws/install/nav2_costmap_2d/share/nav2_costmap_2d/cmake)
[9.660s] -- Found Eigen3: TRUE (found version "3.4.0") 
[9.661s] -- Ensuring Eigen3 include directory is part of orocos-kdl CMake target
[12.567s] -- Found nav_2d_utils: 1.1.12 (/home/mihkel/School/ros-packages/nav2_ws/install/nav_2d_utils/share/nav_2d_utils/cmake)
[14.135s] -- Found nav2_core: 1.1.12 (/home/mihkel/School/ros-packages/nav2_ws/install/nav2_core/share/nav2_core/cmake)
[16.448s] -- Setting build type to Release as none was specified.
[33.517s] -- Found ament_lint_auto: 0.12.9 (/opt/ros/humble/share/ament_lint_auto/cmake)
[33.781s] -- Found gtest sources under '/opt/ros/humble/src/gtest_vendor': C++ tests using 'Google Test' will be built
[33.812s] -- Added test 'cppcheck' to perform static code analysis on C / C++ code
[33.813s] -- Configured cppcheck include dirs: /home/mihkel/School/ros-packages/nav2_ws/src/navigation2/nav2_dwb_controller/dwb_core/include
[33.813s] -- Configured cppcheck exclude dirs and/or files: 
[33.817s] -- Added test 'cpplint' to check C / C++ code against the Google style
[33.817s] -- Configured cpplint exclude dirs and/or files: 
[33.820s] -- Added test 'lint_cmake' to check CMake code style
[33.825s] -- Added test 'uncrustify' to check C / C++ code style
[33.825s] -- Configured uncrustify additional arguments: 
[33.827s] -- Added test 'xmllint' to check XML markup files
[33.838s] -- Configuring done (33.5s)
[34.059s] -- Generating done (0.2s)
[34.067s] -- Build files have been written to: /home/mihkel/School/ros-packages/nav2_ws/build/dwb_core
[34.110s] Invoked command in '/home/mihkel/School/ros-packages/nav2_ws/build/dwb_core' returned '0': AMENT_PREFIX_PATH=/home/mihkel/School/ros-packages/nav2_ws/install/nav2_core:/home/mihkel/School/ros-packages/nav2_ws/install/nav2_costmap_2d:/home/mihkel/School/ros-packages/nav2_ws/install/nav_2d_utils:/home/mihkel/School/ros-packages/nav2_ws/install/nav2_util:/home/mihkel/School/ros-packages/nav2_ws/install/nav2_voxel_grid:/home/mihkel/School/ros-packages/nav2_ws/install/nav2_msgs:/home/mihkel/School/ros-packages/nav2_ws/install/dwb_msgs:/home/mihkel/School/ros-packages/nav2_ws/install/bondcpp:/home/mihkel/School/ros-packages/nav2_ws/install/smclib:/home/mihkel/School/ros-packages/nav2_ws/install/nav_2d_msgs:/home/mihkel/School/ros-packages/nav2_ws/install/nav2_common:/home/mihkel/School/ros-packages/nav2_ws/install/bond:${AMENT_PREFIX_PATH} CMAKE_PREFIX_PATH=/home/mihkel/School/ros-packages/nav2_ws/install/nav2_core:/home/mihkel/School/ros-packages/nav2_ws/install/nav2_costmap_2d:/home/mihkel/School/ros-packages/nav2_ws/install/nav_2d_utils:/home/mihkel/School/ros-packages/nav2_ws/install/nav2_util:/home/mihkel/School/ros-packages/nav2_ws/install/nav2_voxel_grid:/home/mihkel/School/ros-packages/nav2_ws/install/nav2_msgs:/home/mihkel/School/ros-packages/nav2_ws/install/dwb_msgs:/home/mihkel/School/ros-packages/nav2_ws/install/bondcpp:/home/mihkel/School/ros-packages/nav2_ws/install/smclib:/home/mihkel/School/ros-packages/nav2_ws/install/nav_2d_msgs:/home/mihkel/School/ros-packages/nav2_ws/install/nav2_common:/home/mihkel/School/ros-packages/nav2_ws/install/bond:/opt/ros/humble LD_LIBRARY_PATH=/home/mihkel/School/ros-packages/nav2_ws/install/nav2_costmap_2d/lib:/home/mihkel/School/ros-packages/nav2_ws/install/nav_2d_utils/lib:/home/mihkel/School/ros-packages/nav2_ws/install/nav2_util/lib:/home/mihkel/School/ros-packages/nav2_ws/install/nav2_voxel_grid/lib:/home/mihkel/School/ros-packages/nav2_ws/install/nav2_msgs/lib:/home/mihkel/School/ros-packages/nav2_ws/install/dwb_msgs/lib:/home/mihkel/School/ros-packages/nav2_ws/install/bondcpp/lib:/home/mihkel/School/ros-packages/nav2_ws/install/nav_2d_msgs/lib:/home/mihkel/School/ros-packages/nav2_ws/install/bond/lib:${LD_LIBRARY_PATH} PYTHONPATH=/home/mihkel/School/ros-packages/nav2_ws/install/nav2_msgs/local/lib/python3.10/dist-packages:/home/mihkel/School/ros-packages/nav2_ws/install/dwb_msgs/local/lib/python3.10/dist-packages:/home/mihkel/School/ros-packages/nav2_ws/install/smclib/local/lib/python3.10/dist-packages:/home/mihkel/School/ros-packages/nav2_ws/install/nav_2d_msgs/local/lib/python3.10/dist-packages:/home/mihkel/School/ros-packages/nav2_ws/install/nav2_common/local/lib/python3.10/dist-packages:/home/mihkel/School/ros-packages/nav2_ws/install/bond/local/lib/python3.10/dist-packages:${PYTHONPATH} /home/mihkel/.local/bin/cmake /home/mihkel/School/ros-packages/nav2_ws/src/navigation2/nav2_dwb_controller/dwb_core -DAMENT_CMAKE_SYMLINK_INSTALL=1 -DCMAKE_INSTALL_PREFIX=/home/mihkel/School/ros-packages/nav2_ws/install/dwb_core
[34.115s] Invoking command in '/home/mihkel/School/ros-packages/nav2_ws/build/dwb_core': AMENT_PREFIX_PATH=/home/mihkel/School/ros-packages/nav2_ws/install/nav2_core:/home/mihkel/School/ros-packages/nav2_ws/install/nav2_costmap_2d:/home/mihkel/School/ros-packages/nav2_ws/install/nav_2d_utils:/home/mihkel/School/ros-packages/nav2_ws/install/nav2_util:/home/mihkel/School/ros-packages/nav2_ws/install/nav2_voxel_grid:/home/mihkel/School/ros-packages/nav2_ws/install/nav2_msgs:/home/mihkel/School/ros-packages/nav2_ws/install/dwb_msgs:/home/mihkel/School/ros-packages/nav2_ws/install/bondcpp:/home/mihkel/School/ros-packages/nav2_ws/install/smclib:/home/mihkel/School/ros-packages/nav2_ws/install/nav_2d_msgs:/home/mihkel/School/ros-packages/nav2_ws/install/nav2_common:/home/mihkel/School/ros-packages/nav2_ws/install/bond:${AMENT_PREFIX_PATH} CMAKE_PREFIX_PATH=/home/mihkel/School/ros-packages/nav2_ws/install/nav2_core:/home/mihkel/School/ros-packages/nav2_ws/install/nav2_costmap_2d:/home/mihkel/School/ros-packages/nav2_ws/install/nav_2d_utils:/home/mihkel/School/ros-packages/nav2_ws/install/nav2_util:/home/mihkel/School/ros-packages/nav2_ws/install/nav2_voxel_grid:/home/mihkel/School/ros-packages/nav2_ws/install/nav2_msgs:/home/mihkel/School/ros-packages/nav2_ws/install/dwb_msgs:/home/mihkel/School/ros-packages/nav2_ws/install/bondcpp:/home/mihkel/School/ros-packages/nav2_ws/install/smclib:/home/mihkel/School/ros-packages/nav2_ws/install/nav_2d_msgs:/home/mihkel/School/ros-packages/nav2_ws/install/nav2_common:/home/mihkel/School/ros-packages/nav2_ws/install/bond:/opt/ros/humble LD_LIBRARY_PATH=/home/mihkel/School/ros-packages/nav2_ws/install/nav2_costmap_2d/lib:/home/mihkel/School/ros-packages/nav2_ws/install/nav_2d_utils/lib:/home/mihkel/School/ros-packages/nav2_ws/install/nav2_util/lib:/home/mihkel/School/ros-packages/nav2_ws/install/nav2_voxel_grid/lib:/home/mihkel/School/ros-packages/nav2_ws/install/nav2_msgs/lib:/home/mihkel/School/ros-packages/nav2_ws/install/dwb_msgs/lib:/home/mihkel/School/ros-packages/nav2_ws/install/bondcpp/lib:/home/mihkel/School/ros-packages/nav2_ws/install/nav_2d_msgs/lib:/home/mihkel/School/ros-packages/nav2_ws/install/bond/lib:${LD_LIBRARY_PATH} PYTHONPATH=/home/mihkel/School/ros-packages/nav2_ws/install/nav2_msgs/local/lib/python3.10/dist-packages:/home/mihkel/School/ros-packages/nav2_ws/install/dwb_msgs/local/lib/python3.10/dist-packages:/home/mihkel/School/ros-packages/nav2_ws/install/smclib/local/lib/python3.10/dist-packages:/home/mihkel/School/ros-packages/nav2_ws/install/nav_2d_msgs/local/lib/python3.10/dist-packages:/home/mihkel/School/ros-packages/nav2_ws/install/nav2_common/local/lib/python3.10/dist-packages:/home/mihkel/School/ros-packages/nav2_ws/install/bond/local/lib/python3.10/dist-packages:${PYTHONPATH} /home/mihkel/.local/bin/cmake --build /home/mihkel/School/ros-packages/nav2_ws/build/dwb_core -- -j12 -l12
[34.246s] [  9%] [32mBuilding CXX object gtest/CMakeFiles/gtest_main.dir/src/gtest_main.cc.o[0m
[34.247s] [ 18%] [32mBuilding CXX object gtest/CMakeFiles/gtest.dir/src/gtest-all.cc.o[0m
[34.249s] [ 27%] [32mBuilding CXX object CMakeFiles/dwb_core.dir/src/dwb_local_planner.cpp.o[0m
[34.249s] [ 36%] [32mBuilding CXX object CMakeFiles/dwb_core.dir/src/publisher.cpp.o[0m
[34.250s] [ 45%] [32mBuilding CXX object CMakeFiles/dwb_core.dir/src/illegal_trajectory_tracker.cpp.o[0m
[34.252s] [ 54%] [32mBuilding CXX object CMakeFiles/dwb_core.dir/src/trajectory_utils.cpp.o[0m
[37.138s] [ 63%] [32m[1mLinking CXX static library libgtest_main.a[0m
[37.181s] [ 63%] Built target gtest_main
[57.845s] [ 72%] [32m[1mLinking CXX static library libgtest.a[0m
[57.904s] [ 72%] Built target gtest
[69.257s] [ 81%] [32m[1mLinking CXX shared library libdwb_core.so[0m
[69.941s] [ 81%] Built target dwb_core
[69.969s] [ 90%] [32mBuilding CXX object test/CMakeFiles/utils_test.dir/utils_test.cpp.o[0m
[80.122s] [100%] [32m[1mLinking CXX executable utils_test[0m
[80.763s] [100%] Built target utils_test
[80.787s] Invoked command in '/home/mihkel/School/ros-packages/nav2_ws/build/dwb_core' returned '0': AMENT_PREFIX_PATH=/home/mihkel/School/ros-packages/nav2_ws/install/nav2_core:/home/mihkel/School/ros-packages/nav2_ws/install/nav2_costmap_2d:/home/mihkel/School/ros-packages/nav2_ws/install/nav_2d_utils:/home/mihkel/School/ros-packages/nav2_ws/install/nav2_util:/home/mihkel/School/ros-packages/nav2_ws/install/nav2_voxel_grid:/home/mihkel/School/ros-packages/nav2_ws/install/nav2_msgs:/home/mihkel/School/ros-packages/nav2_ws/install/dwb_msgs:/home/mihkel/School/ros-packages/nav2_ws/install/bondcpp:/home/mihkel/School/ros-packages/nav2_ws/install/smclib:/home/mihkel/School/ros-packages/nav2_ws/install/nav_2d_msgs:/home/mihkel/School/ros-packages/nav2_ws/install/nav2_common:/home/mihkel/School/ros-packages/nav2_ws/install/bond:${AMENT_PREFIX_PATH} CMAKE_PREFIX_PATH=/home/mihkel/School/ros-packages/nav2_ws/install/nav2_core:/home/mihkel/School/ros-packages/nav2_ws/install/nav2_costmap_2d:/home/mihkel/School/ros-packages/nav2_ws/install/nav_2d_utils:/home/mihkel/School/ros-packages/nav2_ws/install/nav2_util:/home/mihkel/School/ros-packages/nav2_ws/install/nav2_voxel_grid:/home/mihkel/School/ros-packages/nav2_ws/install/nav2_msgs:/home/mihkel/School/ros-packages/nav2_ws/install/dwb_msgs:/home/mihkel/School/ros-packages/nav2_ws/install/bondcpp:/home/mihkel/School/ros-packages/nav2_ws/install/smclib:/home/mihkel/School/ros-packages/nav2_ws/install/nav_2d_msgs:/home/mihkel/School/ros-packages/nav2_ws/install/nav2_common:/home/mihkel/School/ros-packages/nav2_ws/install/bond:/opt/ros/humble LD_LIBRARY_PATH=/home/mihkel/School/ros-packages/nav2_ws/install/nav2_costmap_2d/lib:/home/mihkel/School/ros-packages/nav2_ws/install/nav_2d_utils/lib:/home/mihkel/School/ros-packages/nav2_ws/install/nav2_util/lib:/home/mihkel/School/ros-packages/nav2_ws/install/nav2_voxel_grid/lib:/home/mihkel/School/ros-packages/nav2_ws/install/nav2_msgs/lib:/home/mihkel/School/ros-packages/nav2_ws/install/dwb_msgs/lib:/home/mihkel/School/ros-packages/nav2_ws/install/bondcpp/lib:/home/mihkel/School/ros-packages/nav2_ws/install/nav_2d_msgs/lib:/home/mihkel/School/ros-packages/nav2_ws/install/bond/lib:${LD_LIBRARY_PATH} PYTHONPATH=/home/mihkel/School/ros-packages/nav2_ws/install/nav2_msgs/local/lib/python3.10/dist-packages:/home/mihkel/School/ros-packages/nav2_ws/install/dwb_msgs/local/lib/python3.10/dist-packages:/home/mihkel/School/ros-packages/nav2_ws/install/smclib/local/lib/python3.10/dist-packages:/home/mihkel/School/ros-packages/nav2_ws/install/nav_2d_msgs/local/lib/python3.10/dist-packages:/home/mihkel/School/ros-packages/nav2_ws/install/nav2_common/local/lib/python3.10/dist-packages:/home/mihkel/School/ros-packages/nav2_ws/install/bond/local/lib/python3.10/dist-packages:${PYTHONPATH} /home/mihkel/.local/bin/cmake --build /home/mihkel/School/ros-packages/nav2_ws/build/dwb_core -- -j12 -l12
[80.915s] Invoking command in '/home/mihkel/School/ros-packages/nav2_ws/build/dwb_core': AMENT_PREFIX_PATH=/home/mihkel/School/ros-packages/nav2_ws/install/nav2_core:/home/mihkel/School/ros-packages/nav2_ws/install/nav2_costmap_2d:/home/mihkel/School/ros-packages/nav2_ws/install/nav_2d_utils:/home/mihkel/School/ros-packages/nav2_ws/install/nav2_util:/home/mihkel/School/ros-packages/nav2_ws/install/nav2_voxel_grid:/home/mihkel/School/ros-packages/nav2_ws/install/nav2_msgs:/home/mihkel/School/ros-packages/nav2_ws/install/dwb_msgs:/home/mihkel/School/ros-packages/nav2_ws/install/bondcpp:/home/mihkel/School/ros-packages/nav2_ws/install/smclib:/home/mihkel/School/ros-packages/nav2_ws/install/nav_2d_msgs:/home/mihkel/School/ros-packages/nav2_ws/install/nav2_common:/home/mihkel/School/ros-packages/nav2_ws/install/bond:${AMENT_PREFIX_PATH} CMAKE_PREFIX_PATH=/home/mihkel/School/ros-packages/nav2_ws/install/nav2_core:/home/mihkel/School/ros-packages/nav2_ws/install/nav2_costmap_2d:/home/mihkel/School/ros-packages/nav2_ws/install/nav_2d_utils:/home/mihkel/School/ros-packages/nav2_ws/install/nav2_util:/home/mihkel/School/ros-packages/nav2_ws/install/nav2_voxel_grid:/home/mihkel/School/ros-packages/nav2_ws/install/nav2_msgs:/home/mihkel/School/ros-packages/nav2_ws/install/dwb_msgs:/home/mihkel/School/ros-packages/nav2_ws/install/bondcpp:/home/mihkel/School/ros-packages/nav2_ws/install/smclib:/home/mihkel/School/ros-packages/nav2_ws/install/nav_2d_msgs:/home/mihkel/School/ros-packages/nav2_ws/install/nav2_common:/home/mihkel/School/ros-packages/nav2_ws/install/bond:/opt/ros/humble LD_LIBRARY_PATH=/home/mihkel/School/ros-packages/nav2_ws/install/nav2_costmap_2d/lib:/home/mihkel/School/ros-packages/nav2_ws/install/nav_2d_utils/lib:/home/mihkel/School/ros-packages/nav2_ws/install/nav2_util/lib:/home/mihkel/School/ros-packages/nav2_ws/install/nav2_voxel_grid/lib:/home/mihkel/School/ros-packages/nav2_ws/install/nav2_msgs/lib:/home/mihkel/School/ros-packages/nav2_ws/install/dwb_msgs/lib:/home/mihkel/School/ros-packages/nav2_ws/install/bondcpp/lib:/home/mihkel/School/ros-packages/nav2_ws/install/nav_2d_msgs/lib:/home/mihkel/School/ros-packages/nav2_ws/install/bond/lib:${LD_LIBRARY_PATH} PYTHONPATH=/home/mihkel/School/ros-packages/nav2_ws/install/nav2_msgs/local/lib/python3.10/dist-packages:/home/mihkel/School/ros-packages/nav2_ws/install/dwb_msgs/local/lib/python3.10/dist-packages:/home/mihkel/School/ros-packages/nav2_ws/install/smclib/local/lib/python3.10/dist-packages:/home/mihkel/School/ros-packages/nav2_ws/install/nav_2d_msgs/local/lib/python3.10/dist-packages:/home/mihkel/School/ros-packages/nav2_ws/install/nav2_common/local/lib/python3.10/dist-packages:/home/mihkel/School/ros-packages/nav2_ws/install/bond/local/lib/python3.10/dist-packages:${PYTHONPATH} /home/mihkel/.local/bin/cmake --install /home/mihkel/School/ros-packages/nav2_ws/build/dwb_core
[80.992s] -- Install configuration: "Release"
[80.994s] -- Execute custom install script
[80.995s] -- Symlinking: /home/mihkel/School/ros-packages/nav2_ws/install/dwb_core/lib/libdwb_core.so
[81.002s] -- Symlinking: /home/mihkel/School/ros-packages/nav2_ws/install/dwb_core/include//dwb_core/dwb_local_planner.hpp
[81.009s] -- Symlinking: /home/mihkel/School/ros-packages/nav2_ws/install/dwb_core/include//dwb_core/exceptions.hpp
[81.015s] -- Symlinking: /home/mihkel/School/ros-packages/nav2_ws/install/dwb_core/include//dwb_core/illegal_trajectory_tracker.hpp
[81.022s] -- Symlinking: /home/mihkel/School/ros-packages/nav2_ws/install/dwb_core/include//dwb_core/publisher.hpp
[81.028s] -- Symlinking: /home/mihkel/School/ros-packages/nav2_ws/install/dwb_core/include//dwb_core/trajectory_critic.hpp
[81.035s] -- Symlinking: /home/mihkel/School/ros-packages/nav2_ws/install/dwb_core/include//dwb_core/trajectory_generator.hpp
[81.041s] -- Symlinking: /home/mihkel/School/ros-packages/nav2_ws/install/dwb_core/include//dwb_core/trajectory_utils.hpp
[81.048s] -- Symlinking: /home/mihkel/School/ros-packages/nav2_ws/install/dwb_core/share/dwb_core/environment/library_path.sh
[81.054s] -- Symlinking: /home/mihkel/School/ros-packages/nav2_ws/install/dwb_core/share/dwb_core/environment/library_path.dsv
[81.061s] -- Symlinking: /home/mihkel/School/ros-packages/nav2_ws/install/dwb_core/share/dwb_core//local_planner_plugin.xml
[81.068s] -- Symlinking: /home/mihkel/School/ros-packages/nav2_ws/install/dwb_core/share/ament_index/resource_index/package_run_dependencies/dwb_core
[81.075s] -- Symlinking: /home/mihkel/School/ros-packages/nav2_ws/install/dwb_core/share/ament_index/resource_index/parent_prefix_path/dwb_core
[81.082s] -- Symlinking: /home/mihkel/School/ros-packages/nav2_ws/install/dwb_core/share/dwb_core/environment/ament_prefix_path.sh
[81.088s] -- Symlinking: /home/mihkel/School/ros-packages/nav2_ws/install/dwb_core/share/dwb_core/environment/ament_prefix_path.dsv
[81.095s] -- Symlinking: /home/mihkel/School/ros-packages/nav2_ws/install/dwb_core/share/dwb_core/environment/path.sh
[81.101s] -- Symlinking: /home/mihkel/School/ros-packages/nav2_ws/install/dwb_core/share/dwb_core/environment/path.dsv
[81.108s] -- Symlinking: /home/mihkel/School/ros-packages/nav2_ws/install/dwb_core/share/dwb_core/local_setup.bash
[81.115s] -- Symlinking: /home/mihkel/School/ros-packages/nav2_ws/install/dwb_core/share/dwb_core/local_setup.sh
[81.121s] -- Symlinking: /home/mihkel/School/ros-packages/nav2_ws/install/dwb_core/share/dwb_core/local_setup.zsh
[81.128s] -- Symlinking: /home/mihkel/School/ros-packages/nav2_ws/install/dwb_core/share/dwb_core/local_setup.dsv
[81.134s] -- Symlinking: /home/mihkel/School/ros-packages/nav2_ws/install/dwb_core/share/dwb_core/package.dsv
[81.141s] -- Symlinking: /home/mihkel/School/ros-packages/nav2_ws/install/dwb_core/share/ament_index/resource_index/packages/dwb_core
[81.147s] -- Symlinking: /home/mihkel/School/ros-packages/nav2_ws/install/dwb_core/share/ament_index/resource_index/nav2_core__pluginlib__plugin/dwb_core
[81.154s] -- Symlinking: /home/mihkel/School/ros-packages/nav2_ws/install/dwb_core/share/dwb_core/cmake/ament_cmake_export_include_directories-extras.cmake
[81.161s] -- Symlinking: /home/mihkel/School/ros-packages/nav2_ws/install/dwb_core/share/dwb_core/cmake/ament_cmake_export_libraries-extras.cmake
[81.168s] -- Symlinking: /home/mihkel/School/ros-packages/nav2_ws/install/dwb_core/share/dwb_core/cmake/ament_cmake_export_dependencies-extras.cmake
[81.174s] -- Symlinking: /home/mihkel/School/ros-packages/nav2_ws/install/dwb_core/share/dwb_core/cmake/dwb_coreConfig.cmake
[81.181s] -- Symlinking: /home/mihkel/School/ros-packages/nav2_ws/install/dwb_core/share/dwb_core/cmake/dwb_coreConfig-version.cmake
[81.188s] -- Symlinking: /home/mihkel/School/ros-packages/nav2_ws/install/dwb_core/share/dwb_core/package.xml
[81.209s] Invoked command in '/home/mihkel/School/ros-packages/nav2_ws/build/dwb_core' returned '0': AMENT_PREFIX_PATH=/home/mihkel/School/ros-packages/nav2_ws/install/nav2_core:/home/mihkel/School/ros-packages/nav2_ws/install/nav2_costmap_2d:/home/mihkel/School/ros-packages/nav2_ws/install/nav_2d_utils:/home/mihkel/School/ros-packages/nav2_ws/install/nav2_util:/home/mihkel/School/ros-packages/nav2_ws/install/nav2_voxel_grid:/home/mihkel/School/ros-packages/nav2_ws/install/nav2_msgs:/home/mihkel/School/ros-packages/nav2_ws/install/dwb_msgs:/home/mihkel/School/ros-packages/nav2_ws/install/bondcpp:/home/mihkel/School/ros-packages/nav2_ws/install/smclib:/home/mihkel/School/ros-packages/nav2_ws/install/nav_2d_msgs:/home/mihkel/School/ros-packages/nav2_ws/install/nav2_common:/home/mihkel/School/ros-packages/nav2_ws/install/bond:${AMENT_PREFIX_PATH} CMAKE_PREFIX_PATH=/home/mihkel/School/ros-packages/nav2_ws/install/nav2_core:/home/mihkel/School/ros-packages/nav2_ws/install/nav2_costmap_2d:/home/mihkel/School/ros-packages/nav2_ws/install/nav_2d_utils:/home/mihkel/School/ros-packages/nav2_ws/install/nav2_util:/home/mihkel/School/ros-packages/nav2_ws/install/nav2_voxel_grid:/home/mihkel/School/ros-packages/nav2_ws/install/nav2_msgs:/home/mihkel/School/ros-packages/nav2_ws/install/dwb_msgs:/home/mihkel/School/ros-packages/nav2_ws/install/bondcpp:/home/mihkel/School/ros-packages/nav2_ws/install/smclib:/home/mihkel/School/ros-packages/nav2_ws/install/nav_2d_msgs:/home/mihkel/School/ros-packages/nav2_ws/install/nav2_common:/home/mihkel/School/ros-packages/nav2_ws/install/bond:/opt/ros/humble LD_LIBRARY_PATH=/home/mihkel/School/ros-packages/nav2_ws/install/nav2_costmap_2d/lib:/home/mihkel/School/ros-packages/nav2_ws/install/nav_2d_utils/lib:/home/mihkel/School/ros-packages/nav2_ws/install/nav2_util/lib:/home/mihkel/School/ros-packages/nav2_ws/install/nav2_voxel_grid/lib:/home/mihkel/School/ros-packages/nav2_ws/install/nav2_msgs/lib:/home/mihkel/School/ros-packages/nav2_ws/install/dwb_msgs/lib:/home/mihkel/School/ros-packages/nav2_ws/install/bondcpp/lib:/home/mihkel/School/ros-packages/nav2_ws/install/nav_2d_msgs/lib:/home/mihkel/School/ros-packages/nav2_ws/install/bond/lib:${LD_LIBRARY_PATH} PYTHONPATH=/home/mihkel/School/ros-packages/nav2_ws/install/nav2_msgs/local/lib/python3.10/dist-packages:/home/mihkel/School/ros-packages/nav2_ws/install/dwb_msgs/local/lib/python3.10/dist-packages:/home/mihkel/School/ros-packages/nav2_ws/install/smclib/local/lib/python3.10/dist-packages:/home/mihkel/School/ros-packages/nav2_ws/install/nav_2d_msgs/local/lib/python3.10/dist-packages:/home/mihkel/School/ros-packages/nav2_ws/install/nav2_common/local/lib/python3.10/dist-packages:/home/mihkel/School/ros-packages/nav2_ws/install/bond/local/lib/python3.10/dist-packages:${PYTHONPATH} /home/mihkel/.local/bin/cmake --install /home/mihkel/School/ros-packages/nav2_ws/build/dwb_core
