[1.427s] Invoking command in '/home/mihkel/School/ThesisPractical/myros_ws/build/nav2_dynamic_msgs': CMAKE_PREFIX_PATH=/opt/ros/humble /home/mihkel/.local/bin/cmake --build /home/mihkel/School/ThesisPractical/myros_ws/build/nav2_dynamic_msgs -- -j12 -l12
[5.321s] [  2%] Built target nav2_dynamic_msgs__cpp
[5.324s] [  2%] Built target ament_cmake_python_copy_nav2_dynamic_msgs
[5.325s] [ 12%] Built target nav2_dynamic_msgs__rosidl_generator_c
[5.325s] [ 23%] Built target nav2_dynamic_msgs__rosidl_typesupport_cpp
[5.325s] [ 33%] Built target nav2_dynamic_msgs__rosidl_typesupport_c
[5.326s] [ 43%] Built target nav2_dynamic_msgs__rosidl_typesupport_introspection_c
[5.326s] [ 53%] Built target nav2_dynamic_msgs__rosidl_typesupport_fastrtps_cpp
[5.326s] [ 64%] Built target nav2_dynamic_msgs__rosidl_typesupport_fastrtps_c
[5.326s] [ 74%] Built target nav2_dynamic_msgs__rosidl_typesupport_introspection_cpp
[5.327s] [ 74%] Built target nav2_dynamic_msgs
[5.327s] [ 76%] [34m[1mGenerating Python code for ROS interfaces[0m
[5.327s] running egg_info
[5.327s] writing nav2_dynamic_msgs.egg-info/PKG-INFO
[5.328s] writing dependency_links to nav2_dynamic_msgs.egg-info/dependency_links.txt
[5.328s] writing top-level names to nav2_dynamic_msgs.egg-info/top_level.txt
[5.328s] reading manifest file 'nav2_dynamic_msgs.egg-info/SOURCES.txt'
[5.328s] writing manifest file 'nav2_dynamic_msgs.egg-info/SOURCES.txt'
[5.329s] [ 76%] Built target ament_cmake_python_build_nav2_dynamic_msgs_egg
[5.329s] [ 76%] Built target nav2_dynamic_msgs__py
[5.329s] [ 79%] [32mBuilding C object CMakeFiles/nav2_dynamic_msgs__rosidl_generator_py.dir/rosidl_generator_py/nav2_dynamic_msgs/msg/_obstacle_s.c.o[0m
[5.329s] [ 82%] [32mBuilding C object CMakeFiles/nav2_dynamic_msgs__rosidl_generator_py.dir/rosidl_generator_py/nav2_dynamic_msgs/msg/_obstacle_array_s.c.o[0m
[5.330s] [ 84%] [32m[1mLinking C shared library rosidl_generator_py/nav2_dynamic_msgs/libnav2_dynamic_msgs__rosidl_generator_py.so[0m
[5.330s] [ 84%] Built target nav2_dynamic_msgs__rosidl_generator_py
[5.330s] [ 87%] [32mBuilding C object CMakeFiles/nav2_dynamic_msgs__rosidl_typesupport_fastrtps_c__pyext.dir/rosidl_generator_py/nav2_dynamic_msgs/_nav2_dynamic_msgs_s.ep.rosidl_typesupport_fastrtps_c.c.o[0m
[5.331s] [ 89%] [32mBuilding C object CMakeFiles/nav2_dynamic_msgs__rosidl_typesupport_c__pyext.dir/rosidl_generator_py/nav2_dynamic_msgs/_nav2_dynamic_msgs_s.ep.rosidl_typesupport_c.c.o[0m
[5.332s] [ 92%] [32mBuilding C object CMakeFiles/nav2_dynamic_msgs__rosidl_typesupport_introspection_c__pyext.dir/rosidl_generator_py/nav2_dynamic_msgs/_nav2_dynamic_msgs_s.ep.rosidl_typesupport_introspection_c.c.o[0m
[5.332s] [ 94%] [32m[1mLinking C shared library rosidl_generator_py/nav2_dynamic_msgs/nav2_dynamic_msgs_s__rosidl_typesupport_c.cpython-310-x86_64-linux-gnu.so[0m
[5.332s] [ 97%] [32m[1mLinking C shared library rosidl_generator_py/nav2_dynamic_msgs/nav2_dynamic_msgs_s__rosidl_typesupport_fastrtps_c.cpython-310-x86_64-linux-gnu.so[0m
[5.333s] [100%] [32m[1mLinking C shared library rosidl_generator_py/nav2_dynamic_msgs/nav2_dynamic_msgs_s__rosidl_typesupport_introspection_c.cpython-310-x86_64-linux-gnu.so[0m
[5.333s] [100%] Built target nav2_dynamic_msgs__rosidl_typesupport_c__pyext
[5.333s] [100%] Built target nav2_dynamic_msgs__rosidl_typesupport_fastrtps_c__pyext
[5.333s] [100%] Built target nav2_dynamic_msgs__rosidl_typesupport_introspection_c__pyext
[5.335s] Invoked command in '/home/mihkel/School/ThesisPractical/myros_ws/build/nav2_dynamic_msgs' returned '0': CMAKE_PREFIX_PATH=/opt/ros/humble /home/mihkel/.local/bin/cmake --build /home/mihkel/School/ThesisPractical/myros_ws/build/nav2_dynamic_msgs -- -j12 -l12
[5.883s] Invoking command in '/home/mihkel/School/ThesisPractical/myros_ws/build/nav2_dynamic_msgs': CMAKE_PREFIX_PATH=/opt/ros/humble /home/mihkel/.local/bin/cmake --install /home/mihkel/School/ThesisPractical/myros_ws/build/nav2_dynamic_msgs
[6.037s] -- Install configuration: ""
[6.037s] -- Installing: /home/mihkel/School/ThesisPractical/myros_ws/install/nav2_dynamic_msgs/share/ament_index/resource_index/rosidl_interfaces/nav2_dynamic_msgs
[6.038s] -- Installing: /home/mihkel/School/ThesisPractical/myros_ws/install/nav2_dynamic_msgs/include/nav2_dynamic_msgs/nav2_dynamic_msgs
[6.039s] -- Installing: /home/mihkel/School/ThesisPractical/myros_ws/install/nav2_dynamic_msgs/include/nav2_dynamic_msgs/nav2_dynamic_msgs/msg
[6.040s] -- Installing: /home/mihkel/School/ThesisPractical/myros_ws/install/nav2_dynamic_msgs/include/nav2_dynamic_msgs/nav2_dynamic_msgs/msg/obstacle_array.h
[6.040s] -- Installing: /home/mihkel/School/ThesisPractical/myros_ws/install/nav2_dynamic_msgs/include/nav2_dynamic_msgs/nav2_dynamic_msgs/msg/obstacle.h
[6.041s] -- Installing: /home/mihkel/School/ThesisPractical/myros_ws/install/nav2_dynamic_msgs/include/nav2_dynamic_msgs/nav2_dynamic_msgs/msg/rosidl_generator_c__visibility_control.h
[6.042s] -- Installing: /home/mihkel/School/ThesisPractical/myros_ws/install/nav2_dynamic_msgs/include/nav2_dynamic_msgs/nav2_dynamic_msgs/msg/detail
[6.042s] -- Installing: /home/mihkel/School/ThesisPractical/myros_ws/install/nav2_dynamic_msgs/include/nav2_dynamic_msgs/nav2_dynamic_msgs/msg/detail/obstacle__functions.c
[6.043s] -- Installing: /home/mihkel/School/ThesisPractical/myros_ws/install/nav2_dynamic_msgs/include/nav2_dynamic_msgs/nav2_dynamic_msgs/msg/detail/obstacle_array__functions.c
[6.043s] -- Installing: /home/mihkel/School/ThesisPractical/myros_ws/install/nav2_dynamic_msgs/include/nav2_dynamic_msgs/nav2_dynamic_msgs/msg/detail/obstacle_array__struct.h
[6.045s] -- Installing: /home/mihkel/School/ThesisPractical/myros_ws/install/nav2_dynamic_msgs/include/nav2_dynamic_msgs/nav2_dynamic_msgs/msg/detail/obstacle_array__type_support.h
[6.045s] -- Installing: /home/mihkel/School/ThesisPractical/myros_ws/install/nav2_dynamic_msgs/include/nav2_dynamic_msgs/nav2_dynamic_msgs/msg/detail/obstacle__type_support.h
[6.046s] -- Installing: /home/mihkel/School/ThesisPractical/myros_ws/install/nav2_dynamic_msgs/include/nav2_dynamic_msgs/nav2_dynamic_msgs/msg/detail/obstacle__functions.h
[6.046s] -- Installing: /home/mihkel/School/ThesisPractical/myros_ws/install/nav2_dynamic_msgs/include/nav2_dynamic_msgs/nav2_dynamic_msgs/msg/detail/obstacle_array__functions.h
[6.047s] -- Installing: /home/mihkel/School/ThesisPractical/myros_ws/install/nav2_dynamic_msgs/include/nav2_dynamic_msgs/nav2_dynamic_msgs/msg/detail/obstacle__struct.h
[6.047s] -- Installing: /home/mihkel/School/ThesisPractical/myros_ws/install/nav2_dynamic_msgs/share/nav2_dynamic_msgs/environment/library_path.sh
[6.048s] -- Installing: /home/mihkel/School/ThesisPractical/myros_ws/install/nav2_dynamic_msgs/share/nav2_dynamic_msgs/environment/library_path.dsv
[6.048s] -- Installing: /home/mihkel/School/ThesisPractical/myros_ws/install/nav2_dynamic_msgs/lib/libnav2_dynamic_msgs__rosidl_generator_c.so
[6.049s] -- Set non-toolchain portion of runtime path of "/home/mihkel/School/ThesisPractical/myros_ws/install/nav2_dynamic_msgs/lib/libnav2_dynamic_msgs__rosidl_generator_c.so" to ""
[6.050s] -- Up-to-date: /home/mihkel/School/ThesisPractical/myros_ws/install/nav2_dynamic_msgs/include/nav2_dynamic_msgs/nav2_dynamic_msgs
[6.050s] -- Up-to-date: /home/mihkel/School/ThesisPractical/myros_ws/install/nav2_dynamic_msgs/include/nav2_dynamic_msgs/nav2_dynamic_msgs/msg
[6.051s] -- Up-to-date: /home/mihkel/School/ThesisPractical/myros_ws/install/nav2_dynamic_msgs/include/nav2_dynamic_msgs/nav2_dynamic_msgs/msg/detail
[6.051s] -- Installing: /home/mihkel/School/ThesisPractical/myros_ws/install/nav2_dynamic_msgs/include/nav2_dynamic_msgs/nav2_dynamic_msgs/msg/detail/obstacle__rosidl_typesupport_fastrtps_c.h
[6.052s] -- Installing: /home/mihkel/School/ThesisPractical/myros_ws/install/nav2_dynamic_msgs/include/nav2_dynamic_msgs/nav2_dynamic_msgs/msg/detail/obstacle_array__rosidl_typesupport_fastrtps_c.h
[6.052s] -- Installing: /home/mihkel/School/ThesisPractical/myros_ws/install/nav2_dynamic_msgs/include/nav2_dynamic_msgs/nav2_dynamic_msgs/msg/rosidl_typesupport_fastrtps_c__visibility_control.h
[6.053s] -- Installing: /home/mihkel/School/ThesisPractical/myros_ws/install/nav2_dynamic_msgs/lib/libnav2_dynamic_msgs__rosidl_typesupport_fastrtps_c.so
[6.054s] -- Set non-toolchain portion of runtime path of "/home/mihkel/School/ThesisPractical/myros_ws/install/nav2_dynamic_msgs/lib/libnav2_dynamic_msgs__rosidl_typesupport_fastrtps_c.so" to ""
[6.055s] -- Up-to-date: /home/mihkel/School/ThesisPractical/myros_ws/install/nav2_dynamic_msgs/include/nav2_dynamic_msgs/nav2_dynamic_msgs
[6.055s] -- Up-to-date: /home/mihkel/School/ThesisPractical/myros_ws/install/nav2_dynamic_msgs/include/nav2_dynamic_msgs/nav2_dynamic_msgs/msg
[6.056s] -- Installing: /home/mihkel/School/ThesisPractical/myros_ws/install/nav2_dynamic_msgs/include/nav2_dynamic_msgs/nav2_dynamic_msgs/msg/obstacle_array.hpp
[6.056s] -- Up-to-date: /home/mihkel/School/ThesisPractical/myros_ws/install/nav2_dynamic_msgs/include/nav2_dynamic_msgs/nav2_dynamic_msgs/msg/detail
[6.057s] -- Installing: /home/mihkel/School/ThesisPractical/myros_ws/install/nav2_dynamic_msgs/include/nav2_dynamic_msgs/nav2_dynamic_msgs/msg/detail/obstacle_array__traits.hpp
[6.057s] -- Installing: /home/mihkel/School/ThesisPractical/myros_ws/install/nav2_dynamic_msgs/include/nav2_dynamic_msgs/nav2_dynamic_msgs/msg/detail/obstacle__struct.hpp
[6.058s] -- Installing: /home/mihkel/School/ThesisPractical/myros_ws/install/nav2_dynamic_msgs/include/nav2_dynamic_msgs/nav2_dynamic_msgs/msg/detail/obstacle__builder.hpp
[6.059s] -- Installing: /home/mihkel/School/ThesisPractical/myros_ws/install/nav2_dynamic_msgs/include/nav2_dynamic_msgs/nav2_dynamic_msgs/msg/detail/obstacle_array__struct.hpp
[6.059s] -- Installing: /home/mihkel/School/ThesisPractical/myros_ws/install/nav2_dynamic_msgs/include/nav2_dynamic_msgs/nav2_dynamic_msgs/msg/detail/obstacle_array__builder.hpp
[6.060s] -- Installing: /home/mihkel/School/ThesisPractical/myros_ws/install/nav2_dynamic_msgs/include/nav2_dynamic_msgs/nav2_dynamic_msgs/msg/detail/obstacle__traits.hpp
[6.061s] -- Installing: /home/mihkel/School/ThesisPractical/myros_ws/install/nav2_dynamic_msgs/include/nav2_dynamic_msgs/nav2_dynamic_msgs/msg/obstacle.hpp
[6.061s] -- Up-to-date: /home/mihkel/School/ThesisPractical/myros_ws/install/nav2_dynamic_msgs/include/nav2_dynamic_msgs/nav2_dynamic_msgs
[6.062s] -- Up-to-date: /home/mihkel/School/ThesisPractical/myros_ws/install/nav2_dynamic_msgs/include/nav2_dynamic_msgs/nav2_dynamic_msgs/msg
[6.062s] -- Up-to-date: /home/mihkel/School/ThesisPractical/myros_ws/install/nav2_dynamic_msgs/include/nav2_dynamic_msgs/nav2_dynamic_msgs/msg/detail
[6.063s] -- Installing: /home/mihkel/School/ThesisPractical/myros_ws/install/nav2_dynamic_msgs/include/nav2_dynamic_msgs/nav2_dynamic_msgs/msg/detail/dds_fastrtps
[6.064s] -- Installing: /home/mihkel/School/ThesisPractical/myros_ws/install/nav2_dynamic_msgs/include/nav2_dynamic_msgs/nav2_dynamic_msgs/msg/detail/obstacle_array__rosidl_typesupport_fastrtps_cpp.hpp
[6.064s] -- Installing: /home/mihkel/School/ThesisPractical/myros_ws/install/nav2_dynamic_msgs/include/nav2_dynamic_msgs/nav2_dynamic_msgs/msg/detail/obstacle__rosidl_typesupport_fastrtps_cpp.hpp
[6.065s] -- Installing: /home/mihkel/School/ThesisPractical/myros_ws/install/nav2_dynamic_msgs/include/nav2_dynamic_msgs/nav2_dynamic_msgs/msg/rosidl_typesupport_fastrtps_cpp__visibility_control.h
[6.065s] -- Installing: /home/mihkel/School/ThesisPractical/myros_ws/install/nav2_dynamic_msgs/lib/libnav2_dynamic_msgs__rosidl_typesupport_fastrtps_cpp.so
[6.066s] -- Set non-toolchain portion of runtime path of "/home/mihkel/School/ThesisPractical/myros_ws/install/nav2_dynamic_msgs/lib/libnav2_dynamic_msgs__rosidl_typesupport_fastrtps_cpp.so" to ""
[6.067s] -- Up-to-date: /home/mihkel/School/ThesisPractical/myros_ws/install/nav2_dynamic_msgs/include/nav2_dynamic_msgs/nav2_dynamic_msgs
[6.067s] -- Up-to-date: /home/mihkel/School/ThesisPractical/myros_ws/install/nav2_dynamic_msgs/include/nav2_dynamic_msgs/nav2_dynamic_msgs/msg
[6.068s] -- Up-to-date: /home/mihkel/School/ThesisPractical/myros_ws/install/nav2_dynamic_msgs/include/nav2_dynamic_msgs/nav2_dynamic_msgs/msg/detail
[6.068s] -- Installing: /home/mihkel/School/ThesisPractical/myros_ws/install/nav2_dynamic_msgs/include/nav2_dynamic_msgs/nav2_dynamic_msgs/msg/detail/obstacle__type_support.c
[6.069s] -- Installing: /home/mihkel/School/ThesisPractical/myros_ws/install/nav2_dynamic_msgs/include/nav2_dynamic_msgs/nav2_dynamic_msgs/msg/detail/obstacle__rosidl_typesupport_introspection_c.h
[6.069s] -- Installing: /home/mihkel/School/ThesisPractical/myros_ws/install/nav2_dynamic_msgs/include/nav2_dynamic_msgs/nav2_dynamic_msgs/msg/detail/obstacle_array__type_support.c
[6.070s] -- Installing: /home/mihkel/School/ThesisPractical/myros_ws/install/nav2_dynamic_msgs/include/nav2_dynamic_msgs/nav2_dynamic_msgs/msg/detail/obstacle_array__rosidl_typesupport_introspection_c.h
[6.070s] -- Installing: /home/mihkel/School/ThesisPractical/myros_ws/install/nav2_dynamic_msgs/include/nav2_dynamic_msgs/nav2_dynamic_msgs/msg/rosidl_typesupport_introspection_c__visibility_control.h
[6.071s] -- Installing: /home/mihkel/School/ThesisPractical/myros_ws/install/nav2_dynamic_msgs/lib/libnav2_dynamic_msgs__rosidl_typesupport_introspection_c.so
[6.072s] -- Set non-toolchain portion of runtime path of "/home/mihkel/School/ThesisPractical/myros_ws/install/nav2_dynamic_msgs/lib/libnav2_dynamic_msgs__rosidl_typesupport_introspection_c.so" to ""
[6.072s] -- Installing: /home/mihkel/School/ThesisPractical/myros_ws/install/nav2_dynamic_msgs/lib/libnav2_dynamic_msgs__rosidl_typesupport_c.so
[6.073s] -- Set non-toolchain portion of runtime path of "/home/mihkel/School/ThesisPractical/myros_ws/install/nav2_dynamic_msgs/lib/libnav2_dynamic_msgs__rosidl_typesupport_c.so" to ""
[6.073s] -- Up-to-date: /home/mihkel/School/ThesisPractical/myros_ws/install/nav2_dynamic_msgs/include/nav2_dynamic_msgs/nav2_dynamic_msgs
[6.074s] -- Up-to-date: /home/mihkel/School/ThesisPractical/myros_ws/install/nav2_dynamic_msgs/include/nav2_dynamic_msgs/nav2_dynamic_msgs/msg
[6.074s] -- Up-to-date: /home/mihkel/School/ThesisPractical/myros_ws/install/nav2_dynamic_msgs/include/nav2_dynamic_msgs/nav2_dynamic_msgs/msg/detail
[6.075s] -- Installing: /home/mihkel/School/ThesisPractical/myros_ws/install/nav2_dynamic_msgs/include/nav2_dynamic_msgs/nav2_dynamic_msgs/msg/detail/obstacle__type_support.cpp
[6.076s] -- Installing: /home/mihkel/School/ThesisPractical/myros_ws/install/nav2_dynamic_msgs/include/nav2_dynamic_msgs/nav2_dynamic_msgs/msg/detail/obstacle_array__rosidl_typesupport_introspection_cpp.hpp
[6.076s] -- Installing: /home/mihkel/School/ThesisPractical/myros_ws/install/nav2_dynamic_msgs/include/nav2_dynamic_msgs/nav2_dynamic_msgs/msg/detail/obstacle__rosidl_typesupport_introspection_cpp.hpp
[6.077s] -- Installing: /home/mihkel/School/ThesisPractical/myros_ws/install/nav2_dynamic_msgs/include/nav2_dynamic_msgs/nav2_dynamic_msgs/msg/detail/obstacle_array__type_support.cpp
[6.077s] -- Installing: /home/mihkel/School/ThesisPractical/myros_ws/install/nav2_dynamic_msgs/lib/libnav2_dynamic_msgs__rosidl_typesupport_introspection_cpp.so
[6.078s] -- Set non-toolchain portion of runtime path of "/home/mihkel/School/ThesisPractical/myros_ws/install/nav2_dynamic_msgs/lib/libnav2_dynamic_msgs__rosidl_typesupport_introspection_cpp.so" to ""
[6.078s] -- Installing: /home/mihkel/School/ThesisPractical/myros_ws/install/nav2_dynamic_msgs/lib/libnav2_dynamic_msgs__rosidl_typesupport_cpp.so
[6.079s] -- Set non-toolchain portion of runtime path of "/home/mihkel/School/ThesisPractical/myros_ws/install/nav2_dynamic_msgs/lib/libnav2_dynamic_msgs__rosidl_typesupport_cpp.so" to ""
[6.079s] -- Installing: /home/mihkel/School/ThesisPractical/myros_ws/install/nav2_dynamic_msgs/share/nav2_dynamic_msgs/environment/pythonpath.sh
[6.080s] -- Installing: /home/mihkel/School/ThesisPractical/myros_ws/install/nav2_dynamic_msgs/share/nav2_dynamic_msgs/environment/pythonpath.dsv
[6.081s] -- Installing: /home/mihkel/School/ThesisPractical/myros_ws/install/nav2_dynamic_msgs/local/lib/python3.10/dist-packages/nav2_dynamic_msgs-0.0.1-py3.10.egg-info
[6.081s] -- Installing: /home/mihkel/School/ThesisPractical/myros_ws/install/nav2_dynamic_msgs/local/lib/python3.10/dist-packages/nav2_dynamic_msgs-0.0.1-py3.10.egg-info/top_level.txt
[6.082s] -- Installing: /home/mihkel/School/ThesisPractical/myros_ws/install/nav2_dynamic_msgs/local/lib/python3.10/dist-packages/nav2_dynamic_msgs-0.0.1-py3.10.egg-info/PKG-INFO
[6.082s] -- Installing: /home/mihkel/School/ThesisPractical/myros_ws/install/nav2_dynamic_msgs/local/lib/python3.10/dist-packages/nav2_dynamic_msgs-0.0.1-py3.10.egg-info/SOURCES.txt
[6.083s] -- Installing: /home/mihkel/School/ThesisPractical/myros_ws/install/nav2_dynamic_msgs/local/lib/python3.10/dist-packages/nav2_dynamic_msgs-0.0.1-py3.10.egg-info/dependency_links.txt
[6.083s] -- Installing: /home/mihkel/School/ThesisPractical/myros_ws/install/nav2_dynamic_msgs/local/lib/python3.10/dist-packages/nav2_dynamic_msgs
[6.084s] -- Installing: /home/mihkel/School/ThesisPractical/myros_ws/install/nav2_dynamic_msgs/local/lib/python3.10/dist-packages/nav2_dynamic_msgs/libnav2_dynamic_msgs__rosidl_generator_py.so
[6.085s] -- Installing: /home/mihkel/School/ThesisPractical/myros_ws/install/nav2_dynamic_msgs/local/lib/python3.10/dist-packages/nav2_dynamic_msgs/_nav2_dynamic_msgs_s.ep.rosidl_typesupport_fastrtps_c.c
[6.085s] -- Installing: /home/mihkel/School/ThesisPractical/myros_ws/install/nav2_dynamic_msgs/local/lib/python3.10/dist-packages/nav2_dynamic_msgs/nav2_dynamic_msgs_s__rosidl_typesupport_introspection_c.cpython-310-x86_64-linux-gnu.so
[6.086s] -- Installing: /home/mihkel/School/ThesisPractical/myros_ws/install/nav2_dynamic_msgs/local/lib/python3.10/dist-packages/nav2_dynamic_msgs/_nav2_dynamic_msgs_s.ep.rosidl_typesupport_c.c
[6.086s] -- Installing: /home/mihkel/School/ThesisPractical/myros_ws/install/nav2_dynamic_msgs/local/lib/python3.10/dist-packages/nav2_dynamic_msgs/_nav2_dynamic_msgs_s.ep.rosidl_typesupport_introspection_c.c
[6.087s] -- Installing: /home/mihkel/School/ThesisPractical/myros_ws/install/nav2_dynamic_msgs/local/lib/python3.10/dist-packages/nav2_dynamic_msgs/nav2_dynamic_msgs_s__rosidl_typesupport_fastrtps_c.cpython-310-x86_64-linux-gnu.so
[6.088s] -- Installing: /home/mihkel/School/ThesisPractical/myros_ws/install/nav2_dynamic_msgs/local/lib/python3.10/dist-packages/nav2_dynamic_msgs/__init__.py
[6.088s] -- Installing: /home/mihkel/School/ThesisPractical/myros_ws/install/nav2_dynamic_msgs/local/lib/python3.10/dist-packages/nav2_dynamic_msgs/nav2_dynamic_msgs_s__rosidl_typesupport_c.cpython-310-x86_64-linux-gnu.so
[6.090s] -- Installing: /home/mihkel/School/ThesisPractical/myros_ws/install/nav2_dynamic_msgs/local/lib/python3.10/dist-packages/nav2_dynamic_msgs/msg
[6.090s] -- Installing: /home/mihkel/School/ThesisPractical/myros_ws/install/nav2_dynamic_msgs/local/lib/python3.10/dist-packages/nav2_dynamic_msgs/msg/_obstacle_s.c
[6.091s] -- Installing: /home/mihkel/School/ThesisPractical/myros_ws/install/nav2_dynamic_msgs/local/lib/python3.10/dist-packages/nav2_dynamic_msgs/msg/_obstacle.py
[6.091s] -- Installing: /home/mihkel/School/ThesisPractical/myros_ws/install/nav2_dynamic_msgs/local/lib/python3.10/dist-packages/nav2_dynamic_msgs/msg/__init__.py
[6.092s] -- Installing: /home/mihkel/School/ThesisPractical/myros_ws/install/nav2_dynamic_msgs/local/lib/python3.10/dist-packages/nav2_dynamic_msgs/msg/_obstacle_array.py
[6.092s] -- Installing: /home/mihkel/School/ThesisPractical/myros_ws/install/nav2_dynamic_msgs/local/lib/python3.10/dist-packages/nav2_dynamic_msgs/msg/_obstacle_array_s.c
[6.323s] Listing '/home/mihkel/School/ThesisPractical/myros_ws/install/nav2_dynamic_msgs/local/lib/python3.10/dist-packages/nav2_dynamic_msgs'...
[6.324s] Compiling '/home/mihkel/School/ThesisPractical/myros_ws/install/nav2_dynamic_msgs/local/lib/python3.10/dist-packages/nav2_dynamic_msgs/__init__.py'...
[6.324s] Listing '/home/mihkel/School/ThesisPractical/myros_ws/install/nav2_dynamic_msgs/local/lib/python3.10/dist-packages/nav2_dynamic_msgs/msg'...
[6.325s] Compiling '/home/mihkel/School/ThesisPractical/myros_ws/install/nav2_dynamic_msgs/local/lib/python3.10/dist-packages/nav2_dynamic_msgs/msg/__init__.py'...
[6.325s] Compiling '/home/mihkel/School/ThesisPractical/myros_ws/install/nav2_dynamic_msgs/local/lib/python3.10/dist-packages/nav2_dynamic_msgs/msg/_obstacle.py'...
[6.326s] Compiling '/home/mihkel/School/ThesisPractical/myros_ws/install/nav2_dynamic_msgs/local/lib/python3.10/dist-packages/nav2_dynamic_msgs/msg/_obstacle_array.py'...
[6.351s] -- Installing: /home/mihkel/School/ThesisPractical/myros_ws/install/nav2_dynamic_msgs/local/lib/python3.10/dist-packages/nav2_dynamic_msgs/nav2_dynamic_msgs_s__rosidl_typesupport_fastrtps_c.cpython-310-x86_64-linux-gnu.so
[6.353s] -- Set non-toolchain portion of runtime path of "/home/mihkel/School/ThesisPractical/myros_ws/install/nav2_dynamic_msgs/local/lib/python3.10/dist-packages/nav2_dynamic_msgs/nav2_dynamic_msgs_s__rosidl_typesupport_fastrtps_c.cpython-310-x86_64-linux-gnu.so" to ""
[6.354s] -- Installing: /home/mihkel/School/ThesisPractical/myros_ws/install/nav2_dynamic_msgs/local/lib/python3.10/dist-packages/nav2_dynamic_msgs/nav2_dynamic_msgs_s__rosidl_typesupport_introspection_c.cpython-310-x86_64-linux-gnu.so
[6.356s] -- Set non-toolchain portion of runtime path of "/home/mihkel/School/ThesisPractical/myros_ws/install/nav2_dynamic_msgs/local/lib/python3.10/dist-packages/nav2_dynamic_msgs/nav2_dynamic_msgs_s__rosidl_typesupport_introspection_c.cpython-310-x86_64-linux-gnu.so" to ""
[6.357s] -- Installing: /home/mihkel/School/ThesisPractical/myros_ws/install/nav2_dynamic_msgs/local/lib/python3.10/dist-packages/nav2_dynamic_msgs/nav2_dynamic_msgs_s__rosidl_typesupport_c.cpython-310-x86_64-linux-gnu.so
[6.358s] -- Set non-toolchain portion of runtime path of "/home/mihkel/School/ThesisPractical/myros_ws/install/nav2_dynamic_msgs/local/lib/python3.10/dist-packages/nav2_dynamic_msgs/nav2_dynamic_msgs_s__rosidl_typesupport_c.cpython-310-x86_64-linux-gnu.so" to ""
[6.359s] -- Installing: /home/mihkel/School/ThesisPractical/myros_ws/install/nav2_dynamic_msgs/lib/libnav2_dynamic_msgs__rosidl_generator_py.so
[6.361s] -- Set non-toolchain portion of runtime path of "/home/mihkel/School/ThesisPractical/myros_ws/install/nav2_dynamic_msgs/lib/libnav2_dynamic_msgs__rosidl_generator_py.so" to ""
[6.361s] -- Installing: /home/mihkel/School/ThesisPractical/myros_ws/install/nav2_dynamic_msgs/share/nav2_dynamic_msgs/msg/Obstacle.idl
[6.362s] -- Installing: /home/mihkel/School/ThesisPractical/myros_ws/install/nav2_dynamic_msgs/share/nav2_dynamic_msgs/msg/ObstacleArray.idl
[6.362s] -- Installing: /home/mihkel/School/ThesisPractical/myros_ws/install/nav2_dynamic_msgs/share/nav2_dynamic_msgs/msg/Obstacle.msg
[6.363s] -- Installing: /home/mihkel/School/ThesisPractical/myros_ws/install/nav2_dynamic_msgs/share/nav2_dynamic_msgs/msg/ObstacleArray.msg
[6.364s] -- Installing: /home/mihkel/School/ThesisPractical/myros_ws/install/nav2_dynamic_msgs/share/ament_index/resource_index/package_run_dependencies/nav2_dynamic_msgs
[6.365s] -- Installing: /home/mihkel/School/ThesisPractical/myros_ws/install/nav2_dynamic_msgs/share/ament_index/resource_index/parent_prefix_path/nav2_dynamic_msgs
[6.366s] -- Installing: /home/mihkel/School/ThesisPractical/myros_ws/install/nav2_dynamic_msgs/share/nav2_dynamic_msgs/environment/ament_prefix_path.sh
[6.366s] -- Installing: /home/mihkel/School/ThesisPractical/myros_ws/install/nav2_dynamic_msgs/share/nav2_dynamic_msgs/environment/ament_prefix_path.dsv
[6.367s] -- Installing: /home/mihkel/School/ThesisPractical/myros_ws/install/nav2_dynamic_msgs/share/nav2_dynamic_msgs/environment/path.sh
[6.368s] -- Installing: /home/mihkel/School/ThesisPractical/myros_ws/install/nav2_dynamic_msgs/share/nav2_dynamic_msgs/environment/path.dsv
[6.368s] -- Installing: /home/mihkel/School/ThesisPractical/myros_ws/install/nav2_dynamic_msgs/share/nav2_dynamic_msgs/local_setup.bash
[6.369s] -- Installing: /home/mihkel/School/ThesisPractical/myros_ws/install/nav2_dynamic_msgs/share/nav2_dynamic_msgs/local_setup.sh
[6.370s] -- Installing: /home/mihkel/School/ThesisPractical/myros_ws/install/nav2_dynamic_msgs/share/nav2_dynamic_msgs/local_setup.zsh
[6.371s] -- Installing: /home/mihkel/School/ThesisPractical/myros_ws/install/nav2_dynamic_msgs/share/nav2_dynamic_msgs/local_setup.dsv
[6.371s] -- Installing: /home/mihkel/School/ThesisPractical/myros_ws/install/nav2_dynamic_msgs/share/nav2_dynamic_msgs/package.dsv
[6.372s] -- Installing: /home/mihkel/School/ThesisPractical/myros_ws/install/nav2_dynamic_msgs/share/ament_index/resource_index/packages/nav2_dynamic_msgs
[6.373s] -- Installing: /home/mihkel/School/ThesisPractical/myros_ws/install/nav2_dynamic_msgs/share/nav2_dynamic_msgs/cmake/export_nav2_dynamic_msgs__rosidl_generator_cExport.cmake
[6.374s] -- Installing: /home/mihkel/School/ThesisPractical/myros_ws/install/nav2_dynamic_msgs/share/nav2_dynamic_msgs/cmake/export_nav2_dynamic_msgs__rosidl_generator_cExport-noconfig.cmake
[6.375s] -- Installing: /home/mihkel/School/ThesisPractical/myros_ws/install/nav2_dynamic_msgs/share/nav2_dynamic_msgs/cmake/export_nav2_dynamic_msgs__rosidl_typesupport_fastrtps_cExport.cmake
[6.375s] -- Installing: /home/mihkel/School/ThesisPractical/myros_ws/install/nav2_dynamic_msgs/share/nav2_dynamic_msgs/cmake/export_nav2_dynamic_msgs__rosidl_typesupport_fastrtps_cExport-noconfig.cmake
[6.376s] -- Installing: /home/mihkel/School/ThesisPractical/myros_ws/install/nav2_dynamic_msgs/share/nav2_dynamic_msgs/cmake/export_nav2_dynamic_msgs__rosidl_generator_cppExport.cmake
[6.377s] -- Installing: /home/mihkel/School/ThesisPractical/myros_ws/install/nav2_dynamic_msgs/share/nav2_dynamic_msgs/cmake/export_nav2_dynamic_msgs__rosidl_typesupport_fastrtps_cppExport.cmake
[6.378s] -- Installing: /home/mihkel/School/ThesisPractical/myros_ws/install/nav2_dynamic_msgs/share/nav2_dynamic_msgs/cmake/export_nav2_dynamic_msgs__rosidl_typesupport_fastrtps_cppExport-noconfig.cmake
[6.378s] -- Installing: /home/mihkel/School/ThesisPractical/myros_ws/install/nav2_dynamic_msgs/share/nav2_dynamic_msgs/cmake/nav2_dynamic_msgs__rosidl_typesupport_introspection_cExport.cmake
[6.379s] -- Installing: /home/mihkel/School/ThesisPractical/myros_ws/install/nav2_dynamic_msgs/share/nav2_dynamic_msgs/cmake/nav2_dynamic_msgs__rosidl_typesupport_introspection_cExport-noconfig.cmake
[6.380s] -- Installing: /home/mihkel/School/ThesisPractical/myros_ws/install/nav2_dynamic_msgs/share/nav2_dynamic_msgs/cmake/nav2_dynamic_msgs__rosidl_typesupport_cExport.cmake
[6.382s] -- Installing: /home/mihkel/School/ThesisPractical/myros_ws/install/nav2_dynamic_msgs/share/nav2_dynamic_msgs/cmake/nav2_dynamic_msgs__rosidl_typesupport_cExport-noconfig.cmake
[6.383s] -- Installing: /home/mihkel/School/ThesisPractical/myros_ws/install/nav2_dynamic_msgs/share/nav2_dynamic_msgs/cmake/nav2_dynamic_msgs__rosidl_typesupport_introspection_cppExport.cmake
[6.383s] -- Installing: /home/mihkel/School/ThesisPractical/myros_ws/install/nav2_dynamic_msgs/share/nav2_dynamic_msgs/cmake/nav2_dynamic_msgs__rosidl_typesupport_introspection_cppExport-noconfig.cmake
[6.384s] -- Installing: /home/mihkel/School/ThesisPractical/myros_ws/install/nav2_dynamic_msgs/share/nav2_dynamic_msgs/cmake/nav2_dynamic_msgs__rosidl_typesupport_cppExport.cmake
[6.385s] -- Installing: /home/mihkel/School/ThesisPractical/myros_ws/install/nav2_dynamic_msgs/share/nav2_dynamic_msgs/cmake/nav2_dynamic_msgs__rosidl_typesupport_cppExport-noconfig.cmake
[6.386s] -- Installing: /home/mihkel/School/ThesisPractical/myros_ws/install/nav2_dynamic_msgs/share/nav2_dynamic_msgs/cmake/export_nav2_dynamic_msgs__rosidl_generator_pyExport.cmake
[6.386s] -- Installing: /home/mihkel/School/ThesisPractical/myros_ws/install/nav2_dynamic_msgs/share/nav2_dynamic_msgs/cmake/export_nav2_dynamic_msgs__rosidl_generator_pyExport-noconfig.cmake
[6.387s] -- Installing: /home/mihkel/School/ThesisPractical/myros_ws/install/nav2_dynamic_msgs/share/nav2_dynamic_msgs/cmake/rosidl_cmake-extras.cmake
[6.388s] -- Installing: /home/mihkel/School/ThesisPractical/myros_ws/install/nav2_dynamic_msgs/share/nav2_dynamic_msgs/cmake/ament_cmake_export_dependencies-extras.cmake
[6.389s] -- Installing: /home/mihkel/School/ThesisPractical/myros_ws/install/nav2_dynamic_msgs/share/nav2_dynamic_msgs/cmake/ament_cmake_export_include_directories-extras.cmake
[6.389s] -- Installing: /home/mihkel/School/ThesisPractical/myros_ws/install/nav2_dynamic_msgs/share/nav2_dynamic_msgs/cmake/ament_cmake_export_libraries-extras.cmake
[6.390s] -- Installing: /home/mihkel/School/ThesisPractical/myros_ws/install/nav2_dynamic_msgs/share/nav2_dynamic_msgs/cmake/ament_cmake_export_targets-extras.cmake
[6.391s] -- Installing: /home/mihkel/School/ThesisPractical/myros_ws/install/nav2_dynamic_msgs/share/nav2_dynamic_msgs/cmake/rosidl_cmake_export_typesupport_targets-extras.cmake
[6.391s] -- Installing: /home/mihkel/School/ThesisPractical/myros_ws/install/nav2_dynamic_msgs/share/nav2_dynamic_msgs/cmake/rosidl_cmake_export_typesupport_libraries-extras.cmake
[6.392s] -- Installing: /home/mihkel/School/ThesisPractical/myros_ws/install/nav2_dynamic_msgs/share/nav2_dynamic_msgs/cmake/nav2_dynamic_msgsConfig.cmake
[6.393s] -- Installing: /home/mihkel/School/ThesisPractical/myros_ws/install/nav2_dynamic_msgs/share/nav2_dynamic_msgs/cmake/nav2_dynamic_msgsConfig-version.cmake
[6.393s] -- Installing: /home/mihkel/School/ThesisPractical/myros_ws/install/nav2_dynamic_msgs/share/nav2_dynamic_msgs/package.xml
[6.422s] Invoked command in '/home/mihkel/School/ThesisPractical/myros_ws/build/nav2_dynamic_msgs' returned '0': CMAKE_PREFIX_PATH=/opt/ros/humble /home/mihkel/.local/bin/cmake --install /home/mihkel/School/ThesisPractical/myros_ws/build/nav2_dynamic_msgs
