[3.335s] DEBUG:colcon:Command line arguments: ['/usr/bin/colcon', 'build']
[3.335s] DEBUG:colcon:Parsed command line arguments: Namespace(log_base=None, log_level=None, verb_name='build', build_base='build', install_base='install', merge_install=False, symlink_install=False, test_result_base=None, continue_on_error=False, executor='parallel', parallel_workers=12, event_handlers=None, ignore_user_meta=False, metas=['./colcon.meta'], base_paths=['.'], packages_ignore=None, packages_ignore_regex=None, paths=None, packages_up_to=None, packages_up_to_regex=None, packages_above=None, packages_above_and_dependencies=None, packages_above_depth=None, packages_select_by_dep=None, packages_skip_by_dep=None, packages_skip_up_to=None, packages_select_build_failed=False, packages_skip_build_finished=False, packages_select_test_failures=False, packages_skip_test_passed=False, packages_select=None, packages_skip=None, packages_select_regex=None, packages_skip_regex=None, packages_start=None, packages_end=None, allow_overriding=[], cmake_args=None, cmake_target=None, cmake_target_skip_unavailable=False, cmake_clean_cache=False, cmake_clean_first=False, cmake_force_configure=False, ament_cmake_args=None, catkin_cmake_args=None, catkin_skip_building_tests=False, verb_parser=<colcon_defaults.argument_parser.defaults.DefaultArgumentsDecorator object at 0x7f4ae42a7a90>, verb_extension=<colcon_core.verb.build.BuildVerb object at 0x7f4ae42a4ca0>, main=<bound method BuildVerb.main of <colcon_core.verb.build.BuildVerb object at 0x7f4ae42a4ca0>>)
[3.476s] Level 1:colcon.colcon_core.package_discovery:discover_packages(colcon_meta) check parameters
[3.477s] Level 1:colcon.colcon_core.package_discovery:discover_packages(recursive) check parameters
[3.477s] Level 1:colcon.colcon_core.package_discovery:discover_packages(ignore) check parameters
[3.477s] Level 1:colcon.colcon_core.package_discovery:discover_packages(path) check parameters
[3.477s] Level 1:colcon.colcon_core.package_discovery:discover_packages(colcon_meta) discover
[3.477s] Level 1:colcon.colcon_core.package_discovery:discover_packages(recursive) discover
[3.477s] INFO:colcon.colcon_core.package_discovery:Crawling recursively for packages in '/home/mihkel/School/ThesisPractical/realsense_ws'
[3.477s] Level 1:colcon.colcon_core.package_identification:_identify(.) by extensions ['ignore', 'ignore_ament_install']
[3.478s] Level 1:colcon.colcon_core.package_identification:_identify(.) by extension 'ignore'
[3.478s] Level 1:colcon.colcon_core.package_identification:_identify(.) by extension 'ignore_ament_install'
[3.478s] Level 1:colcon.colcon_core.package_identification:_identify(.) by extensions ['colcon_pkg']
[3.478s] Level 1:colcon.colcon_core.package_identification:_identify(.) by extension 'colcon_pkg'
[3.478s] Level 1:colcon.colcon_core.package_identification:_identify(.) by extensions ['colcon_meta']
[3.478s] Level 1:colcon.colcon_core.package_identification:_identify(.) by extension 'colcon_meta'
[3.479s] Level 1:colcon.colcon_core.package_identification:_identify(.) by extensions ['ros']
[3.479s] Level 1:colcon.colcon_core.package_identification:_identify(.) by extension 'ros'
[3.507s] Level 1:colcon.colcon_core.package_identification:_identify(.) by extensions ['cmake', 'python']
[3.507s] Level 1:colcon.colcon_core.package_identification:_identify(.) by extension 'cmake'
[3.507s] Level 1:colcon.colcon_core.package_identification:_identify(.) by extension 'python'
[3.508s] Level 1:colcon.colcon_core.package_identification:_identify(.) by extensions ['python_setup_py']
[3.508s] Level 1:colcon.colcon_core.package_identification:_identify(.) by extension 'python_setup_py'
[3.508s] Level 1:colcon.colcon_core.package_identification:_identify(build) by extensions ['ignore', 'ignore_ament_install']
[3.508s] Level 1:colcon.colcon_core.package_identification:_identify(build) by extension 'ignore'
[3.508s] Level 1:colcon.colcon_core.package_identification:_identify(build) ignored
[3.509s] Level 1:colcon.colcon_core.package_identification:_identify(install) by extensions ['ignore', 'ignore_ament_install']
[3.509s] Level 1:colcon.colcon_core.package_identification:_identify(install) by extension 'ignore'
[3.509s] Level 1:colcon.colcon_core.package_identification:_identify(install) ignored
[3.509s] Level 1:colcon.colcon_core.package_identification:_identify(log) by extensions ['ignore', 'ignore_ament_install']
[3.510s] Level 1:colcon.colcon_core.package_identification:_identify(log) by extension 'ignore'
[3.510s] Level 1:colcon.colcon_core.package_identification:_identify(log) ignored
[3.510s] Level 1:colcon.colcon_core.package_identification:_identify(src) by extensions ['ignore', 'ignore_ament_install']
[3.510s] Level 1:colcon.colcon_core.package_identification:_identify(src) by extension 'ignore'
[3.510s] Level 1:colcon.colcon_core.package_identification:_identify(src) by extension 'ignore_ament_install'
[3.510s] Level 1:colcon.colcon_core.package_identification:_identify(src) by extensions ['colcon_pkg']
[3.511s] Level 1:colcon.colcon_core.package_identification:_identify(src) by extension 'colcon_pkg'
[3.511s] Level 1:colcon.colcon_core.package_identification:_identify(src) by extensions ['colcon_meta']
[3.511s] Level 1:colcon.colcon_core.package_identification:_identify(src) by extension 'colcon_meta'
[3.511s] Level 1:colcon.colcon_core.package_identification:_identify(src) by extensions ['ros']
[3.511s] Level 1:colcon.colcon_core.package_identification:_identify(src) by extension 'ros'
[3.511s] Level 1:colcon.colcon_core.package_identification:_identify(src) by extensions ['cmake', 'python']
[3.511s] Level 1:colcon.colcon_core.package_identification:_identify(src) by extension 'cmake'
[3.511s] Level 1:colcon.colcon_core.package_identification:_identify(src) by extension 'python'
[3.512s] Level 1:colcon.colcon_core.package_identification:_identify(src) by extensions ['python_setup_py']
[3.512s] Level 1:colcon.colcon_core.package_identification:_identify(src) by extension 'python_setup_py'
[3.512s] Level 1:colcon.colcon_core.package_identification:_identify(src/realsense-ros) by extensions ['ignore', 'ignore_ament_install']
[3.512s] Level 1:colcon.colcon_core.package_identification:_identify(src/realsense-ros) by extension 'ignore'
[3.512s] Level 1:colcon.colcon_core.package_identification:_identify(src/realsense-ros) by extension 'ignore_ament_install'
[3.512s] Level 1:colcon.colcon_core.package_identification:_identify(src/realsense-ros) by extensions ['colcon_pkg']
[3.513s] Level 1:colcon.colcon_core.package_identification:_identify(src/realsense-ros) by extension 'colcon_pkg'
[3.513s] Level 1:colcon.colcon_core.package_identification:_identify(src/realsense-ros) by extensions ['colcon_meta']
[3.513s] Level 1:colcon.colcon_core.package_identification:_identify(src/realsense-ros) by extension 'colcon_meta'
[3.513s] Level 1:colcon.colcon_core.package_identification:_identify(src/realsense-ros) by extensions ['ros']
[3.513s] Level 1:colcon.colcon_core.package_identification:_identify(src/realsense-ros) by extension 'ros'
[3.513s] Level 1:colcon.colcon_core.package_identification:_identify(src/realsense-ros) by extensions ['cmake', 'python']
[3.513s] Level 1:colcon.colcon_core.package_identification:_identify(src/realsense-ros) by extension 'cmake'
[3.513s] Level 1:colcon.colcon_core.package_identification:_identify(src/realsense-ros) by extension 'python'
[3.514s] Level 1:colcon.colcon_core.package_identification:_identify(src/realsense-ros) by extensions ['python_setup_py']
[3.514s] Level 1:colcon.colcon_core.package_identification:_identify(src/realsense-ros) by extension 'python_setup_py'
[3.514s] Level 1:colcon.colcon_core.package_identification:_identify(src/realsense-ros/realsense2_camera) by extensions ['ignore', 'ignore_ament_install']
[3.514s] Level 1:colcon.colcon_core.package_identification:_identify(src/realsense-ros/realsense2_camera) by extension 'ignore'
[3.514s] Level 1:colcon.colcon_core.package_identification:_identify(src/realsense-ros/realsense2_camera) by extension 'ignore_ament_install'
[3.514s] Level 1:colcon.colcon_core.package_identification:_identify(src/realsense-ros/realsense2_camera) by extensions ['colcon_pkg']
[3.515s] Level 1:colcon.colcon_core.package_identification:_identify(src/realsense-ros/realsense2_camera) by extension 'colcon_pkg'
[3.515s] Level 1:colcon.colcon_core.package_identification:_identify(src/realsense-ros/realsense2_camera) by extensions ['colcon_meta']
[3.515s] Level 1:colcon.colcon_core.package_identification:_identify(src/realsense-ros/realsense2_camera) by extension 'colcon_meta'
[3.515s] Level 1:colcon.colcon_core.package_identification:_identify(src/realsense-ros/realsense2_camera) by extensions ['ros']
[3.515s] Level 1:colcon.colcon_core.package_identification:_identify(src/realsense-ros/realsense2_camera) by extension 'ros'
[3.525s] DEBUG:colcon.colcon_core.package_identification:Package 'src/realsense-ros/realsense2_camera' with type 'ros.ament_cmake' and name 'realsense2_camera'
[3.526s] Level 1:colcon.colcon_core.package_identification:_identify(src/realsense-ros/realsense2_camera_msgs) by extensions ['ignore', 'ignore_ament_install']
[3.526s] Level 1:colcon.colcon_core.package_identification:_identify(src/realsense-ros/realsense2_camera_msgs) by extension 'ignore'
[3.526s] Level 1:colcon.colcon_core.package_identification:_identify(src/realsense-ros/realsense2_camera_msgs) by extension 'ignore_ament_install'
[3.526s] Level 1:colcon.colcon_core.package_identification:_identify(src/realsense-ros/realsense2_camera_msgs) by extensions ['colcon_pkg']
[3.526s] Level 1:colcon.colcon_core.package_identification:_identify(src/realsense-ros/realsense2_camera_msgs) by extension 'colcon_pkg'
[3.527s] Level 1:colcon.colcon_core.package_identification:_identify(src/realsense-ros/realsense2_camera_msgs) by extensions ['colcon_meta']
[3.527s] Level 1:colcon.colcon_core.package_identification:_identify(src/realsense-ros/realsense2_camera_msgs) by extension 'colcon_meta'
[3.527s] Level 1:colcon.colcon_core.package_identification:_identify(src/realsense-ros/realsense2_camera_msgs) by extensions ['ros']
[3.527s] Level 1:colcon.colcon_core.package_identification:_identify(src/realsense-ros/realsense2_camera_msgs) by extension 'ros'
[3.528s] DEBUG:colcon.colcon_core.package_identification:Package 'src/realsense-ros/realsense2_camera_msgs' with type 'ros.ament_cmake' and name 'realsense2_camera_msgs'
[3.529s] Level 1:colcon.colcon_core.package_identification:_identify(src/realsense-ros/realsense2_description) by extensions ['ignore', 'ignore_ament_install']
[3.529s] Level 1:colcon.colcon_core.package_identification:_identify(src/realsense-ros/realsense2_description) by extension 'ignore'
[3.529s] Level 1:colcon.colcon_core.package_identification:_identify(src/realsense-ros/realsense2_description) by extension 'ignore_ament_install'
[3.529s] Level 1:colcon.colcon_core.package_identification:_identify(src/realsense-ros/realsense2_description) by extensions ['colcon_pkg']
[3.529s] Level 1:colcon.colcon_core.package_identification:_identify(src/realsense-ros/realsense2_description) by extension 'colcon_pkg'
[3.529s] Level 1:colcon.colcon_core.package_identification:_identify(src/realsense-ros/realsense2_description) by extensions ['colcon_meta']
[3.530s] Level 1:colcon.colcon_core.package_identification:_identify(src/realsense-ros/realsense2_description) by extension 'colcon_meta'
[3.530s] Level 1:colcon.colcon_core.package_identification:_identify(src/realsense-ros/realsense2_description) by extensions ['ros']
[3.530s] Level 1:colcon.colcon_core.package_identification:_identify(src/realsense-ros/realsense2_description) by extension 'ros'
[3.532s] DEBUG:colcon.colcon_core.package_identification:Package 'src/realsense-ros/realsense2_description' with type 'ros.ament_cmake' and name 'realsense2_description'
[3.532s] Level 1:colcon.colcon_core.package_identification:_identify(src/realsense-ros/scripts) by extensions ['ignore', 'ignore_ament_install']
[3.532s] Level 1:colcon.colcon_core.package_identification:_identify(src/realsense-ros/scripts) by extension 'ignore'
[3.532s] Level 1:colcon.colcon_core.package_identification:_identify(src/realsense-ros/scripts) by extension 'ignore_ament_install'
[3.533s] Level 1:colcon.colcon_core.package_identification:_identify(src/realsense-ros/scripts) by extensions ['colcon_pkg']
[3.533s] Level 1:colcon.colcon_core.package_identification:_identify(src/realsense-ros/scripts) by extension 'colcon_pkg'
[3.533s] Level 1:colcon.colcon_core.package_identification:_identify(src/realsense-ros/scripts) by extensions ['colcon_meta']
[3.533s] Level 1:colcon.colcon_core.package_identification:_identify(src/realsense-ros/scripts) by extension 'colcon_meta'
[3.533s] Level 1:colcon.colcon_core.package_identification:_identify(src/realsense-ros/scripts) by extensions ['ros']
[3.533s] Level 1:colcon.colcon_core.package_identification:_identify(src/realsense-ros/scripts) by extension 'ros'
[3.533s] Level 1:colcon.colcon_core.package_identification:_identify(src/realsense-ros/scripts) by extensions ['cmake', 'python']
[3.534s] Level 1:colcon.colcon_core.package_identification:_identify(src/realsense-ros/scripts) by extension 'cmake'
[3.534s] Level 1:colcon.colcon_core.package_identification:_identify(src/realsense-ros/scripts) by extension 'python'
[3.534s] Level 1:colcon.colcon_core.package_identification:_identify(src/realsense-ros/scripts) by extensions ['python_setup_py']
[3.534s] Level 1:colcon.colcon_core.package_identification:_identify(src/realsense-ros/scripts) by extension 'python_setup_py'
[3.534s] Level 1:colcon.colcon_core.package_discovery:discover_packages(recursive) using defaults
[3.534s] Level 1:colcon.colcon_core.package_discovery:discover_packages(ignore) discover
[3.534s] Level 1:colcon.colcon_core.package_discovery:discover_packages(ignore) using defaults
[3.534s] Level 1:colcon.colcon_core.package_discovery:discover_packages(path) discover
[3.534s] Level 1:colcon.colcon_core.package_discovery:discover_packages(path) using defaults
[3.832s] Level 1:colcon.colcon_core.package_discovery:discover_packages(prefix_path) check parameters
[3.832s] Level 1:colcon.colcon_core.package_discovery:discover_packages(prefix_path) discover
[3.934s] DEBUG:colcon.colcon_installed_package_information.package_discovery:Found 349 installed packages in /opt/ros/humble
[3.956s] Level 1:colcon.colcon_core.package_discovery:discover_packages(prefix_path) using defaults
[4.252s] Level 5:colcon.colcon_core.verb:set package 'realsense2_camera_msgs' build argument 'cmake_args' from command line to 'None'
[4.252s] Level 5:colcon.colcon_core.verb:set package 'realsense2_camera_msgs' build argument 'cmake_target' from command line to 'None'
[4.252s] Level 5:colcon.colcon_core.verb:set package 'realsense2_camera_msgs' build argument 'cmake_target_skip_unavailable' from command line to 'False'
[4.253s] Level 5:colcon.colcon_core.verb:set package 'realsense2_camera_msgs' build argument 'cmake_clean_cache' from command line to 'False'
[4.253s] Level 5:colcon.colcon_core.verb:set package 'realsense2_camera_msgs' build argument 'cmake_clean_first' from command line to 'False'
[4.253s] Level 5:colcon.colcon_core.verb:set package 'realsense2_camera_msgs' build argument 'cmake_force_configure' from command line to 'False'
[4.253s] Level 5:colcon.colcon_core.verb:set package 'realsense2_camera_msgs' build argument 'ament_cmake_args' from command line to 'None'
[4.253s] Level 5:colcon.colcon_core.verb:set package 'realsense2_camera_msgs' build argument 'catkin_cmake_args' from command line to 'None'
[4.253s] Level 5:colcon.colcon_core.verb:set package 'realsense2_camera_msgs' build argument 'catkin_skip_building_tests' from command line to 'False'
[4.253s] DEBUG:colcon.colcon_core.verb:Building package 'realsense2_camera_msgs' with the following arguments: {'ament_cmake_args': None, 'build_base': '/home/mihkel/School/ThesisPractical/realsense_ws/build/realsense2_camera_msgs', 'catkin_cmake_args': None, 'catkin_skip_building_tests': False, 'cmake_args': None, 'cmake_clean_cache': False, 'cmake_clean_first': False, 'cmake_force_configure': False, 'cmake_target': None, 'cmake_target_skip_unavailable': False, 'install_base': '/home/mihkel/School/ThesisPractical/realsense_ws/install/realsense2_camera_msgs', 'merge_install': False, 'path': '/home/mihkel/School/ThesisPractical/realsense_ws/src/realsense-ros/realsense2_camera_msgs', 'symlink_install': False, 'test_result_base': None}
[4.300s] Level 5:colcon.colcon_core.verb:set package 'realsense2_camera' build argument 'cmake_args' from command line to 'None'
[4.300s] Level 5:colcon.colcon_core.verb:set package 'realsense2_camera' build argument 'cmake_target' from command line to 'None'
[4.300s] Level 5:colcon.colcon_core.verb:set package 'realsense2_camera' build argument 'cmake_target_skip_unavailable' from command line to 'False'
[4.300s] Level 5:colcon.colcon_core.verb:set package 'realsense2_camera' build argument 'cmake_clean_cache' from command line to 'False'
[4.300s] Level 5:colcon.colcon_core.verb:set package 'realsense2_camera' build argument 'cmake_clean_first' from command line to 'False'
[4.300s] Level 5:colcon.colcon_core.verb:set package 'realsense2_camera' build argument 'cmake_force_configure' from command line to 'False'
[4.301s] Level 5:colcon.colcon_core.verb:set package 'realsense2_camera' build argument 'ament_cmake_args' from command line to 'None'
[4.301s] Level 5:colcon.colcon_core.verb:set package 'realsense2_camera' build argument 'catkin_cmake_args' from command line to 'None'
[4.301s] Level 5:colcon.colcon_core.verb:set package 'realsense2_camera' build argument 'catkin_skip_building_tests' from command line to 'False'
[4.301s] DEBUG:colcon.colcon_core.verb:Building package 'realsense2_camera' with the following arguments: {'ament_cmake_args': None, 'build_base': '/home/mihkel/School/ThesisPractical/realsense_ws/build/realsense2_camera', 'catkin_cmake_args': None, 'catkin_skip_building_tests': False, 'cmake_args': None, 'cmake_clean_cache': False, 'cmake_clean_first': False, 'cmake_force_configure': False, 'cmake_target': None, 'cmake_target_skip_unavailable': False, 'install_base': '/home/mihkel/School/ThesisPractical/realsense_ws/install/realsense2_camera', 'merge_install': False, 'path': '/home/mihkel/School/ThesisPractical/realsense_ws/src/realsense-ros/realsense2_camera', 'symlink_install': False, 'test_result_base': None}
[4.349s] Level 5:colcon.colcon_core.verb:set package 'realsense2_description' build argument 'cmake_args' from command line to 'None'
[4.349s] Level 5:colcon.colcon_core.verb:set package 'realsense2_description' build argument 'cmake_target' from command line to 'None'
[4.349s] Level 5:colcon.colcon_core.verb:set package 'realsense2_description' build argument 'cmake_target_skip_unavailable' from command line to 'False'
[4.349s] Level 5:colcon.colcon_core.verb:set package 'realsense2_description' build argument 'cmake_clean_cache' from command line to 'False'
[4.350s] Level 5:colcon.colcon_core.verb:set package 'realsense2_description' build argument 'cmake_clean_first' from command line to 'False'
[4.350s] Level 5:colcon.colcon_core.verb:set package 'realsense2_description' build argument 'cmake_force_configure' from command line to 'False'
[4.350s] Level 5:colcon.colcon_core.verb:set package 'realsense2_description' build argument 'ament_cmake_args' from command line to 'None'
[4.350s] Level 5:colcon.colcon_core.verb:set package 'realsense2_description' build argument 'catkin_cmake_args' from command line to 'None'
[4.350s] Level 5:colcon.colcon_core.verb:set package 'realsense2_description' build argument 'catkin_skip_building_tests' from command line to 'False'
[4.350s] DEBUG:colcon.colcon_core.verb:Building package 'realsense2_description' with the following arguments: {'ament_cmake_args': None, 'build_base': '/home/mihkel/School/ThesisPractical/realsense_ws/build/realsense2_description', 'catkin_cmake_args': None, 'catkin_skip_building_tests': False, 'cmake_args': None, 'cmake_clean_cache': False, 'cmake_clean_first': False, 'cmake_force_configure': False, 'cmake_target': None, 'cmake_target_skip_unavailable': False, 'install_base': '/home/mihkel/School/ThesisPractical/realsense_ws/install/realsense2_description', 'merge_install': False, 'path': '/home/mihkel/School/ThesisPractical/realsense_ws/src/realsense-ros/realsense2_description', 'symlink_install': False, 'test_result_base': None}
[4.398s] INFO:colcon.colcon_core.executor:Executing jobs using 'parallel' executor
[4.448s] DEBUG:colcon.colcon_parallel_executor.executor.parallel:run_until_complete
[4.449s] INFO:colcon.colcon_ros.task.ament_cmake.build:Building ROS package in '/home/mihkel/School/ThesisPractical/realsense_ws/src/realsense-ros/realsense2_camera_msgs' with build type 'ament_cmake'
[4.449s] INFO:colcon.colcon_cmake.task.cmake.build:Building CMake package in '/home/mihkel/School/ThesisPractical/realsense_ws/src/realsense-ros/realsense2_camera_msgs'
[4.505s] INFO:colcon.colcon_core.plugin_system:Skipping extension 'colcon_core.shell.bat': Not used on non-Windows systems
[4.506s] INFO:colcon.colcon_core.shell:Skip shell extension 'powershell' for command environment: Not usable outside of PowerShell
[4.506s] DEBUG:colcon.colcon_core.shell:Skip shell extension 'dsv' for command environment
[4.625s] DEBUG:colcon.colcon_core.event_handler.log_command:Invoking command in '/home/mihkel/School/ThesisPractical/realsense_ws/build/realsense2_camera_msgs': CMAKE_PREFIX_PATH=/opt/ros/humble /usr/bin/cmake /home/mihkel/School/ThesisPractical/realsense_ws/src/realsense-ros/realsense2_camera_msgs -DCMAKE_INSTALL_PREFIX=/home/mihkel/School/ThesisPractical/realsense_ws/install/realsense2_camera_msgs
[10.025s] DEBUG:colcon.colcon_core.event_handler.log_command:Invoked command in '/home/mihkel/School/ThesisPractical/realsense_ws/build/realsense2_camera_msgs' returned '0': CMAKE_PREFIX_PATH=/opt/ros/humble /usr/bin/cmake /home/mihkel/School/ThesisPractical/realsense_ws/src/realsense-ros/realsense2_camera_msgs -DCMAKE_INSTALL_PREFIX=/home/mihkel/School/ThesisPractical/realsense_ws/install/realsense2_camera_msgs
[10.031s] DEBUG:colcon.colcon_core.event_handler.log_command:Invoking command in '/home/mihkel/School/ThesisPractical/realsense_ws/build/realsense2_camera_msgs': CMAKE_PREFIX_PATH=/opt/ros/humble /usr/bin/cmake --build /home/mihkel/School/ThesisPractical/realsense_ws/build/realsense2_camera_msgs -- -j12 -l12
[22.931s] DEBUG:colcon.colcon_core.event_handler.log_command:Invoked command in '/home/mihkel/School/ThesisPractical/realsense_ws/build/realsense2_camera_msgs' returned '0': CMAKE_PREFIX_PATH=/opt/ros/humble /usr/bin/cmake --build /home/mihkel/School/ThesisPractical/realsense_ws/build/realsense2_camera_msgs -- -j12 -l12
[23.221s] DEBUG:colcon.colcon_core.event_handler.log_command:Invoking command in '/home/mihkel/School/ThesisPractical/realsense_ws/build/realsense2_camera_msgs': CMAKE_PREFIX_PATH=/opt/ros/humble /usr/bin/cmake --install /home/mihkel/School/ThesisPractical/realsense_ws/build/realsense2_camera_msgs
[23.421s] Level 1:colcon.colcon_core.environment:create_environment_scripts_only(realsense2_camera_msgs)
[23.422s] DEBUG:colcon.colcon_core.event_handler.log_command:Invoked command in '/home/mihkel/School/ThesisPractical/realsense_ws/build/realsense2_camera_msgs' returned '0': CMAKE_PREFIX_PATH=/opt/ros/humble /usr/bin/cmake --install /home/mihkel/School/ThesisPractical/realsense_ws/build/realsense2_camera_msgs
[23.481s] Level 1:colcon.colcon_core.environment:checking '/home/mihkel/School/ThesisPractical/realsense_ws/install/realsense2_camera_msgs' for CMake module files
[23.483s] Level 1:colcon.colcon_core.environment:checking '/home/mihkel/School/ThesisPractical/realsense_ws/install/realsense2_camera_msgs' for CMake config files
[23.484s] Level 1:colcon.colcon_core.shell:create_environment_hook('realsense2_camera_msgs', 'cmake_prefix_path')
[23.534s] INFO:colcon.colcon_core.shell:Creating environment hook '/home/mihkel/School/ThesisPractical/realsense_ws/install/realsense2_camera_msgs/share/realsense2_camera_msgs/hook/cmake_prefix_path.ps1'
[23.536s] INFO:colcon.colcon_core.shell:Creating environment descriptor '/home/mihkel/School/ThesisPractical/realsense_ws/install/realsense2_camera_msgs/share/realsense2_camera_msgs/hook/cmake_prefix_path.dsv'
[23.537s] INFO:colcon.colcon_core.shell:Creating environment hook '/home/mihkel/School/ThesisPractical/realsense_ws/install/realsense2_camera_msgs/share/realsense2_camera_msgs/hook/cmake_prefix_path.sh'
[23.539s] Level 1:colcon.colcon_core.environment:checking '/home/mihkel/School/ThesisPractical/realsense_ws/install/realsense2_camera_msgs/lib'
[23.539s] Level 1:colcon.colcon_core.shell:create_environment_hook('realsense2_camera_msgs', 'ld_library_path_lib')
[23.596s] INFO:colcon.colcon_core.shell:Creating environment hook '/home/mihkel/School/ThesisPractical/realsense_ws/install/realsense2_camera_msgs/share/realsense2_camera_msgs/hook/ld_library_path_lib.ps1'
[23.597s] INFO:colcon.colcon_core.shell:Creating environment descriptor '/home/mihkel/School/ThesisPractical/realsense_ws/install/realsense2_camera_msgs/share/realsense2_camera_msgs/hook/ld_library_path_lib.dsv'
[23.597s] INFO:colcon.colcon_core.shell:Creating environment hook '/home/mihkel/School/ThesisPractical/realsense_ws/install/realsense2_camera_msgs/share/realsense2_camera_msgs/hook/ld_library_path_lib.sh'
[23.598s] Level 1:colcon.colcon_core.environment:checking '/home/mihkel/School/ThesisPractical/realsense_ws/install/realsense2_camera_msgs/bin'
[23.598s] Level 1:colcon.colcon_core.environment:checking '/home/mihkel/School/ThesisPractical/realsense_ws/install/realsense2_camera_msgs/lib/pkgconfig/realsense2_camera_msgs.pc'
[23.599s] Level 1:colcon.colcon_core.environment:checking '/home/mihkel/School/ThesisPractical/realsense_ws/install/realsense2_camera_msgs/lib/python3.10/site-packages'
[23.600s] Level 1:colcon.colcon_core.environment:checking '/home/mihkel/School/ThesisPractical/realsense_ws/install/realsense2_camera_msgs/bin'
[23.654s] INFO:colcon.colcon_core.shell:Creating package script '/home/mihkel/School/ThesisPractical/realsense_ws/install/realsense2_camera_msgs/share/realsense2_camera_msgs/package.ps1'
[23.656s] INFO:colcon.colcon_core.shell:Creating package descriptor '/home/mihkel/School/ThesisPractical/realsense_ws/install/realsense2_camera_msgs/share/realsense2_camera_msgs/package.dsv'
[23.658s] INFO:colcon.colcon_core.shell:Creating package script '/home/mihkel/School/ThesisPractical/realsense_ws/install/realsense2_camera_msgs/share/realsense2_camera_msgs/package.sh'
[23.660s] INFO:colcon.colcon_core.shell:Creating package script '/home/mihkel/School/ThesisPractical/realsense_ws/install/realsense2_camera_msgs/share/realsense2_camera_msgs/package.bash'
[23.661s] INFO:colcon.colcon_core.shell:Creating package script '/home/mihkel/School/ThesisPractical/realsense_ws/install/realsense2_camera_msgs/share/realsense2_camera_msgs/package.zsh'
[23.663s] Level 1:colcon.colcon_core.environment:create_file_with_runtime_dependencies(/home/mihkel/School/ThesisPractical/realsense_ws/install/realsense2_camera_msgs/share/colcon-core/packages/realsense2_camera_msgs)
[23.983s] Level 1:colcon.colcon_core.environment:create_environment_scripts_only(realsense2_camera_msgs)
[24.035s] Level 1:colcon.colcon_core.environment:checking '/home/mihkel/School/ThesisPractical/realsense_ws/install/realsense2_camera_msgs' for CMake module files
[24.037s] Level 1:colcon.colcon_core.environment:checking '/home/mihkel/School/ThesisPractical/realsense_ws/install/realsense2_camera_msgs' for CMake config files
[24.037s] Level 1:colcon.colcon_core.shell:create_environment_hook('realsense2_camera_msgs', 'cmake_prefix_path')
[24.087s] INFO:colcon.colcon_core.shell:Creating environment hook '/home/mihkel/School/ThesisPractical/realsense_ws/install/realsense2_camera_msgs/share/realsense2_camera_msgs/hook/cmake_prefix_path.ps1'
[24.088s] INFO:colcon.colcon_core.shell:Creating environment descriptor '/home/mihkel/School/ThesisPractical/realsense_ws/install/realsense2_camera_msgs/share/realsense2_camera_msgs/hook/cmake_prefix_path.dsv'
[24.089s] INFO:colcon.colcon_core.shell:Creating environment hook '/home/mihkel/School/ThesisPractical/realsense_ws/install/realsense2_camera_msgs/share/realsense2_camera_msgs/hook/cmake_prefix_path.sh'
[24.090s] Level 1:colcon.colcon_core.environment:checking '/home/mihkel/School/ThesisPractical/realsense_ws/install/realsense2_camera_msgs/lib'
[24.090s] Level 1:colcon.colcon_core.shell:create_environment_hook('realsense2_camera_msgs', 'ld_library_path_lib')
[24.140s] INFO:colcon.colcon_core.shell:Creating environment hook '/home/mihkel/School/ThesisPractical/realsense_ws/install/realsense2_camera_msgs/share/realsense2_camera_msgs/hook/ld_library_path_lib.ps1'
[24.140s] INFO:colcon.colcon_core.shell:Creating environment descriptor '/home/mihkel/School/ThesisPractical/realsense_ws/install/realsense2_camera_msgs/share/realsense2_camera_msgs/hook/ld_library_path_lib.dsv'
[24.141s] INFO:colcon.colcon_core.shell:Creating environment hook '/home/mihkel/School/ThesisPractical/realsense_ws/install/realsense2_camera_msgs/share/realsense2_camera_msgs/hook/ld_library_path_lib.sh'
[24.142s] Level 1:colcon.colcon_core.environment:checking '/home/mihkel/School/ThesisPractical/realsense_ws/install/realsense2_camera_msgs/bin'
[24.142s] Level 1:colcon.colcon_core.environment:checking '/home/mihkel/School/ThesisPractical/realsense_ws/install/realsense2_camera_msgs/lib/pkgconfig/realsense2_camera_msgs.pc'
[24.143s] Level 1:colcon.colcon_core.environment:checking '/home/mihkel/School/ThesisPractical/realsense_ws/install/realsense2_camera_msgs/lib/python3.10/site-packages'
[24.143s] Level 1:colcon.colcon_core.environment:checking '/home/mihkel/School/ThesisPractical/realsense_ws/install/realsense2_camera_msgs/bin'
[24.195s] INFO:colcon.colcon_core.shell:Creating package script '/home/mihkel/School/ThesisPractical/realsense_ws/install/realsense2_camera_msgs/share/realsense2_camera_msgs/package.ps1'
[24.197s] INFO:colcon.colcon_core.shell:Creating package descriptor '/home/mihkel/School/ThesisPractical/realsense_ws/install/realsense2_camera_msgs/share/realsense2_camera_msgs/package.dsv'
[24.198s] INFO:colcon.colcon_core.shell:Creating package script '/home/mihkel/School/ThesisPractical/realsense_ws/install/realsense2_camera_msgs/share/realsense2_camera_msgs/package.sh'
[24.199s] INFO:colcon.colcon_core.shell:Creating package script '/home/mihkel/School/ThesisPractical/realsense_ws/install/realsense2_camera_msgs/share/realsense2_camera_msgs/package.bash'
[24.200s] INFO:colcon.colcon_core.shell:Creating package script '/home/mihkel/School/ThesisPractical/realsense_ws/install/realsense2_camera_msgs/share/realsense2_camera_msgs/package.zsh'
[24.201s] Level 1:colcon.colcon_core.environment:create_file_with_runtime_dependencies(/home/mihkel/School/ThesisPractical/realsense_ws/install/realsense2_camera_msgs/share/colcon-core/packages/realsense2_camera_msgs)
[24.202s] INFO:colcon.colcon_ros.task.ament_cmake.build:Building ROS package in '/home/mihkel/School/ThesisPractical/realsense_ws/src/realsense-ros/realsense2_camera' with build type 'ament_cmake'
[24.202s] INFO:colcon.colcon_cmake.task.cmake.build:Building CMake package in '/home/mihkel/School/ThesisPractical/realsense_ws/src/realsense-ros/realsense2_camera'
[24.258s] INFO:colcon.colcon_core.shell:Skip shell extension 'powershell' for command environment: Not usable outside of PowerShell
[24.258s] DEBUG:colcon.colcon_core.shell:Skip shell extension 'dsv' for command environment
[24.364s] INFO:colcon.colcon_ros.task.ament_cmake.build:Building ROS package in '/home/mihkel/School/ThesisPractical/realsense_ws/src/realsense-ros/realsense2_description' with build type 'ament_cmake'
[24.364s] INFO:colcon.colcon_cmake.task.cmake.build:Building CMake package in '/home/mihkel/School/ThesisPractical/realsense_ws/src/realsense-ros/realsense2_description'
[24.416s] INFO:colcon.colcon_core.shell:Skip shell extension 'powershell' for command environment: Not usable outside of PowerShell
[24.416s] DEBUG:colcon.colcon_core.shell:Skip shell extension 'dsv' for command environment
[24.526s] DEBUG:colcon.colcon_core.event_handler.log_command:Invoking command in '/home/mihkel/School/ThesisPractical/realsense_ws/build/realsense2_camera': AMENT_PREFIX_PATH=/home/mihkel/School/ThesisPractical/realsense_ws/install/realsense2_camera_msgs:${AMENT_PREFIX_PATH} CMAKE_PREFIX_PATH=/home/mihkel/School/ThesisPractical/realsense_ws/install/realsense2_camera_msgs:/opt/ros/humble LD_LIBRARY_PATH=/home/mihkel/School/ThesisPractical/realsense_ws/install/realsense2_camera_msgs/lib:${LD_LIBRARY_PATH} PYTHONPATH=/home/mihkel/School/ThesisPractical/realsense_ws/install/realsense2_camera_msgs/local/lib/python3.10/dist-packages:${PYTHONPATH} /usr/bin/cmake /home/mihkel/School/ThesisPractical/realsense_ws/src/realsense-ros/realsense2_camera -DCMAKE_INSTALL_PREFIX=/home/mihkel/School/ThesisPractical/realsense_ws/install/realsense2_camera
[24.533s] DEBUG:colcon.colcon_core.event_handler.log_command:Invoking command in '/home/mihkel/School/ThesisPractical/realsense_ws/build/realsense2_description': AMENT_PREFIX_PATH=/home/mihkel/School/ThesisPractical/realsense_ws/install/realsense2_camera_msgs:${AMENT_PREFIX_PATH} CMAKE_PREFIX_PATH=/home/mihkel/School/ThesisPractical/realsense_ws/install/realsense2_camera_msgs:/opt/ros/humble LD_LIBRARY_PATH=/home/mihkel/School/ThesisPractical/realsense_ws/install/realsense2_camera_msgs/lib:${LD_LIBRARY_PATH} PYTHONPATH=/home/mihkel/School/ThesisPractical/realsense_ws/install/realsense2_camera_msgs/local/lib/python3.10/dist-packages:${PYTHONPATH} /usr/bin/cmake /home/mihkel/School/ThesisPractical/realsense_ws/src/realsense-ros/realsense2_description -DCMAKE_INSTALL_PREFIX=/home/mihkel/School/ThesisPractical/realsense_ws/install/realsense2_description
[26.111s] DEBUG:colcon.colcon_core.event_handler.log_command:Invoked command in '/home/mihkel/School/ThesisPractical/realsense_ws/build/realsense2_description' returned '0': AMENT_PREFIX_PATH=/home/mihkel/School/ThesisPractical/realsense_ws/install/realsense2_camera_msgs:${AMENT_PREFIX_PATH} CMAKE_PREFIX_PATH=/home/mihkel/School/ThesisPractical/realsense_ws/install/realsense2_camera_msgs:/opt/ros/humble LD_LIBRARY_PATH=/home/mihkel/School/ThesisPractical/realsense_ws/install/realsense2_camera_msgs/lib:${LD_LIBRARY_PATH} PYTHONPATH=/home/mihkel/School/ThesisPractical/realsense_ws/install/realsense2_camera_msgs/local/lib/python3.10/dist-packages:${PYTHONPATH} /usr/bin/cmake /home/mihkel/School/ThesisPractical/realsense_ws/src/realsense-ros/realsense2_description -DCMAKE_INSTALL_PREFIX=/home/mihkel/School/ThesisPractical/realsense_ws/install/realsense2_description
[26.115s] DEBUG:colcon.colcon_core.event_handler.log_command:Invoking command in '/home/mihkel/School/ThesisPractical/realsense_ws/build/realsense2_description': AMENT_PREFIX_PATH=/home/mihkel/School/ThesisPractical/realsense_ws/install/realsense2_camera_msgs:${AMENT_PREFIX_PATH} CMAKE_PREFIX_PATH=/home/mihkel/School/ThesisPractical/realsense_ws/install/realsense2_camera_msgs:/opt/ros/humble LD_LIBRARY_PATH=/home/mihkel/School/ThesisPractical/realsense_ws/install/realsense2_camera_msgs/lib:${LD_LIBRARY_PATH} PYTHONPATH=/home/mihkel/School/ThesisPractical/realsense_ws/install/realsense2_camera_msgs/local/lib/python3.10/dist-packages:${PYTHONPATH} /usr/bin/cmake --build /home/mihkel/School/ThesisPractical/realsense_ws/build/realsense2_description -- -j12 -l12
[26.206s] DEBUG:colcon.colcon_core.event_handler.log_command:Invoked command in '/home/mihkel/School/ThesisPractical/realsense_ws/build/realsense2_description' returned '0': AMENT_PREFIX_PATH=/home/mihkel/School/ThesisPractical/realsense_ws/install/realsense2_camera_msgs:${AMENT_PREFIX_PATH} CMAKE_PREFIX_PATH=/home/mihkel/School/ThesisPractical/realsense_ws/install/realsense2_camera_msgs:/opt/ros/humble LD_LIBRARY_PATH=/home/mihkel/School/ThesisPractical/realsense_ws/install/realsense2_camera_msgs/lib:${LD_LIBRARY_PATH} PYTHONPATH=/home/mihkel/School/ThesisPractical/realsense_ws/install/realsense2_camera_msgs/local/lib/python3.10/dist-packages:${PYTHONPATH} /usr/bin/cmake --build /home/mihkel/School/ThesisPractical/realsense_ws/build/realsense2_description -- -j12 -l12
[26.258s] DEBUG:colcon.colcon_core.event_handler.log_command:Invoking command in '/home/mihkel/School/ThesisPractical/realsense_ws/build/realsense2_description': AMENT_PREFIX_PATH=/home/mihkel/School/ThesisPractical/realsense_ws/install/realsense2_camera_msgs:${AMENT_PREFIX_PATH} CMAKE_PREFIX_PATH=/home/mihkel/School/ThesisPractical/realsense_ws/install/realsense2_camera_msgs:/opt/ros/humble LD_LIBRARY_PATH=/home/mihkel/School/ThesisPractical/realsense_ws/install/realsense2_camera_msgs/lib:${LD_LIBRARY_PATH} PYTHONPATH=/home/mihkel/School/ThesisPractical/realsense_ws/install/realsense2_camera_msgs/local/lib/python3.10/dist-packages:${PYTHONPATH} /usr/bin/cmake --install /home/mihkel/School/ThesisPractical/realsense_ws/build/realsense2_description
[26.478s] Level 1:colcon.colcon_core.environment:create_environment_scripts_only(realsense2_description)
[26.480s] DEBUG:colcon.colcon_core.event_handler.log_command:Invoked command in '/home/mihkel/School/ThesisPractical/realsense_ws/build/realsense2_description' returned '0': AMENT_PREFIX_PATH=/home/mihkel/School/ThesisPractical/realsense_ws/install/realsense2_camera_msgs:${AMENT_PREFIX_PATH} CMAKE_PREFIX_PATH=/home/mihkel/School/ThesisPractical/realsense_ws/install/realsense2_camera_msgs:/opt/ros/humble LD_LIBRARY_PATH=/home/mihkel/School/ThesisPractical/realsense_ws/install/realsense2_camera_msgs/lib:${LD_LIBRARY_PATH} PYTHONPATH=/home/mihkel/School/ThesisPractical/realsense_ws/install/realsense2_camera_msgs/local/lib/python3.10/dist-packages:${PYTHONPATH} /usr/bin/cmake --install /home/mihkel/School/ThesisPractical/realsense_ws/build/realsense2_description
[26.542s] Level 1:colcon.colcon_core.environment:checking '/home/mihkel/School/ThesisPractical/realsense_ws/install/realsense2_description' for CMake module files
[26.543s] Level 1:colcon.colcon_core.environment:checking '/home/mihkel/School/ThesisPractical/realsense_ws/install/realsense2_description' for CMake config files
[26.544s] Level 1:colcon.colcon_core.shell:create_environment_hook('realsense2_description', 'cmake_prefix_path')
[26.599s] INFO:colcon.colcon_core.shell:Creating environment hook '/home/mihkel/School/ThesisPractical/realsense_ws/install/realsense2_description/share/realsense2_description/hook/cmake_prefix_path.ps1'
[26.600s] INFO:colcon.colcon_core.shell:Creating environment descriptor '/home/mihkel/School/ThesisPractical/realsense_ws/install/realsense2_description/share/realsense2_description/hook/cmake_prefix_path.dsv'
[26.600s] INFO:colcon.colcon_core.shell:Creating environment hook '/home/mihkel/School/ThesisPractical/realsense_ws/install/realsense2_description/share/realsense2_description/hook/cmake_prefix_path.sh'
[26.602s] Level 1:colcon.colcon_core.environment:checking '/home/mihkel/School/ThesisPractical/realsense_ws/install/realsense2_description/bin'
[26.602s] Level 1:colcon.colcon_core.environment:checking '/home/mihkel/School/ThesisPractical/realsense_ws/install/realsense2_description/lib/pkgconfig/realsense2_description.pc'
[26.603s] Level 1:colcon.colcon_core.environment:checking '/home/mihkel/School/ThesisPractical/realsense_ws/install/realsense2_description/lib/python3.10/site-packages'
[26.603s] Level 1:colcon.colcon_core.environment:checking '/home/mihkel/School/ThesisPractical/realsense_ws/install/realsense2_description/bin'
[26.657s] INFO:colcon.colcon_core.shell:Creating package script '/home/mihkel/School/ThesisPractical/realsense_ws/install/realsense2_description/share/realsense2_description/package.ps1'
[26.659s] INFO:colcon.colcon_core.shell:Creating package descriptor '/home/mihkel/School/ThesisPractical/realsense_ws/install/realsense2_description/share/realsense2_description/package.dsv'
[26.660s] INFO:colcon.colcon_core.shell:Creating package script '/home/mihkel/School/ThesisPractical/realsense_ws/install/realsense2_description/share/realsense2_description/package.sh'
[26.661s] INFO:colcon.colcon_core.shell:Creating package script '/home/mihkel/School/ThesisPractical/realsense_ws/install/realsense2_description/share/realsense2_description/package.bash'
[26.661s] INFO:colcon.colcon_core.shell:Creating package script '/home/mihkel/School/ThesisPractical/realsense_ws/install/realsense2_description/share/realsense2_description/package.zsh'
[26.662s] Level 1:colcon.colcon_core.environment:create_file_with_runtime_dependencies(/home/mihkel/School/ThesisPractical/realsense_ws/install/realsense2_description/share/colcon-core/packages/realsense2_description)
[26.764s] Level 1:colcon.colcon_core.environment:create_environment_scripts_only(realsense2_description)
[26.825s] Level 1:colcon.colcon_core.environment:checking '/home/mihkel/School/ThesisPractical/realsense_ws/install/realsense2_description' for CMake module files
[26.826s] Level 1:colcon.colcon_core.environment:checking '/home/mihkel/School/ThesisPractical/realsense_ws/install/realsense2_description' for CMake config files
[26.827s] Level 1:colcon.colcon_core.shell:create_environment_hook('realsense2_description', 'cmake_prefix_path')
[26.887s] INFO:colcon.colcon_core.shell:Creating environment hook '/home/mihkel/School/ThesisPractical/realsense_ws/install/realsense2_description/share/realsense2_description/hook/cmake_prefix_path.ps1'
[26.888s] INFO:colcon.colcon_core.shell:Creating environment descriptor '/home/mihkel/School/ThesisPractical/realsense_ws/install/realsense2_description/share/realsense2_description/hook/cmake_prefix_path.dsv'
[26.889s] INFO:colcon.colcon_core.shell:Creating environment hook '/home/mihkel/School/ThesisPractical/realsense_ws/install/realsense2_description/share/realsense2_description/hook/cmake_prefix_path.sh'
[26.890s] Level 1:colcon.colcon_core.environment:checking '/home/mihkel/School/ThesisPractical/realsense_ws/install/realsense2_description/bin'
[26.890s] Level 1:colcon.colcon_core.environment:checking '/home/mihkel/School/ThesisPractical/realsense_ws/install/realsense2_description/lib/pkgconfig/realsense2_description.pc'
[26.891s] Level 1:colcon.colcon_core.environment:checking '/home/mihkel/School/ThesisPractical/realsense_ws/install/realsense2_description/lib/python3.10/site-packages'
[26.892s] Level 1:colcon.colcon_core.environment:checking '/home/mihkel/School/ThesisPractical/realsense_ws/install/realsense2_description/bin'
[26.972s] INFO:colcon.colcon_core.shell:Creating package script '/home/mihkel/School/ThesisPractical/realsense_ws/install/realsense2_description/share/realsense2_description/package.ps1'
[26.974s] INFO:colcon.colcon_core.shell:Creating package descriptor '/home/mihkel/School/ThesisPractical/realsense_ws/install/realsense2_description/share/realsense2_description/package.dsv'
[26.976s] INFO:colcon.colcon_core.shell:Creating package script '/home/mihkel/School/ThesisPractical/realsense_ws/install/realsense2_description/share/realsense2_description/package.sh'
[26.977s] INFO:colcon.colcon_core.shell:Creating package script '/home/mihkel/School/ThesisPractical/realsense_ws/install/realsense2_description/share/realsense2_description/package.bash'
[26.979s] INFO:colcon.colcon_core.shell:Creating package script '/home/mihkel/School/ThesisPractical/realsense_ws/install/realsense2_description/share/realsense2_description/package.zsh'
[26.980s] Level 1:colcon.colcon_core.environment:create_file_with_runtime_dependencies(/home/mihkel/School/ThesisPractical/realsense_ws/install/realsense2_description/share/colcon-core/packages/realsense2_description)
[30.744s] DEBUG:colcon.colcon_core.event_handler.log_command:Invoked command in '/home/mihkel/School/ThesisPractical/realsense_ws/build/realsense2_camera' returned '1': AMENT_PREFIX_PATH=/home/mihkel/School/ThesisPractical/realsense_ws/install/realsense2_camera_msgs:${AMENT_PREFIX_PATH} CMAKE_PREFIX_PATH=/home/mihkel/School/ThesisPractical/realsense_ws/install/realsense2_camera_msgs:/opt/ros/humble LD_LIBRARY_PATH=/home/mihkel/School/ThesisPractical/realsense_ws/install/realsense2_camera_msgs/lib:${LD_LIBRARY_PATH} PYTHONPATH=/home/mihkel/School/ThesisPractical/realsense_ws/install/realsense2_camera_msgs/local/lib/python3.10/dist-packages:${PYTHONPATH} /usr/bin/cmake /home/mihkel/School/ThesisPractical/realsense_ws/src/realsense-ros/realsense2_camera -DCMAKE_INSTALL_PREFIX=/home/mihkel/School/ThesisPractical/realsense_ws/install/realsense2_camera
[30.774s] Level 1:colcon.colcon_core.environment:create_environment_scripts_only(realsense2_camera)
[30.845s] Level 1:colcon.colcon_core.environment:checking '/home/mihkel/School/ThesisPractical/realsense_ws/install/realsense2_camera' for CMake module files
[30.846s] Level 1:colcon.colcon_core.environment:checking '/home/mihkel/School/ThesisPractical/realsense_ws/install/realsense2_camera' for CMake config files
[30.847s] Level 1:colcon.colcon_core.environment:checking '/home/mihkel/School/ThesisPractical/realsense_ws/install/realsense2_camera/bin'
[30.847s] Level 1:colcon.colcon_core.environment:checking '/home/mihkel/School/ThesisPractical/realsense_ws/install/realsense2_camera/lib/pkgconfig/realsense2_camera.pc'
[30.848s] Level 1:colcon.colcon_core.environment:checking '/home/mihkel/School/ThesisPractical/realsense_ws/install/realsense2_camera/lib/python3.10/site-packages'
[30.849s] Level 1:colcon.colcon_core.environment:checking '/home/mihkel/School/ThesisPractical/realsense_ws/install/realsense2_camera/bin'
[30.925s] INFO:colcon.colcon_core.shell:Creating package script '/home/mihkel/School/ThesisPractical/realsense_ws/install/realsense2_camera/share/realsense2_camera/package.ps1'
[30.927s] INFO:colcon.colcon_core.shell:Creating package descriptor '/home/mihkel/School/ThesisPractical/realsense_ws/install/realsense2_camera/share/realsense2_camera/package.dsv'
[30.928s] INFO:colcon.colcon_core.shell:Creating package script '/home/mihkel/School/ThesisPractical/realsense_ws/install/realsense2_camera/share/realsense2_camera/package.sh'
[30.928s] INFO:colcon.colcon_core.shell:Creating package script '/home/mihkel/School/ThesisPractical/realsense_ws/install/realsense2_camera/share/realsense2_camera/package.bash'
[30.930s] INFO:colcon.colcon_core.shell:Creating package script '/home/mihkel/School/ThesisPractical/realsense_ws/install/realsense2_camera/share/realsense2_camera/package.zsh'
[30.930s] Level 1:colcon.colcon_core.environment:create_file_with_runtime_dependencies(/home/mihkel/School/ThesisPractical/realsense_ws/install/realsense2_camera/share/colcon-core/packages/realsense2_camera)
[30.942s] DEBUG:colcon.colcon_parallel_executor.executor.parallel:closing loop
[30.942s] DEBUG:colcon.colcon_parallel_executor.executor.parallel:loop closed
[30.943s] DEBUG:colcon.colcon_parallel_executor.executor.parallel:run_until_complete finished with '1'
[30.943s] DEBUG:colcon.colcon_core.event_reactor:joining thread
[31.057s] INFO:colcon.colcon_core.plugin_system:Skipping extension 'colcon_notification.desktop_notification.terminal_notifier': Not used on non-Darwin systems
[31.058s] INFO:colcon.colcon_core.plugin_system:Skipping extension 'colcon_notification.desktop_notification.win32': Not used on non-Windows systems
[31.058s] INFO:colcon.colcon_notification.desktop_notification:Sending desktop notification using 'notify2'
[31.092s] DEBUG:colcon.colcon_core.event_reactor:joined thread
[31.162s] INFO:colcon.colcon_core.shell:Creating prefix script '/home/mihkel/School/ThesisPractical/realsense_ws/install/local_setup.ps1'
[31.164s] INFO:colcon.colcon_core.shell:Creating prefix util module '/home/mihkel/School/ThesisPractical/realsense_ws/install/_local_setup_util_ps1.py'
[31.168s] INFO:colcon.colcon_core.shell:Creating prefix chain script '/home/mihkel/School/ThesisPractical/realsense_ws/install/setup.ps1'
[31.237s] INFO:colcon.colcon_core.shell:Creating prefix script '/home/mihkel/School/ThesisPractical/realsense_ws/install/local_setup.sh'
[31.239s] INFO:colcon.colcon_core.shell:Creating prefix util module '/home/mihkel/School/ThesisPractical/realsense_ws/install/_local_setup_util_sh.py'
[31.240s] INFO:colcon.colcon_core.shell:Creating prefix chain script '/home/mihkel/School/ThesisPractical/realsense_ws/install/setup.sh'
[31.303s] INFO:colcon.colcon_core.shell:Creating prefix script '/home/mihkel/School/ThesisPractical/realsense_ws/install/local_setup.bash'
[31.304s] INFO:colcon.colcon_core.shell:Creating prefix chain script '/home/mihkel/School/ThesisPractical/realsense_ws/install/setup.bash'
[31.365s] INFO:colcon.colcon_core.shell:Creating prefix script '/home/mihkel/School/ThesisPractical/realsense_ws/install/local_setup.zsh'
[31.367s] INFO:colcon.colcon_core.shell:Creating prefix chain script '/home/mihkel/School/ThesisPractical/realsense_ws/install/setup.zsh'
