[0.203s] Invoking command in '/home/mihkel/School/ThesisPractical/ros2_ws/build/depthimage_to_laserscan': CMAKE_PREFIX_PATH=${CMAKE_PREFIX_PATH}:/home/mihkel/School/ThesisPractical/ros2_ws/install/hospital_carrier:/opt/ros/humble /usr/bin/cmake --build /home/mihkel/School/ThesisPractical/ros2_ws/build/depthimage_to_laserscan -- -j12 -l12
[0.292s] [35m[1mConsolidate compiler generated dependencies of target DepthImageToLaserScan[0m
[0.293s] [35m[1mConsolidate compiler generated dependencies of target gtest_main[0m
[0.294s] [35m[1mConsolidate compiler generated dependencies of target gtest[0m
[0.331s] [ 16%] Built target DepthImageToLaserScan
[0.332s] [ 33%] Built target gtest_main
[0.339s] [ 50%] Built target gtest
[0.373s] [35m[1mConsolidate compiler generated dependencies of target DepthImageToLaserScanROS[0m
[0.375s] [35m[1mConsolidate compiler generated dependencies of target depthimage_to_laserscan-test[0m
[0.417s] [ 66%] Built target depthimage_to_laserscan-test
[0.435s] [ 83%] Built target DepthImageToLaserScanROS
[0.467s] [35m[1mConsolidate compiler generated dependencies of target depthimage_to_laserscan_node[0m
[0.520s] [100%] Built target depthimage_to_laserscan_node
[0.547s] Invoked command in '/home/mihkel/School/ThesisPractical/ros2_ws/build/depthimage_to_laserscan' returned '0': CMAKE_PREFIX_PATH=${CMAKE_PREFIX_PATH}:/home/mihkel/School/ThesisPractical/ros2_ws/install/hospital_carrier:/opt/ros/humble /usr/bin/cmake --build /home/mihkel/School/ThesisPractical/ros2_ws/build/depthimage_to_laserscan -- -j12 -l12
[0.659s] Invoking command in '/home/mihkel/School/ThesisPractical/ros2_ws/build/depthimage_to_laserscan': CMAKE_PREFIX_PATH=${CMAKE_PREFIX_PATH}:/home/mihkel/School/ThesisPractical/ros2_ws/install/hospital_carrier:/opt/ros/humble /usr/bin/cmake --install /home/mihkel/School/ThesisPractical/ros2_ws/build/depthimage_to_laserscan
[0.678s] -- Install configuration: ""
[0.678s] -- Up-to-date: /home/mihkel/School/ThesisPractical/ros2_ws/install/depthimage_to_laserscan/include/depthimage_to_laserscan
[0.679s] -- Up-to-date: /home/mihkel/School/ThesisPractical/ros2_ws/install/depthimage_to_laserscan/include/depthimage_to_laserscan/depthimage_to_laserscan
[0.679s] -- Up-to-date: /home/mihkel/School/ThesisPractical/ros2_ws/install/depthimage_to_laserscan/include/depthimage_to_laserscan/depthimage_to_laserscan/DepthImageToLaserScan.hpp
[0.679s] -- Up-to-date: /home/mihkel/School/ThesisPractical/ros2_ws/install/depthimage_to_laserscan/include/depthimage_to_laserscan/depthimage_to_laserscan/DepthImageToLaserScanROS.hpp
[0.679s] -- Up-to-date: /home/mihkel/School/ThesisPractical/ros2_ws/install/depthimage_to_laserscan/include/depthimage_to_laserscan/depthimage_to_laserscan/depth_traits.hpp
[0.679s] -- Up-to-date: /home/mihkel/School/ThesisPractical/ros2_ws/install/depthimage_to_laserscan/share/depthimage_to_laserscan//launch
[0.680s] -- Up-to-date: /home/mihkel/School/ThesisPractical/ros2_ws/install/depthimage_to_laserscan/share/depthimage_to_laserscan//launch/depthimage_to_laserscan-launch.py
[0.680s] -- Up-to-date: /home/mihkel/School/ThesisPractical/ros2_ws/install/depthimage_to_laserscan/share/depthimage_to_laserscan//launch/depthimage_to_laserscan_composed-launch.py
[0.680s] -- Up-to-date: /home/mihkel/School/ThesisPractical/ros2_ws/install/depthimage_to_laserscan/share/depthimage_to_laserscan//cfg
[0.680s] -- Up-to-date: /home/mihkel/School/ThesisPractical/ros2_ws/install/depthimage_to_laserscan/share/depthimage_to_laserscan//cfg/param.yaml
[0.681s] -- Up-to-date: /home/mihkel/School/ThesisPractical/ros2_ws/install/depthimage_to_laserscan/lib/libDepthImageToLaserScan.so
[0.681s] -- Up-to-date: /home/mihkel/School/ThesisPractical/ros2_ws/install/depthimage_to_laserscan/lib/libDepthImageToLaserScanROS.so
[0.682s] -- Up-to-date: /home/mihkel/School/ThesisPractical/ros2_ws/install/depthimage_to_laserscan/lib/depthimage_to_laserscan/depthimage_to_laserscan_node
[0.682s] -- Up-to-date: /home/mihkel/School/ThesisPractical/ros2_ws/install/depthimage_to_laserscan/include/depthimage_to_laserscan/depthimage_to_laserscan/DepthImageToLaserScan_export.h
[0.682s] -- Up-to-date: /home/mihkel/School/ThesisPractical/ros2_ws/install/depthimage_to_laserscan/include/depthimage_to_laserscan/depthimage_to_laserscan/DepthImageToLaserScanROS_export.h
[0.682s] -- Up-to-date: /home/mihkel/School/ThesisPractical/ros2_ws/install/depthimage_to_laserscan/share/depthimage_to_laserscan/environment/library_path.sh
[0.683s] -- Up-to-date: /home/mihkel/School/ThesisPractical/ros2_ws/install/depthimage_to_laserscan/share/depthimage_to_laserscan/environment/library_path.dsv
[0.683s] -- Up-to-date: /home/mihkel/School/ThesisPractical/ros2_ws/install/depthimage_to_laserscan/share/ament_index/resource_index/package_run_dependencies/depthimage_to_laserscan
[0.683s] -- Up-to-date: /home/mihkel/School/ThesisPractical/ros2_ws/install/depthimage_to_laserscan/share/ament_index/resource_index/parent_prefix_path/depthimage_to_laserscan
[0.684s] -- Up-to-date: /home/mihkel/School/ThesisPractical/ros2_ws/install/depthimage_to_laserscan/share/depthimage_to_laserscan/environment/ament_prefix_path.sh
[0.684s] -- Up-to-date: /home/mihkel/School/ThesisPractical/ros2_ws/install/depthimage_to_laserscan/share/depthimage_to_laserscan/environment/ament_prefix_path.dsv
[0.684s] -- Up-to-date: /home/mihkel/School/ThesisPractical/ros2_ws/install/depthimage_to_laserscan/share/depthimage_to_laserscan/environment/path.sh
[0.685s] -- Up-to-date: /home/mihkel/School/ThesisPractical/ros2_ws/install/depthimage_to_laserscan/share/depthimage_to_laserscan/environment/path.dsv
[0.685s] -- Up-to-date: /home/mihkel/School/ThesisPractical/ros2_ws/install/depthimage_to_laserscan/share/depthimage_to_laserscan/local_setup.bash
[0.685s] -- Up-to-date: /home/mihkel/School/ThesisPractical/ros2_ws/install/depthimage_to_laserscan/share/depthimage_to_laserscan/local_setup.sh
[0.685s] -- Up-to-date: /home/mihkel/School/ThesisPractical/ros2_ws/install/depthimage_to_laserscan/share/depthimage_to_laserscan/local_setup.zsh
[0.685s] -- Up-to-date: /home/mihkel/School/ThesisPractical/ros2_ws/install/depthimage_to_laserscan/share/depthimage_to_laserscan/local_setup.dsv
[0.685s] -- Installing: /home/mihkel/School/ThesisPractical/ros2_ws/install/depthimage_to_laserscan/share/depthimage_to_laserscan/package.dsv
[0.686s] -- Up-to-date: /home/mihkel/School/ThesisPractical/ros2_ws/install/depthimage_to_laserscan/share/ament_index/resource_index/packages/depthimage_to_laserscan
[0.686s] -- Up-to-date: /home/mihkel/School/ThesisPractical/ros2_ws/install/depthimage_to_laserscan/share/ament_index/resource_index/rclcpp_components/depthimage_to_laserscan
[0.686s] -- Up-to-date: /home/mihkel/School/ThesisPractical/ros2_ws/install/depthimage_to_laserscan/share/depthimage_to_laserscan/cmake/export_depthimage_to_laserscanExport.cmake
[0.686s] -- Up-to-date: /home/mihkel/School/ThesisPractical/ros2_ws/install/depthimage_to_laserscan/share/depthimage_to_laserscan/cmake/export_depthimage_to_laserscanExport-noconfig.cmake
[0.686s] -- Up-to-date: /home/mihkel/School/ThesisPractical/ros2_ws/install/depthimage_to_laserscan/share/depthimage_to_laserscan/cmake/ament_cmake_export_include_directories-extras.cmake
[0.687s] -- Up-to-date: /home/mihkel/School/ThesisPractical/ros2_ws/install/depthimage_to_laserscan/share/depthimage_to_laserscan/cmake/ament_cmake_export_libraries-extras.cmake
[0.688s] -- Up-to-date: /home/mihkel/School/ThesisPractical/ros2_ws/install/depthimage_to_laserscan/share/depthimage_to_laserscan/cmake/ament_cmake_export_targets-extras.cmake
[0.688s] -- Up-to-date: /home/mihkel/School/ThesisPractical/ros2_ws/install/depthimage_to_laserscan/share/depthimage_to_laserscan/cmake/ament_cmake_export_dependencies-extras.cmake
[0.688s] -- Up-to-date: /home/mihkel/School/ThesisPractical/ros2_ws/install/depthimage_to_laserscan/share/depthimage_to_laserscan/cmake/depthimage_to_laserscanConfig.cmake
[0.690s] -- Up-to-date: /home/mihkel/School/ThesisPractical/ros2_ws/install/depthimage_to_laserscan/share/depthimage_to_laserscan/cmake/depthimage_to_laserscanConfig-version.cmake
[0.690s] -- Up-to-date: /home/mihkel/School/ThesisPractical/ros2_ws/install/depthimage_to_laserscan/share/depthimage_to_laserscan/package.xml
[0.691s] Invoked command in '/home/mihkel/School/ThesisPractical/ros2_ws/build/depthimage_to_laserscan' returned '0': CMAKE_PREFIX_PATH=${CMAKE_PREFIX_PATH}:/home/mihkel/School/ThesisPractical/ros2_ws/install/hospital_carrier:/opt/ros/humble /usr/bin/cmake --install /home/mihkel/School/ThesisPractical/ros2_ws/build/depthimage_to_laserscan
