[0.348s] Invoking command in '/home/mihkel/School/ros-packages/nav2_ws/build/dwb_critics': AMENT_PREFIX_PATH=/home/mihkel/School/ros-packages/nav2_ws/install/dwb_core:/home/mihkel/School/ros-packages/nav2_ws/install/nav2_core:/home/mihkel/School/ros-packages/nav2_ws/install/costmap_queue:/home/mihkel/School/ros-packages/nav2_ws/install/nav2_costmap_2d:/home/mihkel/School/ros-packages/nav2_ws/install/nav_2d_utils:/home/mihkel/School/ros-packages/nav2_ws/install/nav2_util:/home/mihkel/School/ros-packages/nav2_ws/install/nav2_voxel_grid:/home/mihkel/School/ros-packages/nav2_ws/install/nav2_msgs:/home/mihkel/School/ros-packages/nav2_ws/install/dwb_msgs:/home/mihkel/School/ros-packages/nav2_ws/install/bondcpp:/home/mihkel/School/ros-packages/nav2_ws/install/smclib:/home/mihkel/School/ros-packages/nav2_ws/install/nav_2d_msgs:/home/mihkel/School/ros-packages/nav2_ws/install/nav2_common:/home/mihkel/School/ros-packages/nav2_ws/install/bond:${AMENT_PREFIX_PATH} CMAKE_PREFIX_PATH=/home/mihkel/School/ros-packages/nav2_ws/install/dwb_core:/home/mihkel/School/ros-packages/nav2_ws/install/nav2_core:/home/mihkel/School/ros-packages/nav2_ws/install/costmap_queue:/home/mihkel/School/ros-packages/nav2_ws/install/nav2_costmap_2d:/home/mihkel/School/ros-packages/nav2_ws/install/nav_2d_utils:/home/mihkel/School/ros-packages/nav2_ws/install/nav2_util:/home/mihkel/School/ros-packages/nav2_ws/install/nav2_voxel_grid:/home/mihkel/School/ros-packages/nav2_ws/install/nav2_msgs:/home/mihkel/School/ros-packages/nav2_ws/install/dwb_msgs:/home/mihkel/School/ros-packages/nav2_ws/install/bondcpp:/home/mihkel/School/ros-packages/nav2_ws/install/smclib:/home/mihkel/School/ros-packages/nav2_ws/install/nav_2d_msgs:/home/mihkel/School/ros-packages/nav2_ws/install/nav2_common:/home/mihkel/School/ros-packages/nav2_ws/install/bond:/opt/ros/humble LD_LIBRARY_PATH=/home/mihkel/School/ros-packages/nav2_ws/install/dwb_core/lib:/home/mihkel/School/ros-packages/nav2_ws/install/costmap_queue/lib:/home/mihkel/School/ros-packages/nav2_ws/install/nav2_costmap_2d/lib:/home/mihkel/School/ros-packages/nav2_ws/install/nav_2d_utils/lib:/home/mihkel/School/ros-packages/nav2_ws/install/nav2_util/lib:/home/mihkel/School/ros-packages/nav2_ws/install/nav2_voxel_grid/lib:/home/mihkel/School/ros-packages/nav2_ws/install/nav2_msgs/lib:/home/mihkel/School/ros-packages/nav2_ws/install/dwb_msgs/lib:/home/mihkel/School/ros-packages/nav2_ws/install/bondcpp/lib:/home/mihkel/School/ros-packages/nav2_ws/install/nav_2d_msgs/lib:/home/mihkel/School/ros-packages/nav2_ws/install/bond/lib:${LD_LIBRARY_PATH} PYTHONPATH=/home/mihkel/School/ros-packages/nav2_ws/install/nav2_msgs/local/lib/python3.10/dist-packages:/home/mihkel/School/ros-packages/nav2_ws/install/dwb_msgs/local/lib/python3.10/dist-packages:/home/mihkel/School/ros-packages/nav2_ws/install/smclib/local/lib/python3.10/dist-packages:/home/mihkel/School/ros-packages/nav2_ws/install/nav_2d_msgs/local/lib/python3.10/dist-packages:/home/mihkel/School/ros-packages/nav2_ws/install/nav2_common/local/lib/python3.10/dist-packages:/home/mihkel/School/ros-packages/nav2_ws/install/bond/local/lib/python3.10/dist-packages:${PYTHONPATH} /home/mihkel/.local/bin/cmake /home/mihkel/School/ros-packages/nav2_ws/src/navigation2/nav2_dwb_controller/dwb_critics -DAMENT_CMAKE_SYMLINK_INSTALL=1 -DCMAKE_INSTALL_PREFIX=/home/mihkel/School/ros-packages/nav2_ws/install/dwb_critics
[0.598s] -- The C compiler identification is GNU 11.4.0
[0.784s] -- The CXX compiler identification is GNU 11.4.0
[0.829s] -- Detecting C compiler ABI info
[1.003s] -- Detecting C compiler ABI info - done
[1.057s] -- Check for working C compiler: /usr/bin/cc - skipped
[1.058s] -- Detecting C compile features
[1.059s] -- Detecting C compile features - done
[1.085s] -- Detecting CXX compiler ABI info
[1.293s] -- Detecting CXX compiler ABI info - done
[1.332s] -- Check for working CXX compiler: /usr/bin/c++ - skipped
[1.333s] -- Detecting CXX compile features
[1.335s] -- Detecting CXX compile features - done
[1.347s] -- Found ament_cmake: 1.3.6 (/opt/ros/humble/share/ament_cmake/cmake)
[5.149s] -- Found Python3: /usr/bin/python3.10 (found version "3.10.12") found components: Interpreter 
[5.384s] -- Override CMake install command with custom implementation using symlinks instead of copying resources
[5.567s] -- Found nav2_common: 1.1.12 (/home/mihkel/School/ros-packages/nav2_ws/install/nav2_common/share/nav2_common/cmake)
[5.576s] -- Found angles: 1.15.0 (/opt/ros/humble/share/angles/cmake)
[5.584s] -- Found nav2_costmap_2d: 1.1.12 (/home/mihkel/School/ros-packages/nav2_ws/install/nav2_costmap_2d/share/nav2_costmap_2d/cmake)
[5.784s] -- Found rosidl_generator_c: 3.1.5 (/opt/ros/humble/share/rosidl_generator_c/cmake)
[5.811s] -- Found rosidl_adapter: 3.1.5 (/opt/ros/humble/share/rosidl_adapter/cmake)
[5.852s] -- Found rosidl_generator_cpp: 3.1.5 (/opt/ros/humble/share/rosidl_generator_cpp/cmake)
[5.919s] -- Using all available rosidl_typesupport_c: rosidl_typesupport_fastrtps_c;rosidl_typesupport_introspection_c
[6.022s] -- Using all available rosidl_typesupport_cpp: rosidl_typesupport_fastrtps_cpp;rosidl_typesupport_introspection_cpp
[6.934s] -- Found rmw_implementation_cmake: 6.1.1 (/opt/ros/humble/share/rmw_implementation_cmake/cmake)
[6.948s] -- Found rmw_fastrtps_cpp: 6.2.5 (/opt/ros/humble/share/rmw_fastrtps_cpp/cmake)
[7.359s] -- Found OpenSSL: /usr/lib/x86_64-linux-gnu/libcrypto.so (found version "3.0.2")  
[7.488s] -- Found FastRTPS: /opt/ros/humble/include  
[7.677s] -- Using RMW implementation 'rmw_fastrtps_cpp' as default
[7.727s] -- Performing Test CMAKE_HAVE_LIBC_PTHREAD
[7.924s] -- Performing Test CMAKE_HAVE_LIBC_PTHREAD - Success
[7.928s] -- Found Threads: TRUE  
[12.135s] -- Found Eigen3: TRUE (found version "3.4.0") 
[12.135s] -- Ensuring Eigen3 include directory is part of orocos-kdl CMake target
[15.417s] -- Found costmap_queue: 1.1.12 (/home/mihkel/School/ros-packages/nav2_ws/install/costmap_queue/share/costmap_queue/cmake)
[15.423s] -- Found dwb_core: 1.1.12 (/home/mihkel/School/ros-packages/nav2_ws/install/dwb_core/share/dwb_core/cmake)
[29.115s] -- Setting build type to Release as none was specified.
[54.144s] -- Found ament_lint_auto: 0.12.9 (/opt/ros/humble/share/ament_lint_auto/cmake)
[54.431s] -- Found gtest sources under '/opt/ros/humble/src/gtest_vendor': C++ tests using 'Google Test' will be built
[54.482s] -- Added test 'cppcheck' to perform static code analysis on C / C++ code
[54.483s] -- Configured cppcheck include dirs: /home/mihkel/School/ros-packages/nav2_ws/src/navigation2/nav2_dwb_controller/dwb_critics/include
[54.483s] -- Configured cppcheck exclude dirs and/or files: 
[54.488s] -- Added test 'cpplint' to check C / C++ code against the Google style
[54.488s] -- Configured cpplint exclude dirs and/or files: 
[54.491s] -- Added test 'lint_cmake' to check CMake code style
[54.497s] -- Added test 'uncrustify' to check C / C++ code style
[54.497s] -- Configured uncrustify additional arguments: 
[54.499s] -- Added test 'xmllint' to check XML markup files
[54.509s] -- Configuring done (54.1s)
[55.019s] -- Generating done (0.5s)
[55.027s] -- Build files have been written to: /home/mihkel/School/ros-packages/nav2_ws/build/dwb_critics
[55.072s] Invoked command in '/home/mihkel/School/ros-packages/nav2_ws/build/dwb_critics' returned '0': AMENT_PREFIX_PATH=/home/mihkel/School/ros-packages/nav2_ws/install/dwb_core:/home/mihkel/School/ros-packages/nav2_ws/install/nav2_core:/home/mihkel/School/ros-packages/nav2_ws/install/costmap_queue:/home/mihkel/School/ros-packages/nav2_ws/install/nav2_costmap_2d:/home/mihkel/School/ros-packages/nav2_ws/install/nav_2d_utils:/home/mihkel/School/ros-packages/nav2_ws/install/nav2_util:/home/mihkel/School/ros-packages/nav2_ws/install/nav2_voxel_grid:/home/mihkel/School/ros-packages/nav2_ws/install/nav2_msgs:/home/mihkel/School/ros-packages/nav2_ws/install/dwb_msgs:/home/mihkel/School/ros-packages/nav2_ws/install/bondcpp:/home/mihkel/School/ros-packages/nav2_ws/install/smclib:/home/mihkel/School/ros-packages/nav2_ws/install/nav_2d_msgs:/home/mihkel/School/ros-packages/nav2_ws/install/nav2_common:/home/mihkel/School/ros-packages/nav2_ws/install/bond:${AMENT_PREFIX_PATH} CMAKE_PREFIX_PATH=/home/mihkel/School/ros-packages/nav2_ws/install/dwb_core:/home/mihkel/School/ros-packages/nav2_ws/install/nav2_core:/home/mihkel/School/ros-packages/nav2_ws/install/costmap_queue:/home/mihkel/School/ros-packages/nav2_ws/install/nav2_costmap_2d:/home/mihkel/School/ros-packages/nav2_ws/install/nav_2d_utils:/home/mihkel/School/ros-packages/nav2_ws/install/nav2_util:/home/mihkel/School/ros-packages/nav2_ws/install/nav2_voxel_grid:/home/mihkel/School/ros-packages/nav2_ws/install/nav2_msgs:/home/mihkel/School/ros-packages/nav2_ws/install/dwb_msgs:/home/mihkel/School/ros-packages/nav2_ws/install/bondcpp:/home/mihkel/School/ros-packages/nav2_ws/install/smclib:/home/mihkel/School/ros-packages/nav2_ws/install/nav_2d_msgs:/home/mihkel/School/ros-packages/nav2_ws/install/nav2_common:/home/mihkel/School/ros-packages/nav2_ws/install/bond:/opt/ros/humble LD_LIBRARY_PATH=/home/mihkel/School/ros-packages/nav2_ws/install/dwb_core/lib:/home/mihkel/School/ros-packages/nav2_ws/install/costmap_queue/lib:/home/mihkel/School/ros-packages/nav2_ws/install/nav2_costmap_2d/lib:/home/mihkel/School/ros-packages/nav2_ws/install/nav_2d_utils/lib:/home/mihkel/School/ros-packages/nav2_ws/install/nav2_util/lib:/home/mihkel/School/ros-packages/nav2_ws/install/nav2_voxel_grid/lib:/home/mihkel/School/ros-packages/nav2_ws/install/nav2_msgs/lib:/home/mihkel/School/ros-packages/nav2_ws/install/dwb_msgs/lib:/home/mihkel/School/ros-packages/nav2_ws/install/bondcpp/lib:/home/mihkel/School/ros-packages/nav2_ws/install/nav_2d_msgs/lib:/home/mihkel/School/ros-packages/nav2_ws/install/bond/lib:${LD_LIBRARY_PATH} PYTHONPATH=/home/mihkel/School/ros-packages/nav2_ws/install/nav2_msgs/local/lib/python3.10/dist-packages:/home/mihkel/School/ros-packages/nav2_ws/install/dwb_msgs/local/lib/python3.10/dist-packages:/home/mihkel/School/ros-packages/nav2_ws/install/smclib/local/lib/python3.10/dist-packages:/home/mihkel/School/ros-packages/nav2_ws/install/nav_2d_msgs/local/lib/python3.10/dist-packages:/home/mihkel/School/ros-packages/nav2_ws/install/nav2_common/local/lib/python3.10/dist-packages:/home/mihkel/School/ros-packages/nav2_ws/install/bond/local/lib/python3.10/dist-packages:${PYTHONPATH} /home/mihkel/.local/bin/cmake /home/mihkel/School/ros-packages/nav2_ws/src/navigation2/nav2_dwb_controller/dwb_critics -DAMENT_CMAKE_SYMLINK_INSTALL=1 -DCMAKE_INSTALL_PREFIX=/home/mihkel/School/ros-packages/nav2_ws/install/dwb_critics
[55.076s] Invoking command in '/home/mihkel/School/ros-packages/nav2_ws/build/dwb_critics': AMENT_PREFIX_PATH=/home/mihkel/School/ros-packages/nav2_ws/install/dwb_core:/home/mihkel/School/ros-packages/nav2_ws/install/nav2_core:/home/mihkel/School/ros-packages/nav2_ws/install/costmap_queue:/home/mihkel/School/ros-packages/nav2_ws/install/nav2_costmap_2d:/home/mihkel/School/ros-packages/nav2_ws/install/nav_2d_utils:/home/mihkel/School/ros-packages/nav2_ws/install/nav2_util:/home/mihkel/School/ros-packages/nav2_ws/install/nav2_voxel_grid:/home/mihkel/School/ros-packages/nav2_ws/install/nav2_msgs:/home/mihkel/School/ros-packages/nav2_ws/install/dwb_msgs:/home/mihkel/School/ros-packages/nav2_ws/install/bondcpp:/home/mihkel/School/ros-packages/nav2_ws/install/smclib:/home/mihkel/School/ros-packages/nav2_ws/install/nav_2d_msgs:/home/mihkel/School/ros-packages/nav2_ws/install/nav2_common:/home/mihkel/School/ros-packages/nav2_ws/install/bond:${AMENT_PREFIX_PATH} CMAKE_PREFIX_PATH=/home/mihkel/School/ros-packages/nav2_ws/install/dwb_core:/home/mihkel/School/ros-packages/nav2_ws/install/nav2_core:/home/mihkel/School/ros-packages/nav2_ws/install/costmap_queue:/home/mihkel/School/ros-packages/nav2_ws/install/nav2_costmap_2d:/home/mihkel/School/ros-packages/nav2_ws/install/nav_2d_utils:/home/mihkel/School/ros-packages/nav2_ws/install/nav2_util:/home/mihkel/School/ros-packages/nav2_ws/install/nav2_voxel_grid:/home/mihkel/School/ros-packages/nav2_ws/install/nav2_msgs:/home/mihkel/School/ros-packages/nav2_ws/install/dwb_msgs:/home/mihkel/School/ros-packages/nav2_ws/install/bondcpp:/home/mihkel/School/ros-packages/nav2_ws/install/smclib:/home/mihkel/School/ros-packages/nav2_ws/install/nav_2d_msgs:/home/mihkel/School/ros-packages/nav2_ws/install/nav2_common:/home/mihkel/School/ros-packages/nav2_ws/install/bond:/opt/ros/humble LD_LIBRARY_PATH=/home/mihkel/School/ros-packages/nav2_ws/install/dwb_core/lib:/home/mihkel/School/ros-packages/nav2_ws/install/costmap_queue/lib:/home/mihkel/School/ros-packages/nav2_ws/install/nav2_costmap_2d/lib:/home/mihkel/School/ros-packages/nav2_ws/install/nav_2d_utils/lib:/home/mihkel/School/ros-packages/nav2_ws/install/nav2_util/lib:/home/mihkel/School/ros-packages/nav2_ws/install/nav2_voxel_grid/lib:/home/mihkel/School/ros-packages/nav2_ws/install/nav2_msgs/lib:/home/mihkel/School/ros-packages/nav2_ws/install/dwb_msgs/lib:/home/mihkel/School/ros-packages/nav2_ws/install/bondcpp/lib:/home/mihkel/School/ros-packages/nav2_ws/install/nav_2d_msgs/lib:/home/mihkel/School/ros-packages/nav2_ws/install/bond/lib:${LD_LIBRARY_PATH} PYTHONPATH=/home/mihkel/School/ros-packages/nav2_ws/install/nav2_msgs/local/lib/python3.10/dist-packages:/home/mihkel/School/ros-packages/nav2_ws/install/dwb_msgs/local/lib/python3.10/dist-packages:/home/mihkel/School/ros-packages/nav2_ws/install/smclib/local/lib/python3.10/dist-packages:/home/mihkel/School/ros-packages/nav2_ws/install/nav_2d_msgs/local/lib/python3.10/dist-packages:/home/mihkel/School/ros-packages/nav2_ws/install/nav2_common/local/lib/python3.10/dist-packages:/home/mihkel/School/ros-packages/nav2_ws/install/bond/local/lib/python3.10/dist-packages:${PYTHONPATH} /home/mihkel/.local/bin/cmake --build /home/mihkel/School/ros-packages/nav2_ws/build/dwb_critics -- -j12 -l12
[55.206s] [  3%] [32mBuilding CXX object gtest/CMakeFiles/gtest_main.dir/src/gtest_main.cc.o[0m
[55.206s] [  7%] [32mBuilding CXX object gtest/CMakeFiles/gtest.dir/src/gtest-all.cc.o[0m
[55.213s] [ 14%] [32mBuilding CXX object CMakeFiles/dwb_critics.dir/src/alignment_util.cpp.o[0m
[55.213s] [ 14%] [32mBuilding CXX object CMakeFiles/dwb_critics.dir/src/map_grid.cpp.o[0m
[55.214s] [ 18%] [32mBuilding CXX object CMakeFiles/dwb_critics.dir/src/goal_dist.cpp.o[0m
[55.214s] [ 22%] [32mBuilding CXX object CMakeFiles/dwb_critics.dir/src/path_dist.cpp.o[0m
[55.215s] [ 25%] [32mBuilding CXX object CMakeFiles/dwb_critics.dir/src/goal_align.cpp.o[0m
[55.216s] [ 29%] [32mBuilding CXX object CMakeFiles/dwb_critics.dir/src/path_align.cpp.o[0m
[55.217s] [ 33%] [32mBuilding CXX object CMakeFiles/dwb_critics.dir/src/base_obstacle.cpp.o[0m
[55.219s] [ 37%] [32mBuilding CXX object CMakeFiles/dwb_critics.dir/src/obstacle_footprint.cpp.o[0m
[55.220s] [ 40%] [32mBuilding CXX object CMakeFiles/dwb_critics.dir/src/oscillation.cpp.o[0m
[55.222s] [ 44%] [32mBuilding CXX object CMakeFiles/dwb_critics.dir/src/prefer_forward.cpp.o[0m
[59.061s] [ 48%] [32mBuilding CXX object CMakeFiles/dwb_critics.dir/src/rotate_to_goal.cpp.o[0m
[60.720s] [ 51%] [32m[1mLinking CXX static library libgtest_main.a[0m
[60.933s] [ 51%] Built target gtest_main
[60.985s] [ 55%] [32mBuilding CXX object CMakeFiles/dwb_critics.dir/src/twirling.cpp.o[0m
[89.614s] [ 59%] [32m[1mLinking CXX shared library libdwb_critics.so[0m
[90.364s] [ 59%] Built target dwb_critics
[95.010s] [ 62%] [32m[1mLinking CXX static library libgtest.a[0m
[95.064s] [ 62%] Built target gtest
[95.095s] [ 66%] [32mBuilding CXX object test/CMakeFiles/prefer_forward_tests.dir/prefer_forward_test.cpp.o[0m
[95.097s] [ 70%] [32mBuilding CXX object test/CMakeFiles/obstacle_footprint_tests.dir/obstacle_footprint_test.cpp.o[0m
[95.098s] [ 74%] [32mBuilding CXX object test/CMakeFiles/alignment_util_tests.dir/alignment_util_test.cpp.o[0m
[95.100s] [ 77%] [32mBuilding CXX object test/CMakeFiles/base_obstacle_tests.dir/base_obstacle_test.cpp.o[0m
[95.105s] [ 81%] [32mBuilding CXX object test/CMakeFiles/twirling_tests.dir/twirling_test.cpp.o[0m
[117.886s] [ 85%] [32m[1mLinking CXX executable alignment_util_tests[0m
[118.954s] [ 85%] Built target alignment_util_tests
[126.444s] [ 88%] [32m[1mLinking CXX executable twirling_tests[0m
[127.400s] [ 88%] Built target twirling_tests
[127.411s] [ 92%] [32m[1mLinking CXX executable base_obstacle_tests[0m
[128.369s] [ 92%] Built target base_obstacle_tests
[128.370s] [ 96%] [32m[1mLinking CXX executable obstacle_footprint_tests[0m
[129.171s] [100%] [32m[1mLinking CXX executable prefer_forward_tests[0m
[129.331s] [100%] Built target obstacle_footprint_tests
[130.089s] [100%] Built target prefer_forward_tests
[130.121s] Invoked command in '/home/mihkel/School/ros-packages/nav2_ws/build/dwb_critics' returned '0': AMENT_PREFIX_PATH=/home/mihkel/School/ros-packages/nav2_ws/install/dwb_core:/home/mihkel/School/ros-packages/nav2_ws/install/nav2_core:/home/mihkel/School/ros-packages/nav2_ws/install/costmap_queue:/home/mihkel/School/ros-packages/nav2_ws/install/nav2_costmap_2d:/home/mihkel/School/ros-packages/nav2_ws/install/nav_2d_utils:/home/mihkel/School/ros-packages/nav2_ws/install/nav2_util:/home/mihkel/School/ros-packages/nav2_ws/install/nav2_voxel_grid:/home/mihkel/School/ros-packages/nav2_ws/install/nav2_msgs:/home/mihkel/School/ros-packages/nav2_ws/install/dwb_msgs:/home/mihkel/School/ros-packages/nav2_ws/install/bondcpp:/home/mihkel/School/ros-packages/nav2_ws/install/smclib:/home/mihkel/School/ros-packages/nav2_ws/install/nav_2d_msgs:/home/mihkel/School/ros-packages/nav2_ws/install/nav2_common:/home/mihkel/School/ros-packages/nav2_ws/install/bond:${AMENT_PREFIX_PATH} CMAKE_PREFIX_PATH=/home/mihkel/School/ros-packages/nav2_ws/install/dwb_core:/home/mihkel/School/ros-packages/nav2_ws/install/nav2_core:/home/mihkel/School/ros-packages/nav2_ws/install/costmap_queue:/home/mihkel/School/ros-packages/nav2_ws/install/nav2_costmap_2d:/home/mihkel/School/ros-packages/nav2_ws/install/nav_2d_utils:/home/mihkel/School/ros-packages/nav2_ws/install/nav2_util:/home/mihkel/School/ros-packages/nav2_ws/install/nav2_voxel_grid:/home/mihkel/School/ros-packages/nav2_ws/install/nav2_msgs:/home/mihkel/School/ros-packages/nav2_ws/install/dwb_msgs:/home/mihkel/School/ros-packages/nav2_ws/install/bondcpp:/home/mihkel/School/ros-packages/nav2_ws/install/smclib:/home/mihkel/School/ros-packages/nav2_ws/install/nav_2d_msgs:/home/mihkel/School/ros-packages/nav2_ws/install/nav2_common:/home/mihkel/School/ros-packages/nav2_ws/install/bond:/opt/ros/humble LD_LIBRARY_PATH=/home/mihkel/School/ros-packages/nav2_ws/install/dwb_core/lib:/home/mihkel/School/ros-packages/nav2_ws/install/costmap_queue/lib:/home/mihkel/School/ros-packages/nav2_ws/install/nav2_costmap_2d/lib:/home/mihkel/School/ros-packages/nav2_ws/install/nav_2d_utils/lib:/home/mihkel/School/ros-packages/nav2_ws/install/nav2_util/lib:/home/mihkel/School/ros-packages/nav2_ws/install/nav2_voxel_grid/lib:/home/mihkel/School/ros-packages/nav2_ws/install/nav2_msgs/lib:/home/mihkel/School/ros-packages/nav2_ws/install/dwb_msgs/lib:/home/mihkel/School/ros-packages/nav2_ws/install/bondcpp/lib:/home/mihkel/School/ros-packages/nav2_ws/install/nav_2d_msgs/lib:/home/mihkel/School/ros-packages/nav2_ws/install/bond/lib:${LD_LIBRARY_PATH} PYTHONPATH=/home/mihkel/School/ros-packages/nav2_ws/install/nav2_msgs/local/lib/python3.10/dist-packages:/home/mihkel/School/ros-packages/nav2_ws/install/dwb_msgs/local/lib/python3.10/dist-packages:/home/mihkel/School/ros-packages/nav2_ws/install/smclib/local/lib/python3.10/dist-packages:/home/mihkel/School/ros-packages/nav2_ws/install/nav_2d_msgs/local/lib/python3.10/dist-packages:/home/mihkel/School/ros-packages/nav2_ws/install/nav2_common/local/lib/python3.10/dist-packages:/home/mihkel/School/ros-packages/nav2_ws/install/bond/local/lib/python3.10/dist-packages:${PYTHONPATH} /home/mihkel/.local/bin/cmake --build /home/mihkel/School/ros-packages/nav2_ws/build/dwb_critics -- -j12 -l12
[130.341s] Invoking command in '/home/mihkel/School/ros-packages/nav2_ws/build/dwb_critics': AMENT_PREFIX_PATH=/home/mihkel/School/ros-packages/nav2_ws/install/dwb_core:/home/mihkel/School/ros-packages/nav2_ws/install/nav2_core:/home/mihkel/School/ros-packages/nav2_ws/install/costmap_queue:/home/mihkel/School/ros-packages/nav2_ws/install/nav2_costmap_2d:/home/mihkel/School/ros-packages/nav2_ws/install/nav_2d_utils:/home/mihkel/School/ros-packages/nav2_ws/install/nav2_util:/home/mihkel/School/ros-packages/nav2_ws/install/nav2_voxel_grid:/home/mihkel/School/ros-packages/nav2_ws/install/nav2_msgs:/home/mihkel/School/ros-packages/nav2_ws/install/dwb_msgs:/home/mihkel/School/ros-packages/nav2_ws/install/bondcpp:/home/mihkel/School/ros-packages/nav2_ws/install/smclib:/home/mihkel/School/ros-packages/nav2_ws/install/nav_2d_msgs:/home/mihkel/School/ros-packages/nav2_ws/install/nav2_common:/home/mihkel/School/ros-packages/nav2_ws/install/bond:${AMENT_PREFIX_PATH} CMAKE_PREFIX_PATH=/home/mihkel/School/ros-packages/nav2_ws/install/dwb_core:/home/mihkel/School/ros-packages/nav2_ws/install/nav2_core:/home/mihkel/School/ros-packages/nav2_ws/install/costmap_queue:/home/mihkel/School/ros-packages/nav2_ws/install/nav2_costmap_2d:/home/mihkel/School/ros-packages/nav2_ws/install/nav_2d_utils:/home/mihkel/School/ros-packages/nav2_ws/install/nav2_util:/home/mihkel/School/ros-packages/nav2_ws/install/nav2_voxel_grid:/home/mihkel/School/ros-packages/nav2_ws/install/nav2_msgs:/home/mihkel/School/ros-packages/nav2_ws/install/dwb_msgs:/home/mihkel/School/ros-packages/nav2_ws/install/bondcpp:/home/mihkel/School/ros-packages/nav2_ws/install/smclib:/home/mihkel/School/ros-packages/nav2_ws/install/nav_2d_msgs:/home/mihkel/School/ros-packages/nav2_ws/install/nav2_common:/home/mihkel/School/ros-packages/nav2_ws/install/bond:/opt/ros/humble LD_LIBRARY_PATH=/home/mihkel/School/ros-packages/nav2_ws/install/dwb_core/lib:/home/mihkel/School/ros-packages/nav2_ws/install/costmap_queue/lib:/home/mihkel/School/ros-packages/nav2_ws/install/nav2_costmap_2d/lib:/home/mihkel/School/ros-packages/nav2_ws/install/nav_2d_utils/lib:/home/mihkel/School/ros-packages/nav2_ws/install/nav2_util/lib:/home/mihkel/School/ros-packages/nav2_ws/install/nav2_voxel_grid/lib:/home/mihkel/School/ros-packages/nav2_ws/install/nav2_msgs/lib:/home/mihkel/School/ros-packages/nav2_ws/install/dwb_msgs/lib:/home/mihkel/School/ros-packages/nav2_ws/install/bondcpp/lib:/home/mihkel/School/ros-packages/nav2_ws/install/nav_2d_msgs/lib:/home/mihkel/School/ros-packages/nav2_ws/install/bond/lib:${LD_LIBRARY_PATH} PYTHONPATH=/home/mihkel/School/ros-packages/nav2_ws/install/nav2_msgs/local/lib/python3.10/dist-packages:/home/mihkel/School/ros-packages/nav2_ws/install/dwb_msgs/local/lib/python3.10/dist-packages:/home/mihkel/School/ros-packages/nav2_ws/install/smclib/local/lib/python3.10/dist-packages:/home/mihkel/School/ros-packages/nav2_ws/install/nav_2d_msgs/local/lib/python3.10/dist-packages:/home/mihkel/School/ros-packages/nav2_ws/install/nav2_common/local/lib/python3.10/dist-packages:/home/mihkel/School/ros-packages/nav2_ws/install/bond/local/lib/python3.10/dist-packages:${PYTHONPATH} /home/mihkel/.local/bin/cmake --install /home/mihkel/School/ros-packages/nav2_ws/build/dwb_critics
[130.436s] -- Install configuration: "Release"
[130.438s] -- Execute custom install script
[130.439s] -- Symlinking: /home/mihkel/School/ros-packages/nav2_ws/install/dwb_critics/lib/libdwb_critics.so
[130.450s] -- Symlinking: /home/mihkel/School/ros-packages/nav2_ws/install/dwb_critics/include//dwb_critics/alignment_util.hpp
[130.459s] -- Symlinking: /home/mihkel/School/ros-packages/nav2_ws/install/dwb_critics/include//dwb_critics/base_obstacle.hpp
[130.468s] -- Symlinking: /home/mihkel/School/ros-packages/nav2_ws/install/dwb_critics/include//dwb_critics/goal_align.hpp
[130.477s] -- Symlinking: /home/mihkel/School/ros-packages/nav2_ws/install/dwb_critics/include//dwb_critics/goal_dist.hpp
[130.485s] -- Symlinking: /home/mihkel/School/ros-packages/nav2_ws/install/dwb_critics/include//dwb_critics/line_iterator.hpp
[130.494s] -- Symlinking: /home/mihkel/School/ros-packages/nav2_ws/install/dwb_critics/include//dwb_critics/map_grid.hpp
[130.502s] -- Symlinking: /home/mihkel/School/ros-packages/nav2_ws/install/dwb_critics/include//dwb_critics/obstacle_footprint.hpp
[130.510s] -- Symlinking: /home/mihkel/School/ros-packages/nav2_ws/install/dwb_critics/include//dwb_critics/oscillation.hpp
[130.519s] -- Symlinking: /home/mihkel/School/ros-packages/nav2_ws/install/dwb_critics/include//dwb_critics/path_align.hpp
[130.527s] -- Symlinking: /home/mihkel/School/ros-packages/nav2_ws/install/dwb_critics/include//dwb_critics/path_dist.hpp
[130.535s] -- Symlinking: /home/mihkel/School/ros-packages/nav2_ws/install/dwb_critics/include//dwb_critics/prefer_forward.hpp
[130.544s] -- Symlinking: /home/mihkel/School/ros-packages/nav2_ws/install/dwb_critics/include//dwb_critics/rotate_to_goal.hpp
[130.553s] -- Symlinking: /home/mihkel/School/ros-packages/nav2_ws/install/dwb_critics/include//dwb_critics/twirling.hpp
[130.562s] -- Symlinking: /home/mihkel/School/ros-packages/nav2_ws/install/dwb_critics/share/dwb_critics/default_critics.xml
[130.570s] -- Symlinking: /home/mihkel/School/ros-packages/nav2_ws/install/dwb_critics/share/dwb_critics/environment/library_path.sh
[130.579s] -- Symlinking: /home/mihkel/School/ros-packages/nav2_ws/install/dwb_critics/share/dwb_critics/environment/library_path.dsv
[130.588s] -- Up-to-date symlink: /home/mihkel/School/ros-packages/nav2_ws/install/dwb_critics/share/dwb_critics//default_critics.xml
[130.588s] -- Symlinking: /home/mihkel/School/ros-packages/nav2_ws/install/dwb_critics/share/ament_index/resource_index/package_run_dependencies/dwb_critics
[130.598s] -- Symlinking: /home/mihkel/School/ros-packages/nav2_ws/install/dwb_critics/share/ament_index/resource_index/parent_prefix_path/dwb_critics
[130.606s] -- Symlinking: /home/mihkel/School/ros-packages/nav2_ws/install/dwb_critics/share/dwb_critics/environment/ament_prefix_path.sh
[130.615s] -- Symlinking: /home/mihkel/School/ros-packages/nav2_ws/install/dwb_critics/share/dwb_critics/environment/ament_prefix_path.dsv
[130.623s] -- Symlinking: /home/mihkel/School/ros-packages/nav2_ws/install/dwb_critics/share/dwb_critics/environment/path.sh
[130.631s] -- Symlinking: /home/mihkel/School/ros-packages/nav2_ws/install/dwb_critics/share/dwb_critics/environment/path.dsv
[130.640s] -- Symlinking: /home/mihkel/School/ros-packages/nav2_ws/install/dwb_critics/share/dwb_critics/local_setup.bash
[130.649s] -- Symlinking: /home/mihkel/School/ros-packages/nav2_ws/install/dwb_critics/share/dwb_critics/local_setup.sh
[130.658s] -- Symlinking: /home/mihkel/School/ros-packages/nav2_ws/install/dwb_critics/share/dwb_critics/local_setup.zsh
[130.667s] -- Symlinking: /home/mihkel/School/ros-packages/nav2_ws/install/dwb_critics/share/dwb_critics/local_setup.dsv
[130.675s] -- Symlinking: /home/mihkel/School/ros-packages/nav2_ws/install/dwb_critics/share/dwb_critics/package.dsv
[130.684s] -- Symlinking: /home/mihkel/School/ros-packages/nav2_ws/install/dwb_critics/share/ament_index/resource_index/packages/dwb_critics
[130.693s] -- Symlinking: /home/mihkel/School/ros-packages/nav2_ws/install/dwb_critics/share/ament_index/resource_index/dwb_core__pluginlib__plugin/dwb_critics
[130.702s] -- Symlinking: /home/mihkel/School/ros-packages/nav2_ws/install/dwb_critics/share/dwb_critics/cmake/ament_cmake_export_include_directories-extras.cmake
[130.710s] -- Symlinking: /home/mihkel/School/ros-packages/nav2_ws/install/dwb_critics/share/dwb_critics/cmake/ament_cmake_export_libraries-extras.cmake
[130.719s] -- Symlinking: /home/mihkel/School/ros-packages/nav2_ws/install/dwb_critics/share/dwb_critics/cmake/ament_cmake_export_dependencies-extras.cmake
[130.727s] -- Symlinking: /home/mihkel/School/ros-packages/nav2_ws/install/dwb_critics/share/dwb_critics/cmake/dwb_criticsConfig.cmake
[130.736s] -- Symlinking: /home/mihkel/School/ros-packages/nav2_ws/install/dwb_critics/share/dwb_critics/cmake/dwb_criticsConfig-version.cmake
[130.744s] -- Symlinking: /home/mihkel/School/ros-packages/nav2_ws/install/dwb_critics/share/dwb_critics/package.xml
[130.773s] Invoked command in '/home/mihkel/School/ros-packages/nav2_ws/build/dwb_critics' returned '0': AMENT_PREFIX_PATH=/home/mihkel/School/ros-packages/nav2_ws/install/dwb_core:/home/mihkel/School/ros-packages/nav2_ws/install/nav2_core:/home/mihkel/School/ros-packages/nav2_ws/install/costmap_queue:/home/mihkel/School/ros-packages/nav2_ws/install/nav2_costmap_2d:/home/mihkel/School/ros-packages/nav2_ws/install/nav_2d_utils:/home/mihkel/School/ros-packages/nav2_ws/install/nav2_util:/home/mihkel/School/ros-packages/nav2_ws/install/nav2_voxel_grid:/home/mihkel/School/ros-packages/nav2_ws/install/nav2_msgs:/home/mihkel/School/ros-packages/nav2_ws/install/dwb_msgs:/home/mihkel/School/ros-packages/nav2_ws/install/bondcpp:/home/mihkel/School/ros-packages/nav2_ws/install/smclib:/home/mihkel/School/ros-packages/nav2_ws/install/nav_2d_msgs:/home/mihkel/School/ros-packages/nav2_ws/install/nav2_common:/home/mihkel/School/ros-packages/nav2_ws/install/bond:${AMENT_PREFIX_PATH} CMAKE_PREFIX_PATH=/home/mihkel/School/ros-packages/nav2_ws/install/dwb_core:/home/mihkel/School/ros-packages/nav2_ws/install/nav2_core:/home/mihkel/School/ros-packages/nav2_ws/install/costmap_queue:/home/mihkel/School/ros-packages/nav2_ws/install/nav2_costmap_2d:/home/mihkel/School/ros-packages/nav2_ws/install/nav_2d_utils:/home/mihkel/School/ros-packages/nav2_ws/install/nav2_util:/home/mihkel/School/ros-packages/nav2_ws/install/nav2_voxel_grid:/home/mihkel/School/ros-packages/nav2_ws/install/nav2_msgs:/home/mihkel/School/ros-packages/nav2_ws/install/dwb_msgs:/home/mihkel/School/ros-packages/nav2_ws/install/bondcpp:/home/mihkel/School/ros-packages/nav2_ws/install/smclib:/home/mihkel/School/ros-packages/nav2_ws/install/nav_2d_msgs:/home/mihkel/School/ros-packages/nav2_ws/install/nav2_common:/home/mihkel/School/ros-packages/nav2_ws/install/bond:/opt/ros/humble LD_LIBRARY_PATH=/home/mihkel/School/ros-packages/nav2_ws/install/dwb_core/lib:/home/mihkel/School/ros-packages/nav2_ws/install/costmap_queue/lib:/home/mihkel/School/ros-packages/nav2_ws/install/nav2_costmap_2d/lib:/home/mihkel/School/ros-packages/nav2_ws/install/nav_2d_utils/lib:/home/mihkel/School/ros-packages/nav2_ws/install/nav2_util/lib:/home/mihkel/School/ros-packages/nav2_ws/install/nav2_voxel_grid/lib:/home/mihkel/School/ros-packages/nav2_ws/install/nav2_msgs/lib:/home/mihkel/School/ros-packages/nav2_ws/install/dwb_msgs/lib:/home/mihkel/School/ros-packages/nav2_ws/install/bondcpp/lib:/home/mihkel/School/ros-packages/nav2_ws/install/nav_2d_msgs/lib:/home/mihkel/School/ros-packages/nav2_ws/install/bond/lib:${LD_LIBRARY_PATH} PYTHONPATH=/home/mihkel/School/ros-packages/nav2_ws/install/nav2_msgs/local/lib/python3.10/dist-packages:/home/mihkel/School/ros-packages/nav2_ws/install/dwb_msgs/local/lib/python3.10/dist-packages:/home/mihkel/School/ros-packages/nav2_ws/install/smclib/local/lib/python3.10/dist-packages:/home/mihkel/School/ros-packages/nav2_ws/install/nav_2d_msgs/local/lib/python3.10/dist-packages:/home/mihkel/School/ros-packages/nav2_ws/install/nav2_common/local/lib/python3.10/dist-packages:/home/mihkel/School/ros-packages/nav2_ws/install/bond/local/lib/python3.10/dist-packages:${PYTHONPATH} /home/mihkel/.local/bin/cmake --install /home/mihkel/School/ros-packages/nav2_ws/build/dwb_critics
