[2.326s] Invoking command in '/home/mihkel/School/ThesisPractical/ros2_ws/src/robot_ros2': CMAKE_PREFIX_PATH=/home/mihkel/School/ThesisPractical/ros2_ws/install/robot_ros2_msgs:/home/mihkel/School/ThesisPractical/ros2_ws/install/tsl-robin-map:/home/mihkel/School/ThesisPractical/ros2_ws/install/depthimage_to_laserscan PYTHONPATH=/home/mihkel/School/ThesisPractical/ros2_ws/build/hospital_carrier/prefix_override:/home/mihkel/School/ThesisPractical/ros2_ws/install/hospital_carrier/lib/python3.10/site-packages:${PYTHONPATH} /usr/bin/python3 setup.py egg_info --egg-base ../../build/hospital_carrier build --build-base /home/mihkel/School/ThesisPractical/ros2_ws/build/hospital_carrier/build install --record /home/mihkel/School/ThesisPractical/ros2_ws/build/hospital_carrier/install.log --single-version-externally-managed
[3.138s] running egg_info
[3.139s] writing ../../build/hospital_carrier/hospital_carrier.egg-info/PKG-INFO
[3.140s] writing dependency_links to ../../build/hospital_carrier/hospital_carrier.egg-info/dependency_links.txt
[3.141s] writing entry points to ../../build/hospital_carrier/hospital_carrier.egg-info/entry_points.txt
[3.141s] writing requirements to ../../build/hospital_carrier/hospital_carrier.egg-info/requires.txt
[3.142s] writing top-level names to ../../build/hospital_carrier/hospital_carrier.egg-info/top_level.txt
[3.147s] reading manifest file '../../build/hospital_carrier/hospital_carrier.egg-info/SOURCES.txt'
[3.150s] writing manifest file '../../build/hospital_carrier/hospital_carrier.egg-info/SOURCES.txt'
[3.150s] running build
[3.150s] running build_py
[3.154s] running install
[3.154s] running install_lib
[3.159s] running install_data
[3.160s] copying launch/mapping.launch -> /home/mihkel/School/ThesisPractical/ros2_ws/install/hospital_carrier/share/hospital_carrier/launch
[3.161s] copying config/nav2_params.yaml -> /home/mihkel/School/ThesisPractical/ros2_ws/install/hospital_carrier/share/hospital_carrier/config
[3.161s] running install_egg_info
[3.165s] removing '/home/mihkel/School/ThesisPractical/ros2_ws/install/hospital_carrier/lib/python3.10/site-packages/hospital_carrier-0.0.0-py3.10.egg-info' (and everything under it)
[3.165s] Copying ../../build/hospital_carrier/hospital_carrier.egg-info to /home/mihkel/School/ThesisPractical/ros2_ws/install/hospital_carrier/lib/python3.10/site-packages/hospital_carrier-0.0.0-py3.10.egg-info
[3.167s] running install_scripts
[3.209s] Installing CoordinateNavigator script to /home/mihkel/School/ThesisPractical/ros2_ws/install/hospital_carrier/lib/hospital_carrier
[3.209s] Installing DebugDisplay script to /home/mihkel/School/ThesisPractical/ros2_ws/install/hospital_carrier/lib/hospital_carrier
[3.209s] Installing EncoderSim script to /home/mihkel/School/ThesisPractical/ros2_ws/install/hospital_carrier/lib/hospital_carrier
[3.209s] Installing Follower script to /home/mihkel/School/ThesisPractical/ros2_ws/install/hospital_carrier/lib/hospital_carrier
[3.210s] Installing Localizer script to /home/mihkel/School/ThesisPractical/ros2_ws/install/hospital_carrier/lib/hospital_carrier
[3.210s] Installing MqttListener script to /home/mihkel/School/ThesisPractical/ros2_ws/install/hospital_carrier/lib/hospital_carrier
[3.211s] Installing MqttOdomAndStatus script to /home/mihkel/School/ThesisPractical/ros2_ws/install/hospital_carrier/lib/hospital_carrier
[3.211s] Installing MqttRemoteControl script to /home/mihkel/School/ThesisPractical/ros2_ws/install/hospital_carrier/lib/hospital_carrier
[3.211s] Installing MqttVideoStreamer script to /home/mihkel/School/ThesisPractical/ros2_ws/install/hospital_carrier/lib/hospital_carrier
[3.211s] Installing OdomCalculator script to /home/mihkel/School/ThesisPractical/ros2_ws/install/hospital_carrier/lib/hospital_carrier
[3.212s] Installing Odrives script to /home/mihkel/School/ThesisPractical/ros2_ws/install/hospital_carrier/lib/hospital_carrier
[3.212s] Installing OperationModeControl script to /home/mihkel/School/ThesisPractical/ros2_ws/install/hospital_carrier/lib/hospital_carrier
[3.212s] Installing PS4Controller script to /home/mihkel/School/ThesisPractical/ros2_ws/install/hospital_carrier/lib/hospital_carrier
[3.212s] Installing PointcloudToPly script to /home/mihkel/School/ThesisPractical/ros2_ws/install/hospital_carrier/lib/hospital_carrier
[3.212s] Installing ReadAruco script to /home/mihkel/School/ThesisPractical/ros2_ws/install/hospital_carrier/lib/hospital_carrier
[3.213s] writing list of installed files to '/home/mihkel/School/ThesisPractical/ros2_ws/build/hospital_carrier/install.log'
[3.266s] Invoked command in '/home/mihkel/School/ThesisPractical/ros2_ws/src/robot_ros2' returned '0': CMAKE_PREFIX_PATH=/home/mihkel/School/ThesisPractical/ros2_ws/install/robot_ros2_msgs:/home/mihkel/School/ThesisPractical/ros2_ws/install/tsl-robin-map:/home/mihkel/School/ThesisPractical/ros2_ws/install/depthimage_to_laserscan PYTHONPATH=/home/mihkel/School/ThesisPractical/ros2_ws/build/hospital_carrier/prefix_override:/home/mihkel/School/ThesisPractical/ros2_ws/install/hospital_carrier/lib/python3.10/site-packages:${PYTHONPATH} /usr/bin/python3 setup.py egg_info --egg-base ../../build/hospital_carrier build --build-base /home/mihkel/School/ThesisPractical/ros2_ws/build/hospital_carrier/build install --record /home/mihkel/School/ThesisPractical/ros2_ws/build/hospital_carrier/install.log --single-version-externally-managed
