[1.781s] Invoking command in '/home/mihkel/School/ThesisPractical/ros2_ws/build/rtabmap_costmap_plugins': /home/mihkel/.local/bin/cmake /home/mihkel/School/ThesisPractical/ros2_ws/src/rtabmap_ros/rtabmap_costmap_plugins -DCATKIN_INSTALL_INTO_PREFIX_ROOT=0 -DCMAKE_INSTALL_PREFIX=/home/mihkel/School/ThesisPractical/ros2_ws/install/rtabmap_costmap_plugins
[1.981s] [31mCMake Error at CMakeLists.txt:8 (find_package):
[1.982s]   By not providing "Findcatkin.cmake" in CMAKE_MODULE_PATH this project has
[1.982s]   asked CMake to find a package configuration file provided by "catkin", but
[1.983s]   CMake did not find one.
[1.983s] 
[1.984s]   Could not find a package configuration file provided by "catkin" with any
[1.984s]   of the following names:
[1.984s] 
[1.984s]     catkinConfig.cmake
[1.985s]     catkin-config.cmake
[1.985s] 
[1.985s]   Add the installation prefix of "catkin" to CMAKE_PREFIX_PATH or set
[1.986s]   "catkin_DIR" to a directory containing one of the above files.  If "catkin"
[1.986s]   provides a separate development package or SDK, be sure it has been
[1.986s]   installed.
[1.986s] 
[1.987s] [0m
[1.987s] -- Configuring incomplete, errors occurred!
[2.033s] Invoked command in '/home/mihkel/School/ThesisPractical/ros2_ws/build/rtabmap_costmap_plugins' returned '1': /home/mihkel/.local/bin/cmake /home/mihkel/School/ThesisPractical/ros2_ws/src/rtabmap_ros/rtabmap_costmap_plugins -DCATKIN_INSTALL_INTO_PREFIX_ROOT=0 -DCMAKE_INSTALL_PREFIX=/home/mihkel/School/ThesisPractical/ros2_ws/install/rtabmap_costmap_plugins
