[  1%] Built target robot_ros2_msgs__cpp
[ 12%] Built target robot_ros2_msgs__rosidl_generator_c
[ 12%] Built target ament_cmake_python_copy_robot_ros2_msgs
[ 23%] Built target robot_ros2_msgs__rosidl_typesupport_fastrtps_cpp
[ 34%] Built target robot_ros2_msgs__rosidl_typesupport_cpp
[ 45%] Built target robot_ros2_msgs__rosidl_typesupport_introspection_cpp
[ 56%] Built target robot_ros2_msgs__rosidl_typesupport_introspection_c
[ 67%] Built target robot_ros2_msgs__rosidl_typesupport_fastrtps_c
[ 78%] Built target robot_ros2_msgs__rosidl_typesupport_c
[ 78%] Built target robot_ros2_msgs
[ 80%] Built target robot_ros2_msgs__py
[ 89%] Built target robot_ros2_msgs__rosidl_generator_py
[ 92%] Built target robot_ros2_msgs__rosidl_typesupport_fastrtps_c__pyext
[ 96%] Built target robot_ros2_msgs__rosidl_typesupport_c__pyext
[100%] Built target robot_ros2_msgs__rosidl_typesupport_introspection_c__pyext
running egg_info
writing robot_ros2_msgs.egg-info/PKG-INFO
writing dependency_links to robot_ros2_msgs.egg-info/dependency_links.txt
writing top-level names to robot_ros2_msgs.egg-info/top_level.txt
reading manifest file 'robot_ros2_msgs.egg-info/SOURCES.txt'
writing manifest file 'robot_ros2_msgs.egg-info/SOURCES.txt'
[100%] Built target ament_cmake_python_build_robot_ros2_msgs_egg
-- Install configuration: ""
-- Up-to-date: /home/mihkel/School/ThesisPractical/ros2_ws/install/robot_ros2_msgs/share/ament_index/resource_index/rosidl_interfaces/robot_ros2_msgs
-- Up-to-date: /home/mihkel/School/ThesisPractical/ros2_ws/install/robot_ros2_msgs/include/robot_ros2_msgs/robot_ros2_msgs
-- Up-to-date: /home/mihkel/School/ThesisPractical/ros2_ws/install/robot_ros2_msgs/include/robot_ros2_msgs/robot_ros2_msgs/msg
-- Up-to-date: /home/mihkel/School/ThesisPractical/ros2_ws/install/robot_ros2_msgs/include/robot_ros2_msgs/robot_ros2_msgs/msg/int_list.h
-- Up-to-date: /home/mihkel/School/ThesisPractical/ros2_ws/install/robot_ros2_msgs/include/robot_ros2_msgs/robot_ros2_msgs/msg/rosidl_generator_c__visibility_control.h
-- Up-to-date: /home/mihkel/School/ThesisPractical/ros2_ws/install/robot_ros2_msgs/include/robot_ros2_msgs/robot_ros2_msgs/msg/detail
-- Up-to-date: /home/mihkel/School/ThesisPractical/ros2_ws/install/robot_ros2_msgs/include/robot_ros2_msgs/robot_ros2_msgs/msg/detail/tag__type_support.h
-- Up-to-date: /home/mihkel/School/ThesisPractical/ros2_ws/install/robot_ros2_msgs/include/robot_ros2_msgs/robot_ros2_msgs/msg/detail/previous_and_next_point__type_support.h
-- Up-to-date: /home/mihkel/School/ThesisPractical/ros2_ws/install/robot_ros2_msgs/include/robot_ros2_msgs/robot_ros2_msgs/msg/detail/tag__struct.h
-- Up-to-date: /home/mihkel/School/ThesisPractical/ros2_ws/install/robot_ros2_msgs/include/robot_ros2_msgs/robot_ros2_msgs/msg/detail/int_list__functions.c
-- Up-to-date: /home/mihkel/School/ThesisPractical/ros2_ws/install/robot_ros2_msgs/include/robot_ros2_msgs/robot_ros2_msgs/msg/detail/int_list__functions.h
-- Up-to-date: /home/mihkel/School/ThesisPractical/ros2_ws/install/robot_ros2_msgs/include/robot_ros2_msgs/robot_ros2_msgs/msg/detail/tag__functions.h
-- Up-to-date: /home/mihkel/School/ThesisPractical/ros2_ws/install/robot_ros2_msgs/include/robot_ros2_msgs/robot_ros2_msgs/msg/detail/previous_and_next_point__struct.h
-- Up-to-date: /home/mihkel/School/ThesisPractical/ros2_ws/install/robot_ros2_msgs/include/robot_ros2_msgs/robot_ros2_msgs/msg/detail/previous_and_next_point__functions.h
-- Up-to-date: /home/mihkel/School/ThesisPractical/ros2_ws/install/robot_ros2_msgs/include/robot_ros2_msgs/robot_ros2_msgs/msg/detail/encoders__struct.h
-- Up-to-date: /home/mihkel/School/ThesisPractical/ros2_ws/install/robot_ros2_msgs/include/robot_ros2_msgs/robot_ros2_msgs/msg/detail/previous_and_next_point__functions.c
-- Up-to-date: /home/mihkel/School/ThesisPractical/ros2_ws/install/robot_ros2_msgs/include/robot_ros2_msgs/robot_ros2_msgs/msg/detail/encoders__functions.h
-- Up-to-date: /home/mihkel/School/ThesisPractical/ros2_ws/install/robot_ros2_msgs/include/robot_ros2_msgs/robot_ros2_msgs/msg/detail/int_list__type_support.h
-- Up-to-date: /home/mihkel/School/ThesisPractical/ros2_ws/install/robot_ros2_msgs/include/robot_ros2_msgs/robot_ros2_msgs/msg/detail/encoders__type_support.h
-- Up-to-date: /home/mihkel/School/ThesisPractical/ros2_ws/install/robot_ros2_msgs/include/robot_ros2_msgs/robot_ros2_msgs/msg/detail/encoders__functions.c
-- Up-to-date: /home/mihkel/School/ThesisPractical/ros2_ws/install/robot_ros2_msgs/include/robot_ros2_msgs/robot_ros2_msgs/msg/detail/int_list__struct.h
-- Up-to-date: /home/mihkel/School/ThesisPractical/ros2_ws/install/robot_ros2_msgs/include/robot_ros2_msgs/robot_ros2_msgs/msg/detail/tag__functions.c
-- Up-to-date: /home/mihkel/School/ThesisPractical/ros2_ws/install/robot_ros2_msgs/include/robot_ros2_msgs/robot_ros2_msgs/msg/previous_and_next_point.h
-- Up-to-date: /home/mihkel/School/ThesisPractical/ros2_ws/install/robot_ros2_msgs/include/robot_ros2_msgs/robot_ros2_msgs/msg/tag.h
-- Up-to-date: /home/mihkel/School/ThesisPractical/ros2_ws/install/robot_ros2_msgs/include/robot_ros2_msgs/robot_ros2_msgs/msg/encoders.h
-- Up-to-date: /home/mihkel/School/ThesisPractical/ros2_ws/install/robot_ros2_msgs/share/robot_ros2_msgs/environment/library_path.sh
-- Up-to-date: /home/mihkel/School/ThesisPractical/ros2_ws/install/robot_ros2_msgs/share/robot_ros2_msgs/environment/library_path.dsv
-- Up-to-date: /home/mihkel/School/ThesisPractical/ros2_ws/install/robot_ros2_msgs/lib/librobot_ros2_msgs__rosidl_generator_c.so
-- Up-to-date: /home/mihkel/School/ThesisPractical/ros2_ws/install/robot_ros2_msgs/include/robot_ros2_msgs/robot_ros2_msgs
-- Up-to-date: /home/mihkel/School/ThesisPractical/ros2_ws/install/robot_ros2_msgs/include/robot_ros2_msgs/robot_ros2_msgs/msg
-- Up-to-date: /home/mihkel/School/ThesisPractical/ros2_ws/install/robot_ros2_msgs/include/robot_ros2_msgs/robot_ros2_msgs/msg/detail
-- Up-to-date: /home/mihkel/School/ThesisPractical/ros2_ws/install/robot_ros2_msgs/include/robot_ros2_msgs/robot_ros2_msgs/msg/detail/encoders__rosidl_typesupport_fastrtps_c.h
-- Up-to-date: /home/mihkel/School/ThesisPractical/ros2_ws/install/robot_ros2_msgs/include/robot_ros2_msgs/robot_ros2_msgs/msg/detail/previous_and_next_point__rosidl_typesupport_fastrtps_c.h
-- Up-to-date: /home/mihkel/School/ThesisPractical/ros2_ws/install/robot_ros2_msgs/include/robot_ros2_msgs/robot_ros2_msgs/msg/detail/tag__rosidl_typesupport_fastrtps_c.h
-- Up-to-date: /home/mihkel/School/ThesisPractical/ros2_ws/install/robot_ros2_msgs/include/robot_ros2_msgs/robot_ros2_msgs/msg/detail/int_list__rosidl_typesupport_fastrtps_c.h
-- Up-to-date: /home/mihkel/School/ThesisPractical/ros2_ws/install/robot_ros2_msgs/include/robot_ros2_msgs/robot_ros2_msgs/msg/rosidl_typesupport_fastrtps_c__visibility_control.h
-- Up-to-date: /home/mihkel/School/ThesisPractical/ros2_ws/install/robot_ros2_msgs/lib/librobot_ros2_msgs__rosidl_typesupport_fastrtps_c.so
-- Up-to-date: /home/mihkel/School/ThesisPractical/ros2_ws/install/robot_ros2_msgs/include/robot_ros2_msgs/robot_ros2_msgs
-- Up-to-date: /home/mihkel/School/ThesisPractical/ros2_ws/install/robot_ros2_msgs/include/robot_ros2_msgs/robot_ros2_msgs/msg
-- Up-to-date: /home/mihkel/School/ThesisPractical/ros2_ws/install/robot_ros2_msgs/include/robot_ros2_msgs/robot_ros2_msgs/msg/detail
-- Up-to-date: /home/mihkel/School/ThesisPractical/ros2_ws/install/robot_ros2_msgs/include/robot_ros2_msgs/robot_ros2_msgs/msg/detail/tag__type_support.c
-- Up-to-date: /home/mihkel/School/ThesisPractical/ros2_ws/install/robot_ros2_msgs/include/robot_ros2_msgs/robot_ros2_msgs/msg/detail/previous_and_next_point__type_support.c
-- Up-to-date: /home/mihkel/School/ThesisPractical/ros2_ws/install/robot_ros2_msgs/include/robot_ros2_msgs/robot_ros2_msgs/msg/detail/encoders__rosidl_typesupport_introspection_c.h
-- Up-to-date: /home/mihkel/School/ThesisPractical/ros2_ws/install/robot_ros2_msgs/include/robot_ros2_msgs/robot_ros2_msgs/msg/detail/tag__rosidl_typesupport_introspection_c.h
-- Up-to-date: /home/mihkel/School/ThesisPractical/ros2_ws/install/robot_ros2_msgs/include/robot_ros2_msgs/robot_ros2_msgs/msg/detail/previous_and_next_point__rosidl_typesupport_introspection_c.h
-- Up-to-date: /home/mihkel/School/ThesisPractical/ros2_ws/install/robot_ros2_msgs/include/robot_ros2_msgs/robot_ros2_msgs/msg/detail/encoders__type_support.c
-- Up-to-date: /home/mihkel/School/ThesisPractical/ros2_ws/install/robot_ros2_msgs/include/robot_ros2_msgs/robot_ros2_msgs/msg/detail/int_list__rosidl_typesupport_introspection_c.h
-- Up-to-date: /home/mihkel/School/ThesisPractical/ros2_ws/install/robot_ros2_msgs/include/robot_ros2_msgs/robot_ros2_msgs/msg/detail/int_list__type_support.c
-- Up-to-date: /home/mihkel/School/ThesisPractical/ros2_ws/install/robot_ros2_msgs/include/robot_ros2_msgs/robot_ros2_msgs/msg/rosidl_typesupport_introspection_c__visibility_control.h
-- Up-to-date: /home/mihkel/School/ThesisPractical/ros2_ws/install/robot_ros2_msgs/lib/librobot_ros2_msgs__rosidl_typesupport_introspection_c.so
-- Up-to-date: /home/mihkel/School/ThesisPractical/ros2_ws/install/robot_ros2_msgs/lib/librobot_ros2_msgs__rosidl_typesupport_c.so
-- Up-to-date: /home/mihkel/School/ThesisPractical/ros2_ws/install/robot_ros2_msgs/include/robot_ros2_msgs/robot_ros2_msgs
-- Up-to-date: /home/mihkel/School/ThesisPractical/ros2_ws/install/robot_ros2_msgs/include/robot_ros2_msgs/robot_ros2_msgs/msg
-- Up-to-date: /home/mihkel/School/ThesisPractical/ros2_ws/install/robot_ros2_msgs/include/robot_ros2_msgs/robot_ros2_msgs/msg/int_list.hpp
-- Up-to-date: /home/mihkel/School/ThesisPractical/ros2_ws/install/robot_ros2_msgs/include/robot_ros2_msgs/robot_ros2_msgs/msg/encoders.hpp
-- Up-to-date: /home/mihkel/School/ThesisPractical/ros2_ws/install/robot_ros2_msgs/include/robot_ros2_msgs/robot_ros2_msgs/msg/detail
-- Up-to-date: /home/mihkel/School/ThesisPractical/ros2_ws/install/robot_ros2_msgs/include/robot_ros2_msgs/robot_ros2_msgs/msg/detail/tag__builder.hpp
-- Up-to-date: /home/mihkel/School/ThesisPractical/ros2_ws/install/robot_ros2_msgs/include/robot_ros2_msgs/robot_ros2_msgs/msg/detail/previous_and_next_point__builder.hpp
-- Up-to-date: /home/mihkel/School/ThesisPractical/ros2_ws/install/robot_ros2_msgs/include/robot_ros2_msgs/robot_ros2_msgs/msg/detail/previous_and_next_point__struct.hpp
-- Up-to-date: /home/mihkel/School/ThesisPractical/ros2_ws/install/robot_ros2_msgs/include/robot_ros2_msgs/robot_ros2_msgs/msg/detail/int_list__struct.hpp
-- Up-to-date: /home/mihkel/School/ThesisPractical/ros2_ws/install/robot_ros2_msgs/include/robot_ros2_msgs/robot_ros2_msgs/msg/detail/int_list__builder.hpp
-- Up-to-date: /home/mihkel/School/ThesisPractical/ros2_ws/install/robot_ros2_msgs/include/robot_ros2_msgs/robot_ros2_msgs/msg/detail/int_list__traits.hpp
-- Up-to-date: /home/mihkel/School/ThesisPractical/ros2_ws/install/robot_ros2_msgs/include/robot_ros2_msgs/robot_ros2_msgs/msg/detail/encoders__builder.hpp
-- Up-to-date: /home/mihkel/School/ThesisPractical/ros2_ws/install/robot_ros2_msgs/include/robot_ros2_msgs/robot_ros2_msgs/msg/detail/encoders__struct.hpp
-- Up-to-date: /home/mihkel/School/ThesisPractical/ros2_ws/install/robot_ros2_msgs/include/robot_ros2_msgs/robot_ros2_msgs/msg/detail/tag__struct.hpp
-- Up-to-date: /home/mihkel/School/ThesisPractical/ros2_ws/install/robot_ros2_msgs/include/robot_ros2_msgs/robot_ros2_msgs/msg/detail/encoders__traits.hpp
-- Up-to-date: /home/mihkel/School/ThesisPractical/ros2_ws/install/robot_ros2_msgs/include/robot_ros2_msgs/robot_ros2_msgs/msg/detail/previous_and_next_point__traits.hpp
-- Up-to-date: /home/mihkel/School/ThesisPractical/ros2_ws/install/robot_ros2_msgs/include/robot_ros2_msgs/robot_ros2_msgs/msg/detail/tag__traits.hpp
-- Up-to-date: /home/mihkel/School/ThesisPractical/ros2_ws/install/robot_ros2_msgs/include/robot_ros2_msgs/robot_ros2_msgs/msg/previous_and_next_point.hpp
-- Up-to-date: /home/mihkel/School/ThesisPractical/ros2_ws/install/robot_ros2_msgs/include/robot_ros2_msgs/robot_ros2_msgs/msg/tag.hpp
-- Up-to-date: /home/mihkel/School/ThesisPractical/ros2_ws/install/robot_ros2_msgs/include/robot_ros2_msgs/robot_ros2_msgs
-- Up-to-date: /home/mihkel/School/ThesisPractical/ros2_ws/install/robot_ros2_msgs/include/robot_ros2_msgs/robot_ros2_msgs/msg
-- Up-to-date: /home/mihkel/School/ThesisPractical/ros2_ws/install/robot_ros2_msgs/include/robot_ros2_msgs/robot_ros2_msgs/msg/detail
-- Up-to-date: /home/mihkel/School/ThesisPractical/ros2_ws/install/robot_ros2_msgs/include/robot_ros2_msgs/robot_ros2_msgs/msg/detail/dds_fastrtps
-- Up-to-date: /home/mihkel/School/ThesisPractical/ros2_ws/install/robot_ros2_msgs/include/robot_ros2_msgs/robot_ros2_msgs/msg/detail/previous_and_next_point__rosidl_typesupport_fastrtps_cpp.hpp
-- Up-to-date: /home/mihkel/School/ThesisPractical/ros2_ws/install/robot_ros2_msgs/include/robot_ros2_msgs/robot_ros2_msgs/msg/detail/int_list__rosidl_typesupport_fastrtps_cpp.hpp
-- Up-to-date: /home/mihkel/School/ThesisPractical/ros2_ws/install/robot_ros2_msgs/include/robot_ros2_msgs/robot_ros2_msgs/msg/detail/tag__rosidl_typesupport_fastrtps_cpp.hpp
-- Up-to-date: /home/mihkel/School/ThesisPractical/ros2_ws/install/robot_ros2_msgs/include/robot_ros2_msgs/robot_ros2_msgs/msg/detail/encoders__rosidl_typesupport_fastrtps_cpp.hpp
-- Up-to-date: /home/mihkel/School/ThesisPractical/ros2_ws/install/robot_ros2_msgs/include/robot_ros2_msgs/robot_ros2_msgs/msg/rosidl_typesupport_fastrtps_cpp__visibility_control.h
-- Up-to-date: /home/mihkel/School/ThesisPractical/ros2_ws/install/robot_ros2_msgs/lib/librobot_ros2_msgs__rosidl_typesupport_fastrtps_cpp.so
-- Up-to-date: /home/mihkel/School/ThesisPractical/ros2_ws/install/robot_ros2_msgs/include/robot_ros2_msgs/robot_ros2_msgs
-- Up-to-date: /home/mihkel/School/ThesisPractical/ros2_ws/install/robot_ros2_msgs/include/robot_ros2_msgs/robot_ros2_msgs/msg
-- Up-to-date: /home/mihkel/School/ThesisPractical/ros2_ws/install/robot_ros2_msgs/include/robot_ros2_msgs/robot_ros2_msgs/msg/detail
-- Up-to-date: /home/mihkel/School/ThesisPractical/ros2_ws/install/robot_ros2_msgs/include/robot_ros2_msgs/robot_ros2_msgs/msg/detail/encoders__rosidl_typesupport_introspection_cpp.hpp
-- Up-to-date: /home/mihkel/School/ThesisPractical/ros2_ws/install/robot_ros2_msgs/include/robot_ros2_msgs/robot_ros2_msgs/msg/detail/encoders__type_support.cpp
-- Up-to-date: /home/mihkel/School/ThesisPractical/ros2_ws/install/robot_ros2_msgs/include/robot_ros2_msgs/robot_ros2_msgs/msg/detail/tag__type_support.cpp
-- Up-to-date: /home/mihkel/School/ThesisPractical/ros2_ws/install/robot_ros2_msgs/include/robot_ros2_msgs/robot_ros2_msgs/msg/detail/previous_and_next_point__type_support.cpp
-- Up-to-date: /home/mihkel/School/ThesisPractical/ros2_ws/install/robot_ros2_msgs/include/robot_ros2_msgs/robot_ros2_msgs/msg/detail/int_list__rosidl_typesupport_introspection_cpp.hpp
-- Up-to-date: /home/mihkel/School/ThesisPractical/ros2_ws/install/robot_ros2_msgs/include/robot_ros2_msgs/robot_ros2_msgs/msg/detail/previous_and_next_point__rosidl_typesupport_introspection_cpp.hpp
-- Up-to-date: /home/mihkel/School/ThesisPractical/ros2_ws/install/robot_ros2_msgs/include/robot_ros2_msgs/robot_ros2_msgs/msg/detail/tag__rosidl_typesupport_introspection_cpp.hpp
-- Up-to-date: /home/mihkel/School/ThesisPractical/ros2_ws/install/robot_ros2_msgs/include/robot_ros2_msgs/robot_ros2_msgs/msg/detail/int_list__type_support.cpp
-- Up-to-date: /home/mihkel/School/ThesisPractical/ros2_ws/install/robot_ros2_msgs/lib/librobot_ros2_msgs__rosidl_typesupport_introspection_cpp.so
-- Up-to-date: /home/mihkel/School/ThesisPractical/ros2_ws/install/robot_ros2_msgs/lib/librobot_ros2_msgs__rosidl_typesupport_cpp.so
-- Up-to-date: /home/mihkel/School/ThesisPractical/ros2_ws/install/robot_ros2_msgs/share/robot_ros2_msgs/environment/pythonpath.sh
-- Up-to-date: /home/mihkel/School/ThesisPractical/ros2_ws/install/robot_ros2_msgs/share/robot_ros2_msgs/environment/pythonpath.dsv
-- Up-to-date: /home/mihkel/School/ThesisPractical/ros2_ws/install/robot_ros2_msgs/local/lib/python3.10/dist-packages/robot_ros2_msgs-0.0.0-py3.10.egg-info
-- Installing: /home/mihkel/School/ThesisPractical/ros2_ws/install/robot_ros2_msgs/local/lib/python3.10/dist-packages/robot_ros2_msgs-0.0.0-py3.10.egg-info/top_level.txt
-- Installing: /home/mihkel/School/ThesisPractical/ros2_ws/install/robot_ros2_msgs/local/lib/python3.10/dist-packages/robot_ros2_msgs-0.0.0-py3.10.egg-info/PKG-INFO
-- Installing: /home/mihkel/School/ThesisPractical/ros2_ws/install/robot_ros2_msgs/local/lib/python3.10/dist-packages/robot_ros2_msgs-0.0.0-py3.10.egg-info/SOURCES.txt
-- Installing: /home/mihkel/School/ThesisPractical/ros2_ws/install/robot_ros2_msgs/local/lib/python3.10/dist-packages/robot_ros2_msgs-0.0.0-py3.10.egg-info/dependency_links.txt
-- Up-to-date: /home/mihkel/School/ThesisPractical/ros2_ws/install/robot_ros2_msgs/local/lib/python3.10/dist-packages/robot_ros2_msgs
-- Up-to-date: /home/mihkel/School/ThesisPractical/ros2_ws/install/robot_ros2_msgs/local/lib/python3.10/dist-packages/robot_ros2_msgs/_robot_ros2_msgs_s.ep.rosidl_typesupport_c.c
-- Up-to-date: /home/mihkel/School/ThesisPractical/ros2_ws/install/robot_ros2_msgs/local/lib/python3.10/dist-packages/robot_ros2_msgs/_robot_ros2_msgs_s.ep.rosidl_typesupport_fastrtps_c.c
-- Up-to-date: /home/mihkel/School/ThesisPractical/ros2_ws/install/robot_ros2_msgs/local/lib/python3.10/dist-packages/robot_ros2_msgs/_robot_ros2_msgs_s.ep.rosidl_typesupport_introspection_c.c
-- Up-to-date: /home/mihkel/School/ThesisPractical/ros2_ws/install/robot_ros2_msgs/local/lib/python3.10/dist-packages/robot_ros2_msgs/robot_ros2_msgs_s__rosidl_typesupport_c.cpython-310-x86_64-linux-gnu.so
-- Up-to-date: /home/mihkel/School/ThesisPractical/ros2_ws/install/robot_ros2_msgs/local/lib/python3.10/dist-packages/robot_ros2_msgs/robot_ros2_msgs_s__rosidl_typesupport_introspection_c.cpython-310-x86_64-linux-gnu.so
-- Up-to-date: /home/mihkel/School/ThesisPractical/ros2_ws/install/robot_ros2_msgs/local/lib/python3.10/dist-packages/robot_ros2_msgs/__init__.py
-- Up-to-date: /home/mihkel/School/ThesisPractical/ros2_ws/install/robot_ros2_msgs/local/lib/python3.10/dist-packages/robot_ros2_msgs/librobot_ros2_msgs__rosidl_generator_py.so
-- Up-to-date: /home/mihkel/School/ThesisPractical/ros2_ws/install/robot_ros2_msgs/local/lib/python3.10/dist-packages/robot_ros2_msgs/robot_ros2_msgs_s__rosidl_typesupport_fastrtps_c.cpython-310-x86_64-linux-gnu.so
-- Up-to-date: /home/mihkel/School/ThesisPractical/ros2_ws/install/robot_ros2_msgs/local/lib/python3.10/dist-packages/robot_ros2_msgs/msg
-- Up-to-date: /home/mihkel/School/ThesisPractical/ros2_ws/install/robot_ros2_msgs/local/lib/python3.10/dist-packages/robot_ros2_msgs/msg/_previous_and_next_point_s.c
-- Up-to-date: /home/mihkel/School/ThesisPractical/ros2_ws/install/robot_ros2_msgs/local/lib/python3.10/dist-packages/robot_ros2_msgs/msg/_encoders_s.c
-- Up-to-date: /home/mihkel/School/ThesisPractical/ros2_ws/install/robot_ros2_msgs/local/lib/python3.10/dist-packages/robot_ros2_msgs/msg/_tag_s.c
-- Up-to-date: /home/mihkel/School/ThesisPractical/ros2_ws/install/robot_ros2_msgs/local/lib/python3.10/dist-packages/robot_ros2_msgs/msg/_previous_and_next_point.py
-- Up-to-date: /home/mihkel/School/ThesisPractical/ros2_ws/install/robot_ros2_msgs/local/lib/python3.10/dist-packages/robot_ros2_msgs/msg/_int_list.py
-- Up-to-date: /home/mihkel/School/ThesisPractical/ros2_ws/install/robot_ros2_msgs/local/lib/python3.10/dist-packages/robot_ros2_msgs/msg/_tag.py
-- Up-to-date: /home/mihkel/School/ThesisPractical/ros2_ws/install/robot_ros2_msgs/local/lib/python3.10/dist-packages/robot_ros2_msgs/msg/_int_list_s.c
-- Up-to-date: /home/mihkel/School/ThesisPractical/ros2_ws/install/robot_ros2_msgs/local/lib/python3.10/dist-packages/robot_ros2_msgs/msg/__init__.py
-- Up-to-date: /home/mihkel/School/ThesisPractical/ros2_ws/install/robot_ros2_msgs/local/lib/python3.10/dist-packages/robot_ros2_msgs/msg/_encoders.py
Listing '/home/mihkel/School/ThesisPractical/ros2_ws/install/robot_ros2_msgs/local/lib/python3.10/dist-packages/robot_ros2_msgs'...
Listing '/home/mihkel/School/ThesisPractical/ros2_ws/install/robot_ros2_msgs/local/lib/python3.10/dist-packages/robot_ros2_msgs/msg'...
-- Up-to-date: /home/mihkel/School/ThesisPractical/ros2_ws/install/robot_ros2_msgs/local/lib/python3.10/dist-packages/robot_ros2_msgs/robot_ros2_msgs_s__rosidl_typesupport_fastrtps_c.cpython-310-x86_64-linux-gnu.so
-- Up-to-date: /home/mihkel/School/ThesisPractical/ros2_ws/install/robot_ros2_msgs/local/lib/python3.10/dist-packages/robot_ros2_msgs/robot_ros2_msgs_s__rosidl_typesupport_introspection_c.cpython-310-x86_64-linux-gnu.so
-- Up-to-date: /home/mihkel/School/ThesisPractical/ros2_ws/install/robot_ros2_msgs/local/lib/python3.10/dist-packages/robot_ros2_msgs/robot_ros2_msgs_s__rosidl_typesupport_c.cpython-310-x86_64-linux-gnu.so
-- Up-to-date: /home/mihkel/School/ThesisPractical/ros2_ws/install/robot_ros2_msgs/lib/librobot_ros2_msgs__rosidl_generator_py.so
-- Up-to-date: /home/mihkel/School/ThesisPractical/ros2_ws/install/robot_ros2_msgs/share/robot_ros2_msgs/msg/Encoders.idl
-- Up-to-date: /home/mihkel/School/ThesisPractical/ros2_ws/install/robot_ros2_msgs/share/robot_ros2_msgs/msg/IntList.idl
-- Up-to-date: /home/mihkel/School/ThesisPractical/ros2_ws/install/robot_ros2_msgs/share/robot_ros2_msgs/msg/PreviousAndNextPoint.idl
-- Up-to-date: /home/mihkel/School/ThesisPractical/ros2_ws/install/robot_ros2_msgs/share/robot_ros2_msgs/msg/Tag.idl
-- Up-to-date: /home/mihkel/School/ThesisPractical/ros2_ws/install/robot_ros2_msgs/share/robot_ros2_msgs/msg/Encoders.msg
-- Up-to-date: /home/mihkel/School/ThesisPractical/ros2_ws/install/robot_ros2_msgs/share/robot_ros2_msgs/msg/IntList.msg
-- Up-to-date: /home/mihkel/School/ThesisPractical/ros2_ws/install/robot_ros2_msgs/share/robot_ros2_msgs/msg/PreviousAndNextPoint.msg
-- Up-to-date: /home/mihkel/School/ThesisPractical/ros2_ws/install/robot_ros2_msgs/share/robot_ros2_msgs/msg/Tag.msg
-- Up-to-date: /home/mihkel/School/ThesisPractical/ros2_ws/install/robot_ros2_msgs/share/ament_index/resource_index/package_run_dependencies/robot_ros2_msgs
-- Up-to-date: /home/mihkel/School/ThesisPractical/ros2_ws/install/robot_ros2_msgs/share/ament_index/resource_index/parent_prefix_path/robot_ros2_msgs
-- Up-to-date: /home/mihkel/School/ThesisPractical/ros2_ws/install/robot_ros2_msgs/share/robot_ros2_msgs/environment/ament_prefix_path.sh
-- Up-to-date: /home/mihkel/School/ThesisPractical/ros2_ws/install/robot_ros2_msgs/share/robot_ros2_msgs/environment/ament_prefix_path.dsv
-- Up-to-date: /home/mihkel/School/ThesisPractical/ros2_ws/install/robot_ros2_msgs/share/robot_ros2_msgs/environment/path.sh
-- Up-to-date: /home/mihkel/School/ThesisPractical/ros2_ws/install/robot_ros2_msgs/share/robot_ros2_msgs/environment/path.dsv
-- Up-to-date: /home/mihkel/School/ThesisPractical/ros2_ws/install/robot_ros2_msgs/share/robot_ros2_msgs/local_setup.bash
-- Up-to-date: /home/mihkel/School/ThesisPractical/ros2_ws/install/robot_ros2_msgs/share/robot_ros2_msgs/local_setup.sh
-- Up-to-date: /home/mihkel/School/ThesisPractical/ros2_ws/install/robot_ros2_msgs/share/robot_ros2_msgs/local_setup.zsh
-- Up-to-date: /home/mihkel/School/ThesisPractical/ros2_ws/install/robot_ros2_msgs/share/robot_ros2_msgs/local_setup.dsv
-- Installing: /home/mihkel/School/ThesisPractical/ros2_ws/install/robot_ros2_msgs/share/robot_ros2_msgs/package.dsv
-- Up-to-date: /home/mihkel/School/ThesisPractical/ros2_ws/install/robot_ros2_msgs/share/ament_index/resource_index/packages/robot_ros2_msgs
-- Up-to-date: /home/mihkel/School/ThesisPractical/ros2_ws/install/robot_ros2_msgs/share/robot_ros2_msgs/cmake/export_robot_ros2_msgs__rosidl_generator_cExport.cmake
-- Up-to-date: /home/mihkel/School/ThesisPractical/ros2_ws/install/robot_ros2_msgs/share/robot_ros2_msgs/cmake/export_robot_ros2_msgs__rosidl_generator_cExport-noconfig.cmake
-- Up-to-date: /home/mihkel/School/ThesisPractical/ros2_ws/install/robot_ros2_msgs/share/robot_ros2_msgs/cmake/export_robot_ros2_msgs__rosidl_typesupport_fastrtps_cExport.cmake
-- Up-to-date: /home/mihkel/School/ThesisPractical/ros2_ws/install/robot_ros2_msgs/share/robot_ros2_msgs/cmake/export_robot_ros2_msgs__rosidl_typesupport_fastrtps_cExport-noconfig.cmake
-- Up-to-date: /home/mihkel/School/ThesisPractical/ros2_ws/install/robot_ros2_msgs/share/robot_ros2_msgs/cmake/robot_ros2_msgs__rosidl_typesupport_introspection_cExport.cmake
-- Up-to-date: /home/mihkel/School/ThesisPractical/ros2_ws/install/robot_ros2_msgs/share/robot_ros2_msgs/cmake/robot_ros2_msgs__rosidl_typesupport_introspection_cExport-noconfig.cmake
-- Up-to-date: /home/mihkel/School/ThesisPractical/ros2_ws/install/robot_ros2_msgs/share/robot_ros2_msgs/cmake/robot_ros2_msgs__rosidl_typesupport_cExport.cmake
-- Up-to-date: /home/mihkel/School/ThesisPractical/ros2_ws/install/robot_ros2_msgs/share/robot_ros2_msgs/cmake/robot_ros2_msgs__rosidl_typesupport_cExport-noconfig.cmake
-- Up-to-date: /home/mihkel/School/ThesisPractical/ros2_ws/install/robot_ros2_msgs/share/robot_ros2_msgs/cmake/export_robot_ros2_msgs__rosidl_generator_cppExport.cmake
-- Up-to-date: /home/mihkel/School/ThesisPractical/ros2_ws/install/robot_ros2_msgs/share/robot_ros2_msgs/cmake/export_robot_ros2_msgs__rosidl_typesupport_fastrtps_cppExport.cmake
-- Up-to-date: /home/mihkel/School/ThesisPractical/ros2_ws/install/robot_ros2_msgs/share/robot_ros2_msgs/cmake/export_robot_ros2_msgs__rosidl_typesupport_fastrtps_cppExport-noconfig.cmake
-- Up-to-date: /home/mihkel/School/ThesisPractical/ros2_ws/install/robot_ros2_msgs/share/robot_ros2_msgs/cmake/robot_ros2_msgs__rosidl_typesupport_introspection_cppExport.cmake
-- Up-to-date: /home/mihkel/School/ThesisPractical/ros2_ws/install/robot_ros2_msgs/share/robot_ros2_msgs/cmake/robot_ros2_msgs__rosidl_typesupport_introspection_cppExport-noconfig.cmake
-- Up-to-date: /home/mihkel/School/ThesisPractical/ros2_ws/install/robot_ros2_msgs/share/robot_ros2_msgs/cmake/robot_ros2_msgs__rosidl_typesupport_cppExport.cmake
-- Up-to-date: /home/mihkel/School/ThesisPractical/ros2_ws/install/robot_ros2_msgs/share/robot_ros2_msgs/cmake/robot_ros2_msgs__rosidl_typesupport_cppExport-noconfig.cmake
-- Up-to-date: /home/mihkel/School/ThesisPractical/ros2_ws/install/robot_ros2_msgs/share/robot_ros2_msgs/cmake/export_robot_ros2_msgs__rosidl_generator_pyExport.cmake
-- Up-to-date: /home/mihkel/School/ThesisPractical/ros2_ws/install/robot_ros2_msgs/share/robot_ros2_msgs/cmake/export_robot_ros2_msgs__rosidl_generator_pyExport-noconfig.cmake
-- Up-to-date: /home/mihkel/School/ThesisPractical/ros2_ws/install/robot_ros2_msgs/share/robot_ros2_msgs/cmake/rosidl_cmake-extras.cmake
-- Up-to-date: /home/mihkel/School/ThesisPractical/ros2_ws/install/robot_ros2_msgs/share/robot_ros2_msgs/cmake/ament_cmake_export_dependencies-extras.cmake
-- Up-to-date: /home/mihkel/School/ThesisPractical/ros2_ws/install/robot_ros2_msgs/share/robot_ros2_msgs/cmake/ament_cmake_export_include_directories-extras.cmake
-- Up-to-date: /home/mihkel/School/ThesisPractical/ros2_ws/install/robot_ros2_msgs/share/robot_ros2_msgs/cmake/ament_cmake_export_libraries-extras.cmake
-- Up-to-date: /home/mihkel/School/ThesisPractical/ros2_ws/install/robot_ros2_msgs/share/robot_ros2_msgs/cmake/ament_cmake_export_targets-extras.cmake
-- Up-to-date: /home/mihkel/School/ThesisPractical/ros2_ws/install/robot_ros2_msgs/share/robot_ros2_msgs/cmake/rosidl_cmake_export_typesupport_targets-extras.cmake
-- Up-to-date: /home/mihkel/School/ThesisPractical/ros2_ws/install/robot_ros2_msgs/share/robot_ros2_msgs/cmake/rosidl_cmake_export_typesupport_libraries-extras.cmake
-- Up-to-date: /home/mihkel/School/ThesisPractical/ros2_ws/install/robot_ros2_msgs/share/robot_ros2_msgs/cmake/robot_ros2_msgsConfig.cmake
-- Up-to-date: /home/mihkel/School/ThesisPractical/ros2_ws/install/robot_ros2_msgs/share/robot_ros2_msgs/cmake/robot_ros2_msgsConfig-version.cmake
-- Up-to-date: /home/mihkel/School/ThesisPractical/ros2_ws/install/robot_ros2_msgs/share/robot_ros2_msgs/package.xml
