[0.491s] Invoking command in '/home/mihkel/School/ThesisPractical/ros2_ws/build/robot_ros2_msgs': CMAKE_PREFIX_PATH=${CMAKE_PREFIX_PATH}:/home/mihkel/School/ThesisPractical/ros2_ws/install/hospital_carrier:/opt/ros/humble /usr/bin/cmake --build /home/mihkel/School/ThesisPractical/ros2_ws/build/robot_ros2_msgs -- -j12 -l12
[0.618s] [  1%] Built target robot_ros2_msgs__cpp
[0.619s] [ 12%] Built target robot_ros2_msgs__rosidl_generator_c
[0.645s] [ 12%] Built target ament_cmake_python_copy_robot_ros2_msgs
[0.695s] [ 23%] Built target robot_ros2_msgs__rosidl_typesupport_fastrtps_cpp
[0.699s] [ 34%] Built target robot_ros2_msgs__rosidl_typesupport_cpp
[0.707s] [ 45%] Built target robot_ros2_msgs__rosidl_typesupport_introspection_cpp
[0.719s] [ 56%] Built target robot_ros2_msgs__rosidl_typesupport_introspection_c
[0.721s] [ 67%] Built target robot_ros2_msgs__rosidl_typesupport_fastrtps_c
[0.722s] [ 78%] Built target robot_ros2_msgs__rosidl_typesupport_c
[0.773s] [ 78%] Built target robot_ros2_msgs
[0.823s] [ 80%] Built target robot_ros2_msgs__py
[0.884s] [ 89%] Built target robot_ros2_msgs__rosidl_generator_py
[0.942s] [ 92%] Built target robot_ros2_msgs__rosidl_typesupport_fastrtps_c__pyext
[0.944s] [ 96%] Built target robot_ros2_msgs__rosidl_typesupport_c__pyext
[0.950s] [100%] Built target robot_ros2_msgs__rosidl_typesupport_introspection_c__pyext
[1.598s] running egg_info
[1.599s] writing robot_ros2_msgs.egg-info/PKG-INFO
[1.600s] writing dependency_links to robot_ros2_msgs.egg-info/dependency_links.txt
[1.601s] writing top-level names to robot_ros2_msgs.egg-info/top_level.txt
[1.607s] reading manifest file 'robot_ros2_msgs.egg-info/SOURCES.txt'
[1.609s] writing manifest file 'robot_ros2_msgs.egg-info/SOURCES.txt'
[1.672s] [100%] Built target ament_cmake_python_build_robot_ros2_msgs_egg
[1.700s] Invoked command in '/home/mihkel/School/ThesisPractical/ros2_ws/build/robot_ros2_msgs' returned '0': CMAKE_PREFIX_PATH=${CMAKE_PREFIX_PATH}:/home/mihkel/School/ThesisPractical/ros2_ws/install/hospital_carrier:/opt/ros/humble /usr/bin/cmake --build /home/mihkel/School/ThesisPractical/ros2_ws/build/robot_ros2_msgs -- -j12 -l12
[1.945s] Invoking command in '/home/mihkel/School/ThesisPractical/ros2_ws/build/robot_ros2_msgs': CMAKE_PREFIX_PATH=${CMAKE_PREFIX_PATH}:/home/mihkel/School/ThesisPractical/ros2_ws/install/hospital_carrier:/opt/ros/humble /usr/bin/cmake --install /home/mihkel/School/ThesisPractical/ros2_ws/build/robot_ros2_msgs
[1.963s] -- Install configuration: ""
[1.964s] -- Up-to-date: /home/mihkel/School/ThesisPractical/ros2_ws/install/robot_ros2_msgs/share/ament_index/resource_index/rosidl_interfaces/robot_ros2_msgs
[1.964s] -- Up-to-date: /home/mihkel/School/ThesisPractical/ros2_ws/install/robot_ros2_msgs/include/robot_ros2_msgs/robot_ros2_msgs
[1.965s] -- Up-to-date: /home/mihkel/School/ThesisPractical/ros2_ws/install/robot_ros2_msgs/include/robot_ros2_msgs/robot_ros2_msgs/msg
[1.965s] -- Up-to-date: /home/mihkel/School/ThesisPractical/ros2_ws/install/robot_ros2_msgs/include/robot_ros2_msgs/robot_ros2_msgs/msg/int_list.h
[1.965s] -- Up-to-date: /home/mihkel/School/ThesisPractical/ros2_ws/install/robot_ros2_msgs/include/robot_ros2_msgs/robot_ros2_msgs/msg/rosidl_generator_c__visibility_control.h
[1.965s] -- Up-to-date: /home/mihkel/School/ThesisPractical/ros2_ws/install/robot_ros2_msgs/include/robot_ros2_msgs/robot_ros2_msgs/msg/detail
[1.966s] -- Up-to-date: /home/mihkel/School/ThesisPractical/ros2_ws/install/robot_ros2_msgs/include/robot_ros2_msgs/robot_ros2_msgs/msg/detail/tag__type_support.h
[1.966s] -- Up-to-date: /home/mihkel/School/ThesisPractical/ros2_ws/install/robot_ros2_msgs/include/robot_ros2_msgs/robot_ros2_msgs/msg/detail/previous_and_next_point__type_support.h
[1.966s] -- Up-to-date: /home/mihkel/School/ThesisPractical/ros2_ws/install/robot_ros2_msgs/include/robot_ros2_msgs/robot_ros2_msgs/msg/detail/tag__struct.h
[1.966s] -- Up-to-date: /home/mihkel/School/ThesisPractical/ros2_ws/install/robot_ros2_msgs/include/robot_ros2_msgs/robot_ros2_msgs/msg/detail/int_list__functions.c
[1.967s] -- Up-to-date: /home/mihkel/School/ThesisPractical/ros2_ws/install/robot_ros2_msgs/include/robot_ros2_msgs/robot_ros2_msgs/msg/detail/int_list__functions.h
[1.967s] -- Up-to-date: /home/mihkel/School/ThesisPractical/ros2_ws/install/robot_ros2_msgs/include/robot_ros2_msgs/robot_ros2_msgs/msg/detail/tag__functions.h
[1.967s] -- Up-to-date: /home/mihkel/School/ThesisPractical/ros2_ws/install/robot_ros2_msgs/include/robot_ros2_msgs/robot_ros2_msgs/msg/detail/previous_and_next_point__struct.h
[1.967s] -- Up-to-date: /home/mihkel/School/ThesisPractical/ros2_ws/install/robot_ros2_msgs/include/robot_ros2_msgs/robot_ros2_msgs/msg/detail/previous_and_next_point__functions.h
[1.968s] -- Up-to-date: /home/mihkel/School/ThesisPractical/ros2_ws/install/robot_ros2_msgs/include/robot_ros2_msgs/robot_ros2_msgs/msg/detail/encoders__struct.h
[1.968s] -- Up-to-date: /home/mihkel/School/ThesisPractical/ros2_ws/install/robot_ros2_msgs/include/robot_ros2_msgs/robot_ros2_msgs/msg/detail/previous_and_next_point__functions.c
[1.968s] -- Up-to-date: /home/mihkel/School/ThesisPractical/ros2_ws/install/robot_ros2_msgs/include/robot_ros2_msgs/robot_ros2_msgs/msg/detail/encoders__functions.h
[1.968s] -- Up-to-date: /home/mihkel/School/ThesisPractical/ros2_ws/install/robot_ros2_msgs/include/robot_ros2_msgs/robot_ros2_msgs/msg/detail/int_list__type_support.h
[1.969s] -- Up-to-date: /home/mihkel/School/ThesisPractical/ros2_ws/install/robot_ros2_msgs/include/robot_ros2_msgs/robot_ros2_msgs/msg/detail/encoders__type_support.h
[1.969s] -- Up-to-date: /home/mihkel/School/ThesisPractical/ros2_ws/install/robot_ros2_msgs/include/robot_ros2_msgs/robot_ros2_msgs/msg/detail/encoders__functions.c
[1.970s] -- Up-to-date: /home/mihkel/School/ThesisPractical/ros2_ws/install/robot_ros2_msgs/include/robot_ros2_msgs/robot_ros2_msgs/msg/detail/int_list__struct.h
[1.970s] -- Up-to-date: /home/mihkel/School/ThesisPractical/ros2_ws/install/robot_ros2_msgs/include/robot_ros2_msgs/robot_ros2_msgs/msg/detail/tag__functions.c
[1.970s] -- Up-to-date: /home/mihkel/School/ThesisPractical/ros2_ws/install/robot_ros2_msgs/include/robot_ros2_msgs/robot_ros2_msgs/msg/previous_and_next_point.h
[1.970s] -- Up-to-date: /home/mihkel/School/ThesisPractical/ros2_ws/install/robot_ros2_msgs/include/robot_ros2_msgs/robot_ros2_msgs/msg/tag.h
[1.971s] -- Up-to-date: /home/mihkel/School/ThesisPractical/ros2_ws/install/robot_ros2_msgs/include/robot_ros2_msgs/robot_ros2_msgs/msg/encoders.h
[1.971s] -- Up-to-date: /home/mihkel/School/ThesisPractical/ros2_ws/install/robot_ros2_msgs/share/robot_ros2_msgs/environment/library_path.sh
[1.971s] -- Up-to-date: /home/mihkel/School/ThesisPractical/ros2_ws/install/robot_ros2_msgs/share/robot_ros2_msgs/environment/library_path.dsv
[1.971s] -- Up-to-date: /home/mihkel/School/ThesisPractical/ros2_ws/install/robot_ros2_msgs/lib/librobot_ros2_msgs__rosidl_generator_c.so
[1.972s] -- Up-to-date: /home/mihkel/School/ThesisPractical/ros2_ws/install/robot_ros2_msgs/include/robot_ros2_msgs/robot_ros2_msgs
[1.972s] -- Up-to-date: /home/mihkel/School/ThesisPractical/ros2_ws/install/robot_ros2_msgs/include/robot_ros2_msgs/robot_ros2_msgs/msg
[1.972s] -- Up-to-date: /home/mihkel/School/ThesisPractical/ros2_ws/install/robot_ros2_msgs/include/robot_ros2_msgs/robot_ros2_msgs/msg/detail
[1.972s] -- Up-to-date: /home/mihkel/School/ThesisPractical/ros2_ws/install/robot_ros2_msgs/include/robot_ros2_msgs/robot_ros2_msgs/msg/detail/encoders__rosidl_typesupport_fastrtps_c.h
[1.973s] -- Up-to-date: /home/mihkel/School/ThesisPractical/ros2_ws/install/robot_ros2_msgs/include/robot_ros2_msgs/robot_ros2_msgs/msg/detail/previous_and_next_point__rosidl_typesupport_fastrtps_c.h
[1.973s] -- Up-to-date: /home/mihkel/School/ThesisPractical/ros2_ws/install/robot_ros2_msgs/include/robot_ros2_msgs/robot_ros2_msgs/msg/detail/tag__rosidl_typesupport_fastrtps_c.h
[1.973s] -- Up-to-date: /home/mihkel/School/ThesisPractical/ros2_ws/install/robot_ros2_msgs/include/robot_ros2_msgs/robot_ros2_msgs/msg/detail/int_list__rosidl_typesupport_fastrtps_c.h
[1.973s] -- Up-to-date: /home/mihkel/School/ThesisPractical/ros2_ws/install/robot_ros2_msgs/include/robot_ros2_msgs/robot_ros2_msgs/msg/rosidl_typesupport_fastrtps_c__visibility_control.h
[1.974s] -- Up-to-date: /home/mihkel/School/ThesisPractical/ros2_ws/install/robot_ros2_msgs/lib/librobot_ros2_msgs__rosidl_typesupport_fastrtps_c.so
[1.974s] -- Up-to-date: /home/mihkel/School/ThesisPractical/ros2_ws/install/robot_ros2_msgs/include/robot_ros2_msgs/robot_ros2_msgs
[1.974s] -- Up-to-date: /home/mihkel/School/ThesisPractical/ros2_ws/install/robot_ros2_msgs/include/robot_ros2_msgs/robot_ros2_msgs/msg
[1.974s] -- Up-to-date: /home/mihkel/School/ThesisPractical/ros2_ws/install/robot_ros2_msgs/include/robot_ros2_msgs/robot_ros2_msgs/msg/detail
[1.975s] -- Up-to-date: /home/mihkel/School/ThesisPractical/ros2_ws/install/robot_ros2_msgs/include/robot_ros2_msgs/robot_ros2_msgs/msg/detail/tag__type_support.c
[1.975s] -- Up-to-date: /home/mihkel/School/ThesisPractical/ros2_ws/install/robot_ros2_msgs/include/robot_ros2_msgs/robot_ros2_msgs/msg/detail/previous_and_next_point__type_support.c
[1.975s] -- Up-to-date: /home/mihkel/School/ThesisPractical/ros2_ws/install/robot_ros2_msgs/include/robot_ros2_msgs/robot_ros2_msgs/msg/detail/encoders__rosidl_typesupport_introspection_c.h
[1.976s] -- Up-to-date: /home/mihkel/School/ThesisPractical/ros2_ws/install/robot_ros2_msgs/include/robot_ros2_msgs/robot_ros2_msgs/msg/detail/tag__rosidl_typesupport_introspection_c.h
[1.976s] -- Up-to-date: /home/mihkel/School/ThesisPractical/ros2_ws/install/robot_ros2_msgs/include/robot_ros2_msgs/robot_ros2_msgs/msg/detail/previous_and_next_point__rosidl_typesupport_introspection_c.h
[1.976s] -- Up-to-date: /home/mihkel/School/ThesisPractical/ros2_ws/install/robot_ros2_msgs/include/robot_ros2_msgs/robot_ros2_msgs/msg/detail/encoders__type_support.c
[1.977s] -- Up-to-date: /home/mihkel/School/ThesisPractical/ros2_ws/install/robot_ros2_msgs/include/robot_ros2_msgs/robot_ros2_msgs/msg/detail/int_list__rosidl_typesupport_introspection_c.h
[1.977s] -- Up-to-date: /home/mihkel/School/ThesisPractical/ros2_ws/install/robot_ros2_msgs/include/robot_ros2_msgs/robot_ros2_msgs/msg/detail/int_list__type_support.c
[1.977s] -- Up-to-date: /home/mihkel/School/ThesisPractical/ros2_ws/install/robot_ros2_msgs/include/robot_ros2_msgs/robot_ros2_msgs/msg/rosidl_typesupport_introspection_c__visibility_control.h
[1.977s] -- Up-to-date: /home/mihkel/School/ThesisPractical/ros2_ws/install/robot_ros2_msgs/lib/librobot_ros2_msgs__rosidl_typesupport_introspection_c.so
[1.978s] -- Up-to-date: /home/mihkel/School/ThesisPractical/ros2_ws/install/robot_ros2_msgs/lib/librobot_ros2_msgs__rosidl_typesupport_c.so
[1.978s] -- Up-to-date: /home/mihkel/School/ThesisPractical/ros2_ws/install/robot_ros2_msgs/include/robot_ros2_msgs/robot_ros2_msgs
[1.978s] -- Up-to-date: /home/mihkel/School/ThesisPractical/ros2_ws/install/robot_ros2_msgs/include/robot_ros2_msgs/robot_ros2_msgs/msg
[1.978s] -- Up-to-date: /home/mihkel/School/ThesisPractical/ros2_ws/install/robot_ros2_msgs/include/robot_ros2_msgs/robot_ros2_msgs/msg/int_list.hpp
[1.978s] -- Up-to-date: /home/mihkel/School/ThesisPractical/ros2_ws/install/robot_ros2_msgs/include/robot_ros2_msgs/robot_ros2_msgs/msg/encoders.hpp
[1.978s] -- Up-to-date: /home/mihkel/School/ThesisPractical/ros2_ws/install/robot_ros2_msgs/include/robot_ros2_msgs/robot_ros2_msgs/msg/detail
[1.979s] -- Up-to-date: /home/mihkel/School/ThesisPractical/ros2_ws/install/robot_ros2_msgs/include/robot_ros2_msgs/robot_ros2_msgs/msg/detail/tag__builder.hpp
[1.979s] -- Up-to-date: /home/mihkel/School/ThesisPractical/ros2_ws/install/robot_ros2_msgs/include/robot_ros2_msgs/robot_ros2_msgs/msg/detail/previous_and_next_point__builder.hpp
[1.979s] -- Up-to-date: /home/mihkel/School/ThesisPractical/ros2_ws/install/robot_ros2_msgs/include/robot_ros2_msgs/robot_ros2_msgs/msg/detail/previous_and_next_point__struct.hpp
[1.979s] -- Up-to-date: /home/mihkel/School/ThesisPractical/ros2_ws/install/robot_ros2_msgs/include/robot_ros2_msgs/robot_ros2_msgs/msg/detail/int_list__struct.hpp
[1.979s] -- Up-to-date: /home/mihkel/School/ThesisPractical/ros2_ws/install/robot_ros2_msgs/include/robot_ros2_msgs/robot_ros2_msgs/msg/detail/int_list__builder.hpp
[1.980s] -- Up-to-date: /home/mihkel/School/ThesisPractical/ros2_ws/install/robot_ros2_msgs/include/robot_ros2_msgs/robot_ros2_msgs/msg/detail/int_list__traits.hpp
[1.980s] -- Up-to-date: /home/mihkel/School/ThesisPractical/ros2_ws/install/robot_ros2_msgs/include/robot_ros2_msgs/robot_ros2_msgs/msg/detail/encoders__builder.hpp
[1.980s] -- Up-to-date: /home/mihkel/School/ThesisPractical/ros2_ws/install/robot_ros2_msgs/include/robot_ros2_msgs/robot_ros2_msgs/msg/detail/encoders__struct.hpp
[1.980s] -- Up-to-date: /home/mihkel/School/ThesisPractical/ros2_ws/install/robot_ros2_msgs/include/robot_ros2_msgs/robot_ros2_msgs/msg/detail/tag__struct.hpp
[1.980s] -- Up-to-date: /home/mihkel/School/ThesisPractical/ros2_ws/install/robot_ros2_msgs/include/robot_ros2_msgs/robot_ros2_msgs/msg/detail/encoders__traits.hpp
[1.981s] -- Up-to-date: /home/mihkel/School/ThesisPractical/ros2_ws/install/robot_ros2_msgs/include/robot_ros2_msgs/robot_ros2_msgs/msg/detail/previous_and_next_point__traits.hpp
[1.981s] -- Up-to-date: /home/mihkel/School/ThesisPractical/ros2_ws/install/robot_ros2_msgs/include/robot_ros2_msgs/robot_ros2_msgs/msg/detail/tag__traits.hpp
[1.981s] -- Up-to-date: /home/mihkel/School/ThesisPractical/ros2_ws/install/robot_ros2_msgs/include/robot_ros2_msgs/robot_ros2_msgs/msg/previous_and_next_point.hpp
[1.981s] -- Up-to-date: /home/mihkel/School/ThesisPractical/ros2_ws/install/robot_ros2_msgs/include/robot_ros2_msgs/robot_ros2_msgs/msg/tag.hpp
[1.981s] -- Up-to-date: /home/mihkel/School/ThesisPractical/ros2_ws/install/robot_ros2_msgs/include/robot_ros2_msgs/robot_ros2_msgs
[1.982s] -- Up-to-date: /home/mihkel/School/ThesisPractical/ros2_ws/install/robot_ros2_msgs/include/robot_ros2_msgs/robot_ros2_msgs/msg
[1.982s] -- Up-to-date: /home/mihkel/School/ThesisPractical/ros2_ws/install/robot_ros2_msgs/include/robot_ros2_msgs/robot_ros2_msgs/msg/detail
[1.982s] -- Up-to-date: /home/mihkel/School/ThesisPractical/ros2_ws/install/robot_ros2_msgs/include/robot_ros2_msgs/robot_ros2_msgs/msg/detail/dds_fastrtps
[1.982s] -- Up-to-date: /home/mihkel/School/ThesisPractical/ros2_ws/install/robot_ros2_msgs/include/robot_ros2_msgs/robot_ros2_msgs/msg/detail/previous_and_next_point__rosidl_typesupport_fastrtps_cpp.hpp
[1.982s] -- Up-to-date: /home/mihkel/School/ThesisPractical/ros2_ws/install/robot_ros2_msgs/include/robot_ros2_msgs/robot_ros2_msgs/msg/detail/int_list__rosidl_typesupport_fastrtps_cpp.hpp
[1.982s] -- Up-to-date: /home/mihkel/School/ThesisPractical/ros2_ws/install/robot_ros2_msgs/include/robot_ros2_msgs/robot_ros2_msgs/msg/detail/tag__rosidl_typesupport_fastrtps_cpp.hpp
[1.983s] -- Up-to-date: /home/mihkel/School/ThesisPractical/ros2_ws/install/robot_ros2_msgs/include/robot_ros2_msgs/robot_ros2_msgs/msg/detail/encoders__rosidl_typesupport_fastrtps_cpp.hpp
[1.983s] -- Up-to-date: /home/mihkel/School/ThesisPractical/ros2_ws/install/robot_ros2_msgs/include/robot_ros2_msgs/robot_ros2_msgs/msg/rosidl_typesupport_fastrtps_cpp__visibility_control.h
[1.983s] -- Up-to-date: /home/mihkel/School/ThesisPractical/ros2_ws/install/robot_ros2_msgs/lib/librobot_ros2_msgs__rosidl_typesupport_fastrtps_cpp.so
[1.983s] -- Up-to-date: /home/mihkel/School/ThesisPractical/ros2_ws/install/robot_ros2_msgs/include/robot_ros2_msgs/robot_ros2_msgs
[1.983s] -- Up-to-date: /home/mihkel/School/ThesisPractical/ros2_ws/install/robot_ros2_msgs/include/robot_ros2_msgs/robot_ros2_msgs/msg
[1.984s] -- Up-to-date: /home/mihkel/School/ThesisPractical/ros2_ws/install/robot_ros2_msgs/include/robot_ros2_msgs/robot_ros2_msgs/msg/detail
[1.984s] -- Up-to-date: /home/mihkel/School/ThesisPractical/ros2_ws/install/robot_ros2_msgs/include/robot_ros2_msgs/robot_ros2_msgs/msg/detail/encoders__rosidl_typesupport_introspection_cpp.hpp
[1.984s] -- Up-to-date: /home/mihkel/School/ThesisPractical/ros2_ws/install/robot_ros2_msgs/include/robot_ros2_msgs/robot_ros2_msgs/msg/detail/encoders__type_support.cpp
[1.984s] -- Up-to-date: /home/mihkel/School/ThesisPractical/ros2_ws/install/robot_ros2_msgs/include/robot_ros2_msgs/robot_ros2_msgs/msg/detail/tag__type_support.cpp
[1.984s] -- Up-to-date: /home/mihkel/School/ThesisPractical/ros2_ws/install/robot_ros2_msgs/include/robot_ros2_msgs/robot_ros2_msgs/msg/detail/previous_and_next_point__type_support.cpp
[1.985s] -- Up-to-date: /home/mihkel/School/ThesisPractical/ros2_ws/install/robot_ros2_msgs/include/robot_ros2_msgs/robot_ros2_msgs/msg/detail/int_list__rosidl_typesupport_introspection_cpp.hpp
[1.985s] -- Up-to-date: /home/mihkel/School/ThesisPractical/ros2_ws/install/robot_ros2_msgs/include/robot_ros2_msgs/robot_ros2_msgs/msg/detail/previous_and_next_point__rosidl_typesupport_introspection_cpp.hpp
[1.985s] -- Up-to-date: /home/mihkel/School/ThesisPractical/ros2_ws/install/robot_ros2_msgs/include/robot_ros2_msgs/robot_ros2_msgs/msg/detail/tag__rosidl_typesupport_introspection_cpp.hpp
[1.985s] -- Up-to-date: /home/mihkel/School/ThesisPractical/ros2_ws/install/robot_ros2_msgs/include/robot_ros2_msgs/robot_ros2_msgs/msg/detail/int_list__type_support.cpp
[1.985s] -- Up-to-date: /home/mihkel/School/ThesisPractical/ros2_ws/install/robot_ros2_msgs/lib/librobot_ros2_msgs__rosidl_typesupport_introspection_cpp.so
[1.985s] -- Up-to-date: /home/mihkel/School/ThesisPractical/ros2_ws/install/robot_ros2_msgs/lib/librobot_ros2_msgs__rosidl_typesupport_cpp.so
[1.986s] -- Up-to-date: /home/mihkel/School/ThesisPractical/ros2_ws/install/robot_ros2_msgs/share/robot_ros2_msgs/environment/pythonpath.sh
[1.986s] -- Up-to-date: /home/mihkel/School/ThesisPractical/ros2_ws/install/robot_ros2_msgs/share/robot_ros2_msgs/environment/pythonpath.dsv
[1.986s] -- Up-to-date: /home/mihkel/School/ThesisPractical/ros2_ws/install/robot_ros2_msgs/local/lib/python3.10/dist-packages/robot_ros2_msgs-0.0.0-py3.10.egg-info
[1.986s] -- Installing: /home/mihkel/School/ThesisPractical/ros2_ws/install/robot_ros2_msgs/local/lib/python3.10/dist-packages/robot_ros2_msgs-0.0.0-py3.10.egg-info/top_level.txt
[1.986s] -- Installing: /home/mihkel/School/ThesisPractical/ros2_ws/install/robot_ros2_msgs/local/lib/python3.10/dist-packages/robot_ros2_msgs-0.0.0-py3.10.egg-info/PKG-INFO
[1.987s] -- Installing: /home/mihkel/School/ThesisPractical/ros2_ws/install/robot_ros2_msgs/local/lib/python3.10/dist-packages/robot_ros2_msgs-0.0.0-py3.10.egg-info/SOURCES.txt
[1.987s] -- Installing: /home/mihkel/School/ThesisPractical/ros2_ws/install/robot_ros2_msgs/local/lib/python3.10/dist-packages/robot_ros2_msgs-0.0.0-py3.10.egg-info/dependency_links.txt
[1.987s] -- Up-to-date: /home/mihkel/School/ThesisPractical/ros2_ws/install/robot_ros2_msgs/local/lib/python3.10/dist-packages/robot_ros2_msgs
[1.987s] -- Up-to-date: /home/mihkel/School/ThesisPractical/ros2_ws/install/robot_ros2_msgs/local/lib/python3.10/dist-packages/robot_ros2_msgs/_robot_ros2_msgs_s.ep.rosidl_typesupport_c.c
[1.987s] -- Up-to-date: /home/mihkel/School/ThesisPractical/ros2_ws/install/robot_ros2_msgs/local/lib/python3.10/dist-packages/robot_ros2_msgs/_robot_ros2_msgs_s.ep.rosidl_typesupport_fastrtps_c.c
[1.988s] -- Up-to-date: /home/mihkel/School/ThesisPractical/ros2_ws/install/robot_ros2_msgs/local/lib/python3.10/dist-packages/robot_ros2_msgs/_robot_ros2_msgs_s.ep.rosidl_typesupport_introspection_c.c
[1.988s] -- Up-to-date: /home/mihkel/School/ThesisPractical/ros2_ws/install/robot_ros2_msgs/local/lib/python3.10/dist-packages/robot_ros2_msgs/robot_ros2_msgs_s__rosidl_typesupport_c.cpython-310-x86_64-linux-gnu.so
[1.988s] -- Up-to-date: /home/mihkel/School/ThesisPractical/ros2_ws/install/robot_ros2_msgs/local/lib/python3.10/dist-packages/robot_ros2_msgs/robot_ros2_msgs_s__rosidl_typesupport_introspection_c.cpython-310-x86_64-linux-gnu.so
[1.988s] -- Up-to-date: /home/mihkel/School/ThesisPractical/ros2_ws/install/robot_ros2_msgs/local/lib/python3.10/dist-packages/robot_ros2_msgs/__init__.py
[1.988s] -- Up-to-date: /home/mihkel/School/ThesisPractical/ros2_ws/install/robot_ros2_msgs/local/lib/python3.10/dist-packages/robot_ros2_msgs/librobot_ros2_msgs__rosidl_generator_py.so
[1.988s] -- Up-to-date: /home/mihkel/School/ThesisPractical/ros2_ws/install/robot_ros2_msgs/local/lib/python3.10/dist-packages/robot_ros2_msgs/robot_ros2_msgs_s__rosidl_typesupport_fastrtps_c.cpython-310-x86_64-linux-gnu.so
[1.989s] -- Up-to-date: /home/mihkel/School/ThesisPractical/ros2_ws/install/robot_ros2_msgs/local/lib/python3.10/dist-packages/robot_ros2_msgs/msg
[1.989s] -- Up-to-date: /home/mihkel/School/ThesisPractical/ros2_ws/install/robot_ros2_msgs/local/lib/python3.10/dist-packages/robot_ros2_msgs/msg/_previous_and_next_point_s.c
[1.989s] -- Up-to-date: /home/mihkel/School/ThesisPractical/ros2_ws/install/robot_ros2_msgs/local/lib/python3.10/dist-packages/robot_ros2_msgs/msg/_encoders_s.c
[1.989s] -- Up-to-date: /home/mihkel/School/ThesisPractical/ros2_ws/install/robot_ros2_msgs/local/lib/python3.10/dist-packages/robot_ros2_msgs/msg/_tag_s.c
[1.989s] -- Up-to-date: /home/mihkel/School/ThesisPractical/ros2_ws/install/robot_ros2_msgs/local/lib/python3.10/dist-packages/robot_ros2_msgs/msg/_previous_and_next_point.py
[1.990s] -- Up-to-date: /home/mihkel/School/ThesisPractical/ros2_ws/install/robot_ros2_msgs/local/lib/python3.10/dist-packages/robot_ros2_msgs/msg/_int_list.py
[1.990s] -- Up-to-date: /home/mihkel/School/ThesisPractical/ros2_ws/install/robot_ros2_msgs/local/lib/python3.10/dist-packages/robot_ros2_msgs/msg/_tag.py
[1.990s] -- Up-to-date: /home/mihkel/School/ThesisPractical/ros2_ws/install/robot_ros2_msgs/local/lib/python3.10/dist-packages/robot_ros2_msgs/msg/_int_list_s.c
[1.990s] -- Up-to-date: /home/mihkel/School/ThesisPractical/ros2_ws/install/robot_ros2_msgs/local/lib/python3.10/dist-packages/robot_ros2_msgs/msg/__init__.py
[1.990s] -- Up-to-date: /home/mihkel/School/ThesisPractical/ros2_ws/install/robot_ros2_msgs/local/lib/python3.10/dist-packages/robot_ros2_msgs/msg/_encoders.py
[2.061s] Listing '/home/mihkel/School/ThesisPractical/ros2_ws/install/robot_ros2_msgs/local/lib/python3.10/dist-packages/robot_ros2_msgs'...
[2.061s] Listing '/home/mihkel/School/ThesisPractical/ros2_ws/install/robot_ros2_msgs/local/lib/python3.10/dist-packages/robot_ros2_msgs/msg'...
[2.072s] -- Up-to-date: /home/mihkel/School/ThesisPractical/ros2_ws/install/robot_ros2_msgs/local/lib/python3.10/dist-packages/robot_ros2_msgs/robot_ros2_msgs_s__rosidl_typesupport_fastrtps_c.cpython-310-x86_64-linux-gnu.so
[2.073s] -- Up-to-date: /home/mihkel/School/ThesisPractical/ros2_ws/install/robot_ros2_msgs/local/lib/python3.10/dist-packages/robot_ros2_msgs/robot_ros2_msgs_s__rosidl_typesupport_introspection_c.cpython-310-x86_64-linux-gnu.so
[2.074s] -- Up-to-date: /home/mihkel/School/ThesisPractical/ros2_ws/install/robot_ros2_msgs/local/lib/python3.10/dist-packages/robot_ros2_msgs/robot_ros2_msgs_s__rosidl_typesupport_c.cpython-310-x86_64-linux-gnu.so
[2.074s] -- Up-to-date: /home/mihkel/School/ThesisPractical/ros2_ws/install/robot_ros2_msgs/lib/librobot_ros2_msgs__rosidl_generator_py.so
[2.075s] -- Up-to-date: /home/mihkel/School/ThesisPractical/ros2_ws/install/robot_ros2_msgs/share/robot_ros2_msgs/msg/Encoders.idl
[2.076s] -- Up-to-date: /home/mihkel/School/ThesisPractical/ros2_ws/install/robot_ros2_msgs/share/robot_ros2_msgs/msg/IntList.idl
[2.076s] -- Up-to-date: /home/mihkel/School/ThesisPractical/ros2_ws/install/robot_ros2_msgs/share/robot_ros2_msgs/msg/PreviousAndNextPoint.idl
[2.077s] -- Up-to-date: /home/mihkel/School/ThesisPractical/ros2_ws/install/robot_ros2_msgs/share/robot_ros2_msgs/msg/Tag.idl
[2.077s] -- Up-to-date: /home/mihkel/School/ThesisPractical/ros2_ws/install/robot_ros2_msgs/share/robot_ros2_msgs/msg/Encoders.msg
[2.078s] -- Up-to-date: /home/mihkel/School/ThesisPractical/ros2_ws/install/robot_ros2_msgs/share/robot_ros2_msgs/msg/IntList.msg
[2.078s] -- Up-to-date: /home/mihkel/School/ThesisPractical/ros2_ws/install/robot_ros2_msgs/share/robot_ros2_msgs/msg/PreviousAndNextPoint.msg
[2.078s] -- Up-to-date: /home/mihkel/School/ThesisPractical/ros2_ws/install/robot_ros2_msgs/share/robot_ros2_msgs/msg/Tag.msg
[2.079s] -- Up-to-date: /home/mihkel/School/ThesisPractical/ros2_ws/install/robot_ros2_msgs/share/ament_index/resource_index/package_run_dependencies/robot_ros2_msgs
[2.079s] -- Up-to-date: /home/mihkel/School/ThesisPractical/ros2_ws/install/robot_ros2_msgs/share/ament_index/resource_index/parent_prefix_path/robot_ros2_msgs
[2.080s] -- Up-to-date: /home/mihkel/School/ThesisPractical/ros2_ws/install/robot_ros2_msgs/share/robot_ros2_msgs/environment/ament_prefix_path.sh
[2.080s] -- Up-to-date: /home/mihkel/School/ThesisPractical/ros2_ws/install/robot_ros2_msgs/share/robot_ros2_msgs/environment/ament_prefix_path.dsv
[2.081s] -- Up-to-date: /home/mihkel/School/ThesisPractical/ros2_ws/install/robot_ros2_msgs/share/robot_ros2_msgs/environment/path.sh
[2.081s] -- Up-to-date: /home/mihkel/School/ThesisPractical/ros2_ws/install/robot_ros2_msgs/share/robot_ros2_msgs/environment/path.dsv
[2.081s] -- Up-to-date: /home/mihkel/School/ThesisPractical/ros2_ws/install/robot_ros2_msgs/share/robot_ros2_msgs/local_setup.bash
[2.082s] -- Up-to-date: /home/mihkel/School/ThesisPractical/ros2_ws/install/robot_ros2_msgs/share/robot_ros2_msgs/local_setup.sh
[2.082s] -- Up-to-date: /home/mihkel/School/ThesisPractical/ros2_ws/install/robot_ros2_msgs/share/robot_ros2_msgs/local_setup.zsh
[2.083s] -- Up-to-date: /home/mihkel/School/ThesisPractical/ros2_ws/install/robot_ros2_msgs/share/robot_ros2_msgs/local_setup.dsv
[2.083s] -- Installing: /home/mihkel/School/ThesisPractical/ros2_ws/install/robot_ros2_msgs/share/robot_ros2_msgs/package.dsv
[2.084s] -- Up-to-date: /home/mihkel/School/ThesisPractical/ros2_ws/install/robot_ros2_msgs/share/ament_index/resource_index/packages/robot_ros2_msgs
[2.084s] -- Up-to-date: /home/mihkel/School/ThesisPractical/ros2_ws/install/robot_ros2_msgs/share/robot_ros2_msgs/cmake/export_robot_ros2_msgs__rosidl_generator_cExport.cmake
[2.084s] -- Up-to-date: /home/mihkel/School/ThesisPractical/ros2_ws/install/robot_ros2_msgs/share/robot_ros2_msgs/cmake/export_robot_ros2_msgs__rosidl_generator_cExport-noconfig.cmake
[2.085s] -- Up-to-date: /home/mihkel/School/ThesisPractical/ros2_ws/install/robot_ros2_msgs/share/robot_ros2_msgs/cmake/export_robot_ros2_msgs__rosidl_typesupport_fastrtps_cExport.cmake
[2.085s] -- Up-to-date: /home/mihkel/School/ThesisPractical/ros2_ws/install/robot_ros2_msgs/share/robot_ros2_msgs/cmake/export_robot_ros2_msgs__rosidl_typesupport_fastrtps_cExport-noconfig.cmake
[2.086s] -- Up-to-date: /home/mihkel/School/ThesisPractical/ros2_ws/install/robot_ros2_msgs/share/robot_ros2_msgs/cmake/robot_ros2_msgs__rosidl_typesupport_introspection_cExport.cmake
[2.086s] -- Up-to-date: /home/mihkel/School/ThesisPractical/ros2_ws/install/robot_ros2_msgs/share/robot_ros2_msgs/cmake/robot_ros2_msgs__rosidl_typesupport_introspection_cExport-noconfig.cmake
[2.087s] -- Up-to-date: /home/mihkel/School/ThesisPractical/ros2_ws/install/robot_ros2_msgs/share/robot_ros2_msgs/cmake/robot_ros2_msgs__rosidl_typesupport_cExport.cmake
[2.087s] -- Up-to-date: /home/mihkel/School/ThesisPractical/ros2_ws/install/robot_ros2_msgs/share/robot_ros2_msgs/cmake/robot_ros2_msgs__rosidl_typesupport_cExport-noconfig.cmake
[2.087s] -- Up-to-date: /home/mihkel/School/ThesisPractical/ros2_ws/install/robot_ros2_msgs/share/robot_ros2_msgs/cmake/export_robot_ros2_msgs__rosidl_generator_cppExport.cmake
[2.088s] -- Up-to-date: /home/mihkel/School/ThesisPractical/ros2_ws/install/robot_ros2_msgs/share/robot_ros2_msgs/cmake/export_robot_ros2_msgs__rosidl_typesupport_fastrtps_cppExport.cmake
[2.088s] -- Up-to-date: /home/mihkel/School/ThesisPractical/ros2_ws/install/robot_ros2_msgs/share/robot_ros2_msgs/cmake/export_robot_ros2_msgs__rosidl_typesupport_fastrtps_cppExport-noconfig.cmake
[2.088s] -- Up-to-date: /home/mihkel/School/ThesisPractical/ros2_ws/install/robot_ros2_msgs/share/robot_ros2_msgs/cmake/robot_ros2_msgs__rosidl_typesupport_introspection_cppExport.cmake
[2.089s] -- Up-to-date: /home/mihkel/School/ThesisPractical/ros2_ws/install/robot_ros2_msgs/share/robot_ros2_msgs/cmake/robot_ros2_msgs__rosidl_typesupport_introspection_cppExport-noconfig.cmake
[2.089s] -- Up-to-date: /home/mihkel/School/ThesisPractical/ros2_ws/install/robot_ros2_msgs/share/robot_ros2_msgs/cmake/robot_ros2_msgs__rosidl_typesupport_cppExport.cmake
[2.089s] -- Up-to-date: /home/mihkel/School/ThesisPractical/ros2_ws/install/robot_ros2_msgs/share/robot_ros2_msgs/cmake/robot_ros2_msgs__rosidl_typesupport_cppExport-noconfig.cmake
[2.089s] -- Up-to-date: /home/mihkel/School/ThesisPractical/ros2_ws/install/robot_ros2_msgs/share/robot_ros2_msgs/cmake/export_robot_ros2_msgs__rosidl_generator_pyExport.cmake
[2.090s] -- Up-to-date: /home/mihkel/School/ThesisPractical/ros2_ws/install/robot_ros2_msgs/share/robot_ros2_msgs/cmake/export_robot_ros2_msgs__rosidl_generator_pyExport-noconfig.cmake
[2.090s] -- Up-to-date: /home/mihkel/School/ThesisPractical/ros2_ws/install/robot_ros2_msgs/share/robot_ros2_msgs/cmake/rosidl_cmake-extras.cmake
[2.090s] -- Up-to-date: /home/mihkel/School/ThesisPractical/ros2_ws/install/robot_ros2_msgs/share/robot_ros2_msgs/cmake/ament_cmake_export_dependencies-extras.cmake
[2.091s] -- Up-to-date: /home/mihkel/School/ThesisPractical/ros2_ws/install/robot_ros2_msgs/share/robot_ros2_msgs/cmake/ament_cmake_export_include_directories-extras.cmake
[2.091s] -- Up-to-date: /home/mihkel/School/ThesisPractical/ros2_ws/install/robot_ros2_msgs/share/robot_ros2_msgs/cmake/ament_cmake_export_libraries-extras.cmake
[2.092s] -- Up-to-date: /home/mihkel/School/ThesisPractical/ros2_ws/install/robot_ros2_msgs/share/robot_ros2_msgs/cmake/ament_cmake_export_targets-extras.cmake
[2.093s] -- Up-to-date: /home/mihkel/School/ThesisPractical/ros2_ws/install/robot_ros2_msgs/share/robot_ros2_msgs/cmake/rosidl_cmake_export_typesupport_targets-extras.cmake
[2.094s] -- Up-to-date: /home/mihkel/School/ThesisPractical/ros2_ws/install/robot_ros2_msgs/share/robot_ros2_msgs/cmake/rosidl_cmake_export_typesupport_libraries-extras.cmake
[2.094s] -- Up-to-date: /home/mihkel/School/ThesisPractical/ros2_ws/install/robot_ros2_msgs/share/robot_ros2_msgs/cmake/robot_ros2_msgsConfig.cmake
[2.095s] -- Up-to-date: /home/mihkel/School/ThesisPractical/ros2_ws/install/robot_ros2_msgs/share/robot_ros2_msgs/cmake/robot_ros2_msgsConfig-version.cmake
[2.095s] -- Up-to-date: /home/mihkel/School/ThesisPractical/ros2_ws/install/robot_ros2_msgs/share/robot_ros2_msgs/package.xml
[2.096s] Invoked command in '/home/mihkel/School/ThesisPractical/ros2_ws/build/robot_ros2_msgs' returned '0': CMAKE_PREFIX_PATH=${CMAKE_PREFIX_PATH}:/home/mihkel/School/ThesisPractical/ros2_ws/install/hospital_carrier:/opt/ros/humble /usr/bin/cmake --install /home/mihkel/School/ThesisPractical/ros2_ws/build/robot_ros2_msgs
