[0.341s] Invoking command in '/home/mihkel/School/ros-packages/nav2_ws/build/nav2_behaviors': AMENT_PREFIX_PATH=/home/mihkel/School/ros-packages/nav2_ws/install/nav2_core:/home/mihkel/School/ros-packages/nav2_ws/install/nav2_costmap_2d:/home/mihkel/School/ros-packages/nav2_ws/install/nav2_behavior_tree:/home/mihkel/School/ros-packages/nav2_ws/install/nav2_util:/home/mihkel/School/ros-packages/nav2_ws/install/nav2_voxel_grid:/home/mihkel/School/ros-packages/nav2_ws/install/nav2_msgs:/home/mihkel/School/ros-packages/nav2_ws/install/bondcpp:/home/mihkel/School/ros-packages/nav2_ws/install/smclib:/home/mihkel/School/ros-packages/nav2_ws/install/nav2_common:/home/mihkel/School/ros-packages/nav2_ws/install/bond:${AMENT_PREFIX_PATH} CMAKE_PREFIX_PATH=/home/mihkel/School/ros-packages/nav2_ws/install/nav2_core:/home/mihkel/School/ros-packages/nav2_ws/install/nav2_costmap_2d:/home/mihkel/School/ros-packages/nav2_ws/install/nav2_behavior_tree:/home/mihkel/School/ros-packages/nav2_ws/install/nav2_util:/home/mihkel/School/ros-packages/nav2_ws/install/nav2_voxel_grid:/home/mihkel/School/ros-packages/nav2_ws/install/nav2_msgs:/home/mihkel/School/ros-packages/nav2_ws/install/bondcpp:/home/mihkel/School/ros-packages/nav2_ws/install/smclib:/home/mihkel/School/ros-packages/nav2_ws/install/nav2_common:/home/mihkel/School/ros-packages/nav2_ws/install/bond:/opt/ros/humble LD_LIBRARY_PATH=/home/mihkel/School/ros-packages/nav2_ws/install/nav2_costmap_2d/lib:/home/mihkel/School/ros-packages/nav2_ws/install/nav2_behavior_tree/lib:/home/mihkel/School/ros-packages/nav2_ws/install/nav2_util/lib:/home/mihkel/School/ros-packages/nav2_ws/install/nav2_voxel_grid/lib:/home/mihkel/School/ros-packages/nav2_ws/install/nav2_msgs/lib:/home/mihkel/School/ros-packages/nav2_ws/install/bondcpp/lib:/home/mihkel/School/ros-packages/nav2_ws/install/bond/lib:${LD_LIBRARY_PATH} PYTHONPATH=/home/mihkel/School/ros-packages/nav2_ws/install/nav2_msgs/local/lib/python3.10/dist-packages:/home/mihkel/School/ros-packages/nav2_ws/install/smclib/local/lib/python3.10/dist-packages:/home/mihkel/School/ros-packages/nav2_ws/install/nav2_common/local/lib/python3.10/dist-packages:/home/mihkel/School/ros-packages/nav2_ws/install/bond/local/lib/python3.10/dist-packages:${PYTHONPATH} /home/mihkel/.local/bin/cmake /home/mihkel/School/ros-packages/nav2_ws/src/navigation2/nav2_behaviors -DAMENT_CMAKE_SYMLINK_INSTALL=1 -DCMAKE_INSTALL_PREFIX=/home/mihkel/School/ros-packages/nav2_ws/install/nav2_behaviors
[0.596s] -- The C compiler identification is GNU 11.4.0
[0.783s] -- The CXX compiler identification is GNU 11.4.0
[0.833s] -- Detecting C compiler ABI info
[1.024s] -- Detecting C compiler ABI info - done
[1.067s] -- Check for working C compiler: /usr/bin/cc - skipped
[1.068s] -- Detecting C compile features
[1.070s] -- Detecting C compile features - done
[1.099s] -- Detecting CXX compiler ABI info
[1.330s] -- Detecting CXX compiler ABI info - done
[1.374s] -- Check for working CXX compiler: /usr/bin/c++ - skipped
[1.375s] -- Detecting CXX compile features
[1.377s] -- Detecting CXX compile features - done
[1.388s] -- Found ament_cmake: 1.3.6 (/opt/ros/humble/share/ament_cmake/cmake)
[5.394s] -- Found Python3: /usr/bin/python3.10 (found version "3.10.12") found components: Interpreter 
[5.626s] -- Override CMake install command with custom implementation using symlinks instead of copying resources
[5.754s] -- Found nav2_common: 1.1.12 (/home/mihkel/School/ros-packages/nav2_ws/install/nav2_common/share/nav2_common/cmake)
[5.763s] -- Found rclcpp: 16.0.7 (/opt/ros/humble/share/rclcpp/cmake)
[5.964s] -- Found rosidl_generator_c: 3.1.5 (/opt/ros/humble/share/rosidl_generator_c/cmake)
[5.991s] -- Found rosidl_adapter: 3.1.5 (/opt/ros/humble/share/rosidl_adapter/cmake)
[6.034s] -- Found rosidl_generator_cpp: 3.1.5 (/opt/ros/humble/share/rosidl_generator_cpp/cmake)
[6.107s] -- Using all available rosidl_typesupport_c: rosidl_typesupport_fastrtps_c;rosidl_typesupport_introspection_c
[6.210s] -- Using all available rosidl_typesupport_cpp: rosidl_typesupport_fastrtps_cpp;rosidl_typesupport_introspection_cpp
[6.567s] -- Found rmw_implementation_cmake: 6.1.1 (/opt/ros/humble/share/rmw_implementation_cmake/cmake)
[6.582s] -- Found rmw_fastrtps_cpp: 6.2.5 (/opt/ros/humble/share/rmw_fastrtps_cpp/cmake)
[6.962s] -- Found OpenSSL: /usr/lib/x86_64-linux-gnu/libcrypto.so (found version "3.0.2")  
[7.077s] -- Found FastRTPS: /opt/ros/humble/include  
[7.276s] -- Using RMW implementation 'rmw_fastrtps_cpp' as default
[7.324s] -- Performing Test CMAKE_HAVE_LIBC_PTHREAD
[7.519s] -- Performing Test CMAKE_HAVE_LIBC_PTHREAD - Success
[7.523s] -- Found Threads: TRUE  
[8.280s] -- Found rclcpp_action: 16.0.7 (/opt/ros/humble/share/rclcpp_action/cmake)
[8.742s] -- Found rclcpp_lifecycle: 16.0.7 (/opt/ros/humble/share/rclcpp_lifecycle/cmake)
[8.946s] -- Found rclcpp_components: 16.0.7 (/opt/ros/humble/share/rclcpp_components/cmake)
[9.254s] -- Found nav2_behavior_tree: 1.1.12 (/home/mihkel/School/ros-packages/nav2_ws/install/nav2_behavior_tree/share/nav2_behavior_tree/cmake)
[12.253s] -- Found eigen3_cmake_module: 0.1.1 (/opt/ros/humble/share/eigen3_cmake_module/cmake)
[12.259s] -- Found Eigen3: TRUE (found version "3.4.0") 
[12.259s] -- Ensuring Eigen3 include directory is part of orocos-kdl CMake target
[16.016s] -- Found nav2_costmap_2d: 1.1.12 (/home/mihkel/School/ros-packages/nav2_ws/install/nav2_costmap_2d/share/nav2_costmap_2d/cmake)
[20.493s] -- Found nav2_core: 1.1.12 (/home/mihkel/School/ros-packages/nav2_ws/install/nav2_core/share/nav2_core/cmake)
[24.416s] -- Setting build type to Release as none was specified.
[252.406s] -- Found ament_lint_auto: 0.12.9 (/opt/ros/humble/share/ament_lint_auto/cmake)
[252.721s] -- Found gtest sources under '/opt/ros/humble/src/gtest_vendor': C++ tests using 'Google Test' will be built
[275.758s] -- Added test 'copyright' to check source files copyright and LICENSE
[275.770s] -- Added test 'cppcheck' to perform static code analysis on C / C++ code
[275.778s] -- Configured cppcheck include dirs: /home/mihkel/School/ros-packages/nav2_ws/src/navigation2/nav2_behaviors/include
[275.778s] -- Configured cppcheck exclude dirs and/or files: 
[275.782s] -- Added test 'cpplint' to check C / C++ code against the Google style
[275.782s] -- Configured cpplint exclude dirs and/or files: 
[275.785s] -- Added test 'lint_cmake' to check CMake code style
[275.790s] -- Added test 'uncrustify' to check C / C++ code style
[275.790s] -- Configured uncrustify additional arguments: 
[275.792s] -- Added test 'xmllint' to check XML markup files
[275.802s] -- Configuring done (275.4s)
[276.725s] -- Generating done (0.7s)
[276.734s] -- Build files have been written to: /home/mihkel/School/ros-packages/nav2_ws/build/nav2_behaviors
[276.781s] Invoked command in '/home/mihkel/School/ros-packages/nav2_ws/build/nav2_behaviors' returned '0': AMENT_PREFIX_PATH=/home/mihkel/School/ros-packages/nav2_ws/install/nav2_core:/home/mihkel/School/ros-packages/nav2_ws/install/nav2_costmap_2d:/home/mihkel/School/ros-packages/nav2_ws/install/nav2_behavior_tree:/home/mihkel/School/ros-packages/nav2_ws/install/nav2_util:/home/mihkel/School/ros-packages/nav2_ws/install/nav2_voxel_grid:/home/mihkel/School/ros-packages/nav2_ws/install/nav2_msgs:/home/mihkel/School/ros-packages/nav2_ws/install/bondcpp:/home/mihkel/School/ros-packages/nav2_ws/install/smclib:/home/mihkel/School/ros-packages/nav2_ws/install/nav2_common:/home/mihkel/School/ros-packages/nav2_ws/install/bond:${AMENT_PREFIX_PATH} CMAKE_PREFIX_PATH=/home/mihkel/School/ros-packages/nav2_ws/install/nav2_core:/home/mihkel/School/ros-packages/nav2_ws/install/nav2_costmap_2d:/home/mihkel/School/ros-packages/nav2_ws/install/nav2_behavior_tree:/home/mihkel/School/ros-packages/nav2_ws/install/nav2_util:/home/mihkel/School/ros-packages/nav2_ws/install/nav2_voxel_grid:/home/mihkel/School/ros-packages/nav2_ws/install/nav2_msgs:/home/mihkel/School/ros-packages/nav2_ws/install/bondcpp:/home/mihkel/School/ros-packages/nav2_ws/install/smclib:/home/mihkel/School/ros-packages/nav2_ws/install/nav2_common:/home/mihkel/School/ros-packages/nav2_ws/install/bond:/opt/ros/humble LD_LIBRARY_PATH=/home/mihkel/School/ros-packages/nav2_ws/install/nav2_costmap_2d/lib:/home/mihkel/School/ros-packages/nav2_ws/install/nav2_behavior_tree/lib:/home/mihkel/School/ros-packages/nav2_ws/install/nav2_util/lib:/home/mihkel/School/ros-packages/nav2_ws/install/nav2_voxel_grid/lib:/home/mihkel/School/ros-packages/nav2_ws/install/nav2_msgs/lib:/home/mihkel/School/ros-packages/nav2_ws/install/bondcpp/lib:/home/mihkel/School/ros-packages/nav2_ws/install/bond/lib:${LD_LIBRARY_PATH} PYTHONPATH=/home/mihkel/School/ros-packages/nav2_ws/install/nav2_msgs/local/lib/python3.10/dist-packages:/home/mihkel/School/ros-packages/nav2_ws/install/smclib/local/lib/python3.10/dist-packages:/home/mihkel/School/ros-packages/nav2_ws/install/nav2_common/local/lib/python3.10/dist-packages:/home/mihkel/School/ros-packages/nav2_ws/install/bond/local/lib/python3.10/dist-packages:${PYTHONPATH} /home/mihkel/.local/bin/cmake /home/mihkel/School/ros-packages/nav2_ws/src/navigation2/nav2_behaviors -DAMENT_CMAKE_SYMLINK_INSTALL=1 -DCMAKE_INSTALL_PREFIX=/home/mihkel/School/ros-packages/nav2_ws/install/nav2_behaviors
[276.786s] Invoking command in '/home/mihkel/School/ros-packages/nav2_ws/build/nav2_behaviors': AMENT_PREFIX_PATH=/home/mihkel/School/ros-packages/nav2_ws/install/nav2_core:/home/mihkel/School/ros-packages/nav2_ws/install/nav2_costmap_2d:/home/mihkel/School/ros-packages/nav2_ws/install/nav2_behavior_tree:/home/mihkel/School/ros-packages/nav2_ws/install/nav2_util:/home/mihkel/School/ros-packages/nav2_ws/install/nav2_voxel_grid:/home/mihkel/School/ros-packages/nav2_ws/install/nav2_msgs:/home/mihkel/School/ros-packages/nav2_ws/install/bondcpp:/home/mihkel/School/ros-packages/nav2_ws/install/smclib:/home/mihkel/School/ros-packages/nav2_ws/install/nav2_common:/home/mihkel/School/ros-packages/nav2_ws/install/bond:${AMENT_PREFIX_PATH} CMAKE_PREFIX_PATH=/home/mihkel/School/ros-packages/nav2_ws/install/nav2_core:/home/mihkel/School/ros-packages/nav2_ws/install/nav2_costmap_2d:/home/mihkel/School/ros-packages/nav2_ws/install/nav2_behavior_tree:/home/mihkel/School/ros-packages/nav2_ws/install/nav2_util:/home/mihkel/School/ros-packages/nav2_ws/install/nav2_voxel_grid:/home/mihkel/School/ros-packages/nav2_ws/install/nav2_msgs:/home/mihkel/School/ros-packages/nav2_ws/install/bondcpp:/home/mihkel/School/ros-packages/nav2_ws/install/smclib:/home/mihkel/School/ros-packages/nav2_ws/install/nav2_common:/home/mihkel/School/ros-packages/nav2_ws/install/bond:/opt/ros/humble LD_LIBRARY_PATH=/home/mihkel/School/ros-packages/nav2_ws/install/nav2_costmap_2d/lib:/home/mihkel/School/ros-packages/nav2_ws/install/nav2_behavior_tree/lib:/home/mihkel/School/ros-packages/nav2_ws/install/nav2_util/lib:/home/mihkel/School/ros-packages/nav2_ws/install/nav2_voxel_grid/lib:/home/mihkel/School/ros-packages/nav2_ws/install/nav2_msgs/lib:/home/mihkel/School/ros-packages/nav2_ws/install/bondcpp/lib:/home/mihkel/School/ros-packages/nav2_ws/install/bond/lib:${LD_LIBRARY_PATH} PYTHONPATH=/home/mihkel/School/ros-packages/nav2_ws/install/nav2_msgs/local/lib/python3.10/dist-packages:/home/mihkel/School/ros-packages/nav2_ws/install/smclib/local/lib/python3.10/dist-packages:/home/mihkel/School/ros-packages/nav2_ws/install/nav2_common/local/lib/python3.10/dist-packages:/home/mihkel/School/ros-packages/nav2_ws/install/bond/local/lib/python3.10/dist-packages:${PYTHONPATH} /home/mihkel/.local/bin/cmake --build /home/mihkel/School/ros-packages/nav2_ws/build/nav2_behaviors -- -j12 -l12
[276.927s] [  5%] [32mBuilding CXX object gtest/CMakeFiles/gtest_main.dir/src/gtest_main.cc.o[0m
[276.928s] [ 10%] [32mBuilding CXX object CMakeFiles/nav2_spin_behavior.dir/plugins/spin.cpp.o[0m
[276.929s] [ 15%] [32mBuilding CXX object gtest/CMakeFiles/gtest.dir/src/gtest-all.cc.o[0m
[276.935s] [ 20%] [32mBuilding CXX object CMakeFiles/nav2_wait_behavior.dir/plugins/wait.cpp.o[0m
[276.935s] [ 25%] [32mBuilding CXX object CMakeFiles/nav2_assisted_teleop_behavior.dir/plugins/assisted_teleop.cpp.o[0m
[276.936s] [ 30%] [32mBuilding CXX object CMakeFiles/nav2_back_up_behavior.dir/plugins/back_up.cpp.o[0m
[276.937s] [ 35%] [32mBuilding CXX object CMakeFiles/nav2_drive_on_heading_behavior.dir/plugins/drive_on_heading.cpp.o[0m
[276.939s] [ 40%] [32mBuilding CXX object CMakeFiles/behavior_server_core.dir/src/behavior_server.cpp.o[0m
[280.520s] [ 45%] [32m[1mLinking CXX static library libgtest_main.a[0m
[280.565s] [ 45%] Built target gtest_main
[308.144s] [ 50%] [32m[1mLinking CXX shared library libnav2_spin_behavior.so[0m
[308.688s] [ 55%] [32m[1mLinking CXX shared library libnav2_wait_behavior.so[0m
[309.502s] [ 55%] Built target nav2_spin_behavior
[309.561s] [ 55%] Built target nav2_wait_behavior
[310.757s] [ 60%] [32m[1mLinking CXX shared library libbehavior_server_core.so[0m
[311.707s] [ 60%] Built target behavior_server_core
[311.740s] [ 65%] [32mBuilding CXX object CMakeFiles/behavior_server.dir/src/main.cpp.o[0m
[312.209s] [ 70%] [32m[1mLinking CXX static library libgtest.a[0m
[312.266s] [ 70%] Built target gtest
[312.298s] [ 75%] [32mBuilding CXX object test/CMakeFiles/test_behaviors.dir/test_behaviors.cpp.o[0m
[316.767s] [ 80%] [32m[1mLinking CXX shared library libnav2_back_up_behavior.so[0m
[316.926s] [ 85%] [32m[1mLinking CXX shared library libnav2_drive_on_heading_behavior.so[0m
[317.694s] [ 85%] Built target nav2_back_up_behavior
[317.843s] [ 85%] Built target nav2_drive_on_heading_behavior
[325.615s] [ 90%] [32m[1mLinking CXX executable behavior_server[0m
[326.402s] [ 90%] Built target behavior_server
[340.341s] [ 95%] [32m[1mLinking CXX shared library libnav2_assisted_teleop_behavior.so[0m
[341.255s] [ 95%] Built target nav2_assisted_teleop_behavior
[344.299s] [100%] [32m[1mLinking CXX executable test_behaviors[0m
[345.171s] [100%] Built target test_behaviors
[345.194s] Invoked command in '/home/mihkel/School/ros-packages/nav2_ws/build/nav2_behaviors' returned '0': AMENT_PREFIX_PATH=/home/mihkel/School/ros-packages/nav2_ws/install/nav2_core:/home/mihkel/School/ros-packages/nav2_ws/install/nav2_costmap_2d:/home/mihkel/School/ros-packages/nav2_ws/install/nav2_behavior_tree:/home/mihkel/School/ros-packages/nav2_ws/install/nav2_util:/home/mihkel/School/ros-packages/nav2_ws/install/nav2_voxel_grid:/home/mihkel/School/ros-packages/nav2_ws/install/nav2_msgs:/home/mihkel/School/ros-packages/nav2_ws/install/bondcpp:/home/mihkel/School/ros-packages/nav2_ws/install/smclib:/home/mihkel/School/ros-packages/nav2_ws/install/nav2_common:/home/mihkel/School/ros-packages/nav2_ws/install/bond:${AMENT_PREFIX_PATH} CMAKE_PREFIX_PATH=/home/mihkel/School/ros-packages/nav2_ws/install/nav2_core:/home/mihkel/School/ros-packages/nav2_ws/install/nav2_costmap_2d:/home/mihkel/School/ros-packages/nav2_ws/install/nav2_behavior_tree:/home/mihkel/School/ros-packages/nav2_ws/install/nav2_util:/home/mihkel/School/ros-packages/nav2_ws/install/nav2_voxel_grid:/home/mihkel/School/ros-packages/nav2_ws/install/nav2_msgs:/home/mihkel/School/ros-packages/nav2_ws/install/bondcpp:/home/mihkel/School/ros-packages/nav2_ws/install/smclib:/home/mihkel/School/ros-packages/nav2_ws/install/nav2_common:/home/mihkel/School/ros-packages/nav2_ws/install/bond:/opt/ros/humble LD_LIBRARY_PATH=/home/mihkel/School/ros-packages/nav2_ws/install/nav2_costmap_2d/lib:/home/mihkel/School/ros-packages/nav2_ws/install/nav2_behavior_tree/lib:/home/mihkel/School/ros-packages/nav2_ws/install/nav2_util/lib:/home/mihkel/School/ros-packages/nav2_ws/install/nav2_voxel_grid/lib:/home/mihkel/School/ros-packages/nav2_ws/install/nav2_msgs/lib:/home/mihkel/School/ros-packages/nav2_ws/install/bondcpp/lib:/home/mihkel/School/ros-packages/nav2_ws/install/bond/lib:${LD_LIBRARY_PATH} PYTHONPATH=/home/mihkel/School/ros-packages/nav2_ws/install/nav2_msgs/local/lib/python3.10/dist-packages:/home/mihkel/School/ros-packages/nav2_ws/install/smclib/local/lib/python3.10/dist-packages:/home/mihkel/School/ros-packages/nav2_ws/install/nav2_common/local/lib/python3.10/dist-packages:/home/mihkel/School/ros-packages/nav2_ws/install/bond/local/lib/python3.10/dist-packages:${PYTHONPATH} /home/mihkel/.local/bin/cmake --build /home/mihkel/School/ros-packages/nav2_ws/build/nav2_behaviors -- -j12 -l12
[345.348s] Invoking command in '/home/mihkel/School/ros-packages/nav2_ws/build/nav2_behaviors': AMENT_PREFIX_PATH=/home/mihkel/School/ros-packages/nav2_ws/install/nav2_core:/home/mihkel/School/ros-packages/nav2_ws/install/nav2_costmap_2d:/home/mihkel/School/ros-packages/nav2_ws/install/nav2_behavior_tree:/home/mihkel/School/ros-packages/nav2_ws/install/nav2_util:/home/mihkel/School/ros-packages/nav2_ws/install/nav2_voxel_grid:/home/mihkel/School/ros-packages/nav2_ws/install/nav2_msgs:/home/mihkel/School/ros-packages/nav2_ws/install/bondcpp:/home/mihkel/School/ros-packages/nav2_ws/install/smclib:/home/mihkel/School/ros-packages/nav2_ws/install/nav2_common:/home/mihkel/School/ros-packages/nav2_ws/install/bond:${AMENT_PREFIX_PATH} CMAKE_PREFIX_PATH=/home/mihkel/School/ros-packages/nav2_ws/install/nav2_core:/home/mihkel/School/ros-packages/nav2_ws/install/nav2_costmap_2d:/home/mihkel/School/ros-packages/nav2_ws/install/nav2_behavior_tree:/home/mihkel/School/ros-packages/nav2_ws/install/nav2_util:/home/mihkel/School/ros-packages/nav2_ws/install/nav2_voxel_grid:/home/mihkel/School/ros-packages/nav2_ws/install/nav2_msgs:/home/mihkel/School/ros-packages/nav2_ws/install/bondcpp:/home/mihkel/School/ros-packages/nav2_ws/install/smclib:/home/mihkel/School/ros-packages/nav2_ws/install/nav2_common:/home/mihkel/School/ros-packages/nav2_ws/install/bond:/opt/ros/humble LD_LIBRARY_PATH=/home/mihkel/School/ros-packages/nav2_ws/install/nav2_costmap_2d/lib:/home/mihkel/School/ros-packages/nav2_ws/install/nav2_behavior_tree/lib:/home/mihkel/School/ros-packages/nav2_ws/install/nav2_util/lib:/home/mihkel/School/ros-packages/nav2_ws/install/nav2_voxel_grid/lib:/home/mihkel/School/ros-packages/nav2_ws/install/nav2_msgs/lib:/home/mihkel/School/ros-packages/nav2_ws/install/bondcpp/lib:/home/mihkel/School/ros-packages/nav2_ws/install/bond/lib:${LD_LIBRARY_PATH} PYTHONPATH=/home/mihkel/School/ros-packages/nav2_ws/install/nav2_msgs/local/lib/python3.10/dist-packages:/home/mihkel/School/ros-packages/nav2_ws/install/smclib/local/lib/python3.10/dist-packages:/home/mihkel/School/ros-packages/nav2_ws/install/nav2_common/local/lib/python3.10/dist-packages:/home/mihkel/School/ros-packages/nav2_ws/install/bond/local/lib/python3.10/dist-packages:${PYTHONPATH} /home/mihkel/.local/bin/cmake --install /home/mihkel/School/ros-packages/nav2_ws/build/nav2_behaviors
[345.421s] -- Install configuration: "Release"
[345.423s] -- Execute custom install script
[345.423s] -- Symlinking: /home/mihkel/School/ros-packages/nav2_ws/install/nav2_behaviors/share/nav2_behaviors//behavior_plugin.xml
[345.431s] -- Symlinking: /home/mihkel/School/ros-packages/nav2_ws/install/nav2_behaviors/lib/libbehavior_server_core.so
[345.437s] -- Symlinking: /home/mihkel/School/ros-packages/nav2_ws/install/nav2_behaviors/lib/libnav2_spin_behavior.so
[345.443s] -- Symlinking: /home/mihkel/School/ros-packages/nav2_ws/install/nav2_behaviors/lib/libnav2_wait_behavior.so
[345.449s] -- Symlinking: /home/mihkel/School/ros-packages/nav2_ws/install/nav2_behaviors/lib/libnav2_assisted_teleop_behavior.so
[345.455s] -- Symlinking: /home/mihkel/School/ros-packages/nav2_ws/install/nav2_behaviors/lib/libnav2_drive_on_heading_behavior.so
[345.462s] -- Symlinking: /home/mihkel/School/ros-packages/nav2_ws/install/nav2_behaviors/lib/libnav2_back_up_behavior.so
[345.468s] -- Symlinking: /home/mihkel/School/ros-packages/nav2_ws/install/nav2_behaviors/lib/nav2_behaviors/behavior_server
[345.475s] -- Symlinking: /home/mihkel/School/ros-packages/nav2_ws/install/nav2_behaviors/include//nav2_behaviors/behavior_server.hpp
[345.482s] -- Symlinking: /home/mihkel/School/ros-packages/nav2_ws/install/nav2_behaviors/include//nav2_behaviors/plugins/assisted_teleop.hpp
[345.488s] -- Symlinking: /home/mihkel/School/ros-packages/nav2_ws/install/nav2_behaviors/include//nav2_behaviors/plugins/back_up.hpp
[345.494s] -- Symlinking: /home/mihkel/School/ros-packages/nav2_ws/install/nav2_behaviors/include//nav2_behaviors/plugins/drive_on_heading.hpp
[345.500s] -- Symlinking: /home/mihkel/School/ros-packages/nav2_ws/install/nav2_behaviors/include//nav2_behaviors/plugins/spin.hpp
[345.506s] -- Symlinking: /home/mihkel/School/ros-packages/nav2_ws/install/nav2_behaviors/include//nav2_behaviors/plugins/wait.hpp
[345.512s] -- Symlinking: /home/mihkel/School/ros-packages/nav2_ws/install/nav2_behaviors/include//nav2_behaviors/timed_behavior.hpp
[345.519s] -- Up-to-date symlink: /home/mihkel/School/ros-packages/nav2_ws/install/nav2_behaviors/share/nav2_behaviors/behavior_plugin.xml
[345.520s] -- Symlinking: /home/mihkel/School/ros-packages/nav2_ws/install/nav2_behaviors/share/nav2_behaviors/plugins//assisted_teleop.cpp
[345.526s] -- Symlinking: /home/mihkel/School/ros-packages/nav2_ws/install/nav2_behaviors/share/nav2_behaviors/plugins//back_up.cpp
[345.532s] -- Symlinking: /home/mihkel/School/ros-packages/nav2_ws/install/nav2_behaviors/share/nav2_behaviors/plugins//drive_on_heading.cpp
[345.538s] -- Symlinking: /home/mihkel/School/ros-packages/nav2_ws/install/nav2_behaviors/share/nav2_behaviors/plugins//spin.cpp
[345.544s] -- Symlinking: /home/mihkel/School/ros-packages/nav2_ws/install/nav2_behaviors/share/nav2_behaviors/plugins//wait.cpp
[345.551s] -- Symlinking: /home/mihkel/School/ros-packages/nav2_ws/install/nav2_behaviors/share/nav2_behaviors/environment/library_path.sh
[345.557s] -- Symlinking: /home/mihkel/School/ros-packages/nav2_ws/install/nav2_behaviors/share/nav2_behaviors/environment/library_path.dsv
[345.564s] -- Symlinking: /home/mihkel/School/ros-packages/nav2_ws/install/nav2_behaviors/share/ament_index/resource_index/package_run_dependencies/nav2_behaviors
[345.570s] -- Symlinking: /home/mihkel/School/ros-packages/nav2_ws/install/nav2_behaviors/share/ament_index/resource_index/parent_prefix_path/nav2_behaviors
[345.577s] -- Symlinking: /home/mihkel/School/ros-packages/nav2_ws/install/nav2_behaviors/share/nav2_behaviors/environment/ament_prefix_path.sh
[345.583s] -- Symlinking: /home/mihkel/School/ros-packages/nav2_ws/install/nav2_behaviors/share/nav2_behaviors/environment/ament_prefix_path.dsv
[345.589s] -- Symlinking: /home/mihkel/School/ros-packages/nav2_ws/install/nav2_behaviors/share/nav2_behaviors/environment/path.sh
[345.595s] -- Symlinking: /home/mihkel/School/ros-packages/nav2_ws/install/nav2_behaviors/share/nav2_behaviors/environment/path.dsv
[345.602s] -- Symlinking: /home/mihkel/School/ros-packages/nav2_ws/install/nav2_behaviors/share/nav2_behaviors/local_setup.bash
[345.608s] -- Symlinking: /home/mihkel/School/ros-packages/nav2_ws/install/nav2_behaviors/share/nav2_behaviors/local_setup.sh
[345.614s] -- Symlinking: /home/mihkel/School/ros-packages/nav2_ws/install/nav2_behaviors/share/nav2_behaviors/local_setup.zsh
[345.620s] -- Symlinking: /home/mihkel/School/ros-packages/nav2_ws/install/nav2_behaviors/share/nav2_behaviors/local_setup.dsv
[345.627s] -- Symlinking: /home/mihkel/School/ros-packages/nav2_ws/install/nav2_behaviors/share/nav2_behaviors/package.dsv
[345.633s] -- Symlinking: /home/mihkel/School/ros-packages/nav2_ws/install/nav2_behaviors/share/ament_index/resource_index/packages/nav2_behaviors
[345.639s] -- Symlinking: /home/mihkel/School/ros-packages/nav2_ws/install/nav2_behaviors/share/ament_index/resource_index/nav2_core__pluginlib__plugin/nav2_behaviors
[345.646s] -- Symlinking: /home/mihkel/School/ros-packages/nav2_ws/install/nav2_behaviors/share/ament_index/resource_index/rclcpp_components/nav2_behaviors
[345.652s] -- Symlinking: /home/mihkel/School/ros-packages/nav2_ws/install/nav2_behaviors/share/nav2_behaviors/cmake/ament_cmake_export_include_directories-extras.cmake
[345.659s] -- Symlinking: /home/mihkel/School/ros-packages/nav2_ws/install/nav2_behaviors/share/nav2_behaviors/cmake/ament_cmake_export_libraries-extras.cmake
[345.665s] -- Symlinking: /home/mihkel/School/ros-packages/nav2_ws/install/nav2_behaviors/share/nav2_behaviors/cmake/ament_cmake_export_dependencies-extras.cmake
[345.671s] -- Symlinking: /home/mihkel/School/ros-packages/nav2_ws/install/nav2_behaviors/share/nav2_behaviors/cmake/nav2_behaviorsConfig.cmake
[345.677s] -- Symlinking: /home/mihkel/School/ros-packages/nav2_ws/install/nav2_behaviors/share/nav2_behaviors/cmake/nav2_behaviorsConfig-version.cmake
[345.684s] -- Symlinking: /home/mihkel/School/ros-packages/nav2_ws/install/nav2_behaviors/share/nav2_behaviors/package.xml
[345.706s] Invoked command in '/home/mihkel/School/ros-packages/nav2_ws/build/nav2_behaviors' returned '0': AMENT_PREFIX_PATH=/home/mihkel/School/ros-packages/nav2_ws/install/nav2_core:/home/mihkel/School/ros-packages/nav2_ws/install/nav2_costmap_2d:/home/mihkel/School/ros-packages/nav2_ws/install/nav2_behavior_tree:/home/mihkel/School/ros-packages/nav2_ws/install/nav2_util:/home/mihkel/School/ros-packages/nav2_ws/install/nav2_voxel_grid:/home/mihkel/School/ros-packages/nav2_ws/install/nav2_msgs:/home/mihkel/School/ros-packages/nav2_ws/install/bondcpp:/home/mihkel/School/ros-packages/nav2_ws/install/smclib:/home/mihkel/School/ros-packages/nav2_ws/install/nav2_common:/home/mihkel/School/ros-packages/nav2_ws/install/bond:${AMENT_PREFIX_PATH} CMAKE_PREFIX_PATH=/home/mihkel/School/ros-packages/nav2_ws/install/nav2_core:/home/mihkel/School/ros-packages/nav2_ws/install/nav2_costmap_2d:/home/mihkel/School/ros-packages/nav2_ws/install/nav2_behavior_tree:/home/mihkel/School/ros-packages/nav2_ws/install/nav2_util:/home/mihkel/School/ros-packages/nav2_ws/install/nav2_voxel_grid:/home/mihkel/School/ros-packages/nav2_ws/install/nav2_msgs:/home/mihkel/School/ros-packages/nav2_ws/install/bondcpp:/home/mihkel/School/ros-packages/nav2_ws/install/smclib:/home/mihkel/School/ros-packages/nav2_ws/install/nav2_common:/home/mihkel/School/ros-packages/nav2_ws/install/bond:/opt/ros/humble LD_LIBRARY_PATH=/home/mihkel/School/ros-packages/nav2_ws/install/nav2_costmap_2d/lib:/home/mihkel/School/ros-packages/nav2_ws/install/nav2_behavior_tree/lib:/home/mihkel/School/ros-packages/nav2_ws/install/nav2_util/lib:/home/mihkel/School/ros-packages/nav2_ws/install/nav2_voxel_grid/lib:/home/mihkel/School/ros-packages/nav2_ws/install/nav2_msgs/lib:/home/mihkel/School/ros-packages/nav2_ws/install/bondcpp/lib:/home/mihkel/School/ros-packages/nav2_ws/install/bond/lib:${LD_LIBRARY_PATH} PYTHONPATH=/home/mihkel/School/ros-packages/nav2_ws/install/nav2_msgs/local/lib/python3.10/dist-packages:/home/mihkel/School/ros-packages/nav2_ws/install/smclib/local/lib/python3.10/dist-packages:/home/mihkel/School/ros-packages/nav2_ws/install/nav2_common/local/lib/python3.10/dist-packages:/home/mihkel/School/ros-packages/nav2_ws/install/bond/local/lib/python3.10/dist-packages:${PYTHONPATH} /home/mihkel/.local/bin/cmake --install /home/mihkel/School/ros-packages/nav2_ws/build/nav2_behaviors
