[4.986s] DEBUG:colcon:Command line arguments: ['/usr/bin/colcon', 'build', '--packages-select', 'semantic_segmentation']
[4.987s] DEBUG:colcon:Parsed command line arguments: Namespace(log_base=None, log_level=None, verb_name='build', build_base='build', install_base='install', merge_install=False, symlink_install=False, test_result_base=None, continue_on_error=False, executor='parallel', parallel_workers=12, event_handlers=None, ignore_user_meta=False, metas=['./colcon.meta'], base_paths=['.'], packages_ignore=None, packages_ignore_regex=None, paths=None, packages_up_to=None, packages_up_to_regex=None, packages_above=None, packages_above_and_dependencies=None, packages_above_depth=None, packages_select_by_dep=None, packages_skip_by_dep=None, packages_skip_up_to=None, packages_select_build_failed=False, packages_skip_build_finished=False, packages_select_test_failures=False, packages_skip_test_passed=False, packages_select=['semantic_segmentation'], packages_skip=None, packages_select_regex=None, packages_skip_regex=None, packages_start=None, packages_end=None, allow_overriding=[], cmake_args=None, cmake_target=None, cmake_target_skip_unavailable=False, cmake_clean_cache=False, cmake_clean_first=False, cmake_force_configure=False, ament_cmake_args=None, catkin_cmake_args=None, catkin_skip_building_tests=False, verb_parser=<colcon_defaults.argument_parser.defaults.DefaultArgumentsDecorator object at 0x7f0499b2b8b0>, verb_extension=<colcon_core.verb.build.BuildVerb object at 0x7f0499b281f0>, main=<bound method BuildVerb.main of <colcon_core.verb.build.BuildVerb object at 0x7f0499b281f0>>)
[5.181s] Level 1:colcon.colcon_core.package_discovery:discover_packages(colcon_meta) check parameters
[5.181s] Level 1:colcon.colcon_core.package_discovery:discover_packages(recursive) check parameters
[5.181s] Level 1:colcon.colcon_core.package_discovery:discover_packages(ignore) check parameters
[5.181s] Level 1:colcon.colcon_core.package_discovery:discover_packages(path) check parameters
[5.181s] Level 1:colcon.colcon_core.package_discovery:discover_packages(colcon_meta) discover
[5.181s] Level 1:colcon.colcon_core.package_discovery:discover_packages(recursive) discover
[5.182s] INFO:colcon.colcon_core.package_discovery:Crawling recursively for packages in '/home/mihkel/School/ThesisPractical/myros_ws'
[5.182s] Level 1:colcon.colcon_core.package_identification:_identify(.) by extensions ['ignore', 'ignore_ament_install']
[5.182s] Level 1:colcon.colcon_core.package_identification:_identify(.) by extension 'ignore'
[5.182s] Level 1:colcon.colcon_core.package_identification:_identify(.) by extension 'ignore_ament_install'
[5.183s] Level 1:colcon.colcon_core.package_identification:_identify(.) by extensions ['colcon_pkg']
[5.183s] Level 1:colcon.colcon_core.package_identification:_identify(.) by extension 'colcon_pkg'
[5.183s] Level 1:colcon.colcon_core.package_identification:_identify(.) by extensions ['colcon_meta']
[5.183s] Level 1:colcon.colcon_core.package_identification:_identify(.) by extension 'colcon_meta'
[5.183s] Level 1:colcon.colcon_core.package_identification:_identify(.) by extensions ['ros']
[5.183s] Level 1:colcon.colcon_core.package_identification:_identify(.) by extension 'ros'
[5.216s] Level 1:colcon.colcon_core.package_identification:_identify(.) by extensions ['cmake', 'python']
[5.216s] Level 1:colcon.colcon_core.package_identification:_identify(.) by extension 'cmake'
[5.217s] Level 1:colcon.colcon_core.package_identification:_identify(.) by extension 'python'
[5.217s] Level 1:colcon.colcon_core.package_identification:_identify(.) by extensions ['python_setup_py']
[5.217s] Level 1:colcon.colcon_core.package_identification:_identify(.) by extension 'python_setup_py'
[5.217s] Level 1:colcon.colcon_core.package_identification:_identify(build) by extensions ['ignore', 'ignore_ament_install']
[5.218s] Level 1:colcon.colcon_core.package_identification:_identify(build) by extension 'ignore'
[5.218s] Level 1:colcon.colcon_core.package_identification:_identify(build) ignored
[5.218s] Level 1:colcon.colcon_core.package_identification:_identify(install) by extensions ['ignore', 'ignore_ament_install']
[5.218s] Level 1:colcon.colcon_core.package_identification:_identify(install) by extension 'ignore'
[5.219s] Level 1:colcon.colcon_core.package_identification:_identify(install) ignored
[5.219s] Level 1:colcon.colcon_core.package_identification:_identify(log) by extensions ['ignore', 'ignore_ament_install']
[5.219s] Level 1:colcon.colcon_core.package_identification:_identify(log) by extension 'ignore'
[5.219s] Level 1:colcon.colcon_core.package_identification:_identify(log) ignored
[5.220s] Level 1:colcon.colcon_core.package_identification:_identify(params) by extensions ['ignore', 'ignore_ament_install']
[5.220s] Level 1:colcon.colcon_core.package_identification:_identify(params) by extension 'ignore'
[5.220s] Level 1:colcon.colcon_core.package_identification:_identify(params) by extension 'ignore_ament_install'
[5.220s] Level 1:colcon.colcon_core.package_identification:_identify(params) by extensions ['colcon_pkg']
[5.220s] Level 1:colcon.colcon_core.package_identification:_identify(params) by extension 'colcon_pkg'
[5.221s] Level 1:colcon.colcon_core.package_identification:_identify(params) by extensions ['colcon_meta']
[5.221s] Level 1:colcon.colcon_core.package_identification:_identify(params) by extension 'colcon_meta'
[5.221s] Level 1:colcon.colcon_core.package_identification:_identify(params) by extensions ['ros']
[5.221s] Level 1:colcon.colcon_core.package_identification:_identify(params) by extension 'ros'
[5.221s] Level 1:colcon.colcon_core.package_identification:_identify(params) by extensions ['cmake', 'python']
[5.221s] Level 1:colcon.colcon_core.package_identification:_identify(params) by extension 'cmake'
[5.221s] Level 1:colcon.colcon_core.package_identification:_identify(params) by extension 'python'
[5.222s] Level 1:colcon.colcon_core.package_identification:_identify(params) by extensions ['python_setup_py']
[5.222s] Level 1:colcon.colcon_core.package_identification:_identify(params) by extension 'python_setup_py'
[5.222s] Level 1:colcon.colcon_core.package_identification:_identify(src) by extensions ['ignore', 'ignore_ament_install']
[5.222s] Level 1:colcon.colcon_core.package_identification:_identify(src) by extension 'ignore'
[5.223s] Level 1:colcon.colcon_core.package_identification:_identify(src) by extension 'ignore_ament_install'
[5.223s] Level 1:colcon.colcon_core.package_identification:_identify(src) by extensions ['colcon_pkg']
[5.223s] Level 1:colcon.colcon_core.package_identification:_identify(src) by extension 'colcon_pkg'
[5.223s] Level 1:colcon.colcon_core.package_identification:_identify(src) by extensions ['colcon_meta']
[5.223s] Level 1:colcon.colcon_core.package_identification:_identify(src) by extension 'colcon_meta'
[5.223s] Level 1:colcon.colcon_core.package_identification:_identify(src) by extensions ['ros']
[5.223s] Level 1:colcon.colcon_core.package_identification:_identify(src) by extension 'ros'
[5.224s] Level 1:colcon.colcon_core.package_identification:_identify(src) by extensions ['cmake', 'python']
[5.224s] Level 1:colcon.colcon_core.package_identification:_identify(src) by extension 'cmake'
[5.224s] Level 1:colcon.colcon_core.package_identification:_identify(src) by extension 'python'
[5.224s] Level 1:colcon.colcon_core.package_identification:_identify(src) by extensions ['python_setup_py']
[5.224s] Level 1:colcon.colcon_core.package_identification:_identify(src) by extension 'python_setup_py'
[5.225s] Level 1:colcon.colcon_core.package_identification:_identify(src/costmap_python_plugin) by extensions ['ignore', 'ignore_ament_install']
[5.225s] Level 1:colcon.colcon_core.package_identification:_identify(src/costmap_python_plugin) by extension 'ignore'
[5.225s] Level 1:colcon.colcon_core.package_identification:_identify(src/costmap_python_plugin) ignored
[5.225s] Level 1:colcon.colcon_core.package_identification:_identify(src/nav2_plugin_tutorial) by extensions ['ignore', 'ignore_ament_install']
[5.226s] Level 1:colcon.colcon_core.package_identification:_identify(src/nav2_plugin_tutorial) by extension 'ignore'
[5.226s] Level 1:colcon.colcon_core.package_identification:_identify(src/nav2_plugin_tutorial) by extension 'ignore_ament_install'
[5.226s] Level 1:colcon.colcon_core.package_identification:_identify(src/nav2_plugin_tutorial) by extensions ['colcon_pkg']
[5.226s] Level 1:colcon.colcon_core.package_identification:_identify(src/nav2_plugin_tutorial) by extension 'colcon_pkg'
[5.226s] Level 1:colcon.colcon_core.package_identification:_identify(src/nav2_plugin_tutorial) by extensions ['colcon_meta']
[5.226s] Level 1:colcon.colcon_core.package_identification:_identify(src/nav2_plugin_tutorial) by extension 'colcon_meta'
[5.226s] Level 1:colcon.colcon_core.package_identification:_identify(src/nav2_plugin_tutorial) by extensions ['ros']
[5.227s] Level 1:colcon.colcon_core.package_identification:_identify(src/nav2_plugin_tutorial) by extension 'ros'
[5.235s] DEBUG:colcon.colcon_core.package_identification:Package 'src/nav2_plugin_tutorial' with type 'ros.ament_cmake' and name 'nav2_plugin_tutorial'
[5.235s] Level 1:colcon.colcon_core.package_identification:_identify(src/navigation2_tutorials) by extensions ['ignore', 'ignore_ament_install']
[5.235s] Level 1:colcon.colcon_core.package_identification:_identify(src/navigation2_tutorials) by extension 'ignore'
[5.235s] Level 1:colcon.colcon_core.package_identification:_identify(src/navigation2_tutorials) ignored
[5.236s] Level 1:colcon.colcon_core.package_identification:_identify(src/semantic_segmentation) by extensions ['ignore', 'ignore_ament_install']
[5.236s] Level 1:colcon.colcon_core.package_identification:_identify(src/semantic_segmentation) by extension 'ignore'
[5.236s] Level 1:colcon.colcon_core.package_identification:_identify(src/semantic_segmentation) by extension 'ignore_ament_install'
[5.236s] Level 1:colcon.colcon_core.package_identification:_identify(src/semantic_segmentation) by extensions ['colcon_pkg']
[5.237s] Level 1:colcon.colcon_core.package_identification:_identify(src/semantic_segmentation) by extension 'colcon_pkg'
[5.237s] Level 1:colcon.colcon_core.package_identification:_identify(src/semantic_segmentation) by extensions ['colcon_meta']
[5.237s] Level 1:colcon.colcon_core.package_identification:_identify(src/semantic_segmentation) by extension 'colcon_meta'
[5.237s] Level 1:colcon.colcon_core.package_identification:_identify(src/semantic_segmentation) by extensions ['ros']
[5.237s] Level 1:colcon.colcon_core.package_identification:_identify(src/semantic_segmentation) by extension 'ros'
[5.238s] DEBUG:colcon.colcon_core.package_identification:Package 'src/semantic_segmentation' with type 'ros.ament_python' and name 'semantic_segmentation'
[5.239s] Level 1:colcon.colcon_core.package_identification:_identify(src/tutorials) by extensions ['ignore', 'ignore_ament_install']
[5.239s] Level 1:colcon.colcon_core.package_identification:_identify(src/tutorials) by extension 'ignore'
[5.239s] Level 1:colcon.colcon_core.package_identification:_identify(src/tutorials) ignored
[5.240s] Level 1:colcon.colcon_core.package_discovery:discover_packages(recursive) using defaults
[5.240s] Level 1:colcon.colcon_core.package_discovery:discover_packages(ignore) discover
[5.240s] Level 1:colcon.colcon_core.package_discovery:discover_packages(ignore) using defaults
[5.240s] Level 1:colcon.colcon_core.package_discovery:discover_packages(path) discover
[5.240s] Level 1:colcon.colcon_core.package_discovery:discover_packages(path) using defaults
[5.571s] INFO:colcon.colcon_core.package_selection:Skipping not selected package 'nav2_plugin_tutorial' in 'src/nav2_plugin_tutorial'
[5.737s] Level 1:colcon.colcon_core.package_discovery:discover_packages(prefix_path) check parameters
[5.737s] Level 1:colcon.colcon_core.package_discovery:discover_packages(prefix_path) discover
[5.909s] DEBUG:colcon.colcon_installed_package_information.package_discovery:Found 397 installed packages in /opt/ros/humble
[5.915s] Level 1:colcon.colcon_core.package_discovery:discover_packages(prefix_path) using defaults
[6.365s] Level 5:colcon.colcon_core.verb:set package 'semantic_segmentation' build argument 'cmake_args' from command line to 'None'
[6.366s] Level 5:colcon.colcon_core.verb:set package 'semantic_segmentation' build argument 'cmake_target' from command line to 'None'
[6.366s] Level 5:colcon.colcon_core.verb:set package 'semantic_segmentation' build argument 'cmake_target_skip_unavailable' from command line to 'False'
[6.366s] Level 5:colcon.colcon_core.verb:set package 'semantic_segmentation' build argument 'cmake_clean_cache' from command line to 'False'
[6.366s] Level 5:colcon.colcon_core.verb:set package 'semantic_segmentation' build argument 'cmake_clean_first' from command line to 'False'
[6.366s] Level 5:colcon.colcon_core.verb:set package 'semantic_segmentation' build argument 'cmake_force_configure' from command line to 'False'
[6.366s] Level 5:colcon.colcon_core.verb:set package 'semantic_segmentation' build argument 'ament_cmake_args' from command line to 'None'
[6.366s] Level 5:colcon.colcon_core.verb:set package 'semantic_segmentation' build argument 'catkin_cmake_args' from command line to 'None'
[6.366s] Level 5:colcon.colcon_core.verb:set package 'semantic_segmentation' build argument 'catkin_skip_building_tests' from command line to 'False'
[6.366s] DEBUG:colcon.colcon_core.verb:Building package 'semantic_segmentation' with the following arguments: {'ament_cmake_args': None, 'build_base': '/home/mihkel/School/ThesisPractical/myros_ws/build/semantic_segmentation', 'catkin_cmake_args': None, 'catkin_skip_building_tests': False, 'cmake_args': None, 'cmake_clean_cache': False, 'cmake_clean_first': False, 'cmake_force_configure': False, 'cmake_target': None, 'cmake_target_skip_unavailable': False, 'install_base': '/home/mihkel/School/ThesisPractical/myros_ws/install/semantic_segmentation', 'merge_install': False, 'path': '/home/mihkel/School/ThesisPractical/myros_ws/src/semantic_segmentation', 'symlink_install': False, 'test_result_base': None}
[6.437s] INFO:colcon.colcon_core.executor:Executing jobs using 'parallel' executor
[6.509s] DEBUG:colcon.colcon_parallel_executor.executor.parallel:run_until_complete
[6.510s] INFO:colcon.colcon_ros.task.ament_python.build:Building ROS package in '/home/mihkel/School/ThesisPractical/myros_ws/src/semantic_segmentation' with build type 'ament_python'
[6.510s] Level 1:colcon.colcon_core.shell:create_environment_hook('semantic_segmentation', 'ament_prefix_path')
[6.596s] INFO:colcon.colcon_core.plugin_system:Skipping extension 'colcon_core.shell.bat': Not used on non-Windows systems
[6.596s] INFO:colcon.colcon_core.shell:Creating environment hook '/home/mihkel/School/ThesisPractical/myros_ws/install/semantic_segmentation/share/semantic_segmentation/hook/ament_prefix_path.ps1'
[6.599s] INFO:colcon.colcon_core.shell:Creating environment descriptor '/home/mihkel/School/ThesisPractical/myros_ws/install/semantic_segmentation/share/semantic_segmentation/hook/ament_prefix_path.dsv'
[6.600s] INFO:colcon.colcon_core.shell:Creating environment hook '/home/mihkel/School/ThesisPractical/myros_ws/install/semantic_segmentation/share/semantic_segmentation/hook/ament_prefix_path.sh'
[6.681s] INFO:colcon.colcon_core.shell:Skip shell extension 'powershell' for command environment: Not usable outside of PowerShell
[6.682s] DEBUG:colcon.colcon_core.shell:Skip shell extension 'dsv' for command environment
[8.349s] INFO:colcon.colcon_core.task.python.build:Building Python package in '/home/mihkel/School/ThesisPractical/myros_ws/src/semantic_segmentation'
[8.465s] INFO:colcon.colcon_core.shell:Skip shell extension 'powershell' for command environment: Not usable outside of PowerShell
[8.466s] DEBUG:colcon.colcon_core.shell:Skip shell extension 'dsv' for command environment
[10.794s] DEBUG:colcon.colcon_core.event_handler.log_command:Invoking command in '/home/mihkel/School/ThesisPractical/myros_ws/build/semantic_segmentation': PYTHONPATH=/home/mihkel/School/ThesisPractical/myros_ws/build/semantic_segmentation/prefix_override:/home/mihkel/School/ThesisPractical/myros_ws/install/semantic_segmentation/lib/python3.10/site-packages:${PYTHONPATH} /usr/bin/python3 setup.py develop --uninstall --editable --build-directory /home/mihkel/School/ThesisPractical/myros_ws/build/semantic_segmentation/build
[13.534s] DEBUG:colcon.colcon_core.event_handler.log_command:Invoked command in '/home/mihkel/School/ThesisPractical/myros_ws/build/semantic_segmentation' returned '0': PYTHONPATH=/home/mihkel/School/ThesisPractical/myros_ws/build/semantic_segmentation/prefix_override:/home/mihkel/School/ThesisPractical/myros_ws/install/semantic_segmentation/lib/python3.10/site-packages:${PYTHONPATH} /usr/bin/python3 setup.py develop --uninstall --editable --build-directory /home/mihkel/School/ThesisPractical/myros_ws/build/semantic_segmentation/build
[13.545s] DEBUG:colcon.colcon_core.event_handler.log_command:Invoking command in '/home/mihkel/School/ThesisPractical/myros_ws/src/semantic_segmentation': PYTHONPATH=/home/mihkel/School/ThesisPractical/myros_ws/build/semantic_segmentation/prefix_override:/home/mihkel/School/ThesisPractical/myros_ws/install/semantic_segmentation/lib/python3.10/site-packages:${PYTHONPATH} /usr/bin/python3 setup.py egg_info --egg-base ../../build/semantic_segmentation build --build-base /home/mihkel/School/ThesisPractical/myros_ws/build/semantic_segmentation/build install --record /home/mihkel/School/ThesisPractical/myros_ws/build/semantic_segmentation/install.log --single-version-externally-managed
[15.035s] DEBUG:colcon.colcon_core.event_handler.log_command:Invoked command in '/home/mihkel/School/ThesisPractical/myros_ws/src/semantic_segmentation' returned '0': PYTHONPATH=/home/mihkel/School/ThesisPractical/myros_ws/build/semantic_segmentation/prefix_override:/home/mihkel/School/ThesisPractical/myros_ws/install/semantic_segmentation/lib/python3.10/site-packages:${PYTHONPATH} /usr/bin/python3 setup.py egg_info --egg-base ../../build/semantic_segmentation build --build-base /home/mihkel/School/ThesisPractical/myros_ws/build/semantic_segmentation/build install --record /home/mihkel/School/ThesisPractical/myros_ws/build/semantic_segmentation/install.log --single-version-externally-managed
[15.135s] Level 1:colcon.colcon_core.environment:checking '/home/mihkel/School/ThesisPractical/myros_ws/install/semantic_segmentation' for CMake module files
[15.137s] Level 1:colcon.colcon_core.environment:checking '/home/mihkel/School/ThesisPractical/myros_ws/install/semantic_segmentation' for CMake config files
[15.140s] Level 1:colcon.colcon_core.environment:checking '/home/mihkel/School/ThesisPractical/myros_ws/install/semantic_segmentation/lib'
[15.140s] Level 1:colcon.colcon_core.environment:checking '/home/mihkel/School/ThesisPractical/myros_ws/install/semantic_segmentation/bin'
[15.141s] Level 1:colcon.colcon_core.environment:checking '/home/mihkel/School/ThesisPractical/myros_ws/install/semantic_segmentation/lib/pkgconfig/semantic_segmentation.pc'
[15.142s] Level 1:colcon.colcon_core.environment:checking '/home/mihkel/School/ThesisPractical/myros_ws/install/semantic_segmentation/lib/python3.10/site-packages'
[15.142s] Level 1:colcon.colcon_core.shell:create_environment_hook('semantic_segmentation', 'pythonpath')
[15.242s] INFO:colcon.colcon_core.shell:Creating environment hook '/home/mihkel/School/ThesisPractical/myros_ws/install/semantic_segmentation/share/semantic_segmentation/hook/pythonpath.ps1'
[15.244s] INFO:colcon.colcon_core.shell:Creating environment descriptor '/home/mihkel/School/ThesisPractical/myros_ws/install/semantic_segmentation/share/semantic_segmentation/hook/pythonpath.dsv'
[15.244s] INFO:colcon.colcon_core.shell:Creating environment hook '/home/mihkel/School/ThesisPractical/myros_ws/install/semantic_segmentation/share/semantic_segmentation/hook/pythonpath.sh'
[15.246s] Level 1:colcon.colcon_core.environment:checking '/home/mihkel/School/ThesisPractical/myros_ws/install/semantic_segmentation/bin'
[15.246s] Level 1:colcon.colcon_core.environment:create_environment_scripts_only(semantic_segmentation)
[15.324s] INFO:colcon.colcon_core.shell:Creating package script '/home/mihkel/School/ThesisPractical/myros_ws/install/semantic_segmentation/share/semantic_segmentation/package.ps1'
[15.328s] INFO:colcon.colcon_core.shell:Creating package descriptor '/home/mihkel/School/ThesisPractical/myros_ws/install/semantic_segmentation/share/semantic_segmentation/package.dsv'
[15.330s] INFO:colcon.colcon_core.shell:Creating package script '/home/mihkel/School/ThesisPractical/myros_ws/install/semantic_segmentation/share/semantic_segmentation/package.sh'
[15.332s] INFO:colcon.colcon_core.shell:Creating package script '/home/mihkel/School/ThesisPractical/myros_ws/install/semantic_segmentation/share/semantic_segmentation/package.bash'
[15.335s] INFO:colcon.colcon_core.shell:Creating package script '/home/mihkel/School/ThesisPractical/myros_ws/install/semantic_segmentation/share/semantic_segmentation/package.zsh'
[15.337s] Level 1:colcon.colcon_core.environment:create_file_with_runtime_dependencies(/home/mihkel/School/ThesisPractical/myros_ws/install/semantic_segmentation/share/colcon-core/packages/semantic_segmentation)
[15.337s] DEBUG:colcon.colcon_parallel_executor.executor.parallel:closing loop
[15.338s] DEBUG:colcon.colcon_parallel_executor.executor.parallel:loop closed
[15.338s] DEBUG:colcon.colcon_parallel_executor.executor.parallel:run_until_complete finished with '0'
[15.339s] DEBUG:colcon.colcon_core.event_reactor:joining thread
[15.438s] INFO:colcon.colcon_core.plugin_system:Skipping extension 'colcon_notification.desktop_notification.terminal_notifier': Not used on non-Darwin systems
[15.439s] INFO:colcon.colcon_core.plugin_system:Skipping extension 'colcon_notification.desktop_notification.win32': Not used on non-Windows systems
[15.439s] INFO:colcon.colcon_notification.desktop_notification:Sending desktop notification using 'notify2'
[15.471s] DEBUG:colcon.colcon_core.event_reactor:joined thread
[15.549s] INFO:colcon.colcon_core.shell:Creating prefix script '/home/mihkel/School/ThesisPractical/myros_ws/install/local_setup.ps1'
[15.552s] INFO:colcon.colcon_core.shell:Creating prefix util module '/home/mihkel/School/ThesisPractical/myros_ws/install/_local_setup_util_ps1.py'
[15.562s] INFO:colcon.colcon_core.shell:Creating prefix chain script '/home/mihkel/School/ThesisPractical/myros_ws/install/setup.ps1'
[15.643s] INFO:colcon.colcon_core.shell:Creating prefix script '/home/mihkel/School/ThesisPractical/myros_ws/install/local_setup.sh'
[15.645s] INFO:colcon.colcon_core.shell:Creating prefix util module '/home/mihkel/School/ThesisPractical/myros_ws/install/_local_setup_util_sh.py'
[15.647s] INFO:colcon.colcon_core.shell:Creating prefix chain script '/home/mihkel/School/ThesisPractical/myros_ws/install/setup.sh'
[15.748s] INFO:colcon.colcon_core.shell:Creating prefix script '/home/mihkel/School/ThesisPractical/myros_ws/install/local_setup.bash'
[15.750s] INFO:colcon.colcon_core.shell:Creating prefix chain script '/home/mihkel/School/ThesisPractical/myros_ws/install/setup.bash'
[15.840s] INFO:colcon.colcon_core.shell:Creating prefix script '/home/mihkel/School/ThesisPractical/myros_ws/install/local_setup.zsh'
[15.842s] INFO:colcon.colcon_core.shell:Creating prefix chain script '/home/mihkel/School/ThesisPractical/myros_ws/install/setup.zsh'
