[0.265s] Invoking command in '/home/mihkel/School/ThesisPractical/ros2_ws/build/depthimage_to_laserscan': CMAKE_PREFIX_PATH=${CMAKE_PREFIX_PATH}:/home/mihkel/School/ThesisPractical/ros2_ws/install/hospital_carrier:/opt/ros/humble /home/mihkel/.local/bin/cmake --build /home/mihkel/School/ThesisPractical/ros2_ws/build/depthimage_to_laserscan -- -j12 -l12
[0.463s] [ 16%] Built target DepthImageToLaserScan
[0.467s] [ 33%] Built target gtest
[0.467s] [ 50%] Built target gtest_main
[0.552s] [ 66%] Built target depthimage_to_laserscan-test
[0.561s] [ 83%] Built target DepthImageToLaserScanROS
[0.632s] [100%] Built target depthimage_to_laserscan_node
[0.672s] Invoked command in '/home/mihkel/School/ThesisPractical/ros2_ws/build/depthimage_to_laserscan' returned '0': CMAKE_PREFIX_PATH=${CMAKE_PREFIX_PATH}:/home/mihkel/School/ThesisPractical/ros2_ws/install/hospital_carrier:/opt/ros/humble /home/mihkel/.local/bin/cmake --build /home/mihkel/School/ThesisPractical/ros2_ws/build/depthimage_to_laserscan -- -j12 -l12
[0.948s] Invoking command in '/home/mihkel/School/ThesisPractical/ros2_ws/build/depthimage_to_laserscan': CMAKE_PREFIX_PATH=${CMAKE_PREFIX_PATH}:/home/mihkel/School/ThesisPractical/ros2_ws/install/hospital_carrier:/opt/ros/humble /home/mihkel/.local/bin/cmake --install /home/mihkel/School/ThesisPractical/ros2_ws/build/depthimage_to_laserscan
[1.027s] -- Install configuration: ""
[1.027s] -- Up-to-date: /home/mihkel/School/ThesisPractical/ros2_ws/install/depthimage_to_laserscan/include/depthimage_to_laserscan
[1.028s] -- Up-to-date: /home/mihkel/School/ThesisPractical/ros2_ws/install/depthimage_to_laserscan/include/depthimage_to_laserscan/depthimage_to_laserscan
[1.028s] -- Up-to-date: /home/mihkel/School/ThesisPractical/ros2_ws/install/depthimage_to_laserscan/include/depthimage_to_laserscan/depthimage_to_laserscan/DepthImageToLaserScan.hpp
[1.028s] -- Up-to-date: /home/mihkel/School/ThesisPractical/ros2_ws/install/depthimage_to_laserscan/include/depthimage_to_laserscan/depthimage_to_laserscan/DepthImageToLaserScanROS.hpp
[1.029s] -- Up-to-date: /home/mihkel/School/ThesisPractical/ros2_ws/install/depthimage_to_laserscan/include/depthimage_to_laserscan/depthimage_to_laserscan/depth_traits.hpp
[1.029s] -- Up-to-date: /home/mihkel/School/ThesisPractical/ros2_ws/install/depthimage_to_laserscan/share/depthimage_to_laserscan//launch
[1.030s] -- Up-to-date: /home/mihkel/School/ThesisPractical/ros2_ws/install/depthimage_to_laserscan/share/depthimage_to_laserscan//launch/depthimage_to_laserscan-launch.py
[1.030s] -- Up-to-date: /home/mihkel/School/ThesisPractical/ros2_ws/install/depthimage_to_laserscan/share/depthimage_to_laserscan//launch/depthimage_to_laserscan_composed-launch.py
[1.030s] -- Up-to-date: /home/mihkel/School/ThesisPractical/ros2_ws/install/depthimage_to_laserscan/share/depthimage_to_laserscan//cfg
[1.031s] -- Up-to-date: /home/mihkel/School/ThesisPractical/ros2_ws/install/depthimage_to_laserscan/share/depthimage_to_laserscan//cfg/param.yaml
[1.031s] -- Up-to-date: /home/mihkel/School/ThesisPractical/ros2_ws/install/depthimage_to_laserscan/lib/libDepthImageToLaserScan.so
[1.032s] -- Up-to-date: /home/mihkel/School/ThesisPractical/ros2_ws/install/depthimage_to_laserscan/lib/libDepthImageToLaserScanROS.so
[1.032s] -- Up-to-date: /home/mihkel/School/ThesisPractical/ros2_ws/install/depthimage_to_laserscan/lib/depthimage_to_laserscan/depthimage_to_laserscan_node
[1.033s] -- Up-to-date: /home/mihkel/School/ThesisPractical/ros2_ws/install/depthimage_to_laserscan/include/depthimage_to_laserscan/depthimage_to_laserscan/DepthImageToLaserScan_export.h
[1.033s] -- Up-to-date: /home/mihkel/School/ThesisPractical/ros2_ws/install/depthimage_to_laserscan/include/depthimage_to_laserscan/depthimage_to_laserscan/DepthImageToLaserScanROS_export.h
[1.034s] -- Up-to-date: /home/mihkel/School/ThesisPractical/ros2_ws/install/depthimage_to_laserscan/share/depthimage_to_laserscan/environment/library_path.sh
[1.034s] -- Up-to-date: /home/mihkel/School/ThesisPractical/ros2_ws/install/depthimage_to_laserscan/share/depthimage_to_laserscan/environment/library_path.dsv
[1.035s] -- Up-to-date: /home/mihkel/School/ThesisPractical/ros2_ws/install/depthimage_to_laserscan/share/ament_index/resource_index/package_run_dependencies/depthimage_to_laserscan
[1.035s] -- Up-to-date: /home/mihkel/School/ThesisPractical/ros2_ws/install/depthimage_to_laserscan/share/ament_index/resource_index/parent_prefix_path/depthimage_to_laserscan
[1.035s] -- Up-to-date: /home/mihkel/School/ThesisPractical/ros2_ws/install/depthimage_to_laserscan/share/depthimage_to_laserscan/environment/ament_prefix_path.sh
[1.036s] -- Up-to-date: /home/mihkel/School/ThesisPractical/ros2_ws/install/depthimage_to_laserscan/share/depthimage_to_laserscan/environment/ament_prefix_path.dsv
[1.037s] -- Up-to-date: /home/mihkel/School/ThesisPractical/ros2_ws/install/depthimage_to_laserscan/share/depthimage_to_laserscan/environment/path.sh
[1.037s] -- Up-to-date: /home/mihkel/School/ThesisPractical/ros2_ws/install/depthimage_to_laserscan/share/depthimage_to_laserscan/environment/path.dsv
[1.038s] -- Up-to-date: /home/mihkel/School/ThesisPractical/ros2_ws/install/depthimage_to_laserscan/share/depthimage_to_laserscan/local_setup.bash
[1.038s] -- Up-to-date: /home/mihkel/School/ThesisPractical/ros2_ws/install/depthimage_to_laserscan/share/depthimage_to_laserscan/local_setup.sh
[1.038s] -- Up-to-date: /home/mihkel/School/ThesisPractical/ros2_ws/install/depthimage_to_laserscan/share/depthimage_to_laserscan/local_setup.zsh
[1.039s] -- Up-to-date: /home/mihkel/School/ThesisPractical/ros2_ws/install/depthimage_to_laserscan/share/depthimage_to_laserscan/local_setup.dsv
[1.039s] -- Installing: /home/mihkel/School/ThesisPractical/ros2_ws/install/depthimage_to_laserscan/share/depthimage_to_laserscan/package.dsv
[1.039s] -- Up-to-date: /home/mihkel/School/ThesisPractical/ros2_ws/install/depthimage_to_laserscan/share/ament_index/resource_index/packages/depthimage_to_laserscan
[1.039s] -- Up-to-date: /home/mihkel/School/ThesisPractical/ros2_ws/install/depthimage_to_laserscan/share/ament_index/resource_index/rclcpp_components/depthimage_to_laserscan
[1.039s] -- Up-to-date: /home/mihkel/School/ThesisPractical/ros2_ws/install/depthimage_to_laserscan/share/depthimage_to_laserscan/cmake/export_depthimage_to_laserscanExport.cmake
[1.040s] -- Up-to-date: /home/mihkel/School/ThesisPractical/ros2_ws/install/depthimage_to_laserscan/share/depthimage_to_laserscan/cmake/export_depthimage_to_laserscanExport-noconfig.cmake
[1.040s] -- Up-to-date: /home/mihkel/School/ThesisPractical/ros2_ws/install/depthimage_to_laserscan/share/depthimage_to_laserscan/cmake/ament_cmake_export_include_directories-extras.cmake
[1.040s] -- Up-to-date: /home/mihkel/School/ThesisPractical/ros2_ws/install/depthimage_to_laserscan/share/depthimage_to_laserscan/cmake/ament_cmake_export_libraries-extras.cmake
[1.040s] -- Up-to-date: /home/mihkel/School/ThesisPractical/ros2_ws/install/depthimage_to_laserscan/share/depthimage_to_laserscan/cmake/ament_cmake_export_targets-extras.cmake
[1.040s] -- Up-to-date: /home/mihkel/School/ThesisPractical/ros2_ws/install/depthimage_to_laserscan/share/depthimage_to_laserscan/cmake/ament_cmake_export_dependencies-extras.cmake
[1.041s] -- Up-to-date: /home/mihkel/School/ThesisPractical/ros2_ws/install/depthimage_to_laserscan/share/depthimage_to_laserscan/cmake/depthimage_to_laserscanConfig.cmake
[1.041s] -- Up-to-date: /home/mihkel/School/ThesisPractical/ros2_ws/install/depthimage_to_laserscan/share/depthimage_to_laserscan/cmake/depthimage_to_laserscanConfig-version.cmake
[1.041s] -- Up-to-date: /home/mihkel/School/ThesisPractical/ros2_ws/install/depthimage_to_laserscan/share/depthimage_to_laserscan/package.xml
[1.053s] Invoked command in '/home/mihkel/School/ThesisPractical/ros2_ws/build/depthimage_to_laserscan' returned '0': CMAKE_PREFIX_PATH=${CMAKE_PREFIX_PATH}:/home/mihkel/School/ThesisPractical/ros2_ws/install/hospital_carrier:/opt/ros/humble /home/mihkel/.local/bin/cmake --install /home/mihkel/School/ThesisPractical/ros2_ws/build/depthimage_to_laserscan
