[0.417s] Invoking command in '/home/mihkel/School/ThesisPractical/realsense_ws/build/realsense2_camera': AMENT_PREFIX_PATH=/home/mihkel/School/ThesisPractical/realsense_ws/install/realsense2_camera_msgs:${AMENT_PREFIX_PATH} CMAKE_PREFIX_PATH=/home/mihkel/School/ThesisPractical/realsense_ws/install/realsense2_camera_msgs:/opt/ros/humble LD_LIBRARY_PATH=/home/mihkel/School/ThesisPractical/realsense_ws/install/realsense2_camera_msgs/lib:${LD_LIBRARY_PATH} PYTHONPATH=/home/mihkel/School/ThesisPractical/realsense_ws/install/realsense2_camera_msgs/local/lib/python3.10/dist-packages:${PYTHONPATH} /usr/bin/cmake /home/mihkel/School/ThesisPractical/realsense_ws/src/realsense-ros/realsense2_camera -DCMAKE_INSTALL_PREFIX=/home/mihkel/School/ThesisPractical/realsense_ws/install/realsense2_camera
[0.580s] -- The C compiler identification is GNU 11.4.0
[0.754s] -- The CXX compiler identification is GNU 11.4.0
[0.777s] -- Detecting C compiler ABI info
[0.976s] -- Detecting C compiler ABI info - done
[1.003s] -- Check for working C compiler: /usr/bin/cc - skipped
[1.004s] -- Detecting C compile features
[1.005s] -- Detecting C compile features - done
[1.016s] -- Detecting CXX compiler ABI info
[1.262s] -- Detecting CXX compiler ABI info - done
[1.306s] -- Check for working CXX compiler: /usr/bin/c++ - skipped
[1.307s] -- Detecting CXX compile features
[1.309s] -- Detecting CXX compile features - done
[1.310s] -- Create Release Build.
[1.316s] -- Found ament_cmake: 1.3.6 (/opt/ros/humble/share/ament_cmake/cmake)
[1.901s] -- Found Python3: /usr/bin/python3.10 (found version "3.10.12") found components: Interpreter 
[2.198s] -- Found builtin_interfaces: 1.2.1 (/opt/ros/humble/share/builtin_interfaces/cmake)
[2.317s] -- Found rosidl_generator_c: 3.1.5 (/opt/ros/humble/share/rosidl_generator_c/cmake)
[2.335s] -- Found rosidl_adapter: 3.1.5 (/opt/ros/humble/share/rosidl_adapter/cmake)
[2.365s] -- Found rosidl_generator_cpp: 3.1.5 (/opt/ros/humble/share/rosidl_generator_cpp/cmake)
[2.416s] -- Using all available rosidl_typesupport_c: rosidl_typesupport_fastrtps_c;rosidl_typesupport_introspection_c
[2.489s] -- Using all available rosidl_typesupport_cpp: rosidl_typesupport_fastrtps_cpp;rosidl_typesupport_introspection_cpp
[2.557s] -- Found cv_bridge: 3.2.1 (/opt/ros/humble/share/cv_bridge/cmake)
[3.429s] -- Found image_transport: 3.1.7 (/opt/ros/humble/share/image_transport/cmake)
[3.678s] -- Found rmw_implementation_cmake: 6.1.1 (/opt/ros/humble/share/rmw_implementation_cmake/cmake)
[3.687s] -- Found rmw_fastrtps_cpp: 6.2.5 (/opt/ros/humble/share/rmw_fastrtps_cpp/cmake)
[4.001s] -- Found OpenSSL: /usr/lib/x86_64-linux-gnu/libcrypto.so (found version "3.0.2")  
[4.091s] -- Found FastRTPS: /opt/ros/humble/include  
[4.253s] -- Using RMW implementation 'rmw_fastrtps_cpp' as default
[4.289s] -- Looking for pthread.h
[4.498s] -- Looking for pthread.h - found
[4.499s] -- Performing Test CMAKE_HAVE_LIBC_PTHREAD
[4.709s] -- Performing Test CMAKE_HAVE_LIBC_PTHREAD - Success
[4.713s] -- Found Threads: TRUE  
[5.463s] -- Found rclcpp_components: 16.0.7 (/opt/ros/humble/share/rclcpp_components/cmake)
[5.693s] -- Found realsense2_camera_msgs: 4.54.1 (/home/mihkel/School/ThesisPractical/realsense_ws/install/realsense2_camera_msgs/share/realsense2_camera_msgs/cmake)
[6.109s] -- Found nav_msgs: 4.2.3 (/opt/ros/humble/share/nav_msgs/cmake)
[6.470s] -- Found tf2_ros: 0.25.5 (/opt/ros/humble/share/tf2_ros/cmake)
[7.557s] -- Found diagnostic_updater: 3.1.2 (/opt/ros/humble/share/diagnostic_updater/cmake)
[7.847s] -- Build for ROS2 Humble
[7.875s] -- Found ament_cmake_gtest: 1.3.6 (/opt/ros/humble/share/ament_cmake_gtest/cmake)
[7.883s] -- Found gtest sources under '/opt/ros/humble/src/gtest_vendor': C++ tests using 'Google Test' will be built
[7.902s] -- Found ament_cmake_pytest: 1.3.6 (/opt/ros/humble/share/ament_cmake_pytest/cmake)
[19.307s] -- rs_device_info:
[19.307s] -- No device detected. Is it plugged in?
[19.307s] 
[19.553s] -- Configuring done
[19.638s] -- Generating done
[19.645s] -- Build files have been written to: /home/mihkel/School/ThesisPractical/realsense_ws/build/realsense2_camera
[19.676s] Invoked command in '/home/mihkel/School/ThesisPractical/realsense_ws/build/realsense2_camera' returned '0': AMENT_PREFIX_PATH=/home/mihkel/School/ThesisPractical/realsense_ws/install/realsense2_camera_msgs:${AMENT_PREFIX_PATH} CMAKE_PREFIX_PATH=/home/mihkel/School/ThesisPractical/realsense_ws/install/realsense2_camera_msgs:/opt/ros/humble LD_LIBRARY_PATH=/home/mihkel/School/ThesisPractical/realsense_ws/install/realsense2_camera_msgs/lib:${LD_LIBRARY_PATH} PYTHONPATH=/home/mihkel/School/ThesisPractical/realsense_ws/install/realsense2_camera_msgs/local/lib/python3.10/dist-packages:${PYTHONPATH} /usr/bin/cmake /home/mihkel/School/ThesisPractical/realsense_ws/src/realsense-ros/realsense2_camera -DCMAKE_INSTALL_PREFIX=/home/mihkel/School/ThesisPractical/realsense_ws/install/realsense2_camera
[19.680s] Invoking command in '/home/mihkel/School/ThesisPractical/realsense_ws/build/realsense2_camera': AMENT_PREFIX_PATH=/home/mihkel/School/ThesisPractical/realsense_ws/install/realsense2_camera_msgs:${AMENT_PREFIX_PATH} CMAKE_PREFIX_PATH=/home/mihkel/School/ThesisPractical/realsense_ws/install/realsense2_camera_msgs:/opt/ros/humble LD_LIBRARY_PATH=/home/mihkel/School/ThesisPractical/realsense_ws/install/realsense2_camera_msgs/lib:${LD_LIBRARY_PATH} PYTHONPATH=/home/mihkel/School/ThesisPractical/realsense_ws/install/realsense2_camera_msgs/local/lib/python3.10/dist-packages:${PYTHONPATH} /usr/bin/cmake --build /home/mihkel/School/ThesisPractical/realsense_ws/build/realsense2_camera -- -j12 -l12
[19.838s] [  4%] [32mBuilding CXX object gtest/CMakeFiles/gtest_main.dir/src/gtest_main.cc.o[0m
[19.839s] [  9%] [32mBuilding CXX object gtest/CMakeFiles/gtest.dir/src/gtest-all.cc.o[0m
[19.840s] [ 13%] [32mBuilding CXX object CMakeFiles/realsense2_camera_node.dir/rclcpp_components/node_main_realsense2_camera_node.cpp.o[0m
[19.841s] [ 18%] [32mBuilding CXX object CMakeFiles/realsense2_camera.dir/src/realsense_node_factory.cpp.o[0m
[19.842s] [ 22%] [32mBuilding CXX object CMakeFiles/realsense2_camera.dir/src/base_realsense_node.cpp.o[0m
[19.843s] [ 27%] [32mBuilding CXX object CMakeFiles/realsense2_camera.dir/src/parameters.cpp.o[0m
[19.844s] [ 31%] [32mBuilding CXX object CMakeFiles/realsense2_camera.dir/src/rs_node_setup.cpp.o[0m
[19.845s] [ 36%] [32mBuilding CXX object CMakeFiles/realsense2_camera.dir/src/ros_utils.cpp.o[0m
[19.846s] [ 40%] [32mBuilding CXX object CMakeFiles/realsense2_camera.dir/src/ros_sensor.cpp.o[0m
[19.846s] [ 50%] [32mBuilding CXX object CMakeFiles/realsense2_camera.dir/src/dynamic_params.cpp.o[0m
[19.847s] [ 50%] [32mBuilding CXX object CMakeFiles/realsense2_camera.dir/src/sensor_params.cpp.o[0m
[19.848s] [ 54%] [32mBuilding CXX object CMakeFiles/realsense2_camera.dir/src/named_filter.cpp.o[0m
[23.444s] [ 59%] [32m[1mLinking CXX static library libgtest_main.a[0m
[23.593s] [ 59%] Built target gtest_main
[23.635s] [ 63%] [32mBuilding CXX object CMakeFiles/realsense2_camera.dir/src/profile_manager.cpp.o[0m
[39.539s] [ 68%] [32mBuilding CXX object CMakeFiles/realsense2_camera.dir/src/image_publisher.cpp.o[0m
[40.412s] [ 72%] [32m[1mLinking CXX executable realsense2_camera_node[0m
[41.019s] [ 72%] Built target realsense2_camera_node
[41.060s] [ 77%] [32mBuilding CXX object CMakeFiles/realsense2_camera.dir/src/tfs.cpp.o[0m
[49.379s] [ 81%] [32mBuilding CXX object CMakeFiles/realsense2_camera.dir/src/ros_param_backend.cpp.o[0m
[60.691s] [ 86%] [32m[1mLinking CXX static library libgtest.a[0m
[60.811s] [ 86%] Built target gtest
[60.872s] [ 90%] [32mBuilding CXX object CMakeFiles/gtest_template.dir/test/gtest_template.cpp.o[0m
[63.728s] [ 95%] [32m[1mLinking CXX executable gtest_template[0m
[64.030s] [ 95%] Built target gtest_template
[83.696s] [100%] [32m[1mLinking CXX shared library librealsense2_camera.so[0m
[85.061s] [100%] Built target realsense2_camera
[85.095s] Invoked command in '/home/mihkel/School/ThesisPractical/realsense_ws/build/realsense2_camera' returned '0': AMENT_PREFIX_PATH=/home/mihkel/School/ThesisPractical/realsense_ws/install/realsense2_camera_msgs:${AMENT_PREFIX_PATH} CMAKE_PREFIX_PATH=/home/mihkel/School/ThesisPractical/realsense_ws/install/realsense2_camera_msgs:/opt/ros/humble LD_LIBRARY_PATH=/home/mihkel/School/ThesisPractical/realsense_ws/install/realsense2_camera_msgs/lib:${LD_LIBRARY_PATH} PYTHONPATH=/home/mihkel/School/ThesisPractical/realsense_ws/install/realsense2_camera_msgs/local/lib/python3.10/dist-packages:${PYTHONPATH} /usr/bin/cmake --build /home/mihkel/School/ThesisPractical/realsense_ws/build/realsense2_camera -- -j12 -l12
[85.254s] Invoking command in '/home/mihkel/School/ThesisPractical/realsense_ws/build/realsense2_camera': AMENT_PREFIX_PATH=/home/mihkel/School/ThesisPractical/realsense_ws/install/realsense2_camera_msgs:${AMENT_PREFIX_PATH} CMAKE_PREFIX_PATH=/home/mihkel/School/ThesisPractical/realsense_ws/install/realsense2_camera_msgs:/opt/ros/humble LD_LIBRARY_PATH=/home/mihkel/School/ThesisPractical/realsense_ws/install/realsense2_camera_msgs/lib:${LD_LIBRARY_PATH} PYTHONPATH=/home/mihkel/School/ThesisPractical/realsense_ws/install/realsense2_camera_msgs/local/lib/python3.10/dist-packages:${PYTHONPATH} /usr/bin/cmake --install /home/mihkel/School/ThesisPractical/realsense_ws/build/realsense2_camera
[85.275s] -- Install configuration: "Release"
[85.276s] -- Installing: /home/mihkel/School/ThesisPractical/realsense_ws/install/realsense2_camera/lib/realsense2_camera/realsense2_camera_node
[85.277s] -- Set runtime path of "/home/mihkel/School/ThesisPractical/realsense_ws/install/realsense2_camera/lib/realsense2_camera/realsense2_camera_node" to ""
[85.278s] -- Installing: /home/mihkel/School/ThesisPractical/realsense_ws/install/realsense2_camera/lib/librealsense2_camera.so
[85.286s] -- Set runtime path of "/home/mihkel/School/ThesisPractical/realsense_ws/install/realsense2_camera/lib/librealsense2_camera.so" to ""
[85.286s] -- Installing: /home/mihkel/School/ThesisPractical/realsense_ws/install/realsense2_camera/include
[85.286s] -- Installing: /home/mihkel/School/ThesisPractical/realsense_ws/install/realsense2_camera/include/profile_manager.h
[85.287s] -- Installing: /home/mihkel/School/ThesisPractical/realsense_ws/install/realsense2_camera/include/dynamic_params.h
[85.287s] -- Installing: /home/mihkel/School/ThesisPractical/realsense_ws/install/realsense2_camera/include/ros_utils.h
[85.288s] -- Installing: /home/mihkel/School/ThesisPractical/realsense_ws/install/realsense2_camera/include/ros_sensor.h
[85.288s] -- Installing: /home/mihkel/School/ThesisPractical/realsense_ws/install/realsense2_camera/include/base_realsense_node.h
[85.288s] -- Installing: /home/mihkel/School/ThesisPractical/realsense_ws/install/realsense2_camera/include/constants.h
[85.289s] -- Installing: /home/mihkel/School/ThesisPractical/realsense_ws/install/realsense2_camera/include/image_publisher.h
[85.289s] -- Installing: /home/mihkel/School/ThesisPractical/realsense_ws/install/realsense2_camera/include/realsense_node_factory.h
[85.289s] -- Installing: /home/mihkel/School/ThesisPractical/realsense_ws/install/realsense2_camera/include/named_filter.h
[85.289s] -- Installing: /home/mihkel/School/ThesisPractical/realsense_ws/install/realsense2_camera/include/sensor_params.h
[85.290s] -- Installing: /home/mihkel/School/ThesisPractical/realsense_ws/install/realsense2_camera/include/ros_param_backend.h
[85.290s] -- Installing: /home/mihkel/School/ThesisPractical/realsense_ws/install/realsense2_camera/share/realsense2_camera/launch
[85.290s] -- Installing: /home/mihkel/School/ThesisPractical/realsense_ws/install/realsense2_camera/share/realsense2_camera/launch/default.rviz
[85.290s] -- Installing: /home/mihkel/School/ThesisPractical/realsense_ws/install/realsense2_camera/share/realsense2_camera/launch/rs_intra_process_demo_launch.py
[85.291s] -- Installing: /home/mihkel/School/ThesisPractical/realsense_ws/install/realsense2_camera/share/realsense2_camera/launch/rs_launch.py
[85.291s] -- Installing: /home/mihkel/School/ThesisPractical/realsense_ws/install/realsense2_camera/share/realsense2_camera/launch/rs_multi_camera_launch.py
[85.291s] -- Installing: /home/mihkel/School/ThesisPractical/realsense_ws/install/realsense2_camera/share/realsense2_camera/examples
[85.292s] -- Installing: /home/mihkel/School/ThesisPractical/realsense_ws/install/realsense2_camera/share/realsense2_camera/examples/launch_params_from_file
[85.292s] -- Installing: /home/mihkel/School/ThesisPractical/realsense_ws/install/realsense2_camera/share/realsense2_camera/examples/launch_params_from_file/rs_launch_get_params_from_yaml.py
[85.292s] -- Installing: /home/mihkel/School/ThesisPractical/realsense_ws/install/realsense2_camera/share/realsense2_camera/examples/launch_params_from_file/config
[85.293s] -- Installing: /home/mihkel/School/ThesisPractical/realsense_ws/install/realsense2_camera/share/realsense2_camera/examples/launch_params_from_file/config/config.yaml
[85.293s] -- Installing: /home/mihkel/School/ThesisPractical/realsense_ws/install/realsense2_camera/share/realsense2_camera/examples/launch_params_from_file/README.md
[85.293s] -- Installing: /home/mihkel/School/ThesisPractical/realsense_ws/install/realsense2_camera/share/realsense2_camera/examples/align_depth
[85.293s] -- Installing: /home/mihkel/School/ThesisPractical/realsense_ws/install/realsense2_camera/share/realsense2_camera/examples/align_depth/rs_align_depth_launch.py
[85.294s] -- Installing: /home/mihkel/School/ThesisPractical/realsense_ws/install/realsense2_camera/share/realsense2_camera/examples/align_depth/README.md
[85.294s] -- Installing: /home/mihkel/School/ThesisPractical/realsense_ws/install/realsense2_camera/share/realsense2_camera/examples/pointcloud
[85.294s] -- Installing: /home/mihkel/School/ThesisPractical/realsense_ws/install/realsense2_camera/share/realsense2_camera/examples/pointcloud/rs_d405_pointcloud_launch.py
[85.295s] -- Installing: /home/mihkel/School/ThesisPractical/realsense_ws/install/realsense2_camera/share/realsense2_camera/examples/pointcloud/rs_d455_pointcloud_launch.py
[85.295s] -- Installing: /home/mihkel/School/ThesisPractical/realsense_ws/install/realsense2_camera/share/realsense2_camera/examples/pointcloud/rs_pointcloud_launch.py
[85.295s] -- Installing: /home/mihkel/School/ThesisPractical/realsense_ws/install/realsense2_camera/share/realsense2_camera/examples/pointcloud/README.md
[85.295s] -- Installing: /home/mihkel/School/ThesisPractical/realsense_ws/install/realsense2_camera/share/realsense2_camera/examples/pointcloud/rviz
[85.296s] -- Installing: /home/mihkel/School/ThesisPractical/realsense_ws/install/realsense2_camera/share/realsense2_camera/examples/pointcloud/rviz/urdf_pointcloud.rviz
[85.296s] -- Installing: /home/mihkel/School/ThesisPractical/realsense_ws/install/realsense2_camera/share/realsense2_camera/examples/pointcloud/rviz/pointcloud.rviz
[85.296s] -- Installing: /home/mihkel/School/ThesisPractical/realsense_ws/install/realsense2_camera/share/realsense2_camera/examples/launch_from_rosbag
[85.296s] -- Installing: /home/mihkel/School/ThesisPractical/realsense_ws/install/realsense2_camera/share/realsense2_camera/examples/launch_from_rosbag/rs_launch_from_rosbag.py
[85.297s] -- Installing: /home/mihkel/School/ThesisPractical/realsense_ws/install/realsense2_camera/share/realsense2_camera/examples/launch_from_rosbag/README.md
[85.297s] -- Installing: /home/mihkel/School/ThesisPractical/realsense_ws/install/realsense2_camera/share/realsense2_camera/examples/dual_camera
[85.297s] -- Installing: /home/mihkel/School/ThesisPractical/realsense_ws/install/realsense2_camera/share/realsense2_camera/examples/dual_camera/rs_dual_camera_launch.py
[85.297s] -- Installing: /home/mihkel/School/ThesisPractical/realsense_ws/install/realsense2_camera/share/realsense2_camera/examples/dual_camera/README.md
[85.298s] -- Installing: /home/mihkel/School/ThesisPractical/realsense_ws/install/realsense2_camera/share/realsense2_camera/examples/dual_camera/rviz
[85.298s] -- Installing: /home/mihkel/School/ThesisPractical/realsense_ws/install/realsense2_camera/share/realsense2_camera/examples/dual_camera/rviz/dual_camera_pointcloud.rviz
[85.298s] -- Installing: /home/mihkel/School/ThesisPractical/realsense_ws/install/realsense2_camera/share/realsense2_camera/environment/library_path.sh
[85.299s] -- Installing: /home/mihkel/School/ThesisPractical/realsense_ws/install/realsense2_camera/share/realsense2_camera/environment/library_path.dsv
[85.299s] -- Installing: /home/mihkel/School/ThesisPractical/realsense_ws/install/realsense2_camera/share/ament_index/resource_index/package_run_dependencies/realsense2_camera
[85.299s] -- Installing: /home/mihkel/School/ThesisPractical/realsense_ws/install/realsense2_camera/share/ament_index/resource_index/parent_prefix_path/realsense2_camera
[85.299s] -- Installing: /home/mihkel/School/ThesisPractical/realsense_ws/install/realsense2_camera/share/realsense2_camera/environment/ament_prefix_path.sh
[85.300s] -- Installing: /home/mihkel/School/ThesisPractical/realsense_ws/install/realsense2_camera/share/realsense2_camera/environment/ament_prefix_path.dsv
[85.300s] -- Installing: /home/mihkel/School/ThesisPractical/realsense_ws/install/realsense2_camera/share/realsense2_camera/environment/path.sh
[85.300s] -- Installing: /home/mihkel/School/ThesisPractical/realsense_ws/install/realsense2_camera/share/realsense2_camera/environment/path.dsv
[85.300s] -- Installing: /home/mihkel/School/ThesisPractical/realsense_ws/install/realsense2_camera/share/realsense2_camera/local_setup.bash
[85.301s] -- Installing: /home/mihkel/School/ThesisPractical/realsense_ws/install/realsense2_camera/share/realsense2_camera/local_setup.sh
[85.301s] -- Installing: /home/mihkel/School/ThesisPractical/realsense_ws/install/realsense2_camera/share/realsense2_camera/local_setup.zsh
[85.301s] -- Installing: /home/mihkel/School/ThesisPractical/realsense_ws/install/realsense2_camera/share/realsense2_camera/local_setup.dsv
[85.301s] -- Installing: /home/mihkel/School/ThesisPractical/realsense_ws/install/realsense2_camera/share/realsense2_camera/package.dsv
[85.302s] -- Installing: /home/mihkel/School/ThesisPractical/realsense_ws/install/realsense2_camera/share/ament_index/resource_index/packages/realsense2_camera
[85.302s] -- Installing: /home/mihkel/School/ThesisPractical/realsense_ws/install/realsense2_camera/share/ament_index/resource_index/rclcpp_components/realsense2_camera
[85.303s] -- Installing: /home/mihkel/School/ThesisPractical/realsense_ws/install/realsense2_camera/share/realsense2_camera/cmake/ament_cmake_export_include_directories-extras.cmake
[85.303s] -- Installing: /home/mihkel/School/ThesisPractical/realsense_ws/install/realsense2_camera/share/realsense2_camera/cmake/ament_cmake_export_libraries-extras.cmake
[85.304s] -- Installing: /home/mihkel/School/ThesisPractical/realsense_ws/install/realsense2_camera/share/realsense2_camera/cmake/ament_cmake_export_dependencies-extras.cmake
[85.304s] -- Installing: /home/mihkel/School/ThesisPractical/realsense_ws/install/realsense2_camera/share/realsense2_camera/cmake/realsense2_cameraConfig.cmake
[85.305s] -- Installing: /home/mihkel/School/ThesisPractical/realsense_ws/install/realsense2_camera/share/realsense2_camera/cmake/realsense2_cameraConfig-version.cmake
[85.305s] -- Installing: /home/mihkel/School/ThesisPractical/realsense_ws/install/realsense2_camera/share/realsense2_camera/package.xml
[85.310s] Invoked command in '/home/mihkel/School/ThesisPractical/realsense_ws/build/realsense2_camera' returned '0': AMENT_PREFIX_PATH=/home/mihkel/School/ThesisPractical/realsense_ws/install/realsense2_camera_msgs:${AMENT_PREFIX_PATH} CMAKE_PREFIX_PATH=/home/mihkel/School/ThesisPractical/realsense_ws/install/realsense2_camera_msgs:/opt/ros/humble LD_LIBRARY_PATH=/home/mihkel/School/ThesisPractical/realsense_ws/install/realsense2_camera_msgs/lib:${LD_LIBRARY_PATH} PYTHONPATH=/home/mihkel/School/ThesisPractical/realsense_ws/install/realsense2_camera_msgs/local/lib/python3.10/dist-packages:${PYTHONPATH} /usr/bin/cmake --install /home/mihkel/School/ThesisPractical/realsense_ws/build/realsense2_camera
